HLE: ! path: /dev_hdd0/game/
HLE: W No pause.bin found, Auto Pause will not work.
HLE: W No pause.bin found, Auto Pause will not work.
LDR: ! Loading 'd:/emulateurs/rpcs3/dev_hdd0/game/npea00014/USRDIR/BOOT.BIN'...
LDR: !  
LDR: ! Mount info:
LDR: ! dev_usb000/ -> d:/emulateurs/rpcs3/dev_usb000/
LDR: ! dev_flash/ -> d:/emulateurs/rpcs3/dev_flash/
LDR: ! host_root/ -> 
LDR: ! dev_hdd0/ -> d:/emulateurs/rpcs3/dev_hdd0/
LDR: ! dev_hdd1/ -> d:/emulateurs/rpcs3/dev_hdd1/
LDR: ! dev_bdvd/ -> d:/emulateurs/rpcs3/dev_hdd0/game/npea00014/../
LDR: ! dev_usb/ -> d:/emulateurs/rpcs3/dev_usb000/
LDR: !  
LDR: ! Title: SUPER STARDUST™ HD
LDR: ! Serial: NPEA00014
LDR: !  
MEM: ! Initializing memory: base_addr = 0x6973fb0000
MEM: ! Memory initialized.
LDR: ! Imported function 'cellRescGcmSurface2RescSrc' in 'cellResc' module  (HLE)
LDR: ! Imported function 'cellRescSetWaitFlip' in 'cellResc' module  (HLE)
LDR: ! Imported function 'cellRescSetDsts' in 'cellResc' module  (HLE)
LDR: ! Imported function 'cellRescResetFlipStatus' in 'cellResc' module  (HLE)
LDR: ! Imported function 'cellRescSetDisplayMode' in 'cellResc' module  (HLE)
LDR: ! Imported function 'cellRescSetConvertAndFlip' in 'cellResc' module  (HLE)
LDR: ! Imported function 'cellRescExit' in 'cellResc' module  (HLE)
LDR: ! Imported function 'cellRescSetFlipHandler' in 'cellResc' module  (HLE)
LDR: ! Imported function 'cellRescInit' in 'cellResc' module  (HLE)
LDR: ! Imported function 'cellRescGetBufferSize' in 'cellResc' module  (HLE)
LDR: ! Imported function 'cellRescSetSrc' in 'cellResc' module  (HLE)
LDR: ! Imported function 'cellRescSetBufferAddress' in 'cellResc' module  (HLE)
LDR: ! Imported function 'cellRescGetFlipStatus' in 'cellResc' module  (HLE)
LDR: ! Imported function 'cellRescSetVBlankHandler' in 'cellResc' module  (HLE)
LDR: ! Imported function 'cellRescCreateInterlaceTable' in 'cellResc' module  (HLE)
LDR: ! Imported function 'cellSysmoduleUnloadModule' in 'cellSysmodule' module  (HLE)
LDR: ! Imported function 'cellSysmoduleLoadModule' in 'cellSysmodule' module  (HLE)
LDR: ! Imported function 'cellSysmoduleInitialize' in 'cellSysmodule' module  (HLE)
LDR: ! Imported function 'cellSysmoduleFinalize' in 'cellSysmodule' module  (HLE)
LDR: ! Imported function 'cellGcmGetTiledPitchSize' in 'cellGcmSys' module  (HLE)
LDR: ! Imported function 'cellGcmSetUserHandler' in 'cellGcmSys' module  (HLE)
LDR: ! Imported function 'cellGcmGetDisplayInfo' in 'cellGcmSys' module  (HLE)
LDR: ! Imported function '_cellGcmInitBody' in 'cellGcmSys' module  (HLE)
LDR: ! Imported function '_cellGcmSetFlipCommand' in 'cellGcmSys' module  (HLE)
LDR: ! Imported function 'cellGcmAddressToOffset' in 'cellGcmSys' module  (HLE)
LDR: ! Imported function '_cellGcmFunc15' in 'cellGcmSys' module  (HLE)
LDR: ! Imported function 'cellGcmBindTile' in 'cellGcmSys' module  (HLE)
LDR: ! Imported function 'cellGcmSetFlipMode' in 'cellGcmSys' module  (HLE)
LDR: ! Imported function 'cellGcmGetDefaultCommandWordSize' in 'cellGcmSys' module  (HLE)
LDR: ! Imported function 'cellGcmGetFlipStatus' in 'cellGcmSys' module  (HLE)
LDR: ! Imported function 'cellGcmGetDefaultSegmentWordSize' in 'cellGcmSys' module  (HLE)
LDR: ! Imported function 'cellGcmSetDefaultFifoSize' in 'cellGcmSys' module  (HLE)
LDR: ! Imported function 'cellGcmSetFlipHandler' in 'cellGcmSys' module  (HLE)
LDR: ! Imported function 'cellGcmSetDisplayBuffer' in 'cellGcmSys' module  (HLE)
LDR: ! Imported function 'cellGcmGetControlRegister' in 'cellGcmSys' module  (HLE)
LDR: ! Imported function 'cellGcmSetVBlankHandler' in 'cellGcmSys' module  (HLE)
LDR: ! Imported function 'cellGcmResetFlipStatus' in 'cellGcmSys' module  (HLE)
LDR: ! Imported function 'cellGcmSetDefaultCommandBuffer' in 'cellGcmSys' module  (HLE)
LDR: ! Imported function 'cellGcmSetTileInfo' in 'cellGcmSys' module  (HLE)
LDR: ! Imported function 'cellGcmSetGraphicsHandler' in 'cellGcmSys' module  (HLE)
LDR: ! Imported function 'cellGcmSetZcull' in 'cellGcmSys' module  (HLE)
LDR: ! Imported function '_cellGcmSetFlipCommandWithWaitLabel' in 'cellGcmSys' module  (HLE)
LDR: ! Imported function 'cellGcmUnbindTile' in 'cellGcmSys' module  (HLE)
LDR: ! Imported function 'cellGcmGetConfiguration' in 'cellGcmSys' module  (HLE)
LDR: ! Imported function 'cellGcmGetLabelAddress' in 'cellGcmSys' module  (HLE)
LDR: ! Imported function 'cellGcmSetVBlankFrequency' in 'cellGcmSys' module  (HLE)
LDR: ! Imported function 'sys_lwmutex_lock' in 'sysPrxForUser' module  (HLE)
LDR: ! Imported function 'sys_lwmutex_unlock' in 'sysPrxForUser' module  (HLE)
LDR: ! Imported function 'sys_ppu_thread_create' in 'sysPrxForUser' module  (HLE)
LDR: ! Imported function '_sys_process_atexitspawn' in 'sysPrxForUser' module  (HLE)
LDR: ! Imported function 'sys_lwmutex_create' in 'sysPrxForUser' module  (HLE)
LDR: ! Imported function 'sys_ppu_thread_get_id' in 'sysPrxForUser' module  (HLE)
LDR: ! Imported function 'sys_prx_register_library' in 'sysPrxForUser' module  (HLE)
LDR: ! Imported function 'sys_initialize_tls' in 'sysPrxForUser' module  (HLE)
LDR: ! Imported function 'sys_time_get_system_time' in 'sysPrxForUser' module  (HLE)
LDR: ! Imported function '_sys_process_at_Exitspawn' in 'sysPrxForUser' module  (HLE)
LDR: ! Imported function 'sys_prx_exitspawn_with_level' in 'sysPrxForUser' module  (HLE)
LDR: ! Imported function 'sys_ppu_thread_exit' in 'sysPrxForUser' module  (HLE)
LDR: ! Imported function 'sys_lwmutex_destroy' in 'sysPrxForUser' module  (HLE)
LDR: ! Imported function 'sys_spu_image_close' in 'sysPrxForUser' module  (HLE)
LDR: ! Imported function 'sys_process_exit' in 'sysPrxForUser' module  (HLE)
LDR: ! Imported function 'sys_spu_image_import' in 'sysPrxForUser' module  (HLE)
LDR: ! Imported function 'cellFsClose' in 'sys_fs' module  (HLE)
LDR: ! Imported function 'cellFsRead' in 'sys_fs' module  (HLE)
LDR: ! Imported function 'cellFsOpen' in 'sys_fs' module  (HLE)
LDR: ! Imported function 'cellFsStat' in 'sys_fs' module  (HLE)
LDR: ! Imported function 'cellFsLseek' in 'sys_fs' module  (HLE)
LDR: ! Imported function 'cellFsMkdir' in 'sys_fs' module  (HLE)
LDR: ! Imported function 'cellFsWrite' in 'sys_fs' module  (HLE)
LDR: ! Imported function 'cellFsFstat' in 'sys_fs' module  (HLE)
LDR: ! Imported function 'cellPadInit' in 'sys_io' module  (HLE)
LDR: ! Imported function 'cellKbClearBuf' in 'sys_io' module  (HLE)
LDR: ! Imported function 'cellKbInit' in 'sys_io' module  (HLE)
LDR: ! Imported function 'cellPadEnd' in 'sys_io' module  (HLE)
LDR: ! Imported function 'cellPadSetPortSetting' in 'sys_io' module  (HLE)
LDR: ! Imported function 'cellPadGetData' in 'sys_io' module  (HLE)
LDR: ! Imported function 'cellKbSetCodeType' in 'sys_io' module  (HLE)
LDR: ! Imported function 'cellPadGetInfo2' in 'sys_io' module  (HLE)
LDR: ! Imported function 'cellKbEnd' in 'sys_io' module  (HLE)
LDR: ! Imported function 'cellKbSetReadMode' in 'sys_io' module  (HLE)
LDR: ! Imported function 'cellPadSetActDirect' in 'sys_io' module  (HLE)
LDR: ! Imported function 'cellKbRead' in 'sys_io' module  (HLE)
LDR: ! Imported function 'cellSysutilUnregisterCallback' in 'cellSysutil' module  (HLE)
LDR: ! Imported function 'cellVideoOutConfigure' in 'cellSysutil' module  (HLE)
LDR: ! Imported function 'cellSysutilCheckCallback' in 'cellSysutil' module  (HLE)
LDR: ! Imported function 'cellSysutilEnableBgmPlayback' in 'cellSysutil' module  (HLE)
LDR: ! Imported function 'cellMsgDialogOpenErrorCode' in 'cellSysutil' module  (HLE)
LDR: ! Imported function 'cellSysutilGetSystemParamInt' in 'cellSysutil' module  (HLE)
LDR: ! Imported function 'cellAudioOutConfigure' in 'cellSysutil' module  (HLE)
LDR: ! Imported function 'cellVideoOutGetNumberOfDevice' in 'cellSysutil' module  (HLE)
LDR: ! Imported function 'cellVideoOutGetState' in 'cellSysutil' module  (HLE)
LDR: ! Imported function 'cellSaveDataAutoSave2' in 'cellSysutil' module  (HLE)
LDR: ! Imported function 'cellSysutilRegisterCallback' in 'cellSysutil' module  (HLE)
LDR: ! Imported function 'cellSysutilGetBgmPlaybackStatus' in 'cellSysutil' module  (HLE)
LDR: ! Imported function 'cellVideoOutGetResolutionAvailability' in 'cellSysutil' module  (HLE)
LDR: ! Imported function 'cellAudioOutGetSoundAvailability' in 'cellSysutil' module  (HLE)
LDR: ! Imported function 'cellVideoOutGetResolution' in 'cellSysutil' module  (HLE)
LDR: W Unimplemented function 'cellSaveDataDelete2' in 'cellSysutil' module (HLE)
LDR: ! Imported function 'cellSaveDataAutoLoad2' in 'cellSysutil' module  (HLE)
LDR: ! Imported function 'cellGameContentPermit' in 'cellGame' module  (HLE)
LDR: ! Imported function 'cellGameBootCheck' in 'cellGame' module  (HLE)
LDR: ! Imported function 'sceNpTrophyRegisterContext' in 'sceNpTrophy' module  (HLE)
LDR: ! Imported function 'sceNpTrophyCreateHandle' in 'sceNpTrophy' module  (HLE)
LDR: ! Imported function 'sceNpTrophyGetRequiredDiskSpace' in 'sceNpTrophy' module  (HLE)
LDR: ! Imported function 'sceNpTrophyDestroyContext' in 'sceNpTrophy' module  (HLE)
LDR: ! Imported function 'sceNpTrophyInit' in 'sceNpTrophy' module  (HLE)
LDR: ! Imported function 'sceNpTrophyDestroyHandle' in 'sceNpTrophy' module  (HLE)
LDR: ! Imported function 'sceNpTrophyUnlockTrophy' in 'sceNpTrophy' module  (HLE)
LDR: ! Imported function 'sceNpTrophyTerm' in 'sceNpTrophy' module  (HLE)
LDR: ! Imported function 'sceNpTrophyCreateContext' in 'sceNpTrophy' module  (HLE)
LDR: W Unknown module 'cellSysutilAvconfExt'
LDR: ! Imported function 'cellVideoOutGetScreenSize' in 'cellSysutilAvconfExt' module  (HLE)
LDR: ! Imported function 'cellNetCtlNetStartDialogLoadAsync' in 'cellNetCtl' module  (HLE)
LDR: ! Imported function 'cellNetCtlNetStartDialogUnloadAsync' in 'cellNetCtl' module  (HLE)
LDR: ! Imported function 'cellNetCtlTerm' in 'cellNetCtl' module  (HLE)
LDR: ! Imported function 'cellNetCtlGetInfo' in 'cellNetCtl' module  (HLE)
LDR: ! Imported function 'cellNetCtlGetState' in 'cellNetCtl' module  (HLE)
LDR: ! Imported function 'cellNetCtlInit' in 'cellNetCtl' module  (HLE)
LDR: ! Imported function '_cellSpursLFQueueInitialize' in 'cellSpurs' module  (HLE)
LDR: ! Imported function '_cellSpursTasksetAttributeInitialize' in 'cellSpurs' module  (HLE)
LDR: ! Imported function 'cellSpursLFQueueAttachLv2EventQueue' in 'cellSpurs' module  (HLE)
LDR: ! Imported function 'cellSpursEventFlagDetachLv2EventQueue' in 'cellSpurs' module  (HLE)
LDR: ! Imported function 'cellSpursEventFlagWait' in 'cellSpurs' module  (HLE)
LDR: ! Imported function 'cellSpursDetachLv2EventQueue' in 'cellSpurs' module  (HLE)
LDR: ! Imported function '_cellSpursEventFlagInitialize' in 'cellSpurs' module  (HLE)
LDR: ! Imported function 'cellSpursTasksetAttributeSetName' in 'cellSpurs' module  (HLE)
LDR: ! Imported function 'cellSpursLFQueueDetachLv2EventQueue' in 'cellSpurs' module  (HLE)
LDR: ! Imported function 'cellSpursEventFlagAttachLv2EventQueue' in 'cellSpurs' module  (HLE)
LDR: ! Imported function '_cellSpursLFQueuePushBody' in 'cellSpurs' module  (HLE)
LDR: ! Imported function 'cellSpursTasksetAttributeSetTasksetSize' in 'cellSpurs' module  (HLE)
LDR: ! Imported function 'cellSpursJoinTaskset' in 'cellSpurs' module  (HLE)
LDR: ! Imported function 'cellSpursShutdownTaskset' in 'cellSpurs' module  (HLE)
LDR: ! Imported function 'cellSpursInitialize' in 'cellSpurs' module  (HLE)
LDR: ! Imported function 'cellSpursAttachLv2EventQueue' in 'cellSpurs' module  (HLE)
LDR: ! Imported function 'cellSpursCreateTask' in 'cellSpurs' module  (HLE)
LDR: ! Imported function 'cellSpursCreateTasksetWithAttribute' in 'cellSpurs' module  (HLE)
LDR: ! Imported function 'cellSpursFinalize' in 'cellSpurs' module  (HLE)
LDR: ! Imported function 'cellAudioInit' in 'cellAudio' module  (HLE)
LDR: ! Imported function 'cellAudioPortClose' in 'cellAudio' module  (HLE)
LDR: ! Imported function 'cellAudioPortStop' in 'cellAudio' module  (HLE)
LDR: ! Imported function 'cellAudioGetPortConfig' in 'cellAudio' module  (HLE)
LDR: ! Imported function 'cellAudioPortStart' in 'cellAudio' module  (HLE)
LDR: ! Imported function 'cellAudioQuit' in 'cellAudio' module  (HLE)
LDR: ! Imported function 'cellAudioPortOpen' in 'cellAudio' module  (HLE)
LDR: ! Imported function 'sys_net_initialize_network_ex' in 'sys_net' module  (HLE)
LDR: ! Imported function 'listen' in 'sys_net' module  (HLE)
LDR: W Unimplemented function 'socketselect' in 'sys_net' module (HLE)
LDR: ! Imported function '_sys_net_errno_loc' in 'sys_net' module  (HLE)
LDR: ! Imported function 'connect' in 'sys_net' module  (HLE)
LDR: ! Imported function 'socketclose' in 'sys_net' module  (HLE)
LDR: ! Imported function 'setsockopt' in 'sys_net' module  (HLE)
LDR: ! Imported function 'socket' in 'sys_net' module  (HLE)
LDR: ! Imported function 'bind' in 'sys_net' module  (HLE)
LDR: ! Imported function 'sys_net_finalize_network' in 'sys_net' module  (HLE)
LDR: ! Imported function 'accept' in 'sys_net' module  (HLE)
LDR: ! Imported function 'inet_addr' in 'sys_net' module  (HLE)
LDR: ! Imported function 'send' in 'sys_net' module  (HLE)
LDR: ! Imported function 'recv' in 'sys_net' module  (HLE)
LDR: W Unknown module 'cellHttp'
LDR: ! Imported function 'cellHttpCreateTransaction' in 'cellHttp' module  (HLE)
LDR: ! Imported function 'cellHttpResponseGetStatusCode' in 'cellHttp' module  (HLE)
LDR: ! Imported function 'cellHttpInit' in 'cellHttp' module  (HLE)
LDR: ! Imported function 'cellHttpDestroyTransaction' in 'cellHttp' module  (HLE)
LDR: ! Imported function 'cellHttpResponseGetContentLength' in 'cellHttp' module  (HLE)
LDR: ! Imported function 'cellHttpCreateClient' in 'cellHttp' module  (HLE)
LDR: ! Imported function 'cellHttpRecvResponse' in 'cellHttp' module  (HLE)
LDR: ! Imported function 'cellHttpDestroyClient' in 'cellHttp' module  (HLE)
LDR: ! Imported function 'cellHttpSendRequest' in 'cellHttp' module  (HLE)
LDR: ! Imported function 'cellHttpEnd' in 'cellHttp' module  (HLE)
LDR: W Unimplemented function 'cellHttpUtilParseUri' in 'cellHttpUtil' module (HLE)
LDR: ! Imported function 'cellRtcSetTick' in 'cellRtc' module  (HLE)
LDR: ! Imported function 'cellRtcGetTime_t' in 'cellRtc' module  (HLE)
LDR: ! Imported function 'sceNpBasicGetFriendListEntry' in 'sceNp' module  (HLE)
LDR: ! Imported function 'sceNpScoreGetRankingByNpId' in 'sceNp' module  (HLE)
LDR: ! Imported function 'sceNpScoreRecordScore' in 'sceNp' module  (HLE)
LDR: ! Imported function 'sceNpScoreDestroyTitleCtx' in 'sceNp' module  (HLE)
LDR: ! Imported function 'sceNpScoreInit' in 'sceNp' module  (HLE)
LDR: ! Imported function 'sceNpTerm' in 'sceNp' module  (HLE)
LDR: ! Imported function 'sceNpManagerUnregisterCallback' in 'sceNp' module  (HLE)
LDR: ! Imported function 'sceNpManagerGetContentRatingFlag' in 'sceNp' module  (HLE)
LDR: ! Imported function 'sceNpScoreCreateTransactionCtx' in 'sceNp' module  (HLE)
LDR: ! Imported function 'sceNpManagerRequestTicket2' in 'sceNp' module  (HLE)
LDR: ! Imported function 'sceNpScoreTerm' in 'sceNp' module  (HLE)
LDR: ! Imported function 'sceNpManagerGetEntitlementById' in 'sceNp' module  (HLE)
LDR: ! Imported function 'sceNpManagerGetStatus' in 'sceNp' module  (HLE)
LDR: ! Imported function 'sceNpBasicUnregisterHandler' in 'sceNp' module  (HLE)
LDR: ! Imported function 'sceNpDrmIsAvailable' in 'sceNp' module  (HLE)
LDR: ! Imported function 'sceNpBasicGetFriendListEntryCount' in 'sceNp' module  (HLE)
LDR: ! Imported function 'sceNpManagerGetAccountRegion' in 'sceNp' module  (HLE)
LDR: ! Imported function 'sceNpManagerGetEntitlementIdList' in 'sceNp' module  (HLE)
LDR: ! Imported function 'sceNpScoreCreateTitleCtx' in 'sceNp' module  (HLE)
LDR: ! Imported function 'sceNpInit' in 'sceNp' module  (HLE)
LDR: ! Imported function 'sceNpManagerGetOnlineId' in 'sceNp' module  (HLE)
LDR: ! Imported function 'sceNpScoreDestroyTransactionCtx' in 'sceNp' module  (HLE)
LDR: ! Imported function 'sceNpManagerRegisterCallback' in 'sceNp' module  (HLE)
LDR: ! Imported function 'sceNpScoreAbortTransaction' in 'sceNp' module  (HLE)
LDR: ! Imported function 'sceNpScoreGetRankingByRange' in 'sceNp' module  (HLE)
LDR: ! Imported function 'sceNpManagerGetNpId' in 'sceNp' module  (HLE)
LDR: W Unknown module 'sceNpCommerce2'
LDR: ! Imported function 'sceNpCommerce2Init' in 'sceNpCommerce2' module  (HLE)
LDR: ! Imported function 'sceNpCommerce2Term' in 'sceNpCommerce2' module  (HLE)
LDR: ! Imported function 'sceNpCommerce2ExecuteStoreBrowse' in 'sceNpCommerce2' module  (HLE)
HLE: W {PPU[1] Thread (main_thread)[0x00799034]} sys_lwmutex warning: sys_lwmutex_create(lwmutex_addr=0x8d3508, attr_addr=0x699f88)
HLE: ! {PPU[1] Thread (main_thread)[0x00799034]} sys_lwmutex : *** lwmutex created [_lc_mtx] (attribute=0x12): sq_id = 3
HLE: W {PPU[1] Thread (main_thread)[0x004a2da4]} sys_memory warning: sys_memory_get_user_memory_size(mem_info_addr=0xd000fc04)
HLE: W {PPU[1] Thread (main_thread)[0x00799034]} sys_lwmutex warning: sys_lwmutex_create(lwmutex_addr=0x8d3308, attr_addr=0x699f88)
HLE: ! {PPU[1] Thread (main_thread)[0x00799034]} sys_lwmutex : *** lwmutex created [_lc_mtx] (attribute=0x12): sq_id = 4
HLE: W {PPU[1] Thread (main_thread)[0x00799034]} sys_lwmutex warning: sys_lwmutex_create(lwmutex_addr=0x8d2a90, attr_addr=0x699f88)
HLE: ! {PPU[1] Thread (main_thread)[0x00799034]} sys_lwmutex : *** lwmutex created [_lc_mtx] (attribute=0x12): sq_id = 5
HLE: W {PPU[1] Thread (main_thread)[0x00799034]} sys_lwmutex warning: sys_lwmutex_create(lwmutex_addr=0x8d2ab8, attr_addr=0x699f88)
HLE: ! {PPU[1] Thread (main_thread)[0x00799034]} sys_lwmutex : *** lwmutex created [_lc_mtx] (attribute=0x12): sq_id = 6
HLE: W {PPU[1] Thread (main_thread)[0x00799034]} sys_lwmutex warning: sys_lwmutex_create(lwmutex_addr=0x8d2ae0, attr_addr=0x699f88)
HLE: ! {PPU[1] Thread (main_thread)[0x00799034]} sys_lwmutex : *** lwmutex created [_lc_mtx] (attribute=0x12): sq_id = 7
HLE: W {PPU[1] Thread (main_thread)[0x00799034]} sys_lwmutex warning: sys_lwmutex_create(lwmutex_addr=0x8d29c8, attr_addr=0x699f88)
HLE: ! {PPU[1] Thread (main_thread)[0x00799034]} sys_lwmutex : *** lwmutex created [_lc_mtx] (attribute=0x12): sq_id = 8
HLE: W {PPU[1] Thread (main_thread)[0x00799034]} sys_lwmutex warning: sys_lwmutex_create(lwmutex_addr=0x8d29f0, attr_addr=0x699f88)
HLE: ! {PPU[1] Thread (main_thread)[0x00799034]} sys_lwmutex : *** lwmutex created [_lc_mtx] (attribute=0x12): sq_id = 9
HLE: W {PPU[1] Thread (main_thread)[0x00799034]} sys_lwmutex warning: sys_lwmutex_create(lwmutex_addr=0x8d2a18, attr_addr=0x699f88)
HLE: ! {PPU[1] Thread (main_thread)[0x00799034]} sys_lwmutex : *** lwmutex created [_lc_mtx] (attribute=0x12): sq_id = 10
HLE: W {PPU[1] Thread (main_thread)[0x00799034]} sys_lwmutex warning: sys_lwmutex_create(lwmutex_addr=0x8d2a40, attr_addr=0x699f88)
HLE: ! {PPU[1] Thread (main_thread)[0x00799034]} sys_lwmutex : *** lwmutex created [_lc_mtx] (attribute=0x12): sq_id = 11
HLE: W {PPU[1] Thread (main_thread)[0x00799034]} sys_lwmutex warning: sys_lwmutex_create(lwmutex_addr=0x8d2a68, attr_addr=0x699f88)
HLE: ! {PPU[1] Thread (main_thread)[0x00799034]} sys_lwmutex : *** lwmutex created [_lc_mtx] (attribute=0x12): sq_id = 12
TTY: Engine started
HLE: W {PPU[1] Thread (main_thread)[0x002c9ba4]} sys_spu warning: sys_spu_initialize(max_usable_spu=6, max_raw_spu=0)
HLE: W {PPU[1] Thread (main_thread)[0x00795010]} cellSysmodule warning: cellSysmoduleLoadModule(CELL_SYSMODULE_FS)
HLE: W {PPU[1] Thread (main_thread)[0x00795010]} cellSysmodule warning: cellSysmoduleLoadModule(CELL_SYSMODULE_RTC)
HLE: W {PPU[1] Thread (main_thread)[0x00795010]} cellSysmodule warning: cellSysmoduleLoadModule(CELL_SYSMODULE_NET)
HLE: W {PPU[1] Thread (main_thread)[0x00795010]} cellSysmodule warning: cellSysmoduleLoadModule(CELL_SYSMODULE_NETCTL)
HLE: W {PPU[1] Thread (main_thread)[0x00795010]} cellSysmodule warning: cellSysmoduleLoadModule(CELL_SYSMODULE_HTTP)
HLE: W {PPU[1] Thread (main_thread)[0x00795010]} cellSysmodule warning: cellSysmoduleLoadModule(CELL_SYSMODULE_ATRAC3PLUS)
HLE: W {PPU[1] Thread (main_thread)[0x00795010]} cellSysmodule warning: cellSysmoduleLoadModule(CELL_SYSMODULE_LV2DBG)
HLE: W {PPU[1] Thread (main_thread)[0x00795010]} cellSysmodule warning: cellSysmoduleLoadModule(CELL_SYSMODULE_SYSUTIL_MUSIC)
HLE: W {PPU[1] Thread (main_thread)[0x00795010]} cellSysmodule warning: cellSysmoduleLoadModule(CELL_SYSMODULE_SYSUTIL_GAME)
HLE: W {PPU[1] Thread (main_thread)[0x00795010]} cellSysmodule warning: cellSysmoduleLoadModule(CELL_SYSMODULE_AVCONF_EXT)
HLE: W {PPU[1] Thread (main_thread)[0x00795010]} cellSysmodule warning: cellSysmoduleLoadModule(CELL_SYSMODULE_RESC)
HLE: W {PPU[1] Thread (main_thread)[0x00795010]} cellSysmodule warning: cellSysmoduleLoadModule(CELL_SYSMODULE_SYSUTIL_USERINFO)
HLE: W {PPU[1] Thread (main_thread)[0x00795010]} cellSysmodule warning: cellSysmoduleLoadModule(CELL_SYSMODULE_SYSUTIL_NP_TROPHY)
HLE: W {PPU[1] Thread (main_thread)[0x00795010]} cellSysmodule warning: cellSysmoduleLoadModule(CELL_SYSMODULE_SYSUTIL_NP2)
HLE: W {PPU[1] Thread (main_thread)[0x00795010]} cellSysmodule warning: cellSysmoduleLoadModule(CELL_SYSMODULE_SYSUTIL_NP_TUS)
HLE: W {PPU[1] Thread (main_thread)[0x00795010]} cellSysmodule warning: cellSysmoduleLoadModule(CELL_SYSMODULE_PAMF)
HLE: W {PPU[1] Thread (main_thread)[0x00795010]} cellSysmodule warning: cellSysmoduleLoadModule(CELL_SYSMODULE_SAIL)
HLE: W {PPU[1] Thread (main_thread)[0x00795010]} cellSysmodule warning: cellSysmoduleLoadModule(CELL_SYSMODULE_SYSUTIL_NP_COMMERCE2)
TTY: UDP LOG: =================================
TTY: UDP LOG: Modules loaded
TTY: Initialize SPURS
TTY: 
HLE: W {PPU[1] Thread (main_thread)[0x009000ac]} cellSpurs warning: cellSpursInitialize(spurs_addr=0x30109600, nSpus=5, spuPriority=250, ppuPriority=1000, exitIfNoWork=0)
HLE: ! {PPU[1] Thread (main_thread)[0x009000ac]} sys_semaphore : *** semaphore created [_spuWkl] (protocol=0x2): id = 13
HLE: ! {PPU[1] Thread (main_thread)[0x009000ac]} sys_semaphore : *** semaphore created [_spuWkl] (protocol=0x2): id = 14
HLE: ! {PPU[1] Thread (main_thread)[0x009000ac]} sys_semaphore : *** semaphore created [_spuWkl] (protocol=0x2): id = 15
HLE: ! {PPU[1] Thread (main_thread)[0x009000ac]} sys_semaphore : *** semaphore created [_spuWkl] (protocol=0x2): id = 16
HLE: ! {PPU[1] Thread (main_thread)[0x009000ac]} sys_semaphore : *** semaphore created [_spuWkl] (protocol=0x2): id = 17
HLE: ! {PPU[1] Thread (main_thread)[0x009000ac]} sys_semaphore : *** semaphore created [_spuWkl] (protocol=0x2): id = 18
HLE: ! {PPU[1] Thread (main_thread)[0x009000ac]} sys_semaphore : *** semaphore created [_spuWkl] (protocol=0x2): id = 19
HLE: ! {PPU[1] Thread (main_thread)[0x009000ac]} sys_semaphore : *** semaphore created [_spuWkl] (protocol=0x2): id = 20
HLE: ! {PPU[1] Thread (main_thread)[0x009000ac]} sys_semaphore : *** semaphore created [_spuWkl] (protocol=0x2): id = 21
HLE: ! {PPU[1] Thread (main_thread)[0x009000ac]} sys_semaphore : *** semaphore created [_spuWkl] (protocol=0x2): id = 22
HLE: ! {PPU[1] Thread (main_thread)[0x009000ac]} sys_semaphore : *** semaphore created [_spuWkl] (protocol=0x2): id = 23
HLE: ! {PPU[1] Thread (main_thread)[0x009000ac]} sys_semaphore : *** semaphore created [_spuWkl] (protocol=0x2): id = 24
HLE: ! {PPU[1] Thread (main_thread)[0x009000ac]} sys_semaphore : *** semaphore created [_spuWkl] (protocol=0x2): id = 25
HLE: ! {PPU[1] Thread (main_thread)[0x009000ac]} sys_semaphore : *** semaphore created [_spuWkl] (protocol=0x2): id = 26
HLE: ! {PPU[1] Thread (main_thread)[0x009000ac]} sys_semaphore : *** semaphore created [_spuWkl] (protocol=0x2): id = 27
HLE: ! {PPU[1] Thread (main_thread)[0x009000ac]} sys_semaphore : *** semaphore created [_spuWkl] (protocol=0x2): id = 28
HLE: ! {PPU[1] Thread (main_thread)[0x009000ac]} sys_semaphore : *** semaphore created [_spuPrv] (protocol=0x2): id = 29
HLE: ! {PPU[1] Thread (main_thread)[0x009000ac]} sys_spu : *** SPU Thread Group created [CellSpursKernelGroup] (num=5, prio=250, type=0x0, container=0): id=30
HLE: E {PPU[1] Thread (main_thread)[0x009000ac]} sys_spu TODO: Unsupported SPU Thread options (0x2)
HLE: W {PPU[1] Thread (main_thread)[0x009000ac]} sys_spu warning: *** New SPU Thread [CellSpursKernel0] (ep=0x0, opt=0x2, a1=0x0, a2=0x0, a3=0x0, a4=0x0): id=31, spu_offset=0x30050000
HLE: E {PPU[1] Thread (main_thread)[0x009000ac]} sys_spu TODO: Unsupported SPU Thread options (0x2)
HLE: W {PPU[1] Thread (main_thread)[0x009000ac]} sys_spu warning: *** New SPU Thread [CellSpursKernel1] (ep=0x0, opt=0x2, a1=0x0, a2=0x0, a3=0x0, a4=0x0): id=32, spu_offset=0x30090000
HLE: E {PPU[1] Thread (main_thread)[0x009000ac]} sys_spu TODO: Unsupported SPU Thread options (0x2)
HLE: W {PPU[1] Thread (main_thread)[0x009000ac]} sys_spu warning: *** New SPU Thread [CellSpursKernel2] (ep=0x0, opt=0x2, a1=0x0, a2=0x0, a3=0x0, a4=0x0): id=33, spu_offset=0x30200000
HLE: E {PPU[1] Thread (main_thread)[0x009000ac]} sys_spu TODO: Unsupported SPU Thread options (0x2)
HLE: W {PPU[1] Thread (main_thread)[0x009000ac]} sys_spu warning: *** New SPU Thread [CellSpursKernel3] (ep=0x0, opt=0x2, a1=0x0, a2=0x0, a3=0x0, a4=0x0): id=34, spu_offset=0x30240000
HLE: E {PPU[1] Thread (main_thread)[0x009000ac]} sys_spu TODO: Unsupported SPU Thread options (0x2)
HLE: W {PPU[1] Thread (main_thread)[0x009000ac]} sys_spu warning: *** New SPU Thread [CellSpursKernel4] (ep=0x0, opt=0x2, a1=0x0, a2=0x0, a3=0x0, a4=0x0): id=35, spu_offset=0x30280000
HLE: ! {PPU[1] Thread (main_thread)[0x009000ac]} sys_lwmutex : *** lwmutex created [_spuPrv] (attribute=0x22): sq_id = 36
HLE: W {PPU[1] Thread (main_thread)[0x009000ac]} sys_lwcond warning: *** lwcond created [_spuPrv] (lwmutex_addr=0x3010a3b0): id = 37
HLE: W {PPU[1] Thread (main_thread)[0x009000ac]} sys_event warning: *** event_queue created [_spuPrv] (protocol=0x1, type=0x1, key=0x0, size=0x2a): id = 38
HLE: W {PPU[1] Thread (main_thread)[0x009000ac]} sys_spu warning: sys_spu_thread_group_connect_event_all_threads(id=30, eq_id=38, req=0xffffffffffff0000, spup_addr=0x301096c9)
HLE: W {PPU[1] Thread (main_thread)[0x009000ac]} sys_spu warning: *** spup -> 16
HLE: W {PPU[1] Thread (main_thread)[0x009000ac]} sys_event warning: *** sys_event_port created: id = 39
HLE: W {PPU[1] Thread (main_thread)[0x009000ac]} sys_event warning: sys_event_port_connect_local(eport_id=39, equeue_id=38)
HLE: ! {PPU[1] Thread (main_thread)[0x009000ac]} sys_ppu_thread : *** New PPU Thread [SpursHdlr0] (joinable, entry=0x0): id = 40
HLE: W {PPU[40] Thread (SpursHdlr0)[0x00000000]} sys_spu warning: sys_spu_thread_group_start(id=30)
HLE: ! {PPU[1] Thread (main_thread)[0x009000ac]} sys_ppu_thread : *** New PPU Thread [SpursHdlr1] (joinable, entry=0x0): id = 41
HLE: E {PPU[1] Thread (main_thread)[0x009000ac]} sys_spu TODO: sys_spu_thread_group_connect_event(id=30, eq=38, et=0x2)
HLE: W {PPU[1] Thread (main_thread)[0x002cbbd0]} sys_event warning: sys_event_queue_create(equeue_id_addr=0x8093f4, attr_addr=0xd000f8e4, event_queue_key=0x0, size=8)
HLE: W {PPU[1] Thread (main_thread)[0x002cbbd0]} sys_event warning: *** event_queue created [] (protocol=0x2, type=0x1, key=0x0, size=0x8): id = 42
HLE: ! {PPU[1] Thread (main_thread)[0x0079901c]} sys_ppu_thread : *** New PPU Thread [spu_printf_handler] (joinable, entry=0x7cc4d0): id = 43
HLE: W {PPU[1] Thread (main_thread)[0x002cbc68]} sys_event warning: sys_event_port_create(eport_id_addr=0x809400, port_type=0x1, name=0xfee1dead)
HLE: W {PPU[1] Thread (main_thread)[0x002cbc68]} sys_event warning: *** sys_event_port created: id = 44
HLE: W {PPU[1] Thread (main_thread)[0x002cbc80]} sys_event warning: sys_event_port_connect_local(eport_id=44, equeue_id=42)
HLE: W {PPU[1] Thread (main_thread)[0x009000b8]} cellSpurs warning: cellSpursAttachLv2EventQueue(spurs_addr=0x30109600, queue=42, port_addr=0xd000f8e0, isDynamic=0)
HLE: W {PPU[1] Thread (main_thread)[0x009000b8]} sys_spu warning: sys_spu_thread_group_connect_event_all_threads(id=30, eq_id=42, req=0x2, spup_addr=0xd000f8e0)
HLE: W {PPU[1] Thread (main_thread)[0x009000b8]} sys_spu warning: *** spup -> 1
HLE: W {PPU[40] Thread (SpursHdlr0)[0x00000000]} sys_spu warning: sys_spu_thread_group_join(id=30, cause_addr=0x0, status_addr=0x0)
TTY: UDP LOG: SPURS initialized
HLE: W {PPU[1] Thread (main_thread)[0x0079f07c]} cellSysutil warning: cellSysutilRegisterCallback(slot=0, func_addr=0x7cc300, userdata=0x0)
HLE: W {PPU[1] Thread (main_thread)[0x00799034]} sys_lwmutex warning: sys_lwmutex_create(lwmutex_addr=0x3010a628, attr_addr=0xd000f870)
HLE: ! {PPU[1] Thread (main_thread)[0x00799034]} sys_lwmutex : *** lwmutex created [] (attribute=0x12): sq_id = 45
HLE: W {PPU[1] Thread (main_thread)[0x0079d01c]} sys_io warning: cellKbInit(max_connect=7)
HLE: W {PPU[1] Thread (main_thread)[0x0079d004]} sys_io warning: cellPadInit(max_connect=7)
HLE: W {PPU[1] Thread (main_thread)[0x0079f058]} cellSysutil warning: cellVideoOutGetNumberOfDevice(videoOut=0)
HLE: W {PPU[1] Thread (main_thread)[0x0079f094]} cellSysutil warning: cellVideoOutGetResolutionAvailability(videoOut=0, resolutionId=0x1, option_addr=0x0, aspect=0x0, option=0x7921e180)
HLE: W {PPU[1] Thread (main_thread)[0x0079f094]} cellSysutil warning: cellVideoOutGetResolutionAvailability(videoOut=0, resolutionId=0x81, option_addr=0x0, aspect=0x0, option=0x7921e5c0)
HLE: W {PPU[1] Thread (main_thread)[0x0079f094]} cellSysutil warning: cellVideoOutGetResolutionAvailability(videoOut=0, resolutionId=0x91, option_addr=0x0, aspect=0x0, option=0x7921e6d0)
HLE: W {PPU[1] Thread (main_thread)[0x008fc004]} cellAvconfExt warning: cellVideoOutGetScreenSize(videoOut=0, screenSize_addr=0xd000fa50)
HLE: W {PPU[1] Thread (main_thread)[0x0079f010]} cellSysutil warning: cellVideoOutConfigure(videoOut=0, config_addr=0xd000fab0, option_addr=0x0, waitForEvent=0x0)
SPU: E {SPU[31] Thread (CellSpursKernel0)[0x00000a00]} SPURecompilerCore::Compile(ls_addr=0xa00): branch to 0x0 opcode
SPU: E {SPU[35] Thread (CellSpursKernel4)[0x00000a00]} SPURecompilerCore::Compile(ls_addr=0xa00): branch to 0x0 opcode
SPU: E {SPU[33] Thread (CellSpursKernel2)[0x00000a00]} SPURecompilerCore::Compile(ls_addr=0xa00): branch to 0x0 opcode
SPU: E {SPU[34] Thread (CellSpursKernel3)[0x00000a00]} SPURecompilerCore::Compile(ls_addr=0xa00): branch to 0x0 opcode
SPU: E {SPU[32] Thread (CellSpursKernel1)[0x00000a00]} SPURecompilerCore::Compile(ls_addr=0xa00): branch to 0x0 opcode
HLE: W {PPU[1] Thread (main_thread)[0x00797028]} cellGcmSys warning: _cellGcmInitBody(context_addr=0x8d2898, cmdSize=0x10000, ioSize=0x2e00000, ioAddress=0x30400000)
HLE: W {PPU[1] Thread (main_thread)[0x00797028]} cellGcmSys warning: *** local memory(addr=0xc0000000, size=0xf900000)
HLE: W {PPU[1] Thread (main_thread)[0x00797028]} cellGcmSys warning: cellGcmInit(): 256MB io address space used
HLE: W {PPU[1] Thread (main_thread)[0x00797028]} cellGcmSys warning: cellGcmMapEaIoAddress(ea=0x30400000, io=0x0, size=0x2e00000)
RSX: ! {RSXThread} RSX thread started
HLE: W {PPU[1] Thread (main_thread)[0x007970e8]} cellGcmSys warning: cellGcmSetTileInfo(index=0, location=0, offset=0, size=17825792, pitch=8192, comp=0, base=0, bank=0)
HLE: W {PPU[1] Thread (main_thread)[0x00797058]} cellGcmSys warning: cellGcmBindTile(index=0)
HLE: W {PPU[1] Thread (main_thread)[0x007970e8]} cellGcmSys warning: cellGcmSetTileInfo(index=1, location=0, offset=17825792, size=8912896, pitch=8192, comp=9, base=274, bank=2)
HLE: E {PPU[1] Thread (main_thread)[0x007970e8]} cellGcmSys error: cellGcmSetTileInfo: bad compression mode! (9)
HLE: W {PPU[1] Thread (main_thread)[0x00797058]} cellGcmSys warning: cellGcmBindTile(index=1)
HLE: E {PPU[1] Thread (main_thread)[0x00797100]} cellGcmSys TODO: cellGcmSetZcull(index=0, offset=0x1100000, width=1920, height=1088, cullStart=0x0, zFormat=0x2, aaFormat=0x0, zCullDir=0x0, zCullFormat=0x1, sFunc=0x1, sRef=0x80, sMask=0xff)
HLE: W {PPU[1] Thread (main_thread)[0x007970e8]} cellGcmSys warning: cellGcmSetTileInfo(index=2, location=0, offset=26738688, size=0, pitch=0, comp=0, base=274, bank=0)
HLE: W {PPU[1] Thread (main_thread)[0x00797058]} cellGcmSys warning: cellGcmBindTile(index=2)
HLE: W {PPU[1] Thread (main_thread)[0x007970e8]} cellGcmSys warning: cellGcmSetTileInfo(index=3, location=0, offset=26738688, size=0, pitch=0, comp=9, base=276, bank=2)
HLE: E {PPU[1] Thread (main_thread)[0x007970e8]} cellGcmSys error: cellGcmSetTileInfo: bad compression mode! (9)
HLE: W {PPU[1] Thread (main_thread)[0x00797058]} cellGcmSys warning: cellGcmBindTile(index=3)
HLE: E {PPU[1] Thread (main_thread)[0x00797100]} cellGcmSys TODO: cellGcmSetZcull(index=1, offset=0x1980000, width=0, height=0, cullStart=0x0, zFormat=0x2, aaFormat=0x0, zCullDir=0x0, zCullFormat=0x1, sFunc=0x1, sRef=0x80, sMask=0xff)
HLE: W {PPU[1] Thread (main_thread)[0x007970e8]} cellGcmSys warning: cellGcmSetTileInfo(index=4, location=0, offset=26738688, size=8912896, pitch=8192, comp=0, base=413, bank=0)
HLE: W {PPU[1] Thread (main_thread)[0x00797058]} cellGcmSys warning: cellGcmBindTile(index=4)
HLE: W {PPU[1] Thread (main_thread)[0x007970e8]} cellGcmSys warning: cellGcmSetTileInfo(index=5, location=0, offset=35651584, size=8912896, pitch=8192, comp=9, base=550, bank=2)
HLE: E {PPU[1] Thread (main_thread)[0x007970e8]} cellGcmSys error: cellGcmSetTileInfo: bad compression mode! (9)
HLE: W {PPU[1] Thread (main_thread)[0x00797058]} cellGcmSys warning: cellGcmBindTile(index=5)
HLE: E {PPU[1] Thread (main_thread)[0x00797100]} cellGcmSys TODO: cellGcmSetZcull(index=2, offset=0x2200000, width=1920, height=1088, cullStart=0x0, zFormat=0x2, aaFormat=0x0, zCullDir=0x0, zCullFormat=0x1, sFunc=0x1, sRef=0x80, sMask=0xff)
HLE: W {PPU[1] Thread (main_thread)[0x00797064]} cellGcmSys warning: cellGcmSetFlipMode(mode=2)
HLE: W {PPU[1] Thread (main_thread)[0x00797010]} cellGcmSys warning: cellGcmSetUserHandler(handler_addr=0x7ce9d8)
HLE: W {PPU[1] Thread (main_thread)[0x007970c4]} cellGcmSys warning: cellGcmSetVBlankHandler(handler_addr=0x7ce9d0)
HLE: W {PPU[1] Thread (main_thread)[0x007970a0]} cellGcmSys warning: cellGcmSetFlipHandler(handler_addr=8186008)
HLE: E {PPU[1] Thread (main_thread)[0x0079713c]} cellGcmSys TODO: cellGcmSetVBlankFrequency
HLE: W {PPU[1] Thread (main_thread)[0x008f8010]} cellGame warning: cellGameBootCheck(type_addr=0xd000f980, attributes_addr=0xd000f984, size_addr=0xd000f988, dirName_addr=0x8090e8)
TTY: === STARTING HDD GAME INIT ===cellGameBootCheck, ret: 0 (0x0)
TTY:   Boot type: 2 (0x2)
TTY:   Attributes: 0 (0x0)
TTY:   Game dir name: NPEA00014
HLE: W {PPU[1] Thread (main_thread)[0x008f8004]} cellGame warning: cellGameContentPermit(contentInfoPath_addr=0x8091e8, usrdirPath_addr=0x8092e8)
TTY: cellGameContentPermit, ret: 0 (0x0)
TTY:   Content dir name: /dev_hdd0/game/NPEA00014
TTY:   Usrdir dir name: /dev_hdd0/game/NPEA00014/USRDIR
TTY:   Final used game data path: /dev_hdd0/game/NPEA00014/USRDIR
HLE: W {PPU[1] Thread (main_thread)[0x00799034]} sys_lwmutex warning: sys_lwmutex_create(lwmutex_addr=0x301ffee8, attr_addr=0xd000f490)
HLE: ! {PPU[1] Thread (main_thread)[0x00799034]} sys_lwmutex : *** lwmutex created [] (attribute=0x12): sq_id = 46
HLE: W {PPU[1] Thread (main_thread)[0x003aa8b8]} sys_semaphore warning: sys_semaphore_create(sem_addr=0x301fff28, attr_addr=0xd000f518, initial_count=0, max_count=65535)
HLE: ! {PPU[1] Thread (main_thread)[0x003aa8b8]} sys_semaphore : *** semaphore created [] (protocol=0x2): id = 47
HLE: W {PPU[1] Thread (main_thread)[0x003aa8b8]} sys_semaphore warning: sys_semaphore_create(sem_addr=0x301fff38, attr_addr=0xd000f518, initial_count=0, max_count=65535)
HLE: ! {PPU[1] Thread (main_thread)[0x003aa8b8]} sys_semaphore : *** semaphore created [] (protocol=0x2): id = 48
HLE: W {PPU[1] Thread (main_thread)[0x003aa8b8]} sys_semaphore warning: sys_semaphore_create(sem_addr=0x301fff48, attr_addr=0xd000f518, initial_count=0, max_count=65535)
HLE: ! {PPU[1] Thread (main_thread)[0x003aa8b8]} sys_semaphore : *** semaphore created [] (protocol=0x2): id = 49
HLE: W {PPU[1] Thread (main_thread)[0x003aa8b8]} sys_semaphore warning: sys_semaphore_create(sem_addr=0x301fff58, attr_addr=0xd000f518, initial_count=0, max_count=65535)
HLE: ! {PPU[1] Thread (main_thread)[0x003aa8b8]} sys_semaphore : *** semaphore created [] (protocol=0x2): id = 50
HLE: W {PPU[1] Thread (main_thread)[0x003aa8b8]} sys_semaphore warning: sys_semaphore_create(sem_addr=0x301fff68, attr_addr=0xd000f518, initial_count=0, max_count=65535)
HLE: ! {PPU[1] Thread (main_thread)[0x003aa8b8]} sys_semaphore : *** semaphore created [] (protocol=0x2): id = 51
HLE: W {PPU[1] Thread (main_thread)[0x003aa8b8]} sys_semaphore warning: sys_semaphore_create(sem_addr=0x301fff78, attr_addr=0xd000f518, initial_count=0, max_count=65535)
HLE: ! {PPU[1] Thread (main_thread)[0x003aa8b8]} sys_semaphore : *** semaphore created [] (protocol=0x2): id = 52
HLE: W {PPU[1] Thread (main_thread)[0x00799034]} sys_lwmutex warning: sys_lwmutex_create(lwmutex_addr=0x301fff88, attr_addr=0xd000f530)
HLE: ! {PPU[1] Thread (main_thread)[0x00799034]} sys_lwmutex : *** lwmutex created [] (attribute=0x12): sq_id = 53
HLE: ! {PPU[1] Thread (main_thread)[0x0079901c]} sys_ppu_thread : *** New PPU Thread [Task_Bagger_Impl::Worker thread] (joinable, entry=0x7d6390): id = 54
HLE: W {PPU[1] Thread (main_thread)[0x00799034]} sys_lwmutex warning: sys_lwmutex_create(lwmutex_addr=0x303535a8, attr_addr=0xd000f210)
HLE: ! {PPU[1] Thread (main_thread)[0x00799034]} sys_lwmutex : *** lwmutex created [] (attribute=0x12): sq_id = 55
HLE: W {PPU[1] Thread (main_thread)[0x003aa8b8]} sys_semaphore warning: sys_semaphore_create(sem_addr=0x303589f8, attr_addr=0xd000f288, initial_count=0, max_count=65535)
HLE: ! {PPU[1] Thread (main_thread)[0x003aa8b8]} sys_semaphore : *** semaphore created [] (protocol=0x2): id = 56
HLE: W {PPU[1] Thread (main_thread)[0x003aa8b8]} sys_semaphore warning: sys_semaphore_create(sem_addr=0x30358a08, attr_addr=0xd000f288, initial_count=0, max_count=65535)
HLE: ! {PPU[1] Thread (main_thread)[0x003aa8b8]} sys_semaphore : *** semaphore created [] (protocol=0x2): id = 57
HLE: W {PPU[1] Thread (main_thread)[0x003aa8b8]} sys_semaphore warning: sys_semaphore_create(sem_addr=0x30358a18, attr_addr=0xd000f288, initial_count=0, max_count=65535)
HLE: ! {PPU[1] Thread (main_thread)[0x003aa8b8]} sys_semaphore : *** semaphore created [] (protocol=0x2): id = 58
HLE: ! {PPU[1] Thread (main_thread)[0x0079901c]} sys_ppu_thread : *** New PPU Thread [Streamer loader thread] (joinable, entry=0x7d6390): id = 59
HLE: W {PPU[1] Thread (main_thread)[0x003aa8b8]} sys_semaphore warning: sys_semaphore_create(sem_addr=0x3035fca8, attr_addr=0xd000f358, initial_count=0, max_count=65535)
HLE: ! {PPU[59] Thread (Streamer loader thread)[0x0079b01c]} sys_fs : "/dev_hdd0/game/NPEA00014/USRDIR/stream.dat" opened: fd = 60
HLE: W {PPU[59] Thread (Streamer loader thread)[0x0079b028]} sys_fs warning: cellFsStat(path="/dev_hdd0/game/NPEA00014/USRDIR/stream.dat", sb_addr=0xd00bfb50)
HLE: ! {PPU[1] Thread (main_thread)[0x003aa8b8]} sys_semaphore : *** semaphore created [] (protocol=0x2): id = 61
HLE: W {PPU[1] Thread (main_thread)[0x00799034]} sys_lwmutex warning: sys_lwmutex_create(lwmutex_addr=0x3035fcb8, attr_addr=0xd000f2f0)
HLE: ! {PPU[1] Thread (main_thread)[0x00799034]} sys_lwmutex : *** lwmutex created [] (attribute=0x12): sq_id = 62
HLE: ! {PPU[1] Thread (main_thread)[0x0079901c]} sys_ppu_thread : *** New PPU Thread [Streamer unpack thread] (joinable, entry=0x7d6390): id = 63
RSX: W {RSXThread} TODO: NV4097_SET_WINDOW_OFFSET: x=0, y=0
RSX: W {RSXThread} TODO: NV4097_SET_ANTI_ALIASING_CONTROL: 0xffff0000
RSX: W {RSXThread} TODO: NV4097_CLEAR_REPORT_VALUE: ZCULL_STATS
RSX: W {RSXThread} TODO: NV4097_SET_WINDOW_OFFSET: x=0, y=0
RSX: W {RSXThread} TODO: NV4097_SET_ANTI_ALIASING_CONTROL: 0xffff0000
RSX: W {RSXThread} TODO: NV4097_CLEAR_REPORT_VALUE: ZCULL_STATS
RSX: W {RSXThread} TODO: NV4097_SET_WINDOW_OFFSET: x=0, y=0
RSX: W {RSXThread} TODO: NV4097_SET_ANTI_ALIASING_CONTROL: 0xffff0000
RSX: W {RSXThread} TODO: NV4097_CLEAR_REPORT_VALUE: ZCULL_STATS
