HLE: ! path: /dev_hdd0/game/
HLE: W No pause.bin found, Auto Pause will not work.
HLE: W No pause.bin found, Auto Pause will not work.
LDR: ! Loading 'D:\Emulateurs\Rpcs3\dev_hdd0\game\NPEA00016/USRDIR/BOOT.BIN'...
LDR: !  
LDR: ! Mount info:
LDR: ! /dev_hdd0/ -> ./dev_hdd0/
LDR: ! /dev_hdd1/ -> ./dev_hdd1/
LDR: ! /dev_flash/ -> ./dev_flash/
LDR: ! /dev_usb000/ -> ./dev_usb000/
LDR: ! /dev_usb/ -> ./dev_usb000/
LDR: ! /app_home/ -> D:\Emulateurs\Rpcs3\dev_hdd0\game\NPEA00016/
LDR: ! /dev_bdvd/ -> D:\Emulateurs\Rpcs3\dev_hdd0\game\NPEA00016//../
LDR: ! /host_root/ -> 
LDR: ! /app_home/PS3_GAME/USRDIR/ -> D:\Emulateurs\Rpcs3\dev_hdd0\game\NPEA00016//USRDIR/
LDR: ! /dev_flash2/ -> ./dev_flash2/
LDR: ! /app_home/Game/PS3_GAME/USRDIR/ -> D:\Emulateurs\Rpcs3\dev_hdd0\game\NPEA00016//USRDIR/
LDR: ! //dev_hdd0/ -> ./dev_hdd0/
LDR: ! / -> D:\Emulateurs\Rpcs3\dev_hdd0\game\NPEA00016//USRDIR/
LDR: ! /app_home//dev_bdvd/PS3_GAME/USRDIR/data/gos/ -> D:\Emulateurs\Rpcs3\dev_hdd0\game\NPEA00016//USRDIR/
LDR: !  
LDR: ! Title: Super Rub'a'Dubâ„¢
LDR: ! Serial: NPEA00016
LDR: !  
LDR: E m_ehdr.e_type = 0x2
MEM: ! Initializing memory: base_addr = 0xe1f5e60000
MEM: ! Memory initialized.
LDR: ! Imported function 'cellSysmoduleUnloadModule' in 'cellSysmodule' module  (HLE)
LDR: ! Imported function 'cellSysmoduleLoadModule' in 'cellSysmodule' module  (HLE)
LDR: ! Imported function 'cellSysmoduleInitialize' in 'cellSysmodule' module  (HLE)
LDR: ! Imported function 'cellSysmoduleFinalize' in 'cellSysmodule' module  (HLE)
LDR: ! Imported function 'cellPadClearBuf' in 'sys_io' module  (HLE)
LDR: ! Imported function 'cellPadInfoPressMode' in 'sys_io' module  (HLE)
LDR: ! Imported function 'cellPadInit' in 'sys_io' module  (HLE)
LDR: ! Imported function 'cellKbClearBuf' in 'sys_io' module  (HLE)
LDR: ! Imported function 'cellKbGetInfo' in 'sys_io' module  (HLE)
LDR: ! Imported function 'cellMouseGetData' in 'sys_io' module  (HLE)
LDR: ! Imported function 'cellPadGetInfo' in 'sys_io' module  (HLE)
LDR: ! Imported function 'cellMouseClearBuf' in 'sys_io' module  (HLE)
LDR: ! Imported function 'cellKbInit' in 'sys_io' module  (HLE)
LDR: ! Imported function 'cellPadEnd' in 'sys_io' module  (HLE)
LDR: ! Imported function 'cellMouseGetInfo' in 'sys_io' module  (HLE)
LDR: ! Imported function 'cellPadInfoSensorMode' in 'sys_io' module  (HLE)
LDR: ! Imported function 'cellPadGetData' in 'sys_io' module  (HLE)
LDR: ! Imported function 'cellKbSetCodeType' in 'sys_io' module  (HLE)
LDR: ! Imported function 'cellPadSetSensorMode' in 'sys_io' module  (HLE)
LDR: ! Imported function 'cellMouseInit' in 'sys_io' module  (HLE)
LDR: ! Imported function 'cellKbSetReadMode' in 'sys_io' module  (HLE)
LDR: ! Imported function 'cellPadSetActDirect' in 'sys_io' module  (HLE)
LDR: ! Imported function 'cellPadSetPressMode' in 'sys_io' module  (HLE)
LDR: ! Imported function 'cellKbRead' in 'sys_io' module  (HLE)
LDR: ! Imported function 'cellFsClose' in 'sys_fs' module  (HLE)
LDR: ! Imported function 'cellFsOpendir' in 'sys_fs' module  (HLE)
LDR: ! Imported function 'cellFsRead' in 'sys_fs' module  (HLE)
LDR: ! Imported function 'cellFsReaddir' in 'sys_fs' module  (HLE)
LDR: ! Imported function 'cellFsOpen' in 'sys_fs' module  (HLE)
LDR: ! Imported function 'cellFsStat' in 'sys_fs' module  (HLE)
LDR: W Unimplemented function 'cellFsAioCancel' in 'sys_fs' module (HLE)
LDR: ! Imported function 'cellFsAioFinish' in 'sys_fs' module  (HLE)
LDR: ! Imported function 'cellFsLseek' in 'sys_fs' module  (HLE)
LDR: ! Imported function 'cellFsMkdir' in 'sys_fs' module  (HLE)
LDR: ! Imported function 'cellFsAioRead' in 'sys_fs' module  (HLE)
LDR: ! Imported function 'cellFsAioInit' in 'sys_fs' module  (HLE)
LDR: ! Imported function 'cellFsWrite' in 'sys_fs' module  (HLE)
LDR: ! Imported function 'cellFsClosedir' in 'sys_fs' module  (HLE)
LDR: ! Imported function 'cellSysutilUnregisterCallback' in 'cellSysutil' module  (HLE)
LDR: ! Imported function 'cellVideoOutConfigure' in 'cellSysutil' module  (HLE)
LDR: ! Imported function 'cellSysutilCheckCallback' in 'cellSysutil' module  (HLE)
LDR: ! Imported function 'cellMsgDialogOpenErrorCode' in 'cellSysutil' module  (HLE)
LDR: ! Imported function 'cellSysutilGetSystemParamInt' in 'cellSysutil' module  (HLE)
LDR: ! Imported function 'cellAudioOutConfigure' in 'cellSysutil' module  (HLE)
LDR: ! Imported function 'cellVideoOutGetState' in 'cellSysutil' module  (HLE)
LDR: ! Imported function 'cellSaveDataAutoSave2' in 'cellSysutil' module  (HLE)
LDR: ! Imported function 'cellSysutilRegisterCallback' in 'cellSysutil' module  (HLE)
LDR: ! Imported function 'cellVideoOutGetResolutionAvailability' in 'cellSysutil' module  (HLE)
LDR: ! Imported function 'cellAudioOutGetSoundAvailability' in 'cellSysutil' module  (HLE)
LDR: ! Imported function 'cellVideoOutGetResolution' in 'cellSysutil' module  (HLE)
LDR: W Unimplemented function 'cellSaveDataDelete2' in 'cellSysutil' module (HLE)
LDR: ! Imported function 'cellSaveDataAutoLoad2' in 'cellSysutil' module  (HLE)
LDR: ! Imported function 'cellAudioOutGetState' in 'cellSysutil' module  (HLE)
LDR: ! Imported function 'cellGcmGetTiledPitchSize' in 'cellGcmSys' module  (HLE)
LDR: ! Imported function '_cellGcmInitBody' in 'cellGcmSys' module  (HLE)
LDR: ! Imported function '_cellGcmSetFlipCommand' in 'cellGcmSys' module  (HLE)
LDR: ! Imported function 'cellGcmAddressToOffset' in 'cellGcmSys' module  (HLE)
LDR: ! Imported function '_cellGcmFunc15' in 'cellGcmSys' module  (HLE)
LDR: ! Imported function 'cellGcmSetFlipMode' in 'cellGcmSys' module  (HLE)
LDR: ! Imported function 'cellGcmGetFlipStatus' in 'cellGcmSys' module  (HLE)
LDR: ! Imported function 'cellGcmSetDisplayBuffer' in 'cellGcmSys' module  (HLE)
LDR: ! Imported function 'cellGcmGetControlRegister' in 'cellGcmSys' module  (HLE)
LDR: ! Imported function 'cellGcmSetVBlankHandler' in 'cellGcmSys' module  (HLE)
LDR: ! Imported function 'cellGcmResetFlipStatus' in 'cellGcmSys' module  (HLE)
LDR: ! Imported function 'cellGcmSetInvalidateTile' in 'cellGcmSys' module  (HLE)
LDR: ! Imported function 'cellGcmSetTile' in 'cellGcmSys' module  (HLE)
LDR: ! Imported function 'cellGcmSetZcull' in 'cellGcmSys' module  (HLE)
LDR: ! Imported function 'cellGcmGetConfiguration' in 'cellGcmSys' module  (HLE)
LDR: ! Imported function 'cellGcmGetLabelAddress' in 'cellGcmSys' module  (HLE)
LDR: ! Imported function 'cellSpursAttributeSetNamePrefix' in 'cellSpurs' module  (HLE)
LDR: ! Imported function 'cellSpursEventFlagDetachLv2EventQueue' in 'cellSpurs' module  (HLE)
LDR: ! Imported function 'cellSpursCreateJobChainWithAttribute' in 'cellSpurs' module  (HLE)
LDR: ! Imported function '_cellSpursJobChainAttributeInitialize' in 'cellSpurs' module  (HLE)
LDR: ! Imported function 'cellSpursEventFlagWait' in 'cellSpurs' module  (HLE)
LDR: ! Imported function 'cellSpursDetachLv2EventQueue' in 'cellSpurs' module  (HLE)
LDR: ! Imported function '_cellSpursEventFlagInitialize' in 'cellSpurs' module  (HLE)
LDR: ! Imported function 'cellSpursJobGuardInitialize' in 'cellSpurs' module  (HLE)
LDR: ! Imported function 'cellSpursShutdownJobChain' in 'cellSpurs' module  (HLE)
LDR: ! Imported function 'cellSpursEventFlagAttachLv2EventQueue' in 'cellSpurs' module  (HLE)
LDR: ! Imported function '_cellSpursAttributeInitialize' in 'cellSpurs' module  (HLE)
LDR: ! Imported function 'cellSpursJobChainAttributeSetName' in 'cellSpurs' module  (HLE)
LDR: ! Imported function 'cellSpursJoinJobChain' in 'cellSpurs' module  (HLE)
LDR: ! Imported function 'cellSpursInitializeWithAttribute' in 'cellSpurs' module  (HLE)
LDR: ! Imported function 'cellSpursAttachLv2EventQueue' in 'cellSpurs' module  (HLE)
LDR: ! Imported function 'cellSpursJobGuardNotify' in 'cellSpurs' module  (HLE)
LDR: ! Imported function 'cellSpursRunJobChain' in 'cellSpurs' module  (HLE)
LDR: ! Imported function 'cellSpursJoinTaskset' in 'cellSpurs' module  (HLE)
LDR: ! Imported function 'cellSpursShutdownTaskset' in 'cellSpurs' module  (HLE)
LDR: ! Imported function '_cellSpursSendSignal' in 'cellSpurs' module  (HLE)
LDR: ! Imported function 'cellAudioInit' in 'cellAudio' module  (HLE)
LDR: ! Imported function 'cellAudioGetPortConfig' in 'cellAudio' module  (HLE)
LDR: ! Imported function 'cellAudioPortStart' in 'cellAudio' module  (HLE)
LDR: ! Imported function 'cellAudioQuit' in 'cellAudio' module  (HLE)
LDR: ! Imported function 'cellAudioPortOpen' in 'cellAudio' module  (HLE)
LDR: ! Imported function 'sceNpCommerceGetChildProductSkuInfo' in 'sceNp' module  (HLE)
LDR: ! Imported function 'sceNpScoreGetRankingByRangeAsync' in 'sceNp' module  (HLE)
LDR: ! Imported function 'sceNpScoreDestroyTitleCtx' in 'sceNp' module  (HLE)
LDR: ! Imported function 'sceNpCommerceGetProductCategoryStart' in 'sceNp' module  (HLE)
LDR: ! Imported function 'sceNpCommerceGetNumOfChildCategory' in 'sceNp' module  (HLE)
LDR: ! Imported function 'sceNpScoreInit' in 'sceNp' module  (HLE)
LDR: ! Imported function 'sceNpCommerceGetCategoryDescription' in 'sceNp' module  (HLE)
LDR: ! Imported function 'sceNpCommerceGetSkuId' in 'sceNp' module  (HLE)
LDR: ! Imported function 'sceNpScoreGetRankingByNpIdAsync' in 'sceNp' module  (HLE)
LDR: ! Imported function 'sceNpCommerceGetProductCategoryResult' in 'sceNp' module  (HLE)
LDR: ! Imported function 'sceNpTerm' in 'sceNp' module  (HLE)
LDR: ! Imported function 'sceNpManagerUnregisterCallback' in 'sceNp' module  (HLE)
LDR: ! Imported function 'sceNpCommerceGetProductCategoryAbort' in 'sceNp' module  (HLE)
LDR: ! Imported function 'sceNpCommerceDestroyProductCategory' in 'sceNp' module  (HLE)
LDR: ! Imported function 'sceNpCommerceGetCategoryName' in 'sceNp' module  (HLE)
LDR: ! Imported function 'sceNpManagerGetContentRatingFlag' in 'sceNp' module  (HLE)
LDR: ! Imported function 'sceNpScoreCreateTransactionCtx' in 'sceNp' module  (HLE)
LDR: ! Imported function 'sceNpCommerceGetNumOfChildProductSku' in 'sceNp' module  (HLE)
LDR: ! Imported function 'sceNpCommerceGetSkuPrice' in 'sceNp' module  (HLE)
LDR: ! Imported function 'sceNpCommerceGetCurrencyCode' in 'sceNp' module  (HLE)
LDR: ! Imported function 'sceNpManagerRequestTicket2' in 'sceNp' module  (HLE)
LDR: ! Imported function 'sceNpCommerceInitProductCategory' in 'sceNp' module  (HLE)
LDR: ! Imported function 'sceNpScoreTerm' in 'sceNp' module  (HLE)
LDR: ! Imported function 'sceNpScorePollAsync' in 'sceNp' module  (HLE)
LDR: ! Imported function 'sceNpManagerGetStatus' in 'sceNp' module  (HLE)
LDR: ! Imported function 'sceNpCommerceGetSkuDescription' in 'sceNp' module  (HLE)
LDR: ! Imported function 'sceNpBasicUnregisterHandler' in 'sceNp' module  (HLE)
LDR: ! Imported function 'sceNpDrmIsAvailable' in 'sceNp' module  (HLE)
LDR: ! Imported function 'sceNpCommerceGetCategoryId' in 'sceNp' module  (HLE)
LDR: ! Imported function 'sceNpCommerceDoCheckoutFinishAsync' in 'sceNp' module  (HLE)
LDR: ! Imported function 'sceNpCommerceGetCurrencyDecimals' in 'sceNp' module  (HLE)
LDR: ! Imported function 'sceNpCommerceGetCurrencyInfo' in 'sceNp' module  (HLE)
LDR: ! Imported function 'sceNpManagerGetAccountRegion' in 'sceNp' module  (HLE)
LDR: ! Imported function 'sceNpManagerGetEntitlementIdList' in 'sceNp' module  (HLE)
LDR: ! Imported function 'sceNpScoreCreateTitleCtx' in 'sceNp' module  (HLE)
LDR: ! Imported function 'sceNpCommerceGetChildCategoryInfo' in 'sceNp' module  (HLE)
LDR: ! Imported function 'sceNpBasicRegisterHandler' in 'sceNp' module  (HLE)
LDR: ! Imported function 'sceNpInit' in 'sceNp' module  (HLE)
LDR: ! Imported function 'sceNpManagerGetNetworkTime' in 'sceNp' module  (HLE)
LDR: ! Imported function 'sceNpScoreDestroyTransactionCtx' in 'sceNp' module  (HLE)
LDR: ! Imported function 'sceNpCommerceGetSkuImageURL' in 'sceNp' module  (HLE)
LDR: ! Imported function 'sceNpCommerceGetProductCategoryFinish' in 'sceNp' module  (HLE)
LDR: ! Imported function 'sceNpScoreGetGameDataAsync' in 'sceNp' module  (HLE)
LDR: ! Imported function 'sceNpScoreGetBoardInfoAsync' in 'sceNp' module  (HLE)
LDR: ! Imported function 'sceNpBasicGetEvent' in 'sceNp' module  (HLE)
LDR: ! Imported function 'sceNpCommerceDestroyCtx' in 'sceNp' module  (HLE)
LDR: ! Imported function 'sceNpCommerceDoCheckoutStartAsync' in 'sceNp' module  (HLE)
LDR: ! Imported function 'sceNpManagerRegisterCallback' in 'sceNp' module  (HLE)
LDR: ! Imported function 'sceNpCommerceGetProductName' in 'sceNp' module  (HLE)
LDR: ! Imported function 'sceNpScoreAbortTransaction' in 'sceNp' module  (HLE)
LDR: ! Imported function 'sceNpScoreRecordScoreAsync' in 'sceNp' module  (HLE)
LDR: ! Imported function 'sceNpScoreRecordGameDataAsync' in 'sceNp' module  (HLE)
LDR: ! Imported function 'sceNpCommerceCreateCtx' in 'sceNp' module  (HLE)
LDR: ! Imported function 'sceNpManagerGetNpId' in 'sceNp' module  (HLE)
LDR: ! Imported function 'cellNetCtlNetStartDialogLoadAsync' in 'cellNetCtl' module  (HLE)
LDR: ! Imported function 'cellNetCtlNetStartDialogUnloadAsync' in 'cellNetCtl' module  (HLE)
LDR: ! Imported function 'cellNetCtlTerm' in 'cellNetCtl' module  (HLE)
LDR: ! Imported function 'cellNetCtlInit' in 'cellNetCtl' module  (HLE)
LDR: W Unknown module 'cellHttp'
LDR: ! Imported function 'cellHttpCreateTransaction' in 'cellHttp' module  (HLE)
LDR: ! Imported function 'cellHttpInit' in 'cellHttp' module  (HLE)
LDR: ! Imported function 'cellHttpDestroyTransaction' in 'cellHttp' module  (HLE)
LDR: ! Imported function 'cellHttpResponseGetContentLength' in 'cellHttp' module  (HLE)
LDR: ! Imported function 'cellHttpCreateClient' in 'cellHttp' module  (HLE)
LDR: ! Imported function 'cellHttpRecvResponse' in 'cellHttp' module  (HLE)
LDR: ! Imported function 'cellHttpDestroyClient' in 'cellHttp' module  (HLE)
LDR: ! Imported function 'cellHttpSendRequest' in 'cellHttp' module  (HLE)
LDR: ! Imported function 'cellHttpEnd' in 'cellHttp' module  (HLE)
LDR: W Unimplemented function 'cellHttpUtilParseUri' in 'cellHttpUtil' module (HLE)
LDR: ! Imported function 'sys_net_initialize_network_ex' in 'sys_net' module  (HLE)
LDR: ! Imported function 'sys_net_finalize_network' in 'sys_net' module  (HLE)
LDR: ! Imported function 'cellPngDecCreate' in 'cellPngDec' module  (HLE)
LDR: ! Imported function 'cellPngDecDecodeData' in 'cellPngDec' module  (HLE)
LDR: ! Imported function 'cellPngDecClose' in 'cellPngDec' module  (HLE)
LDR: ! Imported function 'cellPngDecDestroy' in 'cellPngDec' module  (HLE)
LDR: ! Imported function 'cellPngDecReadHeader' in 'cellPngDec' module  (HLE)
LDR: ! Imported function 'cellPngDecOpen' in 'cellPngDec' module  (HLE)
LDR: ! Imported function 'cellPngDecSetParameter' in 'cellPngDec' module  (HLE)
LDR: ! Imported function 'cellRtcSetTick' in 'cellRtc' module  (HLE)
LDR: ! Imported function 'sys_lwmutex_lock' in 'sysPrxForUser' module  (HLE)
LDR: ! Imported function 'sys_lwmutex_unlock' in 'sysPrxForUser' module  (HLE)
LDR: ! Imported function 'sys_ppu_thread_create' in 'sysPrxForUser' module  (HLE)
LDR: ! Imported function '_sys_process_atexitspawn' in 'sysPrxForUser' module  (HLE)
LDR: ! Imported function 'sys_lwmutex_create' in 'sysPrxForUser' module  (HLE)
LDR: ! Imported function 'sys_ppu_thread_get_id' in 'sysPrxForUser' module  (HLE)
LDR: ! Imported function 'sys_initialize_tls' in 'sysPrxForUser' module  (HLE)
LDR: ! Imported function 'sys_time_get_system_time' in 'sysPrxForUser' module  (HLE)
LDR: ! Imported function '_sys_process_at_Exitspawn' in 'sysPrxForUser' module  (HLE)
LDR: ! Imported function 'sys_prx_exitspawn_with_level' in 'sysPrxForUser' module  (HLE)
LDR: ! Imported function 'sys_ppu_thread_exit' in 'sysPrxForUser' module  (HLE)
LDR: ! Imported function 'sys_lwmutex_destroy' in 'sysPrxForUser' module  (HLE)
LDR: ! Imported function 'sys_spu_image_close' in 'sysPrxForUser' module  (HLE)
LDR: ! Imported function 'sys_process_exit' in 'sysPrxForUser' module  (HLE)
LDR: ! Imported function 'sys_spu_image_import' in 'sysPrxForUser' module  (HLE)
HLE: W {PPU[1] Thread (main_thread)[0x3001d034]} sys_lwmutex warning: sys_lwmutex_create(lwmutex_addr=0x430c78, attr_addr=0x2f1248)
HLE: ! {PPU[1] Thread (main_thread)[0x3001d034]} sys_lwmutex : *** lwmutex created [_lc_mtx] (attribute=0x12): sq_id = 3
HLE: W {PPU[1] Thread (main_thread)[0x0023552c]} sys_memory warning: sys_memory_get_user_memory_size(mem_info_addr=0xd000fc04)
HLE: W {PPU[1] Thread (main_thread)[0x3001d034]} sys_lwmutex warning: sys_lwmutex_create(lwmutex_addr=0x430a78, attr_addr=0x2f1248)
HLE: ! {PPU[1] Thread (main_thread)[0x3001d034]} sys_lwmutex : *** lwmutex created [_lc_mtx] (attribute=0x12): sq_id = 4
HLE: W {PPU[1] Thread (main_thread)[0x3001d034]} sys_lwmutex warning: sys_lwmutex_create(lwmutex_addr=0x430200, attr_addr=0x2f1248)
HLE: ! {PPU[1] Thread (main_thread)[0x3001d034]} sys_lwmutex : *** lwmutex created [_lc_mtx] (attribute=0x12): sq_id = 5
HLE: W {PPU[1] Thread (main_thread)[0x3001d034]} sys_lwmutex warning: sys_lwmutex_create(lwmutex_addr=0x430228, attr_addr=0x2f1248)
HLE: ! {PPU[1] Thread (main_thread)[0x3001d034]} sys_lwmutex : *** lwmutex created [_lc_mtx] (attribute=0x12): sq_id = 6
HLE: W {PPU[1] Thread (main_thread)[0x3001d034]} sys_lwmutex warning: sys_lwmutex_create(lwmutex_addr=0x430250, attr_addr=0x2f1248)
HLE: ! {PPU[1] Thread (main_thread)[0x3001d034]} sys_lwmutex : *** lwmutex created [_lc_mtx] (attribute=0x12): sq_id = 7
HLE: W {PPU[1] Thread (main_thread)[0x3001d034]} sys_lwmutex warning: sys_lwmutex_create(lwmutex_addr=0x430138, attr_addr=0x2f1248)
HLE: ! {PPU[1] Thread (main_thread)[0x3001d034]} sys_lwmutex : *** lwmutex created [_lc_mtx] (attribute=0x12): sq_id = 8
HLE: W {PPU[1] Thread (main_thread)[0x3001d034]} sys_lwmutex warning: sys_lwmutex_create(lwmutex_addr=0x430160, attr_addr=0x2f1248)
HLE: ! {PPU[1] Thread (main_thread)[0x3001d034]} sys_lwmutex : *** lwmutex created [_lc_mtx] (attribute=0x12): sq_id = 9
HLE: W {PPU[1] Thread (main_thread)[0x3001d034]} sys_lwmutex warning: sys_lwmutex_create(lwmutex_addr=0x430188, attr_addr=0x2f1248)
HLE: ! {PPU[1] Thread (main_thread)[0x3001d034]} sys_lwmutex : *** lwmutex created [_lc_mtx] (attribute=0x12): sq_id = 10
HLE: W {PPU[1] Thread (main_thread)[0x3001d034]} sys_lwmutex warning: sys_lwmutex_create(lwmutex_addr=0x4301b0, attr_addr=0x2f1248)
HLE: ! {PPU[1] Thread (main_thread)[0x3001d034]} sys_lwmutex : *** lwmutex created [_lc_mtx] (attribute=0x12): sq_id = 11
HLE: W {PPU[1] Thread (main_thread)[0x3001d034]} sys_lwmutex warning: sys_lwmutex_create(lwmutex_addr=0x4301d8, attr_addr=0x2f1248)
HLE: ! {PPU[1] Thread (main_thread)[0x3001d034]} sys_lwmutex : *** lwmutex created [_lc_mtx] (attribute=0x12): sq_id = 12
HLE: W {PPU[1] Thread (main_thread)[0x3001d034]} sys_lwmutex warning: sys_lwmutex_create(lwmutex_addr=0x430dc8, attr_addr=0x35c640)
HLE: ! {PPU[1] Thread (main_thread)[0x3001d034]} sys_lwmutex : *** lwmutex created [_lgcmtx] (attribute=0x12): sq_id = 13
HLE: W {PPU[1] Thread (main_thread)[0x3001d034]} sys_lwmutex warning: sys_lwmutex_create(lwmutex_addr=0x430d48, attr_addr=0x35c640)
HLE: ! {PPU[1] Thread (main_thread)[0x3001d034]} sys_lwmutex : *** lwmutex created [_lgcmtx] (attribute=0x12): sq_id = 14
HLE: W {PPU[1] Thread (main_thread)[0x3001d034]} sys_lwmutex warning: sys_lwmutex_create(lwmutex_addr=0x418598, attr_addr=0xd000fb34)
HLE: ! {PPU[1] Thread (main_thread)[0x3001d034]} sys_lwmutex : *** lwmutex created [] (attribute=0x22): sq_id = 15
HLE: W {PPU[1] Thread (main_thread)[0x3001d034]} sys_lwmutex warning: sys_lwmutex_create(lwmutex_addr=0x4185c8, attr_addr=0xd000fb34)
HLE: ! {PPU[1] Thread (main_thread)[0x3001d034]} sys_lwmutex : *** lwmutex created [] (attribute=0x22): sq_id = 16
HLE: W {PPU[1] Thread (main_thread)[0x3001d034]} sys_lwmutex warning: sys_lwmutex_create(lwmutex_addr=0x4185f8, attr_addr=0xd000fb34)
HLE: ! {PPU[1] Thread (main_thread)[0x3001d034]} sys_lwmutex : *** lwmutex created [] (attribute=0x22): sq_id = 17
HLE: W {PPU[1] Thread (main_thread)[0x3001d034]} sys_lwmutex warning: sys_lwmutex_create(lwmutex_addr=0x418628, attr_addr=0xd000fb34)
HLE: ! {PPU[1] Thread (main_thread)[0x3001d034]} sys_lwmutex : *** lwmutex created [] (attribute=0x22): sq_id = 18
HLE: W {PPU[1] Thread (main_thread)[0x3001d034]} sys_lwmutex warning: sys_lwmutex_create(lwmutex_addr=0x418658, attr_addr=0xd000fb34)
HLE: ! {PPU[1] Thread (main_thread)[0x3001d034]} sys_lwmutex : *** lwmutex created [] (attribute=0x22): sq_id = 19
HLE: W {PPU[1] Thread (main_thread)[0x3001d034]} sys_lwmutex warning: sys_lwmutex_create(lwmutex_addr=0x418688, attr_addr=0xd000fb34)
HLE: ! {PPU[1] Thread (main_thread)[0x3001d034]} sys_lwmutex : *** lwmutex created [] (attribute=0x22): sq_id = 20
HLE: W {PPU[1] Thread (main_thread)[0x3001d034]} sys_lwmutex warning: sys_lwmutex_create(lwmutex_addr=0x4186b8, attr_addr=0xd000fb34)
HLE: ! {PPU[1] Thread (main_thread)[0x3001d034]} sys_lwmutex : *** lwmutex created [] (attribute=0x22): sq_id = 21
HLE: W {PPU[1] Thread (main_thread)[0x3001d034]} sys_lwmutex warning: sys_lwmutex_create(lwmutex_addr=0x4186e8, attr_addr=0xd000fb34)
HLE: ! {PPU[1] Thread (main_thread)[0x3001d034]} sys_lwmutex : *** lwmutex created [] (attribute=0x22): sq_id = 22
HLE: W {PPU[1] Thread (main_thread)[0x3001d034]} sys_lwmutex warning: sys_lwmutex_create(lwmutex_addr=0x418718, attr_addr=0xd000fb34)
HLE: ! {PPU[1] Thread (main_thread)[0x3001d034]} sys_lwmutex : *** lwmutex created [] (attribute=0x22): sq_id = 23
HLE: W {PPU[1] Thread (main_thread)[0x3001d034]} sys_lwmutex warning: sys_lwmutex_create(lwmutex_addr=0x42aa90, attr_addr=0xd000fac4)
HLE: ! {PPU[1] Thread (main_thread)[0x3001d034]} sys_lwmutex : *** lwmutex created [] (attribute=0x22): sq_id = 24
HLE: W {PPU[1] Thread (main_thread)[0x3001d034]} sys_lwmutex warning: sys_lwmutex_create(lwmutex_addr=0x42aac0, attr_addr=0xd000fac4)
HLE: ! {PPU[1] Thread (main_thread)[0x3001d034]} sys_lwmutex : *** lwmutex created [] (attribute=0x22): sq_id = 25
HLE: W {PPU[1] Thread (main_thread)[0x3001d034]} sys_lwmutex warning: sys_lwmutex_create(lwmutex_addr=0x418518, attr_addr=0xd000fb30)
HLE: ! {PPU[1] Thread (main_thread)[0x3001d034]} sys_lwmutex : *** lwmutex created [] (attribute=0x22): sq_id = 26
HLE: W {PPU[1] Thread (main_thread)[0x3001d034]} sys_lwmutex warning: sys_lwmutex_create(lwmutex_addr=0x418560, attr_addr=0xd000fb30)
HLE: ! {PPU[1] Thread (main_thread)[0x3001d034]} sys_lwmutex : *** lwmutex created [] (attribute=0x22): sq_id = 27
HLE: W {PPU[1] Thread (main_thread)[0x3001d034]} sys_lwmutex warning: sys_lwmutex_create(lwmutex_addr=0x40ee00, attr_addr=0xd000fac4)
HLE: ! {PPU[1] Thread (main_thread)[0x3001d034]} sys_lwmutex : *** lwmutex created [] (attribute=0x22): sq_id = 28
HLE: W {PPU[1] Thread (main_thread)[0x3001d034]} sys_lwmutex warning: sys_lwmutex_create(lwmutex_addr=0x3bc728, attr_addr=0xd000fab4)
HLE: ! {PPU[1] Thread (main_thread)[0x3001d034]} sys_lwmutex : *** lwmutex created [] (attribute=0x22): sq_id = 29
HLE: W {PPU[1] Thread (main_thread)[0x0004518c]} sys_memory warning: sys_memory_container_create(cid_addr=0x3baad8, yield_size=0x3400000)
HLE: W {PPU[1] Thread (main_thread)[0x0004518c]} sys_memory warning: *** memory_container created(addr=0x30300000): id = 30
HLE: W {PPU[1] Thread (main_thread)[0x30007034]} cellSysutil warning: cellSysutilGetSystemParamInt: CELL_SYSUTIL_SYSTEMPARAM_ID_LANG
TTY: !! system language: 2 !!
HLE: W {PPU[1] Thread (main_thread)[0x3001d034]} sys_lwmutex warning: sys_lwmutex_create(lwmutex_addr=0x397080, attr_addr=0xd000fb60)
HLE: ! {PPU[1] Thread (main_thread)[0x3001d034]} sys_lwmutex : *** lwmutex created [] (attribute=0x12): sq_id = 31
HLE: W {PPU[1] Thread (main_thread)[0x30001010]} cellSysmodule warning: cellSysmoduleLoadModule(CELL_SYSMODULE_SPURS)
HLE: W {PPU[1] Thread (main_thread)[0x30001010]} cellSysmodule warning: cellSysmoduleLoadModule(CELL_SYSMODULE_GCM_SYS)
HLE: W {PPU[1] Thread (main_thread)[0x30001010]} cellSysmodule warning: cellSysmoduleLoadModule(CELL_SYSMODULE_RTC)
HLE: W {PPU[1] Thread (main_thread)[0x30001010]} cellSysmodule warning: cellSysmoduleLoadModule(CELL_SYSMODULE_FS)
HLE: W {PPU[1] Thread (main_thread)[0x30001010]} cellSysmodule warning: cellSysmoduleLoadModule(CELL_SYSMODULE_AUDIO)
HLE: W {PPU[1] Thread (main_thread)[0x30001010]} cellSysmodule warning: cellSysmoduleLoadModule(CELL_SYSMODULE_IO)
HLE: W {PPU[1] Thread (main_thread)[0x30001010]} cellSysmodule warning: cellSysmoduleLoadModule(CELL_SYSMODULE_SYSUTIL_NP)
HLE: W {PPU[1] Thread (main_thread)[0x30001010]} cellSysmodule warning: cellSysmoduleLoadModule(CELL_SYSMODULE_NET)
HLE: W {PPU[1] Thread (main_thread)[0x30001010]} cellSysmodule warning: cellSysmoduleLoadModule(CELL_SYSMODULE_L10N)
HLE: W {PPU[1] Thread (main_thread)[0x30001010]} cellSysmodule warning: cellSysmoduleLoadModule(CELL_SYSMODULE_HTTP)
HLE: W {PPU[1] Thread (main_thread)[0x30001010]} cellSysmodule warning: cellSysmoduleLoadModule(CELL_SYSMODULE_HTTP_UTIL)
HLE: W {PPU[1] Thread (main_thread)[0x30001010]} cellSysmodule warning: cellSysmoduleLoadModule(CELL_SYSMODULE_PNGDEC)
HLE: W {PPU[1] Thread (main_thread)[0x30005088]} sys_fs warning: cellFsAioInit(mount_point_addr=0x30225b10 (/app_home/Game/PS3_GAME/USRDIR))
HLE: W {PPU[1] Thread (main_thread)[0x00046060]} sys_spu warning: sys_spu_initialize(max_usable_spu=6, max_raw_spu=0)
HLE: W {PPU[1] Thread (main_thread)[0x30007064]} cellSysutil warning: cellSysutilRegisterCallback(slot=0, func_addr=0x33ca98, userdata=0x3baa88)
HLE: W {PPU[1] Thread (main_thread)[0x3000b07c]} cellSpurs warning: _cellSpursAttributeInitialize(attr_addr=0xd000fa10, revision=2, sdkVersion=0x220002, nSpus=5, spuPriority=250, ppuPriority=1000, exitIfNoWork=1)
HLE: W {PPU[1] Thread (main_thread)[0x3000b004]} cellSpurs warning: cellSpursAttributeSetNamePrefix(attr_addr=0xd000fa10, prefix_addr=0x2f3188, size=7)
HLE: W {PPU[1] Thread (main_thread)[0x3000b0a0]} cellSpurs warning: cellSpursInitializeWithAttribute(spurs_addr=0x30237700, attr_addr=0xd000fa10)
HLE: ! {PPU[1] Thread (main_thread)[0x3000b0a0]} sys_semaphore : *** semaphore created [_spuWkl] (protocol=0x2): id = 32
HLE: ! {PPU[1] Thread (main_thread)[0x3000b0a0]} sys_semaphore : *** semaphore created [_spuWkl] (protocol=0x2): id = 33
HLE: ! {PPU[1] Thread (main_thread)[0x3000b0a0]} sys_semaphore : *** semaphore created [_spuWkl] (protocol=0x2): id = 34
HLE: ! {PPU[1] Thread (main_thread)[0x3000b0a0]} sys_semaphore : *** semaphore created [_spuWkl] (protocol=0x2): id = 35
HLE: ! {PPU[1] Thread (main_thread)[0x3000b0a0]} sys_semaphore : *** semaphore created [_spuWkl] (protocol=0x2): id = 36
HLE: ! {PPU[1] Thread (main_thread)[0x3000b0a0]} sys_semaphore : *** semaphore created [_spuWkl] (protocol=0x2): id = 37
HLE: ! {PPU[1] Thread (main_thread)[0x3000b0a0]} sys_semaphore : *** semaphore created [_spuWkl] (protocol=0x2): id = 38
HLE: ! {PPU[1] Thread (main_thread)[0x3000b0a0]} sys_semaphore : *** semaphore created [_spuWkl] (protocol=0x2): id = 39
HLE: ! {PPU[1] Thread (main_thread)[0x3000b0a0]} sys_semaphore : *** semaphore created [_spuWkl] (protocol=0x2): id = 40
HLE: ! {PPU[1] Thread (main_thread)[0x3000b0a0]} sys_semaphore : *** semaphore created [_spuWkl] (protocol=0x2): id = 41
HLE: ! {PPU[1] Thread (main_thread)[0x3000b0a0]} sys_semaphore : *** semaphore created [_spuWkl] (protocol=0x2): id = 42
HLE: ! {PPU[1] Thread (main_thread)[0x3000b0a0]} sys_semaphore : *** semaphore created [_spuWkl] (protocol=0x2): id = 43
HLE: ! {PPU[1] Thread (main_thread)[0x3000b0a0]} sys_semaphore : *** semaphore created [_spuWkl] (protocol=0x2): id = 44
HLE: ! {PPU[1] Thread (main_thread)[0x3000b0a0]} sys_semaphore : *** semaphore created [_spuWkl] (protocol=0x2): id = 45
HLE: ! {PPU[1] Thread (main_thread)[0x3000b0a0]} sys_semaphore : *** semaphore created [_spuWkl] (protocol=0x2): id = 46
HLE: ! {PPU[1] Thread (main_thread)[0x3000b0a0]} sys_semaphore : *** semaphore created [_spuWkl] (protocol=0x2): id = 47
HLE: ! {PPU[1] Thread (main_thread)[0x3000b0a0]} sys_semaphore : *** semaphore created [_spuPrv] (protocol=0x2): id = 48
HLE: ! {PPU[1] Thread (main_thread)[0x3000b0a0]} sys_spu : *** SPU Thread Group created [RubadubCellSpursKernelGroup] (num=5, prio=250, type=0x0, container=0): id=49
HLE: E {PPU[1] Thread (main_thread)[0x3000b0a0]} sys_spu TODO: Unsupported SPU Thread options (0x2)
HLE: W {PPU[1] Thread (main_thread)[0x3000b0a0]} sys_spu warning: *** New SPU Thread [RubadubCellSpursKernel0] (ep=0x0, opt=0x2, a1=0x0, a2=0x0, a3=0x0, a4=0x0): id=50, spu_offset=0x3006e000
HLE: E {PPU[1] Thread (main_thread)[0x3000b0a0]} sys_spu TODO: Unsupported SPU Thread options (0x2)
HLE: W {PPU[1] Thread (main_thread)[0x3000b0a0]} sys_spu warning: *** New SPU Thread [RubadubCellSpursKernel1] (ep=0x0, opt=0x2, a1=0x0, a2=0x0, a3=0x0, a4=0x0): id=51, spu_offset=0x300ae000
HLE: E {PPU[1] Thread (main_thread)[0x3000b0a0]} sys_spu TODO: Unsupported SPU Thread options (0x2)
HLE: W {PPU[1] Thread (main_thread)[0x3000b0a0]} sys_spu warning: *** New SPU Thread [RubadubCellSpursKernel2] (ep=0x0, opt=0x2, a1=0x0, a2=0x0, a3=0x0, a4=0x0): id=52, spu_offset=0x33700000
HLE: E {PPU[1] Thread (main_thread)[0x3000b0a0]} sys_spu TODO: Unsupported SPU Thread options (0x2)
HLE: W {PPU[1] Thread (main_thread)[0x3000b0a0]} sys_spu warning: *** New SPU Thread [RubadubCellSpursKernel3] (ep=0x0, opt=0x2, a1=0x0, a2=0x0, a3=0x0, a4=0x0): id=53, spu_offset=0x33740000
HLE: E {PPU[1] Thread (main_thread)[0x3000b0a0]} sys_spu TODO: Unsupported SPU Thread options (0x2)
HLE: W {PPU[1] Thread (main_thread)[0x3000b0a0]} sys_spu warning: *** New SPU Thread [RubadubCellSpursKernel4] (ep=0x0, opt=0x2, a1=0x0, a2=0x0, a3=0x0, a4=0x0): id=54, spu_offset=0x33780000
HLE: ! {PPU[1] Thread (main_thread)[0x3000b0a0]} sys_lwmutex : *** lwmutex created [_spuPrv] (attribute=0x22): sq_id = 55
HLE: W {PPU[1] Thread (main_thread)[0x3000b0a0]} sys_lwcond warning: *** lwcond created [_spuPrv] (lwmutex_addr=0x302384b0): id = 56
HLE: W {PPU[1] Thread (main_thread)[0x3000b0a0]} sys_event warning: *** event_queue created [_spuPrv] (protocol=0x1, type=0x1, key=0x0, size=0x2a): id = 57
HLE: W {PPU[1] Thread (main_thread)[0x3000b0a0]} sys_spu warning: sys_spu_thread_group_connect_event_all_threads(id=49, eq_id=57, req=0xffffffffffff0000, spup_addr=0x302377c9)
HLE: W {PPU[1] Thread (main_thread)[0x3000b0a0]} sys_spu warning: *** spup -> 16
HLE: W {PPU[1] Thread (main_thread)[0x3000b0a0]} sys_event warning: *** sys_event_port created: id = 58
HLE: W {PPU[1] Thread (main_thread)[0x3000b0a0]} sys_event warning: sys_event_port_connect_local(eport_id=58, equeue_id=57)
HLE: ! {PPU[1] Thread (main_thread)[0x3000b0a0]} sys_ppu_thread : *** New PPU Thread [RubadubSpursHdlr0] (joinable, entry=0x0): id = 59
HLE: ! {PPU[1] Thread (main_thread)[0x3000b0a0]} sys_ppu_thread : *** New PPU Thread [RubadubSpursHdlr1] (joinable, entry=0x0): id = 60
HLE: E {PPU[1] Thread (main_thread)[0x3000b0a0]} sys_spu TODO: sys_spu_thread_group_connect_event(id=49, eq=57, et=0x2)
HLE: W {PPU[1] Thread (main_thread)[0x0011453c]} sys_event warning: sys_event_queue_create(equeue_id_addr=0x4183e0, attr_addr=0xd000f854, event_queue_key=0x0, size=8)
HLE: W {PPU[1] Thread (main_thread)[0x0011453c]} sys_event warning: *** event_queue created [] (protocol=0x2, type=0x1, key=0x0, size=0x8): id = 61
HLE: ! {PPU[1] Thread (main_thread)[0x3001d01c]} sys_ppu_thread : *** New PPU Thread [spu_printf_handler] (joinable, entry=0x346ad8): id = 62
HLE: W {PPU[1] Thread (main_thread)[0x001145c4]} sys_event warning: sys_event_port_create(eport_id_addr=0x4183d0, port_type=0x1, name=0xfee1dead)
HLE: W {PPU[1] Thread (main_thread)[0x001145c4]} sys_event warning: *** sys_event_port created: id = 63
HLE: W {PPU[1] Thread (main_thread)[0x001145dc]} sys_event warning: sys_event_port_connect_local(eport_id=63, equeue_id=61)
HLE: W {PPU[1] Thread (main_thread)[0x3000b0ac]} cellSpurs warning: cellSpursAttachLv2EventQueue(spurs_addr=0x30237700, queue=61, port_addr=0xd000f850, isDynamic=0)
HLE: W {PPU[1] Thread (main_thread)[0x3000b0ac]} sys_spu warning: sys_spu_thread_group_connect_event_all_threads(id=49, eq_id=61, req=0x2, spup_addr=0xd000f850)
HLE: W {PPU[1] Thread (main_thread)[0x3000b0ac]} sys_spu warning: *** spup -> 1
HLE: W {PPU[1] Thread (main_thread)[0x30009010]} cellGcmSys warning: _cellGcmInitBody(context_addr=0x42f750, cmdSize=0x400000, ioSize=0x5d00000, ioAddress=0x33900000)
HLE: W {PPU[1] Thread (main_thread)[0x30009010]} cellGcmSys warning: *** local memory(addr=0xc0000000, size=0xf900000)
HLE: W {PPU[1] Thread (main_thread)[0x30009010]} cellGcmSys warning: cellGcmInit(): 256MB io address space used
HLE: W {PPU[1] Thread (main_thread)[0x30009010]} cellGcmSys warning: cellGcmMapEaIoAddress(ea=0x33900000, io=0x0, size=0x5d00000)
RSX: ! {RSXThread} RSX thread started
HLE: W {PPU[1] Thread (main_thread)[0x30007010]} cellSysutil warning: cellVideoOutConfigure(videoOut=0, config_addr=0xd000f7c8, option_addr=0x0, waitForEvent=0x0)
HLE: W {PPU[1] Thread (main_thread)[0x30009040]} cellGcmSys warning: cellGcmSetFlipMode(mode=2)
HLE: W {PPU[1] Thread (main_thread)[0x30009070]} cellGcmSys warning: cellGcmSetVBlankHandler(handler_addr=0x33e480)
HLE: W {PPU[1] Thread (main_thread)[0x30009094]} cellGcmSys warning: cellGcmSetTile(index=13, location=0, offset=16711680, size=3801088, pitch=5120, comp=0, base=0, bank=0)
HLE: W {PPU[1] Thread (main_thread)[0x30009094]} cellGcmSys warning: cellGcmSetTile(index=14, location=0, offset=20512768, size=3801088, pitch=5120, comp=0, base=0, bank=0)
HLE: W {PPU[1] Thread (main_thread)[0x30009094]} cellGcmSys warning: cellGcmSetTile(index=0, location=0, offset=0, size=5570560, pitch=5120, comp=0, base=0, bank=2)
HLE: W {PPU[1] Thread (main_thread)[0x30009094]} cellGcmSys warning: cellGcmSetTile(index=1, location=0, offset=5570560, size=5570560, pitch=5120, comp=0, base=0, bank=2)
HLE: W {PPU[1] Thread (main_thread)[0x30009094]} cellGcmSys warning: cellGcmSetTile(index=2, location=0, offset=11141120, size=5570560, pitch=5120, comp=10, base=0, bank=0)
HLE: E {PPU[1] Thread (main_thread)[0x30009094]} cellGcmSys error: cellGcmSetTile: bad compression mode! (10)
HLE: E {PPU[1] Thread (main_thread)[0x300090a0]} cellGcmSys TODO: cellGcmSetZcull(index=0, offset=0xaa0000, width=1280, height=1088, cullStart=0x0, zFormat=0x2, aaFormat=0x0, zCullDir=0x0, zCullFormat=0x1, sFunc=0x201, sRef=0x80, sMask=0xff)
HLE: W {PPU[1] Thread (main_thread)[0x00042950]} sys_event warning: sys_event_queue_create(equeue_id_addr=0x3baa74, attr_addr=0xd000f870, event_queue_key=0x0, size=64)
HLE: W {PPU[1] Thread (main_thread)[0x00042950]} sys_event warning: *** event_queue created [] (protocol=0x2, type=0x1, key=0x0, size=0x40): id = 64
HLE: ! {PPU[1] Thread (main_thread)[0x3001d01c]} sys_ppu_thread : *** New PPU Thread [ResMan] (joinable, entry=0x33c820): id = 65
HLE: W {PPU[1] Thread (main_thread)[0x000429bc]} sys_event warning: sys_event_port_create(eport_id_addr=0x3baa70, port_type=0x1, name=0x1234)
HLE: W {PPU[1] Thread (main_thread)[0x000429bc]} sys_event warning: *** sys_event_port created: id = 66
HLE: W {PPU[1] Thread (main_thread)[0x000429d8]} sys_event warning: sys_event_port_connect_local(eport_id=66, equeue_id=64)
HLE: W {PPU[1] Thread (main_thread)[0x3000707c]} cellSysutil warning: cellAudioOutGetSoundAvailability(audioOut=0, type=0, fs=0x4, option=0)
HLE: W {PPU[1] Thread (main_thread)[0x3000707c]} cellSysutil warning: cellAudioOutGetSoundAvailability(audioOut=0, type=1, fs=0x4, option=0)
HLE: W {PPU[1] Thread (main_thread)[0x30007040]} cellSysutil warning: cellAudioOutConfigure(audioOut=0, config_addr=0xd000f780, option_addr=0x0, waitForEvent=0)
HLE: W {PPU[1] Thread (main_thread)[0x3000d004]} cellAudio warning: cellAudioInit()
HLE: ! {Audio Thread} cellAudio : Audio thread started
HLE: W {PPU[1] Thread (main_thread)[0x3000d034]} cellAudio warning: cellAudioPortOpen(audioParam_addr=0x389fb8, portNum_addr=0x389ff8)
HLE: W {PPU[1] Thread (main_thread)[0x3000d034]} cellAudio warning: *** audio port opened(nChannel=8, nBlock=8, attr=0x0, level=1.000000): port = 0
HLE: W {PPU[1] Thread (main_thread)[0x3000d010]} cellAudio warning: cellAudioGetPortConfig(portNum=0x0, portConfig_addr=0x389fd8)
HLE: W {PPU[1] Thread (main_thread)[0x3001d034]} sys_lwmutex warning: sys_lwmutex_create(lwmutex_addr=0x436300, attr_addr=0xd000f610)
HLE: ! {PPU[1] Thread (main_thread)[0x3001d034]} sys_lwmutex : *** lwmutex created [] (attribute=0x22): sq_id = 67
HLE: W {PPU[1] Thread (main_thread)[0x0021083c]} sys_event warning: sys_event_queue_create(equeue_id_addr=0x438004, attr_addr=0xd000f74c, event_queue_key=0x0, size=32)
HLE: W {PPU[1] Thread (main_thread)[0x0021083c]} sys_event warning: *** event_queue created [Ð] (protocol=0x2, type=0x1, key=0x0, size=0x20): id = 68
HLE: W {PPU[1] Thread (main_thread)[0x00210864]} sys_spu warning: sys_spu_thread_group_create(id_addr=0x438108, num=1, prio=100, attr_addr=0xd000f73c)
HLE: ! {PPU[1] Thread (main_thread)[0x00210864]} sys_spu : *** SPU Thread Group created [_Multistream Thread Group] (num=1, prio=100, type=0x0, container=0): id=69
HLE: W {PPU[1] Thread (main_thread)[0x3001d0ac]} sysPrxForUser warning: sys_spu_image_import(img=0x43810c, src=0x314a00, type=1)
HLE: W {PPU[1] Thread (main_thread)[0x002108f4]} sys_spu warning: sys_spu_thread_initialize(thread_addr=0x436604, group=0x45, spu_num=0, img_addr=0x43810c, attr_addr=0xd000f730, arg_addr=0xd000f760)
HLE: W {PPU[1] Thread (main_thread)[0x002108f4]} sys_spu warning: *** New SPU Thread [_Multistream SPU Thread] (ep=0x0, opt=0x0, a1=0x2356c0, a2=0x80, a3=0xd000f820, a4=0x24000024302276d0): id=70, spu_offset=0x337c0000
HLE: W {PPU[1] Thread (main_thread)[0x00210918]} sys_spu warning: sys_spu_thread_connect_event(id=70, eq_id=68, event_type=0x1, spup=42)
HLE: W {PPU[1] Thread (main_thread)[0x00210930]} sys_spu warning: sys_spu_thread_group_start(id=69)
SPU: E {SPU[70] Thread (_Multistream SPU Thread)[0x00000000]} SPURecompilerCore::Compile(ls_addr=0x0): branch to 0x0 opcode
TTY: MULTISTREAM: SPU thread started successfully (Thread ID : 46)
HLE: ! {PPU[1] Thread (main_thread)[0x30005034]} sys_fs : "/dev_flash/sys/external/flashATRAC.pic" opened: fd = 71
HLE: W {PPU[1] Thread (main_thread)[0x30005004]} sys_fs warning: cellFsClose(fd=71)
HLE: W {PPU[1] Thread (main_thread)[0x002103f0]} sys_spu warning: sys_spu_thread_write_spu_mb(id=70, value=0xffdd)
RSX: W {VBlank thread} VBlank thread aborted
RSX: W {RSXThread} RSX thread aborted
HLE: W {Audio Thread} cellAudio warning: Audio thread aborted
HLE: W {PPU[1] Thread (main_thread)[0x00210414]} sys_event warning: sys_event_queue_receive(equeue=68) aborted
HLE: W {PPU[59] Thread (RubadubSpursHdlr0)[0x00000000]} sys_lwcond warning: sys_lwcond_wait(id=56) aborted
HLE: W {PPU[65] Thread (ResMan)[0x000419b0]} sys_event warning: sys_event_queue_receive(equeue=64) aborted
HLE: W {PPU[62] Thread (spu_printf_handler)[0x00114710]} sys_event warning: sys_event_queue_receive(equeue=61) aborted
HLE: W {PPU[59] Thread (RubadubSpursHdlr0)[0x00000000]} sys_lwcond warning: sys_lwcond_wait(id=56) failed (EPERM)
PPU: ! {PPU Recompilation Engine} PPU LLVM Recompilation thread exiting.
