HLE: ! path: /dev_hdd0/game/
HLE: W No pause.bin found, Auto Pause will not work.
HLE: W No pause.bin found, Auto Pause will not work.
LDR: ! Loading 'D:\Emulateurs\Rpcs3\dev_hdd0\game\NPEA00054/USRDIR/BOOT.BIN'...
LDR: !  
LDR: ! Mount info:
LDR: ! /dev_hdd0/ -> ./dev_hdd0/
LDR: ! /dev_hdd1/ -> ./dev_hdd1/
LDR: ! /dev_flash/ -> ./dev_flash/
LDR: ! /dev_usb000/ -> ./dev_usb000/
LDR: ! /dev_usb/ -> ./dev_usb000/
LDR: ! /app_home/ -> D:\Emulateurs\Rpcs3\dev_hdd0\game\NPEA00054/
LDR: ! /dev_bdvd/ -> D:\Emulateurs\Rpcs3\dev_hdd0\game\NPEA00054//../
LDR: ! /host_root/ -> 
LDR: ! /app_home/PS3_GAME/USRDIR/ -> D:\Emulateurs\Rpcs3\dev_hdd0\game\NPEA00054//USRDIR/
LDR: ! /dev_flash2/ -> ./dev_flash2/
LDR: ! /app_home/Game/PS3_GAME/USRDIR/ -> D:\Emulateurs\Rpcs3\dev_hdd0\game\NPEA00054//USRDIR/
LDR: ! //dev_hdd0/ -> ./dev_hdd0/
LDR: ! / -> D:\Emulateurs\Rpcs3\dev_hdd0\game\NPEA00054//USRDIR/
LDR: !  
LDR: ! Title: PAIN
LDR: ! Serial: NPEA00054
LDR: !  
MEM: ! Initializing memory: m_base_addr = 0x8c44140000
MEM: ! Memory initialized.
LDR: ! Imported function 'cellCameraStop' in 'cellCamera' module
LDR: ! Imported function 'cellCameraGetBufferInfoEx' in 'cellCamera' module
LDR: ! Imported function 'cellCameraReadEx' in 'cellCamera' module
LDR: ! Imported function 'cellCameraClose' in 'cellCamera' module
LDR: ! Imported function 'cellCameraStart' in 'cellCamera' module
LDR: ! Imported function 'cellCameraGetType' in 'cellCamera' module
LDR: ! Imported function 'cellCameraEnd' in 'cellCamera' module
LDR: ! Imported function 'cellCameraOpenEx' in 'cellCamera' module
LDR: ! Imported function 'cellCameraIsAttached' in 'cellCamera' module
LDR: ! Imported function 'cellCameraReset' in 'cellCamera' module
LDR: ! Imported function 'cellCameraInit' in 'cellCamera' module
LDR: W Unknown module 'libgem'
LDR: ! Imported function 'cellGemUpdateStart' in 'libgem' module
LDR: ! Imported function 'cellGemInit' in 'libgem' module
LDR: ! Imported function 'cellGemGetMemorySize' in 'libgem' module
LDR: ! Imported function 'cellGemUpdateFinish' in 'libgem' module
LDR: ! Imported function 'cellGemSetRumble' in 'libgem' module
LDR: ! Imported function 'cellGemGetState' in 'libgem' module
LDR: ! Imported function 'cellGemFilterState' in 'libgem' module
LDR: ! Imported function 'cellGemTrackHues' in 'libgem' module
LDR: ! Imported function 'cellGemGetImageState' in 'libgem' module
LDR: ! Imported function 'cellGemClearStatusFlags' in 'libgem' module
LDR: ! Imported function 'cellGemGetInfo' in 'libgem' module
LDR: ! Imported function 'cellGemPrepareCamera' in 'libgem' module
LDR: ! Imported function 'cellGemCalibrate' in 'libgem' module
LDR: ! Imported function 'cellGemForceRGB' in 'libgem' module
LDR: ! Imported function 'cellGemGetInertialState' in 'libgem' module
LDR: ! Imported function 'cellGemEnd' in 'libgem' module
LDR: ! Imported function 'cellGemInvalidateCalibration' in 'libgem' module
LDR: ! Imported function 'cellGemGetStatusFlags' in 'libgem' module
LDR: ! Imported function 'cellFsRmdir' in 'sys_fs' module
LDR: ! Imported function 'cellFsClose' in 'sys_fs' module
LDR: ! Imported function 'cellFsOpendir' in 'sys_fs' module
LDR: ! Imported function 'cellFsRead' in 'sys_fs' module
LDR: ! Imported function 'cellFsReaddir' in 'sys_fs' module
LDR: ! Imported function 'cellFsOpen' in 'sys_fs' module
LDR: ! Imported function 'cellFsStat' in 'sys_fs' module
LDR: ! Imported function 'cellFsUnlink' in 'sys_fs' module
LDR: ! Imported function 'cellFsLseek' in 'sys_fs' module
LDR: ! Imported function 'cellFsGetFreeSize' in 'sys_fs' module
LDR: ! Imported function 'cellFsMkdir' in 'sys_fs' module
LDR: ! Imported function 'cellFsWrite' in 'sys_fs' module
LDR: ! Imported function 'cellFsFstat' in 'sys_fs' module
LDR: ! Imported function 'cellFsRename' in 'sys_fs' module
LDR: ! Imported function 'cellFsClosedir' in 'sys_fs' module
LDR: ! Imported function 'cellGcmGetLastFlipTime' in 'cellGcmSys' module
LDR: ! Imported function 'cellGcmSetUserHandler' in 'cellGcmSys' module
LDR: ! Imported function 'cellGcmSetQueueHandler' in 'cellGcmSys' module
LDR: ! Imported function '_cellGcmInitBody' in 'cellGcmSys' module
LDR: ! Imported function '_cellGcmSetFlipCommand' in 'cellGcmSys' module
LDR: ! Imported function 'cellGcmSortRemapEaIoAddress' in 'cellGcmSys' module
LDR: ! Imported function 'cellGcmGetOffsetTable' in 'cellGcmSys' module
LDR: ! Imported function '_cellGcmFunc15' in 'cellGcmSys' module
LDR: ! Imported function 'cellGcmSetFlipMode' in 'cellGcmSys' module
LDR: ! Imported function 'cellGcmSetDebugOutputLevel' in 'cellGcmSys' module
LDR: ! Imported function 'cellGcmMapMainMemory' in 'cellGcmSys' module
LDR: ! Imported function 'cellGcmSetFlipHandler' in 'cellGcmSys' module
LDR: ! Imported function 'cellGcmSetDisplayBuffer' in 'cellGcmSys' module
LDR: ! Imported function 'cellGcmGetControlRegister' in 'cellGcmSys' module
LDR: ! Imported function 'cellGcmSetVBlankHandler' in 'cellGcmSys' module
LDR: ! Imported function 'cellGcmSetFlipImmediate' in 'cellGcmSys' module
LDR: ! Imported function 'cellGcmSetInvalidateTile' in 'cellGcmSys' module
LDR: ! Imported function 'cellGcmSetGraphicsHandler' in 'cellGcmSys' module
LDR: ! Imported function 'cellGcmSetTile' in 'cellGcmSys' module
LDR: ! Imported function 'cellGcmSetZcull' in 'cellGcmSys' module
LDR: ! Imported function '_cellGcmSetFlipCommandWithWaitLabel' in 'cellGcmSys' module
LDR: ! Imported function 'cellGcmUnbindTile' in 'cellGcmSys' module
LDR: ! Imported function 'cellGcmUnmapIoAddress' in 'cellGcmSys' module
LDR: ! Imported function 'cellGcmGetConfiguration' in 'cellGcmSys' module
LDR: ! Imported function 'cellGcmGetLabelAddress' in 'cellGcmSys' module
LDR: ! Imported function 'cellSailGraphicsAdapterGetFrame2' in 'cellSail' module
LDR: ! Imported function 'cellSailPlayerSetSoundAdapter' in 'cellSail' module
LDR: ! Imported function 'cellSailGraphicsAdapterPtsToTimePosition' in 'cellSail' module
LDR: ! Imported function 'cellSailPlayerFinalize' in 'cellSail' module
LDR: ! Imported function 'cellSailPlayerSetGraphicsAdapter' in 'cellSail' module
LDR: ! Imported function 'cellSailGraphicsAdapterInitialize' in 'cellSail' module
LDR: ! Imported function 'cellSailPlayerInitialize2' in 'cellSail' module
LDR: ! Imported function 'cellSailGraphicsAdapterSetPreferredFormat' in 'cellSail' module
LDR: ! Imported function 'cellSailMemAllocatorInitialize' in 'cellSail' module
LDR: ! Imported function 'cellSailPlayerOpenStream' in 'cellSail' module
LDR: ! Imported function 'cellSailSoundAdapterInitialize' in 'cellSail' module
LDR: ! Imported function 'cellSailGraphicsAdapterUpdateAvSync' in 'cellSail' module
LDR: ! Imported function 'cellSailSoundAdapterPtsToTimePosition' in 'cellSail' module
LDR: ! Imported function 'cellSailGraphicsAdapterFinalize' in 'cellSail' module
LDR: ! Imported function 'cellSailPlayerAddDescriptor' in 'cellSail' module
LDR: ! Imported function 'cellSailSoundAdapterGetFrame' in 'cellSail' module
LDR: ! Imported function 'cellSailPlayerCloseStream' in 'cellSail' module
LDR: ! Imported function 'cellSailPlayerBoot' in 'cellSail' module
LDR: ! Imported function 'cellSailSoundAdapterFinalize' in 'cellSail' module
LDR: ! Imported function 'cellSailPlayerCreateDescriptor' in 'cellSail' module
LDR: ! Imported function 'cellSailPlayerStart' in 'cellSail' module
LDR: ! Imported function 'cellSailPlayerStop' in 'cellSail' module
LDR: ! Imported function 'cellSailSoundAdapterUpdateAvSync' in 'cellSail' module
LDR: ! Imported function 'cellSailSoundAdapterGetFormat' in 'cellSail' module
LDR: ! Imported function 'cellSailPlayerDestroyDescriptor' in 'cellSail' module
LDR: ! Imported function 'cellSailGraphicsAdapterGetFormat' in 'cellSail' module
LDR: ! Imported function 'cellSysmoduleUnloadModule' in 'cellSysmodule' module
LDR: ! Imported function 'cellSysmoduleLoadModule' in 'cellSysmodule' module
LDR: ! Imported function 'cellSysutilUnregisterCallback' in 'cellSysutil' module
LDR: ! Imported function 'cellVideoOutConfigure' in 'cellSysutil' module
LDR: ! Imported function 'cellSysutilCheckCallback' in 'cellSysutil' module
LDR: ! Imported function 'cellSysCacheMount' in 'cellSysutil' module
LDR: ! Imported function 'cellVideoOutGetDeviceInfo' in 'cellSysutil' module
LDR: W Unimplemented function 'cellOskDialogUnloadAsync' in 'cellSysutil' module
LDR: ! Imported function 'cellSysutilGetSystemParamInt' in 'cellSysutil' module
LDR: W Unimplemented function 'cellOskDialogDisableDimmer' in 'cellSysutil' module
LDR: ! Imported function 'cellAudioOutConfigure' in 'cellSysutil' module
LDR: W Unimplemented function 'cellWebBrowserConfigSetTabCount2' in 'cellSysutil' module
LDR: ! Imported function 'cellMsgDialogAbort' in 'cellSysutil' module
LDR: ! Imported function 'cellWebBrowserEstimate2' in 'cellSysutil' module
LDR: W Unimplemented function 'cellWebBrowserInitialize' in 'cellSysutil' module
LDR: ! Imported function 'cellVideoOutGetNumberOfDevice' in 'cellSysutil' module
LDR: ! Imported function 'cellMsgDialogOpen2' in 'cellSysutil' module
LDR: ! Imported function 'cellMsgDialogProgressBarReset' in 'cellSysutil' module
LDR: W Unimplemented function 'cellOskDialogAddSupportLanguage' in 'cellSysutil' module
LDR: W Unimplemented function 'cellWebBrowserConfig2' in 'cellSysutil' module
LDR: W Unimplemented function 'cellOskDialogLoadAsync' in 'cellSysutil' module
LDR: ! Imported function 'cellVideoOutGetState' in 'cellSysutil' module
LDR: ! Imported function 'cellSaveDataAutoSave2' in 'cellSysutil' module
LDR: W Unimplemented function 'cellWebBrowserShutdown' in 'cellSysutil' module
LDR: ! Imported function 'cellMsgDialogProgressBarInc' in 'cellSysutil' module
LDR: ! Imported function 'cellMsgDialogProgressBarSetMsg' in 'cellSysutil' module
LDR: ! Imported function 'cellSysutilRegisterCallback' in 'cellSysutil' module
LDR: ! Imported function 'cellVideoOutGetResolutionAvailability' in 'cellSysutil' module
LDR: W Unimplemented function 'cellWebBrowserCreate2' in 'cellSysutil' module
LDR: W Unimplemented function 'cellWebBrowserConfigSetUnknownMIMETypeHook2' in 'cellSysutil' module
LDR: W Unimplemented function 'cellOskDialogSetKeyLayoutOption' in 'cellSysutil' module
LDR: W Unimplemented function 'cellOskDialogAbort' in 'cellSysutil' module
LDR: ! Imported function 'cellAudioOutGetSoundAvailability' in 'cellSysutil' module
LDR: W Unimplemented function 'cellOskDialogSetInitialKeyLayout' in 'cellSysutil' module
LDR: W Unimplemented function 'cellWebBrowserConfigSetFunction2' in 'cellSysutil' module
LDR: ! Imported function 'cellVideoOutGetResolution' in 'cellSysutil' module
LDR: W Unimplemented function 'cellSaveDataDelete2' in 'cellSysutil' module
LDR: W Unimplemented function 'cellOskDialogSetLayoutMode' in 'cellSysutil' module
LDR: ! Imported function 'cellSaveDataAutoLoad2' in 'cellSysutil' module
LDR: W Unimplemented function 'cellWebBrowserConfigSetHeapSize2' in 'cellSysutil' module
LDR: ! Imported function 'cellSysutilGetSystemParamString' in 'cellSysutil' module
LDR: ! Imported function 'cellGameGetParamString' in 'cellGame' module
LDR: ! Imported function 'cellGameCreateGameData' in 'cellGame' module
LDR: ! Imported function 'cellGameContentPermit' in 'cellGame' module
LDR: ! Imported function 'cellGameContentErrorDialog' in 'cellGame' module
LDR: ! Imported function 'cellGameGetParamInt' in 'cellGame' module
LDR: ! Imported function 'cellGameDataCheck' in 'cellGame' module
LDR: ! Imported function 'cellGameGetSizeKB' in 'cellGame' module
LDR: ! Imported function 'cellGameBootCheck' in 'cellGame' module
LDR: W Unknown module 'cellMusicUtility'
LDR: ! Imported function 'cellMusicSetSelectionContext2' in 'cellMusicUtility' module
LDR: ! Imported function 'cellMusicSetVolume2' in 'cellMusicUtility' module
LDR: ! Imported function 'cellMusicGetPlaybackStatus2' in 'cellMusicUtility' module
LDR: ! Imported function 'cellMusicGetContentsId2' in 'cellMusicUtility' module
LDR: ! Imported function 'cellMusicFinalize2' in 'cellMusicUtility' module
LDR: ! Imported function 'cellMusicSetPlaybackCommand2' in 'cellMusicUtility' module
LDR: ! Imported function 'cellMusicInitialize2' in 'cellMusicUtility' module
LDR: ! Imported function 'cellMusicGetVolume2' in 'cellMusicUtility' module
LDR: ! Imported function 'sceNpBasicGetFriendListEntry' in 'sceNp' module
LDR: ! Imported function 'sceNpManagerGetTicket' in 'sceNp' module
LDR: ! Imported function 'sceNpManagerGetAccountAge' in 'sceNp' module
LDR: ! Imported function 'sceNpBasicAddBlockListEntry' in 'sceNp' module
LDR: ! Imported function 'sceNpScoreGetRankingByRangeAsync' in 'sceNp' module
LDR: ! Imported function 'sceNpScoreDestroyTitleCtx' in 'sceNp' module
LDR: ! Imported function 'sceNpScoreSetPlayerCharacterId' in 'sceNp' module
LDR: ! Imported function 'sceNpBasicAddFriend' in 'sceNp' module
LDR: ! Imported function 'sceNpScoreInit' in 'sceNp' module
LDR: ! Imported function 'sceNpScoreGetRankingByNpIdAsync' in 'sceNp' module
LDR: ! Imported function 'sceNpBasicSetPresence' in 'sceNp' module
LDR: ! Imported function 'sceNpLookupInit' in 'sceNp' module
LDR: ! Imported function 'sceNpManagerGetContentRatingFlag' in 'sceNp' module
LDR: ! Imported function 'sceNpScoreCreateTransactionCtx' in 'sceNp' module
LDR: ! Imported function 'sceNpBasicGetBlockListEntryCount' in 'sceNp' module
LDR: ! Imported function 'sceNpManagerRequestTicket2' in 'sceNp' module
LDR: ! Imported function 'sceNpScoreTerm' in 'sceNp' module
LDR: ! Imported function 'sceNpScorePollAsync' in 'sceNp' module
LDR: ! Imported function 'sceNpManagerGetStatus' in 'sceNp' module
LDR: ! Imported function 'sceNpDrmIsAvailable' in 'sceNp' module
LDR: ! Imported function 'sceNpBasicGetFriendListEntryCount' in 'sceNp' module
LDR: ! Imported function 'sceNpManagerGetAccountRegion' in 'sceNp' module
LDR: ! Imported function 'sceNpScoreCreateTitleCtx' in 'sceNp' module
LDR: ! Imported function 'sceNpBasicRegisterHandler' in 'sceNp' module
LDR: ! Imported function 'sceNpBasicAddPlayersHistoryAsync' in 'sceNp' module
LDR: ! Imported function 'sceNpInit' in 'sceNp' module
LDR: ! Imported function 'sceNpScoreDestroyTransactionCtx' in 'sceNp' module
LDR: ! Imported function 'sceNpLookupCreateTitleCtx' in 'sceNp' module
LDR: ! Imported function 'sceNpManagerRegisterCallback' in 'sceNp' module
LDR: ! Imported function 'sceNpManagerGetChatRestrictionFlag' in 'sceNp' module
LDR: ! Imported function 'sceNpScoreAbortTransaction' in 'sceNp' module
LDR: ! Imported function 'sceNpScoreRecordScoreAsync' in 'sceNp' module
LDR: ! Imported function 'sceNpBasicGetBlockListEntry' in 'sceNp' module
LDR: ! Imported function 'sceNpManagerGetNpId' in 'sceNp' module
LDR: ! Imported function 'sceNpTerm' in 'sceNp' module
LDR: ! Imported function 'sceNpManagerGetNetworkTime' in 'sceNp' module
LDR: ! Imported function 'sceNpManagerGetOnlineId' in 'sceNp' module
LDR: ! Imported function 'sceNpManagerGetOnlineName' in 'sceNp' module
LDR: W Unknown module 'sceNpCommerce2'
LDR: ! Imported function 'sceNpCommerce2DoCheckoutStartAsync' in 'sceNpCommerce2' module
LDR: ! Imported function 'sceNpCommerce2DestroyReq' in 'sceNpCommerce2' module
LDR: ! Imported function 'sceNpCommerce2Init' in 'sceNpCommerce2' module
LDR: ! Imported function 'sceNpCommerce2GetCategoryContentsStart' in 'sceNpCommerce2' module
LDR: ! Imported function 'sceNpCommerce2DoDlListFinishAsync' in 'sceNpCommerce2' module
LDR: ! Imported function 'sceNpCommerce2DoDlListStartAsync' in 'sceNpCommerce2' module
LDR: ! Imported function 'sceNpCommerce2DestroyCtx' in 'sceNpCommerce2' module
LDR: ! Imported function 'sceNpCommerce2GetCategoryContentsCreateReq' in 'sceNpCommerce2' module
LDR: ! Imported function 'sceNpCommerce2CreateSessionFinish' in 'sceNpCommerce2' module
LDR: ! Imported function 'sceNpCommerce2GetContentInfo' in 'sceNpCommerce2' module
LDR: ! Imported function 'sceNpCommerce2GetCategoryContentsGetResult' in 'sceNpCommerce2' module
LDR: ! Imported function 'sceNpCommerce2CreateSessionStart' in 'sceNpCommerce2' module
LDR: ! Imported function 'sceNpCommerce2DoCheckoutFinishAsync' in 'sceNpCommerce2' module
LDR: ! Imported function 'sceNpCommerce2InitGetCategoryContentsResult' in 'sceNpCommerce2' module
LDR: ! Imported function 'sceNpCommerce2CreateCtx' in 'sceNpCommerce2' module
LDR: ! Imported function 'sceNpCommerce2GetGameSkuInfoFromGameProductInfo' in 'sceNpCommerce2' module
LDR: ! Imported function 'sceNpCommerce2GetGameProductInfoFromContentInfo' in 'sceNpCommerce2' module
LDR: W Unimplemented function 'cellSslEnd' in 'cellSsl' module
LDR: W Unimplemented function 'cellSslCertificateLoader' in 'cellSsl' module
LDR: W Unimplemented function 'cellSslInit' in 'cellSsl' module
LDR: ! Imported function 'sys_net_set_resolver_configurations' in 'sys_net' module
LDR: ! Imported function 'sys_net_finalize_network' in 'sys_net' module
LDR: W Unimplemented function 'socketpoll' in 'sys_net' module
LDR: ! Imported function 'sys_net_initialize_network_ex' in 'sys_net' module
LDR: W Unimplemented function 'getsockname' in 'sys_net' module
LDR: ! Imported function 'recvfrom' in 'sys_net' module
LDR: ! Imported function 'listen' in 'sys_net' module
LDR: W Unimplemented function 'socketselect' in 'sys_net' module
LDR: W Unimplemented function 'getsockopt' in 'sys_net' module
LDR: ! Imported function '_sys_net_errno_loc' in 'sys_net' module
LDR: ! Imported function 'connect' in 'sys_net' module
LDR: ! Imported function 'socketclose' in 'sys_net' module
LDR: W Unimplemented function 'gethostbyname' in 'sys_net' module
LDR: ! Imported function 'setsockopt' in 'sys_net' module
LDR: ! Imported function 'sendto' in 'sys_net' module
LDR: ! Imported function 'socket' in 'sys_net' module
LDR: ! Imported function 'shutdown' in 'sys_net' module
LDR: W Unimplemented function 'inet_aton' in 'sys_net' module
LDR: ! Imported function 'bind' in 'sys_net' module
LDR: ! Imported function 'sys_net_show_ifconfig' in 'sys_net' module
LDR: ! Imported function 'accept' in 'sys_net' module
LDR: ! Imported function 'inet_addr' in 'sys_net' module
LDR: ! Imported function 'send' in 'sys_net' module
LDR: ! Imported function 'recv' in 'sys_net' module
LDR: ! Imported function 'sys_net_free_thread_context' in 'sys_net' module
LDR: ! Imported function 'cellNetCtlNetStartDialogLoadAsync' in 'cellNetCtl' module
LDR: W Unimplemented function 'cellGameUpdateCheckStartAsyncEx' in 'cellNetCtl' module
LDR: ! Imported function 'cellNetCtlNetStartDialogUnloadAsync' in 'cellNetCtl' module
LDR: W Unimplemented function 'cellGameUpdateTerm' in 'cellNetCtl' module
LDR: ! Imported function 'cellNetCtlGetState' in 'cellNetCtl' module
LDR: W Unimplemented function 'cellGameUpdateInit' in 'cellNetCtl' module
LDR: W Unimplemented function 'cellGameUpdateCheckFinishAsyncEx' in 'cellNetCtl' module
LDR: ! Imported function 'cellNetCtlTerm' in 'cellNetCtl' module
LDR: ! Imported function 'cellNetCtlGetInfo' in 'cellNetCtl' module
LDR: ! Imported function 'cellNetCtlInit' in 'cellNetCtl' module
LDR: ! Imported function 'cellPadInit' in 'sys_io' module
LDR: ! Imported function 'cellKbGetInfo' in 'sys_io' module
LDR: ! Imported function 'cellKbInit' in 'sys_io' module
LDR: ! Imported function 'cellPadSetPortSetting' in 'sys_io' module
LDR: ! Imported function 'cellPadGetData' in 'sys_io' module
LDR: ! Imported function 'cellKbSetCodeType' in 'sys_io' module
LDR: ! Imported function 'cellPadGetInfo2' in 'sys_io' module
LDR: ! Imported function 'cellKbEnd' in 'sys_io' module
LDR: ! Imported function 'cellKbSetReadMode' in 'sys_io' module
LDR: ! Imported function 'cellPadSetActDirect' in 'sys_io' module
LDR: ! Imported function 'cellKbRead' in 'sys_io' module
LDR: ! Imported function 'cellSyncMutexUnlock' in 'cellSync' module
LDR: ! Imported function 'cellSyncMutexInitialize' in 'cellSync' module
LDR: ! Imported function 'cellSyncMutexTryLock' in 'cellSync' module
LDR: ! Imported function 'cellSyncMutexLock' in 'cellSync' module
LDR: ! Imported function 'cellSpursAttributeSetNamePrefix' in 'cellSpurs' module
LDR: ! Imported function '_cellSpursAttributeInitialize' in 'cellSpurs' module
LDR: ! Imported function 'cellSpursAttributeSetSpuThreadGroupType' in 'cellSpurs' module
LDR: ! Imported function 'cellSpursInitializeWithAttribute' in 'cellSpurs' module
LDR: ! Imported function 'cellSpursFinalize' in 'cellSpurs' module
LDR: ! Imported function 'cellSpursRequestIdleSpu' in 'cellSpurs' module
LDR: ! Imported function 'cellSpursGetInfo' in 'cellSpurs' module
LDR: ! Imported function 'cellSpursDetachLv2EventQueue' in 'cellSpurs' module
LDR: ! Imported function 'cellSpursCreateTaskset' in 'cellSpurs' module
LDR: ! Imported function 'cellSpursRemoveWorkload' in 'cellSpurs' module
LDR: ! Imported function 'cellSpursWaitForWorkloadShutdown' in 'cellSpurs' module
LDR: ! Imported function 'cellSpursAddWorkload' in 'cellSpurs' module
LDR: ! Imported function 'cellSpursSetPriorities' in 'cellSpurs' module
LDR: ! Imported function 'cellSpursShutdownWorkload' in 'cellSpurs' module
LDR: ! Imported function 'cellSpursJoinTaskset' in 'cellSpurs' module
LDR: ! Imported function 'cellSpursShutdownTaskset' in 'cellSpurs' module
LDR: ! Imported function 'cellSpursAttachLv2EventQueue' in 'cellSpurs' module
LDR: ! Imported function 'cellSpursCreateTask' in 'cellSpurs' module
LDR: ! Imported function 'cellSpursSetExceptionEventHandler' in 'cellSpurs' module
LDR: ! Imported function 'cellSpursReadyCountStore' in 'cellSpurs' module
LDR: ! Imported function 'cellAudioInit' in 'cellAudio' module
LDR: ! Imported function 'cellAudioSetNotifyEventQueue' in 'cellAudio' module
LDR: ! Imported function 'cellAudioGetPortTimestamp' in 'cellAudio' module
LDR: ! Imported function 'cellAudioPortClose' in 'cellAudio' module
LDR: ! Imported function 'cellAudioPortStop' in 'cellAudio' module
LDR: ! Imported function 'cellAudioGetPortConfig' in 'cellAudio' module
LDR: ! Imported function 'cellAudioPortStart' in 'cellAudio' module
LDR: ! Imported function 'cellAudioQuit' in 'cellAudio' module
LDR: ! Imported function 'cellAudioPortOpen' in 'cellAudio' module
LDR: ! Imported function 'cellAudioGetPortBlockTag' in 'cellAudio' module
LDR: ! Imported function 'cellAudioRemoveNotifyEventQueue' in 'cellAudio' module
LDR: W Unknown module 'cellSearchUtility'
LDR: ! Imported function 'cellSearchGetMusicSelectionContext' in 'cellSearchUtility' module
LDR: ! Imported function 'cellSearchStartContentSearch' in 'cellSearchUtility' module
LDR: ! Imported function 'cellSearchStartListSearch' in 'cellSearchUtility' module
LDR: ! Imported function 'cellSearchGetContentInfoByOffset' in 'cellSearchUtility' module
LDR: ! Imported function 'cellSearchStartContentSearchInList' in 'cellSearchUtility' module
LDR: ! Imported function 'cellSearchEnd' in 'cellSearchUtility' module
LDR: ! Imported function 'cellSearchGetContentInfoByContentId' in 'cellSearchUtility' module
LDR: ! Imported function 'cellSearchFinalize' in 'cellSearchUtility' module
LDR: ! Imported function 'cellSearchInitialize' in 'cellSearchUtility' module
LDR: W Unknown module 'cellOskExtUtility'
LDR: ! Imported function 'cellOskDialogExtRegisterKeyboardEventHookCallback' in 'cellOskExtUtility' module
LDR: ! Imported function 'cellOskDialogExtSendFinishMessage' in 'cellOskExtUtility' module
LDR: ! Imported function 'cellOskDialogExtSetInitialScale' in 'cellOskExtUtility' module
LDR: ! Imported function 'cellOskDialogExtInputDeviceLock' in 'cellOskExtUtility' module
LDR: ! Imported function 'cellOskDialogExtRegisterConfirmWordFilterCallback' in 'cellOskExtUtility' module
LDR: ! Imported function 'sceNpTrophyRegisterContext' in 'sceNpTrophy' module
LDR: ! Imported function 'sceNpTrophyCreateHandle' in 'sceNpTrophy' module
LDR: ! Imported function 'sceNpTrophyDestroyContext' in 'sceNpTrophy' module
LDR: ! Imported function 'sceNpTrophyInit' in 'sceNpTrophy' module
LDR: ! Imported function 'sceNpTrophyGetGameInfo' in 'sceNpTrophy' module
LDR: ! Imported function 'sceNpTrophyDestroyHandle' in 'sceNpTrophy' module
LDR: ! Imported function 'sceNpTrophyUnlockTrophy' in 'sceNpTrophy' module
LDR: ! Imported function 'sceNpTrophyCreateContext' in 'sceNpTrophy' module
LDR: ! Imported function 'sceNpTrophyGetTrophyInfo' in 'sceNpTrophy' module
LDR: W Unknown module 'cellRec'
LDR: ! Imported function 'cellRecOpen' in 'cellRec' module
LDR: ! Imported function 'cellRecClose' in 'cellRec' module
LDR: ! Imported function 'cellRecStop' in 'cellRec' module
LDR: ! Imported function 'cellRecStart' in 'cellRec' module
LDR: ! Imported function 'cellRecQueryMemSize' in 'cellRec' module
LDR: W Unknown module 'cellVideoExportUtility'
LDR: ! Imported function 'cellVideoExportInitialize2' in 'cellVideoExportUtility' module
LDR: ! Imported function 'cellVideoExportFromFile' in 'cellVideoExportUtility' module
LDR: ! Imported function 'cellVideoExportFinalize' in 'cellVideoExportUtility' module
LDR: W Unknown module 'cellVideoUpload'
LDR: ! Imported function 'cellVideoUploadInitialize' in 'cellVideoUpload' module
LDR: W Unimplemented function 'cellVoiceStart' in 'cellVoice' module
LDR: W Unimplemented function 'cellVoiceDisconnectIPortFromOPort' in 'cellVoice' module
LDR: W Unimplemented function 'cellVoiceCreateNotifyEventQueue' in 'cellVoice' module
LDR: W Unimplemented function 'cellVoiceCreatePort' in 'cellVoice' module
LDR: W Unimplemented function 'cellVoiceSetNotifyEventQueue' in 'cellVoice' module
LDR: W Unimplemented function 'cellVoiceReadFromOPort' in 'cellVoice' module
LDR: W Unimplemented function 'cellVoiceWriteToIPort' in 'cellVoice' module
LDR: W Unimplemented function 'cellVoiceGetMuteFlag' in 'cellVoice' module
LDR: W Unimplemented function 'cellVoiceGetPortInfo' in 'cellVoice' module
LDR: W Unimplemented function 'cellVoiceSetPortAttr' in 'cellVoice' module
LDR: W Unimplemented function 'cellVoiceDeletePort' in 'cellVoice' module
LDR: W Unimplemented function 'cellVoiceConnectIPortToOPort' in 'cellVoice' module
LDR: W Unimplemented function 'cellVoiceInit' in 'cellVoice' module
LDR: W Unimplemented function 'cellVoiceStop' in 'cellVoice' module
LDR: W Unimplemented function 'cellVoiceSetMuteFlag' in 'cellVoice' module
LDR: W Unimplemented function 'cellVoiceEnd' in 'cellVoice' module
LDR: W Unimplemented function 'cellVoiceResetPort' in 'cellVoice' module
LDR: ! Imported function 'cellFontCreateRenderer' in 'cellFont' module
LDR: ! Imported function 'cellFontOpenFontsetOnMemory' in 'cellFont' module
LDR: ! Imported function 'cellFontGetHorizontalLayout' in 'cellFont' module
LDR: ! Imported function 'cellFontDestroyRenderer' in 'cellFont' module
LDR: ! Imported function 'cellFontSetupRenderScalePixel' in 'cellFont' module
LDR: ! Imported function 'cellFontSetEffectWeight' in 'cellFont' module
LDR: ! Imported function 'cellFontSetScalePixel' in 'cellFont' module
LDR: ! Imported function 'cellFontGetRenderCharGlyphMetrics' in 'cellFont' module
LDR: ! Imported function 'cellFontEndLibrary' in 'cellFont' module
LDR: ! Imported function 'cellFontBindRenderer' in 'cellFont' module
LDR: ! Imported function 'cellFontSetScalePoint' in 'cellFont' module
LDR: ! Imported function 'cellFontSetupRenderEffectSlant' in 'cellFont' module
LDR: ! Imported function 'cellFontEnd' in 'cellFont' module
LDR: ! Imported function 'cellFontSetEffectSlant' in 'cellFont' module
LDR: ! Imported function 'cellFontRenderCharGlyphImage' in 'cellFont' module
LDR: ! Imported function 'cellFontRenderSurfaceInit' in 'cellFont' module
LDR: ! Imported function 'cellFontGetFontIdCode' in 'cellFont' module
LDR: ! Imported function 'cellFontCloseFont' in 'cellFont' module
LDR: ! Imported function 'cellFontRenderSurfaceSetScissor' in 'cellFont' module
LDR: ! Imported function 'cellFontGetCharGlyphMetrics' in 'cellFont' module
LDR: ! Imported function 'cellFontInitializeWithRevision' in 'cellFont' module
LDR: ! Imported function 'cellFontUnbindRenderer' in 'cellFont' module
LDR: ! Imported function 'cellFontSetResolutionDpi' in 'cellFont' module
LDR: ! Imported function 'cellFontInitLibraryFreeTypeWithRevision' in 'cellFontFT' module
LDR: W Unknown module 'cellSysutilAvconfExt'
LDR: ! Imported function 'cellVideoOutGetScreenSize' in 'cellSysutilAvconfExt' module
LDR: W Unknown module 'LevelScriptExport'
LDR: ! Imported function 'Unknown func id: 0x08bf4cb1' in 'LevelScriptExport' module
LDR: ! Imported function 'Unknown func id: 0x403344ab' in 'LevelScriptExport' module
LDR: ! Imported function 'Unknown func id: 0x4470b346' in 'LevelScriptExport' module
LDR: ! Imported function 'Unknown func id: 0x4d918c6c' in 'LevelScriptExport' module
LDR: ! Imported function 'Unknown func id: 0x4e7b35fc' in 'LevelScriptExport' module
LDR: ! Imported function 'Unknown func id: 0x63100756' in 'LevelScriptExport' module
LDR: ! Imported function 'Unknown func id: 0x695df70d' in 'LevelScriptExport' module
LDR: ! Imported function 'Unknown func id: 0x7f3e54d6' in 'LevelScriptExport' module
LDR: ! Imported function 'Unknown func id: 0xac81efa7' in 'LevelScriptExport' module
LDR: ! Imported function 'Unknown func id: 0xe644dc64' in 'LevelScriptExport' module
LDR: W Unknown module 'libad_core'
LDR: ! Imported function 'Unknown func id: 0x260db83d' in 'libad_core' module
LDR: ! Imported function 'Unknown func id: 0x29acbc2f' in 'libad_core' module
LDR: ! Imported function 'Unknown func id: 0x4fe614d8' in 'libad_core' module
LDR: ! Imported function 'Unknown func id: 0x6ae5a677' in 'libad_core' module
LDR: ! Imported function 'Unknown func id: 0x78c41ff4' in 'libad_core' module
LDR: ! Imported function 'Unknown func id: 0x9104f4be' in 'libad_core' module
LDR: ! Imported function 'Unknown func id: 0xa642e894' in 'libad_core' module
LDR: ! Imported function 'Unknown func id: 0xac495eb8' in 'libad_core' module
LDR: ! Imported function 'Unknown func id: 0xdfa9d08d' in 'libad_core' module
LDR: ! Imported function 'Unknown func id: 0xe73c90ba' in 'libad_core' module
LDR: W Unknown module 'libad_async'
LDR: ! Imported function 'Unknown func id: 0x44946174' in 'libad_async' module
LDR: ! Imported function 'Unknown func id: 0x48b4da2f' in 'libad_async' module
LDR: ! Imported function 'Unknown func id: 0x7a7a1ed3' in 'libad_async' module
LDR: ! Imported function 'Unknown func id: 0x853e785d' in 'libad_async' module
LDR: ! Imported function 'Unknown func id: 0x889864b4' in 'libad_async' module
LDR: ! Imported function 'Unknown func id: 0x9fd61d8e' in 'libad_async' module
LDR: ! Imported function 'Unknown func id: 0xcf1cbcf5' in 'libad_async' module
LDR: W Unknown module 'libad_billboard_util'
LDR: ! Imported function 'Unknown func id: 0x47bc7bed' in 'libad_billboard_util' module
LDR: ! Imported function 'cellRtcFormatRfc3339LocalTime' in 'cellRtc' module
LDR: ! Imported function 'cellRtcGetCurrentClockLocalTime' in 'cellRtc' module
LDR: ! Imported function 'cellRtcGetCurrentTick' in 'cellRtc' module
LDR: ! Imported function 'cellRtcSetTime_t' in 'cellRtc' module
LDR: W Unknown module 'cellHttp'
LDR: ! Imported function 'cellHttpCreateTransaction' in 'cellHttp' module
LDR: ! Imported function 'cellHttpResponseGetStatusCode' in 'cellHttp' module
LDR: ! Imported function 'cellHttpClientSetRecvTimeout' in 'cellHttp' module
LDR: ! Imported function 'cellHttpInit' in 'cellHttp' module
LDR: ! Imported function 'cellHttpDestroyTransaction' in 'cellHttp' module
LDR: ! Imported function 'cellHttpResponseGetContentLength' in 'cellHttp' module
LDR: ! Imported function 'cellHttpCreateClient' in 'cellHttp' module
LDR: ! Imported function 'cellHttpResponseGetHeader' in 'cellHttp' module
LDR: ! Imported function 'cellHttpsInit' in 'cellHttp' module
LDR: ! Imported function 'cellHttpRecvResponse' in 'cellHttp' module
LDR: ! Imported function 'cellHttpClientSetSendTimeout' in 'cellHttp' module
LDR: ! Imported function 'cellHttpDestroyClient' in 'cellHttp' module
LDR: ! Imported function 'cellHttpSendRequest' in 'cellHttp' module
LDR: ! Imported function 'cellHttpClientPollConnections' in 'cellHttp' module
LDR: ! Imported function 'cellHttpEnd' in 'cellHttp' module
LDR: ! Imported function 'cellHttpClientSetConnTimeout' in 'cellHttp' module
LDR: W Unimplemented function 'cellHttpUtilParseUri' in 'cellHttpUtil' module
LDR: ! Imported function 'sys_lwmutex_lock' in 'sysPrxForUser' module
LDR: ! Imported function 'sys_lwmutex_unlock' in 'sysPrxForUser' module
LDR: ! Imported function 'sys_ppu_thread_create' in 'sysPrxForUser' module
LDR: ! Imported function 'sys_prx_load_module' in 'sysPrxForUser' module
LDR: ! Imported function '_sys_process_atexitspawn' in 'sysPrxForUser' module
LDR: ! Imported function 'sys_lwmutex_create' in 'sysPrxForUser' module
LDR: ! Imported function 'sys_ppu_thread_get_id' in 'sysPrxForUser' module
LDR: ! Imported function '_sys_heap_malloc' in 'sysPrxForUser' module
LDR: ! Imported function 'sys_mmapper_free_memory' in 'sysPrxForUser' module
LDR: ! Imported function 'sys_prx_register_library' in 'sysPrxForUser' module
LDR: ! Imported function '_sys_heap_memalign' in 'sysPrxForUser' module
LDR: ! Imported function '_sys_spu_printf_initialize' in 'sysPrxForUser' module
LDR: ! Imported function 'sys_mmapper_unmap_memory' in 'sysPrxForUser' module
LDR: ! Imported function 'Unknown func id: 0x4f7172c9' in 'sysPrxForUser' module
LDR: ! Imported function 'sys_game_process_exitspawn2' in 'sysPrxForUser' module
LDR: ! Imported function 'sys_initialize_tls' in 'sysPrxForUser' module
LDR: ! Imported function 'sys_prx_stop_module' in 'sysPrxForUser' module
LDR: ! Imported function 'sys_time_get_system_time' in 'sysPrxForUser' module
LDR: W Unimplemented function '_sys_heap_free' in 'sysPrxForUser' module
LDR: ! Imported function '_sys_process_at_Exitspawn' in 'sysPrxForUser' module
LDR: ! Imported function 'sys_prx_start_module' in 'sysPrxForUser' module
LDR: ! Imported function 'sys_prx_exitspawn_with_level' in 'sysPrxForUser' module
LDR: ! Imported function 'sys_ppu_thread_once' in 'sysPrxForUser' module
LDR: ! Imported function 'sys_lwmutex_trylock' in 'sysPrxForUser' module
LDR: W Unimplemented function '_sys_heap_delete_heap' in 'sysPrxForUser' module
LDR: ! Imported function 'sys_ppu_thread_exit' in 'sysPrxForUser' module
LDR: ! Imported function 'sys_mmapper_allocate_memory' in 'sysPrxForUser' module
LDR: ! Imported function '_sys_heap_create_heap' in 'sysPrxForUser' module
LDR: ! Imported function 'sys_lwmutex_destroy' in 'sysPrxForUser' module
LDR: ! Imported function 'sys_mmapper_map_memory' in 'sysPrxForUser' module
LDR: ! Imported function '_sys_spu_printf_finalize' in 'sysPrxForUser' module
LDR: ! Imported function 'sys_process_exit' in 'sysPrxForUser' module
LDR: ! Imported function 'sys_prx_unload_module' in 'sysPrxForUser' module
HLE: W {PPU[1] Thread (CPUThread)[0x0143d040]} sys_lwmutex warning: sys_lwmutex_create(lwmutex_addr=0x12106b8, attr_addr=0x5e3a54)
HLE: ! {PPU[1] Thread (CPUThread)[0x0143d040]} sys_lwmutex: *** lwmutex created [_lc_mtx] (attribute=0x12): sq_id = 3
HLE: W {PPU[1] Thread (CPUThread)[0x001fbbb8]} sys_memory warning: sys_memory_get_user_memory_size(mem_info_addr=0xd000fc04)
HLE: W {PPU[1] Thread (CPUThread)[0x0143d040]} sys_lwmutex warning: sys_lwmutex_create(lwmutex_addr=0x1210308, attr_addr=0x5e3a54)
HLE: ! {PPU[1] Thread (CPUThread)[0x0143d040]} sys_lwmutex: *** lwmutex created [_lc_mtx] (attribute=0x12): sq_id = 4
HLE: W {PPU[1] Thread (CPUThread)[0x0143d040]} sys_lwmutex warning: sys_lwmutex_create(lwmutex_addr=0x120f650, attr_addr=0x5e3a54)
HLE: ! {PPU[1] Thread (CPUThread)[0x0143d040]} sys_lwmutex: *** lwmutex created [_lc_mtx] (attribute=0x12): sq_id = 5
HLE: W {PPU[1] Thread (CPUThread)[0x0143d040]} sys_lwmutex warning: sys_lwmutex_create(lwmutex_addr=0x120f678, attr_addr=0x5e3a54)
HLE: ! {PPU[1] Thread (CPUThread)[0x0143d040]} sys_lwmutex: *** lwmutex created [_lc_mtx] (attribute=0x12): sq_id = 6
HLE: W {PPU[1] Thread (CPUThread)[0x0143d040]} sys_lwmutex warning: sys_lwmutex_create(lwmutex_addr=0x120f6a0, attr_addr=0x5e3a54)
HLE: ! {PPU[1] Thread (CPUThread)[0x0143d040]} sys_lwmutex: *** lwmutex created [_lc_mtx] (attribute=0x12): sq_id = 7
HLE: W {PPU[1] Thread (CPUThread)[0x0143d040]} sys_lwmutex warning: sys_lwmutex_create(lwmutex_addr=0x120f588, attr_addr=0x5e3a54)
HLE: ! {PPU[1] Thread (CPUThread)[0x0143d040]} sys_lwmutex: *** lwmutex created [_lc_mtx] (attribute=0x12): sq_id = 8
HLE: W {PPU[1] Thread (CPUThread)[0x0143d040]} sys_lwmutex warning: sys_lwmutex_create(lwmutex_addr=0x120f5b0, attr_addr=0x5e3a54)
HLE: ! {PPU[1] Thread (CPUThread)[0x0143d040]} sys_lwmutex: *** lwmutex created [_lc_mtx] (attribute=0x12): sq_id = 9
HLE: W {PPU[1] Thread (CPUThread)[0x0143d040]} sys_lwmutex warning: sys_lwmutex_create(lwmutex_addr=0x120f5d8, attr_addr=0x5e3a54)
HLE: ! {PPU[1] Thread (CPUThread)[0x0143d040]} sys_lwmutex: *** lwmutex created [_lc_mtx] (attribute=0x12): sq_id = 10
HLE: W {PPU[1] Thread (CPUThread)[0x0143d040]} sys_lwmutex warning: sys_lwmutex_create(lwmutex_addr=0x120f600, attr_addr=0x5e3a54)
HLE: ! {PPU[1] Thread (CPUThread)[0x0143d040]} sys_lwmutex: *** lwmutex created [_lc_mtx] (attribute=0x12): sq_id = 11
HLE: W {PPU[1] Thread (CPUThread)[0x0143d040]} sys_lwmutex warning: sys_lwmutex_create(lwmutex_addr=0x120f628, attr_addr=0x5e3a54)
HLE: ! {PPU[1] Thread (CPUThread)[0x0143d040]} sys_lwmutex: *** lwmutex created [_lc_mtx] (attribute=0x12): sq_id = 12
HLE: W {PPU[1] Thread (CPUThread)[0x0143d040]} sys_lwmutex warning: sys_lwmutex_create(lwmutex_addr=0x1376780, attr_addr=0x80bcb0)
HLE: ! {PPU[1] Thread (CPUThread)[0x0143d040]} sys_lwmutex: *** lwmutex created [_lgcmtx] (attribute=0x12): sq_id = 13
HLE: W {PPU[1] Thread (CPUThread)[0x0143d040]} sys_lwmutex warning: sys_lwmutex_create(lwmutex_addr=0x1376740, attr_addr=0x80bcc0)
HLE: ! {PPU[1] Thread (CPUThread)[0x0143d040]} sys_lwmutex: *** lwmutex created [_lgcmtx] (attribute=0x22): sq_id = 14
HLE: W {PPU[1] Thread (CPUThread)[0x005237bc]} sys_mutex warning: *** mutex created [] (protocol=0x2, recursive=false): id = 15
HLE: W {PPU[1] Thread (CPUThread)[0x0143d040]} sys_lwmutex warning: sys_lwmutex_create(lwmutex_addr=0x30100020, attr_addr=0x5e3a54)
HLE: ! {PPU[1] Thread (CPUThread)[0x0143d040]} sys_lwmutex: *** lwmutex created [_lc_mtx] (attribute=0x12): sq_id = 16
HLE: W {PPU[1] Thread (CPUThread)[0x0143d040]} sys_lwmutex warning: sys_lwmutex_create(lwmutex_addr=0x301000a0, attr_addr=0x5e3a54)
HLE: ! {PPU[1] Thread (CPUThread)[0x0143d040]} sys_lwmutex: *** lwmutex created [_lc_mtx] (attribute=0x12): sq_id = 17
HLE: W {PPU[1] Thread (CPUThread)[0x0143d040]} sys_lwmutex warning: sys_lwmutex_create(lwmutex_addr=0x30100130, attr_addr=0x5e3a54)
HLE: ! {PPU[1] Thread (CPUThread)[0x0143d040]} sys_lwmutex: *** lwmutex created [_lc_mtx] (attribute=0x12): sq_id = 18
HLE: W {PPU[1] Thread (CPUThread)[0x0143d040]} sys_lwmutex warning: sys_lwmutex_create(lwmutex_addr=0x30100190, attr_addr=0x5e3a54)
HLE: ! {PPU[1] Thread (CPUThread)[0x0143d040]} sys_lwmutex: *** lwmutex created [_lc_mtx] (attribute=0x12): sq_id = 19
HLE: W {PPU[1] Thread (CPUThread)[0x0143d040]} sys_lwmutex warning: sys_lwmutex_create(lwmutex_addr=0x301001d0, attr_addr=0x5e3a54)
HLE: ! {PPU[1] Thread (CPUThread)[0x0143d040]} sys_lwmutex: *** lwmutex created [_lc_mtx] (attribute=0x12): sq_id = 20
HLE: W {PPU[1] Thread (CPUThread)[0x0143d040]} sys_lwmutex warning: sys_lwmutex_create(lwmutex_addr=0x30100210, attr_addr=0x5e3a54)
HLE: ! {PPU[1] Thread (CPUThread)[0x0143d040]} sys_lwmutex: *** lwmutex created [_lc_mtx] (attribute=0x12): sq_id = 21
HLE: W {PPU[1] Thread (CPUThread)[0x0143d040]} sys_lwmutex warning: sys_lwmutex_create(lwmutex_addr=0x301002d0, attr_addr=0x5e3a54)
HLE: ! {PPU[1] Thread (CPUThread)[0x0143d040]} sys_lwmutex: *** lwmutex created [_lc_mtx] (attribute=0x12): sq_id = 22
HLE: W {PPU[1] Thread (CPUThread)[0x0143d040]} sys_lwmutex warning: sys_lwmutex_create(lwmutex_addr=0x30100300, attr_addr=0x5e3a54)
HLE: ! {PPU[1] Thread (CPUThread)[0x0143d040]} sys_lwmutex: *** lwmutex created [_lc_mtx] (attribute=0x12): sq_id = 23
HLE: W {PPU[1] Thread (CPUThread)[0x0143d040]} sys_lwmutex warning: sys_lwmutex_create(lwmutex_addr=0x30100330, attr_addr=0x5e3a54)
HLE: ! {PPU[1] Thread (CPUThread)[0x0143d040]} sys_lwmutex: *** lwmutex created [_lc_mtx] (attribute=0x12): sq_id = 24
HLE: W {PPU[1] Thread (CPUThread)[0x0143d040]} sys_lwmutex warning: sys_lwmutex_create(lwmutex_addr=0x30100360, attr_addr=0x5e3a54)
HLE: ! {PPU[1] Thread (CPUThread)[0x0143d040]} sys_lwmutex: *** lwmutex created [_lc_mtx] (attribute=0x12): sq_id = 25
HLE: W {PPU[1] Thread (CPUThread)[0x0143d040]} sys_lwmutex warning: sys_lwmutex_create(lwmutex_addr=0x30100390, attr_addr=0x5e3a54)
HLE: ! {PPU[1] Thread (CPUThread)[0x0143d040]} sys_lwmutex: *** lwmutex created [_lc_mtx] (attribute=0x12): sq_id = 26
HLE: W {PPU[1] Thread (CPUThread)[0x0143d040]} sys_lwmutex warning: sys_lwmutex_create(lwmutex_addr=0x301003c0, attr_addr=0x5e3a54)
HLE: ! {PPU[1] Thread (CPUThread)[0x0143d040]} sys_lwmutex: *** lwmutex created [_lc_mtx] (attribute=0x12): sq_id = 27
HLE: E {PPU[1] Thread (CPUThread)[0x0143d070]} sys_prx TODO: sys_prx_register_library(lib_addr=0x5e079c)
HLE: E {PPU[1] Thread (CPUThread)[0x0143d070]} sys_prx TODO: sys_prx_register_library(lib_addr=0x5e07b8)
HLE: E {PPU[1] Thread (CPUThread)[0x0143d070]} sys_prx TODO: sys_prx_register_library(lib_addr=0x5e07d4)
HLE: W {PPU[1] Thread (CPUThread)[0x001468e4]} sys_memory warning: sys_memory_container_create(cid_addr=0x12003d4, yield_size=0x100000)
HLE: W {PPU[1] Thread (CPUThread)[0x001468e4]} sys_memory warning: *** memory_container created(addr=0x30200000): id = 28
HLE: E {PPU[1] Thread (CPUThread)[0x000ebf08]} vm TODO: sys_vm_memory_map(vsize=0x2000000,psize=0x1400000,cidr=0xffffffff,flags=0x400,policy=0x1,addr=0xa39068)
TTY: Allocating a new 256MB address space.
HLE: W {PPU[1] Thread (CPUThread)[0x000ecb54]} sys_mmapper warning: sys_mmapper_allocate_address(size=0x10000000, flags=0x400, alignment=0x0, alloc_addr=0xa38fd8)
TTY: Allocating physical memory blocks.
HLE: W {PPU[1] Thread (CPUThread)[0x000ecb78]} sys_memory warning: sys_memory_get_user_memory_size(mem_info_addr=0xd000fbb0)
TTY: Available Memory 244318208
HLE: W {PPU[1] Thread (CPUThread)[0x0143d13c]} sys_mmapper warning: sys_mmapper_allocate_memory(size=0x9000000, flags=0x400, mem_id_addr=0xa38fdc)
TTY: Mapping the physical memory blocks to the address space.
HLE: W {PPU[1] Thread (CPUThread)[0x0143d160]} sys_mmapper warning: sys_mmapper_map_memory(start_addr=0x0, mem_id=0x1d, flags=0x40000)
HLE: E {PPU[1] Thread (CPUThread)[0x0143d160]} sys_mmapper error: sys_mmapper_map_memory failed!
HLE: W {PPU[1] Thread (CPUThread)[0x0143d13c]} sys_mmapper warning: sys_mmapper_allocate_memory(size=0x800000, flags=0x400, mem_id_addr=0xa38fe0)
HLE: W {PPU[1] Thread (CPUThread)[0x0143d13c]} sys_mmapper warning: sys_mmapper_allocate_memory(size=0x800000, flags=0x400, mem_id_addr=0xa38fe4)
HLE: W {PPU[1] Thread (CPUThread)[0x0143d13c]} sys_mmapper warning: sys_mmapper_allocate_memory(size=0x800000, flags=0x400, mem_id_addr=0xa38fe8)
HLE: W {PPU[1] Thread (CPUThread)[0x0143d13c]} sys_mmapper warning: sys_mmapper_allocate_memory(size=0x800000, flags=0x400, mem_id_addr=0xa38fec)
HLE: W {PPU[1] Thread (CPUThread)[0x0143d13c]} sys_mmapper warning: sys_mmapper_allocate_memory(size=0x800000, flags=0x400, mem_id_addr=0xa38ff0)
HLE: W {PPU[1] Thread (CPUThread)[0x0143d13c]} sys_mmapper warning: sys_mmapper_allocate_memory(size=0x800000, flags=0x400, mem_id_addr=0xa38ff4)
HLE: W {PPU[1] Thread (CPUThread)[0x0143d13c]} sys_mmapper warning: sys_mmapper_allocate_memory(size=0x800000, flags=0x400, mem_id_addr=0xa38ff8)
HLE: W {PPU[1] Thread (CPUThread)[0x0143d13c]} sys_mmapper warning: sys_mmapper_allocate_memory(size=0x800000, flags=0x400, mem_id_addr=0xa38ffc)
HLE: W {PPU[1] Thread (CPUThread)[0x0143d13c]} sys_mmapper warning: sys_mmapper_allocate_memory(size=0x800000, flags=0x400, mem_id_addr=0xa39000)
HLE: W {PPU[1] Thread (CPUThread)[0x0143d160]} sys_mmapper warning: sys_mmapper_map_memory(start_addr=0x9000000, mem_id=0x1e, flags=0x40000)
MEM: W {PPU[1] Thread (CPUThread)[0x0143d160]} MemoryBase::Map(0x9000000, 0x800000)
HLE: W {PPU[1] Thread (CPUThread)[0x0143d160]} sys_mmapper warning: sys_mmapper_map_memory(start_addr=0x9800000, mem_id=0x1f, flags=0x40000)
MEM: W {PPU[1] Thread (CPUThread)[0x0143d160]} MemoryBase::Map(0x9800000, 0x800000)
HLE: W {PPU[1] Thread (CPUThread)[0x0143d160]} sys_mmapper warning: sys_mmapper_map_memory(start_addr=0xa000000, mem_id=0x20, flags=0x40000)
MEM: W {PPU[1] Thread (CPUThread)[0x0143d160]} MemoryBase::Map(0xa000000, 0x800000)
HLE: W {PPU[1] Thread (CPUThread)[0x0143d160]} sys_mmapper warning: sys_mmapper_map_memory(start_addr=0xa800000, mem_id=0x21, flags=0x40000)
MEM: W {PPU[1] Thread (CPUThread)[0x0143d160]} MemoryBase::Map(0xa800000, 0x800000)
HLE: W {PPU[1] Thread (CPUThread)[0x0143d160]} sys_mmapper warning: sys_mmapper_map_memory(start_addr=0xb000000, mem_id=0x22, flags=0x40000)
MEM: W {PPU[1] Thread (CPUThread)[0x0143d160]} MemoryBase::Map(0xb000000, 0x800000)
HLE: W {PPU[1] Thread (CPUThread)[0x0143d160]} sys_mmapper warning: sys_mmapper_map_memory(start_addr=0xb800000, mem_id=0x23, flags=0x40000)
MEM: W {PPU[1] Thread (CPUThread)[0x0143d160]} MemoryBase::Map(0xb800000, 0x800000)
HLE: W {PPU[1] Thread (CPUThread)[0x0143d160]} sys_mmapper warning: sys_mmapper_map_memory(start_addr=0xc000000, mem_id=0x24, flags=0x40000)
MEM: W {PPU[1] Thread (CPUThread)[0x0143d160]} MemoryBase::Map(0xc000000, 0x800000)
HLE: W {PPU[1] Thread (CPUThread)[0x0143d160]} sys_mmapper warning: sys_mmapper_map_memory(start_addr=0xc800000, mem_id=0x25, flags=0x40000)
MEM: W {PPU[1] Thread (CPUThread)[0x0143d160]} MemoryBase::Map(0xc800000, 0x800000)
HLE: W {PPU[1] Thread (CPUThread)[0x0143d160]} sys_mmapper warning: sys_mmapper_map_memory(start_addr=0xd000000, mem_id=0x26, flags=0x40000)
MEM: W {PPU[1] Thread (CPUThread)[0x0143d160]} MemoryBase::Map(0xd000000, 0x800000)
HLE: W {PPU[1] Thread (CPUThread)[0x01401010]} cellSysmodule warning: cellSysmoduleLoadModule(CELL_SYSMODULE_FS)
HLE: W {PPU[1] Thread (CPUThread)[0x01401010]} cellSysmodule warning: cellSysmoduleLoadModule(CELL_SYSMODULE_NETCTL)
HLE: W {PPU[1] Thread (CPUThread)[0x01401010]} cellSysmodule warning: cellSysmoduleLoadModule(CELL_SYSMODULE_SYSUTIL_NP)
HLE: W {PPU[1] Thread (CPUThread)[0x01401010]} cellSysmodule warning: cellSysmoduleLoadModule(CELL_SYSMODULE_SYSUTIL_NP_COMMERCE2)
HLE: W {PPU[1] Thread (CPUThread)[0x01401010]} cellSysmodule warning: cellSysmoduleLoadModule(CELL_SYSMODULE_HTTP)
HLE: W {PPU[1] Thread (CPUThread)[0x01401010]} cellSysmodule warning: cellSysmoduleLoadModule(CELL_SYSMODULE_SYSUTIL_SEARCH)
HLE: W {PPU[1] Thread (CPUThread)[0x01401010]} cellSysmodule warning: cellSysmoduleLoadModule(CELL_SYSMODULE_SYSUTIL_MUSIC)
HLE: W {PPU[1] Thread (CPUThread)[0x01401010]} cellSysmodule warning: cellSysmoduleLoadModule(CELL_SYSMODULE_SYSUTIL_NP_TROPHY)
HLE: W {PPU[1] Thread (CPUThread)[0x01401010]} cellSysmodule warning: cellSysmoduleLoadModule(CELL_SYSMODULE_SYSUTIL_GAME)
HLE: W {PPU[1] Thread (CPUThread)[0x01401010]} cellSysmodule warning: cellSysmoduleLoadModule(CELL_SYSMODULE_L10N)
HLE: W {PPU[1] Thread (CPUThread)[0x01401010]} cellSysmodule warning: cellSysmoduleLoadModule(CELL_SYSMODULE_SAIL)
HLE: W {PPU[1] Thread (CPUThread)[0x01401010]} cellSysmodule warning: cellSysmoduleLoadModule(CELL_SYSMODULE_SYSUTIL_REC)
HLE: W {PPU[1] Thread (CPUThread)[0x01401010]} cellSysmodule warning: cellSysmoduleLoadModule(CELL_SYSMODULE_SYSUTIL_VIDEO_UPLOAD)
HLE: W {PPU[1] Thread (CPUThread)[0x01401010]} cellSysmodule warning: cellSysmoduleLoadModule(CELL_SYSMODULE_VIDEO_EXPORT)
HLE: W {PPU[1] Thread (CPUThread)[0x01401010]} cellSysmodule warning: cellSysmoduleLoadModule(CELL_SYSMODULE_SYSUTIL_OSK_EXT)
HLE: W {PPU[1] Thread (CPUThread)[0x01401010]} cellSysmodule warning: cellSysmoduleLoadModule(CELL_SYSMODULE_VOICE)
HLE: W {PPU[1] Thread (CPUThread)[0x01401010]} cellSysmodule warning: cellSysmoduleLoadModule((null))
HLE: W {PPU[1] Thread (CPUThread)[0x01401010]} cellSysmodule warning: cellSysmoduleLoadModule((null))
HLE: W {PPU[1] Thread (CPUThread)[0x01401010]} cellSysmodule warning: cellSysmoduleLoadModule((null))
HLE: W {PPU[1] Thread (CPUThread)[0x000ed424]} sys_spu warning: sys_spu_initialize(max_usable_spu=6, max_raw_spu=0)
HLE: W {PPU[1] Thread (CPUThread)[0x01401010]} cellSysmodule warning: cellSysmoduleLoadModule(CELL_SYSMODULE_SPURS)
HLE: W {PPU[1] Thread (CPUThread)[0x01417010]} cellSpurs warning: _cellSpursAttributeInitialize(attr_addr=0xd000f910, revision=2, sdkVersion=0x330000, nSpus=3, spuPriority=127, ppuPriority=78, exitIfNoWork=0)
HLE: W {PPU[1] Thread (CPUThread)[0x01417004]} cellSpurs warning: cellSpursAttributeSetNamePrefix(attr_addr=0xd000f910, prefix_addr=0x608278, size=9)
HLE: W {PPU[1] Thread (CPUThread)[0x0141701c]} cellSpurs warning: cellSpursAttributeSetSpuThreadGroupType(attr_addr=0xd000f910, type=24)
HLE: W {PPU[1] Thread (CPUThread)[0x01417028]} cellSpurs warning: cellSpursInitializeWithAttribute(spurs_addr=0xa39080, attr_addr=0xd000f910)
HLE: ! {PPU[1] Thread (CPUThread)[0x01417028]} sys_semaphore: *** semaphore created [_spuWkl] (protocol=0x2): id = 39
HLE: ! {PPU[1] Thread (CPUThread)[0x01417028]} sys_semaphore: *** semaphore created [_spuWkl] (protocol=0x2): id = 40
HLE: ! {PPU[1] Thread (CPUThread)[0x01417028]} sys_semaphore: *** semaphore created [_spuWkl] (protocol=0x2): id = 41
HLE: ! {PPU[1] Thread (CPUThread)[0x01417028]} sys_semaphore: *** semaphore created [_spuWkl] (protocol=0x2): id = 42
HLE: ! {PPU[1] Thread (CPUThread)[0x01417028]} sys_semaphore: *** semaphore created [_spuWkl] (protocol=0x2): id = 43
HLE: ! {PPU[1] Thread (CPUThread)[0x01417028]} sys_semaphore: *** semaphore created [_spuWkl] (protocol=0x2): id = 44
HLE: ! {PPU[1] Thread (CPUThread)[0x01417028]} sys_semaphore: *** semaphore created [_spuWkl] (protocol=0x2): id = 45
HLE: ! {PPU[1] Thread (CPUThread)[0x01417028]} sys_semaphore: *** semaphore created [_spuWkl] (protocol=0x2): id = 46
HLE: ! {PPU[1] Thread (CPUThread)[0x01417028]} sys_semaphore: *** semaphore created [_spuWkl] (protocol=0x2): id = 47
HLE: ! {PPU[1] Thread (CPUThread)[0x01417028]} sys_semaphore: *** semaphore created [_spuWkl] (protocol=0x2): id = 48
HLE: ! {PPU[1] Thread (CPUThread)[0x01417028]} sys_semaphore: *** semaphore created [_spuWkl] (protocol=0x2): id = 49
HLE: ! {PPU[1] Thread (CPUThread)[0x01417028]} sys_semaphore: *** semaphore created [_spuWkl] (protocol=0x2): id = 50
HLE: ! {PPU[1] Thread (CPUThread)[0x01417028]} sys_semaphore: *** semaphore created [_spuWkl] (protocol=0x2): id = 51
HLE: ! {PPU[1] Thread (CPUThread)[0x01417028]} sys_semaphore: *** semaphore created [_spuWkl] (protocol=0x2): id = 52
HLE: ! {PPU[1] Thread (CPUThread)[0x01417028]} sys_semaphore: *** semaphore created [_spuWkl] (protocol=0x2): id = 53
HLE: ! {PPU[1] Thread (CPUThread)[0x01417028]} sys_semaphore: *** semaphore created [_spuWkl] (protocol=0x2): id = 54
HLE: ! {PPU[1] Thread (CPUThread)[0x01417028]} sys_semaphore: *** semaphore created [_spuPrv] (protocol=0x2): id = 55
HLE: E {PPU[1] Thread (CPUThread)[0x01417028]} sys_spu TODO: Unsupported SPU Thread Group type (0x18)
HLE: ! {PPU[1] Thread (CPUThread)[0x01417028]} sys_spu: *** SPU Thread Group created [MainSpursCellSpursKernelGroup] (num=3, prio=127, type=0x18, container=0): id=56
HLE: E {PPU[1] Thread (CPUThread)[0x01417028]} sys_spu TODO: Unsupported SPU Thread options (0x2)
HLE: W {PPU[1] Thread (CPUThread)[0x01417028]} sys_spu warning: *** New SPU Thread [MainSpursCellSpursKernel0] (ep=0x0, opt=0x2, a1=0x0, a2=0x0, a3=0x0, a4=0x0): id=57
HLE: E {PPU[1] Thread (CPUThread)[0x01417028]} sys_spu TODO: Unsupported SPU Thread options (0x2)
HLE: W {PPU[1] Thread (CPUThread)[0x01417028]} sys_spu warning: *** New SPU Thread [MainSpursCellSpursKernel1] (ep=0x0, opt=0x2, a1=0x0, a2=0x0, a3=0x0, a4=0x0): id=58
HLE: E {PPU[1] Thread (CPUThread)[0x01417028]} sys_spu TODO: Unsupported SPU Thread options (0x2)
HLE: W {PPU[1] Thread (CPUThread)[0x01417028]} sys_spu warning: *** New SPU Thread [MainSpursCellSpursKernel2] (ep=0x0, opt=0x2, a1=0x0, a2=0x0, a3=0x0, a4=0x0): id=59
HLE: ! {PPU[1] Thread (CPUThread)[0x01417028]} sys_lwmutex: *** lwmutex created [_spuPrv] (attribute=0x22): sq_id = 60
HLE: W {PPU[1] Thread (CPUThread)[0x01417028]} sys_lwcond warning: *** lwcond created [_spuPrv] (lwmutex_addr=0xa39eb0): id = 61
HLE: W {PPU[1] Thread (CPUThread)[0x01417028]} sys_event warning: *** event_queue created [_spuPrv] (protocol=0x1, type=0x1, key=0x0, size=0x2a): id = 62
HLE: W {PPU[1] Thread (CPUThread)[0x01417028]} sys_spu warning: sys_spu_thread_group_connect_event_all_threads(id=56, eq_id=62, req=0xffffffffffff0000, spup_addr=0xa39149)
HLE: W {PPU[1] Thread (CPUThread)[0x01417028]} sys_spu warning: *** spup -> 16
HLE: W {PPU[1] Thread (CPUThread)[0x01417028]} sys_event warning: *** sys_event_port created: id = 63
HLE: W {PPU[1] Thread (CPUThread)[0x01417028]} sys_event warning: sys_event_port_connect_local(eport_id=63, equeue_id=62)
HLE: ! {PPU[1] Thread (CPUThread)[0x01417028]} sys_ppu_thread: *** New PPU Thread [MainSpursSpursHdlr0] (joinable, entry=0x0): id = 64
HLE: ! {PPU[1] Thread (CPUThread)[0x01417028]} sys_ppu_thread: *** New PPU Thread [MainSpursSpursHdlr1] (joinable, entry=0x0): id = 65
HLE: E {PPU[1] Thread (CPUThread)[0x01417028]} sys_spu TODO: sys_spu_thread_group_connect_event(id=56, eq=62, et=0x2)
HLE: W {PPU[1] Thread (CPUThread)[0x01417010]} cellSpurs warning: _cellSpursAttributeInitialize(attr_addr=0xd000f910, revision=2, sdkVersion=0x330000, nSpus=2, spuPriority=127, ppuPriority=78, exitIfNoWork=0)
HLE: W {PPU[1] Thread (CPUThread)[0x01417004]} cellSpurs warning: cellSpursAttributeSetNamePrefix(attr_addr=0xd000f910, prefix_addr=0x608268, size=11)
HLE: W {PPU[1] Thread (CPUThread)[0x0141701c]} cellSpurs warning: cellSpursAttributeSetSpuThreadGroupType(attr_addr=0xd000f910, type=24)
HLE: W {PPU[1] Thread (CPUThread)[0x01417028]} cellSpurs warning: cellSpursInitializeWithAttribute(spurs_addr=0xa3a080, attr_addr=0xd000f910)
HLE: ! {PPU[1] Thread (CPUThread)[0x01417028]} sys_semaphore: *** semaphore created [_spuWkl] (protocol=0x2): id = 66
HLE: ! {PPU[1] Thread (CPUThread)[0x01417028]} sys_semaphore: *** semaphore created [_spuWkl] (protocol=0x2): id = 67
HLE: ! {PPU[1] Thread (CPUThread)[0x01417028]} sys_semaphore: *** semaphore created [_spuWkl] (protocol=0x2): id = 68
HLE: ! {PPU[1] Thread (CPUThread)[0x01417028]} sys_semaphore: *** semaphore created [_spuWkl] (protocol=0x2): id = 69
HLE: ! {PPU[1] Thread (CPUThread)[0x01417028]} sys_semaphore: *** semaphore created [_spuWkl] (protocol=0x2): id = 70
HLE: ! {PPU[1] Thread (CPUThread)[0x01417028]} sys_semaphore: *** semaphore created [_spuWkl] (protocol=0x2): id = 71
HLE: ! {PPU[1] Thread (CPUThread)[0x01417028]} sys_semaphore: *** semaphore created [_spuWkl] (protocol=0x2): id = 72
HLE: ! {PPU[1] Thread (CPUThread)[0x01417028]} sys_semaphore: *** semaphore created [_spuWkl] (protocol=0x2): id = 73
HLE: ! {PPU[1] Thread (CPUThread)[0x01417028]} sys_semaphore: *** semaphore created [_spuWkl] (protocol=0x2): id = 74
HLE: ! {PPU[1] Thread (CPUThread)[0x01417028]} sys_semaphore: *** semaphore created [_spuWkl] (protocol=0x2): id = 75
HLE: ! {PPU[1] Thread (CPUThread)[0x01417028]} sys_semaphore: *** semaphore created [_spuWkl] (protocol=0x2): id = 76
HLE: ! {PPU[1] Thread (CPUThread)[0x01417028]} sys_semaphore: *** semaphore created [_spuWkl] (protocol=0x2): id = 77
HLE: ! {PPU[1] Thread (CPUThread)[0x01417028]} sys_semaphore: *** semaphore created [_spuWkl] (protocol=0x2): id = 78
HLE: ! {PPU[1] Thread (CPUThread)[0x01417028]} sys_semaphore: *** semaphore created [_spuWkl] (protocol=0x2): id = 79
HLE: ! {PPU[1] Thread (CPUThread)[0x01417028]} sys_semaphore: *** semaphore created [_spuWkl] (protocol=0x2): id = 80
HLE: ! {PPU[1] Thread (CPUThread)[0x01417028]} sys_semaphore: *** semaphore created [_spuWkl] (protocol=0x2): id = 81
HLE: ! {PPU[1] Thread (CPUThread)[0x01417028]} sys_semaphore: *** semaphore created [_spuPrv] (protocol=0x2): id = 82
HLE: E {PPU[1] Thread (CPUThread)[0x01417028]} sys_spu TODO: Unsupported SPU Thread Group type (0x18)
HLE: ! {PPU[1] Thread (CPUThread)[0x01417028]} sys_spu: *** SPU Thread Group created [SecondSpursCellSpursKernelGroup] (num=2, prio=127, type=0x18, container=0): id=83
HLE: E {PPU[1] Thread (CPUThread)[0x01417028]} sys_spu TODO: Unsupported SPU Thread options (0x2)
HLE: W {PPU[1] Thread (CPUThread)[0x01417028]} sys_spu warning: *** New SPU Thread [SecondSpursCellSpursKernel0] (ep=0x0, opt=0x2, a1=0x0, a2=0x0, a3=0x0, a4=0x0): id=84
HLE: E {PPU[1] Thread (CPUThread)[0x01417028]} sys_spu TODO: Unsupported SPU Thread options (0x2)
HLE: W {PPU[1] Thread (CPUThread)[0x01417028]} sys_spu warning: *** New SPU Thread [SecondSpursCellSpursKernel1] (ep=0x0, opt=0x2, a1=0x0, a2=0x0, a3=0x0, a4=0x0): id=85
HLE: ! {PPU[1] Thread (CPUThread)[0x01417028]} sys_lwmutex: *** lwmutex created [_spuPrv] (attribute=0x22): sq_id = 86
HLE: W {PPU[1] Thread (CPUThread)[0x01417028]} sys_lwcond warning: *** lwcond created [_spuPrv] (lwmutex_addr=0xa3aeb0): id = 87
HLE: W {PPU[1] Thread (CPUThread)[0x01417028]} sys_event warning: *** event_queue created [_spuPrv] (protocol=0x1, type=0x1, key=0x0, size=0x2a): id = 88
HLE: W {PPU[1] Thread (CPUThread)[0x01417028]} sys_spu warning: sys_spu_thread_group_connect_event_all_threads(id=83, eq_id=88, req=0xffffffffffff0000, spup_addr=0xa3a149)
HLE: W {PPU[1] Thread (CPUThread)[0x01417028]} sys_spu warning: *** spup -> 16
HLE: W {PPU[1] Thread (CPUThread)[0x01417028]} sys_event warning: *** sys_event_port created: id = 89
HLE: W {PPU[1] Thread (CPUThread)[0x01417028]} sys_event warning: sys_event_port_connect_local(eport_id=89, equeue_id=88)
HLE: ! {PPU[1] Thread (CPUThread)[0x01417028]} sys_ppu_thread: *** New PPU Thread [SecondSpursSpursHdlr0] (joinable, entry=0x0): id = 90
HLE: ! {PPU[1] Thread (CPUThread)[0x01417028]} sys_ppu_thread: *** New PPU Thread [SecondSpursSpursHdlr1] (joinable, entry=0x0): id = 91
HLE: E {PPU[1] Thread (CPUThread)[0x01417028]} sys_spu TODO: sys_spu_thread_group_connect_event(id=83, eq=88, et=0x2)
HLE: W {PPU[1] Thread (CPUThread)[0x01417010]} cellSpurs warning: _cellSpursAttributeInitialize(attr_addr=0xd000f910, revision=2, sdkVersion=0x330000, nSpus=1, spuPriority=128, ppuPriority=79, exitIfNoWork=0)
HLE: W {PPU[1] Thread (CPUThread)[0x01417004]} cellSpurs warning: cellSpursAttributeSetNamePrefix(attr_addr=0xd000f910, prefix_addr=0x608258, size=10)
HLE: W {PPU[1] Thread (CPUThread)[0x01417028]} cellSpurs warning: cellSpursInitializeWithAttribute(spurs_addr=0xa3b080, attr_addr=0xd000f910)
HLE: ! {PPU[1] Thread (CPUThread)[0x01417028]} sys_semaphore: *** semaphore created [_spuWkl] (protocol=0x2): id = 92
HLE: ! {PPU[1] Thread (CPUThread)[0x01417028]} sys_semaphore: *** semaphore created [_spuWkl] (protocol=0x2): id = 93
HLE: ! {PPU[1] Thread (CPUThread)[0x01417028]} sys_semaphore: *** semaphore created [_spuWkl] (protocol=0x2): id = 94
HLE: ! {PPU[1] Thread (CPUThread)[0x01417028]} sys_semaphore: *** semaphore created [_spuWkl] (protocol=0x2): id = 95
HLE: ! {PPU[1] Thread (CPUThread)[0x01417028]} sys_semaphore: *** semaphore created [_spuWkl] (protocol=0x2): id = 96
HLE: ! {PPU[1] Thread (CPUThread)[0x01417028]} sys_semaphore: *** semaphore created [_spuWkl] (protocol=0x2): id = 97
HLE: ! {PPU[1] Thread (CPUThread)[0x01417028]} sys_semaphore: *** semaphore created [_spuWkl] (protocol=0x2): id = 98
HLE: ! {PPU[1] Thread (CPUThread)[0x01417028]} sys_semaphore: *** semaphore created [_spuWkl] (protocol=0x2): id = 99
HLE: ! {PPU[1] Thread (CPUThread)[0x01417028]} sys_semaphore: *** semaphore created [_spuWkl] (protocol=0x2): id = 100
HLE: ! {PPU[1] Thread (CPUThread)[0x01417028]} sys_semaphore: *** semaphore created [_spuWkl] (protocol=0x2): id = 101
HLE: ! {PPU[1] Thread (CPUThread)[0x01417028]} sys_semaphore: *** semaphore created [_spuWkl] (protocol=0x2): id = 102
HLE: ! {PPU[1] Thread (CPUThread)[0x01417028]} sys_semaphore: *** semaphore created [_spuWkl] (protocol=0x2): id = 103
HLE: ! {PPU[1] Thread (CPUThread)[0x01417028]} sys_semaphore: *** semaphore created [_spuWkl] (protocol=0x2): id = 104
HLE: ! {PPU[1] Thread (CPUThread)[0x01417028]} sys_semaphore: *** semaphore created [_spuWkl] (protocol=0x2): id = 105
HLE: ! {PPU[1] Thread (CPUThread)[0x01417028]} sys_semaphore: *** semaphore created [_spuWkl] (protocol=0x2): id = 106
HLE: ! {PPU[1] Thread (CPUThread)[0x01417028]} sys_semaphore: *** semaphore created [_spuWkl] (protocol=0x2): id = 107
HLE: ! {PPU[1] Thread (CPUThread)[0x01417028]} sys_semaphore: *** semaphore created [_spuPrv] (protocol=0x2): id = 108
HLE: ! {PPU[1] Thread (CPUThread)[0x01417028]} sys_spu: *** SPU Thread Group created [ThirdSpursCellSpursKernelGroup] (num=1, prio=128, type=0x0, container=0): id=109
HLE: E {PPU[1] Thread (CPUThread)[0x01417028]} sys_spu TODO: Unsupported SPU Thread options (0x2)
HLE: W {PPU[1] Thread (CPUThread)[0x01417028]} sys_spu warning: *** New SPU Thread [ThirdSpursCellSpursKernel0] (ep=0x0, opt=0x2, a1=0x0, a2=0x0, a3=0x0, a4=0x0): id=110
HLE: ! {PPU[1] Thread (CPUThread)[0x01417028]} sys_lwmutex: *** lwmutex created [_spuPrv] (attribute=0x22): sq_id = 111
HLE: W {PPU[1] Thread (CPUThread)[0x01417028]} sys_lwcond warning: *** lwcond created [_spuPrv] (lwmutex_addr=0xa3beb0): id = 112
HLE: W {PPU[1] Thread (CPUThread)[0x01417028]} sys_event warning: *** event_queue created [_spuPrv] (protocol=0x1, type=0x1, key=0x0, size=0x2a): id = 113
HLE: W {PPU[1] Thread (CPUThread)[0x01417028]} sys_spu warning: sys_spu_thread_group_connect_event_all_threads(id=109, eq_id=113, req=0xffffffffffff0000, spup_addr=0xa3b149)
HLE: W {PPU[1] Thread (CPUThread)[0x01417028]} sys_spu warning: *** spup -> 16
HLE: W {PPU[1] Thread (CPUThread)[0x01417028]} sys_event warning: *** sys_event_port created: id = 114
HLE: W {PPU[1] Thread (CPUThread)[0x01417028]} sys_event warning: sys_event_port_connect_local(eport_id=114, equeue_id=113)
HLE: ! {PPU[1] Thread (CPUThread)[0x01417028]} sys_ppu_thread: *** New PPU Thread [ThirdSpursSpursHdlr0] (joinable, entry=0x0): id = 115
HLE: ! {PPU[1] Thread (CPUThread)[0x01417028]} sys_ppu_thread: *** New PPU Thread [ThirdSpursSpursHdlr1] (joinable, entry=0x0): id = 116
HLE: E {PPU[1] Thread (CPUThread)[0x01417028]} sys_spu TODO: sys_spu_thread_group_connect_event(id=109, eq=113, et=0x2)
TTY: ===MemPool MainMem Info === 225443840 bytes available Before InitGameGraphics (215.00 meg)
HLE: W {PPU[1] Thread (CPUThread)[0x014030a0]} cellSysutil warning: cellVideoOutGetNumberOfDevice(videoOut=0)
HLE: W {PPU[1] Thread (CPUThread)[0x01403034]} cellSysutil warning: cellVideoOutGetDeviceInfo(videoOut=0, deviceIndex=0, info_addr=0xd000f930)
HLE: W {PPU[1] Thread (CPUThread)[0x01403130]} cellSysutil warning: cellVideoOutGetResolutionAvailability(videoOut=0, resolutionId=0x81, option_addr=0x0, aspect=0x0, option=0x44cd9bc0)
HLE: W {PPU[1] Thread (CPUThread)[0x01401010]} cellSysmodule warning: cellSysmoduleLoadModule(CELL_SYSMODULE_AVCONF_EXT)
HLE: W {PPU[1] Thread (CPUThread)[0x0142d004]} cellAvconfExt warning: cellVideoOutGetScreenSize(videoOut=0, screenSize_addr=0xd000f8f0)
HLE: W {PPU[1] Thread (CPUThread)[0x01401004]} cellSysmodule warning: cellSysmoduleUnloadModule(CELL_SYSMODULE_AVCONF_EXT)
G: E {PPU[1] Thread (CPUThread)[0x00171048]} Exception: Access violation: addr = 0x2c00000 (is_alive=1, last_syscall=0x0 (Unknown func id: 0x00000000))
PPU: ! {PPULLVMRecompiler} PPU LLVM compiler thread exiting.
HLE: ! All threads stopped...
MEM: ! Closing memory...
