HLE: ! path: /dev_hdd0/game/
HLE: W No pause.bin found, Auto Pause will not work.
HLE: W No pause.bin found, Auto Pause will not work.
LDR: ! Loading 'D:\Emulateurs\Rpcs3\dev_hdd0\game\NPEA00154/USRDIR/BOOT.BIN'...
LDR: !  
LDR: ! Mount info:
LDR: ! /dev_hdd0/ -> ./dev_hdd0/
LDR: ! /dev_hdd1/ -> ./dev_hdd1/
LDR: ! /dev_flash/ -> ./dev_flash/
LDR: ! /dev_usb000/ -> ./dev_usb000/
LDR: ! /dev_usb/ -> ./dev_usb000/
LDR: ! /app_home/ -> D:\Emulateurs\Rpcs3\dev_hdd0\game\NPEA00154/
LDR: ! /dev_bdvd/ -> D:\Emulateurs\Rpcs3\dev_hdd0\game\NPEA00154//../
LDR: ! /host_root/ -> 
LDR: ! /app_home/PS3_GAME/USRDIR/ -> D:\Emulateurs\Rpcs3\dev_hdd0\game\NPEA00154//USRDIR/
LDR: ! /dev_flash2/ -> ./dev_flash2/
LDR: ! /app_home/Game/PS3_GAME/USRDIR/ -> D:\Emulateurs\Rpcs3\dev_hdd0\game\NPEA00154//USRDIR/
LDR: ! //dev_hdd0/ -> ./dev_hdd0/
LDR: ! / -> D:\Emulateurs\Rpcs3\dev_hdd0\game\NPEA00154//USRDIR/
LDR: ! /app_home//dev_bdvd/PS3_GAME/USRDIR/data/gos/ -> D:\Emulateurs\Rpcs3\dev_hdd0\game\NPEA00154//USRDIR/
LDR: !  
LDR: ! Title: Gravity Crash™
LDR: ! Serial: NPEA00154
LDR: !  
LDR: W m_ehdr.e_type = 0x2
MEM: ! Initializing memory: base_addr = 0x32f3710000
MEM: ! Memory initialized.
LDR: ! Imported function 'cellFsClose' in 'sys_fs' module  (HLE)
LDR: ! Imported function 'cellFsRead' in 'sys_fs' module  (HLE)
LDR: ! Imported function 'cellFsOpen' in 'sys_fs' module  (HLE)
LDR: ! Imported function 'cellFsStat' in 'sys_fs' module  (HLE)
LDR: ! Imported function 'cellFsWrite' in 'sys_fs' module  (HLE)
LDR: ! Imported function 'cellFsRmdir' in 'sys_fs' module  (HLE)
LDR: ! Imported function 'cellFsOpendir' in 'sys_fs' module  (HLE)
LDR: ! Imported function 'cellFsReaddir' in 'sys_fs' module  (HLE)
LDR: ! Imported function 'cellFsSdataOpenByFd' in 'sys_fs' module  (HLE)
LDR: ! Imported function 'cellFsUnlink' in 'sys_fs' module  (HLE)
LDR: ! Imported function 'cellFsFsync' in 'sys_fs' module  (HLE)
LDR: ! Imported function 'cellFsLseek' in 'sys_fs' module  (HLE)
LDR: ! Imported function 'cellFsGetFreeSize' in 'sys_fs' module  (HLE)
LDR: ! Imported function 'cellFsSdataOpen' in 'sys_fs' module  (HLE)
LDR: ! Imported function 'cellFsMkdir' in 'sys_fs' module  (HLE)
LDR: ! Imported function 'cellFsFstat' in 'sys_fs' module  (HLE)
LDR: ! Imported function 'cellFsClosedir' in 'sys_fs' module  (HLE)
LDR: ! Imported function 'cellPadInit' in 'sys_io' module  (HLE)
LDR: ! Imported function 'cellPadEnd' in 'sys_io' module  (HLE)
LDR: ! Imported function 'cellPadGetData' in 'sys_io' module  (HLE)
LDR: ! Imported function 'cellPadGetInfo2' in 'sys_io' module  (HLE)
LDR: ! Imported function 'cellPadSetActDirect' in 'sys_io' module  (HLE)
LDR: ! Imported function 'cellSysutilUnregisterCallback' in 'cellSysutil' module  (HLE)
LDR: ! Imported function 'cellVideoOutConfigure' in 'cellSysutil' module  (HLE)
LDR: ! Imported function 'cellSysutilCheckCallback' in 'cellSysutil' module  (HLE)
LDR: W Unimplemented function 'cellOskDialogUnloadAsync' in 'cellSysutil' module (HLE)
LDR: ! Imported function 'cellMsgDialogOpenErrorCode' in 'cellSysutil' module  (HLE)
LDR: ! Imported function 'cellSysutilGetSystemParamInt' in 'cellSysutil' module  (HLE)
LDR: ! Imported function 'cellMsgDialogAbort' in 'cellSysutil' module  (HLE)
LDR: ! Imported function 'cellMsgDialogOpen2' in 'cellSysutil' module  (HLE)
LDR: W Unimplemented function 'cellOskDialogLoadAsync' in 'cellSysutil' module (HLE)
LDR: ! Imported function 'cellVideoOutGetState' in 'cellSysutil' module  (HLE)
LDR: ! Imported function 'cellSaveDataAutoSave2' in 'cellSysutil' module  (HLE)
LDR: ! Imported function 'cellSysutilRegisterCallback' in 'cellSysutil' module  (HLE)
LDR: W Unimplemented function 'cellOskDialogSetKeyLayoutOption' in 'cellSysutil' module (HLE)
LDR: W Unimplemented function 'cellOskDialogAbort' in 'cellSysutil' module (HLE)
LDR: W Unimplemented function 'cellOskDialogSetInitialKeyLayout' in 'cellSysutil' module (HLE)
LDR: ! Imported function 'cellVideoOutGetResolution' in 'cellSysutil' module  (HLE)
LDR: W Unimplemented function 'cellOskDialogSetLayoutMode' in 'cellSysutil' module (HLE)
LDR: W Unimplemented function 'cellOskDialogSetInitialInputDevice' in 'cellSysutil' module (HLE)
LDR: ! Imported function 'cellSaveDataAutoLoad2' in 'cellSysutil' module  (HLE)
LDR: ! Imported function 'cellAudioOutConfigure' in 'cellSysutil' module  (HLE)
LDR: ! Imported function 'cellSysutilGetBgmPlaybackStatus' in 'cellSysutil' module  (HLE)
LDR: ! Imported function 'cellAudioOutGetSoundAvailability' in 'cellSysutil' module  (HLE)
LDR: ! Imported function 'cellRescGetNumColorBuffers' in 'cellResc' module  (HLE)
LDR: ! Imported function 'cellRescSetWaitFlip' in 'cellResc' module  (HLE)
LDR: ! Imported function 'cellRescSetDsts' in 'cellResc' module  (HLE)
LDR: ! Imported function 'cellRescResetFlipStatus' in 'cellResc' module  (HLE)
LDR: ! Imported function 'cellRescAdjustAspectRatio' in 'cellResc' module  (HLE)
LDR: ! Imported function 'cellRescSetDisplayMode' in 'cellResc' module  (HLE)
LDR: ! Imported function 'cellRescSetConvertAndFlip' in 'cellResc' module  (HLE)
LDR: ! Imported function 'cellRescExit' in 'cellResc' module  (HLE)
LDR: ! Imported function 'cellRescSetFlipHandler' in 'cellResc' module  (HLE)
LDR: ! Imported function 'cellRescInit' in 'cellResc' module  (HLE)
LDR: ! Imported function 'cellRescGetBufferSize' in 'cellResc' module  (HLE)
LDR: ! Imported function 'cellRescGetLastFlipTime' in 'cellResc' module  (HLE)
LDR: ! Imported function 'cellRescSetSrc' in 'cellResc' module  (HLE)
LDR: ! Imported function 'cellRescSetBufferAddress' in 'cellResc' module  (HLE)
LDR: ! Imported function 'cellRescGetFlipStatus' in 'cellResc' module  (HLE)
LDR: ! Imported function 'cellRescSetVBlankHandler' in 'cellResc' module  (HLE)
LDR: ! Imported function 'cellRescCreateInterlaceTable' in 'cellResc' module  (HLE)
LDR: ! Imported function '_cellGcmInitBody' in 'cellGcmSys' module  (HLE)
LDR: ! Imported function '_cellGcmSetFlipCommand' in 'cellGcmSys' module  (HLE)
LDR: ! Imported function 'cellGcmAddressToOffset' in 'cellGcmSys' module  (HLE)
LDR: ! Imported function 'cellGcmIoOffsetToAddress' in 'cellGcmSys' module  (HLE)
LDR: ! Imported function '_cellGcmFunc15' in 'cellGcmSys' module  (HLE)
LDR: ! Imported function 'cellGcmBindTile' in 'cellGcmSys' module  (HLE)
LDR: ! Imported function 'cellGcmSetFlipMode' in 'cellGcmSys' module  (HLE)
LDR: ! Imported function 'cellGcmSetDebugOutputLevel' in 'cellGcmSys' module  (HLE)
LDR: ! Imported function 'cellGcmGetDefaultCommandWordSize' in 'cellGcmSys' module  (HLE)
LDR: ! Imported function 'cellGcmGetLastFlipTime' in 'cellGcmSys' module  (HLE)
LDR: ! Imported function 'cellGcmMapEaIoAddress' in 'cellGcmSys' module  (HLE)
LDR: ! Imported function 'cellGcmGetFlipStatus' in 'cellGcmSys' module  (HLE)
LDR: ! Imported function 'cellGcmGetDefaultSegmentWordSize' in 'cellGcmSys' module  (HLE)
LDR: ! Imported function 'cellGcmGetReport' in 'cellGcmSys' module  (HLE)
LDR: ! Imported function 'cellGcmSetDefaultFifoSize' in 'cellGcmSys' module  (HLE)
LDR: ! Imported function 'cellGcmBindZcull' in 'cellGcmSys' module  (HLE)
LDR: ! Imported function 'cellGcmMapMainMemory' in 'cellGcmSys' module  (HLE)
LDR: ! Imported function 'cellGcmSetFlipHandler' in 'cellGcmSys' module  (HLE)
LDR: ! Imported function 'cellGcmSetDisplayBuffer' in 'cellGcmSys' module  (HLE)
LDR: ! Imported function 'cellGcmGetControlRegister' in 'cellGcmSys' module  (HLE)
LDR: ! Imported function 'cellGcmGetReportDataLocation' in 'cellGcmSys' module  (HLE)
LDR: ! Imported function 'cellGcmUnbindZcull' in 'cellGcmSys' module  (HLE)
LDR: ! Imported function 'cellGcmSetVBlankHandler' in 'cellGcmSys' module  (HLE)
LDR: ! Imported function 'cellGcmResetFlipStatus' in 'cellGcmSys' module  (HLE)
LDR: ! Imported function 'cellGcmSetTileInfo' in 'cellGcmSys' module  (HLE)
LDR: ! Imported function 'cellGcmSetGraphicsHandler' in 'cellGcmSys' module  (HLE)
LDR: ! Imported function '_cellGcmSetFlipCommandWithWaitLabel' in 'cellGcmSys' module  (HLE)
LDR: ! Imported function 'cellGcmUnbindTile' in 'cellGcmSys' module  (HLE)
LDR: ! Imported function 'cellGcmGetConfiguration' in 'cellGcmSys' module  (HLE)
LDR: ! Imported function 'cellGcmGetLabelAddress' in 'cellGcmSys' module  (HLE)
LDR: ! Imported function 'cellSysmoduleUnloadModule' in 'cellSysmodule' module  (HLE)
LDR: ! Imported function 'cellSysmoduleLoadModule' in 'cellSysmodule' module  (HLE)
LDR: ! Imported function 'cellSysmoduleInitialize' in 'cellSysmodule' module  (HLE)
LDR: ! Imported function 'cellSysmoduleIsLoaded' in 'cellSysmodule' module  (HLE)
LDR: ! Imported function 'cellSpursAttributeEnableSpuPrintfIfAvailable' in 'cellSpurs' module  (HLE)
LDR: ! Imported function '_cellSpursTasksetAttributeInitialize' in 'cellSpurs' module  (HLE)
LDR: ! Imported function 'cellSpursCreateTaskWithAttribute' in 'cellSpurs' module  (HLE)
LDR: ! Imported function 'cellSpursTaskExitCodeInitialize' in 'cellSpurs' module  (HLE)
LDR: ! Imported function 'cellSpursTasksetAttributeSetName' in 'cellSpurs' module  (HLE)
LDR: ! Imported function 'cellSpursTasksetAttributeSetTasksetSize' in 'cellSpurs' module  (HLE)
LDR: ! Imported function '_cellSpursAttributeInitialize' in 'cellSpurs' module  (HLE)
LDR: ! Imported function 'cellSpursJoinTaskset' in 'cellSpurs' module  (HLE)
LDR: ! Imported function 'cellSpursTaskAttributeSetExitCodeContainer' in 'cellSpurs' module  (HLE)
LDR: ! Imported function 'cellSpursShutdownTaskset' in 'cellSpurs' module  (HLE)
LDR: ! Imported function 'cellSpursInitializeWithAttribute' in 'cellSpurs' module  (HLE)
LDR: ! Imported function '_cellSpursTaskAttributeInitialize' in 'cellSpurs' module  (HLE)
LDR: ! Imported function 'cellSpursCreateTasksetWithAttribute' in 'cellSpurs' module  (HLE)
LDR: ! Imported function 'cellSpursFinalize' in 'cellSpurs' module  (HLE)
LDR: ! Imported function 'cellSpursTaskExitCodeTryGet' in 'cellSpurs' module  (HLE)
LDR: ! Imported function 'sys_net_initialize_network_ex' in 'sys_net' module  (HLE)
LDR: ! Imported function 'sys_net_finalize_network' in 'sys_net' module  (HLE)
LDR: ! Imported function 'listen' in 'sys_net' module  (HLE)
LDR: W Unimplemented function 'socketselect' in 'sys_net' module (HLE)
LDR: ! Imported function '_sys_net_errno_loc' in 'sys_net' module  (HLE)
LDR: ! Imported function 'connect' in 'sys_net' module  (HLE)
LDR: ! Imported function 'socketclose' in 'sys_net' module  (HLE)
LDR: ! Imported function 'setsockopt' in 'sys_net' module  (HLE)
LDR: ! Imported function 'socket' in 'sys_net' module  (HLE)
LDR: ! Imported function 'bind' in 'sys_net' module  (HLE)
LDR: ! Imported function 'accept' in 'sys_net' module  (HLE)
LDR: ! Imported function 'inet_addr' in 'sys_net' module  (HLE)
LDR: ! Imported function 'send' in 'sys_net' module  (HLE)
LDR: ! Imported function 'recv' in 'sys_net' module  (HLE)
LDR: ! Imported function 'cellNetCtlNetStartDialogLoadAsync' in 'cellNetCtl' module  (HLE)
LDR: ! Imported function 'cellNetCtlNetStartDialogUnloadAsync' in 'cellNetCtl' module  (HLE)
LDR: ! Imported function 'cellNetCtlInit' in 'cellNetCtl' module  (HLE)
LDR: ! Imported function 'L10nConvertStr' in 'cellL10n' module  (HLE)
LDR: ! Imported function 'sceNpBasicGetFriendListEntry' in 'sceNp' module  (HLE)
LDR: ! Imported function 'sceNpManagerGetTicket' in 'sceNp' module  (HLE)
LDR: ! Imported function 'sceNpScoreGetRankingByRangeAsync' in 'sceNp' module  (HLE)
LDR: ! Imported function 'sceNpScoreDestroyTitleCtx' in 'sceNp' module  (HLE)
LDR: ! Imported function 'sceNpScoreInit' in 'sceNp' module  (HLE)
LDR: ! Imported function 'sceNpLookupAbortTransaction' in 'sceNp' module  (HLE)
LDR: ! Imported function 'sceNpScoreGetRankingByNpIdAsync' in 'sceNp' module  (HLE)
LDR: ! Imported function 'sceNpManagerUnregisterCallback' in 'sceNp' module  (HLE)
LDR: ! Imported function 'sceNpLookupDestroyTitleCtx' in 'sceNp' module  (HLE)
LDR: ! Imported function 'sceNpLookupInit' in 'sceNp' module  (HLE)
LDR: ! Imported function 'sceNpManagerGetContentRatingFlag' in 'sceNp' module  (HLE)
LDR: ! Imported function 'sceNpScoreCreateTransactionCtx' in 'sceNp' module  (HLE)
LDR: ! Imported function 'sceNpLookupPollAsync' in 'sceNp' module  (HLE)
LDR: ! Imported function 'sceNpManagerRequestTicket2' in 'sceNp' module  (HLE)
LDR: ! Imported function 'sceNpLookupTerm' in 'sceNp' module  (HLE)
LDR: ! Imported function 'sceNpScoreTerm' in 'sceNp' module  (HLE)
LDR: ! Imported function 'sceNpScorePollAsync' in 'sceNp' module  (HLE)
LDR: ! Imported function 'sceNpManagerGetStatus' in 'sceNp' module  (HLE)
LDR: ! Imported function 'sceNpDrmIsAvailable' in 'sceNp' module  (HLE)
LDR: ! Imported function 'sceNpBasicGetFriendListEntryCount' in 'sceNp' module  (HLE)
LDR: ! Imported function 'sceNpManagerGetAccountRegion' in 'sceNp' module  (HLE)
LDR: ! Imported function 'sceNpScoreCreateTitleCtx' in 'sceNp' module  (HLE)
LDR: ! Imported function 'sceNpManagerGetNetworkTime' in 'sceNp' module  (HLE)
LDR: ! Imported function 'sceNpManagerGetOnlineId' in 'sceNp' module  (HLE)
LDR: ! Imported function 'sceNpDrmVerifyUpgradeLicense2' in 'sceNp' module  (HLE)
LDR: ! Imported function 'sceNpScoreDestroyTransactionCtx' in 'sceNp' module  (HLE)
LDR: ! Imported function 'sceNpLookupCreateTitleCtx' in 'sceNp' module  (HLE)
LDR: ! Imported function 'sceNpLookupNpIdAsync' in 'sceNp' module  (HLE)
LDR: ! Imported function 'sceNpManagerRegisterCallback' in 'sceNp' module  (HLE)
LDR: ! Imported function 'sceNpLookupCreateTransactionCtx' in 'sceNp' module  (HLE)
LDR: ! Imported function 'sceNpScoreAbortTransaction' in 'sceNp' module  (HLE)
LDR: ! Imported function 'sceNpScoreRecordScoreAsync' in 'sceNp' module  (HLE)
LDR: ! Imported function 'sceNpLookupDestroyTransactionCtx' in 'sceNp' module  (HLE)
LDR: ! Imported function 'sceNpManagerGetNpId' in 'sceNp' module  (HLE)
LDR: ! Imported function 'sceNpDrmIsAvailable2' in 'sceNp' module  (HLE)
LDR: W Unimplemented function 'sceNp2Init' in 'sceNp2' module (HLE)
LDR: W Unknown module 'sceNpTus'
LDR: ! Imported function 'sceNpTusCreateTransactionCtx' in 'sceNpTus' module  (HLE)
LDR: ! Imported function 'sceNpTusPollAsync' in 'sceNpTus' module  (HLE)
LDR: ! Imported function 'sceNpTusAddAndGetVariableAsync' in 'sceNpTus' module  (HLE)
LDR: ! Imported function 'sceNpTusTerm' in 'sceNpTus' module  (HLE)
LDR: ! Imported function 'sceNpTusDestroyTitleCtx' in 'sceNpTus' module  (HLE)
LDR: ! Imported function 'sceNpTusDeleteMultiSlotDataAsync' in 'sceNpTus' module  (HLE)
LDR: ! Imported function 'sceNpTusAbortTransaction' in 'sceNpTus' module  (HLE)
LDR: ! Imported function 'sceNpTusDestroyTransactionCtx' in 'sceNpTus' module  (HLE)
LDR: ! Imported function 'sceNpTusGetDataAsync' in 'sceNpTus' module  (HLE)
LDR: ! Imported function 'sceNpTusCreateTitleCtx' in 'sceNpTus' module  (HLE)
LDR: ! Imported function 'sceNpTusInit' in 'sceNpTus' module  (HLE)
LDR: ! Imported function 'sceNpTusAddAndGetVariableVUserAsync' in 'sceNpTus' module  (HLE)
LDR: ! Imported function 'sceNpTusGetMultiSlotVariableAsync' in 'sceNpTus' module  (HLE)
LDR: ! Imported function 'sceNpTusTryAndSetVariableAsync' in 'sceNpTus' module  (HLE)
LDR: ! Imported function 'sceNpTusGetMultiUserVariableAsync' in 'sceNpTus' module  (HLE)
LDR: ! Imported function 'sceNpTusSetDataAsync' in 'sceNpTus' module  (HLE)
LDR: ! Imported function 'sceNpTusGetMultiSlotVariableVUserAsync' in 'sceNpTus' module  (HLE)
LDR: ! Imported function 'sceNpTrophyRegisterContext' in 'sceNpTrophy' module  (HLE)
LDR: ! Imported function 'sceNpTrophyCreateHandle' in 'sceNpTrophy' module  (HLE)
LDR: ! Imported function 'sceNpTrophyGetRequiredDiskSpace' in 'sceNpTrophy' module  (HLE)
LDR: ! Imported function 'sceNpTrophyDestroyContext' in 'sceNpTrophy' module  (HLE)
LDR: ! Imported function 'sceNpTrophyInit' in 'sceNpTrophy' module  (HLE)
LDR: ! Imported function 'sceNpTrophyAbortHandle' in 'sceNpTrophy' module  (HLE)
LDR: ! Imported function 'sceNpTrophyDestroyHandle' in 'sceNpTrophy' module  (HLE)
LDR: ! Imported function 'sceNpTrophyUnlockTrophy' in 'sceNpTrophy' module  (HLE)
LDR: ! Imported function 'sceNpTrophyTerm' in 'sceNpTrophy' module  (HLE)
LDR: ! Imported function 'sceNpTrophyCreateContext' in 'sceNpTrophy' module  (HLE)
LDR: ! Imported function 'cellUserInfoGetStat' in 'cellUserInfo' module  (HLE)
LDR: W Unknown module 'cellSysutilAvconfExt'
LDR: ! Imported function 'cellAudioInGetAvailableDeviceInfo' in 'cellSysutilAvconfExt' module  (HLE)
LDR: ! Imported function 'cellAudioInSetDeviceMode' in 'cellSysutilAvconfExt' module  (HLE)
LDR: ! Imported function 'cellAudioInRegisterDevice' in 'cellSysutilAvconfExt' module  (HLE)
LDR: ! Imported function 'cellAudioInUnregisterDevice' in 'cellSysutilAvconfExt' module  (HLE)
LDR: W Unimplemented function 'cellSslEnd' in 'cellSsl' module (HLE)
LDR: W Unimplemented function 'cellSslCertificateLoader' in 'cellSsl' module (HLE)
LDR: W Unimplemented function 'cellSslInit' in 'cellSsl' module (HLE)
LDR: W Unknown module 'cellHttp'
LDR: ! Imported function 'cellHttpCreateTransaction' in 'cellHttp' module  (HLE)
LDR: ! Imported function 'cellHttpResponseGetStatusCode' in 'cellHttp' module  (HLE)
LDR: ! Imported function 'cellHttpClientSetSslCallback' in 'cellHttp' module  (HLE)
LDR: ! Imported function 'cellHttpClientSetCookieRecvCallback' in 'cellHttp' module  (HLE)
LDR: ! Imported function 'cellHttpInit' in 'cellHttp' module  (HLE)
LDR: ! Imported function 'cellHttpTransactionAbortConnection' in 'cellHttp' module  (HLE)
LDR: ! Imported function 'cellHttpDestroyTransaction' in 'cellHttp' module  (HLE)
LDR: ! Imported function 'cellHttpClientSetCookieStatus' in 'cellHttp' module  (HLE)
LDR: ! Imported function 'cellHttpResponseGetContentLength' in 'cellHttp' module  (HLE)
LDR: ! Imported function 'cellHttpCreateClient' in 'cellHttp' module  (HLE)
LDR: ! Imported function 'cellHttpsInit' in 'cellHttp' module  (HLE)
LDR: ! Imported function 'cellHttpEndCookie' in 'cellHttp' module  (HLE)
LDR: ! Imported function 'cellHttpRecvResponse' in 'cellHttp' module  (HLE)
LDR: ! Imported function 'cellHttpInitCookie' in 'cellHttp' module  (HLE)
LDR: ! Imported function 'cellHttpDestroyClient' in 'cellHttp' module  (HLE)
LDR: ! Imported function 'cellHttpSendRequest' in 'cellHttp' module  (HLE)
LDR: ! Imported function 'cellHttpRequestSetContentLength' in 'cellHttp' module  (HLE)
LDR: ! Imported function 'cellHttpEnd' in 'cellHttp' module  (HLE)
LDR: ! Imported function 'cellHttpsEnd' in 'cellHttp' module  (HLE)
LDR: ! Imported function 'cellHttpRequestAddHeader' in 'cellHttp' module  (HLE)
LDR: W Unimplemented function 'cellHttpUtilParseUri' in 'cellHttpUtil' module (HLE)
LDR: W Unimplemented function 'cellHttpUtilEscapeUri' in 'cellHttpUtil' module (HLE)
LDR: W Unknown module 'sceNpCommerce2'
LDR: ! Imported function 'sceNpCommerce2DoCheckoutStartAsync' in 'sceNpCommerce2' module  (HLE)
LDR: ! Imported function 'sceNpCommerce2DestroyReq' in 'sceNpCommerce2' module  (HLE)
LDR: ! Imported function 'sceNpCommerce2Init' in 'sceNpCommerce2' module  (HLE)
LDR: ! Imported function 'sceNpCommerce2GetCategoryContentsStart' in 'sceNpCommerce2' module  (HLE)
LDR: ! Imported function 'sceNpCommerce2Term' in 'sceNpCommerce2' module  (HLE)
LDR: ! Imported function 'sceNpCommerce2CreateSessionAbort' in 'sceNpCommerce2' module  (HLE)
LDR: ! Imported function 'sceNpCommerce2DestroyCtx' in 'sceNpCommerce2' module  (HLE)
LDR: ! Imported function 'sceNpCommerce2GetCategoryContentsCreateReq' in 'sceNpCommerce2' module  (HLE)
LDR: ! Imported function 'sceNpCommerce2AbortReq' in 'sceNpCommerce2' module  (HLE)
LDR: ! Imported function 'sceNpCommerce2GetProductInfoStart' in 'sceNpCommerce2' module  (HLE)
LDR: ! Imported function 'sceNpCommerce2CreateSessionFinish' in 'sceNpCommerce2' module  (HLE)
LDR: ! Imported function 'sceNpCommerce2GetContentInfo' in 'sceNpCommerce2' module  (HLE)
LDR: ! Imported function 'sceNpCommerce2DestroyGetCategoryContentsResult' in 'sceNpCommerce2' module  (HLE)
LDR: ! Imported function 'sceNpCommerce2GetProductInfoCreateReq' in 'sceNpCommerce2' module  (HLE)
LDR: ! Imported function 'sceNpCommerce2GetCategoryInfo' in 'sceNpCommerce2' module  (HLE)
LDR: ! Imported function 'sceNpCommerce2GetProductInfoGetResult' in 'sceNpCommerce2' module  (HLE)
LDR: ! Imported function 'sceNpCommerce2GetCategoryContentsGetResult' in 'sceNpCommerce2' module  (HLE)
LDR: ! Imported function 'sceNpCommerce2CreateSessionStart' in 'sceNpCommerce2' module  (HLE)
LDR: ! Imported function 'sceNpCommerce2DoCheckoutFinishAsync' in 'sceNpCommerce2' module  (HLE)
LDR: ! Imported function 'sceNpCommerce2InitGetCategoryContentsResult' in 'sceNpCommerce2' module  (HLE)
LDR: ! Imported function 'sceNpCommerce2CreateCtx' in 'sceNpCommerce2' module  (HLE)
LDR: ! Imported function 'sceNpCommerce2GetGameSkuInfoFromGameProductInfo' in 'sceNpCommerce2' module  (HLE)
LDR: ! Imported function 'sceNpCommerce2GetGameProductInfoFromContentInfo' in 'sceNpCommerce2' module  (HLE)
LDR: ! Imported function 'sceNpCommerce2GetGameProductInfo' in 'sceNpCommerce2' module  (HLE)
LDR: ! Imported function 'sceNpCommerce2DestroyGetProductInfoResult' in 'sceNpCommerce2' module  (HLE)
LDR: ! Imported function 'sceNpCommerce2InitGetProductInfoResult' in 'sceNpCommerce2' module  (HLE)
LDR: ! Imported function 'sceNpCommerce2GetCategoryInfoFromContentInfo' in 'sceNpCommerce2' module  (HLE)
LDR: ! Imported function 'cellGameGetParamString' in 'cellGame' module  (HLE)
LDR: ! Imported function 'cellGameContentPermit' in 'cellGame' module  (HLE)
LDR: ! Imported function 'cellGameContentErrorDialog' in 'cellGame' module  (HLE)
LDR: ! Imported function 'cellGameBootCheck' in 'cellGame' module  (HLE)
LDR: ! Imported function 'cellRtcTickAddYears' in 'cellRtc' module  (HLE)
LDR: W Unimplemented function 'cellJpgEncQueryAttr' in 'cellJpgEnc' module (HLE)
LDR: W Unimplemented function 'cellJpgEncWaitForInput' in 'cellJpgEnc' module (HLE)
LDR: W Unimplemented function 'cellJpgEncGetStreamInfo' in 'cellJpgEnc' module (HLE)
LDR: W Unimplemented function 'cellJpgEncClose' in 'cellJpgEnc' module (HLE)
LDR: W Unimplemented function 'cellJpgEncWaitForOutput' in 'cellJpgEnc' module (HLE)
LDR: W Unimplemented function 'cellJpgEncOpen' in 'cellJpgEnc' module (HLE)
LDR: W Unimplemented function 'cellJpgEncEncodePicture' in 'cellJpgEnc' module (HLE)
LDR: ! Imported function 'cellPngDecCreate' in 'cellPngDec' module  (HLE)
LDR: ! Imported function 'cellPngDecDecodeData' in 'cellPngDec' module  (HLE)
LDR: ! Imported function 'cellPngDecClose' in 'cellPngDec' module  (HLE)
LDR: ! Imported function 'cellPngDecDestroy' in 'cellPngDec' module  (HLE)
LDR: ! Imported function 'cellPngDecReadHeader' in 'cellPngDec' module  (HLE)
LDR: ! Imported function 'cellPngDecOpen' in 'cellPngDec' module  (HLE)
LDR: ! Imported function 'cellPngDecSetParameter' in 'cellPngDec' module  (HLE)
LDR: ! Imported function 'cellAudioCreateNotifyEventQueue' in 'cellAudio' module  (HLE)
LDR: ! Imported function 'cellAudioInit' in 'cellAudio' module  (HLE)
LDR: ! Imported function 'cellAudioSetNotifyEventQueue' in 'cellAudio' module  (HLE)
LDR: ! Imported function 'cellAudioPortClose' in 'cellAudio' module  (HLE)
LDR: ! Imported function 'cellAudioPortStop' in 'cellAudio' module  (HLE)
LDR: ! Imported function 'cellAudioGetPortConfig' in 'cellAudio' module  (HLE)
LDR: ! Imported function 'cellAudioPortStart' in 'cellAudio' module  (HLE)
LDR: ! Imported function 'cellAudioQuit' in 'cellAudio' module  (HLE)
LDR: ! Imported function 'cellAudioPortOpen' in 'cellAudio' module  (HLE)
LDR: ! Imported function 'cellAudioRemoveNotifyEventQueue' in 'cellAudio' module  (HLE)
LDR: ! Imported function 'cellMicOpenEx' in 'cellMic' module  (HLE)
LDR: ! Imported function 'cellMicRead' in 'cellMic' module  (HLE)
LDR: ! Imported function 'cellMicSetNotifyEventQueue' in 'cellMic' module  (HLE)
LDR: ! Imported function 'cellMicInit' in 'cellMic' module  (HLE)
LDR: ! Imported function 'cellMicClose' in 'cellMic' module  (HLE)
LDR: ! Imported function 'cellMicEnd' in 'cellMic' module  (HLE)
LDR: ! Imported function 'cellMicStart' in 'cellMic' module  (HLE)
LDR: ! Imported function 'cellMicStop' in 'cellMic' module  (HLE)
LDR: ! Imported function 'sys_lwmutex_lock' in 'sysPrxForUser' module  (HLE)
LDR: ! Imported function 'sys_lwmutex_unlock' in 'sysPrxForUser' module  (HLE)
LDR: ! Imported function 'sys_lwcond_destroy' in 'sysPrxForUser' module  (HLE)
LDR: ! Imported function 'sys_ppu_thread_create' in 'sysPrxForUser' module  (HLE)
LDR: ! Imported function 'sys_prx_load_module' in 'sysPrxForUser' module  (HLE)
LDR: ! Imported function 'sys_lwcond_wait' in 'sysPrxForUser' module  (HLE)
LDR: ! Imported function '_sys_process_atexitspawn' in 'sysPrxForUser' module  (HLE)
LDR: ! Imported function 'sys_lwmutex_create' in 'sysPrxForUser' module  (HLE)
LDR: ! Imported function 'sys_ppu_thread_get_id' in 'sysPrxForUser' module  (HLE)
LDR: ! Imported function 'sys_prx_register_library' in 'sysPrxForUser' module  (HLE)
LDR: ! Imported function '_sys_spu_printf_initialize' in 'sysPrxForUser' module  (HLE)
LDR: ! Imported function 'Unknown func id: 0x4f7172c9' in 'sysPrxForUser' module  (HLE)
LDR: ! Imported function 'sys_spinlock_unlock' in 'sysPrxForUser' module  (HLE)
LDR: ! Imported function 'sys_spinlock_trylock' in 'sysPrxForUser' module  (HLE)
LDR: ! Imported function 'sys_initialize_tls' in 'sysPrxForUser' module  (HLE)
LDR: ! Imported function 'sys_time_get_system_time' in 'sysPrxForUser' module  (HLE)
LDR: ! Imported function 'sys_spinlock_initialize' in 'sysPrxForUser' module  (HLE)
LDR: ! Imported function '_sys_process_at_Exitspawn' in 'sysPrxForUser' module  (HLE)
LDR: ! Imported function 'sys_spinlock_lock' in 'sysPrxForUser' module  (HLE)
LDR: ! Imported function 'sys_prx_exitspawn_with_level' in 'sysPrxForUser' module  (HLE)
LDR: W Unimplemented function 'sys_prx_load_module_on_memcontainer_by_fd' in 'sysPrxForUser' module (HLE)
LDR: ! Imported function 'sys_ppu_thread_once' in 'sysPrxForUser' module  (HLE)
LDR: ! Imported function 'sys_prx_load_module_on_memcontainer' in 'sysPrxForUser' module  (HLE)
LDR: ! Imported function 'sys_ppu_thread_exit' in 'sysPrxForUser' module  (HLE)
LDR: ! Imported function 'sys_lwmutex_destroy' in 'sysPrxForUser' module  (HLE)
LDR: ! Imported function 'sys_lwcond_create' in 'sysPrxForUser' module  (HLE)
LDR: ! Imported function '_sys_spu_printf_finalize' in 'sysPrxForUser' module  (HLE)
LDR: ! Imported function 'sys_spu_image_close' in 'sysPrxForUser' module  (HLE)
LDR: ! Imported function 'sys_process_exit' in 'sysPrxForUser' module  (HLE)
LDR: ! Imported function 'sys_lwcond_signal_all' in 'sysPrxForUser' module  (HLE)
LDR: ! Imported function 'sys_spu_image_import' in 'sysPrxForUser' module  (HLE)
LDR: W Unimplemented function 'sys_prx_load_module_by_fd' in 'sysPrxForUser' module (HLE)
LDR: ! Imported function 'sys_lwcond_signal' in 'sysPrxForUser' module  (HLE)
HLE: W {PPU[1] Thread (main_thread)[0x00a08058]} sys_lwmutex warning: sys_lwmutex_create(lwmutex_addr=0x9e0ea8, attr_addr=0x309880)
HLE: ! {PPU[1] Thread (main_thread)[0x00a08058]} sys_lwmutex : *** lwmutex created [_lc_mtx] (attribute=0x12): sq_id = 3
HLE: W {PPU[1] Thread (main_thread)[0x002aca7c]} sys_memory warning: sys_memory_get_user_memory_size(mem_info_addr=0xd000fc04)
HLE: W {PPU[1] Thread (main_thread)[0x00a08058]} sys_lwmutex warning: sys_lwmutex_create(lwmutex_addr=0x9e0cb0, attr_addr=0x309880)
HLE: ! {PPU[1] Thread (main_thread)[0x00a08058]} sys_lwmutex : *** lwmutex created [_lc_mtx] (attribute=0x12): sq_id = 4
HLE: W {PPU[1] Thread (main_thread)[0x00a08058]} sys_lwmutex warning: sys_lwmutex_create(lwmutex_addr=0x9e0000, attr_addr=0x309880)
HLE: ! {PPU[1] Thread (main_thread)[0x00a08058]} sys_lwmutex : *** lwmutex created [_lc_mtx] (attribute=0x12): sq_id = 5
HLE: W {PPU[1] Thread (main_thread)[0x00a08058]} sys_lwmutex warning: sys_lwmutex_create(lwmutex_addr=0x9e0028, attr_addr=0x309880)
HLE: ! {PPU[1] Thread (main_thread)[0x00a08058]} sys_lwmutex : *** lwmutex created [_lc_mtx] (attribute=0x12): sq_id = 6
HLE: W {PPU[1] Thread (main_thread)[0x00a08058]} sys_lwmutex warning: sys_lwmutex_create(lwmutex_addr=0x9e0050, attr_addr=0x309880)
HLE: ! {PPU[1] Thread (main_thread)[0x00a08058]} sys_lwmutex : *** lwmutex created [_lc_mtx] (attribute=0x12): sq_id = 7
HLE: W {PPU[1] Thread (main_thread)[0x00a08058]} sys_lwmutex warning: sys_lwmutex_create(lwmutex_addr=0x9dff38, attr_addr=0x309880)
HLE: ! {PPU[1] Thread (main_thread)[0x00a08058]} sys_lwmutex : *** lwmutex created [_lc_mtx] (attribute=0x12): sq_id = 8
HLE: W {PPU[1] Thread (main_thread)[0x00a08058]} sys_lwmutex warning: sys_lwmutex_create(lwmutex_addr=0x9dff60, attr_addr=0x309880)
HLE: ! {PPU[1] Thread (main_thread)[0x00a08058]} sys_lwmutex : *** lwmutex created [_lc_mtx] (attribute=0x12): sq_id = 9
HLE: W {PPU[1] Thread (main_thread)[0x00a08058]} sys_lwmutex warning: sys_lwmutex_create(lwmutex_addr=0x9dff88, attr_addr=0x309880)
HLE: ! {PPU[1] Thread (main_thread)[0x00a08058]} sys_lwmutex : *** lwmutex created [_lc_mtx] (attribute=0x12): sq_id = 10
HLE: W {PPU[1] Thread (main_thread)[0x00a08058]} sys_lwmutex warning: sys_lwmutex_create(lwmutex_addr=0x9dffb0, attr_addr=0x309880)
HLE: ! {PPU[1] Thread (main_thread)[0x00a08058]} sys_lwmutex : *** lwmutex created [_lc_mtx] (attribute=0x12): sq_id = 11
HLE: W {PPU[1] Thread (main_thread)[0x00a08058]} sys_lwmutex warning: sys_lwmutex_create(lwmutex_addr=0x9dffd8, attr_addr=0x309880)
HLE: ! {PPU[1] Thread (main_thread)[0x00a08058]} sys_lwmutex : *** lwmutex created [_lc_mtx] (attribute=0x12): sq_id = 12
HLE: W {PPU[1] Thread (main_thread)[0x00a08058]} sys_lwmutex warning: sys_lwmutex_create(lwmutex_addr=0x30100020, attr_addr=0x309880)
HLE: ! {PPU[1] Thread (main_thread)[0x00a08058]} sys_lwmutex : *** lwmutex created [_lc_mtx] (attribute=0x12): sq_id = 13
HLE: W {PPU[1] Thread (main_thread)[0x00a08058]} sys_lwmutex warning: sys_lwmutex_create(lwmutex_addr=0x301000a0, attr_addr=0x309880)
HLE: ! {PPU[1] Thread (main_thread)[0x00a08058]} sys_lwmutex : *** lwmutex created [_lc_mtx] (attribute=0x12): sq_id = 14
HLE: W {PPU[1] Thread (main_thread)[0x00a08058]} sys_lwmutex warning: sys_lwmutex_create(lwmutex_addr=0x30100130, attr_addr=0x309880)
HLE: ! {PPU[1] Thread (main_thread)[0x00a08058]} sys_lwmutex : *** lwmutex created [_lc_mtx] (attribute=0x12): sq_id = 15
HLE: W {PPU[1] Thread (main_thread)[0x00a08058]} sys_lwmutex warning: sys_lwmutex_create(lwmutex_addr=0x30100190, attr_addr=0x309880)
HLE: ! {PPU[1] Thread (main_thread)[0x00a08058]} sys_lwmutex : *** lwmutex created [_lc_mtx] (attribute=0x12): sq_id = 16
HLE: W {PPU[1] Thread (main_thread)[0x00a08058]} sys_lwmutex warning: sys_lwmutex_create(lwmutex_addr=0x301001d0, attr_addr=0x309880)
HLE: ! {PPU[1] Thread (main_thread)[0x00a08058]} sys_lwmutex : *** lwmutex created [_lc_mtx] (attribute=0x12): sq_id = 17
HLE: W {PPU[1] Thread (main_thread)[0x00a08058]} sys_lwmutex warning: sys_lwmutex_create(lwmutex_addr=0x30100210, attr_addr=0x309880)
HLE: ! {PPU[1] Thread (main_thread)[0x00a08058]} sys_lwmutex : *** lwmutex created [_lc_mtx] (attribute=0x12): sq_id = 18
HLE: W {PPU[1] Thread (main_thread)[0x00a08058]} sys_lwmutex warning: sys_lwmutex_create(lwmutex_addr=0x301002d0, attr_addr=0x309880)
HLE: ! {PPU[1] Thread (main_thread)[0x00a08058]} sys_lwmutex : *** lwmutex created [_lc_mtx] (attribute=0x12): sq_id = 19
HLE: W {PPU[1] Thread (main_thread)[0x00a08058]} sys_lwmutex warning: sys_lwmutex_create(lwmutex_addr=0x30100300, attr_addr=0x309880)
HLE: ! {PPU[1] Thread (main_thread)[0x00a08058]} sys_lwmutex : *** lwmutex created [_lc_mtx] (attribute=0x12): sq_id = 20
HLE: W {PPU[1] Thread (main_thread)[0x00a08058]} sys_lwmutex warning: sys_lwmutex_create(lwmutex_addr=0x30100330, attr_addr=0x309880)
HLE: ! {PPU[1] Thread (main_thread)[0x00a08058]} sys_lwmutex : *** lwmutex created [_lc_mtx] (attribute=0x12): sq_id = 21
HLE: W {PPU[1] Thread (main_thread)[0x00a08058]} sys_lwmutex warning: sys_lwmutex_create(lwmutex_addr=0x30100360, attr_addr=0x309880)
HLE: ! {PPU[1] Thread (main_thread)[0x00a08058]} sys_lwmutex : *** lwmutex created [_lc_mtx] (attribute=0x12): sq_id = 22
HLE: W {PPU[1] Thread (main_thread)[0x00a08058]} sys_lwmutex warning: sys_lwmutex_create(lwmutex_addr=0x30100390, attr_addr=0x309880)
HLE: ! {PPU[1] Thread (main_thread)[0x00a08058]} sys_lwmutex : *** lwmutex created [_lc_mtx] (attribute=0x12): sq_id = 23
HLE: W {PPU[1] Thread (main_thread)[0x00a08058]} sys_lwmutex warning: sys_lwmutex_create(lwmutex_addr=0x301003c0, attr_addr=0x309880)
HLE: ! {PPU[1] Thread (main_thread)[0x00a08058]} sys_lwmutex : *** lwmutex created [_lc_mtx] (attribute=0x12): sq_id = 24
HLE: W {PPU[1] Thread (main_thread)[0x00a08058]} sys_lwmutex warning: sys_lwmutex_create(lwmutex_addr=0x9dfdf0, attr_addr=0xd000fb50)
HLE: ! {PPU[1] Thread (main_thread)[0x00a08058]} sys_lwmutex : *** lwmutex created [ps3HDDL] (attribute=0x12): sq_id = 25
HLE: W {PPU[1] Thread (main_thread)[0x0029d67c]} sys_time warning: sys_time_get_timezone(timezone_addr=0xd000fb20, summertime_addr=0xd000fb24)
HLE: W {PPU[1] Thread (main_thread)[0x0029d67c]} cellSysutil warning: cellSysutilGetSystemParamInt: CELL_SYSUTIL_SYSTEMPARAM_ID_TIMEZONE
HLE: W {PPU[1] Thread (main_thread)[0x0029d67c]} cellSysutil warning: cellSysutilGetSystemParamInt: CELL_SYSUTIL_SYSTEMPARAM_ID_SUMMERTIME
HLE: W {PPU[1] Thread (main_thread)[0x002a2bc4]} sys_time warning: sys_time_get_timezone(timezone_addr=0xd000fa70, summertime_addr=0xd000fa74)
HLE: W {PPU[1] Thread (main_thread)[0x002a2bc4]} cellSysutil warning: cellSysutilGetSystemParamInt: CELL_SYSUTIL_SYSTEMPARAM_ID_TIMEZONE
HLE: W {PPU[1] Thread (main_thread)[0x002a2bc4]} cellSysutil warning: cellSysutilGetSystemParamInt: CELL_SYSUTIL_SYSTEMPARAM_ID_SUMMERTIME
HLE: W {PPU[1] Thread (main_thread)[0x0029f0ec]} sys_time warning: sys_time_get_timezone(timezone_addr=0xd000fb20, summertime_addr=0xd000fb24)
HLE: W {PPU[1] Thread (main_thread)[0x0029f0ec]} cellSysutil warning: cellSysutilGetSystemParamInt: CELL_SYSUTIL_SYSTEMPARAM_ID_TIMEZONE
HLE: W {PPU[1] Thread (main_thread)[0x0029f0ec]} cellSysutil warning: cellSysutilGetSystemParamInt: CELL_SYSUTIL_SYSTEMPARAM_ID_SUMMERTIME
HLE: W {PPU[1] Thread (main_thread)[0x002a2bc4]} sys_time warning: sys_time_get_timezone(timezone_addr=0xd000fa70, summertime_addr=0xd000fa74)
HLE: W {PPU[1] Thread (main_thread)[0x002a2bc4]} cellSysutil warning: cellSysutilGetSystemParamInt: CELL_SYSUTIL_SYSTEMPARAM_ID_TIMEZONE
HLE: W {PPU[1] Thread (main_thread)[0x002a2bc4]} cellSysutil warning: cellSysutilGetSystemParamInt: CELL_SYSUTIL_SYSTEMPARAM_ID_SUMMERTIME
HLE: W {PPU[1] Thread (main_thread)[0x0029d628]} sys_time warning: sys_time_get_timezone(timezone_addr=0xd000fb20, summertime_addr=0xd000fb24)
HLE: W {PPU[1] Thread (main_thread)[0x0029d628]} cellSysutil warning: cellSysutilGetSystemParamInt: CELL_SYSUTIL_SYSTEMPARAM_ID_TIMEZONE
HLE: W {PPU[1] Thread (main_thread)[0x0029d628]} cellSysutil warning: cellSysutilGetSystemParamInt: CELL_SYSUTIL_SYSTEMPARAM_ID_SUMMERTIME
HLE: W {PPU[1] Thread (main_thread)[0x0029f0ec]} sys_time warning: sys_time_get_timezone(timezone_addr=0xd000fb20, summertime_addr=0xd000fb24)
HLE: W {PPU[1] Thread (main_thread)[0x0029f0ec]} cellSysutil warning: cellSysutilGetSystemParamInt: CELL_SYSUTIL_SYSTEMPARAM_ID_TIMEZONE
HLE: W {PPU[1] Thread (main_thread)[0x0029f0ec]} cellSysutil warning: cellSysutilGetSystemParamInt: CELL_SYSUTIL_SYSTEMPARAM_ID_SUMMERTIME
HLE: W {PPU[1] Thread (main_thread)[0x0006bac0]} sys_spu warning: sys_spu_initialize(max_usable_spu=6, max_raw_spu=1)
HLE: W {PPU[1] Thread (main_thread)[0x0036c010]} cellSysmodule warning: cellSysmoduleLoadModule(CELL_SYSMODULE_GCM_SYS)
HLE: W {PPU[1] Thread (main_thread)[0x0036c010]} cellSysmodule warning: cellSysmoduleLoadModule(CELL_SYSMODULE_FS)
HLE: W {PPU[1] Thread (main_thread)[0x0036c010]} cellSysmodule warning: cellSysmoduleLoadModule(CELL_SYSMODULE_IO)
HLE: W {PPU[1] Thread (main_thread)[0x0036c010]} cellSysmodule warning: cellSysmoduleLoadModule(CELL_SYSMODULE_L10N)
HLE: W {PPU[1] Thread (main_thread)[0x0036c010]} cellSysmodule warning: cellSysmoduleLoadModule(CELL_SYSMODULE_SYSUTIL_NP_TUS)
HLE: W {PPU[1] Thread (main_thread)[0x0036c010]} cellSysmodule warning: cellSysmoduleLoadModule(CELL_SYSMODULE_NETCTL)
HLE: W {PPU[1] Thread (main_thread)[0x0036c010]} cellSysmodule warning: cellSysmoduleLoadModule(CELL_SYSMODULE_USBD)
HLE: W {PPU[1] Thread (main_thread)[0x0036c010]} cellSysmodule warning: cellSysmoduleLoadModule(CELL_SYSMODULE_SYSUTIL_OSK_EXT)
HLE: W {PPU[1] Thread (main_thread)[0x0036c010]} cellSysmodule warning: cellSysmoduleLoadModule(CELL_SYSMODULE_SYSUTIL_NP)
HLE: W {PPU[1] Thread (main_thread)[0x0036c010]} cellSysmodule warning: cellSysmoduleLoadModule(CELL_SYSMODULE_SYSUTIL_USERINFO)
HLE: W {PPU[1] Thread (main_thread)[0x0036c010]} cellSysmodule warning: cellSysmoduleLoadModule(CELL_SYSMODULE_PNGDEC)
HLE: W {PPU[1] Thread (main_thread)[0x00366088]} cellSysutil warning: cellSysutilRegisterCallback(slot=0, func_addr=0x3770c0, userdata=0x0)
HLE: W {PPU[1] Thread (main_thread)[0x00364004]} sys_io warning: cellPadInit(max_connect=4)
HLE: W {PPU[1] Thread (main_thread)[0x0036c010]} cellSysmodule warning: cellSysmoduleLoadModule(CELL_SYSMODULE_GCM_SYS)
HLE: W {PPU[1] Thread (main_thread)[0x0036c010]} cellSysmodule warning: cellSysmoduleLoadModule(CELL_SYSMODULE_RESC)
HLE: W {PPU[1] Thread (main_thread)[0x0036a004]} cellGcmSys warning: _cellGcmInitBody(context_addr=0x911460, cmdSize=0x10000, ioSize=0x8100000, ioAddress=0x30200000)
HLE: W {PPU[1] Thread (main_thread)[0x0036a004]} cellGcmSys warning: *** local memory(addr=0xc0000000, size=0xf900000)
HLE: W {PPU[1] Thread (main_thread)[0x0036a004]} cellGcmSys warning: cellGcmInit(): 256MB io address space used
HLE: W {PPU[1] Thread (main_thread)[0x0036a004]} cellGcmSys warning: cellGcmMapEaIoAddress(ea=0x30200000, io=0x0, size=0x8100000)
RSX: ! {RSXThread} RSX thread started
HLE: W {PPU[1] Thread (main_thread)[0x0036a058]} cellGcmSys warning: cellGcmSetDebugOutputLevel(level=2)
HLE: E {PPU[1] Thread (main_thread)[0x0036a130]} cellGcmSys TODO: cellGcmSetGraphicsHandler
RSX: E {RSXThread} TODO: CELL_GCM_NV4097_SET_SHADER_PACKER(0x0)
HLE: W {PPU[1] Thread (main_thread)[0x0036a07c]} cellGcmSys warning: cellGcmMapEaIoAddress(ea=0x38500000, io=0xe000000, size=0x100000)
HLE: W {PPU[1] Thread (main_thread)[0x0036a148]} cellGcmSys warning: cellGcmUnbindTile(index=0)
HLE: W {PPU[1] Thread (main_thread)[0x0036a148]} cellGcmSys warning: cellGcmUnbindTile(index=1)
HLE: W {PPU[1] Thread (main_thread)[0x0036a148]} cellGcmSys warning: cellGcmUnbindTile(index=2)
HLE: W {PPU[1] Thread (main_thread)[0x0036a148]} cellGcmSys warning: cellGcmUnbindTile(index=3)
HLE: W {PPU[1] Thread (main_thread)[0x0036a148]} cellGcmSys warning: cellGcmUnbindTile(index=4)
HLE: W {PPU[1] Thread (main_thread)[0x0036a148]} cellGcmSys warning: cellGcmUnbindTile(index=5)
HLE: W {PPU[1] Thread (main_thread)[0x0036a148]} cellGcmSys warning: cellGcmUnbindTile(index=6)
HLE: W {PPU[1] Thread (main_thread)[0x0036a148]} cellGcmSys warning: cellGcmUnbindTile(index=7)
HLE: W {PPU[1] Thread (main_thread)[0x0036a148]} cellGcmSys warning: cellGcmUnbindTile(index=8)
HLE: W {PPU[1] Thread (main_thread)[0x0036a148]} cellGcmSys warning: cellGcmUnbindTile(index=9)
HLE: W {PPU[1] Thread (main_thread)[0x0036a148]} cellGcmSys warning: cellGcmUnbindTile(index=10)
HLE: W {PPU[1] Thread (main_thread)[0x0036a148]} cellGcmSys warning: cellGcmUnbindTile(index=11)
HLE: W {PPU[1] Thread (main_thread)[0x0036a148]} cellGcmSys warning: cellGcmUnbindTile(index=12)
HLE: W {PPU[1] Thread (main_thread)[0x0036a148]} cellGcmSys warning: cellGcmUnbindTile(index=13)
HLE: W {PPU[1] Thread (main_thread)[0x0036a148]} cellGcmSys warning: cellGcmUnbindTile(index=14)
RSX: W {RSXThread} NV406E_SEMAPHORE_ACQUIRE: 0x1
HLE: W {PPU[1] Thread (main_thread)[0x0036a124]} cellGcmSys warning: cellGcmSetTileInfo(index=0, location=0, offset=257163264, size=3932160, pitch=5120, comp=0, base=0, bank=0)
HLE: W {PPU[1] Thread (main_thread)[0x0036a040]} cellGcmSys warning: cellGcmBindTile(index=0)
RSX: W {RSXThread} NV406E_SEMAPHORE_ACQUIRE: 0x3
HLE: W {PPU[1] Thread (main_thread)[0x0036a124]} cellGcmSys warning: cellGcmSetTileInfo(index=0, location=0, offset=253231104, size=7864320, pitch=5120, comp=0, base=0, bank=0)
HLE: W {PPU[1] Thread (main_thread)[0x0036a040]} cellGcmSys warning: cellGcmBindTile(index=0)
HLE: W {PPU[1] Thread (main_thread)[0x0016ed98]} sys_semaphore warning: sys_semaphore_create(sem_addr=0x910ba8, attr_addr=0xd000f8a0, initial_count=1, max_count=2)
HLE: ! {PPU[1] Thread (main_thread)[0x0016ed98]} sys_semaphore : *** semaphore created [] (protocol=0x2): id = 26
HLE: W {PPU[1] Thread (main_thread)[0x0036a0d0]} cellGcmSys warning: cellGcmSetFlipHandler(handler_addr=3643600)
HLE: W {PPU[1] Thread (main_thread)[0x00366010]} cellSysutil warning: cellVideoOutConfigure(videoOut=0, config_addr=0xd000f870, option_addr=0x0, waitForEvent=0x0)
HLE: W {PPU[1] Thread (main_thread)[0x0036a04c]} cellGcmSys warning: cellGcmSetFlipMode(mode=1)
RSX: W {RSXThread} TODO: NV4097_SET_ANTI_ALIASING_CONTROL: 0xffff0000
RSX: W {RSXThread} TODO: NV4097_SET_WINDOW_OFFSET: x=0, y=0
RSX: W {RSXThread} New FBO (1280x720)
RSX: W {RSXThread} TODO: NV4097_SET_ANTI_ALIASING_CONTROL: 0xffff0000
RSX: W {RSXThread} TODO: NV4097_SET_WINDOW_OFFSET: x=0, y=0
HLE: W {PPU[1] Thread (main_thread)[0x00110e64]} sys_mutex warning: *** mutex created [] (protocol=0x2, recursive=false): id = 27
HLE: W {PPU[1] Thread (main_thread)[0x0011100c]} sys_cond warning: *** condition created [] (mutex_id=27): id = 28
HLE: W {PPU[1] Thread (main_thread)[0x0036a04c]} cellGcmSys warning: cellGcmSetFlipMode(mode=2)
RSX: W {RSXThread} NV4097_SET_VERTEX_ATTRIB_INPUT_MASK: 0xf0d
RSX: W {RSXThread} NV3089_IMAGE_IN_SIZE: width=32, height=1, pitch=64, origin=2, inter=0, offset=0x4080, u=0, v=0
RSX: W {RSXThread} *** m_dst_offset=0x4000, m_color: conv_in_h=0x1, format_src_pitch=0x40, conv_in_x=0x0, conv_in_y=0x0, conv_out_x=0x0, conv_out_y=0x0
RSX: W {RSXThread} NV3089_IMAGE_IN_SIZE: width=16, height=1, pitch=64, origin=2, inter=0, offset=0x40c0, u=0, v=0
RSX: W {RSXThread} *** m_dst_offset=0x4000, m_color: conv_in_h=0x1, format_src_pitch=0x40, conv_in_x=0x0, conv_in_y=0x1, conv_out_x=0x0, conv_out_y=0x1
RSX: W {RSXThread} NV3089_IMAGE_IN_SIZE: width=16, height=1, pitch=64, origin=2, inter=0, offset=0x4180, u=0, v=0
RSX: W {RSXThread} *** m_dst_offset=0x4100, m_color: conv_in_h=0x1, format_src_pitch=0x40, conv_in_x=0x0, conv_in_y=0x0, conv_out_x=0x0, conv_out_y=0x0
RSX: W {RSXThread} NV3089_IMAGE_IN_SIZE: width=32, height=1, pitch=64, origin=2, inter=0, offset=0x4280, u=0, v=0
RSX: W {RSXThread} *** m_dst_offset=0x4200, m_color: conv_in_h=0x1, format_src_pitch=0x40, conv_in_x=0x0, conv_in_y=0x0, conv_out_x=0x0, conv_out_y=0x0
RSX: W {RSXThread} NV3089_IMAGE_IN_SIZE: width=16, height=1, pitch=64, origin=2, inter=0, offset=0x42c0, u=0, v=0
RSX: W {RSXThread} *** m_dst_offset=0x4200, m_color: conv_in_h=0x1, format_src_pitch=0x40, conv_in_x=0x0, conv_in_y=0x1, conv_out_x=0x0, conv_out_y=0x1
RSX: W {RSXThread} NV3089_IMAGE_IN_SIZE: width=16, height=1, pitch=64, origin=2, inter=0, offset=0x4380, u=0, v=0
RSX: W {RSXThread} *** m_dst_offset=0x4300, m_color: conv_in_h=0x1, format_src_pitch=0x40, conv_in_x=0x0, conv_in_y=0x0, conv_out_x=0x0, conv_out_y=0x0
RSX: W {RSXThread} NV3089_IMAGE_IN_SIZE: width=16, height=1, pitch=64, origin=2, inter=0, offset=0x4400, u=0, v=0
RSX: W {RSXThread} *** m_dst_offset=0x4300, m_color: conv_in_h=0x1, format_src_pitch=0x40, conv_in_x=0x0, conv_in_y=0x0, conv_out_x=0x0, conv_out_y=0x0
RSX: W {RSXThread} TODO: NV4097_SET_ANTI_ALIASING_CONTROL: 0xffff0000
RSX: W {RSXThread} TODO: NV4097_SET_WINDOW_OFFSET: x=0, y=0
HLE: W {PPU[1] Thread (main_thread)[0x0036a0f4]} cellGcmSys warning: cellGcmGetReportDataLocation(index=4991, location=1)
HLE: W {PPU[1] Thread (main_thread)[0x0036a0f4]} cellGcmSys warning: cellGcmGetReportDataAddressLocation(index=4991, location=1)
HLE: W {PPU[1] Thread (main_thread)[0x0036a0f4]} cellGcmSys warning: cellGcmGetReportDataLocation(index=4992, location=1)
HLE: W {PPU[1] Thread (main_thread)[0x0036a0f4]} cellGcmSys warning: cellGcmGetReportDataAddressLocation(index=4992, location=1)
HLE: W {PPU[1] Thread (main_thread)[0x0036a0f4]} cellGcmSys warning: cellGcmGetReportDataLocation(index=4993, location=1)
HLE: W {PPU[1] Thread (main_thread)[0x0036a0f4]} cellGcmSys warning: cellGcmGetReportDataAddressLocation(index=4993, location=1)
HLE: W {PPU[1] Thread (main_thread)[0x0036a0f4]} cellGcmSys warning: cellGcmGetReportDataLocation(index=4994, location=1)
HLE: W {PPU[1] Thread (main_thread)[0x0036a0f4]} cellGcmSys warning: cellGcmGetReportDataAddressLocation(index=4994, location=1)
RSX: E {RSXThread} TODO: CELL_GCM_NV4097_SET_CONTEXT_DMA_REPORT(0xbad68000)
RSX: W {RSXThread} NV4097_GET_REPORT: Unimplemented type 2
RSX: W {RSXThread} NV4097_GET_REPORT: Unimplemented type 3
RSX: W {RSXThread} NV4097_GET_REPORT: Unimplemented type 4
RSX: W {RSXThread} NV4097_GET_REPORT: Unimplemented type 5
RSX: W {RSXThread} TODO: NV4097_CLEAR_REPORT_VALUE: ZCULL_STATS
RSX: W {RSXThread} NV4097_SET_ZCULL_STATS_ENABLE: 0x1
HLE: ! {PPU[1] Thread (main_thread)[0x00a08028]} sys_ppu_thread : *** New PPU Thread [HDD setup] (detached, entry=0x377168): id = 29
HLE: W {PPU[29] Thread (HDD setup)[0x0036c010]} cellSysmodule warning: cellSysmoduleLoadModule(CELL_SYSMODULE_SYSUTIL_GAME)
HLE: W {PPU[29] Thread (HDD setup)[0x009fc028]} cellGame warning: cellGameBootCheck(type_addr=0xd002fdb8, attributes_addr=0xd002fdb4, size_addr=0xd002fdc0, dirName_addr=0x90f7c0)
HLE: W {PPU[29] Thread (HDD setup)[0x009fc004]} cellGame warning: cellGameGetParamString(id=100, buf_addr=0x38e370, bufsize=10)
RSX: W {RSXThread} TODO: NV4097_SET_ANTI_ALIASING_CONTROL: 0xffff0000
RSX: W {RSXThread} TODO: NV4097_SET_WINDOW_OFFSET: x=0, y=0
HLE: W {PPU[1] Thread (main_thread)[0x0036a0f4]} cellGcmSys warning: cellGcmGetReportDataLocation(index=4991, location=1)
HLE: W {PPU[1] Thread (main_thread)[0x0036a0f4]} cellGcmSys warning: cellGcmGetReportDataAddressLocation(index=4991, location=1)
HLE: W {PPU[1] Thread (main_thread)[0x0036a0f4]} cellGcmSys warning: cellGcmGetReportDataLocation(index=4992, location=1)
HLE: W {PPU[1] Thread (main_thread)[0x0036a0f4]} cellGcmSys warning: cellGcmGetReportDataAddressLocation(index=4992, location=1)
HLE: W {PPU[1] Thread (main_thread)[0x0036a0f4]} cellGcmSys warning: cellGcmGetReportDataLocation(index=4993, location=1)
HLE: W {PPU[1] Thread (main_thread)[0x0036a0f4]} cellGcmSys warning: cellGcmGetReportDataAddressLocation(index=4993, location=1)
HLE: W {PPU[1] Thread (main_thread)[0x0036a0f4]} cellGcmSys warning: cellGcmGetReportDataLocation(index=4994, location=1)
HLE: W {PPU[1] Thread (main_thread)[0x0036a0f4]} cellGcmSys warning: cellGcmGetReportDataAddressLocation(index=4994, location=1)
HLE: W {PPU[29] Thread (HDD setup)[0x009fc010]} cellGame warning: cellGameContentPermit(contentInfoPath_addr=0x90f960, usrdirPath_addr=0x90f8e0)
HLE: W {PPU[29] Thread (HDD setup)[0x0036c004]} cellSysmodule warning: cellSysmoduleUnloadModule(CELL_SYSMODULE_SYSUTIL_GAME)
HLE: W {PPU[29] Thread (HDD setup)[0x0036c010]} cellSysmodule warning: cellSysmoduleLoadModule(CELL_SYSMODULE_SYSUTIL)
HLE: W {PPU[29] Thread (HDD setup)[0x00366040]} cellSysutil warning: cellSysutilGetSystemParamInt: CELL_SYSUTIL_SYSTEMPARAM_ID_ENTER_BUTTON_ASSIGN
HLE: W {PPU[29] Thread (HDD setup)[0x00366040]} cellSysutil warning: cellSysutilGetSystemParamInt: CELL_SYSUTIL_SYSTEMPARAM_ID_LANG
HLE: W {PPU[29] Thread (HDD setup)[0x0036c004]} cellSysmodule warning: cellSysmoduleUnloadModule(CELL_SYSMODULE_SYSUTIL)
HLE: W {PPU[29] Thread (HDD setup)[0x00362028]} sys_fs warning: cellFsStat(path="/dev_hdd0/game/NPEA00154/USRDIR/data/frlang.edat", sb_addr=0xd002fb28)
TTY: System warning: no callback registered
RSX: E {RSXThread} TODO: CELL_GCM_NV4097_SET_CONTEXT_DMA_REPORT(0xbad68000)
RSX: W {RSXThread} NV4097_GET_REPORT: Unimplemented type 2
RSX: W {RSXThread} NV4097_GET_REPORT: Unimplemented type 3
RSX: W {RSXThread} NV4097_GET_REPORT: Unimplemented type 4
RSX: W {RSXThread} NV4097_GET_REPORT: Unimplemented type 5
RSX: W {RSXThread} TODO: NV4097_CLEAR_REPORT_VALUE: ZCULL_STATS
RSX: W {RSXThread} NV4097_SET_ZCULL_STATS_ENABLE: 0x1
RSX: W {RSXThread} TODO: NV4097_SET_ANTI_ALIASING_CONTROL: 0xffff0000
RSX: W {RSXThread} TODO: NV4097_SET_WINDOW_OFFSET: x=0, y=0
RSX: W {RSXThread} NV4097_SET_VERTEX_ATTRIB_INPUT_MASK: 0xf0d
RSX: W {RSXThread} NV4097_SET_VERTEX_ATTRIB_OUTPUT_MASK: 0x1
RSX: W {RSXThread} TODO: NV4097_SET_ZMIN_MAX_CONTROL: cullNearFarEnable=1, zclampEnable=0, cullIgnoreW=0
RSX: W {RSXThread} TODO: NV4097_SET_ZMIN_MAX_CONTROL: cullNearFarEnable=1, zclampEnable=0, cullIgnoreW=0
RSX: W {RSXThread} TODO: NV4097_SET_ANTI_ALIASING_CONTROL: 0xffff0000
RSX: W {RSXThread} NV4097_SET_VERTEX_ATTRIB_OUTPUT_MASK: 0x1
RSX: E {RSXThread} TODO: CELL_GCM_NV4097_SET_SHADER_PACKER(0x0)
RSX: E {RSXThread} NV4097_SET_POINT_PARAMS_ENABLE: 0x1
RSX: W {RSXThread} NV4097_SET_VERTEX_ATTRIB_OUTPUT_MASK: 0x1
RSX: W {RSXThread} NV4097_SET_VERTEX_ATTRIB_OUTPUT_MASK: 0x1
HLE: W {PPU[1] Thread (main_thread)[0x0036a0f4]} cellGcmSys warning: cellGcmGetReportDataLocation(index=4991, location=1)
HLE: W {PPU[1] Thread (main_thread)[0x0036a0f4]} cellGcmSys warning: cellGcmGetReportDataAddressLocation(index=4991, location=1)
HLE: W {PPU[1] Thread (main_thread)[0x0036a0f4]} cellGcmSys warning: cellGcmGetReportDataLocation(index=4992, location=1)
HLE: W {PPU[1] Thread (main_thread)[0x0036a0f4]} cellGcmSys warning: cellGcmGetReportDataAddressLocation(index=4992, location=1)
HLE: W {PPU[1] Thread (main_thread)[0x0036a0f4]} cellGcmSys warning: cellGcmGetReportDataLocation(index=4993, location=1)
HLE: W {PPU[1] Thread (main_thread)[0x0036a0f4]} cellGcmSys warning: cellGcmGetReportDataAddressLocation(index=4993, location=1)
HLE: W {PPU[1] Thread (main_thread)[0x0036a0f4]} cellGcmSys warning: cellGcmGetReportDataLocation(index=4994, location=1)
HLE: W {PPU[1] Thread (main_thread)[0x0036a0f4]} cellGcmSys warning: cellGcmGetReportDataAddressLocation(index=4994, location=1)
RSX: E {RSXThread} TODO: CELL_GCM_NV4097_SET_CONTEXT_DMA_REPORT(0xbad68000)
RSX: W {RSXThread} NV4097_GET_REPORT: Unimplemented type 2
RSX: W {RSXThread} NV4097_GET_REPORT: Unimplemented type 3
RSX: W {RSXThread} NV4097_GET_REPORT: Unimplemented type 4
RSX: W {RSXThread} NV4097_GET_REPORT: Unimplemented type 5
RSX: W {RSXThread} TODO: NV4097_CLEAR_REPORT_VALUE: ZCULL_STATS
RSX: W {RSXThread} NV4097_SET_ZCULL_STATS_ENABLE: 0x1
RSX: W {RSXThread} TODO: NV4097_SET_ANTI_ALIASING_CONTROL: 0xffff0000
RSX: W {RSXThread} TODO: NV4097_SET_WINDOW_OFFSET: x=0, y=0
TTY: System warning: no callback registered
RSX: W {RSXThread} NV4097_SET_VERTEX_ATTRIB_INPUT_MASK: 0xf0d
RSX: W {RSXThread} NV4097_SET_VERTEX_ATTRIB_OUTPUT_MASK: 0x1
RSX: W {RSXThread} NV4097_SET_VERTEX_ATTRIB_OUTPUT_MASK: 0x1
RSX: W {RSXThread} TODO: NV4097_SET_ZMIN_MAX_CONTROL: cullNearFarEnable=1, zclampEnable=0, cullIgnoreW=0
RSX: W {RSXThread} TODO: NV4097_SET_ZMIN_MAX_CONTROL: cullNearFarEnable=1, zclampEnable=0, cullIgnoreW=0
RSX: W {RSXThread} TODO: NV4097_SET_ANTI_ALIASING_CONTROL: 0xffff0000
RSX: W {RSXThread} NV4097_SET_VERTEX_ATTRIB_OUTPUT_MASK: 0x1
RSX: E {RSXThread} TODO: CELL_GCM_NV4097_SET_SHADER_PACKER(0x0)
RSX: E {RSXThread} NV4097_SET_POINT_PARAMS_ENABLE: 0x1
RSX: W {RSXThread} NV4097_SET_VERTEX_ATTRIB_OUTPUT_MASK: 0x1
RSX: W {RSXThread} NV4097_SET_VERTEX_ATTRIB_OUTPUT_MASK: 0x1
HLE: W {PPU[1] Thread (main_thread)[0x0036a0f4]} cellGcmSys warning: cellGcmGetReportDataLocation(index=4991, location=1)
HLE: W {PPU[1] Thread (main_thread)[0x0036a0f4]} cellGcmSys warning: cellGcmGetReportDataAddressLocation(index=4991, location=1)
HLE: W {PPU[1] Thread (main_thread)[0x0036a0f4]} cellGcmSys warning: cellGcmGetReportDataLocation(index=4992, location=1)
HLE: W {PPU[1] Thread (main_thread)[0x0036a0f4]} cellGcmSys warning: cellGcmGetReportDataAddressLocation(index=4992, location=1)
HLE: W {PPU[1] Thread (main_thread)[0x0036a0f4]} cellGcmSys warning: cellGcmGetReportDataLocation(index=4993, location=1)
HLE: W {PPU[1] Thread (main_thread)[0x0036a0f4]} cellGcmSys warning: cellGcmGetReportDataAddressLocation(index=4993, location=1)
HLE: W {PPU[1] Thread (main_thread)[0x0036a0f4]} cellGcmSys warning: cellGcmGetReportDataLocation(index=4994, location=1)
HLE: W {PPU[1] Thread (main_thread)[0x0036a0f4]} cellGcmSys warning: cellGcmGetReportDataAddressLocation(index=4994, location=1)
HLE: W {PPU[29] Thread (HDD setup)[0x00362028]} sys_fs warning: cellFsStat: "/dev_hdd0/game/NPEA00154/USRDIR/data/frlang.edat" not found.
RSX: E {RSXThread} TODO: CELL_GCM_NV4097_SET_CONTEXT_DMA_REPORT(0xbad68000)
RSX: W {RSXThread} NV4097_GET_REPORT: Unimplemented type 2
RSX: W {RSXThread} NV4097_GET_REPORT: Unimplemented type 3
RSX: W {RSXThread} NV4097_GET_REPORT: Unimplemented type 4
RSX: W {RSXThread} NV4097_GET_REPORT: Unimplemented type 5
RSX: W {RSXThread} TODO: NV4097_CLEAR_REPORT_VALUE: ZCULL_STATS
RSX: W {RSXThread} NV4097_SET_ZCULL_STATS_ENABLE: 0x1
RSX: W {RSXThread} TODO: NV4097_SET_ANTI_ALIASING_CONTROL: 0xffff0000
RSX: W {RSXThread} TODO: NV4097_SET_WINDOW_OFFSET: x=0, y=0
TTY: System warning: no callback registered
RSX: W {RSXThread} NV4097_SET_VERTEX_ATTRIB_INPUT_MASK: 0xf0d
RSX: W {RSXThread} NV4097_SET_VERTEX_ATTRIB_OUTPUT_MASK: 0x1
RSX: W {RSXThread} NV4097_SET_VERTEX_ATTRIB_OUTPUT_MASK: 0x1
RSX: W {RSXThread} TODO: NV4097_SET_ZMIN_MAX_CONTROL: cullNearFarEnable=1, zclampEnable=0, cullIgnoreW=0
RSX: W {RSXThread} TODO: NV4097_SET_ZMIN_MAX_CONTROL: cullNearFarEnable=1, zclampEnable=0, cullIgnoreW=0
RSX: W {RSXThread} TODO: NV4097_SET_ANTI_ALIASING_CONTROL: 0xffff0000
RSX: W {RSXThread} NV4097_SET_VERTEX_ATTRIB_OUTPUT_MASK: 0x1
RSX: E {RSXThread} TODO: CELL_GCM_NV4097_SET_SHADER_PACKER(0x0)
RSX: E {RSXThread} NV4097_SET_POINT_PARAMS_ENABLE: 0x1
RSX: W {RSXThread} NV4097_SET_VERTEX_ATTRIB_OUTPUT_MASK: 0x1
RSX: W {RSXThread} NV4097_SET_VERTEX_ATTRIB_OUTPUT_MASK: 0x1
HLE: W {PPU[1] Thread (main_thread)[0x0036a0f4]} cellGcmSys warning: cellGcmGetReportDataLocation(index=4991, location=1)
HLE: W {PPU[1] Thread (main_thread)[0x0036a0f4]} cellGcmSys warning: cellGcmGetReportDataAddressLocation(index=4991, location=1)
HLE: W {PPU[1] Thread (main_thread)[0x0036a0f4]} cellGcmSys warning: cellGcmGetReportDataLocation(index=4992, location=1)
HLE: W {PPU[1] Thread (main_thread)[0x0036a0f4]} cellGcmSys warning: cellGcmGetReportDataAddressLocation(index=4992, location=1)
HLE: W {PPU[1] Thread (main_thread)[0x0036a0f4]} cellGcmSys warning: cellGcmGetReportDataLocation(index=4993, location=1)
HLE: W {PPU[1] Thread (main_thread)[0x0036a0f4]} cellGcmSys warning: cellGcmGetReportDataAddressLocation(index=4993, location=1)
HLE: W {PPU[1] Thread (main_thread)[0x0036a0f4]} cellGcmSys warning: cellGcmGetReportDataLocation(index=4994, location=1)
HLE: W {PPU[1] Thread (main_thread)[0x0036a0f4]} cellGcmSys warning: cellGcmGetReportDataAddressLocation(index=4994, location=1)
RSX: E {RSXThread} TODO: CELL_GCM_NV4097_SET_CONTEXT_DMA_REPORT(0xbad68000)
RSX: W {RSXThread} NV4097_GET_REPORT: Unimplemented type 2
RSX: W {RSXThread} NV4097_GET_REPORT: Unimplemented type 3
RSX: W {RSXThread} NV4097_GET_REPORT: Unimplemented type 4
RSX: W {RSXThread} NV4097_GET_REPORT: Unimplemented type 5
RSX: W {RSXThread} TODO: NV4097_CLEAR_REPORT_VALUE: ZCULL_STATS
RSX: W {RSXThread} NV4097_SET_ZCULL_STATS_ENABLE: 0x1
HLE: ! {PPU[29] Thread (HDD setup)[0x0036201c]} sys_fs : "/dev_hdd0/game/NPEA00154/USRDIR/data/frlang.uni" opened: fd = 30
RSX: W {RSXThread} TODO: NV4097_SET_ANTI_ALIASING_CONTROL: 0xffff0000
RSX: W {RSXThread} TODO: NV4097_SET_WINDOW_OFFSET: x=0, y=0
RSX: W {RSXThread} NV4097_SET_VERTEX_ATTRIB_INPUT_MASK: 0xf0d
TTY: System warning: no callback registered
RSX: W {RSXThread} NV4097_SET_VERTEX_ATTRIB_OUTPUT_MASK: 0x1
RSX: W {RSXThread} NV4097_SET_VERTEX_ATTRIB_OUTPUT_MASK: 0x1
RSX: W {RSXThread} TODO: NV4097_SET_ZMIN_MAX_CONTROL: cullNearFarEnable=1, zclampEnable=0, cullIgnoreW=0
RSX: W {RSXThread} TODO: NV4097_SET_ZMIN_MAX_CONTROL: cullNearFarEnable=1, zclampEnable=0, cullIgnoreW=0
RSX: W {RSXThread} TODO: NV4097_SET_ANTI_ALIASING_CONTROL: 0xffff0000
RSX: W {RSXThread} NV4097_SET_VERTEX_ATTRIB_OUTPUT_MASK: 0x1
RSX: E {RSXThread} TODO: CELL_GCM_NV4097_SET_SHADER_PACKER(0x0)
RSX: E {RSXThread} NV4097_SET_POINT_PARAMS_ENABLE: 0x1
RSX: W {RSXThread} NV4097_SET_VERTEX_ATTRIB_OUTPUT_MASK: 0x1
RSX: W {RSXThread} NV4097_SET_VERTEX_ATTRIB_OUTPUT_MASK: 0x1
HLE: W {PPU[1] Thread (main_thread)[0x0036a0f4]} cellGcmSys warning: cellGcmGetReportDataLocation(index=4991, location=1)
HLE: W {PPU[1] Thread (main_thread)[0x0036a0f4]} cellGcmSys warning: cellGcmGetReportDataAddressLocation(index=4991, location=1)
HLE: W {PPU[1] Thread (main_thread)[0x0036a0f4]} cellGcmSys warning: cellGcmGetReportDataLocation(index=4992, location=1)
HLE: W {PPU[1] Thread (main_thread)[0x0036a0f4]} cellGcmSys warning: cellGcmGetReportDataAddressLocation(index=4992, location=1)
HLE: W {PPU[1] Thread (main_thread)[0x0036a0f4]} cellGcmSys warning: cellGcmGetReportDataLocation(index=4993, location=1)
HLE: W {PPU[1] Thread (main_thread)[0x0036a0f4]} cellGcmSys warning: cellGcmGetReportDataAddressLocation(index=4993, location=1)
HLE: W {PPU[1] Thread (main_thread)[0x0036a0f4]} cellGcmSys warning: cellGcmGetReportDataLocation(index=4994, location=1)
HLE: W {PPU[1] Thread (main_thread)[0x0036a0f4]} cellGcmSys warning: cellGcmGetReportDataAddressLocation(index=4994, location=1)
RSX: E {RSXThread} TODO: CELL_GCM_NV4097_SET_CONTEXT_DMA_REPORT(0xbad68000)
RSX: W {RSXThread} NV4097_GET_REPORT: Unimplemented type 2
RSX: W {RSXThread} NV4097_GET_REPORT: Unimplemented type 3
RSX: W {RSXThread} NV4097_GET_REPORT: Unimplemented type 4
RSX: W {RSXThread} NV4097_GET_REPORT: Unimplemented type 5
RSX: W {RSXThread} TODO: NV4097_CLEAR_REPORT_VALUE: ZCULL_STATS
RSX: W {RSXThread} NV4097_SET_ZCULL_STATS_ENABLE: 0x1
RSX: W {RSXThread} TODO: NV4097_SET_ANTI_ALIASING_CONTROL: 0xffff0000
RSX: W {RSXThread} TODO: NV4097_SET_WINDOW_OFFSET: x=0, y=0
RSX: W {RSXThread} NV4097_SET_VERTEX_ATTRIB_INPUT_MASK: 0xf0d
RSX: W {RSXThread} NV4097_SET_VERTEX_ATTRIB_OUTPUT_MASK: 0x1
RSX: W {RSXThread} NV4097_SET_VERTEX_ATTRIB_OUTPUT_MASK: 0x1
RSX: W {RSXThread} TODO: NV4097_SET_ZMIN_MAX_CONTROL: cullNearFarEnable=1, zclampEnable=0, cullIgnoreW=0
TTY: System warning: no callback registered
RSX: W {RSXThread} TODO: NV4097_SET_ZMIN_MAX_CONTROL: cullNearFarEnable=1, zclampEnable=0, cullIgnoreW=0
RSX: W {RSXThread} TODO: NV4097_SET_ANTI_ALIASING_CONTROL: 0xffff0000
RSX: W {RSXThread} NV4097_SET_VERTEX_ATTRIB_OUTPUT_MASK: 0x1
RSX: E {RSXThread} TODO: CELL_GCM_NV4097_SET_SHADER_PACKER(0x0)
RSX: E {RSXThread} NV4097_SET_POINT_PARAMS_ENABLE: 0x1
RSX: W {RSXThread} NV4097_SET_VERTEX_ATTRIB_OUTPUT_MASK: 0x1
RSX: W {RSXThread} NV4097_SET_VERTEX_ATTRIB_OUTPUT_MASK: 0x1
HLE: W {PPU[1] Thread (main_thread)[0x0036a0f4]} cellGcmSys warning: cellGcmGetReportDataLocation(index=4991, location=1)
HLE: W {PPU[1] Thread (main_thread)[0x0036a0f4]} cellGcmSys warning: cellGcmGetReportDataAddressLocation(index=4991, location=1)
HLE: W {PPU[1] Thread (main_thread)[0x0036a0f4]} cellGcmSys warning: cellGcmGetReportDataLocation(index=4992, location=1)
HLE: W {PPU[1] Thread (main_thread)[0x0036a0f4]} cellGcmSys warning: cellGcmGetReportDataAddressLocation(index=4992, location=1)
HLE: W {PPU[1] Thread (main_thread)[0x0036a0f4]} cellGcmSys warning: cellGcmGetReportDataLocation(index=4993, location=1)
HLE: W {PPU[1] Thread (main_thread)[0x0036a0f4]} cellGcmSys warning: cellGcmGetReportDataAddressLocation(index=4993, location=1)
HLE: W {PPU[1] Thread (main_thread)[0x0036a0f4]} cellGcmSys warning: cellGcmGetReportDataLocation(index=4994, location=1)
HLE: W {PPU[1] Thread (main_thread)[0x0036a0f4]} cellGcmSys warning: cellGcmGetReportDataAddressLocation(index=4994, location=1)
RSX: E {RSXThread} TODO: CELL_GCM_NV4097_SET_CONTEXT_DMA_REPORT(0xbad68000)
RSX: W {RSXThread} NV4097_GET_REPORT: Unimplemented type 2
RSX: W {RSXThread} NV4097_GET_REPORT: Unimplemented type 3
RSX: W {RSXThread} NV4097_GET_REPORT: Unimplemented type 4
RSX: W {RSXThread} NV4097_GET_REPORT: Unimplemented type 5
RSX: W {RSXThread} TODO: NV4097_CLEAR_REPORT_VALUE: ZCULL_STATS
RSX: W {RSXThread} NV4097_SET_ZCULL_STATS_ENABLE: 0x1
RSX: W {RSXThread} TODO: NV4097_SET_ANTI_ALIASING_CONTROL: 0xffff0000
RSX: W {RSXThread} TODO: NV4097_SET_WINDOW_OFFSET: x=0, y=0
HLE: W {PPU[29] Thread (HDD setup)[0x00362004]} sys_fs warning: cellFsClose(fd=30)
HLE: W {PPU[29] Thread (HDD setup)[0x0036c010]} cellSysmodule warning: cellSysmoduleLoadModule(CELL_SYSMODULE_SYSUTIL_NP_TROPHY)
HLE: W {PPU[29] Thread (HDD setup)[0x009ee070]} sceNpTrophy warning: sceNpTrophyCreateContext(context_addr=0x8a8398, commID_addr=0x306590, commSign_addr=0x306319, options=0x0)
RSX: E {RSXThread} null cmd: cmd=0x0, put=0x80d0a1c, get=0x80cf000 (addr=0x382cf000)
TTY: System warning: no callback registered
RSX: W {VBlank thread} VBlank thread aborted
RSX: W {RSXThread} RSX thread aborted
PPU: ! {PPU Recompilation Engine} PPU LLVM Recompilation thread exiting.
HLE: ! All threads stopped...
MEM: ! Closing memory...
