HLE: ! path: /dev_hdd0/game/
HLE: W No pause.bin found, Auto Pause will not work.
HLE: W No pause.bin found, Auto Pause will not work.
LDR: ! Loading 'D:\Emulateurs\Rpcs3\dev_hdd0\game\NPEA00365/USRDIR/BOOT.BIN'...
LDR: !  
LDR: ! Mount info:
LDR: ! /dev_hdd0/ -> ./dev_hdd0/
LDR: ! /dev_hdd1/ -> ./dev_hdd1/
LDR: ! /dev_flash/ -> ./dev_flash/
LDR: ! /dev_usb000/ -> ./dev_usb000/
LDR: ! /dev_usb/ -> ./dev_usb000/
LDR: ! /app_home/ -> D:\Emulateurs\Rpcs3\dev_hdd0\game\NPEA00365/
LDR: ! /dev_bdvd/ -> D:\Emulateurs\Rpcs3\dev_hdd0\game\NPEA00365//../
LDR: ! /host_root/ -> 
LDR: ! /app_home/PS3_GAME/USRDIR/ -> D:\Emulateurs\Rpcs3\dev_hdd0\game\NPEA00365//USRDIR/
LDR: ! /dev_flash2/ -> ./dev_flash2/
LDR: ! /app_home/Game/PS3_GAME/USRDIR/ -> D:\Emulateurs\Rpcs3\dev_hdd0\game\NPEA00365//USRDIR/
LDR: ! //dev_hdd0/ -> ./dev_hdd0/
LDR: ! / -> D:\Emulateurs\Rpcs3\dev_hdd0\game\NPEA00365//USRDIR/
LDR: !  
LDR: ! Title: Uncharted 2: Among Thieves™
1.10
LDR: ! Serial: NPEA00365
LDR: !  
MEM: ! Initializing memory: m_base_addr = 0x7c2660000
MEM: ! Memory initialized.
LDR: W Unimplemented function 'cellHttpUtilParseUri' in 'cellHttpUtil' module
LDR: W Unimplemented function 'cellHttpUtilBase64Encoder' in 'cellHttpUtil' module
LDR: W Unimplemented function 'cellHttpUtilEscapeUri' in 'cellHttpUtil' module
LDR: W Unknown module 'cellHttp'
LDR: ! Imported function 'cellHttpCreateTransaction' in 'cellHttp' module
LDR: ! Imported function 'cellHttpResponseGetStatusCode' in 'cellHttp' module
LDR: ! Imported function 'cellHttpClientSetSslCallback' in 'cellHttp' module
LDR: ! Imported function 'cellHttpClientSetRecvTimeout' in 'cellHttp' module
LDR: ! Imported function 'cellHttpInit' in 'cellHttp' module
LDR: ! Imported function 'cellHttpDestroyTransaction' in 'cellHttp' module
LDR: ! Imported function 'cellHttpRequestGetAllHeaders' in 'cellHttp' module
LDR: ! Imported function 'cellHttpResponseGetContentLength' in 'cellHttp' module
LDR: ! Imported function 'cellHttpCreateClient' in 'cellHttp' module
LDR: ! Imported function 'cellHttpsInit' in 'cellHttp' module
LDR: ! Imported function 'cellHttpRecvResponse' in 'cellHttp' module
LDR: ! Imported function 'cellHttpClientSetAuthenticationCacheStatus' in 'cellHttp' module
LDR: ! Imported function 'cellHttpClientSetSendTimeout' in 'cellHttp' module
LDR: ! Imported function 'cellHttpDestroyClient' in 'cellHttp' module
LDR: ! Imported function 'cellHttpTransactionCloseConnection' in 'cellHttp' module
LDR: ! Imported function 'cellHttpSendRequest' in 'cellHttp' module
LDR: ! Imported function 'cellHttpRequestSetContentLength' in 'cellHttp' module
LDR: ! Imported function 'cellHttpResponseGetAllHeaders' in 'cellHttp' module
LDR: ! Imported function 'cellHttpEnd' in 'cellHttp' module
LDR: ! Imported function 'cellHttpClientSetConnTimeout' in 'cellHttp' module
LDR: ! Imported function 'cellHttpsEnd' in 'cellHttp' module
LDR: ! Imported function 'cellHttpRequestAddHeader' in 'cellHttp' module
LDR: W Unimplemented function 'cellSslCertGetNameEntryInfo' in 'cellSsl' module
LDR: W Unimplemented function 'cellSslCertGetRsaPublicKeyExponent' in 'cellSsl' module
LDR: W Unimplemented function 'cellSslEnd' in 'cellSsl' module
LDR: W Unimplemented function 'cellSslCertGetNotAfter' in 'cellSsl' module
LDR: W Unimplemented function 'cellSslCertGetNotBefore' in 'cellSsl' module
LDR: W Unimplemented function 'cellSslCertGetSubjectName' in 'cellSsl' module
LDR: W Unimplemented function 'cellSslCertGetMd5Fingerprint' in 'cellSsl' module
LDR: W Unimplemented function 'cellSslCertGetNameEntryCount' in 'cellSsl' module
LDR: W Unimplemented function 'cellSslCertGetSerialNumber' in 'cellSsl' module
LDR: W Unimplemented function 'cellSslCertGetRsaPublicKeyModulus' in 'cellSsl' module
LDR: W Unimplemented function 'cellSslCertGetIssuerName' in 'cellSsl' module
LDR: W Unimplemented function 'cellSslCertGetPublicKey' in 'cellSsl' module
LDR: W Unimplemented function 'cellSslInit' in 'cellSsl' module
LDR: ! Imported function 'cellSyncMutexUnlock' in 'cellSync' module
LDR: ! Imported function 'cellSyncMutexInitialize' in 'cellSync' module
LDR: ! Imported function 'cellSyncMutexTryLock' in 'cellSync' module
LDR: ! Imported function '_cellSpursLFQueueInitialize' in 'cellSpurs' module
LDR: ! Imported function 'cellSpursAttributeSetNamePrefix' in 'cellSpurs' module
LDR: ! Imported function '_cellSpursTasksetAttributeInitialize' in 'cellSpurs' module
LDR: ! Imported function 'cellSpursLFQueueAttachLv2EventQueue' in 'cellSpurs' module
LDR: ! Imported function 'cellSpursRequestIdleSpu' in 'cellSpurs' module
LDR: ! Imported function 'cellSpursCreateTaskWithAttribute' in 'cellSpurs' module
LDR: ! Imported function 'cellSpursGetInfo' in 'cellSpurs' module
LDR: ! Imported function 'cellSpursEventFlagDetachLv2EventQueue' in 'cellSpurs' module
LDR: ! Imported function 'cellSpursTaskExitCodeInitialize' in 'cellSpurs' module
LDR: ! Imported function 'cellSpursEventFlagWait' in 'cellSpurs' module
LDR: ! Imported function 'cellSpursWorkloadAttributeSetName' in 'cellSpurs' module
LDR: ! Imported function 'cellSpursEventFlagClear' in 'cellSpurs' module
LDR: ! Imported function 'cellSpursGetWorkloadInfo' in 'cellSpurs' module
LDR: ! Imported function 'cellSpursDetachLv2EventQueue' in 'cellSpurs' module
LDR: W Unimplemented function 'cellSpursTraceInitialize' in 'cellSpurs' module
LDR: ! Imported function 'cellSpursRemoveWorkload' in 'cellSpurs' module
LDR: ! Imported function '_cellSpursEventFlagInitialize' in 'cellSpurs' module
LDR: ! Imported function 'cellSpursWaitForWorkloadShutdown' in 'cellSpurs' module
LDR: ! Imported function 'cellSpursTasksetAttributeSetName' in 'cellSpurs' module
LDR: ! Imported function 'cellSpursLFQueueDetachLv2EventQueue' in 'cellSpurs' module
LDR: ! Imported function 'cellSpursSetPriorities' in 'cellSpurs' module
LDR: ! Imported function 'cellSpursEventFlagAttachLv2EventQueue' in 'cellSpurs' module
LDR: ! Imported function '_cellSpursLFQueuePushBody' in 'cellSpurs' module
LDR: ! Imported function 'cellSpursTasksetAttributeSetTasksetSize' in 'cellSpurs' module
LDR: ! Imported function '_cellSpursAttributeInitialize' in 'cellSpurs' module
LDR: ! Imported function 'cellSpursShutdownWorkload' in 'cellSpurs' module
LDR: ! Imported function 'cellSpursAttributeEnableSystemWorkload' in 'cellSpurs' module
LDR: ! Imported function 'cellSpursJoinTaskset' in 'cellSpurs' module
LDR: ! Imported function 'cellSpursTaskAttributeSetExitCodeContainer' in 'cellSpurs' module
LDR: ! Imported function '_cellSpursWorkloadFlagReceiver' in 'cellSpurs' module
LDR: ! Imported function 'cellSpursShutdownTaskset' in 'cellSpurs' module
LDR: ! Imported function 'cellSpursInitializeWithAttribute' in 'cellSpurs' module
LDR: ! Imported function '_cellSpursTaskAttributeInitialize' in 'cellSpurs' module
LDR: ! Imported function 'cellSpursAttachLv2EventQueue' in 'cellSpurs' module
LDR: ! Imported function 'cellSpursCreateTask' in 'cellSpurs' module
LDR: ! Imported function 'cellSpursAddWorkloadWithAttribute' in 'cellSpurs' module
LDR: ! Imported function 'cellSpursCreateTasksetWithAttribute' in 'cellSpurs' module
LDR: ! Imported function 'cellSpursGetWorkloadFlag' in 'cellSpurs' module
LDR: ! Imported function 'cellSpursFinalize' in 'cellSpurs' module
LDR: W Unimplemented function 'cellSpursTraceStart' in 'cellSpurs' module
LDR: ! Imported function 'cellSpursSetExceptionEventHandler' in 'cellSpurs' module
LDR: ! Imported function '_cellSpursWorkloadAttributeInitialize' in 'cellSpurs' module
LDR: ! Imported function 'cellSpursReadyCountStore' in 'cellSpurs' module
LDR: ! Imported function 'cellGcmSetUserHandler' in 'cellGcmSys' module
LDR: ! Imported function 'cellGcmSetQueueHandler' in 'cellGcmSys' module
LDR: ! Imported function '_cellGcmInitBody' in 'cellGcmSys' module
LDR: ! Imported function '_cellGcmSetFlipCommand' in 'cellGcmSys' module
LDR: ! Imported function 'cellGcmSortRemapEaIoAddress' in 'cellGcmSys' module
LDR: ! Imported function 'cellGcmGetOffsetTable' in 'cellGcmSys' module
LDR: ! Imported function '_cellGcmFunc15' in 'cellGcmSys' module
LDR: ! Imported function 'cellGcmBindTile' in 'cellGcmSys' module
LDR: ! Imported function 'cellGcmSetFlipMode' in 'cellGcmSys' module
LDR: ! Imported function 'cellGcmSetDebugOutputLevel' in 'cellGcmSys' module
LDR: ! Imported function 'cellGcmMapEaIoAddressWithFlags' in 'cellGcmSys' module
LDR: ! Imported function 'cellGcmBindZcull' in 'cellGcmSys' module
LDR: ! Imported function 'cellGcmMapMainMemory' in 'cellGcmSys' module
LDR: ! Imported function 'cellGcmSetFlipHandler' in 'cellGcmSys' module
LDR: ! Imported function 'cellGcmSetDisplayBuffer' in 'cellGcmSys' module
LDR: ! Imported function 'cellGcmGetControlRegister' in 'cellGcmSys' module
LDR: ! Imported function 'cellGcmUnbindZcull' in 'cellGcmSys' module
LDR: ! Imported function 'cellGcmSetVBlankHandler' in 'cellGcmSys' module
LDR: ! Imported function 'cellGcmSetTileInfo' in 'cellGcmSys' module
LDR: ! Imported function 'cellGcmSetGraphicsHandler' in 'cellGcmSys' module
LDR: ! Imported function '_cellGcmSetFlipCommandWithWaitLabel' in 'cellGcmSys' module
LDR: ! Imported function 'cellGcmUnbindTile' in 'cellGcmSys' module
LDR: ! Imported function 'cellGcmUnmapIoAddress' in 'cellGcmSys' module
LDR: ! Imported function 'cellGcmGetConfiguration' in 'cellGcmSys' module
LDR: ! Imported function 'cellGcmGetLabelAddress' in 'cellGcmSys' module
LDR: ! Imported function 'cellGcmInitSystemMode' in 'cellGcmSys' module
LDR: ! Imported function 'sys_net_initialize_network_ex' in 'sys_net' module
LDR: ! Imported function 'recvfrom' in 'sys_net' module
LDR: ! Imported function 'listen' in 'sys_net' module
LDR: W Unimplemented function 'socketselect' in 'sys_net' module
LDR: W Unimplemented function 'getsockopt' in 'sys_net' module
LDR: ! Imported function '_sys_net_errno_loc' in 'sys_net' module
LDR: ! Imported function 'connect' in 'sys_net' module
LDR: ! Imported function 'socketclose' in 'sys_net' module
LDR: W Unimplemented function 'gethostbyname' in 'sys_net' module
LDR: W Unimplemented function 'inet_ntoa' in 'sys_net' module
LDR: ! Imported function 'setsockopt' in 'sys_net' module
LDR: ! Imported function 'sendto' in 'sys_net' module
LDR: ! Imported function 'socket' in 'sys_net' module
LDR: ! Imported function 'bind' in 'sys_net' module
LDR: ! Imported function 'sys_net_show_ifconfig' in 'sys_net' module
LDR: ! Imported function 'sys_net_finalize_network' in 'sys_net' module
LDR: ! Imported function 'accept' in 'sys_net' module
LDR: ! Imported function 'inet_addr' in 'sys_net' module
LDR: ! Imported function 'send' in 'sys_net' module
LDR: W Unimplemented function 'gethostbyaddr' in 'sys_net' module
LDR: W Unimplemented function 'getpeername' in 'sys_net' module
LDR: ! Imported function 'recv' in 'sys_net' module
LDR: ! Imported function 'sys_net_free_thread_context' in 'sys_net' module
LDR: ! Imported function 'cellNetCtlNetStartDialogLoadAsync' in 'cellNetCtl' module
LDR: ! Imported function 'cellNetCtlNetStartDialogUnloadAsync' in 'cellNetCtl' module
LDR: ! Imported function 'cellNetCtlTerm' in 'cellNetCtl' module
LDR: ! Imported function 'cellNetCtlGetInfo' in 'cellNetCtl' module
LDR: ! Imported function 'cellNetCtlGetNatInfo' in 'cellNetCtl' module
LDR: ! Imported function 'cellNetCtlGetState' in 'cellNetCtl' module
LDR: ! Imported function 'cellNetCtlInit' in 'cellNetCtl' module
LDR: ! Imported function 'cellVideoOutConfigure' in 'cellSysutil' module
LDR: ! Imported function 'cellSysutilCheckCallback' in 'cellSysutil' module
LDR: W Unimplemented function 'cellOskDialogGetInputText' in 'cellSysutil' module
LDR: ! Imported function 'cellSaveDataListLoad2' in 'cellSysutil' module
LDR: ! Imported function 'cellSysCacheMount' in 'cellSysutil' module
LDR: ! Imported function 'cellVideoOutGetDeviceInfo' in 'cellSysutil' module
LDR: ! Imported function 'cellSaveDataListAutoLoad' in 'cellSysutil' module
LDR: W Unimplemented function 'cellGameUnregisterDiscChangeCallback' in 'cellSysutil' module
LDR: ! Imported function 'cellSaveDataListSave2' in 'cellSysutil' module
LDR: W Unimplemented function 'cellOskDialogGetSize' in 'cellSysutil' module
LDR: W Unimplemented function 'cellOskDialogUnloadAsync' in 'cellSysutil' module
LDR: ! Imported function 'cellSysutilGetSystemParamInt' in 'cellSysutil' module
LDR: ! Imported function 'cellAudioOutConfigure' in 'cellSysutil' module
LDR: ! Imported function 'cellSaveDataListAutoSave' in 'cellSysutil' module
LDR: ! Imported function 'cellMsgDialogAbort' in 'cellSysutil' module
LDR: ! Imported function 'cellSysCacheClear' in 'cellSysutil' module
LDR: ! Imported function 'cellVideoOutGetNumberOfDevice' in 'cellSysutil' module
LDR: ! Imported function 'cellMsgDialogOpen2' in 'cellSysutil' module
LDR: ! Imported function 'cellAudioOutGetDeviceInfo' in 'cellSysutil' module
LDR: W Unimplemented function 'cellOskDialogAddSupportLanguage' in 'cellSysutil' module
LDR: W Unimplemented function 'cellOskDialogLoadAsync' in 'cellSysutil' module
LDR: ! Imported function 'cellVideoOutGetState' in 'cellSysutil' module
LDR: ! Imported function 'cellSysutilGetSystemParamString' in 'cellSysutil' module
LDR: ! Imported function 'cellSysutilRegisterCallback' in 'cellSysutil' module
LDR: ! Imported function 'cellVideoOutGetResolutionAvailability' in 'cellSysutil' module
LDR: W Unimplemented function 'cellOskDialogSetKeyLayoutOption' in 'cellSysutil' module
LDR: W Unimplemented function 'cellOskDialogAbort' in 'cellSysutil' module
LDR: ! Imported function 'cellAudioOutGetSoundAvailability' in 'cellSysutil' module
LDR: W Unimplemented function 'cellOskDialogSetInitialKeyLayout' in 'cellSysutil' module
LDR: ! Imported function 'cellVideoOutGetResolution' in 'cellSysutil' module
LDR: ! Imported function 'cellAudioOutGetNumberOfDevice' in 'cellSysutil' module
LDR: W Unimplemented function 'cellOskDialogSetLayoutMode' in 'cellSysutil' module
LDR: ! Imported function 'cellAudioOutGetState' in 'cellSysutil' module
LDR: W Unimplemented function 'cellVoiceStart' in 'cellVoice' module
LDR: W Unimplemented function 'cellVoiceCreatePort' in 'cellVoice' module
LDR: W Unimplemented function 'cellVoiceReadFromOPort' in 'cellVoice' module
LDR: W Unimplemented function 'cellVoiceWriteToIPort' in 'cellVoice' module
LDR: W Unimplemented function 'cellVoiceGetMuteFlag' in 'cellVoice' module
LDR: W Unimplemented function 'cellVoiceGetPortInfo' in 'cellVoice' module
LDR: W Unimplemented function 'cellVoiceGetVolume' in 'cellVoice' module
LDR: W Unimplemented function 'cellVoiceSetPortAttr' in 'cellVoice' module
LDR: W Unimplemented function 'cellVoiceDeletePort' in 'cellVoice' module
LDR: W Unimplemented function 'cellVoiceConnectIPortToOPort' in 'cellVoice' module
LDR: W Unimplemented function 'cellVoiceInit' in 'cellVoice' module
LDR: W Unimplemented function 'cellVoiceStop' in 'cellVoice' module
LDR: W Unimplemented function 'cellVoiceSetMuteFlagAll' in 'cellVoice' module
LDR: W Unimplemented function 'cellVoiceSetVolume' in 'cellVoice' module
LDR: W Unimplemented function 'cellVoiceSetMuteFlag' in 'cellVoice' module
LDR: W Unimplemented function 'cellVoiceEnd' in 'cellVoice' module
LDR: W Unimplemented function 'cellVoiceGetPortAttr' in 'cellVoice' module
LDR: W Unimplemented function 'cellUsbdInterruptTransfer' in 'cellUsbd' module
LDR: W Unimplemented function 'cellUsbdOpenPipe' in 'cellUsbd' module
LDR: W Unimplemented function 'cellUsbdScanStaticDescriptor' in 'cellUsbd' module
LDR: W Unimplemented function 'cellUsbdEnd' in 'cellUsbd' module
LDR: W Unimplemented function 'cellUsbdSetThreadPriority2' in 'cellUsbd' module
LDR: W Unimplemented function 'cellUsbdGetPrivateData' in 'cellUsbd' module
LDR: W Unimplemented function 'cellUsbdSetPrivateData' in 'cellUsbd' module
LDR: W Unimplemented function 'cellUsbdRegisterExtraLdd' in 'cellUsbd' module
LDR: W Unimplemented function 'cellUsbdUnregisterExtraLdd' in 'cellUsbd' module
LDR: W Unimplemented function 'cellUsbdControlTransfer' in 'cellUsbd' module
LDR: W Unimplemented function 'cellUsbdInit' in 'cellUsbd' module
LDR: ! Imported function 'cellFsReadWithOffset' in 'sys_fs' module
LDR: ! Imported function 'cellFsRmdir' in 'sys_fs' module
LDR: ! Imported function 'cellFsClose' in 'sys_fs' module
LDR: ! Imported function 'cellFsOpendir' in 'sys_fs' module
LDR: ! Imported function 'cellFsRead' in 'sys_fs' module
LDR: ! Imported function 'cellFsReaddir' in 'sys_fs' module
LDR: ! Imported function 'cellFsOpen' in 'sys_fs' module
LDR: ! Imported function 'cellFsStat' in 'sys_fs' module
LDR: ! Imported function 'cellFsUnlink' in 'sys_fs' module
LDR: W Unimplemented function 'cellFsWriteWithOffset' in 'sys_fs' module
LDR: ! Imported function 'cellFsFsync' in 'sys_fs' module
LDR: ! Imported function 'cellFsChmod' in 'sys_fs' module
LDR: ! Imported function 'cellFsLseek' in 'sys_fs' module
LDR: ! Imported function 'cellFsGetFreeSize' in 'sys_fs' module
LDR: ! Imported function 'cellFsSdataOpen' in 'sys_fs' module
LDR: ! Imported function 'cellFsMkdir' in 'sys_fs' module
LDR: W Unimplemented function 'cellFsUtime' in 'sys_fs' module
LDR: ! Imported function 'cellFsWrite' in 'sys_fs' module
LDR: ! Imported function 'cellFsFstat' in 'sys_fs' module
LDR: ! Imported function 'cellFsRename' in 'sys_fs' module
LDR: ! Imported function 'cellFsClosedir' in 'sys_fs' module
LDR: ! Imported function 'cellPadInit' in 'sys_io' module
LDR: ! Imported function 'cellKbGetInfo' in 'sys_io' module
LDR: ! Imported function 'cellMouseGetData' in 'sys_io' module
LDR: ! Imported function 'cellKbInit' in 'sys_io' module
LDR: ! Imported function 'cellPadEnd' in 'sys_io' module
LDR: ! Imported function 'cellPadSetPortSetting' in 'sys_io' module
LDR: ! Imported function 'cellMouseGetInfo' in 'sys_io' module
LDR: ! Imported function 'cellPadGetData' in 'sys_io' module
LDR: ! Imported function 'cellKbSetCodeType' in 'sys_io' module
LDR: ! Imported function 'cellPadGetInfo2' in 'sys_io' module
LDR: ! Imported function 'cellMouseInit' in 'sys_io' module
LDR: ! Imported function 'cellKbSetReadMode' in 'sys_io' module
LDR: ! Imported function 'cellMouseEnd' in 'sys_io' module
LDR: ! Imported function 'cellPadSetActDirect' in 'sys_io' module
LDR: ! Imported function 'cellKbRead' in 'sys_io' module
LDR: ! Imported function 'cellAudioInit' in 'cellAudio' module
LDR: ! Imported function 'cellAudioPortClose' in 'cellAudio' module
LDR: ! Imported function 'cellAudioPortStop' in 'cellAudio' module
LDR: ! Imported function 'cellAudioGetPortConfig' in 'cellAudio' module
LDR: ! Imported function 'cellAudioPortStart' in 'cellAudio' module
LDR: ! Imported function 'cellAudioQuit' in 'cellAudio' module
LDR: ! Imported function 'cellAudioPortOpen' in 'cellAudio' module
LDR: ! Imported function 'cellSysmoduleUnloadModule' in 'cellSysmodule' module
LDR: ! Imported function 'cellSysmoduleLoadModule' in 'cellSysmodule' module
LDR: ! Imported function 'cellSysmoduleIsLoaded' in 'cellSysmodule' module
LDR: ! Imported function 'cellSysmoduleInitialize' in 'cellSysmodule' module
LDR: ! Imported function 'sceNpBasicSendMessageGui' in 'sceNp' module
LDR: ! Imported function 'sceNpBasicGetFriendListEntry' in 'sceNp' module
LDR: ! Imported function 'sceNpManagerGetTicket' in 'sceNp' module
LDR: ! Imported function 'sceNpSignalingGetConnectionInfo' in 'sceNp' module
LDR: ! Imported function 'sceNpScoreRecordScore' in 'sceNp' module
LDR: ! Imported function 'sceNpBasicAddPlayersHistory' in 'sceNp' module
LDR: ! Imported function 'sceNpScoreWaitAsync' in 'sceNp' module
LDR: ! Imported function 'sceNpScoreGetRankingByRangeAsync' in 'sceNp' module
LDR: ! Imported function 'sceNpScoreDestroyTitleCtx' in 'sceNp' module
LDR: ! Imported function 'sceNpBasicAddFriend' in 'sceNp' module
LDR: ! Imported function 'sceNpManagerGetMyLanguages' in 'sceNp' module
LDR: ! Imported function 'sceNpBasicGetFriendPresenceByIndex' in 'sceNp' module
LDR: ! Imported function 'sceNpScoreInit' in 'sceNp' module
LDR: ! Imported function 'sceNpManagerGetAvatarUrl' in 'sceNp' module
LDR: ! Imported function 'sceNpScoreGetRankingByNpIdAsync' in 'sceNp' module
LDR: ! Imported function 'sceNpBasicAbortGui' in 'sceNp' module
LDR: ! Imported function 'sceNpTerm' in 'sceNp' module
LDR: ! Imported function 'sceNpSignalingAddExtendedHandler' in 'sceNp' module
LDR: ! Imported function 'sceNpManagerGetTicketParam' in 'sceNp' module
LDR: ! Imported function 'sceNpLookupDestroyTitleCtx' in 'sceNp' module
LDR: ! Imported function 'sceNpLookupInit' in 'sceNp' module
LDR: ! Imported function 'sceNpSignalingActivateConnection' in 'sceNp' module
LDR: ! Imported function 'sceNpSignalingCreateCtx' in 'sceNp' module
LDR: ! Imported function 'sceNpBasicRecvMessageAttachmentLoad' in 'sceNp' module
LDR: ! Imported function 'sceNpManagerGetContentRatingFlag' in 'sceNp' module
LDR: ! Imported function 'sceNpScoreCreateTransactionCtx' in 'sceNp' module
LDR: ! Imported function 'sceNpLookupPollAsync' in 'sceNp' module
LDR: ! Imported function 'sceNpSignalingGetPeerNetInfo' in 'sceNp' module
LDR: ! Imported function 'sceNpScoreCensorCommentAsync' in 'sceNp' module
LDR: ! Imported function 'sceNpBasicRecvMessageCustom' in 'sceNp' module
LDR: ! Imported function 'sceNpManagerRequestTicket2' in 'sceNp' module
LDR: ! Imported function 'sceNpLookupTerm' in 'sceNp' module
LDR: ! Imported function 'sceNpLookupTitleSmallStorageAsync' in 'sceNp' module
LDR: ! Imported function 'sceNpSignalingTerminateConnection' in 'sceNp' module
LDR: ! Imported function 'sceNpScoreTerm' in 'sceNp' module
LDR: ! Imported function 'sceNpBasicGetPlayersHistoryEntryCount' in 'sceNp' module
LDR: ! Imported function 'sceNpScorePollAsync' in 'sceNp' module
LDR: ! Imported function 'sceNpManagerGetStatus' in 'sceNp' module
LDR: ! Imported function 'sceNpBasicGetCustomInvitationEntryCount' in 'sceNp' module
LDR: ! Imported function 'sceNpSignalingDestroyCtx' in 'sceNp' module
LDR: ! Imported function 'sceNpBasicUnregisterHandler' in 'sceNp' module
LDR: ! Imported function 'sceNpDrmIsAvailable' in 'sceNp' module
LDR: ! Imported function 'sceNpBasicGetFriendListEntryCount' in 'sceNp' module
LDR: ! Imported function 'sceNpManagerGetAccountRegion' in 'sceNp' module
LDR: ! Imported function 'sceNpScoreCreateTitleCtx' in 'sceNp' module
LDR: ! Imported function 'sceNpBasicGetPlayersHistoryEntry' in 'sceNp' module
LDR: ! Imported function 'sceNpBasicRegisterHandler' in 'sceNp' module
LDR: ! Imported function 'sceNpInit' in 'sceNp' module
LDR: ! Imported function 'sceNpManagerGetNetworkTime' in 'sceNp' module
LDR: ! Imported function 'sceNpBasicSetPresenceDetails' in 'sceNp' module
LDR: ! Imported function 'sceNpScoreDestroyTransactionCtx' in 'sceNp' module
LDR: ! Imported function 'sceNpSignalingGetConnectionStatus' in 'sceNp' module
LDR: ! Imported function 'sceNpLookupCreateTitleCtx' in 'sceNp' module
LDR: ! Imported function 'sceNpProfileCallGui' in 'sceNp' module
LDR: ! Imported function 'sceNpSignalingGetPeerNetInfoResult' in 'sceNp' module
LDR: ! Imported function 'sceNpUtilCmpNpId' in 'sceNp' module
LDR: ! Imported function 'sceNpBasicGetEvent' in 'sceNp' module
LDR: ! Imported function 'sceNpManagerRegisterCallback' in 'sceNp' module
LDR: ! Imported function 'sceNpSignalingGetConnectionFromNpId' in 'sceNp' module
LDR: ! Imported function 'sceNpLookupCreateTransactionCtx' in 'sceNp' module
LDR: ! Imported function 'sceNpManagerGetChatRestrictionFlag' in 'sceNp' module
LDR: ! Imported function 'sceNpBasicSendMessage' in 'sceNp' module
LDR: ! Imported function 'sceNpBasicGetMessageEntryCount' in 'sceNp' module
LDR: ! Imported function 'sceNpDrmIsAvailable2' in 'sceNp' module
LDR: ! Imported function 'sceNpLookupDestroyTransactionCtx' in 'sceNp' module
LDR: ! Imported function 'sceNpBasicGetFriendPresenceByNpId' in 'sceNp' module
LDR: ! Imported function 'sceNpManagerGetNpId' in 'sceNp' module
LDR: W Unimplemented function 'sceNpMatching2DestroyContext' in 'sceNp2' module
LDR: W Unimplemented function 'sceNpMatching2GetWorldInfoList' in 'sceNp2' module
LDR: W Unimplemented function 'sceNpMatching2SearchRoom' in 'sceNp2' module
LDR: W Unimplemented function 'sceNpMatching2CreateServerContext' in 'sceNp2' module
LDR: W Unimplemented function 'sceNpMatching2LeaveRoom' in 'sceNp2' module
LDR: W Unimplemented function 'sceNpMatching2SetRoomDataExternal' in 'sceNp2' module
LDR: W Unimplemented function 'sceNpMatching2Term2' in 'sceNp2' module
LDR: W Unimplemented function 'sceNpMatching2GetRoomMemberDataExternalList' in 'sceNp2' module
LDR: W Unimplemented function 'sceNpMatching2GetServerInfo' in 'sceNp2' module
LDR: W Unimplemented function 'sceNpMatching2GetEventData' in 'sceNp2' module
LDR: W Unimplemented function 'sceNp2Init' in 'sceNp2' module
LDR: W Unimplemented function 'sceNpMatching2AbortContextStart' in 'sceNp2' module
LDR: W Unimplemented function 'sceNpMatching2JoinRoom' in 'sceNp2' module
LDR: W Unimplemented function 'sceNpMatching2KickoutRoomMember' in 'sceNp2' module
LDR: W Unimplemented function 'sceNpMatching2ContextStartAsync' in 'sceNp2' module
LDR: W Unimplemented function 'sceNpMatching2RegisterContextCallback' in 'sceNp2' module
LDR: W Unimplemented function 'sceNpMatching2SetRoomDataInternal' in 'sceNp2' module
LDR: W Unimplemented function 'sceNpMatching2SignalingGetPingInfo' in 'sceNp2' module
LDR: W Unimplemented function 'sceNpMatching2GetServerIdListLocal' in 'sceNp2' module
LDR: W Unimplemented function 'sceNpMatching2GrantRoomOwner' in 'sceNp2' module
LDR: W Unimplemented function 'sceNpMatching2CreateContext' in 'sceNp2' module
LDR: W Unimplemented function 'sceNpMatching2ClearEventData' in 'sceNp2' module
LDR: W Unimplemented function 'sceNp2Term' in 'sceNp2' module
LDR: W Unimplemented function 'sceNpMatching2SetRoomMemberDataInternal' in 'sceNp2' module
LDR: W Unimplemented function 'sceNpMatching2DeleteServerContext' in 'sceNp2' module
LDR: W Unimplemented function 'sceNpMatching2SetDefaultRequestOptParam' in 'sceNp2' module
LDR: W Unimplemented function 'sceNpMatching2RegisterRoomEventCallback' in 'sceNp2' module
LDR: W Unimplemented function 'sceNpMatching2CreateJoinRoom' in 'sceNp2' module
LDR: W Unimplemented function 'sceNpMatching2ContextStop' in 'sceNp2' module
LDR: W Unimplemented function 'sceNpMatching2Init2' in 'sceNp2' module
LDR: W Unimplemented function 'sceNpMatching2RegisterRoomMessageCallback' in 'sceNp2' module
LDR: ! Imported function 'cellRtcGetCurrentClockLocalTime' in 'cellRtc' module
LDR: ! Imported function 'cellRtcFormatRfc2822' in 'cellRtc' module
LDR: ! Imported function 'cellRtcSetTick' in 'cellRtc' module
LDR: ! Imported function 'cellRtcGetCurrentTick' in 'cellRtc' module
LDR: ! Imported function 'cellRtcFormatRfc2822LocalTime' in 'cellRtc' module
LDR: ! Imported function 'cellRtcSetTime_t' in 'cellRtc' module
LDR: ! Imported function 'cellRtcParseDateTime' in 'cellRtc' module
LDR: ! Imported function 'cellRtcGetTick' in 'cellRtc' module
LDR: ! Imported function 'cellRtcGetTime_t' in 'cellRtc' module
LDR: ! Imported function 'cellRtcTickAddSeconds' in 'cellRtc' module
LDR: ! Imported function 'cellGameGetParamString' in 'cellGame' module
LDR: ! Imported function 'cellGameCreateGameData' in 'cellGame' module
LDR: ! Imported function 'cellGameContentPermit' in 'cellGame' module
LDR: ! Imported function 'cellGameContentErrorDialog' in 'cellGame' module
LDR: ! Imported function 'cellGameGetParamInt' in 'cellGame' module
LDR: ! Imported function 'cellGamePatchCheck' in 'cellGame' module
LDR: ! Imported function 'cellGameSetParamString' in 'cellGame' module
LDR: ! Imported function 'cellGameDataCheck' in 'cellGame' module
LDR: ! Imported function 'cellGameGetSizeKB' in 'cellGame' module
LDR: ! Imported function 'cellGameBootCheck' in 'cellGame' module
LDR: W Unknown module 'sceNpCommerce2'
LDR: ! Imported function 'sceNpCommerce2Init' in 'sceNpCommerce2' module
LDR: ! Imported function 'sceNpCommerce2Term' in 'sceNpCommerce2' module
LDR: ! Imported function 'sceNpCommerce2ExecuteStoreBrowse' in 'sceNpCommerce2' module
LDR: ! Imported function 'cellVdecOpenEx' in 'libvdec' module
LDR: ! Imported function 'cellVdecClose' in 'libvdec' module
LDR: ! Imported function 'cellVdecGetPicItem' in 'libvdec' module
LDR: ! Imported function 'cellVdecDecodeAu' in 'libvdec' module
LDR: ! Imported function 'cellVdecGetPicture' in 'libvdec' module
LDR: ! Imported function 'cellVdecEndSeq' in 'libvdec' module
LDR: ! Imported function 'cellVdecStartSeq' in 'libvdec' module
LDR: ! Imported function 'cellVdecQueryAttrEx' in 'libvdec' module
LDR: ! Imported function 'cellVdecSetFrameRate' in 'libvdec' module
LDR: W Unknown module 'cellRec'
LDR: ! Imported function 'cellRecOpen' in 'cellRec' module
LDR: ! Imported function 'cellRecClose' in 'cellRec' module
LDR: ! Imported function 'cellRecStop' in 'cellRec' module
LDR: ! Imported function 'cellRecStart' in 'cellRec' module
LDR: ! Imported function 'cellRecQueryMemSize' in 'cellRec' module
LDR: ! Imported function 'sceNpTrophyRegisterContext' in 'sceNpTrophy' module
LDR: ! Imported function 'sceNpTrophyCreateHandle' in 'sceNpTrophy' module
LDR: ! Imported function 'sceNpTrophySetSoundLevel' in 'sceNpTrophy' module
LDR: ! Imported function 'sceNpTrophyDestroyContext' in 'sceNpTrophy' module
LDR: ! Imported function 'sceNpTrophyInit' in 'sceNpTrophy' module
LDR: ! Imported function 'sceNpTrophyDestroyHandle' in 'sceNpTrophy' module
LDR: ! Imported function 'sceNpTrophyUnlockTrophy' in 'sceNpTrophy' module
LDR: ! Imported function 'sceNpTrophyTerm' in 'sceNpTrophy' module
LDR: ! Imported function 'sceNpTrophyGetTrophyUnlockState' in 'sceNpTrophy' module
LDR: ! Imported function 'sceNpTrophyCreateContext' in 'sceNpTrophy' module
LDR: ! Imported function 'cellPngDecCreate' in 'cellPngDec' module
LDR: ! Imported function 'cellPngDecDecodeData' in 'cellPngDec' module
LDR: ! Imported function 'cellPngDecClose' in 'cellPngDec' module
LDR: ! Imported function 'cellPngDecDestroy' in 'cellPngDec' module
LDR: ! Imported function 'cellPngDecReadHeader' in 'cellPngDec' module
LDR: ! Imported function 'cellPngDecOpen' in 'cellPngDec' module
LDR: ! Imported function 'cellPngDecSetParameter' in 'cellPngDec' module
LDR: W Unknown module 'sceNpTus'
LDR: ! Imported function 'sceNpTusCreateTransactionCtx' in 'sceNpTus' module
LDR: ! Imported function 'sceNpTusTerm' in 'sceNpTus' module
LDR: ! Imported function 'sceNpTusDestroyTitleCtx' in 'sceNpTus' module
LDR: ! Imported function 'sceNpTusDestroyTransactionCtx' in 'sceNpTus' module
LDR: ! Imported function 'sceNpTusSetTimeout' in 'sceNpTus' module
LDR: ! Imported function 'sceNpTusCreateTitleCtx' in 'sceNpTus' module
LDR: ! Imported function 'sceNpTusSetData' in 'sceNpTus' module
LDR: ! Imported function 'sceNpTusGetData' in 'sceNpTus' module
LDR: ! Imported function 'sceNpTusInit' in 'sceNpTus' module
LDR: ! Imported function 'cellJpgDecReadHeader' in 'cellJpgDec' module
LDR: ! Imported function 'cellJpgDecClose' in 'cellJpgDec' module
LDR: ! Imported function 'cellJpgDecOpen' in 'cellJpgDec' module
LDR: ! Imported function 'cellJpgDecCreate' in 'cellJpgDec' module
LDR: ! Imported function 'cellJpgDecDecodeData' in 'cellJpgDec' module
LDR: ! Imported function 'cellJpgDecDestroy' in 'cellJpgDec' module
LDR: ! Imported function 'cellJpgDecSetParameter' in 'cellJpgDec' module
LDR: W Unimplemented function 'UCS2stoUTF8s' in 'cellL10n' module
LDR: W Unimplemented function 'UTF8stoUCS2s' in 'cellL10n' module
LDR: W Unknown module 'cellPhotoUtility'
LDR: ! Imported function 'cellPhotoExportInitialize2' in 'cellPhotoUtility' module
LDR: ! Imported function 'cellPhotoExportFromFile' in 'cellPhotoUtility' module
LDR: ! Imported function 'cellPhotoExportFinalize' in 'cellPhotoUtility' module
LDR: W Unimplemented function 'cellJpgEncQueryAttr' in 'cellJpgEnc' module
LDR: W Unimplemented function 'cellJpgEncWaitForInput' in 'cellJpgEnc' module
LDR: W Unimplemented function 'cellJpgEncGetStreamInfo' in 'cellJpgEnc' module
LDR: W Unimplemented function 'cellJpgEncEncodePicture2' in 'cellJpgEnc' module
LDR: W Unimplemented function 'cellJpgEncClose' in 'cellJpgEnc' module
LDR: W Unimplemented function 'cellJpgEncWaitForOutput' in 'cellJpgEnc' module
LDR: W Unimplemented function 'cellJpgEncOpen' in 'cellJpgEnc' module
LDR: W Unknown module 'cellSysutilNpEula'
LDR: ! Imported function 'Unknown func id: 0x59d1629a' in 'cellSysutilNpEula' module
LDR: ! Imported function 'Unknown func id: 0x6599500d' in 'cellSysutilNpEula' module
LDR: W Unknown module 'sceNpUtil'
LDR: ! Imported function 'sceNpUtilBandwidthTestShutdown' in 'sceNpUtil' module
LDR: ! Imported function 'sceNpUtilBandwidthTestInitStart' in 'sceNpUtil' module
LDR: ! Imported function 'sceNpUtilBandwidthTestGetStatus' in 'sceNpUtil' module
LDR: ! Imported function 'sys_lwmutex_lock' in 'sysPrxForUser' module
LDR: ! Imported function 'sys_lwmutex_unlock' in 'sysPrxForUser' module
LDR: ! Imported function 'sys_lwcond_destroy' in 'sysPrxForUser' module
LDR: ! Imported function 'sys_ppu_thread_create' in 'sysPrxForUser' module
LDR: ! Imported function 'sys_prx_load_module' in 'sysPrxForUser' module
LDR: ! Imported function 'sys_lwcond_wait' in 'sysPrxForUser' module
LDR: ! Imported function '_sys_process_atexitspawn' in 'sysPrxForUser' module
LDR: ! Imported function 'sys_lwmutex_create' in 'sysPrxForUser' module
LDR: ! Imported function 'sys_ppu_thread_get_id' in 'sysPrxForUser' module
LDR: ! Imported function 'sys_mmapper_free_memory' in 'sysPrxForUser' module
LDR: ! Imported function 'sys_prx_register_library' in 'sysPrxForUser' module
LDR: ! Imported function 'sys_mmapper_unmap_memory' in 'sysPrxForUser' module
LDR: ! Imported function 'Unknown func id: 0x4f7172c9' in 'sysPrxForUser' module
LDR: ! Imported function 'sys_spinlock_unlock' in 'sysPrxForUser' module
LDR: ! Imported function 'sys_spinlock_trylock' in 'sysPrxForUser' module
LDR: ! Imported function 'sys_initialize_tls' in 'sysPrxForUser' module
LDR: ! Imported function 'sys_time_get_system_time' in 'sysPrxForUser' module
LDR: ! Imported function 'sys_prx_get_module_info' in 'sysPrxForUser' module
LDR: ! Imported function 'sys_spinlock_initialize' in 'sysPrxForUser' module
LDR: ! Imported function '_sys_process_at_Exitspawn' in 'sysPrxForUser' module
LDR: ! Imported function 'sys_prx_exitspawn_with_level' in 'sysPrxForUser' module
LDR: ! Imported function 'sys_prx_get_module_list' in 'sysPrxForUser' module
LDR: ! Imported function 'sys_prx_load_module_on_memcontainer' in 'sysPrxForUser' module
LDR: ! Imported function 'sys_lwmutex_trylock' in 'sysPrxForUser' module
LDR: ! Imported function 'sys_ppu_thread_exit' in 'sysPrxForUser' module
LDR: ! Imported function 'sys_mmapper_allocate_memory' in 'sysPrxForUser' module
LDR: ! Imported function 'sys_lwmutex_destroy' in 'sysPrxForUser' module
LDR: ! Imported function 'sys_lwcond_create' in 'sysPrxForUser' module
LDR: ! Imported function 'sys_mmapper_map_memory' in 'sysPrxForUser' module
LDR: ! Imported function 'sys_process_exit' in 'sysPrxForUser' module
LDR: ! Imported function 'sys_lwcond_signal_all' in 'sysPrxForUser' module
LDR: ! Imported function 'sys_lwcond_signal' in 'sysPrxForUser' module
HLE: W {PPU[1] Thread (CPUThread)[0x0110e058]} sys_lwmutex warning: sys_lwmutex_create(lwmutex_addr=0x10d2b30, attr_addr=0xb92000)
HLE: ! {PPU[1] Thread (CPUThread)[0x0110e058]} sys_lwmutex: *** lwmutex created [_lc_mtx] (attribute=0x12): sq_id = 3
HLE: W {PPU[1] Thread (CPUThread)[0x00ace360]} sys_memory warning: sys_memory_get_user_memory_size(mem_info_addr=0xd000fc04)
HLE: W {PPU[1] Thread (CPUThread)[0x0110e058]} sys_lwmutex warning: sys_lwmutex_create(lwmutex_addr=0x10d2938, attr_addr=0xb92000)
HLE: ! {PPU[1] Thread (CPUThread)[0x0110e058]} sys_lwmutex: *** lwmutex created [_lc_mtx] (attribute=0x12): sq_id = 4
HLE: W {PPU[1] Thread (CPUThread)[0x0110e058]} sys_lwmutex warning: sys_lwmutex_create(lwmutex_addr=0x10d20c8, attr_addr=0xb92000)
HLE: ! {PPU[1] Thread (CPUThread)[0x0110e058]} sys_lwmutex: *** lwmutex created [_lc_mtx] (attribute=0x12): sq_id = 5
HLE: W {PPU[1] Thread (CPUThread)[0x0110e058]} sys_lwmutex warning: sys_lwmutex_create(lwmutex_addr=0x10d20f0, attr_addr=0xb92000)
HLE: ! {PPU[1] Thread (CPUThread)[0x0110e058]} sys_lwmutex: *** lwmutex created [_lc_mtx] (attribute=0x12): sq_id = 6
HLE: W {PPU[1] Thread (CPUThread)[0x0110e058]} sys_lwmutex warning: sys_lwmutex_create(lwmutex_addr=0x10d2118, attr_addr=0xb92000)
HLE: ! {PPU[1] Thread (CPUThread)[0x0110e058]} sys_lwmutex: *** lwmutex created [_lc_mtx] (attribute=0x12): sq_id = 7
HLE: W {PPU[1] Thread (CPUThread)[0x0110e058]} sys_lwmutex warning: sys_lwmutex_create(lwmutex_addr=0x10d2000, attr_addr=0xb92000)
HLE: ! {PPU[1] Thread (CPUThread)[0x0110e058]} sys_lwmutex: *** lwmutex created [_lc_mtx] (attribute=0x12): sq_id = 8
HLE: W {PPU[1] Thread (CPUThread)[0x0110e058]} sys_lwmutex warning: sys_lwmutex_create(lwmutex_addr=0x10d2028, attr_addr=0xb92000)
HLE: ! {PPU[1] Thread (CPUThread)[0x0110e058]} sys_lwmutex: *** lwmutex created [_lc_mtx] (attribute=0x12): sq_id = 9
HLE: W {PPU[1] Thread (CPUThread)[0x0110e058]} sys_lwmutex warning: sys_lwmutex_create(lwmutex_addr=0x10d2050, attr_addr=0xb92000)
HLE: ! {PPU[1] Thread (CPUThread)[0x0110e058]} sys_lwmutex: *** lwmutex created [_lc_mtx] (attribute=0x12): sq_id = 10
HLE: W {PPU[1] Thread (CPUThread)[0x0110e058]} sys_lwmutex warning: sys_lwmutex_create(lwmutex_addr=0x10d2078, attr_addr=0xb92000)
HLE: ! {PPU[1] Thread (CPUThread)[0x0110e058]} sys_lwmutex: *** lwmutex created [_lc_mtx] (attribute=0x12): sq_id = 11
HLE: W {PPU[1] Thread (CPUThread)[0x0110e058]} sys_lwmutex warning: sys_lwmutex_create(lwmutex_addr=0x10d20a0, attr_addr=0xb92000)
HLE: ! {PPU[1] Thread (CPUThread)[0x0110e058]} sys_lwmutex: *** lwmutex created [_lc_mtx] (attribute=0x12): sq_id = 12
HLE: W {PPU[1] Thread (CPUThread)[0x0110e058]} sys_lwmutex warning: sys_lwmutex_create(lwmutex_addr=0x10d2c78, attr_addr=0xe1cb98)
HLE: ! {PPU[1] Thread (CPUThread)[0x0110e058]} sys_lwmutex: *** lwmutex created [_lgcmtx] (attribute=0x12): sq_id = 13
HLE: W {PPU[1] Thread (CPUThread)[0x0110e058]} sys_lwmutex warning: sys_lwmutex_create(lwmutex_addr=0x10d2bf8, attr_addr=0xe1cb98)
HLE: ! {PPU[1] Thread (CPUThread)[0x0110e058]} sys_lwmutex: *** lwmutex created [_lgcmtx] (attribute=0x12): sq_id = 14
HLE: W {PPU[1] Thread (CPUThread)[0x0110e058]} sys_lwmutex warning: sys_lwmutex_create(lwmutex_addr=0x10d2c38, attr_addr=0xe1cba8)
HLE: ! {PPU[1] Thread (CPUThread)[0x0110e058]} sys_lwmutex: *** lwmutex created [_lgcmtx] (attribute=0x22): sq_id = 15
HLE: W {PPU[1] Thread (CPUThread)[0x0110e058]} sys_lwmutex warning: sys_lwmutex_create(lwmutex_addr=0x10a0e30, attr_addr=0xd000fbc0)
HLE: ! {PPU[1] Thread (CPUThread)[0x0110e058]} sys_lwmutex: *** lwmutex created [] (attribute=0x22): sq_id = 16
HLE: W {PPU[1] Thread (CPUThread)[0x008fd6a0]} sys_mutex warning: *** mutex created [FileSv] (protocol=0x1, recursive=false): id = 17
HLE: W {PPU[1] Thread (CPUThread)[0x00abe340]} sys_time warning: sys_time_get_timezone(timezone_addr=0xd000fb20, summertime_addr=0xd000fb24)
HLE: W {PPU[1] Thread (CPUThread)[0x00abe340]} cellSysutil warning: cellSysutilGetSystemParamInt: CELL_SYSUTIL_SYSTEMPARAM_ID_TIMEZONE
HLE: W {PPU[1] Thread (CPUThread)[0x00abe340]} cellSysutil warning: cellSysutilGetSystemParamInt: CELL_SYSUTIL_SYSTEMPARAM_ID_SUMMERTIME
HLE: W {PPU[1] Thread (CPUThread)[0x00ac50ac]} sys_time warning: sys_time_get_timezone(timezone_addr=0xd000fa70, summertime_addr=0xd000fa74)
HLE: W {PPU[1] Thread (CPUThread)[0x00ac50ac]} cellSysutil warning: cellSysutilGetSystemParamInt: CELL_SYSUTIL_SYSTEMPARAM_ID_TIMEZONE
HLE: W {PPU[1] Thread (CPUThread)[0x00ac50ac]} cellSysutil warning: cellSysutilGetSystemParamInt: CELL_SYSUTIL_SYSTEMPARAM_ID_SUMMERTIME
HLE: W {PPU[1] Thread (CPUThread)[0x00abfdb0]} sys_time warning: sys_time_get_timezone(timezone_addr=0xd000fb20, summertime_addr=0xd000fb24)
HLE: W {PPU[1] Thread (CPUThread)[0x00abfdb0]} cellSysutil warning: cellSysutilGetSystemParamInt: CELL_SYSUTIL_SYSTEMPARAM_ID_TIMEZONE
HLE: W {PPU[1] Thread (CPUThread)[0x00abfdb0]} cellSysutil warning: cellSysutilGetSystemParamInt: CELL_SYSUTIL_SYSTEMPARAM_ID_SUMMERTIME
HLE: W {PPU[1] Thread (CPUThread)[0x00ac50ac]} sys_time warning: sys_time_get_timezone(timezone_addr=0xd000fa70, summertime_addr=0xd000fa74)
HLE: W {PPU[1] Thread (CPUThread)[0x00ac50ac]} cellSysutil warning: cellSysutilGetSystemParamInt: CELL_SYSUTIL_SYSTEMPARAM_ID_TIMEZONE
HLE: W {PPU[1] Thread (CPUThread)[0x00ac50ac]} cellSysutil warning: cellSysutilGetSystemParamInt: CELL_SYSUTIL_SYSTEMPARAM_ID_SUMMERTIME
HLE: W {PPU[1] Thread (CPUThread)[0x00abe2ec]} sys_time warning: sys_time_get_timezone(timezone_addr=0xd000fb20, summertime_addr=0xd000fb24)
HLE: W {PPU[1] Thread (CPUThread)[0x00abe2ec]} cellSysutil warning: cellSysutilGetSystemParamInt: CELL_SYSUTIL_SYSTEMPARAM_ID_TIMEZONE
HLE: W {PPU[1] Thread (CPUThread)[0x00abe2ec]} cellSysutil warning: cellSysutilGetSystemParamInt: CELL_SYSUTIL_SYSTEMPARAM_ID_SUMMERTIME
HLE: W {PPU[1] Thread (CPUThread)[0x00abfdb0]} sys_time warning: sys_time_get_timezone(timezone_addr=0xd000fb20, summertime_addr=0xd000fb24)
HLE: W {PPU[1] Thread (CPUThread)[0x00abfdb0]} cellSysutil warning: cellSysutilGetSystemParamInt: CELL_SYSUTIL_SYSTEMPARAM_ID_TIMEZONE
HLE: W {PPU[1] Thread (CPUThread)[0x00abfdb0]} cellSysutil warning: cellSysutilGetSystemParamInt: CELL_SYSUTIL_SYSTEMPARAM_ID_SUMMERTIME
HLE: W {PPU[1] Thread (CPUThread)[0x0110e058]} sys_lwmutex warning: sys_lwmutex_create(lwmutex_addr=0x1028880, attr_addr=0xd000fb40)
HLE: ! {PPU[1] Thread (CPUThread)[0x0110e058]} sys_lwmutex: *** lwmutex created [ps3HDDL] (attribute=0x12): sq_id = 18
TTY: 
TTY init: stdout ############################################################
TTY: 
TTY init: stderr ############################################################
TTY: 
TTY init: spu stdout ########################################################
TTY: 
TTY init: user 1 ############################################################
TTY: 
TTY init: user 2 ############################################################
TTY: 
TTY init: user 3 ############################################################
TTY: 
TTY init: user 4 ############################################################
TTY: 
TTY init: user 5 ############################################################
TTY: 
TTY init: user 6 ############################################################
TTY: 
TTY init: user 7 ############################################################
TTY: 
TTY init: user 8 ############################################################
TTY: 
TTY init: user 9 ############################################################
TTY: 
TTY init: user 10 ###########################################################
TTY: 
TTY init: user 11 ###########################################################
TTY: 
TTY init: user 12 ###########################################################
TTY: 
TTY init: user 13 ###########################################################
HLE: W {PPU[1] Thread (CPUThread)[0x004ef938]} sys_event warning: sys_event_queue_create(equeue_id_addr=0xf3ea5c, attr_addr=0xd000fb40, event_queue_key=0x0, size=16)
HLE: W {PPU[1] Thread (CPUThread)[0x004ef938]} sys_event warning: *** event_queue created [TWITTER] (protocol=0x2, type=0x1, key=0x0, size=0x10): id = 19
HLE: W {PPU[1] Thread (CPUThread)[0x004ef954]} sys_event warning: sys_event_port_create(eport_id_addr=0xf3ea60, port_type=0x1, name=0x76543210)
HLE: W {PPU[1] Thread (CPUThread)[0x004ef954]} sys_event warning: *** sys_event_port created: id = 20
HLE: W {PPU[1] Thread (CPUThread)[0x004ef964]} sys_event warning: sys_event_port_connect_local(eport_id=20, equeue_id=19)
HLE: ! {PPU[1] Thread (CPUThread)[0x0110e028]} sys_ppu_thread: *** New PPU Thread [Twitter Thread] (joinable, entry=0xdf28c8): id = 21
HLE: W {PPU[1] Thread (CPUThread)[0x00173c10]} sys_event warning: sys_event_queue_create(equeue_id_addr=0xebd5b0, attr_addr=0xd000fbc0, event_queue_key=0x0, size=127)
HLE: W {PPU[1] Thread (CPUThread)[0x00173c10]} sys_event warning: *** event_queue created [] (protocol=0x1, type=0x1, key=0x0, size=0x7f): id = 22
HLE: W {PPU[1] Thread (CPUThread)[0x00173c44]} sys_event warning: sys_event_port_create(eport_id_addr=0xebd5b4, port_type=0x1, name=0x0)
HLE: W {PPU[1] Thread (CPUThread)[0x00173c44]} sys_event warning: *** sys_event_port created: id = 23
HLE: W {PPU[1] Thread (CPUThread)[0x00173c6c]} sys_event warning: sys_event_port_connect_local(eport_id=23, equeue_id=22)
TTY: -TTY: -TTY: -TTY: -TTY: -TTY: -TTY: -TTY: -TTY: -TTY: -TTY: -TTY: -TTY: -TTY: -TTY: -TTY: -TTY: -TTY: -TTY: -TTY: -TTY: -TTY: -TTY: -TTY: -TTY: -TTY: -TTY: -TTY: -TTY: -TTY: -TTY: -TTY: -TTY: -TTY: -TTY: -TTY: -TTY: -TTY: -TTY: -TTY: -TTY: -TTY: -TTY: -TTY: -TTY: -TTY: -TTY: -TTY: -TTY: -TTY: -TTY: -TTY: 
TTY: RTTY: eTTY: gTTY: iTTY: sTTY: tTTY: eTTY: rTTY: iTTY: nTTY: gTTY:  TTY: sTTY: yTTY: sTTY:  TTY: mTTY: oTTY: dTTY: uTTY: lTTY: eTTY:  TTY: cTTY: oTTY: nTTY: fTTY: iTTY: gTTY: uTTY: rTTY: aTTY: tTTY: iTTY: oTTY: nTTY:  TTY: 'TTY: sTTY: iTTY: nTTY: gTTY: lTTY: eTTY: -TTY: pTTY: lTTY: aTTY: yTTY: eTTY: rTTY: 'TTY: 
HLE: W {PPU[1] Thread (CPUThread)[0x00911e30]} sys_memory warning: sys_memory_get_user_memory_size(mem_info_addr=0xd000fb30)
HLE: W {PPU[1] Thread (CPUThread)[0x010ec010]} cellSysmodule warning: cellSysmoduleLoadModule(CELL_SYSMODULE_SPURS)
HLE: W {PPU[1] Thread (CPUThread)[0x00911db4]} sys_memory warning: sys_memory_get_user_memory_size(mem_info_addr=0xd000fb38)
TTY:  TTY:  TTY:  TTY: |TTY: -TTY:  TTY: 0TTY: .TTY: 0TTY: 0TTY: 0TTY:  TTY: MTTY: BTTY:  TTY: fTTY: oTTY: rTTY:  TTY: PTTY: RTTY: XTTY: (TTY: STTY: pTTY: uTTY: rTTY: sTTY: )TTY: 
HLE: W {PPU[1] Thread (CPUThread)[0x00911e30]} sys_memory warning: sys_memory_get_user_memory_size(mem_info_addr=0xd000fb30)
HLE: W {PPU[1] Thread (CPUThread)[0x010ec010]} cellSysmodule warning: cellSysmoduleLoadModule(CELL_SYSMODULE_IO)
HLE: W {PPU[1] Thread (CPUThread)[0x00911db4]} sys_memory warning: sys_memory_get_user_memory_size(mem_info_addr=0xd000fb38)
TTY:  TTY:  TTY:  TTY: |TTY: -TTY:  TTY: 0TTY: .TTY: 0TTY: 0TTY: 0TTY:  TTY: MTTY: BTTY:  TTY: fTTY: oTTY: rTTY:  TTY: PTTY: RTTY: XTTY: (TTY: ITTY: OTTY: )TTY: 
HLE: W {PPU[1] Thread (CPUThread)[0x00911e30]} sys_memory warning: sys_memory_get_user_memory_size(mem_info_addr=0xd000fb30)
HLE: W {PPU[1] Thread (CPUThread)[0x010ec010]} cellSysmodule warning: cellSysmoduleLoadModule(CELL_SYSMODULE_SYNC)
HLE: W {PPU[1] Thread (CPUThread)[0x00911db4]} sys_memory warning: sys_memory_get_user_memory_size(mem_info_addr=0xd000fb38)
TTY:  TTY:  TTY:  TTY: |TTY: -TTY:  TTY: 0TTY: .TTY: 0TTY: 0TTY: 0TTY:  TTY: MTTY: BTTY:  TTY: fTTY: oTTY: rTTY:  TTY: PTTY: RTTY: XTTY: (TTY: STTY: yTTY: nTTY: cTTY: )TTY: 
HLE: W {PPU[1] Thread (CPUThread)[0x00911e30]} sys_memory warning: sys_memory_get_user_memory_size(mem_info_addr=0xd000fb30)
HLE: W {PPU[1] Thread (CPUThread)[0x010ec010]} cellSysmodule warning: cellSysmoduleLoadModule(CELL_SYSMODULE_AUDIO)
HLE: W {PPU[1] Thread (CPUThread)[0x00911db4]} sys_memory warning: sys_memory_get_user_memory_size(mem_info_addr=0xd000fb38)
TTY:  TTY:  TTY:  TTY: |TTY: -TTY:  TTY: 0TTY: .TTY: 0TTY: 0TTY: 0TTY:  TTY: MTTY: BTTY:  TTY: fTTY: oTTY: rTTY:  TTY: PTTY: RTTY: XTTY: (TTY: ATTY: uTTY: dTTY: iTTY: oTTY: )TTY: 
HLE: W {PPU[1] Thread (CPUThread)[0x00911e30]} sys_memory warning: sys_memory_get_user_memory_size(mem_info_addr=0xd000fb30)
HLE: W {PPU[1] Thread (CPUThread)[0x010ec010]} cellSysmodule warning: cellSysmoduleLoadModule(CELL_SYSMODULE_USBD)
HLE: W {PPU[1] Thread (CPUThread)[0x00911db4]} sys_memory warning: sys_memory_get_user_memory_size(mem_info_addr=0xd000fb38)
TTY:  TTY:  TTY:  TTY: |TTY: -TTY:  TTY: 0TTY: .TTY: 0TTY: 0TTY: 0TTY:  TTY: MTTY: BTTY:  TTY: fTTY: oTTY: rTTY:  TTY: PTTY: RTTY: XTTY: (TTY: UTTY: STTY: BTTY: DTTY: )TTY: 
HLE: W {PPU[1] Thread (CPUThread)[0x00911e30]} sys_memory warning: sys_memory_get_user_memory_size(mem_info_addr=0xd000fb30)
HLE: W {PPU[1] Thread (CPUThread)[0x010ec010]} cellSysmodule warning: cellSysmoduleLoadModule(CELL_SYSMODULE_FS)
HLE: W {PPU[1] Thread (CPUThread)[0x00911db4]} sys_memory warning: sys_memory_get_user_memory_size(mem_info_addr=0xd000fb38)
TTY:  TTY:  TTY:  TTY: |TTY: -TTY:  TTY: 0TTY: .TTY: 0TTY: 0TTY: 0TTY:  TTY: MTTY: BTTY:  TTY: fTTY: oTTY: rTTY:  TTY: PTTY: RTTY: XTTY: (TTY: FTTY: STTY: )TTY: 
HLE: W {PPU[1] Thread (CPUThread)[0x00911e30]} sys_memory warning: sys_memory_get_user_memory_size(mem_info_addr=0xd000fb30)
HLE: W {PPU[1] Thread (CPUThread)[0x010ec010]} cellSysmodule warning: cellSysmoduleLoadModule(CELL_SYSMODULE_NET)
HLE: W {PPU[1] Thread (CPUThread)[0x00911db4]} sys_memory warning: sys_memory_get_user_memory_size(mem_info_addr=0xd000fb38)
TTY:  TTY:  TTY:  TTY: |TTY: -TTY:  TTY: 0TTY: .TTY: 0TTY: 0TTY: 0TTY:  TTY: MTTY: BTTY:  TTY: fTTY: oTTY: rTTY:  TTY: PTTY: RTTY: XTTY: (TTY: NTTY: ETTY: TTTY: )TTY: 
HLE: W {PPU[1] Thread (CPUThread)[0x00911e30]} sys_memory warning: sys_memory_get_user_memory_size(mem_info_addr=0xd000fb30)
HLE: W {PPU[1] Thread (CPUThread)[0x010ec010]} cellSysmodule warning: cellSysmoduleLoadModule(CELL_SYSMODULE_NETCTL)
HLE: W {PPU[1] Thread (CPUThread)[0x00911db4]} sys_memory warning: sys_memory_get_user_memory_size(mem_info_addr=0xd000fb38)
TTY:  TTY:  TTY:  TTY: |TTY: -TTY:  TTY: 0TTY: .TTY: 0TTY: 0TTY: 0TTY:  TTY: MTTY: BTTY:  TTY: fTTY: oTTY: rTTY:  TTY: PTTY: RTTY: XTTY: (TTY: NTTY: ETTY: TTTY: CTTY: TTTY: LTTY: )TTY: 
HLE: W {PPU[1] Thread (CPUThread)[0x00911e30]} sys_memory warning: sys_memory_get_user_memory_size(mem_info_addr=0xd000fb30)
HLE: W {PPU[1] Thread (CPUThread)[0x010ec010]} cellSysmodule warning: cellSysmoduleLoadModule(CELL_SYSMODULE_SYSUTIL)
HLE: W {PPU[1] Thread (CPUThread)[0x00911db4]} sys_memory warning: sys_memory_get_user_memory_size(mem_info_addr=0xd000fb38)
TTY:  TTY:  TTY:  TTY: |TTY: -TTY:  TTY: 0TTY: .TTY: 0TTY: 0TTY: 0TTY:  TTY: MTTY: BTTY:  TTY: fTTY: oTTY: rTTY:  TTY: PTTY: RTTY: XTTY: (TTY: STTY: YTTY: STTY: UTTY: TTTY: ITTY: LTTY: )TTY: 
HLE: W {PPU[1] Thread (CPUThread)[0x00911e30]} sys_memory warning: sys_memory_get_user_memory_size(mem_info_addr=0xd000fb30)
HLE: W {PPU[1] Thread (CPUThread)[0x010ec010]} cellSysmodule warning: cellSysmoduleLoadModule(CELL_SYSMODULE_RTC)
HLE: W {PPU[1] Thread (CPUThread)[0x00911db4]} sys_memory warning: sys_memory_get_user_memory_size(mem_info_addr=0xd000fb38)
TTY:  TTY:  TTY:  TTY: |TTY: -TTY:  TTY: 0TTY: .TTY: 0TTY: 0TTY: 0TTY:  TTY: MTTY: BTTY:  TTY: fTTY: oTTY: rTTY:  TTY: PTTY: RTTY: XTTY: (TTY: RTTY: TTTY: CTTY: )TTY: 
HLE: W {PPU[1] Thread (CPUThread)[0x00911e30]} sys_memory warning: sys_memory_get_user_memory_size(mem_info_addr=0xd000fb30)
HLE: W {PPU[1] Thread (CPUThread)[0x010ec010]} cellSysmodule warning: cellSysmoduleLoadModule(CELL_SYSMODULE_HTTP)
HLE: W {PPU[1] Thread (CPUThread)[0x00911db4]} sys_memory warning: sys_memory_get_user_memory_size(mem_info_addr=0xd000fb38)
TTY:  TTY:  TTY:  TTY: |TTY: -TTY:  TTY: 0TTY: .TTY: 0TTY: 0TTY: 0TTY:  TTY: MTTY: BTTY:  TTY: fTTY: oTTY: rTTY:  TTY: PTTY: RTTY: XTTY: (TTY: HTTY: TTTY: TTTY: PTTY: )TTY: 
HLE: W {PPU[1] Thread (CPUThread)[0x00911e30]} sys_memory warning: sys_memory_get_user_memory_size(mem_info_addr=0xd000fb30)
HLE: W {PPU[1] Thread (CPUThread)[0x010ec010]} cellSysmodule warning: cellSysmoduleLoadModule(CELL_SYSMODULE_HTTP_UTIL)
HLE: W {PPU[1] Thread (CPUThread)[0x00911db4]} sys_memory warning: sys_memory_get_user_memory_size(mem_info_addr=0xd000fb38)
TTY:  TTY:  TTY:  TTY: |TTY: -TTY:  TTY: 0TTY: .TTY: 0TTY: 0TTY: 0TTY:  TTY: MTTY: BTTY:  TTY: fTTY: oTTY: rTTY:  TTY: PTTY: RTTY: XTTY: (TTY: HTTY: TTTY: TTTY: PTTY: _TTY: UTTY: TTTY: ITTY: LTTY: )TTY: 
HLE: W {PPU[1] Thread (CPUThread)[0x00911e30]} sys_memory warning: sys_memory_get_user_memory_size(mem_info_addr=0xd000fb30)
HLE: W {PPU[1] Thread (CPUThread)[0x010ec010]} cellSysmodule warning: cellSysmoduleLoadModule(CELL_SYSMODULE_HTTPS)
HLE: W {PPU[1] Thread (CPUThread)[0x00911db4]} sys_memory warning: sys_memory_get_user_memory_size(mem_info_addr=0xd000fb38)
TTY:  TTY:  TTY:  TTY: |TTY: -TTY:  TTY: 0TTY: .TTY: 0TTY: 0TTY: 0TTY:  TTY: MTTY: BTTY:  TTY: fTTY: oTTY: rTTY:  TTY: PTTY: RTTY: XTTY: (TTY: HTTY: TTTY: TTTY: PTTY: STTY: )TTY: 
HLE: W {PPU[1] Thread (CPUThread)[0x00911e30]} sys_memory warning: sys_memory_get_user_memory_size(mem_info_addr=0xd000fb30)
HLE: W {PPU[1] Thread (CPUThread)[0x010ec010]} cellSysmodule warning: cellSysmoduleLoadModule(CELL_SYSMODULE_SYSUTIL_REC)
HLE: W {PPU[1] Thread (CPUThread)[0x00911db4]} sys_memory warning: sys_memory_get_user_memory_size(mem_info_addr=0xd000fb38)
TTY:  TTY:  TTY:  TTY: |TTY: -TTY:  TTY: 0TTY: .TTY: 0TTY: 0TTY: 0TTY:  TTY: MTTY: BTTY:  TTY: fTTY: oTTY: rTTY:  TTY: PTTY: RTTY: XTTY: (TTY: RTTY: ETTY: CTTY: )TTY: 
HLE: W {PPU[1] Thread (CPUThread)[0x00911e30]} sys_memory warning: sys_memory_get_user_memory_size(mem_info_addr=0xd000fb30)
HLE: W {PPU[1] Thread (CPUThread)[0x010ec010]} cellSysmodule warning: cellSysmoduleLoadModule(CELL_SYSMODULE_SYSUTIL_NP_TROPHY)
HLE: W {PPU[1] Thread (CPUThread)[0x00911db4]} sys_memory warning: sys_memory_get_user_memory_size(mem_info_addr=0xd000fb38)
TTY:  TTY:  TTY:  TTY: |TTY: -TTY:  TTY: 0TTY: .TTY: 0TTY: 0TTY: 0TTY:  TTY: MTTY: BTTY:  TTY: fTTY: oTTY: rTTY:  TTY: PTTY: RTTY: XTTY: (TTY: TTTY: RTTY: OTTY: PTTY: HTTY: YTTY: )TTY: 
HLE: W {PPU[1] Thread (CPUThread)[0x00911e30]} sys_memory warning: sys_memory_get_user_memory_size(mem_info_addr=0xd000fb30)
HLE: W {PPU[1] Thread (CPUThread)[0x010ec010]} cellSysmodule warning: cellSysmoduleLoadModule(CELL_SYSMODULE_SYSUTIL_GAME)
HLE: W {PPU[1] Thread (CPUThread)[0x00911db4]} sys_memory warning: sys_memory_get_user_memory_size(mem_info_addr=0xd000fb38)
TTY:  TTY:  TTY:  TTY: |TTY: -TTY:  TTY: 0TTY: .TTY: 0TTY: 0TTY: 0TTY:  TTY: MTTY: BTTY:  TTY: fTTY: oTTY: rTTY:  TTY: PTTY: RTTY: XTTY: (TTY: GTTY: ATTY: MTTY: ETTY: )TTY: 
HLE: W {PPU[1] Thread (CPUThread)[0x00911e30]} sys_memory warning: sys_memory_get_user_memory_size(mem_info_addr=0xd000fb30)
HLE: W {PPU[1] Thread (CPUThread)[0x010ec010]} cellSysmodule warning: cellSysmoduleLoadModule(CELL_SYSMODULE_VDEC_MPEG2)
HLE: W {PPU[1] Thread (CPUThread)[0x00911db4]} sys_memory warning: sys_memory_get_user_memory_size(mem_info_addr=0xd000fb38)
TTY:  TTY:  TTY:  TTY: |TTY: -TTY:  TTY: 0TTY: .TTY: 0TTY: 0TTY: 0TTY:  TTY: MTTY: BTTY:  TTY: fTTY: oTTY: rTTY:  TTY: PTTY: RTTY: XTTY: (TTY: MTTY: PTTY: ETTY: GTTY: 2TTY: )TTY: 
HLE: W {PPU[1] Thread (CPUThread)[0x00911e30]} sys_memory warning: sys_memory_get_user_memory_size(mem_info_addr=0xd000fb30)
HLE: W {PPU[1] Thread (CPUThread)[0x010ec010]} cellSysmodule warning: cellSysmoduleLoadModule(CELL_SYSMODULE_VDEC_DIVX)
HLE: W {PPU[1] Thread (CPUThread)[0x00911db4]} sys_memory warning: sys_memory_get_user_memory_size(mem_info_addr=0xd000fb38)
TTY:  TTY:  TTY:  TTY: |TTY: -TTY:  TTY: 0TTY: .TTY: 0TTY: 0TTY: 0TTY:  TTY: MTTY: BTTY:  TTY: fTTY: oTTY: rTTY:  TTY: PTTY: RTTY: XTTY: (TTY: DTTY: ITTY: VTTY: XTTY: )TTY: 
HLE: W {PPU[1] Thread (CPUThread)[0x00911e30]} sys_memory warning: sys_memory_get_user_memory_size(mem_info_addr=0xd000fb30)
HLE: W {PPU[1] Thread (CPUThread)[0x010ec010]} cellSysmodule warning: cellSysmoduleLoadModule(CELL_SYSMODULE_SYSUTIL_NP)
HLE: W {PPU[1] Thread (CPUThread)[0x00911db4]} sys_memory warning: sys_memory_get_user_memory_size(mem_info_addr=0xd000fb38)
TTY:  TTY:  TTY:  TTY: |TTY: -TTY:  TTY: 0TTY: .TTY: 0TTY: 0TTY: 0TTY:  TTY: MTTY: BTTY:  TTY: fTTY: oTTY: rTTY:  TTY: PTTY: RTTY: XTTY: (TTY: NTTY: PTTY: )TTY: 
HLE: W {PPU[1] Thread (CPUThread)[0x00911e30]} sys_memory warning: sys_memory_get_user_memory_size(mem_info_addr=0xd000fb30)
HLE: W {PPU[1] Thread (CPUThread)[0x010ec010]} cellSysmodule warning: cellSysmoduleLoadModule(CELL_SYSMODULE_SYSUTIL_NP2)
HLE: W {PPU[1] Thread (CPUThread)[0x00911db4]} sys_memory warning: sys_memory_get_user_memory_size(mem_info_addr=0xd000fb38)
TTY:  TTY:  TTY:  TTY: |TTY: -TTY:  TTY: 0TTY: .TTY: 0TTY: 0TTY: 0TTY:  TTY: MTTY: BTTY:  TTY: fTTY: oTTY: rTTY:  TTY: PTTY: RTTY: XTTY: (TTY: NTTY: PTTY: 2TTY: )TTY: 
HLE: W {PPU[1] Thread (CPUThread)[0x00911e30]} sys_memory warning: sys_memory_get_user_memory_size(mem_info_addr=0xd000fb30)
HLE: W {PPU[1] Thread (CPUThread)[0x010ec010]} cellSysmodule warning: cellSysmoduleLoadModule(CELL_SYSMODULE_SYSUTIL_NP_TUS)
HLE: W {PPU[1] Thread (CPUThread)[0x00911db4]} sys_memory warning: sys_memory_get_user_memory_size(mem_info_addr=0xd000fb38)
TTY:  TTY:  TTY:  TTY: |TTY: -TTY:  TTY: 0TTY: .TTY: 0TTY: 0TTY: 0TTY:  TTY: MTTY: BTTY:  TTY: fTTY: oTTY: rTTY:  TTY: PTTY: RTTY: XTTY: (TTY: TTTY: UTTY: STTY: )TTY: 
HLE: W {PPU[1] Thread (CPUThread)[0x010ec004]} cellSysmodule warning: cellSysmoduleUnloadModule(CELL_SYSMODULE_SPURS)
HLE: W {PPU[1] Thread (CPUThread)[0x010ec004]} cellSysmodule warning: cellSysmoduleUnloadModule(CELL_SYSMODULE_IO)
HLE: W {PPU[1] Thread (CPUThread)[0x010ec004]} cellSysmodule warning: cellSysmoduleUnloadModule(CELL_SYSMODULE_SYNC)
HLE: W {PPU[1] Thread (CPUThread)[0x010ec004]} cellSysmodule warning: cellSysmoduleUnloadModule(CELL_SYSMODULE_AUDIO)
HLE: W {PPU[1] Thread (CPUThread)[0x010ec004]} cellSysmodule warning: cellSysmoduleUnloadModule(CELL_SYSMODULE_USBD)
HLE: W {PPU[1] Thread (CPUThread)[0x010ec004]} cellSysmodule warning: cellSysmoduleUnloadModule(CELL_SYSMODULE_FS)
HLE: W {PPU[1] Thread (CPUThread)[0x010ec004]} cellSysmodule warning: cellSysmoduleUnloadModule(CELL_SYSMODULE_NET)
HLE: W {PPU[1] Thread (CPUThread)[0x010ec004]} cellSysmodule warning: cellSysmoduleUnloadModule(CELL_SYSMODULE_NETCTL)
HLE: W {PPU[1] Thread (CPUThread)[0x010ec004]} cellSysmodule warning: cellSysmoduleUnloadModule(CELL_SYSMODULE_SYSUTIL)
HLE: W {PPU[1] Thread (CPUThread)[0x010ec004]} cellSysmodule warning: cellSysmoduleUnloadModule(CELL_SYSMODULE_RTC)
HLE: W {PPU[1] Thread (CPUThread)[0x010ec004]} cellSysmodule warning: cellSysmoduleUnloadModule(CELL_SYSMODULE_HTTP)
HLE: W {PPU[1] Thread (CPUThread)[0x010ec004]} cellSysmodule warning: cellSysmoduleUnloadModule(CELL_SYSMODULE_HTTP_UTIL)
HLE: W {PPU[1] Thread (CPUThread)[0x010ec004]} cellSysmodule warning: cellSysmoduleUnloadModule(CELL_SYSMODULE_HTTPS)
HLE: W {PPU[1] Thread (CPUThread)[0x010ec004]} cellSysmodule warning: cellSysmoduleUnloadModule(CELL_SYSMODULE_SYSUTIL_REC)
HLE: W {PPU[1] Thread (CPUThread)[0x010ec004]} cellSysmodule warning: cellSysmoduleUnloadModule(CELL_SYSMODULE_SYSUTIL_NP_TROPHY)
HLE: W {PPU[1] Thread (CPUThread)[0x010ec004]} cellSysmodule warning: cellSysmoduleUnloadModule(CELL_SYSMODULE_SYSUTIL_GAME)
HLE: W {PPU[1] Thread (CPUThread)[0x010ec004]} cellSysmodule warning: cellSysmoduleUnloadModule(CELL_SYSMODULE_VDEC_MPEG2)
HLE: W {PPU[1] Thread (CPUThread)[0x010ec004]} cellSysmodule warning: cellSysmoduleUnloadModule(CELL_SYSMODULE_VDEC_DIVX)
HLE: W {PPU[1] Thread (CPUThread)[0x010ec004]} cellSysmodule warning: cellSysmoduleUnloadModule(CELL_SYSMODULE_SYSUTIL_NP)
HLE: W {PPU[1] Thread (CPUThread)[0x010ec004]} cellSysmodule warning: cellSysmoduleUnloadModule(CELL_SYSMODULE_SYSUTIL_NP2)
HLE: W {PPU[1] Thread (CPUThread)[0x010ec004]} cellSysmodule warning: cellSysmoduleUnloadModule(CELL_SYSMODULE_SYSUTIL_NP_TUS)
TTY: RTTY: eTTY: qTTY: uTTY: iTTY: rTTY: eTTY: dTTY:  TTY: sTTY: iTTY: zTTY: eTTY:  TTY: fTTY: oTTY: rTTY:  TTY: mTTY: oTTY: dTTY: uTTY: lTTY: eTTY:  TTY: cTTY: oTTY: nTTY: fTTY: iTTY: gTTY: uTTY: rTTY: aTTY: tTTY: iTTY: oTTY: nTTY:  TTY: 'TTY: sTTY: iTTY: nTTY: gTTY: lTTY: eTTY: -TTY: pTTY: lTTY: aTTY: yTTY: eTTY: rTTY: 'TTY:  TTY: iTTY: sTTY:  TTY: 0TTY:  TTY: KTTY: BTTY: 
TTY: -TTY: -TTY: -TTY: -TTY: -TTY: -TTY: -TTY: -TTY: -TTY: -TTY: -TTY: -TTY: -TTY: -TTY: -TTY: -TTY: -TTY: -TTY: -TTY: -TTY: -TTY: -TTY: -TTY: -TTY: -TTY: -TTY: -TTY: -TTY: -TTY: -TTY: -TTY: -TTY: -TTY: -TTY: -TTY: -TTY: -TTY: -TTY: -TTY: -TTY: -TTY: -TTY: -TTY: -TTY: -TTY: -TTY: -TTY: -TTY: -TTY: -TTY: -TTY: 
TTY: RTTY: eTTY: gTTY: iTTY: sTTY: tTTY: eTTY: rTTY: iTTY: nTTY: gTTY:  TTY: sTTY: yTTY: sTTY:  TTY: mTTY: oTTY: dTTY: uTTY: lTTY: eTTY:  TTY: cTTY: oTTY: nTTY: fTTY: iTTY: gTTY: uTTY: rTTY: aTTY: tTTY: iTTY: oTTY: nTTY:  TTY: 'TTY: mTTY: uTTY: lTTY: tTTY: iTTY: -TTY: pTTY: lTTY: aTTY: yTTY: eTTY: rTTY: 'TTY: 
HLE: W {PPU[1] Thread (CPUThread)[0x00911e30]} sys_memory warning: sys_memory_get_user_memory_size(mem_info_addr=0xd000fb30)
HLE: W {PPU[1] Thread (CPUThread)[0x010ec010]} cellSysmodule warning: cellSysmoduleLoadModule(CELL_SYSMODULE_SPURS)
HLE: W {PPU[1] Thread (CPUThread)[0x00911db4]} sys_memory warning: sys_memory_get_user_memory_size(mem_info_addr=0xd000fb38)
TTY:  TTY:  TTY:  TTY: |TTY: -TTY:  TTY: 0TTY: .TTY: 0TTY: 0TTY: 0TTY:  TTY: MTTY: BTTY:  TTY: fTTY: oTTY: rTTY:  TTY: PTTY: RTTY: XTTY: (TTY: STTY: pTTY: uTTY: rTTY: sTTY: )TTY: 
HLE: W {PPU[1] Thread (CPUThread)[0x00911e30]} sys_memory warning: sys_memory_get_user_memory_size(mem_info_addr=0xd000fb30)
HLE: W {PPU[1] Thread (CPUThread)[0x010ec010]} cellSysmodule warning: cellSysmoduleLoadModule(CELL_SYSMODULE_IO)
HLE: W {PPU[1] Thread (CPUThread)[0x00911db4]} sys_memory warning: sys_memory_get_user_memory_size(mem_info_addr=0xd000fb38)
TTY:  TTY:  TTY:  TTY: |TTY: -TTY:  TTY: 0TTY: .TTY: 0TTY: 0TTY: 0TTY:  TTY: MTTY: BTTY:  TTY: fTTY: oTTY: rTTY:  TTY: PTTY: RTTY: XTTY: (TTY: ITTY: OTTY: )TTY: 
HLE: W {PPU[1] Thread (CPUThread)[0x00911e30]} sys_memory warning: sys_memory_get_user_memory_size(mem_info_addr=0xd000fb30)
HLE: W {PPU[1] Thread (CPUThread)[0x010ec010]} cellSysmodule warning: cellSysmoduleLoadModule(CELL_SYSMODULE_SYNC)
HLE: W {PPU[1] Thread (CPUThread)[0x00911db4]} sys_memory warning: sys_memory_get_user_memory_size(mem_info_addr=0xd000fb38)
TTY:  TTY:  TTY:  TTY: |TTY: -TTY:  TTY: 0TTY: .TTY: 0TTY: 0TTY: 0TTY:  TTY: MTTY: BTTY:  TTY: fTTY: oTTY: rTTY:  TTY: PTTY: RTTY: XTTY: (TTY: STTY: yTTY: nTTY: cTTY: )TTY: 
HLE: W {PPU[1] Thread (CPUThread)[0x00911e30]} sys_memory warning: sys_memory_get_user_memory_size(mem_info_addr=0xd000fb30)
HLE: W {PPU[1] Thread (CPUThread)[0x010ec010]} cellSysmodule warning: cellSysmoduleLoadModule(CELL_SYSMODULE_AUDIO)
HLE: W {PPU[1] Thread (CPUThread)[0x00911db4]} sys_memory warning: sys_memory_get_user_memory_size(mem_info_addr=0xd000fb38)
TTY:  TTY:  TTY:  TTY: |TTY: -TTY:  TTY: 0TTY: .TTY: 0TTY: 0TTY: 0TTY:  TTY: MTTY: BTTY:  TTY: fTTY: oTTY: rTTY:  TTY: PTTY: RTTY: XTTY: (TTY: ATTY: uTTY: dTTY: iTTY: oTTY: )TTY: 
HLE: W {PPU[1] Thread (CPUThread)[0x00911e30]} sys_memory warning: sys_memory_get_user_memory_size(mem_info_addr=0xd000fb30)
HLE: W {PPU[1] Thread (CPUThread)[0x010ec010]} cellSysmodule warning: cellSysmoduleLoadModule(CELL_SYSMODULE_USBD)
HLE: W {PPU[1] Thread (CPUThread)[0x00911db4]} sys_memory warning: sys_memory_get_user_memory_size(mem_info_addr=0xd000fb38)
TTY:  TTY:  TTY:  TTY: |TTY: -TTY:  TTY: 0TTY: .TTY: 0TTY: 0TTY: 0TTY:  TTY: MTTY: BTTY:  TTY: fTTY: oTTY: rTTY:  TTY: PTTY: RTTY: XTTY: (TTY: UTTY: STTY: BTTY: DTTY: )TTY: 
HLE: W {PPU[1] Thread (CPUThread)[0x00911e30]} sys_memory warning: sys_memory_get_user_memory_size(mem_info_addr=0xd000fb30)
HLE: W {PPU[1] Thread (CPUThread)[0x010ec010]} cellSysmodule warning: cellSysmoduleLoadModule(CELL_SYSMODULE_FS)
HLE: W {PPU[1] Thread (CPUThread)[0x00911db4]} sys_memory warning: sys_memory_get_user_memory_size(mem_info_addr=0xd000fb38)
TTY:  TTY:  TTY:  TTY: |TTY: -TTY:  TTY: 0TTY: .TTY: 0TTY: 0TTY: 0TTY:  TTY: MTTY: BTTY:  TTY: fTTY: oTTY: rTTY:  TTY: PTTY: RTTY: XTTY: (TTY: FTTY: STTY: )TTY: 
HLE: W {PPU[1] Thread (CPUThread)[0x00911e30]} sys_memory warning: sys_memory_get_user_memory_size(mem_info_addr=0xd000fb30)
HLE: W {PPU[1] Thread (CPUThread)[0x010ec010]} cellSysmodule warning: cellSysmoduleLoadModule(CELL_SYSMODULE_NET)
HLE: W {PPU[1] Thread (CPUThread)[0x00911db4]} sys_memory warning: sys_memory_get_user_memory_size(mem_info_addr=0xd000fb38)
TTY:  TTY:  TTY:  TTY: |TTY: -TTY:  TTY: 0TTY: .TTY: 0TTY: 0TTY: 0TTY:  TTY: MTTY: BTTY:  TTY: fTTY: oTTY: rTTY:  TTY: PTTY: RTTY: XTTY: (TTY: NTTY: ETTY: TTTY: )TTY: 
HLE: W {PPU[1] Thread (CPUThread)[0x00911e30]} sys_memory warning: sys_memory_get_user_memory_size(mem_info_addr=0xd000fb30)
HLE: W {PPU[1] Thread (CPUThread)[0x010ec010]} cellSysmodule warning: cellSysmoduleLoadModule(CELL_SYSMODULE_NETCTL)
HLE: W {PPU[1] Thread (CPUThread)[0x00911db4]} sys_memory warning: sys_memory_get_user_memory_size(mem_info_addr=0xd000fb38)
TTY:  TTY:  TTY:  TTY: |TTY: -TTY:  TTY: 0TTY: .TTY: 0TTY: 0TTY: 0TTY:  TTY: MTTY: BTTY:  TTY: fTTY: oTTY: rTTY:  TTY: PTTY: RTTY: XTTY: (TTY: NTTY: ETTY: TTTY: CTTY: TTTY: LTTY: )TTY: 
HLE: W {PPU[1] Thread (CPUThread)[0x00911e30]} sys_memory warning: sys_memory_get_user_memory_size(mem_info_addr=0xd000fb30)
HLE: W {PPU[1] Thread (CPUThread)[0x010ec010]} cellSysmodule warning: cellSysmoduleLoadModule(CELL_SYSMODULE_SYSUTIL)
HLE: W {PPU[1] Thread (CPUThread)[0x00911db4]} sys_memory warning: sys_memory_get_user_memory_size(mem_info_addr=0xd000fb38)
TTY:  TTY:  TTY:  TTY: |TTY: -TTY:  TTY: 0TTY: .TTY: 0TTY: 0TTY: 0TTY:  TTY: MTTY: BTTY:  TTY: fTTY: oTTY: rTTY:  TTY: PTTY: RTTY: XTTY: (TTY: STTY: YTTY: STTY: UTTY: TTTY: ITTY: LTTY: )TTY: 
HLE: W {PPU[1] Thread (CPUThread)[0x00911e30]} sys_memory warning: sys_memory_get_user_memory_size(mem_info_addr=0xd000fb30)
HLE: W {PPU[1] Thread (CPUThread)[0x010ec010]} cellSysmodule warning: cellSysmoduleLoadModule(CELL_SYSMODULE_RTC)
HLE: W {PPU[1] Thread (CPUThread)[0x00911db4]} sys_memory warning: sys_memory_get_user_memory_size(mem_info_addr=0xd000fb38)
TTY:  TTY:  TTY:  TTY: |TTY: -TTY:  TTY: 0TTY: .TTY: 0TTY: 0TTY: 0TTY:  TTY: MTTY: BTTY:  TTY: fTTY: oTTY: rTTY:  TTY: PTTY: RTTY: XTTY: (TTY: RTTY: TTTY: CTTY: )TTY: 
HLE: W {PPU[1] Thread (CPUThread)[0x00911e30]} sys_memory warning: sys_memory_get_user_memory_size(mem_info_addr=0xd000fb30)
HLE: W {PPU[1] Thread (CPUThread)[0x010ec010]} cellSysmodule warning: cellSysmoduleLoadModule(CELL_SYSMODULE_HTTP)
HLE: W {PPU[1] Thread (CPUThread)[0x00911db4]} sys_memory warning: sys_memory_get_user_memory_size(mem_info_addr=0xd000fb38)
TTY:  TTY:  TTY:  TTY: |TTY: -TTY:  TTY: 0TTY: .TTY: 0TTY: 0TTY: 0TTY:  TTY: MTTY: BTTY:  TTY: fTTY: oTTY: rTTY:  TTY: PTTY: RTTY: XTTY: (TTY: HTTY: TTTY: TTTY: PTTY: )TTY: 
HLE: W {PPU[1] Thread (CPUThread)[0x00911e30]} sys_memory warning: sys_memory_get_user_memory_size(mem_info_addr=0xd000fb30)
HLE: W {PPU[1] Thread (CPUThread)[0x010ec010]} cellSysmodule warning: cellSysmoduleLoadModule(CELL_SYSMODULE_HTTP_UTIL)
HLE: W {PPU[1] Thread (CPUThread)[0x00911db4]} sys_memory warning: sys_memory_get_user_memory_size(mem_info_addr=0xd000fb38)
TTY:  TTY:  TTY:  TTY: |TTY: -TTY:  TTY: 0TTY: .TTY: 0TTY: 0TTY: 0TTY:  TTY: MTTY: BTTY:  TTY: fTTY: oTTY: rTTY:  TTY: PTTY: RTTY: XTTY: (TTY: HTTY: TTTY: TTTY: PTTY: _TTY: UTTY: TTTY: ITTY: LTTY: )TTY: 
HLE: W {PPU[1] Thread (CPUThread)[0x00911e30]} sys_memory warning: sys_memory_get_user_memory_size(mem_info_addr=0xd000fb30)
HLE: W {PPU[1] Thread (CPUThread)[0x010ec010]} cellSysmodule warning: cellSysmoduleLoadModule(CELL_SYSMODULE_HTTPS)
HLE: W {PPU[1] Thread (CPUThread)[0x00911db4]} sys_memory warning: sys_memory_get_user_memory_size(mem_info_addr=0xd000fb38)
TTY:  TTY:  TTY:  TTY: |TTY: -TTY:  TTY: 0TTY: .TTY: 0TTY: 0TTY: 0TTY:  TTY: MTTY: BTTY:  TTY: fTTY: oTTY: rTTY:  TTY: PTTY: RTTY: XTTY: (TTY: HTTY: TTTY: TTTY: PTTY: STTY: )TTY: 
HLE: W {PPU[1] Thread (CPUThread)[0x00911e30]} sys_memory warning: sys_memory_get_user_memory_size(mem_info_addr=0xd000fb30)
HLE: W {PPU[1] Thread (CPUThread)[0x010ec010]} cellSysmodule warning: cellSysmoduleLoadModule(CELL_SYSMODULE_SYSUTIL_REC)
HLE: W {PPU[1] Thread (CPUThread)[0x00911db4]} sys_memory warning: sys_memory_get_user_memory_size(mem_info_addr=0xd000fb38)
TTY:  TTY:  TTY:  TTY: |TTY: -TTY:  TTY: 0TTY: .TTY: 0TTY: 0TTY: 0TTY:  TTY: MTTY: BTTY:  TTY: fTTY: oTTY: rTTY:  TTY: PTTY: RTTY: XTTY: (TTY: RTTY: ETTY: CTTY: )TTY: 
HLE: W {PPU[1] Thread (CPUThread)[0x00911e30]} sys_memory warning: sys_memory_get_user_memory_size(mem_info_addr=0xd000fb30)
HLE: W {PPU[1] Thread (CPUThread)[0x010ec010]} cellSysmodule warning: cellSysmoduleLoadModule(CELL_SYSMODULE_SYSUTIL_NP_TROPHY)
HLE: W {PPU[1] Thread (CPUThread)[0x00911db4]} sys_memory warning: sys_memory_get_user_memory_size(mem_info_addr=0xd000fb38)
TTY:  TTY:  TTY:  TTY: |TTY: -TTY:  TTY: 0TTY: .TTY: 0TTY: 0TTY: 0TTY:  TTY: MTTY: BTTY:  TTY: fTTY: oTTY: rTTY:  TTY: PTTY: RTTY: XTTY: (TTY: TTTY: RTTY: OTTY: PTTY: HTTY: YTTY: )TTY: 
HLE: W {PPU[1] Thread (CPUThread)[0x00911e30]} sys_memory warning: sys_memory_get_user_memory_size(mem_info_addr=0xd000fb30)
HLE: W {PPU[1] Thread (CPUThread)[0x010ec010]} cellSysmodule warning: cellSysmoduleLoadModule(CELL_SYSMODULE_SYSUTIL_GAME)
HLE: W {PPU[1] Thread (CPUThread)[0x00911db4]} sys_memory warning: sys_memory_get_user_memory_size(mem_info_addr=0xd000fb38)
TTY:  TTY:  TTY:  TTY: |TTY: -TTY:  TTY: 0TTY: .TTY: 0TTY: 0TTY: 0TTY:  TTY: MTTY: BTTY:  TTY: fTTY: oTTY: rTTY:  TTY: PTTY: RTTY: XTTY: (TTY: GTTY: ATTY: MTTY: ETTY: )TTY: 
HLE: W {PPU[1] Thread (CPUThread)[0x00911e30]} sys_memory warning: sys_memory_get_user_memory_size(mem_info_addr=0xd000fb30)
HLE: W {PPU[1] Thread (CPUThread)[0x010ec010]} cellSysmodule warning: cellSysmoduleLoadModule(CELL_SYSMODULE_SYSUTIL_NP)
HLE: W {PPU[1] Thread (CPUThread)[0x00911db4]} sys_memory warning: sys_memory_get_user_memory_size(mem_info_addr=0xd000fb38)
TTY:  TTY:  TTY:  TTY: |TTY: -TTY:  TTY: 0TTY: .TTY: 0TTY: 0TTY: 0TTY:  TTY: MTTY: BTTY:  TTY: fTTY: oTTY: rTTY:  TTY: PTTY: RTTY: XTTY: (TTY: NTTY: PTTY: )TTY: 
HLE: W {PPU[1] Thread (CPUThread)[0x00911e30]} sys_memory warning: sys_memory_get_user_memory_size(mem_info_addr=0xd000fb30)
HLE: W {PPU[1] Thread (CPUThread)[0x010ec010]} cellSysmodule warning: cellSysmoduleLoadModule(CELL_SYSMODULE_SYSUTIL_NP2)
HLE: W {PPU[1] Thread (CPUThread)[0x00911db4]} sys_memory warning: sys_memory_get_user_memory_size(mem_info_addr=0xd000fb38)
TTY:  TTY:  TTY:  TTY: |TTY: -TTY:  TTY: 0TTY: .TTY: 0TTY: 0TTY: 0TTY:  TTY: MTTY: BTTY:  TTY: fTTY: oTTY: rTTY:  TTY: PTTY: RTTY: XTTY: (TTY: NTTY: PTTY: 2TTY: )TTY: 
HLE: W {PPU[1] Thread (CPUThread)[0x00911e30]} sys_memory warning: sys_memory_get_user_memory_size(mem_info_addr=0xd000fb30)
HLE: W {PPU[1] Thread (CPUThread)[0x010ec010]} cellSysmodule warning: cellSysmoduleLoadModule(CELL_SYSMODULE_SYSUTIL_NP_TUS)
HLE: W {PPU[1] Thread (CPUThread)[0x00911db4]} sys_memory warning: sys_memory_get_user_memory_size(mem_info_addr=0xd000fb38)
TTY:  TTY:  TTY:  TTY: |TTY: -TTY:  TTY: 0TTY: .TTY: 0TTY: 0TTY: 0TTY:  TTY: MTTY: BTTY:  TTY: fTTY: oTTY: rTTY:  TTY: PTTY: RTTY: XTTY: (TTY: TTTY: UTTY: STTY: )TTY: 
HLE: W {PPU[1] Thread (CPUThread)[0x00911e30]} sys_memory warning: sys_memory_get_user_memory_size(mem_info_addr=0xd000fb30)
HLE: W {PPU[1] Thread (CPUThread)[0x010ec010]} cellSysmodule warning: cellSysmoduleLoadModule(CELL_SYSMODULE_SYSUTIL_NP_COMMERCE2)
HLE: W {PPU[1] Thread (CPUThread)[0x00911db4]} sys_memory warning: sys_memory_get_user_memory_size(mem_info_addr=0xd000fb38)
TTY:  TTY:  TTY:  TTY: |TTY: -TTY:  TTY: 0TTY: .TTY: 0TTY: 0TTY: 0TTY:  TTY: MTTY: BTTY:  TTY: fTTY: oTTY: rTTY:  TTY: PTTY: RTTY: XTTY: (TTY: CTTY: OTTY: MTTY: MTTY: ETTY: RTTY: CTTY: ETTY: 2TTY: )TTY: 
HLE: W {PPU[1] Thread (CPUThread)[0x00911e30]} sys_memory warning: sys_memory_get_user_memory_size(mem_info_addr=0xd000fb30)
HLE: W {PPU[1] Thread (CPUThread)[0x010ec010]} cellSysmodule warning: cellSysmoduleLoadModule(CELL_SYSMODULE_PNGDEC)
HLE: W {PPU[1] Thread (CPUThread)[0x00911db4]} sys_memory warning: sys_memory_get_user_memory_size(mem_info_addr=0xd000fb38)
TTY:  TTY:  TTY:  TTY: |TTY: -TTY:  TTY: 0TTY: .TTY: 0TTY: 0TTY: 0TTY:  TTY: MTTY: BTTY:  TTY: fTTY: oTTY: rTTY:  TTY: PTTY: RTTY: XTTY: (TTY: PTTY: NTTY: GTTY:  TTY: DTTY: eTTY: cTTY: oTTY: dTTY: eTTY: rTTY: )TTY: 
HLE: W {PPU[1] Thread (CPUThread)[0x00911e30]} sys_memory warning: sys_memory_get_user_memory_size(mem_info_addr=0xd000fb30)
HLE: W {PPU[1] Thread (CPUThread)[0x010ec010]} cellSysmodule warning: cellSysmoduleLoadModule(CELL_SYSMODULE_JPGDEC)
HLE: W {PPU[1] Thread (CPUThread)[0x00911db4]} sys_memory warning: sys_memory_get_user_memory_size(mem_info_addr=0xd000fb38)
TTY:  TTY:  TTY:  TTY: |TTY: -TTY:  TTY: 0TTY: .TTY: 0TTY: 0TTY: 0TTY:  TTY: MTTY: BTTY:  TTY: fTTY: oTTY: rTTY:  TTY: PTTY: RTTY: XTTY: (TTY: JTTY: PTTY: GTTY:  TTY: DTTY: eTTY: cTTY: oTTY: dTTY: eTTY: rTTY: )TTY: 
HLE: W {PPU[1] Thread (CPUThread)[0x00911e30]} sys_memory warning: sys_memory_get_user_memory_size(mem_info_addr=0xd000fb30)
HLE: W {PPU[1] Thread (CPUThread)[0x010ec010]} cellSysmodule warning: cellSysmoduleLoadModule(CELL_SYSMODULE_MIC)
HLE: W {PPU[1] Thread (CPUThread)[0x00911db4]} sys_memory warning: sys_memory_get_user_memory_size(mem_info_addr=0xd000fb38)
TTY:  TTY:  TTY:  TTY: |TTY: -TTY:  TTY: 0TTY: .TTY: 0TTY: 0TTY: 0TTY:  TTY: MTTY: BTTY:  TTY: fTTY: oTTY: rTTY:  TTY: PTTY: RTTY: XTTY: (TTY: MTTY: iTTY: cTTY: )TTY: 
HLE: W {PPU[1] Thread (CPUThread)[0x00911e30]} sys_memory warning: sys_memory_get_user_memory_size(mem_info_addr=0xd000fb30)
HLE: W {PPU[1] Thread (CPUThread)[0x010ec010]} cellSysmodule warning: cellSysmoduleLoadModule(CELL_SYSMODULE_VOICE)
HLE: W {PPU[1] Thread (CPUThread)[0x00911db4]} sys_memory warning: sys_memory_get_user_memory_size(mem_info_addr=0xd000fb38)
TTY:  TTY:  TTY:  TTY: |TTY: -TTY:  TTY: 0TTY: .TTY: 0TTY: 0TTY: 0TTY:  TTY: MTTY: BTTY:  TTY: fTTY: oTTY: rTTY:  TTY: PTTY: RTTY: XTTY: (TTY: VTTY: oTTY: iTTY: cTTY: eTTY: )TTY: 
HLE: W {PPU[1] Thread (CPUThread)[0x00911e30]} sys_memory warning: sys_memory_get_user_memory_size(mem_info_addr=0xd000fb30)
HLE: W {PPU[1] Thread (CPUThread)[0x010ec010]} cellSysmodule warning: cellSysmoduleLoadModule((null))
PPU: E {PPU[1] Thread (CPUThread)[0x00911e48]} Trap! (tw 1f, r1, r1) #pc: 0x911e48
PPU: ! {PPU[1] Thread (CPUThread)[0x00911e48]} r0 = 0x10ec00c
PPU: ! {PPU[1] Thread (CPUThread)[0x800911e48]} r1 = 0xd000fac0
PPU: ! {PPU[1] Thread (CPUThread)[0x800911e48]} r2 = 0xe183b8
PPU: ! {PPU[1] Thread (CPUThread)[0x800911e48]} r3 = 0x80012002
PPU: ! {PPU[1] Thread (CPUThread)[0x800911e48]} r4 = 0xe1c7eb
PPU: ! {PPU[1] Thread (CPUThread)[0x00911e48]} r5 = 0xffffffffffffffff
PPU: ! {PPU[1] Thread (CPUThread)[0x800911e48]} r6 = 0xd000f6c0
PPU: ! {PPU[1] Thread (CPUThread)[0x800911e48]} r7 = 0x0
PPU: ! {PPU[1] Thread (CPUThread)[0x800911e48]} r8 = 0xe1c7eb
PPU: ! {PPU[1] Thread (CPUThread)[0x800911e48]} r9 = 0xffff
PPU: ! {PPU[1] Thread (CPUThread)[0x800911e48]} r10 = 0x10d20e0
PPU: ! {PPU[1] Thread (CPUThread)[0x00911e48]} r11 = 0x32267a31
PPU: ! {PPU[1] Thread (CPUThread)[0x800911e48]} r12 = 0x10eb008
PPU: ! {PPU[1] Thread (CPUThread)[0x00911e48]} r13 = 0x30007060
PPU: ! {PPU[1] Thread (CPUThread)[0x800911e48]} r14 = 0x0
PPU: ! {PPU[1] Thread (CPUThread)[0x800911e48]} r15 = 0x0
PPU: ! {PPU[1] Thread (CPUThread)[0x800911e48]} r16 = 0x0
PPU: ! {PPU[1] Thread (CPUThread)[0x800911e48]} r17 = 0x0
PPU: ! {PPU[1] Thread (CPUThread)[0x800911e48]} r18 = 0x0
PPU: ! {PPU[1] Thread (CPUThread)[0x800911e48]} r19 = 0x0
PPU: ! {PPU[1] Thread (CPUThread)[0x800911e48]} r20 = 0x0
PPU: ! {PPU[1] Thread (CPUThread)[0x800911e48]} r21 = 0x1097e00
PPU: ! {PPU[1] Thread (CPUThread)[0x800911e48]} r22 = 0xafc408
PPU: ! {PPU[1] Thread (CPUThread)[0x800911e48]} r23 = 0xe13720
PPU: ! {PPU[1] Thread (CPUThread)[0x800911e48]} r24 = 0xe13720
PPU: ! {PPU[1] Thread (CPUThread)[0x00911e48]} r25 = 0xd000fb30
PPU: ! {PPU[1] Thread (CPUThread)[0x00911e48]} r26 = 0xd000fb38
PPU: ! {PPU[1] Thread (CPUThread)[0x800911e48]} r27 = 0xb35668
PPU: ! {PPU[1] Thread (CPUThread)[0x800911e48]} r28 = 0x0
PPU: ! {PPU[1] Thread (CPUThread)[0x800911e48]} r29 = 0x0
PPU: ! {PPU[1] Thread (CPUThread)[0x800911e48]} r30 = 0xddafa0
PPU: ! {PPU[1] Thread (CPUThread)[0x800911e48]} r31 = 0xe13840
PPU: ! {PPU[1] Thread (CPUThread)[0x800911e48]} f0 = 0.000000
PPU: ! {PPU[1] Thread (CPUThread)[0x800911e48]} f1 = 0.000000
PPU: ! {PPU[1] Thread (CPUThread)[0x800911e48]} f2 = 0.000000
PPU: ! {PPU[1] Thread (CPUThread)[0x800911e48]} f3 = 0.000000
PPU: ! {PPU[1] Thread (CPUThread)[0x800911e48]} f4 = 0.000000
PPU: ! {PPU[1] Thread (CPUThread)[0x800911e48]} f5 = 0.000000
PPU: ! {PPU[1] Thread (CPUThread)[0x800911e48]} f6 = 0.000000
PPU: ! {PPU[1] Thread (CPUThread)[0x800911e48]} f7 = 0.000000
PPU: ! {PPU[1] Thread (CPUThread)[0x800911e48]} f8 = 0.000000
PPU: ! {PPU[1] Thread (CPUThread)[0x800911e48]} f9 = 0.000000
PPU: ! {PPU[1] Thread (CPUThread)[0x800911e48]} f10 = 0.000000
PPU: ! {PPU[1] Thread (CPUThread)[0x800911e48]} f11 = 0.000000
PPU: ! {PPU[1] Thread (CPUThread)[0x800911e48]} f12 = 0.000000
PPU: ! {PPU[1] Thread (CPUThread)[0x800911e48]} f13 = 0.000000
PPU: ! {PPU[1] Thread (CPUThread)[0x800911e48]} f14 = 0.000000
PPU: ! {PPU[1] Thread (CPUThread)[0x800911e48]} f15 = 0.000000
PPU: ! {PPU[1] Thread (CPUThread)[0x800911e48]} f16 = 0.000000
PPU: ! {PPU[1] Thread (CPUThread)[0x800911e48]} f17 = 0.000000
PPU: ! {PPU[1] Thread (CPUThread)[0x800911e48]} f18 = 0.000000
PPU: ! {PPU[1] Thread (CPUThread)[0x800911e48]} f19 = 0.000000
PPU: ! {PPU[1] Thread (CPUThread)[0x800911e48]} f20 = 0.000000
PPU: ! {PPU[1] Thread (CPUThread)[0x800911e48]} f21 = 0.000000
PPU: ! {PPU[1] Thread (CPUThread)[0x800911e48]} f22 = 0.000000
PPU: ! {PPU[1] Thread (CPUThread)[0x800911e48]} f23 = 0.000000
PPU: ! {PPU[1] Thread (CPUThread)[0x800911e48]} f24 = 0.000000
PPU: ! {PPU[1] Thread (CPUThread)[0x800911e48]} f25 = 0.000000
PPU: ! {PPU[1] Thread (CPUThread)[0x800911e48]} f26 = 0.000000
PPU: ! {PPU[1] Thread (CPUThread)[0x800911e48]} f27 = 0.000000
PPU: ! {PPU[1] Thread (CPUThread)[0x800911e48]} f28 = 0.000000
PPU: ! {PPU[1] Thread (CPUThread)[0x800911e48]} f29 = 0.000000
PPU: ! {PPU[1] Thread (CPUThread)[0x800911e48]} f30 = 0.000000
PPU: ! {PPU[1] Thread (CPUThread)[0x800911e48]} f31 = 0.000000
PPU: ! {PPU[1] Thread (CPUThread)[0x00911e48]} v0 = 0x00000000000000000000000000000000 [x: 0 y: 0 z: 0 w: 0]
PPU: ! {PPU[1] Thread (CPUThread)[0x00911e48]} v1 = 0x00000001000000010000000100000001 [x: 1.4013e-045 y: 1.4013e-045 z: 1.4013e-045 w: 1.4013e-045]
PPU: ! {PPU[1] Thread (CPUThread)[0x00911e48]} v2 = 0x00000000000000000000000000000000 [x: 0 y: 0 z: 0 w: 0]
PPU: ! {PPU[1] Thread (CPUThread)[0x00911e48]} v3 = 0xc040000040400000c0000000bf800000 [x: -3 y: 3 z: -2 w: -1]
PPU: ! {PPU[1] Thread (CPUThread)[0x00911e48]} v4 = 0x00000000000000003f80000000000000 [x: 0 y: 0 z: 1 w: 0]
PPU: ! {PPU[1] Thread (CPUThread)[0x00911e48]} v5 = 0x3f800000000000000000000000000000 [x: 1 y: 0 z: 0 w: 0]
PPU: ! {PPU[1] Thread (CPUThread)[0x00911e48]} v6 = 0x00000000000000000000000000000000 [x: 0 y: 0 z: 0 w: 0]
PPU: ! {PPU[1] Thread (CPUThread)[0x00911e48]} v7 = 0x00000000000000000000000000000000 [x: 0 y: 0 z: 0 w: 0]
PPU: ! {PPU[1] Thread (CPUThread)[0x00911e48]} v8 = 0x00000000ffffffff0000000000000000 [x: 0 y: -1.#QNAN z: 0 w: 0]
PPU: ! {PPU[1] Thread (CPUThread)[0x00911e48]} v9 = 0xffffffff000000000000000000000000 [x: -1.#QNAN y: 0 z: 0 w: 0]
PPU: ! {PPU[1] Thread (CPUThread)[0x00911e48]} v10 = 0x3f800000000000000000000000000000 [x: 1 y: 0 z: 0 w: 0]
PPU: ! {PPU[1] Thread (CPUThread)[0x00911e48]} v11 = 0x40000000400000004000000040000000 [x: 2 y: 2 z: 2 w: 2]
PPU: ! {PPU[1] Thread (CPUThread)[0x00911e48]} v12 = 0x00000000ffffffff0000000000000000 [x: 0 y: -1.#QNAN z: 0 w: 0]
PPU: ! {PPU[1] Thread (CPUThread)[0x00911e48]} v13 = 0x00000000000000000000000000000000 [x: 0 y: 0 z: 0 w: 0]
PPU: ! {PPU[1] Thread (CPUThread)[0x00911e48]} v14 = 0x00000000000000000000000000000000 [x: 0 y: 0 z: 0 w: 0]
PPU: ! {PPU[1] Thread (CPUThread)[0x00911e48]} v15 = 0x00000000000000000000000000000000 [x: 0 y: 0 z: 0 w: 0]
PPU: ! {PPU[1] Thread (CPUThread)[0x00911e48]} v16 = 0x00000000000000000000000000000000 [x: 0 y: 0 z: 0 w: 0]
PPU: ! {PPU[1] Thread (CPUThread)[0x00911e48]} v17 = 0x00000000000000000000000000000000 [x: 0 y: 0 z: 0 w: 0]
PPU: ! {PPU[1] Thread (CPUThread)[0x00911e48]} v18 = 0x00000000000000000000000000000000 [x: 0 y: 0 z: 0 w: 0]
PPU: ! {PPU[1] Thread (CPUThread)[0x00911e48]} v19 = 0x00000000000000000000000000000000 [x: 0 y: 0 z: 0 w: 0]
PPU: ! {PPU[1] Thread (CPUThread)[0x00911e48]} v20 = 0x00000000000000000000000000000000 [x: 0 y: 0 z: 0 w: 0]
PPU: ! {PPU[1] Thread (CPUThread)[0x00911e48]} v21 = 0x00000000000000000000000000000000 [x: 0 y: 0 z: 0 w: 0]
PPU: ! {PPU[1] Thread (CPUThread)[0x00911e48]} v22 = 0x00000000000000000000000000000000 [x: 0 y: 0 z: 0 w: 0]
PPU: ! {PPU[1] Thread (CPUThread)[0x00911e48]} v23 = 0x00000000000000000000000000000000 [x: 0 y: 0 z: 0 w: 0]
PPU: ! {PPU[1] Thread (CPUThread)[0x00911e48]} v24 = 0x00000000000000000000000000000000 [x: 0 y: 0 z: 0 w: 0]
PPU: ! {PPU[1] Thread (CPUThread)[0x00911e48]} v25 = 0x00000000000000000000000000000000 [x: 0 y: 0 z: 0 w: 0]
PPU: ! {PPU[1] Thread (CPUThread)[0x00911e48]} v26 = 0x00000000000000000000000000000000 [x: 0 y: 0 z: 0 w: 0]
PPU: ! {PPU[1] Thread (CPUThread)[0x00911e48]} v27 = 0x00000000000000000000000000000000 [x: 0 y: 0 z: 0 w: 0]
PPU: ! {PPU[1] Thread (CPUThread)[0x00911e48]} v28 = 0x00000000000000000000000000000000 [x: 0 y: 0 z: 0 w: 0]
PPU: ! {PPU[1] Thread (CPUThread)[0x00911e48]} v29 = 0x00000000000000000000000000000000 [x: 0 y: 0 z: 0 w: 0]
PPU: ! {PPU[1] Thread (CPUThread)[0x00911e48]} v30 = 0x00000000000000000000000000000000 [x: 0 y: 0 z: 0 w: 0]
PPU: ! {PPU[1] Thread (CPUThread)[0x00911e48]} v31 = 0x00000000000000000000000000000000 [x: 0 y: 0 z: 0 w: 0]
PPU: ! {PPU[1] Thread (CPUThread)[0xffffffff00911e48]} CR = 0x48004088
PPU: ! {PPU[1] Thread (CPUThread)[0x800911e48]} LR = 0x911e3c
PPU: ! {PPU[1] Thread (CPUThread)[0x800911e48]} CTR = 0x10ec00c
PPU: ! {PPU[1] Thread (CPUThread)[0x00911e48]} XER = 0x20000000 [CA=140694538682369 | OV=34359738368 | SO=-4294967296]
PPU: ! {PPU[1] Thread (CPUThread)[0x00911e48]} FPSCR = 0x82002000 [RN=0 | NI=0 | XE=0 | ZE=0 | UE=0 | OE=0 | VE=0 | VXCVI=0 | VXSQRT=0 | VXSOFT=0 | FPRF=2 | FI=0 | FR=0 | VXVC=0 | VXIMZ=0 | VXZDZ=0 | VXIDI=0 | VXISI=0 | VXSNAN=0 | XX=1 | ZX=0 | UX=0 | OX=0 | VX=0 | FEX=0 | FX=1]
PPU: ! {PPULLVMRecompiler} Removed 13 old versions
HLE: W {PPU[21] Thread (Twitter Thread)[0x004f08a0]} sys_event warning: sys_event_queue_receive(equeue=19) aborted
PPU: ! {PPULLVMRecompiler} PPU LLVM compiler thread exiting.
HLE: ! All threads stopped...
MEM: ! Closing memory...
