HLE: ! path: /dev_hdd0/game/
HLE: W No pause.bin found, Auto Pause will not work.
HLE: W No pause.bin found, Auto Pause will not work.
LDR: ! Loading 'D:\Emulateurs\Rpcs3\dev_hdd0\game\NPEA00315/USRDIR/BOOT.BIN'...
LDR: !  
LDR: ! Mount info:
LDR: ! /dev_hdd0/ -> ./dev_hdd0/
LDR: ! /dev_hdd1/ -> ./dev_hdd1/
LDR: ! /dev_flash/ -> ./dev_flash/
LDR: ! /dev_usb000/ -> ./dev_usb000/
LDR: ! /dev_usb/ -> ./dev_usb000/
LDR: ! /app_home/ -> D:\Emulateurs\Rpcs3\dev_hdd0\game\NPEA00315/
LDR: ! /dev_bdvd/ -> D:\Emulateurs\Rpcs3\dev_hdd0\game\NPEA00315//../
LDR: ! /host_root/ -> 
LDR: ! /app_home/PS3_GAME/USRDIR/ -> D:\Emulateurs\Rpcs3\dev_hdd0\game\NPEA00315//USRDIR/
LDR: ! /dev_flash2/ -> ./dev_flash2/
LDR: ! /app_home/Game/PS3_GAME/USRDIR/ -> D:\Emulateurs\Rpcs3\dev_hdd0\game\NPEA00315//USRDIR/
LDR: ! //dev_hdd0/ -> ./dev_hdd0/
LDR: ! / -> D:\Emulateurs\Rpcs3\dev_hdd0\game\NPEA00315//USRDIR/
LDR: !  
LDR: ! Title: MOTORSTORM®: APOCALYPSE Digital Edition
LDR: ! Serial: NPEA00315
LDR: !  
MEM: ! Initializing memory: m_base_addr = 0x1f7fe60000
MEM: ! Memory initialized.
LDR: ! Imported function 'cellSysmoduleUnloadModule' in 'cellSysmodule' module
LDR: ! Imported function 'cellSysmoduleLoadModule' in 'cellSysmodule' module
LDR: ! Imported function 'cellSysmoduleIsLoaded' in 'cellSysmodule' module
LDR: ! Imported function 'cellSysmoduleInitialize' in 'cellSysmodule' module
LDR: ! Imported function 'cellSysmoduleFinalize' in 'cellSysmodule' module
LDR: W Unimplemented function 'cellUsbdInit' in 'cellUsbd' module
LDR: W Unimplemented function 'cellUsbdInterruptTransfer' in 'cellUsbd' module
LDR: W Unimplemented function 'cellUsbdOpenPipe' in 'cellUsbd' module
LDR: W Unimplemented function 'cellUsbdScanStaticDescriptor' in 'cellUsbd' module
LDR: W Unimplemented function 'cellUsbdGetPrivateData' in 'cellUsbd' module
LDR: W Unimplemented function 'cellUsbdSetPrivateData' in 'cellUsbd' module
LDR: W Unimplemented function 'cellUsbdUnregisterExtraLdd' in 'cellUsbd' module
LDR: W Unimplemented function 'cellUsbdClosePipe' in 'cellUsbd' module
LDR: W Unimplemented function 'cellUsbdControlTransfer' in 'cellUsbd' module
LDR: W Unimplemented function 'cellUsbdRegisterExtraLdd2' in 'cellUsbd' module
LDR: W Unimplemented function 'cellUsbdGetDeviceLocation' in 'cellUsbd' module
LDR: ! Imported function 'cellPadGetInfo2' in 'sys_io' module
LDR: ! Imported function 'cellPadSetActDirect' in 'sys_io' module
LDR: ! Imported function 'cellPadInit' in 'sys_io' module
LDR: ! Imported function 'cellKbGetConfiguration' in 'sys_io' module
LDR: ! Imported function 'cellKbClearBuf' in 'sys_io' module
LDR: W Unimplemented function 'cellPadLddRegisterController' in 'sys_io' module
LDR: ! Imported function 'cellKbGetInfo' in 'sys_io' module
LDR: ! Imported function 'cellMouseGetData' in 'sys_io' module
LDR: ! Imported function 'cellMouseClearBuf' in 'sys_io' module
LDR: ! Imported function 'cellKbInit' in 'sys_io' module
LDR: ! Imported function 'cellKbCnvRawCode' in 'sys_io' module
LDR: ! Imported function 'cellPadEnd' in 'sys_io' module
LDR: ! Imported function 'cellPadSetPortSetting' in 'sys_io' module
LDR: ! Imported function 'cellMouseGetInfo' in 'sys_io' module
LDR: ! Imported function 'cellPadGetData' in 'sys_io' module
LDR: W Unimplemented function 'cellPadLddGetPortNo' in 'sys_io' module
LDR: ! Imported function 'cellKbSetCodeType' in 'sys_io' module
LDR: W Unimplemented function 'cellPadLddDataInsert' in 'sys_io' module
LDR: ! Imported function 'cellKbEnd' in 'sys_io' module
LDR: ! Imported function 'cellMouseInit' in 'sys_io' module
LDR: ! Imported function 'cellKbSetReadMode' in 'sys_io' module
LDR: ! Imported function 'cellMouseEnd' in 'sys_io' module
LDR: W Unimplemented function 'cellPadLddUnregisterController' in 'sys_io' module
LDR: ! Imported function 'cellKbRead' in 'sys_io' module
LDR: ! Imported function 'cellFsRmdir' in 'sys_fs' module
LDR: ! Imported function 'cellFsClose' in 'sys_fs' module
LDR: ! Imported function 'cellFsOpendir' in 'sys_fs' module
LDR: ! Imported function 'cellFsRead' in 'sys_fs' module
LDR: ! Imported function 'cellFsReaddir' in 'sys_fs' module
LDR: ! Imported function 'cellFsOpen' in 'sys_fs' module
LDR: ! Imported function 'cellFsStat' in 'sys_fs' module
LDR: ! Imported function 'cellFsUnlink' in 'sys_fs' module
LDR: ! Imported function 'cellFsGetDirectoryEntries' in 'sys_fs' module
LDR: ! Imported function 'cellFsLseek' in 'sys_fs' module
LDR: ! Imported function 'cellFsGetFreeSize' in 'sys_fs' module
LDR: ! Imported function 'cellFsMkdir' in 'sys_fs' module
LDR: W Unimplemented function 'cellFsUtime' in 'sys_fs' module
LDR: ! Imported function 'cellFsWrite' in 'sys_fs' module
LDR: ! Imported function 'cellFsFstat' in 'sys_fs' module
LDR: ! Imported function 'cellFsRename' in 'sys_fs' module
LDR: ! Imported function 'cellFsClosedir' in 'sys_fs' module
LDR: ! Imported function 'cellFsSdataOpenByFd' in 'sys_fs' module
LDR: ! Imported function 'cellFsFsync' in 'sys_fs' module
LDR: ! Imported function 'cellFsSdataOpen' in 'sys_fs' module
LDR: ! Imported function 'sceNpManagerSubSignout' in 'sceNp' module
LDR: ! Imported function 'sceNpBasicSendMessageGui' in 'sceNp' module
LDR: ! Imported function 'sceNpManagerGetTicket' in 'sceNp' module
LDR: ! Imported function 'sceNpBasicGetFriendPresenceByNpId2' in 'sceNp' module
LDR: ! Imported function 'sceNpBasicGetMessageEntry' in 'sceNp' module
LDR: ! Imported function 'sceNpBasicRegisterContextSensitiveHandler' in 'sceNp' module
LDR: ! Imported function 'sceNpManagerSubSignin' in 'sceNp' module
LDR: ! Imported function 'sceNpBasicAbortGui' in 'sceNp' module
LDR: ! Imported function 'sceNpManagerUnregisterCallback' in 'sceNp' module
LDR: ! Imported function 'sceNpManagerGetTicketParam' in 'sceNp' module
LDR: ! Imported function 'sceNpBasicSetPresenceDetails2' in 'sceNp' module
LDR: ! Imported function 'sceNpLookupInit' in 'sceNp' module
LDR: ! Imported function 'sceNpSignalingActivateConnection' in 'sceNp' module
LDR: ! Imported function 'sceNpSignalingCreateCtx' in 'sceNp' module
LDR: ! Imported function 'sceNpBasicGetFriendPresenceByIndex2' in 'sceNp' module
LDR: ! Imported function 'sceNpBasicRecvMessageAttachmentLoad' in 'sceNp' module
LDR: ! Imported function 'sceNpManagerGetContentRatingFlag' in 'sceNp' module
LDR: ! Imported function 'sceNpLookupPollAsync' in 'sceNp' module
LDR: ! Imported function 'sceNpBasicRecvMessageCustom' in 'sceNp' module
LDR: ! Imported function 'sceNpManagerRequestTicket2' in 'sceNp' module
LDR: ! Imported function 'sceNpLookupTerm' in 'sceNp' module
LDR: ! Imported function 'sceNpBasicGetPlayersHistoryEntryCount' in 'sceNp' module
LDR: ! Imported function 'sceNpManagerGetStatus' in 'sceNp' module
LDR: ! Imported function 'sceNpSignalingDestroyCtx' in 'sceNp' module
LDR: ! Imported function 'sceNpBasicUnregisterHandler' in 'sceNp' module
LDR: ! Imported function 'sceNpDrmIsAvailable' in 'sceNp' module
LDR: ! Imported function 'sceNpBasicGetFriendListEntryCount' in 'sceNp' module
LDR: ! Imported function 'sceNpManagerGetAccountRegion' in 'sceNp' module
LDR: ! Imported function 'sceNpBasicGetPlayersHistoryEntry' in 'sceNp' module
LDR: ! Imported function 'sceNpBasicAddPlayersHistoryAsync' in 'sceNp' module
LDR: ! Imported function 'sceNpManagerGetOnlineId' in 'sceNp' module
LDR: ! Imported function 'sceNpSignalingGetConnectionStatus' in 'sceNp' module
LDR: ! Imported function 'sceNpLookupCreateTitleCtx' in 'sceNp' module
LDR: ! Imported function 'sceNpLookupNpIdAsync' in 'sceNp' module
LDR: ! Imported function 'sceNpUtilCmpNpId' in 'sceNp' module
LDR: ! Imported function 'sceNpBasicGetEvent' in 'sceNp' module
LDR: ! Imported function 'sceNpManagerRegisterCallback' in 'sceNp' module
LDR: ! Imported function 'sceNpLookupCreateTransactionCtx' in 'sceNp' module
LDR: ! Imported function 'sceNpManagerGetChatRestrictionFlag' in 'sceNp' module
LDR: ! Imported function 'sceNpBasicGetMessageEntryCount' in 'sceNp' module
LDR: ! Imported function 'sceNpManagerGetOnlineName' in 'sceNp' module
LDR: ! Imported function 'sceNpSignalingDeactivateConnection' in 'sceNp' module
LDR: ! Imported function 'sceNpManagerGetNpId' in 'sceNp' module
LDR: ! Imported function 'sceNpDrmIsAvailable2' in 'sceNp' module
LDR: W Unimplemented function 'sceNp2Init' in 'sceNp2' module
LDR: W Unimplemented function 'sceNp2Term' in 'sceNp2' module
LDR: ! Imported function 'cellSpursAttributeSetNamePrefix' in 'cellSpurs' module
LDR: ! Imported function '_cellSpursTasksetAttributeInitialize' in 'cellSpurs' module
LDR: ! Imported function 'cellSpursEventFlagDetachLv2EventQueue' in 'cellSpurs' module
LDR: ! Imported function 'cellSpursEventFlagWait' in 'cellSpurs' module
LDR: ! Imported function 'cellSpursEventFlagClear' in 'cellSpurs' module
LDR: ! Imported function '_cellSpursEventFlagInitialize' in 'cellSpurs' module
LDR: ! Imported function 'cellSpursTasksetAttributeSetName' in 'cellSpurs' module
LDR: ! Imported function 'cellSpursEventFlagAttachLv2EventQueue' in 'cellSpurs' module
LDR: ! Imported function '_cellSpursAttributeInitialize' in 'cellSpurs' module
LDR: ! Imported function 'cellSpursJoinTaskset' in 'cellSpurs' module
LDR: ! Imported function 'cellSpursShutdownTaskset' in 'cellSpurs' module
LDR: ! Imported function 'cellSpursAttributeSetSpuThreadGroupType' in 'cellSpurs' module
LDR: ! Imported function 'cellSpursInitializeWithAttribute' in 'cellSpurs' module
LDR: ! Imported function 'cellSpursInitialize' in 'cellSpurs' module
LDR: ! Imported function 'cellSpursCreateTasksetWithAttribute' in 'cellSpurs' module
LDR: ! Imported function 'cellSpursFinalize' in 'cellSpurs' module
LDR: ! Imported function '_cellSpursLFQueueInitialize' in 'cellSpurs' module
LDR: ! Imported function 'cellSpursLFQueueAttachLv2EventQueue' in 'cellSpurs' module
LDR: ! Imported function 'cellSpursRequestIdleSpu' in 'cellSpurs' module
LDR: ! Imported function 'cellSpursCreateTaskWithAttribute' in 'cellSpurs' module
LDR: ! Imported function 'cellSpursDestroyTaskset2' in 'cellSpurs' module
LDR: ! Imported function 'cellSpursGetInfo' in 'cellSpurs' module
LDR: ! Imported function 'cellSpursWorkloadAttributeSetName' in 'cellSpurs' module
LDR: ! Imported function 'cellSpursCreateTaskset2' in 'cellSpurs' module
LDR: ! Imported function 'cellSpursGetWorkloadInfo' in 'cellSpurs' module
LDR: ! Imported function 'cellSpursDetachLv2EventQueue' in 'cellSpurs' module
LDR: ! Imported function 'cellSpursCreateTaskset' in 'cellSpurs' module
LDR: ! Imported function 'cellSpursRemoveWorkload' in 'cellSpurs' module
LDR: ! Imported function 'cellSpursWaitForWorkloadShutdown' in 'cellSpurs' module
LDR: ! Imported function 'cellSpursLFQueueDetachLv2EventQueue' in 'cellSpurs' module
LDR: ! Imported function 'cellSpursBarrierInitialize' in 'cellSpurs' module
LDR: ! Imported function 'cellSpursSetPriorities' in 'cellSpurs' module
LDR: ! Imported function 'cellSpursTryJoinTask2' in 'cellSpurs' module
LDR: ! Imported function '_cellSpursLFQueuePushBody' in 'cellSpurs' module
LDR: ! Imported function 'cellSpursTaskGetContextSaveAreaSize' in 'cellSpurs' module
LDR: ! Imported function 'cellSpursShutdownWorkload' in 'cellSpurs' module
LDR: ! Imported function 'cellSpursJoinTask2' in 'cellSpurs' module
LDR: ! Imported function '_cellSpursTaskAttributeInitialize' in 'cellSpurs' module
LDR: ! Imported function 'cellSpursAttachLv2EventQueue' in 'cellSpurs' module
LDR: ! Imported function 'cellSpursCreateTask' in 'cellSpurs' module
LDR: ! Imported function 'cellSpursAddWorkloadWithAttribute' in 'cellSpurs' module
LDR: ! Imported function '_cellSpursTasksetAttribute2Initialize' in 'cellSpurs' module
LDR: ! Imported function 'cellSpursSetExceptionEventHandler' in 'cellSpurs' module
LDR: ! Imported function '_cellSpursSendSignal' in 'cellSpurs' module
LDR: ! Imported function 'cellSpursCreateTask2' in 'cellSpurs' module
LDR: ! Imported function '_cellSpursWorkloadAttributeInitialize' in 'cellSpurs' module
LDR: ! Imported function 'cellSpursReadyCountStore' in 'cellSpurs' module
LDR: W Unknown module 'cellHttp'
LDR: ! Imported function 'cellHttpCreateTransaction' in 'cellHttp' module
LDR: ! Imported function 'cellHttpResponseGetStatusCode' in 'cellHttp' module
LDR: ! Imported function 'cellHttpClientSetSslCallback' in 'cellHttp' module
LDR: ! Imported function 'cellHttpClientSetAutoRedirect' in 'cellHttp' module
LDR: ! Imported function 'cellHttpClientSetRecvTimeout' in 'cellHttp' module
LDR: ! Imported function 'cellHttpInit' in 'cellHttp' module
LDR: ! Imported function 'cellHttpClientSetPipeline' in 'cellHttp' module
LDR: ! Imported function 'cellHttpTransactionGetSslId' in 'cellHttp' module
LDR: ! Imported function 'cellHttpTransactionAbortConnection' in 'cellHttp' module
LDR: ! Imported function 'cellHttpDestroyTransaction' in 'cellHttp' module
LDR: ! Imported function 'cellHttpClientSetCookieStatus' in 'cellHttp' module
LDR: ! Imported function 'cellHttpResponseGetContentLength' in 'cellHttp' module
LDR: ! Imported function 'cellHttpCreateClient' in 'cellHttp' module
LDR: ! Imported function 'cellHttpsInit' in 'cellHttp' module
LDR: ! Imported function 'cellHttpRequestSetHeader' in 'cellHttp' module
LDR: ! Imported function 'cellHttpClientSetPerHostKeepAliveMax' in 'cellHttp' module
LDR: ! Imported function 'cellHttpEndCookie' in 'cellHttp' module
LDR: ! Imported function 'cellHttpRecvResponse' in 'cellHttp' module
LDR: ! Imported function 'cellHttpClientSetSendTimeout' in 'cellHttp' module
LDR: ! Imported function 'cellHttpClientSetTotalPoolSize' in 'cellHttp' module
LDR: ! Imported function 'cellHttpClientSetAutoAuthentication' in 'cellHttp' module
LDR: ! Imported function 'cellHttpInitCookie' in 'cellHttp' module
LDR: ! Imported function 'cellHttpDestroyClient' in 'cellHttp' module
LDR: ! Imported function 'cellHttpClientSetHeader' in 'cellHttp' module
LDR: ! Imported function 'cellHttpSendRequest' in 'cellHttp' module
LDR: ! Imported function 'cellHttpClientPollConnections' in 'cellHttp' module
LDR: ! Imported function 'cellHttpClientSetResponseBufferMax' in 'cellHttp' module
LDR: ! Imported function 'cellHttpRequestSetContentLength' in 'cellHttp' module
LDR: ! Imported function 'cellHttpResponseGetAllHeaders' in 'cellHttp' module
LDR: ! Imported function 'cellHttpClientSetUserAgent' in 'cellHttp' module
LDR: ! Imported function 'cellHttpEnd' in 'cellHttp' module
LDR: ! Imported function 'cellHttpClientSetConnTimeout' in 'cellHttp' module
LDR: ! Imported function 'cellHttpsEnd' in 'cellHttp' module
LDR: ! Imported function 'cellHttpClientSetTransactionStateCallback' in 'cellHttp' module
LDR: ! Imported function 'cellRtcGetCurrentClockLocalTime' in 'cellRtc' module
LDR: ! Imported function 'cellRtcGetCurrentClock' in 'cellRtc' module
LDR: ! Imported function 'cellRtcGetDosTime' in 'cellRtc' module
LDR: ! Imported function 'cellSysutilUnregisterCallback' in 'cellSysutil' module
LDR: ! Imported function 'cellVideoOutConfigure' in 'cellSysutil' module
LDR: ! Imported function 'cellSysutilCheckCallback' in 'cellSysutil' module
LDR: ! Imported function 'cellSysCacheMount' in 'cellSysutil' module
LDR: ! Imported function 'cellVideoOutGetDeviceInfo' in 'cellSysutil' module
LDR: ! Imported function 'cellSysutilEnableBgmPlayback' in 'cellSysutil' module
LDR: W Unimplemented function 'cellOskDialogUnloadAsync' in 'cellSysutil' module
LDR: ! Imported function 'cellSysutilGetSystemParamInt' in 'cellSysutil' module
LDR: W Unimplemented function 'cellOskDialogDisableDimmer' in 'cellSysutil' module
LDR: ! Imported function 'cellAudioOutConfigure' in 'cellSysutil' module
LDR: W Unimplemented function 'cellSaveDataUserAutoSave' in 'cellSysutil' module
LDR: ! Imported function 'cellMsgDialogAbort' in 'cellSysutil' module
LDR: ! Imported function 'cellSysCacheClear' in 'cellSysutil' module
LDR: ! Imported function 'cellVideoOutGetNumberOfDevice' in 'cellSysutil' module
LDR: ! Imported function 'cellMsgDialogOpen2' in 'cellSysutil' module
LDR: ! Imported function 'cellAudioOutGetDeviceInfo' in 'cellSysutil' module
LDR: W Unimplemented function 'cellOskDialogLoadAsync' in 'cellSysutil' module
LDR: ! Imported function 'cellVideoOutGetState' in 'cellSysutil' module
LDR: ! Imported function 'cellSysutilRegisterCallback' in 'cellSysutil' module
LDR: ! Imported function 'cellVideoOutGetResolutionAvailability' in 'cellSysutil' module
LDR: W Unimplemented function 'cellOskDialogSetKeyLayoutOption' in 'cellSysutil' module
LDR: W Unimplemented function 'cellOskDialogAbort' in 'cellSysutil' module
LDR: ! Imported function 'cellAudioOutGetSoundAvailability' in 'cellSysutil' module
LDR: W Unimplemented function 'cellOskDialogSetInitialKeyLayout' in 'cellSysutil' module
LDR: W Unimplemented function 'cellSaveDataUserAutoLoad' in 'cellSysutil' module
LDR: ! Imported function 'cellSysutilDisableBgmPlayback' in 'cellSysutil' module
LDR: ! Imported function 'cellVideoOutGetResolution' in 'cellSysutil' module
LDR: ! Imported function 'cellAudioOutGetNumberOfDevice' in 'cellSysutil' module
LDR: W Unimplemented function 'cellSaveDataDelete2' in 'cellSysutil' module
LDR: W Unimplemented function 'cellSysutilSetBgmPlaybackExtraParam' in 'cellSysutil' module
LDR: ! Imported function 'cellAudioOutGetState' in 'cellSysutil' module
LDR: ! Imported function 'cellAudioOutGetConfiguration' in 'cellSysutil' module
LDR: ! Imported function 'cellUserInfoGetStat' in 'cellUserInfo' module
LDR: ! Imported function 'cellUserInfoSelectUser_ListType' in 'cellUserInfo' module
LDR: ! Imported function 'cellUserInfoEnableOverlay' in 'cellUserInfo' module
LDR: ! Imported function 'cellUserInfoGetList' in 'cellUserInfo' module
LDR: W Unknown module 'cellPhotoUtility'
LDR: ! Imported function 'cellPhotoExportInitialize2' in 'cellPhotoUtility' module
LDR: ! Imported function 'Unknown func id: 0x8d14d09b' in 'cellPhotoUtility' module
LDR: ! Imported function 'cellPhotoExportFinalize' in 'cellPhotoUtility' module
LDR: ! Imported function 'cellFontInitLibraryFreeTypeWithRevision' in 'cellFontFT' module
LDR: ! Imported function 'cellFontCreateRenderer' in 'cellFont' module
LDR: W Unimplemented function 'cellFontGetKerning' in 'cellFont' module
LDR: ! Imported function 'cellFontOpenFontFile' in 'cellFont' module
LDR: ! Imported function 'cellFontGetHorizontalLayout' in 'cellFont' module
LDR: ! Imported function 'cellFontDestroyRenderer' in 'cellFont' module
LDR: ! Imported function 'cellFontSetScalePixel' in 'cellFont' module
LDR: ! Imported function 'cellFontEndLibrary' in 'cellFont' module
LDR: W Unimplemented function 'cellFontSetupRenderScalePoint' in 'cellFont' module
LDR: ! Imported function 'cellFontBindRenderer' in 'cellFont' module
LDR: ! Imported function 'cellFontEnd' in 'cellFont' module
LDR: ! Imported function 'cellFontRenderCharGlyphImage' in 'cellFont' module
LDR: ! Imported function 'cellFontRenderSurfaceInit' in 'cellFont' module
LDR: ! Imported function 'cellFontCloseFont' in 'cellFont' module
LDR: ! Imported function 'cellFontRenderSurfaceSetScissor' in 'cellFont' module
LDR: ! Imported function 'cellFontGetCharGlyphMetrics' in 'cellFont' module
LDR: ! Imported function 'cellFontInitializeWithRevision' in 'cellFont' module
LDR: W Unimplemented function 'cellSslCertGetNameEntryInfo' in 'cellSsl' module
LDR: W Unimplemented function 'cellSslEnd' in 'cellSsl' module
LDR: W Unimplemented function 'cellSslCertGetSubjectName' in 'cellSsl' module
LDR: W Unimplemented function 'cellSslCertificateLoader' in 'cellSsl' module
LDR: W Unimplemented function 'cellSslCertGetNameEntryCount' in 'cellSsl' module
LDR: W Unimplemented function 'cellSslCertGetIssuerName' in 'cellSsl' module
LDR: W Unimplemented function 'cellSslInit' in 'cellSsl' module
LDR: ! Imported function '_cellGcmInitBody' in 'cellGcmSys' module
LDR: ! Imported function '_cellGcmFunc15' in 'cellGcmSys' module
LDR: ! Imported function 'cellGcmSetFlipMode' in 'cellGcmSys' module
LDR: ! Imported function 'cellGcmSetFlipImmediate' in 'cellGcmSys' module
LDR: ! Imported function 'cellGcmSetUserHandler' in 'cellGcmSys' module
LDR: ! Imported function 'cellGcmSetQueueHandler' in 'cellGcmSys' module
LDR: ! Imported function 'cellGcmSetPrepareFlip' in 'cellGcmSys' module
LDR: ! Imported function 'cellGcmDumpGraphicsError' in 'cellGcmSys' module
LDR: ! Imported function '_cellGcmSetFlipCommand' in 'cellGcmSys' module
LDR: ! Imported function 'cellGcmSortRemapEaIoAddress' in 'cellGcmSys' module
LDR: ! Imported function 'cellGcmGetOffsetTable' in 'cellGcmSys' module
LDR: ! Imported function 'cellGcmBindTile' in 'cellGcmSys' module
LDR: ! Imported function 'cellGcmSetDebugOutputLevel' in 'cellGcmSys' module
LDR: ! Imported function 'cellGcmMapEaIoAddressWithFlags' in 'cellGcmSys' module
LDR: ! Imported function 'cellGcmBindZcull' in 'cellGcmSys' module
LDR: ! Imported function 'cellGcmMapMainMemory' in 'cellGcmSys' module
LDR: ! Imported function 'cellGcmSetFlipHandler' in 'cellGcmSys' module
LDR: ! Imported function 'cellGcmSetDisplayBuffer' in 'cellGcmSys' module
LDR: ! Imported function 'cellGcmGetControlRegister' in 'cellGcmSys' module
LDR: ! Imported function 'cellGcmUnbindZcull' in 'cellGcmSys' module
LDR: ! Imported function 'cellGcmSetVBlankHandler' in 'cellGcmSys' module
LDR: ! Imported function 'cellGcmResetFlipStatus' in 'cellGcmSys' module
LDR: ! Imported function 'cellGcmSetTileInfo' in 'cellGcmSys' module
LDR: ! Imported function 'cellGcmSetGraphicsHandler' in 'cellGcmSys' module
LDR: ! Imported function '_cellGcmSetFlipCommandWithWaitLabel' in 'cellGcmSys' module
LDR: ! Imported function 'cellGcmUnbindTile' in 'cellGcmSys' module
LDR: ! Imported function 'cellGcmUnmapIoAddress' in 'cellGcmSys' module
LDR: ! Imported function 'cellGcmGetConfiguration' in 'cellGcmSys' module
LDR: ! Imported function 'cellGcmGetLabelAddress' in 'cellGcmSys' module
LDR: ! Imported function 'cellAudioInit' in 'cellAudio' module
LDR: ! Imported function 'cellAudioPortClose' in 'cellAudio' module
LDR: ! Imported function 'cellAudioPortStop' in 'cellAudio' module
LDR: ! Imported function 'cellAudioGetPortConfig' in 'cellAudio' module
LDR: ! Imported function 'cellAudioPortStart' in 'cellAudio' module
LDR: ! Imported function 'cellAudioQuit' in 'cellAudio' module
LDR: ! Imported function 'cellAudioPortOpen' in 'cellAudio' module
LDR: ! Imported function 'cellAudioSetNotifyEventQueue' in 'cellAudio' module
LDR: ! Imported function 'cellAudioGetPortTimestamp' in 'cellAudio' module
LDR: ! Imported function 'cellAudioGetPortBlockTag' in 'cellAudio' module
LDR: ! Imported function 'cellAudioRemoveNotifyEventQueue' in 'cellAudio' module
LDR: W Unimplemented function 'cellVoiceStart' in 'cellVoice' module
LDR: W Unimplemented function 'cellVoiceDisconnectIPortFromOPort' in 'cellVoice' module
LDR: W Unimplemented function 'cellVoiceCreatePort' in 'cellVoice' module
LDR: W Unimplemented function 'cellVoiceReadFromOPort' in 'cellVoice' module
LDR: W Unimplemented function 'cellVoiceWriteToIPort' in 'cellVoice' module
LDR: W Unimplemented function 'cellVoiceGetPortInfo' in 'cellVoice' module
LDR: W Unimplemented function 'cellVoiceStartEx' in 'cellVoice' module
LDR: W Unimplemented function 'cellVoiceSetPortAttr' in 'cellVoice' module
LDR: W Unimplemented function 'cellVoiceDeletePort' in 'cellVoice' module
LDR: W Unimplemented function 'cellVoiceConnectIPortToOPort' in 'cellVoice' module
LDR: W Unimplemented function 'cellVoiceInitEx' in 'cellVoice' module
LDR: W Unimplemented function 'cellVoiceInit' in 'cellVoice' module
LDR: W Unimplemented function 'cellVoiceStop' in 'cellVoice' module
LDR: W Unimplemented function 'cellVoiceSetVolume' in 'cellVoice' module
LDR: W Unimplemented function 'cellVoiceEnd' in 'cellVoice' module
LDR: W Unimplemented function 'cellVoiceGetPortAttr' in 'cellVoice' module
LDR: ! Imported function 'sceNpTrophyRegisterContext' in 'sceNpTrophy' module
LDR: ! Imported function 'sceNpTrophyCreateHandle' in 'sceNpTrophy' module
LDR: ! Imported function 'sceNpTrophyGetRequiredDiskSpace' in 'sceNpTrophy' module
LDR: ! Imported function 'sceNpTrophyDestroyContext' in 'sceNpTrophy' module
LDR: ! Imported function 'sceNpTrophyInit' in 'sceNpTrophy' module
LDR: ! Imported function 'sceNpTrophyDestroyHandle' in 'sceNpTrophy' module
LDR: ! Imported function 'sceNpTrophyUnlockTrophy' in 'sceNpTrophy' module
LDR: ! Imported function 'sceNpTrophyTerm' in 'sceNpTrophy' module
LDR: ! Imported function 'sceNpTrophyGetTrophyUnlockState' in 'sceNpTrophy' module
LDR: ! Imported function 'sceNpTrophyCreateContext' in 'sceNpTrophy' module
LDR: ! Imported function 'sceNpTrophyGetTrophyInfo' in 'sceNpTrophy' module
LDR: W Unimplemented function 'cellGameGetHomeDataExportPath' in 'cellGameExec' module
LDR: ! Imported function 'cellNetCtlNetStartDialogLoadAsync' in 'cellNetCtl' module
LDR: ! Imported function 'cellNetCtlNetStartDialogUnloadAsync' in 'cellNetCtl' module
LDR: ! Imported function 'cellNetCtlTerm' in 'cellNetCtl' module
LDR: ! Imported function 'cellNetCtlGetInfo' in 'cellNetCtl' module
LDR: ! Imported function 'cellNetCtlGetState' in 'cellNetCtl' module
LDR: ! Imported function 'cellNetCtlInit' in 'cellNetCtl' module
LDR: ! Imported function 'sys_net_initialize_network_ex' in 'sys_net' module
LDR: ! Imported function 'recvfrom' in 'sys_net' module
LDR: ! Imported function '_sys_net_errno_loc' in 'sys_net' module
LDR: ! Imported function 'connect' in 'sys_net' module
LDR: ! Imported function 'socketclose' in 'sys_net' module
LDR: W Unimplemented function 'inet_ntoa' in 'sys_net' module
LDR: ! Imported function 'setsockopt' in 'sys_net' module
LDR: ! Imported function 'sendto' in 'sys_net' module
LDR: ! Imported function 'socket' in 'sys_net' module
LDR: ! Imported function 'shutdown' in 'sys_net' module
LDR: ! Imported function 'bind' in 'sys_net' module
LDR: ! Imported function 'sys_net_finalize_network' in 'sys_net' module
LDR: ! Imported function 'inet_addr' in 'sys_net' module
LDR: ! Imported function 'send' in 'sys_net' module
LDR: ! Imported function 'recv' in 'sys_net' module
LDR: ! Imported function 'sys_net_free_thread_context' in 'sys_net' module
LDR: W Unimplemented function 'socketpoll' in 'sys_net' module
LDR: W Unimplemented function 'getsockname' in 'sys_net' module
LDR: ! Imported function 'listen' in 'sys_net' module
LDR: W Unimplemented function 'socketselect' in 'sys_net' module
LDR: W Unimplemented function 'getsockopt' in 'sys_net' module
LDR: W Unimplemented function 'gethostbyname' in 'sys_net' module
LDR: W Unimplemented function 'inet_aton' in 'sys_net' module
LDR: ! Imported function 'sys_net_show_ifconfig' in 'sys_net' module
LDR: ! Imported function 'accept' in 'sys_net' module
LDR: W Unimplemented function 'gethostbyaddr' in 'sys_net' module
LDR: W Unimplemented function 'getpeername' in 'sys_net' module
LDR: W Unimplemented function 'UTF16stoUTF8s' in 'cellL10n' module
LDR: W Unimplemented function 'UTF8stoUTF16s' in 'cellL10n' module
LDR: ! Imported function 'cellGameGetParamString' in 'cellGame' module
LDR: ! Imported function 'cellGameCreateGameData' in 'cellGame' module
LDR: ! Imported function 'cellGameContentPermit' in 'cellGame' module
LDR: ! Imported function 'cellGameContentErrorDialog' in 'cellGame' module
LDR: ! Imported function 'cellGameGetParamInt' in 'cellGame' module
LDR: ! Imported function 'cellGameDataCheck' in 'cellGame' module
LDR: ! Imported function 'cellGameBootCheck' in 'cellGame' module
LDR: W Unknown module 'cellSysutilAvconfExt'
LDR: ! Imported function 'cellVideoOutGetScreenSize' in 'cellSysutilAvconfExt' module
LDR: W Unknown module 'libgem'
LDR: ! Imported function 'cellGemUpdateStart' in 'libgem' module
LDR: ! Imported function 'Unknown func id: 0x11077159' in 'libgem' module
LDR: ! Imported function 'cellGemInit' in 'libgem' module
LDR: ! Imported function 'cellGemEnableMagnetometer' in 'libgem' module
LDR: ! Imported function 'cellGemWriteExternalPort' in 'libgem' module
LDR: ! Imported function 'cellGemUpdateFinish' in 'libgem' module
LDR: ! Imported function 'cellGemSetRumble' in 'libgem' module
LDR: ! Imported function 'cellGemGetState' in 'libgem' module
LDR: ! Imported function 'cellGemSetYaw' in 'libgem' module
LDR: ! Imported function 'cellGemTrackHues' in 'libgem' module
LDR: ! Imported function 'cellGemGetInfo' in 'libgem' module
LDR: ! Imported function 'cellGemPrepareCamera' in 'libgem' module
LDR: ! Imported function 'cellGemCalibrate' in 'libgem' module
LDR: ! Imported function 'cellGemForceRGB' in 'libgem' module
LDR: ! Imported function 'cellGemGetInertialState' in 'libgem' module
LDR: ! Imported function 'cellGemEnd' in 'libgem' module
LDR: ! Imported function 'cellGemInvalidateCalibration' in 'libgem' module
LDR: ! Imported function 'cellCameraReadEx' in 'cellCamera' module
LDR: ! Imported function 'cellCameraRemoveNotifyEventQueue2' in 'cellCamera' module
LDR: ! Imported function 'cellCameraStart' in 'cellCamera' module
LDR: ! Imported function 'cellCameraGetType' in 'cellCamera' module
LDR: ! Imported function 'cellCameraEnd' in 'cellCamera' module
LDR: ! Imported function 'cellCameraOpenEx' in 'cellCamera' module
LDR: ! Imported function 'cellCameraReset' in 'cellCamera' module
LDR: ! Imported function 'cellCameraSetNotifyEventQueue2' in 'cellCamera' module
LDR: ! Imported function 'cellCameraInit' in 'cellCamera' module
LDR: W Unknown module 'cellSysutilNpEula'
LDR: ! Imported function 'Unknown func id: 0x59d1629a' in 'cellSysutilNpEula' module
LDR: ! Imported function 'Unknown func id: 0x5ec05ad8' in 'cellSysutilNpEula' module
LDR: ! Imported function 'Unknown func id: 0x6599500d' in 'cellSysutilNpEula' module
LDR: ! Imported function 'cellSyncMutexUnlock' in 'cellSync' module
LDR: ! Imported function 'cellSyncMutexInitialize' in 'cellSync' module
LDR: ! Imported function 'cellSyncMutexTryLock' in 'cellSync' module
LDR: W Unknown module 'libmedi'
LDR: ! Imported function 'cellMediatorCreateContext' in 'libmedi' module
LDR: ! Imported function 'cellMediatorGetSignatureLength' in 'libmedi' module
LDR: ! Imported function 'cellMediatorGetUserInfo' in 'libmedi' module
LDR: ! Imported function 'cellMediatorPostReports' in 'libmedi' module
LDR: ! Imported function 'cellMediatorGetProviderUrl' in 'libmedi' module
LDR: ! Imported function 'cellMediatorCloseContext' in 'libmedi' module
LDR: ! Imported function 'cellMediatorGetStatus' in 'libmedi' module
LDR: ! Imported function 'cellVdecOpenEx' in 'libvdec' module
LDR: ! Imported function 'cellVdecClose' in 'libvdec' module
LDR: ! Imported function 'cellVdecGetPicItem' in 'libvdec' module
LDR: ! Imported function 'cellVdecDecodeAu' in 'libvdec' module
LDR: ! Imported function 'cellVdecGetPicture' in 'libvdec' module
LDR: ! Imported function 'cellVdecEndSeq' in 'libvdec' module
LDR: ! Imported function 'cellVdecStartSeq' in 'libvdec' module
LDR: ! Imported function 'cellVdecQueryAttrEx' in 'libvdec' module
LDR: ! Imported function 'cellVdecSetFrameRate' in 'libvdec' module
LDR: ! Imported function 'cellAdecDecodeAu' in 'cellAdec' module
LDR: ! Imported function 'cellAdecStartSeq' in 'cellAdec' module
LDR: ! Imported function 'cellAdecQueryAttr' in 'cellAdec' module
LDR: ! Imported function 'cellAdecClose' in 'cellAdec' module
LDR: ! Imported function 'cellAdecOpenEx' in 'cellAdec' module
LDR: ! Imported function 'cellAdecGetPcm' in 'cellAdec' module
LDR: ! Imported function 'cellAdecGetPcmItem' in 'cellAdec' module
LDR: ! Imported function 'cellAdecEndSeq' in 'cellAdec' module
LDR: W Unimplemented function 'cellJpgEncQueryAttr' in 'cellJpgEnc' module
LDR: W Unimplemented function 'cellJpgEncWaitForInput' in 'cellJpgEnc' module
LDR: W Unimplemented function 'cellJpgEncGetStreamInfo' in 'cellJpgEnc' module
LDR: W Unimplemented function 'cellJpgEncEncodePicture2' in 'cellJpgEnc' module
LDR: W Unimplemented function 'cellJpgEncOpenEx' in 'cellJpgEnc' module
LDR: W Unimplemented function 'cellJpgEncClose' in 'cellJpgEnc' module
LDR: W Unimplemented function 'cellJpgEncWaitForOutput' in 'cellJpgEnc' module
LDR: W Unimplemented function 'cellJpgEncOpen' in 'cellJpgEnc' module
LDR: ! Imported function 'cellJpgDecReadHeader' in 'cellJpgDec' module
LDR: ! Imported function 'cellJpgDecExtCreate' in 'cellJpgDec' module
LDR: ! Imported function 'cellJpgDecClose' in 'cellJpgDec' module
LDR: ! Imported function 'cellJpgDecOpen' in 'cellJpgDec' module
LDR: ! Imported function 'cellJpgDecDecodeData' in 'cellJpgDec' module
LDR: ! Imported function 'cellJpgDecDestroy' in 'cellJpgDec' module
LDR: ! Imported function 'cellJpgDecSetParameter' in 'cellJpgDec' module
LDR: W Unimplemented function 'cellKey2CharClose' in 'cellKey2char' module
LDR: W Unimplemented function 'cellKey2CharGetChar' in 'cellKey2char' module
LDR: W Unimplemented function 'cellKey2CharOpen' in 'cellKey2char' module
LDR: W Unimplemented function 'cellKey2CharSetMode' in 'cellKey2char' module
LDR: W Unimplemented function 'cellHttpUtilParseUri' in 'cellHttpUtil' module
LDR: W Unimplemented function 'sys_mempool_try_allocate_block' in 'sysPrxForUser' module
LDR: ! Imported function 'sys_lwmutex_lock' in 'sysPrxForUser' module
LDR: ! Imported function 'sys_lwmutex_unlock' in 'sysPrxForUser' module
LDR: ! Imported function 'sys_lwcond_destroy' in 'sysPrxForUser' module
LDR: ! Imported function 'sys_ppu_thread_create' in 'sysPrxForUser' module
LDR: ! Imported function 'sys_prx_load_module' in 'sysPrxForUser' module
LDR: ! Imported function 'sys_lwcond_wait' in 'sysPrxForUser' module
LDR: ! Imported function '_sys_process_atexitspawn' in 'sysPrxForUser' module
LDR: ! Imported function 'sys_lwmutex_create' in 'sysPrxForUser' module
LDR: ! Imported function 'sys_ppu_thread_get_id' in 'sysPrxForUser' module
LDR: ! Imported function '_sys_heap_malloc' in 'sysPrxForUser' module
LDR: ! Imported function 'sys_prx_register_library' in 'sysPrxForUser' module
LDR: ! Imported function '_sys_heap_memalign' in 'sysPrxForUser' module
LDR: ! Imported function 'Unknown func id: 0x4f7172c9' in 'sysPrxForUser' module
LDR: ! Imported function 'sys_spinlock_unlock' in 'sysPrxForUser' module
LDR: W Unimplemented function 'sys_mempool_free_block' in 'sysPrxForUser' module
LDR: ! Imported function 'sys_initialize_tls' in 'sysPrxForUser' module
LDR: ! Imported function 'sys_time_get_system_time' in 'sysPrxForUser' module
LDR: ! Imported function 'sys_prx_get_module_info' in 'sysPrxForUser' module
LDR: W Unimplemented function '_sys_heap_free' in 'sysPrxForUser' module
LDR: ! Imported function 'sys_spinlock_initialize' in 'sysPrxForUser' module
LDR: ! Imported function '_sys_process_at_Exitspawn' in 'sysPrxForUser' module
LDR: W Unimplemented function 'sys_mempool_destroy' in 'sysPrxForUser' module
LDR: ! Imported function 'sys_spinlock_lock' in 'sysPrxForUser' module
LDR: ! Imported function 'sys_prx_exitspawn_with_level' in 'sysPrxForUser' module
LDR: W Unimplemented function 'sys_prx_load_module_on_memcontainer_by_fd' in 'sysPrxForUser' module
LDR: ! Imported function 'sys_prx_get_module_list' in 'sysPrxForUser' module
LDR: ! Imported function 'sys_prx_load_module_on_memcontainer' in 'sysPrxForUser' module
LDR: ! Imported function 'sys_lwmutex_trylock' in 'sysPrxForUser' module
LDR: W Unimplemented function '_sys_heap_delete_heap' in 'sysPrxForUser' module
LDR: ! Imported function 'sys_ppu_thread_exit' in 'sysPrxForUser' module
LDR: ! Imported function '_sys_heap_create_heap' in 'sysPrxForUser' module
LDR: ! Imported function 'sys_lwmutex_destroy' in 'sysPrxForUser' module
LDR: W Unimplemented function 'sys_mempool_create' in 'sysPrxForUser' module
LDR: ! Imported function 'sys_lwcond_create' in 'sysPrxForUser' module
LDR: ! Imported function 'sys_spu_image_close' in 'sysPrxForUser' module
LDR: ! Imported function 'sys_process_exit' in 'sysPrxForUser' module
LDR: ! Imported function 'sys_lwcond_signal_all' in 'sysPrxForUser' module
LDR: W Unimplemented function 'sys_prx_load_module_by_fd' in 'sysPrxForUser' module
LDR: ! Imported function 'sys_lwcond_signal' in 'sysPrxForUser' module
HLE: W {PPU[1] Thread (CPUThread)[0x013fb064]} sys_lwmutex warning: sys_lwmutex_create(lwmutex_addr=0x1378778, attr_addr=0xfca878)
HLE: ! {PPU[1] Thread (CPUThread)[0x013fb064]} sys_lwmutex: *** lwmutex created [_lc_mtx] (attribute=0x12): sq_id = 3
HLE: W {PPU[1] Thread (CPUThread)[0x00aacc24]} sys_memory warning: sys_memory_get_user_memory_size(mem_info_addr=0xd000fc04)
HLE: W {PPU[1] Thread (CPUThread)[0x013fb064]} sys_lwmutex warning: sys_lwmutex_create(lwmutex_addr=0x1378578, attr_addr=0xfca878)
HLE: ! {PPU[1] Thread (CPUThread)[0x013fb064]} sys_lwmutex: *** lwmutex created [_lc_mtx] (attribute=0x12): sq_id = 4
HLE: W {PPU[1] Thread (CPUThread)[0x013fb064]} sys_lwmutex warning: sys_lwmutex_create(lwmutex_addr=0x1377d00, attr_addr=0xfca878)
HLE: ! {PPU[1] Thread (CPUThread)[0x013fb064]} sys_lwmutex: *** lwmutex created [_lc_mtx] (attribute=0x12): sq_id = 5
HLE: W {PPU[1] Thread (CPUThread)[0x013fb064]} sys_lwmutex warning: sys_lwmutex_create(lwmutex_addr=0x1377d28, attr_addr=0xfca878)
HLE: ! {PPU[1] Thread (CPUThread)[0x013fb064]} sys_lwmutex: *** lwmutex created [_lc_mtx] (attribute=0x12): sq_id = 6
HLE: W {PPU[1] Thread (CPUThread)[0x013fb064]} sys_lwmutex warning: sys_lwmutex_create(lwmutex_addr=0x1377d50, attr_addr=0xfca878)
HLE: ! {PPU[1] Thread (CPUThread)[0x013fb064]} sys_lwmutex: *** lwmutex created [_lc_mtx] (attribute=0x12): sq_id = 7
HLE: W {PPU[1] Thread (CPUThread)[0x013fb064]} sys_lwmutex warning: sys_lwmutex_create(lwmutex_addr=0x1377c38, attr_addr=0xfca878)
HLE: ! {PPU[1] Thread (CPUThread)[0x013fb064]} sys_lwmutex: *** lwmutex created [_lc_mtx] (attribute=0x12): sq_id = 8
HLE: W {PPU[1] Thread (CPUThread)[0x013fb064]} sys_lwmutex warning: sys_lwmutex_create(lwmutex_addr=0x1377c60, attr_addr=0xfca878)
HLE: ! {PPU[1] Thread (CPUThread)[0x013fb064]} sys_lwmutex: *** lwmutex created [_lc_mtx] (attribute=0x12): sq_id = 9
HLE: W {PPU[1] Thread (CPUThread)[0x013fb064]} sys_lwmutex warning: sys_lwmutex_create(lwmutex_addr=0x1377c88, attr_addr=0xfca878)
HLE: ! {PPU[1] Thread (CPUThread)[0x013fb064]} sys_lwmutex: *** lwmutex created [_lc_mtx] (attribute=0x12): sq_id = 10
HLE: W {PPU[1] Thread (CPUThread)[0x013fb064]} sys_lwmutex warning: sys_lwmutex_create(lwmutex_addr=0x1377cb0, attr_addr=0xfca878)
HLE: ! {PPU[1] Thread (CPUThread)[0x013fb064]} sys_lwmutex: *** lwmutex created [_lc_mtx] (attribute=0x12): sq_id = 11
HLE: W {PPU[1] Thread (CPUThread)[0x013fb064]} sys_lwmutex warning: sys_lwmutex_create(lwmutex_addr=0x1377cd8, attr_addr=0xfca878)
HLE: ! {PPU[1] Thread (CPUThread)[0x013fb064]} sys_lwmutex: *** lwmutex created [_lc_mtx] (attribute=0x12): sq_id = 12
HLE: W {PPU[1] Thread (CPUThread)[0x005bc72c]} sys_memory warning: sys_memory_get_user_memory_size(mem_info_addr=0x132b638)
HLE: W {PPU[1] Thread (CPUThread)[0x013fb064]} sys_lwmutex warning: sys_lwmutex_create(lwmutex_addr=0x1378d38, attr_addr=0x12f5e9c)
HLE: ! {PPU[1] Thread (CPUThread)[0x013fb064]} sys_lwmutex: *** lwmutex created [_lgcmtx] (attribute=0x12): sq_id = 13
HLE: W {PPU[1] Thread (CPUThread)[0x013fb064]} sys_lwmutex warning: sys_lwmutex_create(lwmutex_addr=0x1378cf8, attr_addr=0x12f5eac)
HLE: ! {PPU[1] Thread (CPUThread)[0x013fb064]} sys_lwmutex: *** lwmutex created [_lgcmtx] (attribute=0x22): sq_id = 14
HLE: W {PPU[1] Thread (CPUThread)[0x013fb064]} sys_lwmutex warning: sys_lwmutex_create(lwmutex_addr=0x30100020, attr_addr=0xfca878)
HLE: ! {PPU[1] Thread (CPUThread)[0x013fb064]} sys_lwmutex: *** lwmutex created [_lc_mtx] (attribute=0x12): sq_id = 15
HLE: W {PPU[1] Thread (CPUThread)[0x013fb064]} sys_lwmutex warning: sys_lwmutex_create(lwmutex_addr=0x301000a0, attr_addr=0xfca878)
HLE: ! {PPU[1] Thread (CPUThread)[0x013fb064]} sys_lwmutex: *** lwmutex created [_lc_mtx] (attribute=0x12): sq_id = 16
HLE: W {PPU[1] Thread (CPUThread)[0x013fb064]} sys_lwmutex warning: sys_lwmutex_create(lwmutex_addr=0x30100130, attr_addr=0xfca878)
HLE: ! {PPU[1] Thread (CPUThread)[0x013fb064]} sys_lwmutex: *** lwmutex created [_lc_mtx] (attribute=0x12): sq_id = 17
HLE: W {PPU[1] Thread (CPUThread)[0x013fb064]} sys_lwmutex warning: sys_lwmutex_create(lwmutex_addr=0x30100190, attr_addr=0xfca878)
HLE: ! {PPU[1] Thread (CPUThread)[0x013fb064]} sys_lwmutex: *** lwmutex created [_lc_mtx] (attribute=0x12): sq_id = 18
HLE: W {PPU[1] Thread (CPUThread)[0x013fb064]} sys_lwmutex warning: sys_lwmutex_create(lwmutex_addr=0x301001d0, attr_addr=0xfca878)
HLE: ! {PPU[1] Thread (CPUThread)[0x013fb064]} sys_lwmutex: *** lwmutex created [_lc_mtx] (attribute=0x12): sq_id = 19
HLE: W {PPU[1] Thread (CPUThread)[0x013fb064]} sys_lwmutex warning: sys_lwmutex_create(lwmutex_addr=0x30100210, attr_addr=0xfca878)
HLE: ! {PPU[1] Thread (CPUThread)[0x013fb064]} sys_lwmutex: *** lwmutex created [_lc_mtx] (attribute=0x12): sq_id = 20
HLE: W {PPU[1] Thread (CPUThread)[0x013fb064]} sys_lwmutex warning: sys_lwmutex_create(lwmutex_addr=0x301002d0, attr_addr=0xfca878)
HLE: ! {PPU[1] Thread (CPUThread)[0x013fb064]} sys_lwmutex: *** lwmutex created [_lc_mtx] (attribute=0x12): sq_id = 21
HLE: W {PPU[1] Thread (CPUThread)[0x013fb064]} sys_lwmutex warning: sys_lwmutex_create(lwmutex_addr=0x30100300, attr_addr=0xfca878)
HLE: ! {PPU[1] Thread (CPUThread)[0x013fb064]} sys_lwmutex: *** lwmutex created [_lc_mtx] (attribute=0x12): sq_id = 22
HLE: W {PPU[1] Thread (CPUThread)[0x013fb064]} sys_lwmutex warning: sys_lwmutex_create(lwmutex_addr=0x30100330, attr_addr=0xfca878)
HLE: ! {PPU[1] Thread (CPUThread)[0x013fb064]} sys_lwmutex: *** lwmutex created [_lc_mtx] (attribute=0x12): sq_id = 23
HLE: W {PPU[1] Thread (CPUThread)[0x013fb064]} sys_lwmutex warning: sys_lwmutex_create(lwmutex_addr=0x30100360, attr_addr=0xfca878)
HLE: ! {PPU[1] Thread (CPUThread)[0x013fb064]} sys_lwmutex: *** lwmutex created [_lc_mtx] (attribute=0x12): sq_id = 24
HLE: W {PPU[1] Thread (CPUThread)[0x013fb064]} sys_lwmutex warning: sys_lwmutex_create(lwmutex_addr=0x30100390, attr_addr=0xfca878)
HLE: ! {PPU[1] Thread (CPUThread)[0x013fb064]} sys_lwmutex: *** lwmutex created [_lc_mtx] (attribute=0x12): sq_id = 25
HLE: W {PPU[1] Thread (CPUThread)[0x013fb064]} sys_lwmutex warning: sys_lwmutex_create(lwmutex_addr=0x301003c0, attr_addr=0xfca878)
HLE: ! {PPU[1] Thread (CPUThread)[0x013fb064]} sys_lwmutex: *** lwmutex created [_lc_mtx] (attribute=0x12): sq_id = 26
HLE: W {PPU[1] Thread (CPUThread)[0x00a9b3a4]} sys_time warning: sys_time_get_timezone(timezone_addr=0xd000fb20, summertime_addr=0xd000fb24)
HLE: W {PPU[1] Thread (CPUThread)[0x00a9b3a4]} cellSysutil warning: cellSysutilGetSystemParamInt: CELL_SYSUTIL_SYSTEMPARAM_ID_TIMEZONE
HLE: W {PPU[1] Thread (CPUThread)[0x00a9b3a4]} cellSysutil warning: cellSysutilGetSystemParamInt: CELL_SYSUTIL_SYSTEMPARAM_ID_SUMMERTIME
HLE: W {PPU[1] Thread (CPUThread)[0x00aa3670]} sys_time warning: sys_time_get_timezone(timezone_addr=0xd000fa70, summertime_addr=0xd000fa74)
HLE: W {PPU[1] Thread (CPUThread)[0x00aa3670]} cellSysutil warning: cellSysutilGetSystemParamInt: CELL_SYSUTIL_SYSTEMPARAM_ID_TIMEZONE
HLE: W {PPU[1] Thread (CPUThread)[0x00aa3670]} cellSysutil warning: cellSysutilGetSystemParamInt: CELL_SYSUTIL_SYSTEMPARAM_ID_SUMMERTIME
HLE: W {PPU[1] Thread (CPUThread)[0x00a9ce14]} sys_time warning: sys_time_get_timezone(timezone_addr=0xd000fb20, summertime_addr=0xd000fb24)
HLE: W {PPU[1] Thread (CPUThread)[0x00a9ce14]} cellSysutil warning: cellSysutilGetSystemParamInt: CELL_SYSUTIL_SYSTEMPARAM_ID_TIMEZONE
HLE: W {PPU[1] Thread (CPUThread)[0x00a9ce14]} cellSysutil warning: cellSysutilGetSystemParamInt: CELL_SYSUTIL_SYSTEMPARAM_ID_SUMMERTIME
HLE: W {PPU[1] Thread (CPUThread)[0x00aa3670]} sys_time warning: sys_time_get_timezone(timezone_addr=0xd000fa70, summertime_addr=0xd000fa74)
HLE: W {PPU[1] Thread (CPUThread)[0x00aa3670]} cellSysutil warning: cellSysutilGetSystemParamInt: CELL_SYSUTIL_SYSTEMPARAM_ID_TIMEZONE
HLE: W {PPU[1] Thread (CPUThread)[0x00aa3670]} cellSysutil warning: cellSysutilGetSystemParamInt: CELL_SYSUTIL_SYSTEMPARAM_ID_SUMMERTIME
HLE: W {PPU[1] Thread (CPUThread)[0x00a9b328]} sys_time warning: sys_time_get_timezone(timezone_addr=0xd000fb20, summertime_addr=0xd000fb24)
HLE: W {PPU[1] Thread (CPUThread)[0x00a9b328]} cellSysutil warning: cellSysutilGetSystemParamInt: CELL_SYSUTIL_SYSTEMPARAM_ID_TIMEZONE
HLE: W {PPU[1] Thread (CPUThread)[0x00a9b328]} cellSysutil warning: cellSysutilGetSystemParamInt: CELL_SYSUTIL_SYSTEMPARAM_ID_SUMMERTIME
HLE: W {PPU[1] Thread (CPUThread)[0x00a9ce14]} sys_time warning: sys_time_get_timezone(timezone_addr=0xd000fb20, summertime_addr=0xd000fb24)
HLE: W {PPU[1] Thread (CPUThread)[0x00a9ce14]} cellSysutil warning: cellSysutilGetSystemParamInt: CELL_SYSUTIL_SYSTEMPARAM_ID_TIMEZONE
HLE: W {PPU[1] Thread (CPUThread)[0x00a9ce14]} cellSysutil warning: cellSysutilGetSystemParamInt: CELL_SYSUTIL_SYSTEMPARAM_ID_SUMMERTIME
HLE: W {PPU[1] Thread (CPUThread)[0x013fb064]} sys_lwmutex warning: sys_lwmutex_create(lwmutex_addr=0x136bff0, attr_addr=0xd000fb50)
HLE: ! {PPU[1] Thread (CPUThread)[0x013fb064]} sys_lwmutex: *** lwmutex created [ps3HDDL] (attribute=0x12): sq_id = 27
HLE: W {PPU[1] Thread (CPUThread)[0x013fb064]} sys_lwmutex warning: sys_lwmutex_create(lwmutex_addr=0x1351b10, attr_addr=0xd000fbe0)
HLE: ! {PPU[1] Thread (CPUThread)[0x013fb064]} sys_lwmutex: *** lwmutex created [] (attribute=0x22): sq_id = 28
HLE: W {PPU[1] Thread (CPUThread)[0x013fb064]} sys_lwmutex warning: sys_lwmutex_create(lwmutex_addr=0x134c448, attr_addr=0xd000fbf0)
HLE: ! {PPU[1] Thread (CPUThread)[0x013fb064]} sys_lwmutex: *** lwmutex created [acm0] (attribute=0x12): sq_id = 29
HLE: W {PPU[1] Thread (CPUThread)[0x013fb064]} sys_lwmutex warning: sys_lwmutex_create(lwmutex_addr=0x134bf88, attr_addr=0xd000fbe0)
HLE: ! {PPU[1] Thread (CPUThread)[0x013fb064]} sys_lwmutex: *** lwmutex created [acm1] (attribute=0x12): sq_id = 30
HLE: W {PPU[1] Thread (CPUThread)[0x013fb064]} sys_lwmutex warning: sys_lwmutex_create(lwmutex_addr=0x12fe130, attr_addr=0xd000fbd0)
HLE: ! {PPU[1] Thread (CPUThread)[0x013fb064]} sys_lwmutex: *** lwmutex created [] (attribute=0x22): sq_id = 31
HLE: W {PPU[1] Thread (CPUThread)[0x0127501c]} cellSysmodule warning: cellSysmoduleIsLoaded(CELL_SYSMODULE_SYSUTIL_GAME)
HLE: W {PPU[1] Thread (CPUThread)[0x01275010]} cellSysmodule warning: cellSysmoduleLoadModule(CELL_SYSMODULE_SYSUTIL_GAME)
HLE: W {PPU[1] Thread (CPUThread)[0x013fb064]} sys_lwmutex warning: sys_lwmutex_create(lwmutex_addr=0x30160480, attr_addr=0xfca878)
HLE: ! {PPU[1] Thread (CPUThread)[0x013fb064]} sys_lwmutex: *** lwmutex created [_lc_mtx] (attribute=0x12): sq_id = 32
HLE: W {PPU[1] Thread (CPUThread)[0x013fb184]} sys_lwmutex warning: sys_lwmutex_destroy(lwmutex_addr=0x30160480)
HLE: W {PPU[1] Thread (CPUThread)[0x013e104c]} cellGame warning: cellGameBootCheck(type_addr=0xd000dfa8, attributes_addr=0xd000dfac, size_addr=0xd000dfb4, dirName_addr=0x0)
HLE: W {PPU[1] Thread (CPUThread)[0x013e1004]} cellGame warning: cellGameGetParamString(id=100, buf_addr=0xd000dfc0, bufsize=12)
HLE: W {PPU[1] Thread (CPUThread)[0x013e1004]} cellGame warning: cellGameGetParamString(id=0, buf_addr=0xd000e14c, bufsize=128)
HLE: W {PPU[1] Thread (CPUThread)[0x013e1034]} cellGame warning: cellGameGetParamInt(id=102, value_addr=0xd000dfb0)
HLE: W {PPU[1] Thread (CPUThread)[0x013e1004]} cellGame warning: cellGameGetParamString(id=106, buf_addr=0xd000e1cc, bufsize=8)
HLE: W {PPU[1] Thread (CPUThread)[0x013e101c]} cellGame warning: cellGameContentPermit(contentInfoPath_addr=0xd000de68, usrdirPath_addr=0xd000dfcc)
HLE: W {PPU[1] Thread (CPUThread)[0x013e1040]} cellGame warning: cellGameDataCheck(type=0x3, dirName_addr=0xd000e1d4, size_addr=0xd000dfb4)
HLE: W {PPU[1] Thread (CPUThread)[0x013e1040]} cellGame warning: cellGameDataCheck(): '/dev_hdd0/game/NPEA00315DATA' directory not found
HLE: W {PPU[1] Thread (CPUThread)[0x013e101c]} cellGame warning: cellGameContentPermit(contentInfoPath_addr=0xd000e04c, usrdirPath_addr=0xd000e0cc)
HLE: W {PPU[1] Thread (CPUThread)[0x013e101c]} cellGame warning: cellGameContentPermit(): CELL_GAME_ERROR_FAILURE (no permission given)
HLE: W {PPU[1] Thread (CPUThread)[0x005bc144]} sys_memory warning: sys_memory_get_user_memory_size(mem_info_addr=0xd000b754)
HLE: W {PPU[1] Thread (CPUThread)[0x0127501c]} cellSysmodule warning: cellSysmoduleIsLoaded(CELL_SYSMODULE_IO)
HLE: W {PPU[1] Thread (CPUThread)[0x01275010]} cellSysmodule warning: cellSysmoduleLoadModule(CELL_SYSMODULE_IO)
HLE: W {PPU[1] Thread (CPUThread)[0x0127501c]} cellSysmodule warning: cellSysmoduleIsLoaded(CELL_SYSMODULE_GCM_SYS)
HLE: W {PPU[1] Thread (CPUThread)[0x01275010]} cellSysmodule warning: cellSysmoduleLoadModule(CELL_SYSMODULE_GCM_SYS)
HLE: W {PPU[1] Thread (CPUThread)[0x0127501c]} cellSysmodule warning: cellSysmoduleIsLoaded(CELL_SYSMODULE_FS)
HLE: W {PPU[1] Thread (CPUThread)[0x01275010]} cellSysmodule warning: cellSysmoduleLoadModule(CELL_SYSMODULE_FS)
HLE: W {PPU[1] Thread (CPUThread)[0x0127501c]} cellSysmodule warning: cellSysmoduleIsLoaded(CELL_SYSMODULE_RTC)
HLE: W {PPU[1] Thread (CPUThread)[0x01275010]} cellSysmodule warning: cellSysmoduleLoadModule(CELL_SYSMODULE_RTC)
HLE: W {PPU[1] Thread (CPUThread)[0x0127501c]} cellSysmodule warning: cellSysmoduleIsLoaded(CELL_SYSMODULE_SYSUTIL_NP2)
HLE: W {PPU[1] Thread (CPUThread)[0x01275010]} cellSysmodule warning: cellSysmoduleLoadModule(CELL_SYSMODULE_SYSUTIL_NP2)
HLE: W {PPU[1] Thread (CPUThread)[0x0127501c]} cellSysmodule warning: cellSysmoduleIsLoaded(CELL_SYSMODULE_VDEC)
HLE: W {PPU[1] Thread (CPUThread)[0x01275010]} cellSysmodule warning: cellSysmoduleLoadModule(CELL_SYSMODULE_VDEC)
HLE: W {PPU[1] Thread (CPUThread)[0x0127501c]} cellSysmodule warning: cellSysmoduleIsLoaded(CELL_SYSMODULE_NETCTL)
HLE: W {PPU[1] Thread (CPUThread)[0x01275010]} cellSysmodule warning: cellSysmoduleLoadModule(CELL_SYSMODULE_NETCTL)
HLE: W {PPU[1] Thread (CPUThread)[0x0127501c]} cellSysmodule warning: cellSysmoduleIsLoaded(CELL_SYSMODULE_NET)
HLE: W {PPU[1] Thread (CPUThread)[0x01275010]} cellSysmodule warning: cellSysmoduleLoadModule(CELL_SYSMODULE_NET)
HLE: W {PPU[1] Thread (CPUThread)[0x0127501c]} cellSysmodule warning: cellSysmoduleIsLoaded((null))
HLE: W {PPU[1] Thread (CPUThread)[0x01275010]} cellSysmodule warning: cellSysmoduleLoadModule((null))
HLE: W {PPU[1] Thread (CPUThread)[0x0127501c]} cellSysmodule warning: cellSysmoduleIsLoaded(CELL_SYSMODULE_SSL)
HLE: W {PPU[1] Thread (CPUThread)[0x01275010]} cellSysmodule warning: cellSysmoduleLoadModule(CELL_SYSMODULE_SSL)
HLE: W {PPU[1] Thread (CPUThread)[0x0127501c]} cellSysmodule warning: cellSysmoduleIsLoaded(CELL_SYSMODULE_HTTP)
HLE: W {PPU[1] Thread (CPUThread)[0x01275010]} cellSysmodule warning: cellSysmoduleLoadModule(CELL_SYSMODULE_HTTP)
HLE: W {PPU[1] Thread (CPUThread)[0x0127501c]} cellSysmodule warning: cellSysmoduleIsLoaded(CELL_SYSMODULE_HTTP_UTIL)
HLE: W {PPU[1] Thread (CPUThread)[0x01275010]} cellSysmodule warning: cellSysmoduleLoadModule(CELL_SYSMODULE_HTTP_UTIL)
HLE: W {PPU[1] Thread (CPUThread)[0x0127501c]} cellSysmodule warning: cellSysmoduleIsLoaded(CELL_SYSMODULE_HTTPS)
HLE: W {PPU[1] Thread (CPUThread)[0x01275010]} cellSysmodule warning: cellSysmoduleLoadModule(CELL_SYSMODULE_HTTPS)
HLE: W {PPU[1] Thread (CPUThread)[0x0127501c]} cellSysmodule warning: cellSysmoduleIsLoaded(CELL_SYSMODULE_L10N)
HLE: W {PPU[1] Thread (CPUThread)[0x01275010]} cellSysmodule warning: cellSysmoduleLoadModule(CELL_SYSMODULE_L10N)
HLE: W {PPU[1] Thread (CPUThread)[0x0127501c]} cellSysmodule warning: cellSysmoduleIsLoaded(CELL_SYSMODULE_AUDIO)
HLE: W {PPU[1] Thread (CPUThread)[0x01275010]} cellSysmodule warning: cellSysmoduleLoadModule(CELL_SYSMODULE_AUDIO)
HLE: W {PPU[1] Thread (CPUThread)[0x0127501c]} cellSysmodule warning: cellSysmoduleIsLoaded(CELL_SYSMODULE_SYSUTIL_SEARCH)
HLE: W {PPU[1] Thread (CPUThread)[0x01275010]} cellSysmodule warning: cellSysmoduleLoadModule(CELL_SYSMODULE_SYSUTIL_SEARCH)
HLE: W {PPU[1] Thread (CPUThread)[0x0127501c]} cellSysmodule warning: cellSysmoduleIsLoaded(CELL_SYSMODULE_SYSUTIL_GAME)
HLE: W {PPU[1] Thread (CPUThread)[0x0127501c]} cellSysmodule warning: cellSysmoduleIsLoaded(CELL_SYSMODULE_VOICE)
HLE: W {PPU[1] Thread (CPUThread)[0x01275010]} cellSysmodule warning: cellSysmoduleLoadModule(CELL_SYSMODULE_VOICE)
HLE: W {PPU[1] Thread (CPUThread)[0x0127501c]} cellSysmodule warning: cellSysmoduleIsLoaded(CELL_SYSMODULE_SYSUTIL_NP_TROPHY)
HLE: W {PPU[1] Thread (CPUThread)[0x01275010]} cellSysmodule warning: cellSysmoduleLoadModule(CELL_SYSMODULE_SYSUTIL_NP_TROPHY)
HLE: W {PPU[1] Thread (CPUThread)[0x0127501c]} cellSysmodule warning: cellSysmoduleIsLoaded(CELL_SYSMODULE_SYSUTIL_GAME_EXEC)
HLE: W {PPU[1] Thread (CPUThread)[0x01275010]} cellSysmodule warning: cellSysmoduleLoadModule(CELL_SYSMODULE_SYSUTIL_GAME_EXEC)
HLE: W {PPU[1] Thread (CPUThread)[0x0127501c]} cellSysmodule warning: cellSysmoduleIsLoaded(CELL_SYSMODULE_SYSUTIL_USERINFO)
HLE: W {PPU[1] Thread (CPUThread)[0x01275010]} cellSysmodule warning: cellSysmoduleLoadModule(CELL_SYSMODULE_SYSUTIL_USERINFO)
HLE: W {PPU[1] Thread (CPUThread)[0x0127501c]} cellSysmodule warning: cellSysmoduleIsLoaded(CELL_SYSMODULE_FONT)
HLE: W {PPU[1] Thread (CPUThread)[0x01275010]} cellSysmodule warning: cellSysmoduleLoadModule(CELL_SYSMODULE_FONT)
HLE: W {PPU[1] Thread (CPUThread)[0x0127501c]} cellSysmodule warning: cellSysmoduleIsLoaded(CELL_SYSMODULE_FREETYPE)
HLE: W {PPU[1] Thread (CPUThread)[0x01275010]} cellSysmodule warning: cellSysmoduleLoadModule(CELL_SYSMODULE_FREETYPE)
HLE: W {PPU[1] Thread (CPUThread)[0x0127501c]} cellSysmodule warning: cellSysmoduleIsLoaded(CELL_SYSMODULE_FONTFT)
HLE: W {PPU[1] Thread (CPUThread)[0x01275010]} cellSysmodule warning: cellSysmoduleLoadModule(CELL_SYSMODULE_FONTFT)
HLE: W {PPU[1] Thread (CPUThread)[0x0127501c]} cellSysmodule warning: cellSysmoduleIsLoaded(CELL_SYSMODULE_VDEC_DIVX)
HLE: W {PPU[1] Thread (CPUThread)[0x01275010]} cellSysmodule warning: cellSysmoduleLoadModule(CELL_SYSMODULE_VDEC_DIVX)
HLE: W {PPU[1] Thread (CPUThread)[0x0127501c]} cellSysmodule warning: cellSysmoduleIsLoaded(CELL_SYSMODULE_ADEC_MP3)
HLE: W {PPU[1] Thread (CPUThread)[0x01275010]} cellSysmodule warning: cellSysmoduleLoadModule(CELL_SYSMODULE_ADEC_MP3)
HLE: W {PPU[1] Thread (CPUThread)[0x0127501c]} cellSysmodule warning: cellSysmoduleIsLoaded(CELL_SYSMODULE_ADEC_AC3)
HLE: W {PPU[1] Thread (CPUThread)[0x01275010]} cellSysmodule warning: cellSysmoduleLoadModule(CELL_SYSMODULE_ADEC_AC3)
HLE: W {PPU[1] Thread (CPUThread)[0x0127501c]} cellSysmodule warning: cellSysmoduleIsLoaded(CELL_SYSMODULE_ADEC)
HLE: W {PPU[1] Thread (CPUThread)[0x01275010]} cellSysmodule warning: cellSysmoduleLoadModule(CELL_SYSMODULE_ADEC)
HLE: W {PPU[1] Thread (CPUThread)[0x0127501c]} cellSysmodule warning: cellSysmoduleIsLoaded(CELL_SYSMODULE_AVCONF_EXT)
HLE: W {PPU[1] Thread (CPUThread)[0x01275010]} cellSysmodule warning: cellSysmoduleLoadModule(CELL_SYSMODULE_AVCONF_EXT)
HLE: W {PPU[1] Thread (CPUThread)[0x0127501c]} cellSysmodule warning: cellSysmoduleIsLoaded(CELL_SYSMODULE_JPGENC)
HLE: W {PPU[1] Thread (CPUThread)[0x01275010]} cellSysmodule warning: cellSysmoduleLoadModule(CELL_SYSMODULE_JPGENC)
HLE: W {PPU[1] Thread (CPUThread)[0x0127501c]} cellSysmodule warning: cellSysmoduleIsLoaded(CELL_SYSMODULE_JPGDEC)
HLE: W {PPU[1] Thread (CPUThread)[0x01275010]} cellSysmodule warning: cellSysmoduleLoadModule(CELL_SYSMODULE_JPGDEC)
HLE: W {PPU[1] Thread (CPUThread)[0x0127501c]} cellSysmodule warning: cellSysmoduleIsLoaded(CELL_SYSMODULE_GEM)
HLE: W {PPU[1] Thread (CPUThread)[0x01275010]} cellSysmodule warning: cellSysmoduleLoadModule(CELL_SYSMODULE_GEM)
HLE: W {PPU[1] Thread (CPUThread)[0x0127501c]} cellSysmodule warning: cellSysmoduleIsLoaded(CELL_SYSMODULE_CAMERA)
HLE: W {PPU[1] Thread (CPUThread)[0x01275010]} cellSysmodule warning: cellSysmoduleLoadModule(CELL_SYSMODULE_CAMERA)
HLE: W {PPU[1] Thread (CPUThread)[0x0127501c]} cellSysmodule warning: cellSysmoduleIsLoaded(CELL_SYSMODULE_USBD)
HLE: W {PPU[1] Thread (CPUThread)[0x01275010]} cellSysmodule warning: cellSysmoduleLoadModule(CELL_SYSMODULE_USBD)
HLE: W {PPU[1] Thread (CPUThread)[0x0127501c]} cellSysmodule warning: cellSysmoduleIsLoaded(CELL_SYSMODULE_SYSUTIL_NP)
HLE: W {PPU[1] Thread (CPUThread)[0x01275010]} cellSysmodule warning: cellSysmoduleLoadModule(CELL_SYSMODULE_SYSUTIL_NP)
HLE: W {PPU[1] Thread (CPUThread)[0x0127501c]} cellSysmodule warning: cellSysmoduleIsLoaded((null))
HLE: W {PPU[1] Thread (CPUThread)[0x01275010]} cellSysmodule warning: cellSysmoduleLoadModule((null))
HLE: W {PPU[1] Thread (CPUThread)[0x005bc158]} sys_spu warning: sys_spu_initialize(max_usable_spu=6, max_raw_spu=0)
HLE: W {PPU[1] Thread (CPUThread)[0x005bc168]} sys_memory warning: sys_memory_get_user_memory_size(mem_info_addr=0xd000b75c)
HLE: E {PPU[1] Thread (CPUThread)[0x013fb13c]} sys_prx TODO: sys_prx_get_module_list()
HLE: W {PPU[1] Thread (CPUThread)[0x0063accc]} sys_mutex warning: *** mutex created [] (protocol=0x2, recursive=false): id = 33
HLE: W {PPU[1] Thread (CPUThread)[0x013c5058]} cellSysutil warning: cellSysutilGetSystemParamInt: CELL_SYSUTIL_SYSTEMPARAM_ID_ENTER_BUTTON_ASSIGN
HLE: W {PPU[1] Thread (CPUThread)[0x013c5058]} cellSysutil warning: cellSysutilGetSystemParamInt: CELL_SYSUTIL_SYSTEMPARAM_ID_LANG
HLE: W {PPU[1] Thread (CPUThread)[0x013c50a0]} cellSysutil warning: cellVideoOutGetNumberOfDevice(videoOut=0)
HLE: W {PPU[1] Thread (CPUThread)[0x013c5034]} cellSysutil warning: cellVideoOutGetDeviceInfo(videoOut=0, deviceIndex=0, info_addr=0x132b710)
HLE: E {PPU[1] Thread (CPUThread)[0x013e3004]} TODO: cellVideoOutGetScreenSize
HLE: W {PPU[1] Thread (CPUThread)[0x013c50e8]} cellSysutil warning: cellVideoOutGetResolutionAvailability(videoOut=0, resolutionId=0x81, option_addr=0x2, aspect=0x0, option=0x22fd4b0)
HLE: W {PPU[1] Thread (CPUThread)[0x013c50e8]} cellSysutil warning: cellVideoOutGetResolutionAvailability(videoOut=0, resolutionId=0x88, option_addr=0x2, aspect=0x0, option=0x22fca10)
HLE: W {PPU[1] Thread (CPUThread)[0x013c50e8]} cellSysutil warning: cellVideoOutGetResolutionAvailability(videoOut=0, resolutionId=0x89, option_addr=0x2, aspect=0x0, option=0x22fc2a0)
HLE: W {PPU[1] Thread (CPUThread)[0x013c50e8]} cellSysutil warning: cellVideoOutGetResolutionAvailability(videoOut=0, resolutionId=0x8a, option_addr=0x2, aspect=0x0, option=0x22fbd50)
HLE: W {PPU[1] Thread (CPUThread)[0x013c50e8]} cellSysutil warning: cellVideoOutGetResolutionAvailability(videoOut=0, resolutionId=0x8b, option_addr=0x2, aspect=0x0, option=0x22fc6e0)
HLE: W {PPU[1] Thread (CPUThread)[0x013c50e8]} cellSysutil warning: cellVideoOutGetResolutionAvailability(videoOut=0, resolutionId=0x91, option_addr=0x2, aspect=0x0, option=0x22fd3a0)
HLE: W {PPU[1] Thread (CPUThread)[0x013c50e8]} cellSysutil warning: cellVideoOutGetResolutionAvailability(videoOut=0, resolutionId=0x98, option_addr=0x2, aspect=0x0, option=0x22fc2a0)
HLE: W {PPU[1] Thread (CPUThread)[0x013c50e8]} cellSysutil warning: cellVideoOutGetResolutionAvailability(videoOut=0, resolutionId=0x99, option_addr=0x2, aspect=0x0, option=0x22fd6d0)
HLE: W {PPU[1] Thread (CPUThread)[0x013c50e8]} cellSysutil warning: cellVideoOutGetResolutionAvailability(videoOut=0, resolutionId=0x9a, option_addr=0x2, aspect=0x0, option=0x22fd4b0)
HLE: W {PPU[1] Thread (CPUThread)[0x013c50e8]} cellSysutil warning: cellVideoOutGetResolutionAvailability(videoOut=0, resolutionId=0x9b, option_addr=0x2, aspect=0x0, option=0x22fc2a0)
HLE: W {PPU[1] Thread (CPUThread)[0x013c50e8]} cellSysutil warning: cellVideoOutGetResolutionAvailability(videoOut=0, resolutionId=0x1, option_addr=0x2, aspect=0x0, option=0x22fdb10)
HLE: W {PPU[1] Thread (CPUThread)[0x013c50e8]} cellSysutil warning: cellVideoOutGetResolutionAvailability(videoOut=0, resolutionId=0xa, option_addr=0x2, aspect=0x0, option=0x22fc2a0)
HLE: W {PPU[1] Thread (CPUThread)[0x013c50e8]} cellSysutil warning: cellVideoOutGetResolutionAvailability(videoOut=0, resolutionId=0xb, option_addr=0x2, aspect=0x0, option=0x22fc6e0)
HLE: W {PPU[1] Thread (CPUThread)[0x013c50e8]} cellSysutil warning: cellVideoOutGetResolutionAvailability(videoOut=0, resolutionId=0xc, option_addr=0x2, aspect=0x0, option=0x22fc6e0)
HLE: W {PPU[1] Thread (CPUThread)[0x013c50e8]} cellSysutil warning: cellVideoOutGetResolutionAvailability(videoOut=0, resolutionId=0xd, option_addr=0x2, aspect=0x0, option=0x22fc2a0)
HLE: W {PPU[1] Thread (CPUThread)[0x013c50e8]} cellSysutil warning: cellVideoOutGetResolutionAvailability(videoOut=0, resolutionId=0x2, option_addr=0x2, aspect=0x0, option=0x22fd6d0)
HLE: W {PPU[1] Thread (CPUThread)[0x013c510c]} cellSysutil warning: cellAudioOutGetSoundAvailability(audioOut=0, type=0, fs=0x4, option=0)
HLE: W {PPU[1] Thread (CPUThread)[0x013c510c]} cellSysutil warning: cellAudioOutGetSoundAvailability(audioOut=0, type=1, fs=0x4, option=0)
HLE: W {PPU[1] Thread (CPUThread)[0x013c510c]} cellSysutil warning: cellAudioOutGetSoundAvailability(audioOut=0, type=6, fs=0x4, option=0)
HLE: W {PPU[1] Thread (CPUThread)[0x013c5148]} cellSysutil warning: cellAudioOutGetNumberOfDevice(audioOut=0)
HLE: W {PPU[1] Thread (CPUThread)[0x013c516c]} cellSysutil warning: cellAudioOutGetState(audioOut=0x0, deviceIndex=0x0, state_addr=0xd000b414)
HLE: E {PPU[1] Thread (CPUThread)[0x013c50b8]} cellSysutil TODO: cellAudioOutGetDeviceInfo(audioOut=0, deviceIndex=0, info_addr=0xd000b428)
HLE: W {PPU[1] Thread (CPUThread)[0x013c5070]} cellSysutil warning: cellAudioOutConfigure(audioOut=0, config_addr=0xd000b400, option_addr=0xd000b410, waitForEvent=0)
HLE: W {PPU[1] Thread (CPUThread)[0x013c516c]} cellSysutil warning: cellAudioOutGetState(audioOut=0x0, deviceIndex=0x0, state_addr=0x132b8e4)
HLE: W {PPU[1] Thread (CPUThread)[0x013c5058]} cellSysutil warning: cellSysutilGetSystemParamInt: CELL_SYSUTIL_SYSTEMPARAM_ID_ENTER_BUTTON_ASSIGN
HLE: W {PPU[1] Thread (CPUThread)[0x013c5058]} cellSysutil warning: cellSysutilGetSystemParamInt: CELL_SYSUTIL_SYSTEMPARAM_ID_LANG
HLE: W {PPU[1] Thread (CPUThread)[0x013c50a0]} cellSysutil warning: cellVideoOutGetNumberOfDevice(videoOut=0)
HLE: W {PPU[1] Thread (CPUThread)[0x013c5034]} cellSysutil warning: cellVideoOutGetDeviceInfo(videoOut=0, deviceIndex=0, info_addr=0x132b710)
HLE: E {PPU[1] Thread (CPUThread)[0x013e3004]} TODO: cellVideoOutGetScreenSize
HLE: W {PPU[1] Thread (CPUThread)[0x013c50e8]} cellSysutil warning: cellVideoOutGetResolutionAvailability(videoOut=0, resolutionId=0x81, option_addr=0x2, aspect=0x0, option=0x22fcc30)
HLE: W {PPU[1] Thread (CPUThread)[0x013c50e8]} cellSysutil warning: cellVideoOutGetResolutionAvailability(videoOut=0, resolutionId=0x88, option_addr=0x2, aspect=0x0, option=0x22fbf70)
HLE: W {PPU[1] Thread (CPUThread)[0x013c50e8]} cellSysutil warning: cellVideoOutGetResolutionAvailability(videoOut=0, resolutionId=0x89, option_addr=0x2, aspect=0x0, option=0x22fce50)
HLE: W {PPU[1] Thread (CPUThread)[0x013c50e8]} cellSysutil warning: cellVideoOutGetResolutionAvailability(videoOut=0, resolutionId=0x8a, option_addr=0x2, aspect=0x0, option=0x22fd7e0)
HLE: W {PPU[1] Thread (CPUThread)[0x013c50e8]} cellSysutil warning: cellVideoOutGetResolutionAvailability(videoOut=0, resolutionId=0x8b, option_addr=0x2, aspect=0x0, option=0x22fd3a0)
HLE: W {PPU[1] Thread (CPUThread)[0x013c50e8]} cellSysutil warning: cellVideoOutGetResolutionAvailability(videoOut=0, resolutionId=0x91, option_addr=0x2, aspect=0x0, option=0x22fd3a0)
HLE: W {PPU[1] Thread (CPUThread)[0x013c50e8]} cellSysutil warning: cellVideoOutGetResolutionAvailability(videoOut=0, resolutionId=0x98, option_addr=0x2, aspect=0x0, option=0x22fca10)
HLE: W {PPU[1] Thread (CPUThread)[0x013c50e8]} cellSysutil warning: cellVideoOutGetResolutionAvailability(videoOut=0, resolutionId=0x99, option_addr=0x2, aspect=0x0, option=0x22fcb20)
HLE: W {PPU[1] Thread (CPUThread)[0x013c50e8]} cellSysutil warning: cellVideoOutGetResolutionAvailability(videoOut=0, resolutionId=0x9a, option_addr=0x2, aspect=0x0, option=0x22fc2a0)
HLE: W {PPU[1] Thread (CPUThread)[0x013c50e8]} cellSysutil warning: cellVideoOutGetResolutionAvailability(videoOut=0, resolutionId=0x9b, option_addr=0x2, aspect=0x0, option=0x22fce50)
HLE: W {PPU[1] Thread (CPUThread)[0x013c50e8]} cellSysutil warning: cellVideoOutGetResolutionAvailability(videoOut=0, resolutionId=0x1, option_addr=0x2, aspect=0x0, option=0x22fc2a0)
HLE: W {PPU[1] Thread (CPUThread)[0x013c50e8]} cellSysutil warning: cellVideoOutGetResolutionAvailability(videoOut=0, resolutionId=0xa, option_addr=0x2, aspect=0x0, option=0x22fc6e0)
HLE: W {PPU[1] Thread (CPUThread)[0x013c50e8]} cellSysutil warning: cellVideoOutGetResolutionAvailability(videoOut=0, resolutionId=0xb, option_addr=0x2, aspect=0x0, option=0x22fca10)
HLE: W {PPU[1] Thread (CPUThread)[0x013c50e8]} cellSysutil warning: cellVideoOutGetResolutionAvailability(videoOut=0, resolutionId=0xc, option_addr=0x2, aspect=0x0, option=0x22fc2a0)
HLE: W {PPU[1] Thread (CPUThread)[0x013c50e8]} cellSysutil warning: cellVideoOutGetResolutionAvailability(videoOut=0, resolutionId=0xd, option_addr=0x2, aspect=0x0, option=0x22fd6d0)
HLE: W {PPU[1] Thread (CPUThread)[0x013c50e8]} cellSysutil warning: cellVideoOutGetResolutionAvailability(videoOut=0, resolutionId=0x2, option_addr=0x2, aspect=0x0, option=0x22fda00)
HLE: W {PPU[1] Thread (CPUThread)[0x013c510c]} cellSysutil warning: cellAudioOutGetSoundAvailability(audioOut=0, type=0, fs=0x4, option=0)
HLE: W {PPU[1] Thread (CPUThread)[0x013c510c]} cellSysutil warning: cellAudioOutGetSoundAvailability(audioOut=0, type=1, fs=0x4, option=0)
HLE: W {PPU[1] Thread (CPUThread)[0x013c510c]} cellSysutil warning: cellAudioOutGetSoundAvailability(audioOut=0, type=6, fs=0x4, option=0)
HLE: W {PPU[1] Thread (CPUThread)[0x013c5148]} cellSysutil warning: cellAudioOutGetNumberOfDevice(audioOut=0)
HLE: W {PPU[1] Thread (CPUThread)[0x013c516c]} cellSysutil warning: cellAudioOutGetState(audioOut=0x0, deviceIndex=0x0, state_addr=0x132b8e4)
HLE: W {PPU[1] Thread (CPUThread)[0x013bf088]} cellSpurs warning: cellSpursAttributeSetSpuThreadGroupType(attr_addr=0xd000b550, type=24)
HLE: W {PPU[1] Thread (CPUThread)[0x013bf064]} cellSpurs warning: _cellSpursAttributeInitialize(attr_addr=0xd000b550, revision=2, sdkVersion=0x330000, nSpus=5, spuPriority=100, ppuPriority=79, exitIfNoWork=0)
HLE: W {PPU[1] Thread (CPUThread)[0x013bf004]} cellSpurs warning: cellSpursAttributeSetNamePrefix(attr_addr=0xd000b550, prefix_addr=0xf9d420, size=12)
HLE: W {PPU[1] Thread (CPUThread)[0x013bf094]} cellSpurs warning: cellSpursInitializeWithAttribute(spurs_addr=0x30160600, attr_addr=0xd000b550)
HLE: ! {PPU[1] Thread (CPUThread)[0x013bf094]} sys_semaphore: *** semaphore created [_spuWkl] (protocol=0x2): id = 34
HLE: ! {PPU[1] Thread (CPUThread)[0x013bf094]} sys_semaphore: *** semaphore created [_spuWkl] (protocol=0x2): id = 35
HLE: ! {PPU[1] Thread (CPUThread)[0x013bf094]} sys_semaphore: *** semaphore created [_spuWkl] (protocol=0x2): id = 36
HLE: ! {PPU[1] Thread (CPUThread)[0x013bf094]} sys_semaphore: *** semaphore created [_spuWkl] (protocol=0x2): id = 37
HLE: ! {PPU[1] Thread (CPUThread)[0x013bf094]} sys_semaphore: *** semaphore created [_spuWkl] (protocol=0x2): id = 38
HLE: ! {PPU[1] Thread (CPUThread)[0x013bf094]} sys_semaphore: *** semaphore created [_spuWkl] (protocol=0x2): id = 39
HLE: ! {PPU[1] Thread (CPUThread)[0x013bf094]} sys_semaphore: *** semaphore created [_spuWkl] (protocol=0x2): id = 40
HLE: ! {PPU[1] Thread (CPUThread)[0x013bf094]} sys_semaphore: *** semaphore created [_spuWkl] (protocol=0x2): id = 41
HLE: ! {PPU[1] Thread (CPUThread)[0x013bf094]} sys_semaphore: *** semaphore created [_spuWkl] (protocol=0x2): id = 42
HLE: ! {PPU[1] Thread (CPUThread)[0x013bf094]} sys_semaphore: *** semaphore created [_spuWkl] (protocol=0x2): id = 43
HLE: ! {PPU[1] Thread (CPUThread)[0x013bf094]} sys_semaphore: *** semaphore created [_spuWkl] (protocol=0x2): id = 44
HLE: ! {PPU[1] Thread (CPUThread)[0x013bf094]} sys_semaphore: *** semaphore created [_spuWkl] (protocol=0x2): id = 45
HLE: ! {PPU[1] Thread (CPUThread)[0x013bf094]} sys_semaphore: *** semaphore created [_spuWkl] (protocol=0x2): id = 46
HLE: ! {PPU[1] Thread (CPUThread)[0x013bf094]} sys_semaphore: *** semaphore created [_spuWkl] (protocol=0x2): id = 47
HLE: ! {PPU[1] Thread (CPUThread)[0x013bf094]} sys_semaphore: *** semaphore created [_spuWkl] (protocol=0x2): id = 48
HLE: ! {PPU[1] Thread (CPUThread)[0x013bf094]} sys_semaphore: *** semaphore created [_spuWkl] (protocol=0x2): id = 49
HLE: ! {PPU[1] Thread (CPUThread)[0x013bf094]} sys_semaphore: *** semaphore created [_spuPrv] (protocol=0x2): id = 50
HLE: ! {PPU[1] Thread (CPUThread)[0x013bf094]} sys_spu: *** SPU Thread Group created [MS3] (num=5, prio=100, type=0x0, container=0): id=51
HLE: E {PPU[1] Thread (CPUThread)[0x013bf094]} sys_spu TODO: Unsupported SPU Thread options (0x2)
HLE: W {PPU[1] Thread (CPUThread)[0x013bf094]} sys_spu warning: *** New SPU Thread [MS3] (ep=0x0, opt=0x2, a1=0x0, a2=0x0, a3=0x0, a4=0x0): id=52
HLE: E {PPU[1] Thread (CPUThread)[0x013bf094]} sys_spu TODO: Unsupported SPU Thread options (0x2)
HLE: W {PPU[1] Thread (CPUThread)[0x013bf094]} sys_spu warning: *** New SPU Thread [MS3] (ep=0x0, opt=0x2, a1=0x0, a2=0x0, a3=0x0, a4=0x0): id=53
HLE: E {PPU[1] Thread (CPUThread)[0x013bf094]} sys_spu TODO: Unsupported SPU Thread options (0x2)
HLE: W {PPU[1] Thread (CPUThread)[0x013bf094]} sys_spu warning: *** New SPU Thread [MS3] (ep=0x0, opt=0x2, a1=0x0, a2=0x0, a3=0x0, a4=0x0): id=54
HLE: E {PPU[1] Thread (CPUThread)[0x013bf094]} sys_spu TODO: Unsupported SPU Thread options (0x2)
HLE: W {PPU[1] Thread (CPUThread)[0x013bf094]} sys_spu warning: *** New SPU Thread [MS3] (ep=0x0, opt=0x2, a1=0x0, a2=0x0, a3=0x0, a4=0x0): id=55
HLE: E {PPU[1] Thread (CPUThread)[0x013bf094]} sys_spu TODO: Unsupported SPU Thread options (0x2)
HLE: W {PPU[1] Thread (CPUThread)[0x013bf094]} sys_spu warning: *** New SPU Thread [MS3] (ep=0x0, opt=0x2, a1=0x0, a2=0x0, a3=0x0, a4=0x0): id=56
HLE: ! {PPU[1] Thread (CPUThread)[0x013bf094]} sys_lwmutex: *** lwmutex created [_spuPrv] (attribute=0x22): sq_id = 57
HLE: W {PPU[1] Thread (CPUThread)[0x013bf094]} sys_lwcond warning: *** lwcond created [_spuPrv] (lwmutex_addr=0x301613b0): id = 58
HLE: W {PPU[1] Thread (CPUThread)[0x013bf094]} sys_event warning: *** event_queue created [_spuPrv] (protocol=0x1, type=0x1, key=0x0, size=0x2a): id = 59
HLE: W {PPU[1] Thread (CPUThread)[0x013bf094]} sys_spu warning: sys_spu_thread_group_connect_event_all_threads(id=51, eq_id=59, req=0xffffffffffff0000, spup_addr=0x301606c9)
HLE: W {PPU[1] Thread (CPUThread)[0x013bf094]} sys_spu warning: *** spup -> 16
HLE: W {PPU[1] Thread (CPUThread)[0x013bf094]} sys_event warning: *** sys_event_port created: id = 60
HLE: W {PPU[1] Thread (CPUThread)[0x013bf094]} sys_event warning: sys_event_port_connect_local(eport_id=60, equeue_id=59)
HLE: ! {PPU[1] Thread (CPUThread)[0x013bf094]} sys_ppu_thread: *** New PPU Thread [MS3] (joinable, entry=0x0): id = 61
HLE: ! {PPU[1] Thread (CPUThread)[0x013bf094]} sys_ppu_thread: *** New PPU Thread [MS3] (joinable, entry=0x0): id = 62
HLE: E {PPU[1] Thread (CPUThread)[0x013bf094]} sys_spu TODO: sys_spu_thread_group_connect_event(id=51, eq=59, et=0x2)
HLE: W {PPU[1] Thread (CPUThread)[0x00015a90]} sys_memory warning: sys_memory_get_user_memory_size(mem_info_addr=0xd000ded0)
TTY: [INFO]STATS: @@@@@@@@@@@@@@@@@@@@@@@@@@@@@@@@@@@@@@@@@@@@@@@@@@@@@@@@@@@@@@@@@@@@@@@@@@@
STATS: memorysetup(254 MiB/256 MiB)

TTY: [INFO]STATS: heap_total = 268435456 (256 MiB)  excess = 0 (0 MiB)   budget = 268435456 (256 MiB)

TTY: [INFO]STATS: @@@@@@@@@@@@@@@@@@@@@@@@@@@@@@@@@@@@@@@@@@@@@@@@@@@@@@@@@@@@@@@@@@@@@@@@@@@
STATS: Main Heap Size = 177209344 (169 MiB)   Phys4Virt = 2097152 (2 MiB)
STATS: @@@@@@@@@@@@@@@@@@@@@@@@@@@@@@@@@@@@@@@@@@@@@@@@@@@@@@@@@@@@@@@@@@@@@@@@@@@

HLE: W {PPU[1] Thread (CPUThread)[0x005c4334]} sys_memory warning: sys_memory_container_create(cid_addr=0x3016048c, yield_size=0x200000)
HLE: W {PPU[1] Thread (CPUThread)[0x005c4334]} sys_memory warning: *** memory_container created(addr=0x3ad00000): id = 63
HLE: E {PPU[1] Thread (CPUThread)[0x005c4358]} vm TODO: sys_vm_memory_map(vsize=0x6000000,psize=0x200000,cidr=0x3f,flags=0x200,policy=0x1,addr=0xd000dc70)
G: E {PPU[1] Thread (CPUThread)[0x00a9bd60]} Exception: Access violation: addr = 0x40 (is_alive=1, last_syscall=0x0 (Unknown func id: 0x00000000))
PPU: ! {PPULLVMRecompiler} Removed 2 old versions
PPU: ! {PPULLVMRecompiler} PPU LLVM compiler thread exiting.
HLE: ! All threads stopped...
MEM: ! Closing memory...
