HLE: ! path: /dev_hdd0/game/
HLE: W No pause.bin found, Auto Pause will not work.
HLE: W No pause.bin found, Auto Pause will not work.
LDR: ! Loading 'D:\Emulateurs\Rpcs3\dev_hdd0\game\NPEA00094/USRDIR/BOOT.BIN'...
LDR: !  
LDR: ! Mount info:
LDR: ! /dev_hdd0/ -> ./dev_hdd0/
LDR: ! /dev_hdd1/ -> ./dev_hdd1/
LDR: ! /dev_flash/ -> ./dev_flash/
LDR: ! /dev_usb000/ -> ./dev_usb000/
LDR: ! /dev_usb/ -> ./dev_usb000/
LDR: ! /app_home/ -> D:\Emulateurs\Rpcs3\dev_hdd0\game\NPEA00094/
LDR: ! /dev_bdvd/ -> D:\Emulateurs\Rpcs3\dev_hdd0\game\NPEA00094//../
LDR: ! /host_root/ -> 
LDR: ! /app_home/PS3_GAME/USRDIR/ -> D:\Emulateurs\Rpcs3\dev_hdd0\game\NPEA00094//USRDIR/
LDR: ! /dev_flash2/ -> ./dev_flash2/
LDR: ! /app_home/Game/PS3_GAME/USRDIR/ -> D:\Emulateurs\Rpcs3\dev_hdd0\game\NPEA00094//USRDIR/
LDR: ! //dev_hdd0/ -> ./dev_hdd0/
LDR: ! / -> D:\Emulateurs\Rpcs3\dev_hdd0\game\NPEA00094//USRDIR/
LDR: ! /app_home//dev_bdvd/PS3_GAME/USRDIR/data/gos/ -> D:\Emulateurs\Rpcs3\dev_hdd0\game\NPEA00094//USRDIR/
LDR: !  
LDR: ! Title: Flower
LDR: ! Serial: NPEA00094
LDR: !  
MEM: ! Initializing memory: m_base_addr = 0x6ec2940000
MEM: ! Memory initialized.
LDR: ! Imported function 'cellMsgDialogOpenErrorCode' in 'cellSysutil' module
LDR: ! Imported function 'cellMsgDialogOpen2' in 'cellSysutil' module
LDR: ! Imported function 'cellVideoOutGetState' in 'cellSysutil' module
LDR: ! Imported function 'cellSaveDataAutoSave2' in 'cellSysutil' module
LDR: ! Imported function 'cellSaveDataAutoLoad2' in 'cellSysutil' module
LDR: ! Imported function 'cellVideoOutConfigure' in 'cellSysutil' module
LDR: ! Imported function 'cellSysutilCheckCallback' in 'cellSysutil' module
LDR: ! Imported function 'cellSysutilGetSystemParamInt' in 'cellSysutil' module
LDR: ! Imported function 'cellAudioOutConfigure' in 'cellSysutil' module
LDR: ! Imported function 'cellHddGameCheck' in 'cellSysutil' module
LDR: ! Imported function 'cellSysutilRegisterCallback' in 'cellSysutil' module
LDR: ! Imported function 'cellAudioOutGetSoundAvailability' in 'cellSysutil' module
LDR: ! Imported function 'cellVideoOutGetResolution' in 'cellSysutil' module
LDR: ! Imported function 'cellFsClose' in 'sys_fs' module
LDR: ! Imported function 'cellFsRead' in 'sys_fs' module
LDR: ! Imported function 'cellFsOpen' in 'sys_fs' module
LDR: ! Imported function 'cellFsStat' in 'sys_fs' module
LDR: ! Imported function 'cellFsStReadInit' in 'sys_fs' module
LDR: ! Imported function 'cellFsStRead' in 'sys_fs' module
LDR: ! Imported function 'cellFsOpendir' in 'sys_fs' module
LDR: ! Imported function 'cellFsReaddir' in 'sys_fs' module
LDR: ! Imported function 'cellFsStReadStart' in 'sys_fs' module
LDR: ! Imported function 'cellFsLseek' in 'sys_fs' module
LDR: ! Imported function 'cellFsStReadFinish' in 'sys_fs' module
LDR: ! Imported function 'cellFsWrite' in 'sys_fs' module
LDR: ! Imported function 'cellFsFstat' in 'sys_fs' module
LDR: ! Imported function 'cellFsStReadStop' in 'sys_fs' module
LDR: ! Imported function 'cellFsClosedir' in 'sys_fs' module
LDR: ! Imported function 'sys_net_initialize_network_ex' in 'sys_net' module
LDR: ! Imported function 'sys_net_finalize_network' in 'sys_net' module
LDR: ! Imported function 'cellSysmoduleUnloadModule' in 'cellSysmodule' module
LDR: ! Imported function 'cellSysmoduleLoadModule' in 'cellSysmodule' module
LDR: ! Imported function 'cellSysmoduleIsLoaded' in 'cellSysmodule' module
LDR: ! Imported function 'cellSysmoduleInitialize' in 'cellSysmodule' module
LDR: ! Imported function 'cellSysmoduleFinalize' in 'cellSysmodule' module
LDR: ! Imported function 'cellSpursAttributeEnableSpuPrintfIfAvailable' in 'cellSpurs' module
LDR: ! Imported function 'cellSpursCreateJobChainWithAttribute' in 'cellSpurs' module
LDR: ! Imported function '_cellSpursJobChainAttributeInitialize' in 'cellSpurs' module
LDR: ! Imported function 'cellSpursJobGuardInitialize' in 'cellSpurs' module
LDR: ! Imported function 'cellSpursShutdownJobChain' in 'cellSpurs' module
LDR: ! Imported function '_cellSpursAttributeInitialize' in 'cellSpurs' module
LDR: ! Imported function 'cellSpursJobChainAttributeSetName' in 'cellSpurs' module
LDR: ! Imported function 'cellSpursJoinJobChain' in 'cellSpurs' module
LDR: ! Imported function 'cellSpursAttributeSetSpuThreadGroupType' in 'cellSpurs' module
LDR: ! Imported function 'cellSpursInitializeWithAttribute' in 'cellSpurs' module
LDR: ! Imported function 'cellSpursFinalize' in 'cellSpurs' module
LDR: ! Imported function 'cellSpursJobGuardNotify' in 'cellSpurs' module
LDR: ! Imported function 'cellSpursRunJobChain' in 'cellSpurs' module
LDR: ! Imported function 'cellSpursDetachLv2EventQueue' in 'cellSpurs' module
LDR: ! Imported function 'cellSpursRemoveWorkload' in 'cellSpurs' module
LDR: ! Imported function 'cellSpursWaitForWorkloadShutdown' in 'cellSpurs' module
LDR: ! Imported function 'cellSpursAddWorkload' in 'cellSpurs' module
LDR: ! Imported function 'cellSpursWakeUp' in 'cellSpurs' module
LDR: ! Imported function 'cellSpursShutdownWorkload' in 'cellSpurs' module
LDR: ! Imported function 'cellSpursInitialize' in 'cellSpurs' module
LDR: ! Imported function 'cellSpursAttachLv2EventQueue' in 'cellSpurs' module
LDR: ! Imported function 'cellSpursReadyCountStore' in 'cellSpurs' module
LDR: ! Imported function 'cellSpursRequestIdleSpu' in 'cellSpurs' module
LDR: ! Imported function 'cellSpursGetInfo' in 'cellSpurs' module
LDR: ! Imported function 'cellSpursWorkloadAttributeSetName' in 'cellSpurs' module
LDR: ! Imported function 'cellSpursGetWorkloadInfo' in 'cellSpurs' module
LDR: ! Imported function 'cellSpursSetPriorities' in 'cellSpurs' module
LDR: ! Imported function 'cellSpursAddWorkloadWithAttribute' in 'cellSpurs' module
LDR: ! Imported function 'cellSpursSetExceptionEventHandler' in 'cellSpurs' module
LDR: ! Imported function '_cellSpursWorkloadAttributeInitialize' in 'cellSpurs' module
LDR: ! Imported function 'sceNpTerm' in 'sceNp' module
LDR: ! Imported function 'sceNpDrmIsAvailable' in 'sceNp' module
LDR: ! Imported function 'sceNpInit' in 'sceNp' module
LDR: ! Imported function 'cellRtcGetCurrentClockLocalTime' in 'cellRtc' module
LDR: ! Imported function 'cellRtcTickAddDays' in 'cellRtc' module
LDR: ! Imported function 'cellRtcGetCurrentTick' in 'cellRtc' module
LDR: ! Imported function 'cellVdecClose' in 'libvdec' module
LDR: ! Imported function 'cellVdecGetPicItem' in 'libvdec' module
LDR: ! Imported function 'cellVdecDecodeAu' in 'libvdec' module
LDR: ! Imported function 'cellVdecGetPicture' in 'libvdec' module
LDR: ! Imported function 'cellVdecEndSeq' in 'libvdec' module
LDR: ! Imported function 'cellVdecOpen' in 'libvdec' module
LDR: ! Imported function 'cellVdecStartSeq' in 'libvdec' module
LDR: ! Imported function 'cellVdecSetFrameRate' in 'libvdec' module
LDR: ! Imported function 'cellVdecQueryAttr' in 'libvdec' module
LDR: ! Imported function 'cellAdecDecodeAu' in 'cellAdec' module
LDR: ! Imported function 'cellAdecStartSeq' in 'cellAdec' module
LDR: ! Imported function 'cellAdecQueryAttr' in 'cellAdec' module
LDR: ! Imported function 'cellAdecClose' in 'cellAdec' module
LDR: ! Imported function 'cellAdecGetPcm' in 'cellAdec' module
LDR: ! Imported function 'cellAdecGetPcmItem' in 'cellAdec' module
LDR: ! Imported function 'cellAdecOpen' in 'cellAdec' module
LDR: ! Imported function 'cellAdecEndSeq' in 'cellAdec' module
LDR: ! Imported function 'cellPadInit' in 'sys_io' module
LDR: ! Imported function 'cellKbClearBuf' in 'sys_io' module
LDR: ! Imported function 'cellKbGetInfo' in 'sys_io' module
LDR: ! Imported function 'cellMouseGetData' in 'sys_io' module
LDR: ! Imported function 'cellKbInit' in 'sys_io' module
LDR: ! Imported function 'cellPadEnd' in 'sys_io' module
LDR: ! Imported function 'cellPadSetPortSetting' in 'sys_io' module
LDR: ! Imported function 'cellMouseGetInfo' in 'sys_io' module
LDR: ! Imported function 'cellPadGetData' in 'sys_io' module
LDR: ! Imported function 'cellKbSetCodeType' in 'sys_io' module
LDR: ! Imported function 'cellPadGetInfo2' in 'sys_io' module
LDR: ! Imported function 'cellKbEnd' in 'sys_io' module
LDR: ! Imported function 'cellMouseInit' in 'sys_io' module
LDR: ! Imported function 'cellKbSetReadMode' in 'sys_io' module
LDR: ! Imported function 'cellMouseEnd' in 'sys_io' module
LDR: ! Imported function 'cellPadSetActDirect' in 'sys_io' module
LDR: ! Imported function 'cellKbRead' in 'sys_io' module
LDR: ! Imported function 'cellNetCtlGetInfo' in 'cellNetCtl' module
LDR: ! Imported function 'sceNpTrophyRegisterContext' in 'sceNpTrophy' module
LDR: ! Imported function 'sceNpTrophyCreateHandle' in 'sceNpTrophy' module
LDR: ! Imported function 'sceNpTrophyDestroyContext' in 'sceNpTrophy' module
LDR: ! Imported function 'sceNpTrophyInit' in 'sceNpTrophy' module
LDR: ! Imported function 'sceNpTrophyDestroyHandle' in 'sceNpTrophy' module
LDR: ! Imported function 'sceNpTrophyUnlockTrophy' in 'sceNpTrophy' module
LDR: ! Imported function 'sceNpTrophyTerm' in 'sceNpTrophy' module
LDR: ! Imported function 'sceNpTrophyCreateContext' in 'sceNpTrophy' module
LDR: ! Imported function 'cellGcmGetTiledPitchSize' in 'cellGcmSys' module
LDR: ! Imported function 'cellGcmSetUserHandler' in 'cellGcmSys' module
LDR: ! Imported function 'cellGcmSetPrepareFlip' in 'cellGcmSys' module
LDR: ! Imported function '_cellGcmInitBody' in 'cellGcmSys' module
LDR: ! Imported function '_cellGcmSetFlipCommand' in 'cellGcmSys' module
LDR: ! Imported function 'cellGcmAddressToOffset' in 'cellGcmSys' module
LDR: ! Imported function '_cellGcmFunc15' in 'cellGcmSys' module
LDR: ! Imported function 'cellGcmBindTile' in 'cellGcmSys' module
LDR: ! Imported function 'cellGcmSetFlipMode' in 'cellGcmSys' module
LDR: ! Imported function 'cellGcmGetDefaultCommandWordSize' in 'cellGcmSys' module
LDR: ! Imported function 'cellGcmGetFlipStatus' in 'cellGcmSys' module
LDR: ! Imported function 'cellGcmGetDefaultSegmentWordSize' in 'cellGcmSys' module
LDR: ! Imported function 'cellGcmBindZcull' in 'cellGcmSys' module
LDR: ! Imported function 'cellGcmMapMainMemory' in 'cellGcmSys' module
LDR: ! Imported function 'cellGcmSetDisplayBuffer' in 'cellGcmSys' module
LDR: ! Imported function 'cellGcmGetControlRegister' in 'cellGcmSys' module
LDR: ! Imported function 'cellGcmUnbindZcull' in 'cellGcmSys' module
LDR: ! Imported function 'cellGcmSetVBlankHandler' in 'cellGcmSys' module
LDR: ! Imported function 'cellGcmSetFlipImmediate' in 'cellGcmSys' module
LDR: ! Imported function 'cellGcmResetFlipStatus' in 'cellGcmSys' module
LDR: ! Imported function 'cellGcmSetTileInfo' in 'cellGcmSys' module
LDR: ! Imported function '_cellGcmSetFlipCommandWithWaitLabel' in 'cellGcmSys' module
LDR: ! Imported function 'cellGcmUnbindTile' in 'cellGcmSys' module
LDR: ! Imported function 'cellGcmGetConfiguration' in 'cellGcmSys' module
LDR: ! Imported function 'cellGcmGetLabelAddress' in 'cellGcmSys' module
LDR: ! Imported function 'cellAudioInit' in 'cellAudio' module
LDR: ! Imported function 'cellAudioSetNotifyEventQueue' in 'cellAudio' module
LDR: ! Imported function 'cellAudioGetPortTimestamp' in 'cellAudio' module
LDR: ! Imported function 'cellAudioPortClose' in 'cellAudio' module
LDR: ! Imported function 'cellAudioPortStop' in 'cellAudio' module
LDR: ! Imported function 'cellAudioGetPortConfig' in 'cellAudio' module
LDR: ! Imported function 'cellAudioPortStart' in 'cellAudio' module
LDR: ! Imported function 'cellAudioQuit' in 'cellAudio' module
LDR: ! Imported function 'cellAudioPortOpen' in 'cellAudio' module
LDR: ! Imported function 'cellAudioGetPortBlockTag' in 'cellAudio' module
LDR: ! Imported function 'cellAudioRemoveNotifyEventQueue' in 'cellAudio' module
LDR: ! Imported function 'sys_lwmutex_lock' in 'sysPrxForUser' module
LDR: ! Imported function 'sys_lwmutex_unlock' in 'sysPrxForUser' module
LDR: ! Imported function 'sys_lwcond_destroy' in 'sysPrxForUser' module
LDR: ! Imported function 'sys_ppu_thread_create' in 'sysPrxForUser' module
LDR: ! Imported function 'sys_prx_load_module' in 'sysPrxForUser' module
LDR: ! Imported function 'sys_lwcond_wait' in 'sysPrxForUser' module
LDR: ! Imported function '_sys_process_atexitspawn' in 'sysPrxForUser' module
LDR: ! Imported function 'sys_lwmutex_create' in 'sysPrxForUser' module
LDR: ! Imported function 'sys_ppu_thread_get_id' in 'sysPrxForUser' module
LDR: ! Imported function '_sys_heap_malloc' in 'sysPrxForUser' module
LDR: ! Imported function 'sys_prx_register_library' in 'sysPrxForUser' module
LDR: ! Imported function '_sys_heap_memalign' in 'sysPrxForUser' module
LDR: ! Imported function '_sys_spu_printf_initialize' in 'sysPrxForUser' module
LDR: ! Imported function 'Unknown func id: 0x4f7172c9' in 'sysPrxForUser' module
LDR: ! Imported function 'sys_game_process_exitspawn2' in 'sysPrxForUser' module
LDR: ! Imported function 'sys_initialize_tls' in 'sysPrxForUser' module
LDR: ! Imported function 'sys_prx_stop_module' in 'sysPrxForUser' module
LDR: ! Imported function 'sys_time_get_system_time' in 'sysPrxForUser' module
LDR: W Unimplemented function '_sys_heap_free' in 'sysPrxForUser' module
LDR: ! Imported function '_sys_process_at_Exitspawn' in 'sysPrxForUser' module
LDR: ! Imported function 'sys_prx_start_module' in 'sysPrxForUser' module
LDR: ! Imported function 'sys_prx_exitspawn_with_level' in 'sysPrxForUser' module
LDR: ! Imported function 'sys_ppu_thread_once' in 'sysPrxForUser' module
LDR: ! Imported function 'sys_lwmutex_trylock' in 'sysPrxForUser' module
LDR: W Unimplemented function '_sys_heap_delete_heap' in 'sysPrxForUser' module
LDR: ! Imported function 'sys_ppu_thread_exit' in 'sysPrxForUser' module
LDR: ! Imported function '_sys_heap_create_heap' in 'sysPrxForUser' module
LDR: ! Imported function 'sys_lwmutex_destroy' in 'sysPrxForUser' module
LDR: ! Imported function 'sys_prx_unregister_library' in 'sysPrxForUser' module
LDR: ! Imported function 'sys_lwcond_create' in 'sysPrxForUser' module
LDR: ! Imported function '_sys_spu_printf_finalize' in 'sysPrxForUser' module
LDR: ! Imported function 'sys_process_exit' in 'sysPrxForUser' module
LDR: ! Imported function 'sys_lwcond_signal_all' in 'sysPrxForUser' module
LDR: ! Imported function 'sys_lwcond_signal' in 'sysPrxForUser' module
LDR: ! Imported function 'sys_prx_unload_module' in 'sysPrxForUser' module
HLE: W {PPU[1] Thread (CPUThread)[0x01ba1058]} sys_lwmutex warning: sys_lwmutex_create(lwmutex_addr=0x9ea2d8, attr_addr=0x6f4cec)
HLE: ! {PPU[1] Thread (CPUThread)[0x01ba1058]} sys_lwmutex: *** lwmutex created [_lc_mtx] (attribute=0x12): sq_id = 3
HLE: W {PPU[1] Thread (CPUThread)[0x0003d328]} sys_memory warning: sys_memory_get_user_memory_size(mem_info_addr=0xd000fc04)
HLE: W {PPU[1] Thread (CPUThread)[0x01ba1058]} sys_lwmutex warning: sys_lwmutex_create(lwmutex_addr=0x9e9f28, attr_addr=0x6f4cec)
HLE: ! {PPU[1] Thread (CPUThread)[0x01ba1058]} sys_lwmutex: *** lwmutex created [_lc_mtx] (attribute=0x12): sq_id = 4
HLE: W {PPU[1] Thread (CPUThread)[0x01ba1058]} sys_lwmutex warning: sys_lwmutex_create(lwmutex_addr=0x9e9270, attr_addr=0x6f4cec)
HLE: ! {PPU[1] Thread (CPUThread)[0x01ba1058]} sys_lwmutex: *** lwmutex created [_lc_mtx] (attribute=0x12): sq_id = 5
HLE: W {PPU[1] Thread (CPUThread)[0x01ba1058]} sys_lwmutex warning: sys_lwmutex_create(lwmutex_addr=0x9e9298, attr_addr=0x6f4cec)
HLE: ! {PPU[1] Thread (CPUThread)[0x01ba1058]} sys_lwmutex: *** lwmutex created [_lc_mtx] (attribute=0x12): sq_id = 6
HLE: W {PPU[1] Thread (CPUThread)[0x01ba1058]} sys_lwmutex warning: sys_lwmutex_create(lwmutex_addr=0x9e92c0, attr_addr=0x6f4cec)
HLE: ! {PPU[1] Thread (CPUThread)[0x01ba1058]} sys_lwmutex: *** lwmutex created [_lc_mtx] (attribute=0x12): sq_id = 7
HLE: W {PPU[1] Thread (CPUThread)[0x01ba1058]} sys_lwmutex warning: sys_lwmutex_create(lwmutex_addr=0x9e91a8, attr_addr=0x6f4cec)
HLE: ! {PPU[1] Thread (CPUThread)[0x01ba1058]} sys_lwmutex: *** lwmutex created [_lc_mtx] (attribute=0x12): sq_id = 8
HLE: W {PPU[1] Thread (CPUThread)[0x01ba1058]} sys_lwmutex warning: sys_lwmutex_create(lwmutex_addr=0x9e91d0, attr_addr=0x6f4cec)
HLE: ! {PPU[1] Thread (CPUThread)[0x01ba1058]} sys_lwmutex: *** lwmutex created [_lc_mtx] (attribute=0x12): sq_id = 9
HLE: W {PPU[1] Thread (CPUThread)[0x01ba1058]} sys_lwmutex warning: sys_lwmutex_create(lwmutex_addr=0x9e91f8, attr_addr=0x6f4cec)
HLE: ! {PPU[1] Thread (CPUThread)[0x01ba1058]} sys_lwmutex: *** lwmutex created [_lc_mtx] (attribute=0x12): sq_id = 10
HLE: W {PPU[1] Thread (CPUThread)[0x01ba1058]} sys_lwmutex warning: sys_lwmutex_create(lwmutex_addr=0x9e9220, attr_addr=0x6f4cec)
HLE: ! {PPU[1] Thread (CPUThread)[0x01ba1058]} sys_lwmutex: *** lwmutex created [_lc_mtx] (attribute=0x12): sq_id = 11
HLE: W {PPU[1] Thread (CPUThread)[0x01ba1058]} sys_lwmutex warning: sys_lwmutex_create(lwmutex_addr=0x9e9248, attr_addr=0x6f4cec)
HLE: ! {PPU[1] Thread (CPUThread)[0x01ba1058]} sys_lwmutex: *** lwmutex created [_lc_mtx] (attribute=0x12): sq_id = 12
HLE: W {PPU[1] Thread (CPUThread)[0x01ba1058]} sys_lwmutex warning: sys_lwmutex_create(lwmutex_addr=0x9ee860, attr_addr=0x88ac80)
HLE: ! {PPU[1] Thread (CPUThread)[0x01ba1058]} sys_lwmutex: *** lwmutex created [_lgcmtx] (attribute=0x12): sq_id = 13
HLE: W {PPU[1] Thread (CPUThread)[0x01ba1058]} sys_lwmutex warning: sys_lwmutex_create(lwmutex_addr=0x9ee7e0, attr_addr=0x88ac80)
HLE: ! {PPU[1] Thread (CPUThread)[0x01ba1058]} sys_lwmutex: *** lwmutex created [_lgcmtx] (attribute=0x12): sq_id = 14
HLE: W {PPU[1] Thread (CPUThread)[0x01ba1058]} sys_lwmutex warning: sys_lwmutex_create(lwmutex_addr=0x30100020, attr_addr=0x6f4cec)
HLE: ! {PPU[1] Thread (CPUThread)[0x01ba1058]} sys_lwmutex: *** lwmutex created [_lc_mtx] (attribute=0x12): sq_id = 15
HLE: W {PPU[1] Thread (CPUThread)[0x01ba1058]} sys_lwmutex warning: sys_lwmutex_create(lwmutex_addr=0x301000a0, attr_addr=0x6f4cec)
HLE: ! {PPU[1] Thread (CPUThread)[0x01ba1058]} sys_lwmutex: *** lwmutex created [_lc_mtx] (attribute=0x12): sq_id = 16
HLE: W {PPU[1] Thread (CPUThread)[0x01ba1058]} sys_lwmutex warning: sys_lwmutex_create(lwmutex_addr=0x30100130, attr_addr=0x6f4cec)
HLE: ! {PPU[1] Thread (CPUThread)[0x01ba1058]} sys_lwmutex: *** lwmutex created [_lc_mtx] (attribute=0x12): sq_id = 17
HLE: W {PPU[1] Thread (CPUThread)[0x01ba1058]} sys_lwmutex warning: sys_lwmutex_create(lwmutex_addr=0x30100190, attr_addr=0x6f4cec)
HLE: ! {PPU[1] Thread (CPUThread)[0x01ba1058]} sys_lwmutex: *** lwmutex created [_lc_mtx] (attribute=0x12): sq_id = 18
HLE: W {PPU[1] Thread (CPUThread)[0x01ba1058]} sys_lwmutex warning: sys_lwmutex_create(lwmutex_addr=0x301001d0, attr_addr=0x6f4cec)
HLE: ! {PPU[1] Thread (CPUThread)[0x01ba1058]} sys_lwmutex: *** lwmutex created [_lc_mtx] (attribute=0x12): sq_id = 19
HLE: W {PPU[1] Thread (CPUThread)[0x01ba1058]} sys_lwmutex warning: sys_lwmutex_create(lwmutex_addr=0x30100210, attr_addr=0x6f4cec)
HLE: ! {PPU[1] Thread (CPUThread)[0x01ba1058]} sys_lwmutex: *** lwmutex created [_lc_mtx] (attribute=0x12): sq_id = 20
HLE: W {PPU[1] Thread (CPUThread)[0x01ba1058]} sys_lwmutex warning: sys_lwmutex_create(lwmutex_addr=0x30100320, attr_addr=0x6f4cec)
HLE: ! {PPU[1] Thread (CPUThread)[0x01ba1058]} sys_lwmutex: *** lwmutex created [_lc_mtx] (attribute=0x12): sq_id = 21
HLE: W {PPU[1] Thread (CPUThread)[0x01ba1058]} sys_lwmutex warning: sys_lwmutex_create(lwmutex_addr=0x30100350, attr_addr=0x6f4cec)
HLE: ! {PPU[1] Thread (CPUThread)[0x01ba1058]} sys_lwmutex: *** lwmutex created [_lc_mtx] (attribute=0x12): sq_id = 22
HLE: W {PPU[1] Thread (CPUThread)[0x01ba1058]} sys_lwmutex warning: sys_lwmutex_create(lwmutex_addr=0x30100380, attr_addr=0x6f4cec)
HLE: ! {PPU[1] Thread (CPUThread)[0x01ba1058]} sys_lwmutex: *** lwmutex created [_lc_mtx] (attribute=0x12): sq_id = 23
HLE: W {PPU[1] Thread (CPUThread)[0x01ba1058]} sys_lwmutex warning: sys_lwmutex_create(lwmutex_addr=0x301003b0, attr_addr=0x6f4cec)
HLE: ! {PPU[1] Thread (CPUThread)[0x01ba1058]} sys_lwmutex: *** lwmutex created [_lc_mtx] (attribute=0x12): sq_id = 24
HLE: W {PPU[1] Thread (CPUThread)[0x01ba1058]} sys_lwmutex warning: sys_lwmutex_create(lwmutex_addr=0x301003e0, attr_addr=0x6f4cec)
HLE: ! {PPU[1] Thread (CPUThread)[0x01ba1058]} sys_lwmutex: *** lwmutex created [_lc_mtx] (attribute=0x12): sq_id = 25
HLE: W {PPU[1] Thread (CPUThread)[0x01ba1058]} sys_lwmutex warning: sys_lwmutex_create(lwmutex_addr=0x30100410, attr_addr=0x6f4cec)
HLE: ! {PPU[1] Thread (CPUThread)[0x01ba1058]} sys_lwmutex: *** lwmutex created [_lc_mtx] (attribute=0x12): sq_id = 26
HLE: E {PPU[1] Thread (CPUThread)[0x01ba107c]} sys_prx TODO: sys_prx_register_library(lib_addr=0x6f3858)
HLE: E {PPU[1] Thread (CPUThread)[0x01ba107c]} sys_prx TODO: sys_prx_register_library(lib_addr=0x6f3874)
HLE: E {PPU[1] Thread (CPUThread)[0x01ba107c]} sys_prx TODO: sys_prx_register_library(lib_addr=0x6f3890)
HLE: W {PPU[1] Thread (CPUThread)[0x01b8b010]} cellSysmodule warning: cellSysmoduleLoadModule(CELL_SYSMODULE_USBD)
HLE: W {PPU[1] Thread (CPUThread)[0x01b8b010]} cellSysmodule warning: cellSysmoduleLoadModule(CELL_SYSMODULE_NET)
HLE: W {PPU[1] Thread (CPUThread)[0x007dc07c]} cellSysutil warning: cellSysutilRegisterCallback(slot=0, func_addr=0x86e938, userdata=0x9f5680)
HLE: W {PPU[1] Thread (CPUThread)[0x005ddf48]} sys_spu warning: sys_spu_initialize(max_usable_spu=6, max_raw_spu=0)
HLE: E {PPU[1] Thread (CPUThread)[0x00037510]} sys_fs error: "/app_home/sampleArg.txt" not found! flags: 0x00000000
HLE: W {PPU[1] Thread (CPUThread)[0x01b9d028]} cellGcmSys warning: _cellGcmInitBody(context_addr=0x9ee23c, cmdSize=0xf0000, ioSize=0x100000, ioAddress=0x30200000)
HLE: W {PPU[1] Thread (CPUThread)[0x01b9d028]} cellGcmSys warning: *** local memory(addr=0xc0000000, size=0xf900000)
HLE: W {PPU[1] Thread (CPUThread)[0x01b9d028]} cellGcmSys warning: cellGcmInit(): 256MB io address space used
HLE: W {PPU[1] Thread (CPUThread)[0x01b9d028]} cellGcmSys warning: cellGcmMapEaIoAddress(ea=0x30200000, io=0x0, size=0x100000)
RSX: ! {RSXThread} RSX thread started
HLE: W {PPU[1] Thread (CPUThread)[0x01b9d0d0]} cellGcmSys warning: cellGcmSetVBlankHandler(handler_addr=0x86e980)
HLE: W {PPU[1] Thread (CPUThread)[0x01b9d010]} cellGcmSys warning: cellGcmSetUserHandler(handler_addr=0x86e9e8)
HLE: W {PPU[1] Thread (CPUThread)[0x007dc040]} cellSysutil warning: cellVideoOutConfigure(videoOut=0, config_addr=0xd000fb74, option_addr=0x0, waitForEvent=0x0)
HLE: W {PPU[1] Thread (CPUThread)[0x01b9d064]} cellGcmSys warning: cellGcmSetFlipMode(mode=2)
HLE: W {PPU[1] Thread (CPUThread)[0x01b9d0f4]} cellGcmSys warning: cellGcmSetTileInfo(index=0, location=0, offset=0, size=7864320, pitch=5120, comp=7, base=0, bank=0)
HLE: E {PPU[1] Thread (CPUThread)[0x01b9d0f4]} cellGcmSys error: cellGcmSetTileInfo: bad compression mode! (7)
HLE: W {PPU[1] Thread (CPUThread)[0x01b9d058]} cellGcmSys warning: cellGcmBindTile(index=0)
HLE: W {PPU[1] Thread (CPUThread)[0x01b9d0a0]} cellGcmSys warning: cellGcmMapMainMemory(ea=0x30400000,size=0x3b00000,offset_addr=0xd000fa90)
HLE: W {PPU[1] Thread (CPUThread)[0x01b97004]} sys_io warning: cellPadInit(max_connect=4)
HLE: W {PPU[1] Thread (CPUThread)[0x01b97034]} sys_io warning: cellKbInit(max_connect=4)
HLE: W {PPU[1] Thread (CPUThread)[0x01b97094]} sys_io warning: cellMouseInit(max_connect=4)
HLE: W {PPU[1] Thread (CPUThread)[0x01b8b010]} cellSysmodule warning: cellSysmoduleLoadModule(CELL_SYSMODULE_NET)
HLE: W {PPU[1] Thread (CPUThread)[0x01b8b010]} cellSysmodule warning: cellSysmoduleLoadModule(CELL_SYSMODULE_NETCTL)
HLE: W {PPU[1] Thread (CPUThread)[0x01b8b010]} cellSysmodule warning: cellSysmoduleLoadModule(CELL_SYSMODULE_RESC)
HLE: W {PPU[1] Thread (CPUThread)[0x01b8b010]} cellSysmodule warning: cellSysmoduleLoadModule(CELL_SYSMODULE_USBD)
HLE: W {PPU[1] Thread (CPUThread)[0x01b8b010]} cellSysmodule warning: cellSysmoduleLoadModule(CELL_SYSMODULE_FS)
HLE: W {PPU[1] Thread (CPUThread)[0x01b8d0e8]} cellSpurs warning: cellSpursInitialize(spurs_addr=0x9f5900, nSpus=1, spuPriority=250, ppuPriority=79, exitIfNoWork=1)
HLE: ! {PPU[1] Thread (CPUThread)[0x01b8d0e8]} sys_semaphore: *** semaphore created [_spuWkl] (protocol=0x2): id = 27
HLE: ! {PPU[1] Thread (CPUThread)[0x01b8d0e8]} sys_semaphore: *** semaphore created [_spuWkl] (protocol=0x2): id = 28
HLE: ! {PPU[1] Thread (CPUThread)[0x01b8d0e8]} sys_semaphore: *** semaphore created [_spuWkl] (protocol=0x2): id = 29
HLE: ! {PPU[1] Thread (CPUThread)[0x01b8d0e8]} sys_semaphore: *** semaphore created [_spuWkl] (protocol=0x2): id = 30
HLE: ! {PPU[1] Thread (CPUThread)[0x01b8d0e8]} sys_semaphore: *** semaphore created [_spuWkl] (protocol=0x2): id = 31
HLE: ! {PPU[1] Thread (CPUThread)[0x01b8d0e8]} sys_semaphore: *** semaphore created [_spuWkl] (protocol=0x2): id = 32
HLE: ! {PPU[1] Thread (CPUThread)[0x01b8d0e8]} sys_semaphore: *** semaphore created [_spuWkl] (protocol=0x2): id = 33
HLE: ! {PPU[1] Thread (CPUThread)[0x01b8d0e8]} sys_semaphore: *** semaphore created [_spuWkl] (protocol=0x2): id = 34
HLE: ! {PPU[1] Thread (CPUThread)[0x01b8d0e8]} sys_semaphore: *** semaphore created [_spuWkl] (protocol=0x2): id = 35
HLE: ! {PPU[1] Thread (CPUThread)[0x01b8d0e8]} sys_semaphore: *** semaphore created [_spuWkl] (protocol=0x2): id = 36
HLE: ! {PPU[1] Thread (CPUThread)[0x01b8d0e8]} sys_semaphore: *** semaphore created [_spuWkl] (protocol=0x2): id = 37
HLE: ! {PPU[1] Thread (CPUThread)[0x01b8d0e8]} sys_semaphore: *** semaphore created [_spuWkl] (protocol=0x2): id = 38
HLE: ! {PPU[1] Thread (CPUThread)[0x01b8d0e8]} sys_semaphore: *** semaphore created [_spuWkl] (protocol=0x2): id = 39
HLE: ! {PPU[1] Thread (CPUThread)[0x01b8d0e8]} sys_semaphore: *** semaphore created [_spuWkl] (protocol=0x2): id = 40
HLE: ! {PPU[1] Thread (CPUThread)[0x01b8d0e8]} sys_semaphore: *** semaphore created [_spuWkl] (protocol=0x2): id = 41
HLE: ! {PPU[1] Thread (CPUThread)[0x01b8d0e8]} sys_semaphore: *** semaphore created [_spuWkl] (protocol=0x2): id = 42
HLE: ! {PPU[1] Thread (CPUThread)[0x01b8d0e8]} sys_semaphore: *** semaphore created [_spuPrv] (protocol=0x2): id = 43
HLE: ! {PPU[1] Thread (CPUThread)[0x01b8d0e8]} sys_spu: *** SPU Thread Group created [CellSpursKernelGroup] (num=1, prio=250, type=0x0, container=0): id=44
HLE: E {PPU[1] Thread (CPUThread)[0x01b8d0e8]} sys_spu TODO: Unsupported SPU Thread options (0x2)
HLE: W {PPU[1] Thread (CPUThread)[0x01b8d0e8]} sys_spu warning: *** New SPU Thread [CellSpursKernel0] (ep=0x0, opt=0x2, a1=0x0, a2=0x0, a3=0x0, a4=0x0): id=45
HLE: ! {PPU[1] Thread (CPUThread)[0x01b8d0e8]} sys_lwmutex: *** lwmutex created [_spuPrv] (attribute=0x22): sq_id = 46
HLE: W {PPU[1] Thread (CPUThread)[0x01b8d0e8]} sys_lwcond warning: *** lwcond created [_spuPrv] (lwmutex_addr=0x9f66b0): id = 47
HLE: W {PPU[1] Thread (CPUThread)[0x01b8d0e8]} sys_event warning: *** event_queue created [_spuPrv] (protocol=0x1, type=0x1, key=0x0, size=0x2a): id = 48
HLE: W {PPU[1] Thread (CPUThread)[0x01b8d0e8]} sys_spu warning: sys_spu_thread_group_connect_event_all_threads(id=44, eq_id=48, req=0xffffffffffff0000, spup_addr=0x9f59c9)
HLE: W {PPU[1] Thread (CPUThread)[0x01b8d0e8]} sys_spu warning: *** spup -> 16
HLE: W {PPU[1] Thread (CPUThread)[0x01b8d0e8]} sys_event warning: *** sys_event_port created: id = 49
HLE: W {PPU[1] Thread (CPUThread)[0x01b8d0e8]} sys_event warning: sys_event_port_connect_local(eport_id=49, equeue_id=48)
HLE: ! {PPU[1] Thread (CPUThread)[0x01b8d0e8]} sys_ppu_thread: *** New PPU Thread [SpursHdlr0] (joinable, entry=0x0): id = 50
HLE: ! {PPU[1] Thread (CPUThread)[0x01b8d0e8]} sys_ppu_thread: *** New PPU Thread [SpursHdlr1] (joinable, entry=0x0): id = 51
HLE: E {PPU[1] Thread (CPUThread)[0x01b8d0e8]} sys_spu TODO: sys_spu_thread_group_connect_event(id=44, eq=48, et=0x2)
HLE: W {PPU[1] Thread (CPUThread)[0x01ba1058]} sys_lwmutex warning: sys_lwmutex_create(lwmutex_addr=0x30117840, attr_addr=0xd000f5a8)
HLE: ! {PPU[1] Thread (CPUThread)[0x01ba1058]} sys_lwmutex: *** lwmutex created [] (attribute=0x22): sq_id = 52
HLE: W {PPU[1] Thread (CPUThread)[0x01ba1160]} sys_lwcond warning: *** lwcond created [] (lwmutex_addr=0x30117840): id = 53
HLE: W {PPU[1] Thread (CPUThread)[0x01ba1058]} sys_lwmutex warning: sys_lwmutex_create(lwmutex_addr=0x3011a0e0, attr_addr=0xd000f638)
HLE: ! {PPU[1] Thread (CPUThread)[0x01ba1058]} sys_lwmutex: *** lwmutex created [] (attribute=0x22): sq_id = 54
HLE: W {PPU[1] Thread (CPUThread)[0x01ba1160]} sys_lwcond warning: *** lwcond created [] (lwmutex_addr=0x3011a0e0): id = 55
HLE: W {PPU[1] Thread (CPUThread)[0x01ba1058]} sys_lwmutex warning: sys_lwmutex_create(lwmutex_addr=0x3011a150, attr_addr=0xd000f508)
HLE: ! {PPU[1] Thread (CPUThread)[0x01ba1058]} sys_lwmutex: *** lwmutex created [] (attribute=0x22): sq_id = 56
HLE: W {PPU[1] Thread (CPUThread)[0x01ba1160]} sys_lwcond warning: *** lwcond created [] (lwmutex_addr=0x3011a150): id = 57
HLE: E {PPU[1] Thread (CPUThread)[0x01b99004]} cellNetCtl TODO: cellNetCtlGetInfo(code=0x10, info_addr=0xd000f550)
HLE: W {PPU[1] Thread (CPUThread)[0x01ba101c]} sys_lwcond warning: sys_lwcond_destroy(lwcond_addr=0x3011a0f8)
HLE: W {PPU[1] Thread (CPUThread)[0x01ba1148]} sys_lwmutex warning: sys_lwmutex_destroy(lwmutex_addr=0x3011a0e0)
HLE: W {PPU[1] Thread (CPUThread)[0x0059bab8]} sys_event warning: sys_event_queue_create(equeue_id_addr=0x1b40700, attr_addr=0xd000f7a4, event_queue_key=0x0, size=8)
HLE: W {PPU[1] Thread (CPUThread)[0x0059bab8]} sys_event warning: *** event_queue created [] (protocol=0x2, type=0x1, key=0x0, size=0x8): id = 58
HLE: ! {PPU[1] Thread (CPUThread)[0x01ba1028]} sys_ppu_thread: *** New PPU Thread [spu_printf_handler] (joinable, entry=0x86cc88): id = 59
HLE: W {PPU[1] Thread (CPUThread)[0x0059bb40]} sys_event warning: sys_event_port_create(eport_id_addr=0x1b40704, port_type=0x1, name=0xd1ed1ed1)
HLE: W {PPU[1] Thread (CPUThread)[0x0059bb40]} sys_event warning: *** sys_event_port created: id = 60
HLE: W {PPU[1] Thread (CPUThread)[0x0059bb50]} sys_event warning: sys_event_port_connect_local(eport_id=60, equeue_id=58)
HLE: W {PPU[1] Thread (CPUThread)[0x01b8d0f4]} cellSpurs warning: cellSpursAttachLv2EventQueue(spurs_addr=0x9f5900, queue=58, port_addr=0xd000f7a0, isDynamic=0)
HLE: W {PPU[1] Thread (CPUThread)[0x01b8d0f4]} sys_spu warning: sys_spu_thread_group_connect_event_all_threads(id=44, eq_id=58, req=0x2, spup_addr=0xd000f7a0)
HLE: W {PPU[1] Thread (CPUThread)[0x01b8d0f4]} sys_spu warning: *** spup -> 1
HLE: W {PPU[1] Thread (CPUThread)[0x01b8d0c4]} cellSpurs warning: cellSpursAddWorkload(spurs_addr=0x9f5900, wid_addr=0x1b50a8c, pm_addr=0x78f080, size=0x880, data=0x1b50b00, priorityTable_addr=0x9e3308, minContention=0x1, maxContention=0x1)
HLE: W {PPU[1] Thread (CPUThread)[0x01b8d100]} cellSpurs warning: cellSpursReadyCountStore(spurs_addr=0x9f5900, wid=0, value=0x1)
HLE: W {PPU[1] Thread (CPUThread)[0x01b8d0d0]} cellSpurs warning: cellSpursWakeUp(spurs_addr=0x9f5900)
HLE: E {PPU[1] Thread (CPUThread)[0x01ba107c]} sys_prx TODO: sys_prx_register_library(lib_addr=0x6f3858)
HLE: E {PPU[1] Thread (CPUThread)[0x01ba107c]} sys_prx TODO: sys_prx_register_library(lib_addr=0x6f3874)
HLE: E {PPU[1] Thread (CPUThread)[0x01ba107c]} sys_prx TODO: sys_prx_register_library(lib_addr=0x6f3890)
HLE: W {PPU[1] Thread (CPUThread)[0x01b8b010]} cellSysmodule warning: cellSysmoduleLoadModule(CELL_SYSMODULE_RTC)
HLE: W {PPU[1] Thread (CPUThread)[0x01ba110c]} sys_ppu_thread warning: sys_ppu_thread_once(once_ctrl_addr=0x9e971c, init_addr=0x860eb8)
HLE: W {PPU[1] Thread (CPUThread)[0x01ba1058]} sys_lwmutex warning: sys_lwmutex_create(lwmutex_addr=0x9e92e8, attr_addr=0xd000f740)
HLE: ! {PPU[1] Thread (CPUThread)[0x01ba1058]} sys_lwmutex: *** lwmutex created [_lc_spf] (attribute=0x22): sq_id = 61
HLE: W {PPU[1] Thread (CPUThread)[0x0003666c]} sys_event warning: sys_event_queue_create(equeue_id_addr=0x9e9304, attr_addr=0xd000f7c0, event_queue_key=0x1, size=127)
HLE: W {PPU[1] Thread (CPUThread)[0x0003666c]} sys_event warning: *** event_queue created [_lc_spf] (protocol=0x2, type=0x1, key=0x1, size=0x7f): id = 62
HLE: W {PPU[1] Thread (CPUThread)[0x00036690]} sys_event warning: sys_event_port_create(eport_id_addr=0x9e9308, port_type=0x1, name=0xffffffff0000dead)
HLE: W {PPU[1] Thread (CPUThread)[0x00036690]} sys_event warning: *** sys_event_port created: id = 63
HLE: W {PPU[1] Thread (CPUThread)[0x000366ac]} sys_event warning: sys_event_port_connect_local(eport_id=63, equeue_id=62)
HLE: ! {PPU[1] Thread (CPUThread)[0x01ba1028]} sys_ppu_thread: *** New PPU Thread [_SPU_printf_server] (joinable, entry=0x860eb0): id = 64
HLE: W {PPU[1] Thread (CPUThread)[0x01ba1094]} sysPrxForUser warning: _sys_spu_printf_initialize(agcb_addr=0x860e98, dgcb_addr=0x860e90, atcb_addr=0x860e88, dtcb_addr=0x860e80)
HLE: W {PPU[1] Thread (CPUThread)[0x01b8b010]} cellSysmodule warning: cellSysmoduleLoadModule(CELL_SYSMODULE_NET)
HLE: W {PPU[1] Thread (CPUThread)[0x01b8b010]} cellSysmodule warning: cellSysmoduleLoadModule(CELL_SYSMODULE_SYSUTIL_NP)
HLE: W {PPU[1] Thread (CPUThread)[0x01b89004]} sys_net warning: sys_net_initialize_network_ex(param_addr=0xd000f7e0)
HLE: W {PPU[1] Thread (CPUThread)[0x01b8f01c]} sceNp warning: sceNpInit(mem_size=0x20000, mem_addr=0x19a0458)
HLE: W {PPU[1] Thread (CPUThread)[0x007dc070]} cellSysutil warning: cellHddGameCheck(version=0, dirName_addr=0x71c4a0, errDialog=1, funcStat_addr=0x8733d0, container=-1)
HLE: W {PPU[1] Thread (CPUThread)[0x01b8d040]} cellSpurs warning: _cellSpursAttributeInitialize(attr_addr=0xd000f620, revision=2, sdkVersion=0x250001, nSpus=5, spuPriority=240, ppuPriority=79, exitIfNoWork=0)
HLE: W {PPU[1] Thread (CPUThread)[0x01b8d004]} cellSpurs warning: cellSpursAttributeEnableSpuPrintfIfAvailable(attr_addr=0xd000f620)
HLE: W {PPU[1] Thread (CPUThread)[0x01b8d064]} cellSpurs warning: cellSpursAttributeSetSpuThreadGroupType(attr_addr=0xd000f620, type=24)
HLE: W {PPU[1] Thread (CPUThread)[0x01b8d070]} cellSpurs warning: cellSpursInitializeWithAttribute(spurs_addr=0x9f7000, attr_addr=0xd000f620)
HLE: ! {PPU[1] Thread (CPUThread)[0x01b8d070]} sys_semaphore: *** semaphore created [_spuWkl] (protocol=0x2): id = 65
HLE: ! {PPU[1] Thread (CPUThread)[0x01b8d070]} sys_semaphore: *** semaphore created [_spuWkl] (protocol=0x2): id = 66
HLE: ! {PPU[1] Thread (CPUThread)[0x01b8d070]} sys_semaphore: *** semaphore created [_spuWkl] (protocol=0x2): id = 67
HLE: ! {PPU[1] Thread (CPUThread)[0x01b8d070]} sys_semaphore: *** semaphore created [_spuWkl] (protocol=0x2): id = 68
HLE: ! {PPU[1] Thread (CPUThread)[0x01b8d070]} sys_semaphore: *** semaphore created [_spuWkl] (protocol=0x2): id = 69
HLE: ! {PPU[1] Thread (CPUThread)[0x01b8d070]} sys_semaphore: *** semaphore created [_spuWkl] (protocol=0x2): id = 70
HLE: ! {PPU[1] Thread (CPUThread)[0x01b8d070]} sys_semaphore: *** semaphore created [_spuWkl] (protocol=0x2): id = 71
HLE: ! {PPU[1] Thread (CPUThread)[0x01b8d070]} sys_semaphore: *** semaphore created [_spuWkl] (protocol=0x2): id = 72
HLE: ! {PPU[1] Thread (CPUThread)[0x01b8d070]} sys_semaphore: *** semaphore created [_spuWkl] (protocol=0x2): id = 73
HLE: ! {PPU[1] Thread (CPUThread)[0x01b8d070]} sys_semaphore: *** semaphore created [_spuWkl] (protocol=0x2): id = 74
HLE: ! {PPU[1] Thread (CPUThread)[0x01b8d070]} sys_semaphore: *** semaphore created [_spuWkl] (protocol=0x2): id = 75
HLE: ! {PPU[1] Thread (CPUThread)[0x01b8d070]} sys_semaphore: *** semaphore created [_spuWkl] (protocol=0x2): id = 76
HLE: ! {PPU[1] Thread (CPUThread)[0x01b8d070]} sys_semaphore: *** semaphore created [_spuWkl] (protocol=0x2): id = 77
HLE: ! {PPU[1] Thread (CPUThread)[0x01b8d070]} sys_semaphore: *** semaphore created [_spuWkl] (protocol=0x2): id = 78
HLE: ! {PPU[1] Thread (CPUThread)[0x01b8d070]} sys_semaphore: *** semaphore created [_spuWkl] (protocol=0x2): id = 79
HLE: ! {PPU[1] Thread (CPUThread)[0x01b8d070]} sys_semaphore: *** semaphore created [_spuWkl] (protocol=0x2): id = 80
HLE: ! {PPU[1] Thread (CPUThread)[0x01b8d070]} sys_semaphore: *** semaphore created [_spuPrv] (protocol=0x2): id = 81
HLE: E {PPU[1] Thread (CPUThread)[0x01b8d070]} sys_spu TODO: Unsupported SPU Thread Group type (0x18)
HLE: ! {PPU[1] Thread (CPUThread)[0x01b8d070]} sys_spu: *** SPU Thread Group created [CellSpursKernelGroup] (num=5, prio=240, type=0x18, container=0): id=82
HLE: E {PPU[1] Thread (CPUThread)[0x01b8d070]} sys_spu TODO: Unsupported SPU Thread options (0x2)
HLE: W {PPU[1] Thread (CPUThread)[0x01b8d070]} sys_spu warning: *** New SPU Thread [CellSpursKernel0] (ep=0x0, opt=0x2, a1=0x0, a2=0x0, a3=0x0, a4=0x0): id=83
HLE: E {PPU[1] Thread (CPUThread)[0x01b8d070]} sys_spu TODO: Unsupported SPU Thread options (0x2)
HLE: W {PPU[1] Thread (CPUThread)[0x01b8d070]} sys_spu warning: *** New SPU Thread [CellSpursKernel1] (ep=0x0, opt=0x2, a1=0x0, a2=0x0, a3=0x0, a4=0x0): id=84
HLE: E {PPU[1] Thread (CPUThread)[0x01b8d070]} sys_spu TODO: Unsupported SPU Thread options (0x2)
HLE: W {PPU[1] Thread (CPUThread)[0x01b8d070]} sys_spu warning: *** New SPU Thread [CellSpursKernel2] (ep=0x0, opt=0x2, a1=0x0, a2=0x0, a3=0x0, a4=0x0): id=85
HLE: E {PPU[1] Thread (CPUThread)[0x01b8d070]} sys_spu TODO: Unsupported SPU Thread options (0x2)
HLE: W {PPU[1] Thread (CPUThread)[0x01b8d070]} sys_spu warning: *** New SPU Thread [CellSpursKernel3] (ep=0x0, opt=0x2, a1=0x0, a2=0x0, a3=0x0, a4=0x0): id=86
HLE: E {PPU[1] Thread (CPUThread)[0x01b8d070]} sys_spu TODO: Unsupported SPU Thread options (0x2)
HLE: W {PPU[1] Thread (CPUThread)[0x01b8d070]} sys_spu warning: *** New SPU Thread [CellSpursKernel4] (ep=0x0, opt=0x2, a1=0x0, a2=0x0, a3=0x0, a4=0x0): id=87
HLE: W {PPU[1] Thread (CPUThread)[0x00036268]} sys_spu warning: sys_spu_thread_group_connect_event_all_threads(id=82, eq_id=62, req=0x2, spup_addr=0xd000f550)
HLE: W {PPU[1] Thread (CPUThread)[0x00036268]} sys_spu warning: *** spup -> 1
HLE: ! {PPU[1] Thread (CPUThread)[0x01b8d070]} sys_lwmutex: *** lwmutex created [_spuPrv] (attribute=0x22): sq_id = 88
HLE: W {PPU[1] Thread (CPUThread)[0x01b8d070]} sys_lwcond warning: *** lwcond created [_spuPrv] (lwmutex_addr=0x9f7db0): id = 89
HLE: W {PPU[1] Thread (CPUThread)[0x01b8d070]} sys_event warning: *** event_queue created [_spuPrv] (protocol=0x1, type=0x1, key=0x0, size=0x2a): id = 90
HLE: W {PPU[1] Thread (CPUThread)[0x01b8d070]} sys_spu warning: sys_spu_thread_group_connect_event_all_threads(id=82, eq_id=90, req=0xffffffffffff0000, spup_addr=0x9f70c9)
HLE: W {PPU[1] Thread (CPUThread)[0x01b8d070]} sys_spu warning: *** spup -> 16
HLE: W {PPU[1] Thread (CPUThread)[0x01b8d070]} sys_event warning: *** sys_event_port created: id = 91
HLE: W {PPU[1] Thread (CPUThread)[0x01b8d070]} sys_event warning: sys_event_port_connect_local(eport_id=91, equeue_id=90)
HLE: ! {PPU[1] Thread (CPUThread)[0x01b8d070]} sys_ppu_thread: *** New PPU Thread [SpursHdlr0] (joinable, entry=0x0): id = 92
HLE: ! {PPU[1] Thread (CPUThread)[0x01b8d070]} sys_ppu_thread: *** New PPU Thread [SpursHdlr1] (joinable, entry=0x0): id = 93
HLE: E {PPU[1] Thread (CPUThread)[0x01b8d070]} sys_spu TODO: sys_spu_thread_group_connect_event(id=82, eq=90, et=0x2)
HLE: W {PPU[1] Thread (CPUThread)[0x01b8b010]} cellSysmodule warning: cellSysmoduleLoadModule(CELL_SYSMODULE_AUDIO)
HLE: W {PPU[1] Thread (CPUThread)[0x007dc088]} cellSysutil warning: cellAudioOutGetSoundAvailability(audioOut=0, type=0, fs=0x4, option=0)
HLE: W {PPU[1] Thread (CPUThread)[0x007dc088]} cellSysutil warning: cellAudioOutGetSoundAvailability(audioOut=0, type=1, fs=0x4, option=0)
HLE: W {PPU[1] Thread (CPUThread)[0x007dc064]} cellSysutil warning: cellAudioOutConfigure(audioOut=0, config_addr=0xd000f470, option_addr=0x0, waitForEvent=0)
HLE: W {PPU[1] Thread (CPUThread)[0x01b9f004]} cellAudio warning: cellAudioInit()
HLE: ! {Audio Thread} cellAudio: Audio thread started
HLE: E {PPU[1] Thread (CPUThread)[0x01b8d118]} cellSpurs TODO: cellSpursGetInfo
HLE: W {PPU[1] Thread (CPUThread)[0x01b8d160]} cellSpurs warning: _cellSpursWorkloadAttributeInitialize(attr_addr=0xd000f008, revision=1, sdkVersion=0x220002, pm_addr=0x7ae880, size=0x2d80, data=0x1b7a500, priorityTable_addr=0xd000f490, minContention=0x1, maxContention=0x1)
HLE: W {PPU[1] Thread (CPUThread)[0x01b8d124]} cellSpurs warning: cellSpursWorkloadAttributeSetName(attr_addr=0xd000f008, nameClass_addr=0x73a3c8, nameInstance_addr=0x3012a018)
HLE: W {PPU[1] Thread (CPUThread)[0x01b8d148]} cellSpurs warning: cellSpursAddWorkloadWithAttribute(spurs_addr=0x9f7000, wid_addr=0x3012a010, attr_addr=0xd000f008)
HLE: E {PPU[1] Thread (CPUThread)[0x01b8d10c]} cellSpurs TODO: cellSpursRequestIdleSpu
HLE: E {PPU[1] Thread (CPUThread)[0x01b8d154]} cellSpurs TODO: cellSpursSetExceptionEventHandler
HLE: W {PPU[1] Thread (CPUThread)[0x01ba1058]} sys_lwmutex warning: sys_lwmutex_create(lwmutex_addr=0x19ea610, attr_addr=0xd000f200)
HLE: ! {PPU[1] Thread (CPUThread)[0x01ba1058]} sys_lwmutex: *** lwmutex created [] (attribute=0x22): sq_id = 94
HLE: E {PPU[1] Thread (CPUThread)[0x01b8d118]} cellSpurs TODO: cellSpursGetInfo
HLE: W {PPU[1] Thread (CPUThread)[0x01b8d160]} cellSpurs warning: _cellSpursWorkloadAttributeInitialize(attr_addr=0xd000edb8, revision=1, sdkVersion=0x220002, pm_addr=0x7ae880, size=0x2d80, data=0x19ebb00, priorityTable_addr=0xd000f098, minContention=0x1, maxContention=0x1)
HLE: W {PPU[1] Thread (CPUThread)[0x01b8d124]} cellSpurs warning: cellSpursWorkloadAttributeSetName(attr_addr=0xd000edb8, nameClass_addr=0x73a3c8, nameInstance_addr=0x19ea890)
HLE: W {PPU[1] Thread (CPUThread)[0x01b8d148]} cellSpurs warning: cellSpursAddWorkloadWithAttribute(spurs_addr=0x9f7000, wid_addr=0x19ea888, attr_addr=0xd000edb8)
HLE: E {PPU[1] Thread (CPUThread)[0x01b8d10c]} cellSpurs TODO: cellSpursRequestIdleSpu
HLE: E {PPU[1] Thread (CPUThread)[0x01b8d154]} cellSpurs TODO: cellSpursSetExceptionEventHandler
HLE: W {PPU[1] Thread (CPUThread)[0x004e8590]} sys_mutex warning: *** mutex created [] (protocol=0x2, recursive=false): id = 95
HLE: W {PPU[1] Thread (CPUThread)[0x004e85a4]} sys_cond warning: *** condition created [] (mutex_id=95): id = 96
HLE: W {PPU[1] Thread (CPUThread)[0x01b9f064]} cellAudio warning: cellAudioPortOpen(audioParam_addr=0xd000f120, portNum_addr=0x9e14c4)
HLE: W {PPU[1] Thread (CPUThread)[0x01b9f064]} cellAudio warning: *** audio port opened(nChannel=8, nBlock=8, attr=0x0, level=1.000000): port = 0
HLE: W {PPU[1] Thread (CPUThread)[0x01b9f040]} cellAudio warning: cellAudioGetPortConfig(portNum=0x0, portConfig_addr=0xd000f140)
HLE: W {PPU[1] Thread (CPUThread)[0x01b8d100]} cellSpurs warning: cellSpursReadyCountStore(spurs_addr=0x9f7000, wid=1, value=0x1)
HLE: W {PPU[1] Thread (CPUThread)[0x004e17c0]} sys_semaphore warning: sys_semaphore_create(sem_addr=0x19e5c98, attr_addr=0xd000f260, initial_count=0, max_count=1)
HLE: ! {PPU[1] Thread (CPUThread)[0x004e17c0]} sys_semaphore: *** semaphore created [] (protocol=0x2): id = 97
HLE: W {PPU[1] Thread (CPUThread)[0x01ba1058]} sys_lwmutex warning: sys_lwmutex_create(lwmutex_addr=0x19e5b98, attr_addr=0xd000f270)
HLE: ! {PPU[1] Thread (CPUThread)[0x01ba1058]} sys_lwmutex: *** lwmutex created [] (attribute=0x12): sq_id = 98
HLE: ! {PPU[1] Thread (CPUThread)[0x01ba1028]} sys_ppu_thread: *** New PPU Thread [syn_tick_timer_thread] (joinable, entry=0x8656d8): id = 99
HLE: W {PPU[1] Thread (CPUThread)[0x01b9f04c]} cellAudio warning: cellAudioPortStart(portNum=0x0)
TTY: SCREAM Version 6.0.12 Built on Dec  5 2008 at 16:50:05
TTY: SndStream Version 6.0.12 Built on Dec  5 2008 at 16:55:19
HLE: W {PPU[1] Thread (CPUThread)[0x01ba1058]} sys_lwmutex warning: sys_lwmutex_create(lwmutex_addr=0x34400570, attr_addr=0xd000f240)
HLE: ! {PPU[1] Thread (CPUThread)[0x01ba1058]} sys_lwmutex: *** lwmutex created [] (attribute=0x12): sq_id = 100
HLE: W {PPU[1] Thread (CPUThread)[0x01ba1058]} sys_lwmutex warning: sys_lwmutex_create(lwmutex_addr=0x34400550, attr_addr=0xd000f2c8)
HLE: ! {PPU[1] Thread (CPUThread)[0x01ba1058]} sys_lwmutex: *** lwmutex created [] (attribute=0x12): sq_id = 101
HLE: W {PPU[1] Thread (CPUThread)[0x01ba1160]} sys_lwcond warning: *** lwcond created [] (lwmutex_addr=0x34400550): id = 102
HLE: W {PPU[1] Thread (CPUThread)[0x01ba1058]} sys_lwmutex warning: sys_lwmutex_create(lwmutex_addr=0x34401528, attr_addr=0xd000f240)
HLE: ! {PPU[1] Thread (CPUThread)[0x01ba1058]} sys_lwmutex: *** lwmutex created [] (attribute=0x12): sq_id = 103
HLE: W {PPU[1] Thread (CPUThread)[0x01ba1058]} sys_lwmutex warning: sys_lwmutex_create(lwmutex_addr=0x34401508, attr_addr=0xd000f2c8)
HLE: ! {PPU[1] Thread (CPUThread)[0x01ba1058]} sys_lwmutex: *** lwmutex created [] (attribute=0x12): sq_id = 104
HLE: W {PPU[1] Thread (CPUThread)[0x01ba1160]} sys_lwcond warning: *** lwcond created [] (lwmutex_addr=0x34401508): id = 105
HLE: W {PPU[1] Thread (CPUThread)[0x01ba1058]} sys_lwmutex warning: sys_lwmutex_create(lwmutex_addr=0x344024e0, attr_addr=0xd000f240)
HLE: ! {PPU[1] Thread (CPUThread)[0x01ba1058]} sys_lwmutex: *** lwmutex created [] (attribute=0x12): sq_id = 106
HLE: W {PPU[1] Thread (CPUThread)[0x01ba1058]} sys_lwmutex warning: sys_lwmutex_create(lwmutex_addr=0x344024c0, attr_addr=0xd000f2c8)
HLE: ! {PPU[1] Thread (CPUThread)[0x01ba1058]} sys_lwmutex: *** lwmutex created [] (attribute=0x12): sq_id = 107
HLE: W {PPU[1] Thread (CPUThread)[0x01ba1160]} sys_lwcond warning: *** lwcond created [] (lwmutex_addr=0x344024c0): id = 108
HLE: W {PPU[1] Thread (CPUThread)[0x01ba1058]} sys_lwmutex warning: sys_lwmutex_create(lwmutex_addr=0x34403498, attr_addr=0xd000f240)
HLE: ! {PPU[1] Thread (CPUThread)[0x01ba1058]} sys_lwmutex: *** lwmutex created [] (attribute=0x12): sq_id = 109
HLE: W {PPU[1] Thread (CPUThread)[0x01ba1058]} sys_lwmutex warning: sys_lwmutex_create(lwmutex_addr=0x34403478, attr_addr=0xd000f2c8)
HLE: ! {PPU[1] Thread (CPUThread)[0x01ba1058]} sys_lwmutex: *** lwmutex created [] (attribute=0x12): sq_id = 110
HLE: W {PPU[1] Thread (CPUThread)[0x01ba1160]} sys_lwcond warning: *** lwcond created [] (lwmutex_addr=0x34403478): id = 111
HLE: W {PPU[1] Thread (CPUThread)[0x01ba1058]} sys_lwmutex warning: sys_lwmutex_create(lwmutex_addr=0x34404450, attr_addr=0xd000f240)
HLE: ! {PPU[1] Thread (CPUThread)[0x01ba1058]} sys_lwmutex: *** lwmutex created [] (attribute=0x12): sq_id = 112
HLE: W {PPU[1] Thread (CPUThread)[0x01ba1058]} sys_lwmutex warning: sys_lwmutex_create(lwmutex_addr=0x34404430, attr_addr=0xd000f2c8)
HLE: ! {PPU[1] Thread (CPUThread)[0x01ba1058]} sys_lwmutex: *** lwmutex created [] (attribute=0x12): sq_id = 113
HLE: W {PPU[1] Thread (CPUThread)[0x01ba1160]} sys_lwcond warning: *** lwcond created [] (lwmutex_addr=0x34404430): id = 114
HLE: W {PPU[1] Thread (CPUThread)[0x01ba1058]} sys_lwmutex warning: sys_lwmutex_create(lwmutex_addr=0x34405408, attr_addr=0xd000f240)
HLE: ! {PPU[1] Thread (CPUThread)[0x01ba1058]} sys_lwmutex: *** lwmutex created [] (attribute=0x12): sq_id = 115
HLE: W {PPU[1] Thread (CPUThread)[0x01ba1058]} sys_lwmutex warning: sys_lwmutex_create(lwmutex_addr=0x344053e8, attr_addr=0xd000f2c8)
HLE: ! {PPU[1] Thread (CPUThread)[0x01ba1058]} sys_lwmutex: *** lwmutex created [] (attribute=0x12): sq_id = 116
HLE: W {PPU[1] Thread (CPUThread)[0x01ba1160]} sys_lwcond warning: *** lwcond created [] (lwmutex_addr=0x344053e8): id = 117
HLE: W {PPU[1] Thread (CPUThread)[0x01ba1058]} sys_lwmutex warning: sys_lwmutex_create(lwmutex_addr=0x344063c0, attr_addr=0xd000f240)
HLE: ! {PPU[1] Thread (CPUThread)[0x01ba1058]} sys_lwmutex: *** lwmutex created [] (attribute=0x12): sq_id = 118
HLE: W {PPU[1] Thread (CPUThread)[0x01ba1058]} sys_lwmutex warning: sys_lwmutex_create(lwmutex_addr=0x344063a0, attr_addr=0xd000f2c8)
HLE: ! {PPU[1] Thread (CPUThread)[0x01ba1058]} sys_lwmutex: *** lwmutex created [] (attribute=0x12): sq_id = 119
HLE: W {PPU[1] Thread (CPUThread)[0x01ba1160]} sys_lwcond warning: *** lwcond created [] (lwmutex_addr=0x344063a0): id = 120
HLE: W {PPU[1] Thread (CPUThread)[0x01ba1058]} sys_lwmutex warning: sys_lwmutex_create(lwmutex_addr=0x34407378, attr_addr=0xd000f240)
HLE: ! {PPU[1] Thread (CPUThread)[0x01ba1058]} sys_lwmutex: *** lwmutex created [] (attribute=0x12): sq_id = 121
HLE: W {PPU[1] Thread (CPUThread)[0x01ba1058]} sys_lwmutex warning: sys_lwmutex_create(lwmutex_addr=0x34407358, attr_addr=0xd000f2c8)
HLE: ! {PPU[1] Thread (CPUThread)[0x01ba1058]} sys_lwmutex: *** lwmutex created [] (attribute=0x12): sq_id = 122
HLE: W {PPU[1] Thread (CPUThread)[0x01ba1160]} sys_lwcond warning: *** lwcond created [] (lwmutex_addr=0x34407358): id = 123
HLE: W {PPU[1] Thread (CPUThread)[0x01ba1058]} sys_lwmutex warning: sys_lwmutex_create(lwmutex_addr=0x34408330, attr_addr=0xd000f240)
HLE: ! {PPU[1] Thread (CPUThread)[0x01ba1058]} sys_lwmutex: *** lwmutex created [] (attribute=0x12): sq_id = 124
HLE: W {PPU[1] Thread (CPUThread)[0x01ba1058]} sys_lwmutex warning: sys_lwmutex_create(lwmutex_addr=0x34408310, attr_addr=0xd000f2c8)
HLE: ! {PPU[1] Thread (CPUThread)[0x01ba1058]} sys_lwmutex: *** lwmutex created [] (attribute=0x12): sq_id = 125
HLE: W {PPU[1] Thread (CPUThread)[0x01ba1160]} sys_lwcond warning: *** lwcond created [] (lwmutex_addr=0x34408310): id = 126
HLE: W {PPU[1] Thread (CPUThread)[0x01ba1058]} sys_lwmutex warning: sys_lwmutex_create(lwmutex_addr=0x344092e8, attr_addr=0xd000f240)
HLE: ! {PPU[1] Thread (CPUThread)[0x01ba1058]} sys_lwmutex: *** lwmutex created [] (attribute=0x12): sq_id = 127
HLE: W {PPU[1] Thread (CPUThread)[0x01ba1058]} sys_lwmutex warning: sys_lwmutex_create(lwmutex_addr=0x344092c8, attr_addr=0xd000f2c8)
HLE: ! {PPU[1] Thread (CPUThread)[0x01ba1058]} sys_lwmutex: *** lwmutex created [] (attribute=0x12): sq_id = 128
HLE: W {PPU[1] Thread (CPUThread)[0x01ba1160]} sys_lwcond warning: *** lwcond created [] (lwmutex_addr=0x344092c8): id = 129
HLE: W {PPU[1] Thread (CPUThread)[0x01ba1058]} sys_lwmutex warning: sys_lwmutex_create(lwmutex_addr=0x3440a2a0, attr_addr=0xd000f240)
HLE: ! {PPU[1] Thread (CPUThread)[0x01ba1058]} sys_lwmutex: *** lwmutex created [] (attribute=0x12): sq_id = 130
HLE: W {PPU[1] Thread (CPUThread)[0x01ba1058]} sys_lwmutex warning: sys_lwmutex_create(lwmutex_addr=0x3440a280, attr_addr=0xd000f2c8)
HLE: ! {PPU[1] Thread (CPUThread)[0x01ba1058]} sys_lwmutex: *** lwmutex created [] (attribute=0x12): sq_id = 131
HLE: W {PPU[1] Thread (CPUThread)[0x01ba1160]} sys_lwcond warning: *** lwcond created [] (lwmutex_addr=0x3440a280): id = 132
HLE: W {PPU[1] Thread (CPUThread)[0x01ba1058]} sys_lwmutex warning: sys_lwmutex_create(lwmutex_addr=0x3440b258, attr_addr=0xd000f240)
HLE: ! {PPU[1] Thread (CPUThread)[0x01ba1058]} sys_lwmutex: *** lwmutex created [] (attribute=0x12): sq_id = 133
HLE: W {PPU[1] Thread (CPUThread)[0x01ba1058]} sys_lwmutex warning: sys_lwmutex_create(lwmutex_addr=0x3440b238, attr_addr=0xd000f2c8)
HLE: ! {PPU[1] Thread (CPUThread)[0x01ba1058]} sys_lwmutex: *** lwmutex created [] (attribute=0x12): sq_id = 134
HLE: W {PPU[1] Thread (CPUThread)[0x01ba1160]} sys_lwcond warning: *** lwcond created [] (lwmutex_addr=0x3440b238): id = 135
HLE: W {PPU[1] Thread (CPUThread)[0x01ba1058]} sys_lwmutex warning: sys_lwmutex_create(lwmutex_addr=0x3440c210, attr_addr=0xd000f240)
HLE: ! {PPU[1] Thread (CPUThread)[0x01ba1058]} sys_lwmutex: *** lwmutex created [] (attribute=0x12): sq_id = 136
HLE: W {PPU[1] Thread (CPUThread)[0x01ba1058]} sys_lwmutex warning: sys_lwmutex_create(lwmutex_addr=0x3440c1f0, attr_addr=0xd000f2c8)
HLE: ! {PPU[1] Thread (CPUThread)[0x01ba1058]} sys_lwmutex: *** lwmutex created [] (attribute=0x12): sq_id = 137
HLE: W {PPU[1] Thread (CPUThread)[0x01ba1160]} sys_lwcond warning: *** lwcond created [] (lwmutex_addr=0x3440c1f0): id = 138
HLE: W {PPU[1] Thread (CPUThread)[0x01ba1058]} sys_lwmutex warning: sys_lwmutex_create(lwmutex_addr=0x3440d1c8, attr_addr=0xd000f240)
HLE: ! {PPU[1] Thread (CPUThread)[0x01ba1058]} sys_lwmutex: *** lwmutex created [] (attribute=0x12): sq_id = 139
HLE: W {PPU[1] Thread (CPUThread)[0x01ba1058]} sys_lwmutex warning: sys_lwmutex_create(lwmutex_addr=0x3440d1a8, attr_addr=0xd000f2c8)
HLE: ! {PPU[1] Thread (CPUThread)[0x01ba1058]} sys_lwmutex: *** lwmutex created [] (attribute=0x12): sq_id = 140
HLE: W {PPU[1] Thread (CPUThread)[0x01ba1160]} sys_lwcond warning: *** lwcond created [] (lwmutex_addr=0x3440d1a8): id = 141
HLE: W {PPU[1] Thread (CPUThread)[0x01ba1058]} sys_lwmutex warning: sys_lwmutex_create(lwmutex_addr=0x3440e180, attr_addr=0xd000f240)
HLE: ! {PPU[1] Thread (CPUThread)[0x01ba1058]} sys_lwmutex: *** lwmutex created [] (attribute=0x12): sq_id = 142
HLE: W {PPU[1] Thread (CPUThread)[0x01ba1058]} sys_lwmutex warning: sys_lwmutex_create(lwmutex_addr=0x3440e160, attr_addr=0xd000f2c8)
HLE: ! {PPU[1] Thread (CPUThread)[0x01ba1058]} sys_lwmutex: *** lwmutex created [] (attribute=0x12): sq_id = 143
HLE: W {PPU[1] Thread (CPUThread)[0x01ba1160]} sys_lwcond warning: *** lwcond created [] (lwmutex_addr=0x3440e160): id = 144
HLE: W {PPU[1] Thread (CPUThread)[0x01ba1058]} sys_lwmutex warning: sys_lwmutex_create(lwmutex_addr=0x3440f138, attr_addr=0xd000f240)
HLE: ! {PPU[1] Thread (CPUThread)[0x01ba1058]} sys_lwmutex: *** lwmutex created [] (attribute=0x12): sq_id = 145
HLE: W {PPU[1] Thread (CPUThread)[0x01ba1058]} sys_lwmutex warning: sys_lwmutex_create(lwmutex_addr=0x3440f118, attr_addr=0xd000f2c8)
HLE: ! {PPU[1] Thread (CPUThread)[0x01ba1058]} sys_lwmutex: *** lwmutex created [] (attribute=0x12): sq_id = 146
HLE: W {PPU[1] Thread (CPUThread)[0x01ba1160]} sys_lwcond warning: *** lwcond created [] (lwmutex_addr=0x3440f118): id = 147
HLE: W {PPU[1] Thread (CPUThread)[0x01ba1058]} sys_lwmutex warning: sys_lwmutex_create(lwmutex_addr=0x344100f0, attr_addr=0xd000f240)
HLE: ! {PPU[1] Thread (CPUThread)[0x01ba1058]} sys_lwmutex: *** lwmutex created [] (attribute=0x12): sq_id = 148
HLE: W {PPU[1] Thread (CPUThread)[0x01ba1058]} sys_lwmutex warning: sys_lwmutex_create(lwmutex_addr=0x344100d0, attr_addr=0xd000f2c8)
HLE: ! {PPU[1] Thread (CPUThread)[0x01ba1058]} sys_lwmutex: *** lwmutex created [] (attribute=0x12): sq_id = 149
HLE: W {PPU[1] Thread (CPUThread)[0x01ba1160]} sys_lwcond warning: *** lwcond created [] (lwmutex_addr=0x344100d0): id = 150
HLE: W {PPU[1] Thread (CPUThread)[0x01ba1058]} sys_lwmutex warning: sys_lwmutex_create(lwmutex_addr=0x344110a8, attr_addr=0xd000f240)
HLE: ! {PPU[1] Thread (CPUThread)[0x01ba1058]} sys_lwmutex: *** lwmutex created [] (attribute=0x12): sq_id = 151
HLE: W {PPU[1] Thread (CPUThread)[0x01ba1058]} sys_lwmutex warning: sys_lwmutex_create(lwmutex_addr=0x34411088, attr_addr=0xd000f2c8)
HLE: ! {PPU[1] Thread (CPUThread)[0x01ba1058]} sys_lwmutex: *** lwmutex created [] (attribute=0x12): sq_id = 152
HLE: W {PPU[1] Thread (CPUThread)[0x01ba1160]} sys_lwcond warning: *** lwcond created [] (lwmutex_addr=0x34411088): id = 153
HLE: W {PPU[1] Thread (CPUThread)[0x01ba1058]} sys_lwmutex warning: sys_lwmutex_create(lwmutex_addr=0x34412060, attr_addr=0xd000f240)
HLE: ! {PPU[1] Thread (CPUThread)[0x01ba1058]} sys_lwmutex: *** lwmutex created [] (attribute=0x12): sq_id = 154
HLE: W {PPU[1] Thread (CPUThread)[0x01ba1058]} sys_lwmutex warning: sys_lwmutex_create(lwmutex_addr=0x34412040, attr_addr=0xd000f2c8)
HLE: ! {PPU[1] Thread (CPUThread)[0x01ba1058]} sys_lwmutex: *** lwmutex created [] (attribute=0x12): sq_id = 155
HLE: W {PPU[1] Thread (CPUThread)[0x01ba1160]} sys_lwcond warning: *** lwcond created [] (lwmutex_addr=0x34412040): id = 156
HLE: W {PPU[1] Thread (CPUThread)[0x01ba1058]} sys_lwmutex warning: sys_lwmutex_create(lwmutex_addr=0x34413018, attr_addr=0xd000f240)
HLE: ! {PPU[1] Thread (CPUThread)[0x01ba1058]} sys_lwmutex: *** lwmutex created [] (attribute=0x12): sq_id = 157
HLE: W {PPU[1] Thread (CPUThread)[0x01ba1058]} sys_lwmutex warning: sys_lwmutex_create(lwmutex_addr=0x34412ff8, attr_addr=0xd000f2c8)
HLE: ! {PPU[1] Thread (CPUThread)[0x01ba1058]} sys_lwmutex: *** lwmutex created [] (attribute=0x12): sq_id = 158
HLE: W {PPU[1] Thread (CPUThread)[0x01ba1160]} sys_lwcond warning: *** lwcond created [] (lwmutex_addr=0x34412ff8): id = 159
HLE: W {PPU[1] Thread (CPUThread)[0x01ba1058]} sys_lwmutex warning: sys_lwmutex_create(lwmutex_addr=0x34413fd0, attr_addr=0xd000f240)
HLE: ! {PPU[1] Thread (CPUThread)[0x01ba1058]} sys_lwmutex: *** lwmutex created [] (attribute=0x12): sq_id = 160
HLE: W {PPU[1] Thread (CPUThread)[0x01ba1058]} sys_lwmutex warning: sys_lwmutex_create(lwmutex_addr=0x34413fb0, attr_addr=0xd000f2c8)
HLE: ! {PPU[1] Thread (CPUThread)[0x01ba1058]} sys_lwmutex: *** lwmutex created [] (attribute=0x12): sq_id = 161
HLE: W {PPU[1] Thread (CPUThread)[0x01ba1160]} sys_lwcond warning: *** lwcond created [] (lwmutex_addr=0x34413fb0): id = 162
HLE: W {PPU[1] Thread (CPUThread)[0x01ba1058]} sys_lwmutex warning: sys_lwmutex_create(lwmutex_addr=0x34414f88, attr_addr=0xd000f240)
HLE: ! {PPU[1] Thread (CPUThread)[0x01ba1058]} sys_lwmutex: *** lwmutex created [] (attribute=0x12): sq_id = 163
HLE: W {PPU[1] Thread (CPUThread)[0x01ba1058]} sys_lwmutex warning: sys_lwmutex_create(lwmutex_addr=0x34414f68, attr_addr=0xd000f2c8)
HLE: ! {PPU[1] Thread (CPUThread)[0x01ba1058]} sys_lwmutex: *** lwmutex created [] (attribute=0x12): sq_id = 164
HLE: W {PPU[1] Thread (CPUThread)[0x01ba1160]} sys_lwcond warning: *** lwcond created [] (lwmutex_addr=0x34414f68): id = 165
HLE: W {PPU[1] Thread (CPUThread)[0x01ba1058]} sys_lwmutex warning: sys_lwmutex_create(lwmutex_addr=0x34415f40, attr_addr=0xd000f240)
HLE: ! {PPU[1] Thread (CPUThread)[0x01ba1058]} sys_lwmutex: *** lwmutex created [] (attribute=0x12): sq_id = 166
HLE: W {PPU[1] Thread (CPUThread)[0x01ba1058]} sys_lwmutex warning: sys_lwmutex_create(lwmutex_addr=0x34415f20, attr_addr=0xd000f2c8)
HLE: ! {PPU[1] Thread (CPUThread)[0x01ba1058]} sys_lwmutex: *** lwmutex created [] (attribute=0x12): sq_id = 167
HLE: W {PPU[1] Thread (CPUThread)[0x01ba1160]} sys_lwcond warning: *** lwcond created [] (lwmutex_addr=0x34415f20): id = 168
HLE: W {PPU[1] Thread (CPUThread)[0x01ba1058]} sys_lwmutex warning: sys_lwmutex_create(lwmutex_addr=0x34416ef8, attr_addr=0xd000f240)
HLE: ! {PPU[1] Thread (CPUThread)[0x01ba1058]} sys_lwmutex: *** lwmutex created [] (attribute=0x12): sq_id = 169
HLE: W {PPU[1] Thread (CPUThread)[0x01ba1058]} sys_lwmutex warning: sys_lwmutex_create(lwmutex_addr=0x34416ed8, attr_addr=0xd000f2c8)
HLE: ! {PPU[1] Thread (CPUThread)[0x01ba1058]} sys_lwmutex: *** lwmutex created [] (attribute=0x12): sq_id = 170
HLE: W {PPU[1] Thread (CPUThread)[0x01ba1160]} sys_lwcond warning: *** lwcond created [] (lwmutex_addr=0x34416ed8): id = 171
HLE: ! {PPU[1] Thread (CPUThread)[0x01ba1028]} sys_ppu_thread: *** New PPU Thread [snd_stream_service_thread] (joinable, entry=0x87d058): id = 172
HLE: ! {PPU[1] Thread (CPUThread)[0x01ba1028]} sys_ppu_thread: *** New PPU Thread [snd_stream_service_thread] (joinable, entry=0x87d058): id = 173
HLE: ! {PPU[1] Thread (CPUThread)[0x01ba1028]} sys_ppu_thread: *** New PPU Thread [snd_stream_service_thread] (joinable, entry=0x87d058): id = 174
HLE: ! {PPU[1] Thread (CPUThread)[0x01ba1028]} sys_ppu_thread: *** New PPU Thread [snd_stream_service_thread] (joinable, entry=0x87d058): id = 175
HLE: ! {PPU[1] Thread (CPUThread)[0x01ba1028]} sys_ppu_thread: *** New PPU Thread [snd_stream_service_thread] (joinable, entry=0x87d058): id = 176
HLE: ! {PPU[1] Thread (CPUThread)[0x01ba1028]} sys_ppu_thread: *** New PPU Thread [snd_stream_service_thread] (joinable, entry=0x87d058): id = 177
HLE: ! {PPU[1] Thread (CPUThread)[0x01ba1028]} sys_ppu_thread: *** New PPU Thread [snd_stream_service_thread] (joinable, entry=0x87d058): id = 178
HLE: ! {PPU[1] Thread (CPUThread)[0x01ba1028]} sys_ppu_thread: *** New PPU Thread [snd_stream_service_thread] (joinable, entry=0x87d058): id = 179
HLE: ! {PPU[1] Thread (CPUThread)[0x01ba1028]} sys_ppu_thread: *** New PPU Thread [snd_stream_service_thread] (joinable, entry=0x87d058): id = 180
HLE: ! {PPU[1] Thread (CPUThread)[0x01ba1028]} sys_ppu_thread: *** New PPU Thread [snd_stream_service_thread] (joinable, entry=0x87d058): id = 181
HLE: ! {PPU[1] Thread (CPUThread)[0x01ba1028]} sys_ppu_thread: *** New PPU Thread [snd_stream_service_thread] (joinable, entry=0x87d058): id = 182
HLE: ! {PPU[1] Thread (CPUThread)[0x01ba1028]} sys_ppu_thread: *** New PPU Thread [snd_stream_service_thread] (joinable, entry=0x87d058): id = 183
HLE: ! {PPU[1] Thread (CPUThread)[0x01ba1028]} sys_ppu_thread: *** New PPU Thread [snd_stream_service_thread] (joinable, entry=0x87d058): id = 184
HLE: ! {PPU[1] Thread (CPUThread)[0x01ba1028]} sys_ppu_thread: *** New PPU Thread [snd_stream_service_thread] (joinable, entry=0x87d058): id = 185
HLE: ! {PPU[1] Thread (CPUThread)[0x01ba1028]} sys_ppu_thread: *** New PPU Thread [snd_stream_service_thread] (joinable, entry=0x87d058): id = 186
HLE: ! {PPU[1] Thread (CPUThread)[0x01ba1028]} sys_ppu_thread: *** New PPU Thread [snd_stream_service_thread] (joinable, entry=0x87d058): id = 187
HLE: ! {PPU[1] Thread (CPUThread)[0x01ba1028]} sys_ppu_thread: *** New PPU Thread [snd_stream_service_thread] (joinable, entry=0x87d058): id = 188
HLE: ! {PPU[1] Thread (CPUThread)[0x01ba1028]} sys_ppu_thread: *** New PPU Thread [snd_stream_service_thread] (joinable, entry=0x87d058): id = 189
HLE: ! {PPU[1] Thread (CPUThread)[0x01ba1028]} sys_ppu_thread: *** New PPU Thread [snd_stream_service_thread] (joinable, entry=0x87d058): id = 190
HLE: ! {PPU[1] Thread (CPUThread)[0x01ba1028]} sys_ppu_thread: *** New PPU Thread [snd_stream_service_thread] (joinable, entry=0x87d058): id = 191
HLE: ! {PPU[1] Thread (CPUThread)[0x01ba1028]} sys_ppu_thread: *** New PPU Thread [snd_stream_service_thread] (joinable, entry=0x87d058): id = 192
HLE: ! {PPU[1] Thread (CPUThread)[0x01ba1028]} sys_ppu_thread: *** New PPU Thread [snd_stream_service_thread] (joinable, entry=0x87d058): id = 193
HLE: ! {PPU[1] Thread (CPUThread)[0x01ba1028]} sys_ppu_thread: *** New PPU Thread [snd_stream_service_thread] (joinable, entry=0x87d058): id = 194
HLE: ! {PPU[1] Thread (CPUThread)[0x01ba1028]} sys_ppu_thread: *** New PPU Thread [snd_stream_service_thread] (joinable, entry=0x87d058): id = 195
HLE: W {PPU[1] Thread (CPUThread)[0x007dc088]} cellSysutil warning: cellAudioOutGetSoundAvailability(audioOut=0, type=0, fs=0x4, option=0)
HLE: W {PPU[1] Thread (CPUThread)[0x007dc088]} cellSysutil warning: cellAudioOutGetSoundAvailability(audioOut=0, type=1, fs=0x4, option=0)
HLE: W {PPU[1] Thread (CPUThread)[0x01b8b010]} cellSysmodule warning: cellSysmoduleLoadModule(CELL_SYSMODULE_SYSUTIL)
HLE: W {PPU[1] Thread (CPUThread)[0x01b8b010]} cellSysmodule warning: cellSysmoduleLoadModule(CELL_SYSMODULE_SPURS)
HLE: W {PPU[1] Thread (CPUThread)[0x01b8b010]} cellSysmodule warning: cellSysmoduleLoadModule(CELL_SYSMODULE_IO)
HLE: W {PPU[1] Thread (CPUThread)[0x01b8b010]} cellSysmodule warning: cellSysmoduleLoadModule(CELL_SYSMODULE_FS)
HLE: W {PPU[1] Thread (CPUThread)[0x01b8b010]} cellSysmodule warning: cellSysmoduleLoadModule(CELL_SYSMODULE_AUDIO)
HLE: W {PPU[1] Thread (CPUThread)[0x01b8b010]} cellSysmodule warning: cellSysmoduleLoadModule(CELL_SYSMODULE_VDEC_AVC)
HLE: W {PPU[1] Thread (CPUThread)[0x01b8b010]} cellSysmodule warning: cellSysmoduleLoadModule(CELL_SYSMODULE_VDEC_MPEG2)
HLE: W {PPU[1] Thread (CPUThread)[0x01b8b010]} cellSysmodule warning: cellSysmoduleLoadModule(CELL_SYSMODULE_ADEC_AC3)
HLE: W {PPU[1] Thread (CPUThread)[0x01b8b010]} cellSysmodule warning: cellSysmoduleLoadModule(CELL_SYSMODULE_ADEC_MP3)
HLE: W {PPU[1] Thread (CPUThread)[0x01b8b010]} cellSysmodule warning: cellSysmoduleLoadModule(CELL_SYSMODULE_VDEC_DIVX)
HLE: W {PPU[1] Thread (CPUThread)[0x01b8b010]} cellSysmodule warning: cellSysmoduleLoadModule(CELL_SYSMODULE_GCM_SYS)
HLE: W {PPU[1] Thread (CPUThread)[0x01b8b010]} cellSysmodule warning: cellSysmoduleLoadModule(CELL_SYSMODULE_GCM_SYS)
TTY: Booting game
HLE: W {PPU[1] Thread (CPUThread)[0x01ba1058]} sys_lwmutex warning: sys_lwmutex_create(lwmutex_addr=0x366001d8, attr_addr=0x6f4cec)
HLE: ! {PPU[1] Thread (CPUThread)[0x01ba1058]} sys_lwmutex: *** lwmutex created [_lc_mtx] (attribute=0x12): sq_id = 196
HLE: W {PPU[1] Thread (CPUThread)[0x007dc058]} cellSysutil warning: cellSysutilGetSystemParamInt: CELL_SYSUTIL_SYSTEMPARAM_ID_LANG
HLE: W {PPU[1] Thread (CPUThread)[0x007dc058]} cellSysutil warning: cellSysutilGetSystemParamInt: CELL_SYSUTIL_SYSTEMPARAM_ID_LANG
HLE: W {PPU[1] Thread (CPUThread)[0x007dc058]} cellSysutil warning: cellSysutilGetSystemParamInt: CELL_SYSUTIL_SYSTEMPARAM_ID_LANG
HLE: W {PPU[1] Thread (CPUThread)[0x007dc058]} cellSysutil warning: cellSysutilGetSystemParamInt: CELL_SYSUTIL_SYSTEMPARAM_ID_LANG
HLE: W {PPU[1] Thread (CPUThread)[0x01ba1058]} sys_lwmutex warning: sys_lwmutex_create(lwmutex_addr=0x301fe070, attr_addr=0xd0008948)
HLE: ! {PPU[1] Thread (CPUThread)[0x01ba1058]} sys_lwmutex: *** lwmutex created [] (attribute=0x22): sq_id = 197
HLE: W {PPU[1] Thread (CPUThread)[0x01ba1160]} sys_lwcond warning: *** lwcond created [] (lwmutex_addr=0x301fe070): id = 198
HLE: W {PPU[1] Thread (CPUThread)[0x01ba1058]} sys_lwmutex warning: sys_lwmutex_create(lwmutex_addr=0x301fe0e0, attr_addr=0xd00089d8)
HLE: ! {PPU[1] Thread (CPUThread)[0x01ba1058]} sys_lwmutex: *** lwmutex created [] (attribute=0x22): sq_id = 199
HLE: W {PPU[1] Thread (CPUThread)[0x01ba1160]} sys_lwcond warning: *** lwcond created [] (lwmutex_addr=0x301fe0e0): id = 200
HLE: E {PPU[1] Thread (CPUThread)[0x01b99004]} cellNetCtl TODO: cellNetCtlGetInfo(code=0x10, info_addr=0xd00088f0)
HLE: W {PPU[1] Thread (CPUThread)[0x01ba1058]} sys_lwmutex warning: sys_lwmutex_create(lwmutex_addr=0x9f80c8, attr_addr=0xd0008c70)
HLE: ! {PPU[1] Thread (CPUThread)[0x01ba1058]} sys_lwmutex: *** lwmutex created [] (attribute=0x22): sq_id = 201
HLE: W {PPU[1] Thread (CPUThread)[0x01ba1058]} sys_lwmutex warning: sys_lwmutex_create(lwmutex_addr=0x9f80f0, attr_addr=0xd0008c70)
HLE: ! {PPU[1] Thread (CPUThread)[0x01ba1058]} sys_lwmutex: *** lwmutex created [] (attribute=0x22): sq_id = 202
HLE: ! {PPU[1] Thread (CPUThread)[0x01ba1028]} sys_ppu_thread: *** New PPU Thread [Resource Streamer] (joinable, entry=0x871bf8): id = 203
HLE: W {PPU[1] Thread (CPUThread)[0x007de028]} sys_fs warning: cellFsStat(path="/dev_hdd0/game/NPEA00094/USRDIR/Data/Sounds/MenuSfxMenu.bnk", sb_addr=0xd00079b0)
HLE: W {PPU[1] Thread (CPUThread)[0x01ba1058]} sys_lwmutex warning: sys_lwmutex_create(lwmutex_addr=0x301ff4d0, attr_addr=0x6f4cec)
HLE: ! {PPU[1] Thread (CPUThread)[0x01ba1058]} sys_lwmutex: *** lwmutex created [_lc_mtx] (attribute=0x12): sq_id = 204
HLE: W {PPU[1] Thread (CPUThread)[0x01ba1058]} sys_lwmutex warning: sys_lwmutex_create(lwmutex_addr=0x301ff5a0, attr_addr=0x6f4cec)
HLE: ! {PPU[1] Thread (CPUThread)[0x01ba1058]} sys_lwmutex: *** lwmutex created [_lc_mtx] (attribute=0x12): sq_id = 205
HLE: W {PPU[1] Thread (CPUThread)[0x01ba1058]} sys_lwmutex warning: sys_lwmutex_create(lwmutex_addr=0x301ff7c0, attr_addr=0x6f4cec)
HLE: ! {PPU[1] Thread (CPUThread)[0x01ba1058]} sys_lwmutex: *** lwmutex created [_lc_mtx] (attribute=0x12): sq_id = 206
HLE: W {PPU[1] Thread (CPUThread)[0x007de028]} sys_fs warning: cellFsStat(path="/dev_hdd0/game/NPEA00094/USRDIR/Data/Guard/Guard.txt.edat", sb_addr=0xd00079b0)
HLE: W {PPU[1] Thread (CPUThread)[0x007de028]} sys_fs warning: cellFsStat(path="/dev_hdd0/game/NPEA00094/USRDIR/Data/Textures/__NoSkyboxnone.dds.gz", sb_addr=0xd00079a0)
HLE: W {PPU[1] Thread (CPUThread)[0x01ba1058]} sys_lwmutex warning: sys_lwmutex_create(lwmutex_addr=0x301ffee0, attr_addr=0x6f4cec)
HLE: ! {PPU[1] Thread (CPUThread)[0x01ba1058]} sys_lwmutex: *** lwmutex created [_lc_mtx] (attribute=0x12): sq_id = 207
HLE: W {PPU[1] Thread (CPUThread)[0x01ba1058]} sys_lwmutex warning: sys_lwmutex_create(lwmutex_addr=0x301fff80, attr_addr=0x6f4cec)
HLE: ! {PPU[1] Thread (CPUThread)[0x01ba1058]} sys_lwmutex: *** lwmutex created [_lc_mtx] (attribute=0x12): sq_id = 208
HLE: W {PPU[1] Thread (CPUThread)[0x007de028]} sys_fs warning: cellFsStat(path="/dev_hdd0/game/NPEA00094/USRDIR/Data/Sounds/Presets.ini", sb_addr=0xd00079b0)
HLE: W {PPU[1] Thread (CPUThread)[0x007de028]} sys_fs warning: cellFsStat(path="/dev_hdd0/game/NPEA00094/USRDIR/Data/Save/ICON0.PNG", sb_addr=0xd00079b0)
HLE: W {PPU[1] Thread (CPUThread)[0x007de028]} sys_fs warning: cellFsStat(path="/dev_hdd0/game/NPEA00094/USRDIR/Data/Shaders/Resample_vs.cg", sb_addr=0xd00079b0)
HLE: W {PPU[1] Thread (CPUThread)[0x007de028]} sys_fs warning: cellFsStat(path="/dev_hdd0/game/NPEA00094/USRDIR/Data/Shaders/Resample_vs.cg.vpo", sb_addr=0xd00079b0)
HLE: W {PPU[1] Thread (CPUThread)[0x007de028]} sys_fs warning: cellFsStat(path="/dev_hdd0/game/NPEA00094/USRDIR/Data/Shaders/SlideShow_fs.cg", sb_addr=0xd00079b0)
HLE: W {PPU[1] Thread (CPUThread)[0x007de028]} sys_fs warning: cellFsStat(path="/dev_hdd0/game/NPEA00094/USRDIR/Data/Shaders/SlideShow_fs.cg.fpo", sb_addr=0xd00079b0)
HLE: W {PPU[1] Thread (CPUThread)[0x01ba1058]} sys_lwmutex warning: sys_lwmutex_create(lwmutex_addr=0x36435cb0, attr_addr=0x6f4cec)
HLE: ! {PPU[1] Thread (CPUThread)[0x01ba1058]} sys_lwmutex: *** lwmutex created [_lc_mtx] (attribute=0x12): sq_id = 209
HLE: W {PPU[1] Thread (CPUThread)[0x01ba1058]} sys_lwmutex warning: sys_lwmutex_create(lwmutex_addr=0x36435e50, attr_addr=0x6f4cec)
HLE: ! {PPU[1] Thread (CPUThread)[0x01ba1058]} sys_lwmutex: *** lwmutex created [_lc_mtx] (attribute=0x12): sq_id = 210
HLE: W {PPU[1] Thread (CPUThread)[0x007de028]} sys_fs warning: cellFsStat(path="/dev_hdd0/game/NPEA00094/USRDIR/Data/Textures/Title_SaveMessage_french.dds.gz", sb_addr=0xd00079a0)
HLE: W {PPU[1] Thread (CPUThread)[0x007de028]} sys_fs warning: cellFsStat(path="/dev_hdd0/game/NPEA00094/USRDIR/Data/Textures/Title_SaveMessage_italian.dds.gz", sb_addr=0xd00079a0)
HLE: W {PPU[1] Thread (CPUThread)[0x007de028]} sys_fs warning: cellFsStat(path="/dev_hdd0/game/NPEA00094/USRDIR/Data/Textures/Title_SaveMessage_german.dds.gz", sb_addr=0xd00079a0)
HLE: W {PPU[1] Thread (CPUThread)[0x007de028]} sys_fs warning: cellFsStat(path="/dev_hdd0/game/NPEA00094/USRDIR/Data/Textures/Title_SaveMessage_spanish.dds.gz", sb_addr=0xd00079a0)
HLE: W {PPU[1] Thread (CPUThread)[0x007de028]} sys_fs warning: cellFsStat(path="/dev_hdd0/game/NPEA00094/USRDIR/Data/Textures/Title_SaveMessage_dutch.dds.gz", sb_addr=0xd00079a0)
HLE: W {PPU[1] Thread (CPUThread)[0x007de028]} sys_fs warning: cellFsStat(path="/dev_hdd0/game/NPEA00094/USRDIR/Data/Textures/Title_SaveMessage_portuguese.dds.gz", sb_addr=0xd0007990)
HLE: W {PPU[1] Thread (CPUThread)[0x007de028]} sys_fs warning: cellFsStat(path="/dev_hdd0/game/NPEA00094/USRDIR/Data/Textures/Title_SaveMessage_russian.dds.gz", sb_addr=0xd00079a0)
HLE: W {PPU[1] Thread (CPUThread)[0x007de028]} sys_fs warning: cellFsStat(path="/dev_hdd0/game/NPEA00094/USRDIR/Data/Textures/Title_SaveMessage.dds.gz", sb_addr=0xd00079a0)
HLE: W {PPU[1] Thread (CPUThread)[0x007de028]} sys_fs warning: cellFsStat(path="/dev_hdd0/game/NPEA00094/USRDIR/Data/Textures/Title_SonyLogo_french.dds.gz", sb_addr=0xd00079a0)
HLE: W {PPU[1] Thread (CPUThread)[0x007de028]} sys_fs warning: cellFsStat(path="/dev_hdd0/game/NPEA00094/USRDIR/Data/Textures/Title_SonyLogo_italian.dds.gz", sb_addr=0xd00079a0)
HLE: W {PPU[1] Thread (CPUThread)[0x007de028]} sys_fs warning: cellFsStat(path="/dev_hdd0/game/NPEA00094/USRDIR/Data/Textures/Title_SonyLogo_german.dds.gz", sb_addr=0xd00079a0)
HLE: W {PPU[1] Thread (CPUThread)[0x007de028]} sys_fs warning: cellFsStat(path="/dev_hdd0/game/NPEA00094/USRDIR/Data/Textures/Title_SonyLogo_spanish.dds.gz", sb_addr=0xd00079a0)
HLE: W {PPU[1] Thread (CPUThread)[0x007de028]} sys_fs warning: cellFsStat(path="/dev_hdd0/game/NPEA00094/USRDIR/Data/Textures/Title_SonyLogo_dutch.dds.gz", sb_addr=0xd00079a0)
HLE: W {PPU[1] Thread (CPUThread)[0x007de028]} sys_fs warning: cellFsStat(path="/dev_hdd0/game/NPEA00094/USRDIR/Data/Textures/Title_SonyLogo_portuguese.dds.gz", sb_addr=0xd00079a0)
HLE: W {PPU[1] Thread (CPUThread)[0x007de028]} sys_fs warning: cellFsStat(path="/dev_hdd0/game/NPEA00094/USRDIR/Data/Textures/Title_SonyLogo_russian.dds.gz", sb_addr=0xd00079a0)
HLE: W {PPU[1] Thread (CPUThread)[0x007de028]} sys_fs warning: cellFsStat(path="/dev_hdd0/game/NPEA00094/USRDIR/Data/Textures/Title_SonyLogo.dds.gz", sb_addr=0xd00079a0)
HLE: W {PPU[1] Thread (CPUThread)[0x007de028]} sys_fs warning: cellFsStat(path="/dev_hdd0/game/NPEA00094/USRDIR/Data/Textures/Title_SmLogo.dds.gz", sb_addr=0xd00079a0)
HLE: W {PPU[1] Thread (CPUThread)[0x007de028]} sys_fs warning: cellFsStat(path="/dev_hdd0/game/NPEA00094/USRDIR/Data/Textures/Title_TgcLogo.dds.gz", sb_addr=0xd00079a0)
HLE: W {PPU[1] Thread (CPUThread)[0x007de028]} sys_fs warning: cellFsStat(path="/dev_hdd0/game/NPEA00094/USRDIR/Data/Textures/Black.dds", sb_addr=0xd00079b0)
HLE: W {PPU[1] Thread (CPUThread)[0x007de028]} sys_fs warning: cellFsStat(path="/dev_hdd0/game/NPEA00094/USRDIR/Data/Textures/White.dds", sb_addr=0xd00079b0)
HLE: ! {PPU[1] Thread (CPUThread)[0x007de01c]} sys_fs: "/dev_hdd0/game/NPEA00094/USRDIR/Data/Sounds/MenuSfxMenu.bnk" opened: fd = 211
HLE: W {PPU[1] Thread (CPUThread)[0x007de004]} sys_fs warning: cellFsClose(fd=211)
HLE: W {PPU[1] Thread (CPUThread)[0x01ba1058]} sys_lwmutex warning: sys_lwmutex_create(lwmutex_addr=0x36437d20, attr_addr=0xd00086f8)
HLE: ! {PPU[1] Thread (CPUThread)[0x01ba1058]} sys_lwmutex: *** lwmutex created [] (attribute=0x22): sq_id = 212
HLE: W {PPU[1] Thread (CPUThread)[0x01ba1160]} sys_lwcond warning: *** lwcond created [] (lwmutex_addr=0x36437d20): id = 213
HLE: W {PPU[1] Thread (CPUThread)[0x01ba1058]} sys_lwmutex warning: sys_lwmutex_create(lwmutex_addr=0x36437d90, attr_addr=0xd0008788)
HLE: ! {PPU[1] Thread (CPUThread)[0x01ba1058]} sys_lwmutex: *** lwmutex created [] (attribute=0x22): sq_id = 214
HLE: W {PPU[1] Thread (CPUThread)[0x01ba1160]} sys_lwcond warning: *** lwcond created [] (lwmutex_addr=0x36437d90): id = 215
HLE: E {PPU[1] Thread (CPUThread)[0x01b99004]} cellNetCtl TODO: cellNetCtlGetInfo(code=0x10, info_addr=0xd00086a0)
HLE: W {PPU[1] Thread (CPUThread)[0x01ba1058]} sys_lwmutex warning: sys_lwmutex_create(lwmutex_addr=0x364394f0, attr_addr=0xd00086d8)
HLE: ! {PPU[1] Thread (CPUThread)[0x01ba1058]} sys_lwmutex: *** lwmutex created [] (attribute=0x22): sq_id = 216
HLE: W {PPU[1] Thread (CPUThread)[0x01ba1160]} sys_lwcond warning: *** lwcond created [] (lwmutex_addr=0x364394f0): id = 217
HLE: W {PPU[1] Thread (CPUThread)[0x01ba1058]} sys_lwmutex warning: sys_lwmutex_create(lwmutex_addr=0x36439560, attr_addr=0xd0008768)
HLE: ! {PPU[1] Thread (CPUThread)[0x01ba1058]} sys_lwmutex: *** lwmutex created [] (attribute=0x22): sq_id = 218
HLE: W {PPU[1] Thread (CPUThread)[0x01ba1160]} sys_lwcond warning: *** lwcond created [] (lwmutex_addr=0x36439560): id = 219
HLE: E {PPU[1] Thread (CPUThread)[0x01b99004]} cellNetCtl TODO: cellNetCtlGetInfo(code=0x10, info_addr=0xd0008680)
HLE: W {PPU[1] Thread (CPUThread)[0x01ba1058]} sys_lwmutex warning: sys_lwmutex_create(lwmutex_addr=0x3643a390, attr_addr=0xd0008758)
HLE: ! {PPU[1] Thread (CPUThread)[0x01ba1058]} sys_lwmutex: *** lwmutex created [] (attribute=0x22): sq_id = 220
HLE: W {PPU[1] Thread (CPUThread)[0x01ba1160]} sys_lwcond warning: *** lwcond created [] (lwmutex_addr=0x3643a390): id = 221
HLE: W {PPU[1] Thread (CPUThread)[0x01ba1058]} sys_lwmutex warning: sys_lwmutex_create(lwmutex_addr=0x3643a400, attr_addr=0xd00087e8)
HLE: ! {PPU[1] Thread (CPUThread)[0x01ba1058]} sys_lwmutex: *** lwmutex created [] (attribute=0x22): sq_id = 222
HLE: W {PPU[1] Thread (CPUThread)[0x01ba1160]} sys_lwcond warning: *** lwcond created [] (lwmutex_addr=0x3643a400): id = 223
HLE: E {PPU[1] Thread (CPUThread)[0x01b99004]} cellNetCtl TODO: cellNetCtlGetInfo(code=0x10, info_addr=0xd0008700)
HLE: ! {PPU[203] Thread (Resource Streamer)[0x007de01c]} sys_fs: "/dev_hdd0/game/NPEA00094/USRDIR/Data/Textures/__NoSkyboxnone.dds.gz" opened: fd = 224
HLE: W {PPU[203] Thread (Resource Streamer)[0x007de094]} sys_fs warning: cellFsFstat(fd=224, sb_addr=0xd027f2a8)
HLE: W {PPU[203] Thread (Resource Streamer)[0x007de034]} sys_fs warning: cellFsStReadInit(fd=224, ringbuf_addr=0xd027f288)
HLE: E {PPU[203] Thread (Resource Streamer)[0x007de064]} sys_fs TODO: cellFsStReadStart(fd=224, offset=0x0, size=0x5f)
HLE: W {PPU[203] Thread (Resource Streamer)[0x007de040]} sys_fs warning: cellFsStRead(fd=224, buf_addr=0x3643a468, size=0x8000, rsize_addr=0xd027f378)
HLE: W {PPU[203] Thread (Resource Streamer)[0x007de040]} sys_fs warning: cellFsStRead(fd=224, buf_addr=0x3643a4c7, size=0x7fa1, rsize_addr=0xd027f378)
HLE: ! {PPU[1] Thread (CPUThread)[0x007de01c]} sys_fs: "/dev_hdd0/game/NPEA00094/USRDIR/Data/Shaders/Resample_vs.cg" opened: fd = 225
HLE: W {PPU[1] Thread (CPUThread)[0x007de094]} sys_fs warning: cellFsFstat(fd=225, sb_addr=0xd0007518)
HLE: W {PPU[1] Thread (CPUThread)[0x007de034]} sys_fs warning: cellFsStReadInit(fd=225, ringbuf_addr=0xd00074f8)
HLE: E {PPU[1] Thread (CPUThread)[0x007de064]} sys_fs TODO: cellFsStReadStart(fd=225, offset=0x0, size=0x221)
HLE: W {PPU[1] Thread (CPUThread)[0x007de040]} sys_fs warning: cellFsStRead(fd=225, buf_addr=0x364429b8, size=0x8000, rsize_addr=0xd00075d8)
HLE: W {PPU[1] Thread (CPUThread)[0x007de040]} sys_fs warning: cellFsStRead(fd=225, buf_addr=0x36442bd9, size=0x7ddf, rsize_addr=0xd00075d8)
HLE: W {PPU[1] Thread (CPUThread)[0x007de040]} sys_fs warning: cellFsStRead(fd=225, buf_addr=0x364429b8, size=0x8000, rsize_addr=0xd0007ce8)
HLE: W {PPU[203] Thread (Resource Streamer)[0x007de0a0]} sys_fs warning: cellFsStReadStop(fd=224)
HLE: W {PPU[203] Thread (Resource Streamer)[0x007de07c]} sys_fs warning: cellFsStReadFinish(fd=224)
HLE: W {PPU[203] Thread (Resource Streamer)[0x007de004]} sys_fs warning: cellFsClose(fd=224)
HLE: ! {PPU[1] Thread (CPUThread)[0x007de01c]} sys_fs: "/dev_hdd0/game/NPEA00094/USRDIR/Data/Shaders/Resample_vs.cg.vpo" opened: fd = 226
HLE: W {PPU[1] Thread (CPUThread)[0x007de094]} sys_fs warning: cellFsFstat(fd=226, sb_addr=0xd0007508)
HLE: W {PPU[1] Thread (CPUThread)[0x007de034]} sys_fs warning: cellFsStReadInit(fd=226, ringbuf_addr=0xd00074e8)
HLE: E {PPU[1] Thread (CPUThread)[0x007de064]} sys_fs TODO: cellFsStReadStart(fd=226, offset=0x0, size=0x180)
HLE: W {PPU[1] Thread (CPUThread)[0x007de040]} sys_fs warning: cellFsStRead(fd=226, buf_addr=0x3643a468, size=0x8000, rsize_addr=0xd00075c8)
HLE: W {PPU[1] Thread (CPUThread)[0x007de040]} sys_fs warning: cellFsStRead(fd=226, buf_addr=0x3643a5e8, size=0x7e80, rsize_addr=0xd00075c8)
HLE: W {PPU[1] Thread (CPUThread)[0x007de040]} sys_fs warning: cellFsStRead(fd=226, buf_addr=0x3643a468, size=0x8000, rsize_addr=0xd0007ce8)
HLE: W {PPU[1] Thread (CPUThread)[0x007de0a0]} sys_fs warning: cellFsStReadStop(fd=225)
HLE: W {PPU[1] Thread (CPUThread)[0x007de07c]} sys_fs warning: cellFsStReadFinish(fd=225)
HLE: W {PPU[1] Thread (CPUThread)[0x007de004]} sys_fs warning: cellFsClose(fd=225)
HLE: W {PPU[1] Thread (CPUThread)[0x007de0a0]} sys_fs warning: cellFsStReadStop(fd=226)
HLE: W {PPU[1] Thread (CPUThread)[0x007de07c]} sys_fs warning: cellFsStReadFinish(fd=226)
MEM: E {PPU[1] Thread (CPUThread)[0x007de07c]} DynamicMemoryBlock::Free(addr=0x34380000): failed
MEM: ! {PPU[1] Thread (CPUThread)[0x007de07c]} *** Memory Block: addr = 0x30000000, size = 0x10000
MEM: ! {PPU[1] Thread (CPUThread)[0x007de07c]} *** Memory Block: addr = 0x30100000, size = 0x100000
MEM: ! {PPU[1] Thread (CPUThread)[0x007de07c]} *** Memory Block: addr = 0x30200000, size = 0x300000
MEM: ! {PPU[1] Thread (CPUThread)[0x007de07c]} *** Memory Block: addr = 0x30010000, size = 0x2000
MEM: ! {PPU[1] Thread (CPUThread)[0x007de07c]} *** Memory Block: addr = 0x30012000, size = 0x1000
MEM: ! {PPU[1] Thread (CPUThread)[0x007de07c]} *** Memory Block: addr = 0x30013000, size = 0x1000
MEM: ! {PPU[1] Thread (CPUThread)[0x007de07c]} *** Memory Block: addr = 0x30014000, size = 0x1000
MEM: ! {PPU[1] Thread (CPUThread)[0x007de07c]} *** Memory Block: addr = 0x30015000, size = 0x1000
MEM: ! {PPU[1] Thread (CPUThread)[0x007de07c]} *** Memory Block: addr = 0x30500000, size = 0x3d00000
MEM: ! {PPU[1] Thread (CPUThread)[0x007de07c]} *** Memory Block: addr = 0x30016000, size = 0x40000
MEM: ! {PPU[1] Thread (CPUThread)[0x007de07c]} *** Memory Block: addr = 0x30056000, size = 0x40000
MEM: ! {PPU[1] Thread (CPUThread)[0x007de07c]} *** Memory Block: addr = 0x30096000, size = 0x1000
MEM: ! {PPU[1] Thread (CPUThread)[0x007de07c]} *** Memory Block: addr = 0x30097000, size = 0x40000
MEM: ! {PPU[1] Thread (CPUThread)[0x007de07c]} *** Memory Block: addr = 0x34200000, size = 0x40000
MEM: ! {PPU[1] Thread (CPUThread)[0x007de07c]} *** Memory Block: addr = 0x34240000, size = 0x40000
MEM: ! {PPU[1] Thread (CPUThread)[0x007de07c]} *** Memory Block: addr = 0x34280000, size = 0x40000
MEM: ! {PPU[1] Thread (CPUThread)[0x007de07c]} *** Memory Block: addr = 0x342c0000, size = 0x40000
MEM: ! {PPU[1] Thread (CPUThread)[0x007de07c]} *** Memory Block: addr = 0x34300000, size = 0x40000
MEM: ! {PPU[1] Thread (CPUThread)[0x007de07c]} *** Memory Block: addr = 0x34400000, size = 0x2100000
MEM: ! {PPU[1] Thread (CPUThread)[0x007de07c]} *** Memory Block: addr = 0x36500000, size = 0x100000
MEM: ! {PPU[1] Thread (CPUThread)[0x007de07c]} *** Memory Block: addr = 0x300d7000, size = 0x1000
MEM: ! {PPU[1] Thread (CPUThread)[0x007de07c]} *** Memory Block: addr = 0x36600000, size = 0xd00000
MEM: ! {PPU[1] Thread (CPUThread)[0x007de07c]} *** Memory Block: addr = 0x34340000, size = 0x40000
HLE: W {PPU[1] Thread (CPUThread)[0x007de004]} sys_fs warning: cellFsClose(fd=226)
HLE: ! {PPU[1] Thread (CPUThread)[0x007de01c]} sys_fs: "/dev_hdd0/game/NPEA00094/USRDIR/Data/Shaders/SlideShow_fs.cg" opened: fd = 227
HLE: W {PPU[1] Thread (CPUThread)[0x007de094]} sys_fs warning: cellFsFstat(fd=227, sb_addr=0xd0007518)
HLE: W {PPU[1] Thread (CPUThread)[0x007de034]} sys_fs warning: cellFsStReadInit(fd=227, ringbuf_addr=0xd00074f8)
HLE: E {PPU[1] Thread (CPUThread)[0x007de064]} sys_fs TODO: cellFsStReadStart(fd=227, offset=0x0, size=0x365)
HLE: W {PPU[1] Thread (CPUThread)[0x007de040]} sys_fs warning: cellFsStRead(fd=227, buf_addr=0x364429b8, size=0x8000, rsize_addr=0xd00075d8)
HLE: W {PPU[1] Thread (CPUThread)[0x007de040]} sys_fs warning: cellFsStRead(fd=227, buf_addr=0x36442d1d, size=0x7c9b, rsize_addr=0xd00075d8)
HLE: W {PPU[1] Thread (CPUThread)[0x007de040]} sys_fs warning: cellFsStRead(fd=227, buf_addr=0x364429b8, size=0x8000, rsize_addr=0xd0007ce8)
HLE: ! {PPU[1] Thread (CPUThread)[0x007de01c]} sys_fs: "/dev_hdd0/game/NPEA00094/USRDIR/Data/Shaders/SlideShow_fs.cg.fpo" opened: fd = 228
HLE: W {PPU[1] Thread (CPUThread)[0x007de094]} sys_fs warning: cellFsFstat(fd=228, sb_addr=0xd0007508)
HLE: W {PPU[1] Thread (CPUThread)[0x007de034]} sys_fs warning: cellFsStReadInit(fd=228, ringbuf_addr=0xd00074e8)
HLE: E {PPU[1] Thread (CPUThread)[0x007de064]} sys_fs TODO: cellFsStReadStart(fd=228, offset=0x0, size=0x360)
HLE: W {PPU[1] Thread (CPUThread)[0x007de040]} sys_fs warning: cellFsStRead(fd=228, buf_addr=0x3644ac08, size=0x8000, rsize_addr=0xd00075c8)
HLE: W {PPU[1] Thread (CPUThread)[0x007de040]} sys_fs warning: cellFsStRead(fd=228, buf_addr=0x3644af68, size=0x7ca0, rsize_addr=0xd00075c8)
HLE: W {PPU[1] Thread (CPUThread)[0x007de040]} sys_fs warning: cellFsStRead(fd=228, buf_addr=0x3644ac08, size=0x8000, rsize_addr=0xd0007ce8)
HLE: W {PPU[1] Thread (CPUThread)[0x007de0a0]} sys_fs warning: cellFsStReadStop(fd=227)
HLE: W {PPU[1] Thread (CPUThread)[0x007de07c]} sys_fs warning: cellFsStReadFinish(fd=227)
HLE: W {PPU[1] Thread (CPUThread)[0x007de004]} sys_fs warning: cellFsClose(fd=227)
HLE: W {PPU[1] Thread (CPUThread)[0x007de0a0]} sys_fs warning: cellFsStReadStop(fd=228)
HLE: W {PPU[1] Thread (CPUThread)[0x007de07c]} sys_fs warning: cellFsStReadFinish(fd=228)
MEM: E {PPU[1] Thread (CPUThread)[0x007de07c]} DynamicMemoryBlock::Free(addr=0x343c0000): failed
MEM: ! {PPU[1] Thread (CPUThread)[0x007de07c]} *** Memory Block: addr = 0x30000000, size = 0x10000
MEM: ! {PPU[1] Thread (CPUThread)[0x007de07c]} *** Memory Block: addr = 0x30100000, size = 0x100000
MEM: ! {PPU[1] Thread (CPUThread)[0x007de07c]} *** Memory Block: addr = 0x30200000, size = 0x300000
MEM: ! {PPU[1] Thread (CPUThread)[0x007de07c]} *** Memory Block: addr = 0x30010000, size = 0x2000
MEM: ! {PPU[1] Thread (CPUThread)[0x007de07c]} *** Memory Block: addr = 0x30012000, size = 0x1000
MEM: ! {PPU[1] Thread (CPUThread)[0x007de07c]} *** Memory Block: addr = 0x30013000, size = 0x1000
MEM: ! {PPU[1] Thread (CPUThread)[0x007de07c]} *** Memory Block: addr = 0x30014000, size = 0x1000
MEM: ! {PPU[1] Thread (CPUThread)[0x007de07c]} *** Memory Block: addr = 0x30015000, size = 0x1000
MEM: ! {PPU[1] Thread (CPUThread)[0x007de07c]} *** Memory Block: addr = 0x30500000, size = 0x3d00000
MEM: ! {PPU[1] Thread (CPUThread)[0x007de07c]} *** Memory Block: addr = 0x30016000, size = 0x40000
MEM: ! {PPU[1] Thread (CPUThread)[0x007de07c]} *** Memory Block: addr = 0x30056000, size = 0x40000
MEM: ! {PPU[1] Thread (CPUThread)[0x007de07c]} *** Memory Block: addr = 0x30096000, size = 0x1000
MEM: ! {PPU[1] Thread (CPUThread)[0x007de07c]} *** Memory Block: addr = 0x30097000, size = 0x40000
MEM: ! {PPU[1] Thread (CPUThread)[0x007de07c]} *** Memory Block: addr = 0x34200000, size = 0x40000
MEM: ! {PPU[1] Thread (CPUThread)[0x007de07c]} *** Memory Block: addr = 0x34240000, size = 0x40000
MEM: ! {PPU[1] Thread (CPUThread)[0x007de07c]} *** Memory Block: addr = 0x34280000, size = 0x40000
MEM: ! {PPU[1] Thread (CPUThread)[0x007de07c]} *** Memory Block: addr = 0x342c0000, size = 0x40000
MEM: ! {PPU[1] Thread (CPUThread)[0x007de07c]} *** Memory Block: addr = 0x34300000, size = 0x40000
MEM: ! {PPU[1] Thread (CPUThread)[0x007de07c]} *** Memory Block: addr = 0x34400000, size = 0x2100000
MEM: ! {PPU[1] Thread (CPUThread)[0x007de07c]} *** Memory Block: addr = 0x36500000, size = 0x100000
MEM: ! {PPU[1] Thread (CPUThread)[0x007de07c]} *** Memory Block: addr = 0x300d7000, size = 0x1000
MEM: ! {PPU[1] Thread (CPUThread)[0x007de07c]} *** Memory Block: addr = 0x36600000, size = 0xd00000
MEM: ! {PPU[1] Thread (CPUThread)[0x007de07c]} *** Memory Block: addr = 0x34340000, size = 0x40000
MEM: ! {PPU[1] Thread (CPUThread)[0x007de07c]} *** Memory Block: addr = 0x34380000, size = 0x40000
HLE: W {PPU[1] Thread (CPUThread)[0x007de004]} sys_fs warning: cellFsClose(fd=228)
HLE: W {PPU[1] Thread (CPUThread)[0x01b8f010]} sceNp warning: sceNpDrmIsAvailable(k_licensee_addr=0xd0008bf8, drm_path_addr=0x364378e0('/dev_hdd0/game/NPEA00094/USRDIR/Data/Guard/Guard.txt.edat'))
HLE: W {PPU[1] Thread (CPUThread)[0x01b8f010]} sceNp warning: npDrmIsAvailable: Found DRM license file at /dev_hdd0/game/NPEA00094/USRDIR/Data/Guard/Guard.txt.edat
HLE: W {PPU[1] Thread (CPUThread)[0x01b8f010]} sceNp warning: npDrmIsAvailable: Using k_licensee 0x032204f4157407953737c2d25406f2c54
PPU: ! {PPULLVMRecompiler} Removed 30 old versions
LDR: E {PPU[1] Thread (CPUThread)[0x01b8f010]} EDAT: D:\Emulateurs\Rpcs3\dev_hdd0\game\NPEA00094\USRDIR\Data\Guard\Guard.txt.edat has invalid NPD header or already decrypted.
HLE: W {PPU[1] Thread (CPUThread)[0x007de028]} sys_fs warning: cellFsStat(path="/dev_hdd0/game/NPEA00094/USRDIR/Data/Guard/Guard.txt.edat", sb_addr=0xd0008c08)
HLE: W {PPU[1] Thread (CPUThread)[0x01b8f010]} sceNp warning: sceNpDrmIsAvailable(k_licensee_addr=0xd0008bf8, drm_path_addr=0x364378e0('/dev_hdd0/game/NPEA00094/USRDIR/Data/Guard/Guard.txt.edat'))
HLE: W {PPU[1] Thread (CPUThread)[0x01b8f010]} sceNp warning: npDrmIsAvailable: Found DRM license file at /dev_hdd0/game/NPEA00094/USRDIR/Data/Guard/Guard.txt.edat
HLE: W {PPU[1] Thread (CPUThread)[0x01b8f010]} sceNp warning: npDrmIsAvailable: Using k_licensee 0x032204f4157407953737c2d25406f2c54
LDR: E {PPU[1] Thread (CPUThread)[0x01b8f010]} EDAT: D:\Emulateurs\Rpcs3\dev_hdd0\game\NPEA00094\USRDIR\Data\Guard\Guard.txt.edat has invalid NPD header or already decrypted.
HLE: ! {PPU[1] Thread (CPUThread)[0x007de01c]} sys_fs: "/dev_hdd0/game/NPEA00094/USRDIR/Data/Guard/Guard.txt.edat" opened: fd = 229
HLE: W {PPU[1] Thread (CPUThread)[0x007de004]} sys_fs warning: cellFsClose(fd=229)
HLE: W {PPU[1] Thread (CPUThread)[0x007dc058]} cellSysutil warning: cellSysutilGetSystemParamInt: CELL_SYSUTIL_SYSTEMPARAM_ID_LANG
HLE: W {PPU[1] Thread (CPUThread)[0x007dc058]} cellSysutil warning: cellSysutilGetSystemParamInt: CELL_SYSUTIL_SYSTEMPARAM_ID_LANG
HLE: W {PPU[1] Thread (CPUThread)[0x007dc058]} cellSysutil warning: cellSysutilGetSystemParamInt: CELL_SYSUTIL_SYSTEMPARAM_ID_LANG
HLE: W {PPU[1] Thread (CPUThread)[0x007dc058]} cellSysutil warning: cellSysutilGetSystemParamInt: CELL_SYSUTIL_SYSTEMPARAM_ID_LANG
HLE: ! {PPU[1] Thread (CPUThread)[0x007de01c]} sys_fs: "/dev_hdd0/game/NPEA00094/USRDIR/Data/Save/ICON0.PNG" opened: fd = 230
HLE: W {PPU[1] Thread (CPUThread)[0x007de004]} sys_fs warning: cellFsClose(fd=230)
HLE: W {PPU[1] Thread (CPUThread)[0x01ba1058]} sys_lwmutex warning: sys_lwmutex_create(lwmutex_addr=0xa20720, attr_addr=0xd0008c10)
HLE: ! {PPU[1] Thread (CPUThread)[0x01ba1058]} sys_lwmutex: *** lwmutex created [] (attribute=0x22): sq_id = 231
HLE: W {PPU[1] Thread (CPUThread)[0x01ba1058]} sys_lwmutex warning: sys_lwmutex_create(lwmutex_addr=0xa20748, attr_addr=0xd0008c10)
HLE: ! {PPU[1] Thread (CPUThread)[0x01ba1058]} sys_lwmutex: *** lwmutex created [] (attribute=0x22): sq_id = 232
HLE: ! {PPU[1] Thread (CPUThread)[0x01ba1028]} sys_ppu_thread: *** New PPU Thread [SaveData Worker] (joinable, entry=0x871bf8): id = 233
HLE: ! {PPU[1] Thread (CPUThread)[0x00037510]} sys_fs: "/dev_hdd0/game/NPEA00094/USRDIR/Data/Sounds/Presets.ini" opened: fd = 234
HLE: W {PPU[1] Thread (CPUThread)[0x01ba1058]} sys_lwmutex warning: sys_lwmutex_create(lwmutex_addr=0x3646da50, attr_addr=0x6f4cec)
HLE: ! {PPU[1] Thread (CPUThread)[0x01ba1058]} sys_lwmutex: *** lwmutex created [_lc_mtx] (attribute=0x12): sq_id = 235
G: E {PPU[1] Thread (CPUThread)[0x00083aa4]} Exception: Access violation: addr = 0xcfff81c0 (is_alive=1, last_syscall=0x0 (Unknown func id: 0x00000000))
PPU: ! {PPULLVMRecompiler} Removed 126 old versions
HLE: W {Audio Thread} cellAudio warning: Audio thread aborted
HLE: W {PPU[64] Thread (_SPU_printf_server)[0x00036440]} sys_event warning: sys_event_queue_receive(equeue=62) aborted
RSX: W {VBlank thread} VBlank thread aborted
RSX: W {RSXThread} RSX thread aborted
HLE: W {PPU[59] Thread (spu_printf_handler)[0x0059c518]} sys_event warning: sys_event_queue_receive(equeue=58) aborted
PPU: ! {PPULLVMRecompiler} PPU LLVM compiler thread exiting.
HLE: ! All threads stopped...
MEM: ! Closing memory...
