HLE: ! path: /dev_hdd0/game/
HLE: W No pause.bin found, Auto Pause will not work.
HLE: W No pause.bin found, Auto Pause will not work.
LDR: ! Loading 'D:\Emulateurs\Rpcs3\dev_hdd0\game\NPEA00275/USRDIR/BOOT.BIN'...
LDR: !  
LDR: ! Mount info:
LDR: ! /dev_hdd0/ -> ./dev_hdd0/
LDR: ! /dev_hdd1/ -> ./dev_hdd1/
LDR: ! /dev_flash/ -> ./dev_flash/
LDR: ! /dev_usb000/ -> ./dev_usb000/
LDR: ! /dev_usb/ -> ./dev_usb000/
LDR: ! /app_home/ -> D:\Emulateurs\Rpcs3\dev_hdd0\game\NPEA00275/
LDR: ! /dev_bdvd/ -> D:\Emulateurs\Rpcs3\dev_hdd0\game\NPEA00275//../
LDR: ! /host_root/ -> 
LDR: ! /app_home/PS3_GAME/USRDIR/ -> D:\Emulateurs\Rpcs3\dev_hdd0\game\NPEA00275//USRDIR/
LDR: ! /dev_flash2/ -> ./dev_flash2/
LDR: ! /app_home/Game/PS3_GAME/USRDIR/ -> D:\Emulateurs\Rpcs3\dev_hdd0\game\NPEA00275//USRDIR/
LDR: ! //dev_hdd0/ -> ./dev_hdd0/
LDR: ! / -> D:\Emulateurs\Rpcs3\dev_hdd0\game\NPEA00275//USRDIR/
LDR: !  
LDR: ! Title: TOKYO JUNGLE
LDR: ! Serial: NPEA00275
LDR: !  
MEM: ! Initializing memory: m_base_addr = 0x15787f0000
MEM: ! Memory initialized.
LDR: ! Imported function 'cellFontInitLibraryFreeTypeWithRevision' in 'cellFontFT' module
LDR: ! Imported function 'cellFontCreateRenderer' in 'cellFont' module
LDR: ! Imported function 'cellFontOpenFontsetOnMemory' in 'cellFont' module
LDR: ! Imported function 'cellFontGetHorizontalLayout' in 'cellFont' module
LDR: ! Imported function 'cellFontDestroyRenderer' in 'cellFont' module
LDR: ! Imported function 'cellFontSetupRenderScalePixel' in 'cellFont' module
LDR: ! Imported function 'cellFontSetEffectWeight' in 'cellFont' module
LDR: ! Imported function 'cellFontOpenFontInstance' in 'cellFont' module
LDR: ! Imported function 'cellFontSetScalePixel' in 'cellFont' module
LDR: ! Imported function 'cellFontGetRenderCharGlyphMetrics' in 'cellFont' module
LDR: ! Imported function 'cellFontEndLibrary' in 'cellFont' module
LDR: ! Imported function 'cellFontBindRenderer' in 'cellFont' module
LDR: ! Imported function 'cellFontGetVerticalLayout' in 'cellFont' module
LDR: ! Imported function 'cellFontSetScalePoint' in 'cellFont' module
LDR: ! Imported function 'cellFontSetupRenderEffectSlant' in 'cellFont' module
LDR: ! Imported function 'cellFontEnd' in 'cellFont' module
LDR: ! Imported function 'cellFontSetEffectSlant' in 'cellFont' module
LDR: ! Imported function 'cellFontRenderCharGlyphImage' in 'cellFont' module
LDR: ! Imported function 'cellFontRenderSurfaceInit' in 'cellFont' module
LDR: ! Imported function 'cellFontGetFontIdCode' in 'cellFont' module
LDR: ! Imported function 'cellFontSetupRenderEffectWeight' in 'cellFont' module
LDR: ! Imported function 'cellFontOpenFontset' in 'cellFont' module
LDR: ! Imported function 'cellFontCloseFont' in 'cellFont' module
LDR: ! Imported function 'cellFontRenderSurfaceSetScissor' in 'cellFont' module
LDR: ! Imported function 'cellFontGenerateCharGlyph' in 'cellFont' module
LDR: ! Imported function 'cellFontDeleteGlyph' in 'cellFont' module
LDR: ! Imported function 'cellFontGetCharGlyphMetrics' in 'cellFont' module
LDR: ! Imported function 'cellFontInitializeWithRevision' in 'cellFont' module
LDR: ! Imported function 'cellFontUnbindRenderer' in 'cellFont' module
LDR: ! Imported function 'cellFontSetResolutionDpi' in 'cellFont' module
LDR: ! Imported function 'cellFontGetCharGlyphMetricsVertical' in 'cellFont' module
LDR: ! Imported function 'cellFsClose' in 'sys_fs' module
LDR: ! Imported function 'cellFsOpendir' in 'sys_fs' module
LDR: ! Imported function 'cellFsRead' in 'sys_fs' module
LDR: ! Imported function 'cellFsReaddir' in 'sys_fs' module
LDR: ! Imported function 'cellFsOpen' in 'sys_fs' module
LDR: ! Imported function 'cellFsStat' in 'sys_fs' module
LDR: ! Imported function 'cellFsGetDirectoryEntries' in 'sys_fs' module
LDR: ! Imported function 'cellFsMkdir' in 'sys_fs' module
LDR: ! Imported function 'cellFsWrite' in 'sys_fs' module
LDR: ! Imported function 'cellFsFstat' in 'sys_fs' module
LDR: ! Imported function 'cellFsClosedir' in 'sys_fs' module
LDR: ! Imported function 'cellFsRmdir' in 'sys_fs' module
LDR: ! Imported function 'cellFsUnlink' in 'sys_fs' module
LDR: ! Imported function 'cellFsFsync' in 'sys_fs' module
LDR: ! Imported function 'cellFsLseek' in 'sys_fs' module
LDR: ! Imported function 'cellFsSdataOpen' in 'sys_fs' module
LDR: ! Imported function 'cellFsRename' in 'sys_fs' module
LDR: ! Imported function 'cellGcmGetTiledPitchSize' in 'cellGcmSys' module
LDR: ! Imported function 'cellGcmSetUserHandler' in 'cellGcmSys' module
LDR: ! Imported function '_cellGcmInitBody' in 'cellGcmSys' module
LDR: ! Imported function '_cellGcmSetFlipCommand' in 'cellGcmSys' module
LDR: ! Imported function 'cellGcmAddressToOffset' in 'cellGcmSys' module
LDR: ! Imported function 'cellGcmGetNotifyDataAddress' in 'cellGcmSys' module
LDR: ! Imported function '_cellGcmFunc15' in 'cellGcmSys' module
LDR: ! Imported function 'cellGcmBindTile' in 'cellGcmSys' module
LDR: ! Imported function 'cellGcmSetFlipMode' in 'cellGcmSys' module
LDR: ! Imported function 'cellGcmGetDefaultCommandWordSize' in 'cellGcmSys' module
LDR: ! Imported function 'cellGcmMapEaIoAddressWithFlags' in 'cellGcmSys' module
LDR: ! Imported function 'cellGcmGetLastFlipTime' in 'cellGcmSys' module
LDR: ! Imported function 'cellGcmGetFlipStatus' in 'cellGcmSys' module
LDR: ! Imported function 'cellGcmGetDefaultSegmentWordSize' in 'cellGcmSys' module
LDR: ! Imported function 'cellGcmSetDefaultFifoSize' in 'cellGcmSys' module
LDR: ! Imported function 'cellGcmBindZcull' in 'cellGcmSys' module
LDR: ! Imported function 'cellGcmMapMainMemory' in 'cellGcmSys' module
LDR: ! Imported function 'cellGcmSetFlipHandler' in 'cellGcmSys' module
LDR: ! Imported function 'cellGcmSetDisplayBuffer' in 'cellGcmSys' module
LDR: ! Imported function 'cellGcmGetControlRegister' in 'cellGcmSys' module
LDR: ! Imported function 'cellGcmUnbindZcull' in 'cellGcmSys' module
LDR: ! Imported function 'cellGcmSetVBlankHandler' in 'cellGcmSys' module
LDR: ! Imported function 'cellGcmResetFlipStatus' in 'cellGcmSys' module
LDR: ! Imported function 'cellGcmSetTileInfo' in 'cellGcmSys' module
LDR: ! Imported function 'cellGcmSetTile' in 'cellGcmSys' module
LDR: ! Imported function '_cellGcmSetFlipCommandWithWaitLabel' in 'cellGcmSys' module
LDR: ! Imported function 'cellGcmUnbindTile' in 'cellGcmSys' module
LDR: ! Imported function 'cellGcmUnmapIoAddress' in 'cellGcmSys' module
LDR: ! Imported function 'cellGcmGetConfiguration' in 'cellGcmSys' module
LDR: ! Imported function 'cellGcmUnmapEaIoAddress' in 'cellGcmSys' module
LDR: ! Imported function 'cellGcmGetLabelAddress' in 'cellGcmSys' module
LDR: ! Imported function 'cellSysmoduleUnloadModule' in 'cellSysmodule' module
LDR: ! Imported function 'cellSysmoduleLoadModule' in 'cellSysmodule' module
LDR: W Unimplemented function 'Unknown func id: 0x1a267f98' in 'cellSysmodule' module
LDR: W Unimplemented function 'Unknown func id: 0xfd0e1cac' in 'cellSysmodule' module
LDR: ! Imported function 'cellSysutilUnregisterCallback' in 'cellSysutil' module
LDR: ! Imported function 'cellVideoOutConfigure' in 'cellSysutil' module
LDR: ! Imported function 'cellSysutilCheckCallback' in 'cellSysutil' module
LDR: ! Imported function 'cellMsgDialogClose' in 'cellSysutil' module
LDR: ! Imported function 'cellMsgDialogOpenErrorCode' in 'cellSysutil' module
LDR: ! Imported function 'cellSysutilGetSystemParamInt' in 'cellSysutil' module
LDR: ! Imported function 'cellAudioOutConfigure' in 'cellSysutil' module
LDR: ! Imported function 'cellMsgDialogAbort' in 'cellSysutil' module
LDR: ! Imported function 'cellMsgDialogOpen2' in 'cellSysutil' module
LDR: ! Imported function 'cellAudioOutGetDeviceInfo' in 'cellSysutil' module
LDR: ! Imported function 'cellVideoOutGetState' in 'cellSysutil' module
LDR: ! Imported function 'cellSaveDataAutoSave2' in 'cellSysutil' module
LDR: ! Imported function 'cellMsgDialogProgressBarInc' in 'cellSysutil' module
LDR: ! Imported function 'cellSysutilRegisterCallback' in 'cellSysutil' module
LDR: ! Imported function 'cellVideoOutGetResolutionAvailability' in 'cellSysutil' module
LDR: ! Imported function 'cellAudioOutGetSoundAvailability' in 'cellSysutil' module
LDR: ! Imported function 'cellAudioOutSetCopyControl' in 'cellSysutil' module
LDR: W Unimplemented function 'cellSaveDataFixedDelete' in 'cellSysutil' module
LDR: ! Imported function 'cellVideoOutGetResolution' in 'cellSysutil' module
LDR: W Unimplemented function 'cellSaveDataDelete2' in 'cellSysutil' module
LDR: ! Imported function 'cellSaveDataAutoLoad2' in 'cellSysutil' module
LDR: ! Imported function 'cellGameCreateGameData' in 'cellGame' module
LDR: ! Imported function 'cellGameContentPermit' in 'cellGame' module
LDR: ! Imported function 'cellGameContentErrorDialog' in 'cellGame' module
LDR: ! Imported function 'cellGameGetParamInt' in 'cellGame' module
LDR: ! Imported function 'cellGameSetParamString' in 'cellGame' module
LDR: ! Imported function 'cellGameDataCheck' in 'cellGame' module
LDR: ! Imported function 'cellGameBootCheck' in 'cellGame' module
LDR: ! Imported function 'cellPadInit' in 'sys_io' module
LDR: ! Imported function 'cellKbClearBuf' in 'sys_io' module
LDR: ! Imported function 'cellKbGetInfo' in 'sys_io' module
LDR: ! Imported function 'cellMouseGetData' in 'sys_io' module
LDR: ! Imported function 'cellKbInit' in 'sys_io' module
LDR: ! Imported function 'cellPadEnd' in 'sys_io' module
LDR: ! Imported function 'cellPadSetPortSetting' in 'sys_io' module
LDR: ! Imported function 'cellMouseGetInfo' in 'sys_io' module
LDR: ! Imported function 'cellPadGetData' in 'sys_io' module
LDR: ! Imported function 'cellKbSetCodeType' in 'sys_io' module
LDR: ! Imported function 'cellPadGetInfo2' in 'sys_io' module
LDR: ! Imported function 'cellKbEnd' in 'sys_io' module
LDR: ! Imported function 'cellMouseInit' in 'sys_io' module
LDR: ! Imported function 'cellMouseEnd' in 'sys_io' module
LDR: ! Imported function 'cellPadSetActDirect' in 'sys_io' module
LDR: ! Imported function 'cellKbRead' in 'sys_io' module
LDR: ! Imported function 'cellRescGcmSurface2RescSrc' in 'cellResc' module
LDR: ! Imported function 'cellRescSetWaitFlip' in 'cellResc' module
LDR: ! Imported function 'cellRescSetDsts' in 'cellResc' module
LDR: ! Imported function 'cellRescResetFlipStatus' in 'cellResc' module
LDR: ! Imported function 'cellRescSetDisplayMode' in 'cellResc' module
LDR: ! Imported function 'cellRescSetConvertAndFlip' in 'cellResc' module
LDR: ! Imported function 'cellRescExit' in 'cellResc' module
LDR: ! Imported function 'cellRescSetFlipHandler' in 'cellResc' module
LDR: ! Imported function 'cellRescInit' in 'cellResc' module
LDR: ! Imported function 'cellRescGetBufferSize' in 'cellResc' module
LDR: ! Imported function 'cellRescSetSrc' in 'cellResc' module
LDR: ! Imported function 'cellRescSetBufferAddress' in 'cellResc' module
LDR: ! Imported function 'cellRescGetFlipStatus' in 'cellResc' module
LDR: ! Imported function 'cellRescVideoOutResolutionId2RescBufferMode' in 'cellResc' module
LDR: ! Imported function 'cellRescSetVBlankHandler' in 'cellResc' module
LDR: ! Imported function 'cellSpursAttributeSetNamePrefix' in 'cellSpurs' module
LDR: ! Imported function 'cellSpursAttributeEnableSpuPrintfIfAvailable' in 'cellSpurs' module
LDR: ! Imported function '_cellSpursTasksetAttributeInitialize' in 'cellSpurs' module
LDR: ! Imported function 'cellSpursCreateTaskWithAttribute' in 'cellSpurs' module
LDR: ! Imported function 'cellSpursEventFlagDetachLv2EventQueue' in 'cellSpurs' module
LDR: ! Imported function 'cellSpursCreateJobChainWithAttribute' in 'cellSpurs' module
LDR: ! Imported function '_cellSpursJobChainAttributeInitialize' in 'cellSpurs' module
LDR: ! Imported function 'cellSpursEventFlagWait' in 'cellSpurs' module
LDR: ! Imported function 'cellSpursDetachLv2EventQueue' in 'cellSpurs' module
LDR: ! Imported function '_cellSpursEventFlagInitialize' in 'cellSpurs' module
LDR: ! Imported function 'cellSpursTasksetAttributeSetName' in 'cellSpurs' module
LDR: ! Imported function 'cellSpursJobGuardInitialize' in 'cellSpurs' module
LDR: ! Imported function 'cellSpursEventFlagTryWait' in 'cellSpurs' module
LDR: ! Imported function 'cellSpursShutdownJobChain' in 'cellSpurs' module
LDR: ! Imported function 'cellSpursBarrierInitialize' in 'cellSpurs' module
LDR: ! Imported function 'cellSpursEventFlagAttachLv2EventQueue' in 'cellSpurs' module
LDR: ! Imported function 'cellSpursTasksetAttributeSetTasksetSize' in 'cellSpurs' module
LDR: ! Imported function 'cellSpursTaskGetContextSaveAreaSize' in 'cellSpurs' module
LDR: ! Imported function '_cellSpursAttributeInitialize' in 'cellSpurs' module
LDR: ! Imported function 'cellSpursJoinTaskset' in 'cellSpurs' module
LDR: ! Imported function 'cellSpursJobChainAttributeSetName' in 'cellSpurs' module
LDR: ! Imported function 'cellSpursShutdownTaskset' in 'cellSpurs' module
LDR: ! Imported function 'cellSpursJoinJobChain' in 'cellSpurs' module
LDR: ! Imported function 'cellSpursInitializeWithAttribute' in 'cellSpurs' module
LDR: ! Imported function '_cellSpursTaskAttributeInitialize' in 'cellSpurs' module
LDR: ! Imported function 'cellSpursAttachLv2EventQueue' in 'cellSpurs' module
LDR: ! Imported function 'cellSpursJobChainAttributeSetHaltOnError' in 'cellSpurs' module
LDR: ! Imported function 'cellSpursCreateTasksetWithAttribute' in 'cellSpurs' module
LDR: ! Imported function 'cellSpursFinalize' in 'cellSpurs' module
LDR: ! Imported function 'cellSpursJobGuardNotify' in 'cellSpurs' module
LDR: ! Imported function '_cellSpursSendSignal' in 'cellSpurs' module
LDR: ! Imported function 'cellSpursRunJobChain' in 'cellSpurs' module
LDR: ! Imported function 'cellAudioInit' in 'cellAudio' module
LDR: ! Imported function 'cellAudioSetNotifyEventQueue' in 'cellAudio' module
LDR: ! Imported function 'cellAudioGetPortTimestamp' in 'cellAudio' module
LDR: ! Imported function 'cellAudioPortClose' in 'cellAudio' module
LDR: ! Imported function 'cellAudioPortStop' in 'cellAudio' module
LDR: ! Imported function 'cellAudioGetPortConfig' in 'cellAudio' module
LDR: ! Imported function 'cellAudioPortStart' in 'cellAudio' module
LDR: ! Imported function 'cellAudioQuit' in 'cellAudio' module
LDR: ! Imported function 'cellAudioPortOpen' in 'cellAudio' module
LDR: ! Imported function 'cellAudioGetPortBlockTag' in 'cellAudio' module
LDR: ! Imported function 'cellAudioRemoveNotifyEventQueue' in 'cellAudio' module
LDR: ! Imported function 'cellSailGraphicsAdapterGetFrame' in 'cellSail' module
LDR: ! Imported function 'cellSailDescriptorCreateDatabase' in 'cellSail' module
LDR: ! Imported function 'cellSailPlayerSetSoundAdapter' in 'cellSail' module
LDR: ! Imported function 'cellSailGraphicsAdapterPtsToTimePosition' in 'cellSail' module
LDR: ! Imported function 'cellSailPlayerFinalize' in 'cellSail' module
LDR: ! Imported function 'cellSailPlayerSetGraphicsAdapter' in 'cellSail' module
LDR: ! Imported function 'cellSailGraphicsAdapterInitialize' in 'cellSail' module
LDR: ! Imported function 'cellSailPlayerInitialize2' in 'cellSail' module
LDR: ! Imported function 'cellSailDescriptorDestroyDatabase' in 'cellSail' module
LDR: ! Imported function 'cellSailGraphicsAdapterSetPreferredFormat' in 'cellSail' module
LDR: ! Imported function 'cellSailMemAllocatorInitialize' in 'cellSail' module
LDR: ! Imported function 'cellSailPlayerOpenStream' in 'cellSail' module
LDR: ! Imported function 'cellSailPlayerGetRepeatMode' in 'cellSail' module
LDR: ! Imported function 'cellSailSoundAdapterInitialize' in 'cellSail' module
LDR: ! Imported function 'cellSailGraphicsAdapterUpdateAvSync' in 'cellSail' module
LDR: ! Imported function 'cellSailSoundAdapterPtsToTimePosition' in 'cellSail' module
LDR: ! Imported function 'cellSailGraphicsAdapterFinalize' in 'cellSail' module
LDR: ! Imported function 'cellSailPlayerAddDescriptor' in 'cellSail' module
LDR: ! Imported function 'cellSailSoundAdapterGetFrame' in 'cellSail' module
LDR: ! Imported function 'cellSailPlayerCloseStream' in 'cellSail' module
LDR: ! Imported function 'cellSailPlayerBoot' in 'cellSail' module
LDR: ! Imported function 'cellSailSoundAdapterFinalize' in 'cellSail' module
LDR: ! Imported function 'cellSailPlayerSetPaused' in 'cellSail' module
LDR: ! Imported function 'cellSailDescriptorGetStreamType' in 'cellSail' module
LDR: ! Imported function 'cellSailPlayerCreateDescriptor' in 'cellSail' module
LDR: ! Imported function 'cellSailPlayerStart' in 'cellSail' module
LDR: ! Imported function 'cellSailPlayerStop' in 'cellSail' module
LDR: ! Imported function 'cellSailSoundAdapterUpdateAvSync' in 'cellSail' module
LDR: ! Imported function 'cellSailSoundAdapterGetFormat' in 'cellSail' module
LDR: ! Imported function 'cellSailPlayerSetRepeatMode' in 'cellSail' module
LDR: ! Imported function 'cellSailPlayerDestroyDescriptor' in 'cellSail' module
LDR: ! Imported function 'cellSailGraphicsAdapterGetFormat' in 'cellSail' module
LDR: ! Imported function 'cellPamfReaderGetPresentationStartTime' in 'cellPamf' module
LDR: ! Imported function 'cellPamfReaderGetPresentationEndTime' in 'cellPamf' module
LDR: ! Imported function 'cellRtcTickAddDays' in 'cellRtc' module
LDR: ! Imported function 'cellRtcSetTick' in 'cellRtc' module
LDR: ! Imported function 'cellRtcGetCurrentTick' in 'cellRtc' module
LDR: ! Imported function 'cellRtcGetDayOfWeek' in 'cellRtc' module
LDR: ! Imported function 'cellRtcGetTick' in 'cellRtc' module
LDR: ! Imported function 'sceNpBasicGetFriendListEntry' in 'sceNp' module
LDR: ! Imported function 'sceNpScoreGetRankingByRangeAsync' in 'sceNp' module
LDR: ! Imported function 'sceNpScoreDestroyTitleCtx' in 'sceNp' module
LDR: ! Imported function 'sceNpScoreInit' in 'sceNp' module
LDR: ! Imported function 'sceNpScoreGetRankingByNpIdAsync' in 'sceNp' module
LDR: ! Imported function 'sceNpTerm' in 'sceNp' module
LDR: ! Imported function 'sceNpManagerUnregisterCallback' in 'sceNp' module
LDR: ! Imported function 'sceNpLookupDestroyTitleCtx' in 'sceNp' module
LDR: ! Imported function 'sceNpLookupInit' in 'sceNp' module
LDR: ! Imported function 'sceNpManagerGetContentRatingFlag' in 'sceNp' module
LDR: ! Imported function 'sceNpScoreCreateTransactionCtx' in 'sceNp' module
LDR: ! Imported function 'sceNpLookupPollAsync' in 'sceNp' module
LDR: ! Imported function 'sceNpLookupTerm' in 'sceNp' module
LDR: ! Imported function 'sceNpLookupTitleSmallStorageAsync' in 'sceNp' module
LDR: ! Imported function 'sceNpScoreTerm' in 'sceNp' module
LDR: ! Imported function 'sceNpScorePollAsync' in 'sceNp' module
LDR: ! Imported function 'sceNpManagerGetStatus' in 'sceNp' module
LDR: ! Imported function 'sceNpDrmIsAvailable' in 'sceNp' module
LDR: ! Imported function 'sceNpBasicGetFriendListEntryCount' in 'sceNp' module
LDR: ! Imported function 'sceNpScoreCreateTitleCtx' in 'sceNp' module
LDR: ! Imported function 'sceNpInit' in 'sceNp' module
LDR: ! Imported function 'sceNpManagerGetNetworkTime' in 'sceNp' module
LDR: ! Imported function 'sceNpScoreDestroyTransactionCtx' in 'sceNp' module
LDR: ! Imported function 'sceNpLookupCreateTitleCtx' in 'sceNp' module
LDR: ! Imported function 'sceNpProfileCallGui' in 'sceNp' module
LDR: ! Imported function 'sceNpManagerRegisterCallback' in 'sceNp' module
LDR: ! Imported function 'sceNpLookupCreateTransactionCtx' in 'sceNp' module
LDR: ! Imported function 'sceNpScoreAbortTransaction' in 'sceNp' module
LDR: ! Imported function 'sceNpScoreRecordScoreAsync' in 'sceNp' module
LDR: ! Imported function 'sceNpManagerGetOnlineName' in 'sceNp' module
LDR: ! Imported function 'sceNpLookupDestroyTransactionCtx' in 'sceNp' module
LDR: ! Imported function 'sceNpManagerGetNpId' in 'sceNp' module
LDR: ! Imported function 'cellNetCtlNetStartDialogLoadAsync' in 'cellNetCtl' module
LDR: ! Imported function 'cellNetCtlNetStartDialogUnloadAsync' in 'cellNetCtl' module
LDR: ! Imported function 'cellNetCtlTerm' in 'cellNetCtl' module
LDR: ! Imported function 'cellNetCtlInit' in 'cellNetCtl' module
LDR: W Unimplemented function 'l10n_convert_str' in 'cellL10n' module
LDR: W Unimplemented function 'l10n_get_converter' in 'cellL10n' module
LDR: ! Imported function 'sceNpTrophyRegisterContext' in 'sceNpTrophy' module
LDR: ! Imported function 'sceNpTrophyCreateHandle' in 'sceNpTrophy' module
LDR: ! Imported function 'sceNpTrophyGetRequiredDiskSpace' in 'sceNpTrophy' module
LDR: ! Imported function 'sceNpTrophyDestroyContext' in 'sceNpTrophy' module
LDR: ! Imported function 'sceNpTrophyInit' in 'sceNpTrophy' module
LDR: ! Imported function 'sceNpTrophyDestroyHandle' in 'sceNpTrophy' module
LDR: ! Imported function 'sceNpTrophyUnlockTrophy' in 'sceNpTrophy' module
LDR: ! Imported function 'sceNpTrophyTerm' in 'sceNpTrophy' module
LDR: ! Imported function 'sceNpTrophyCreateContext' in 'sceNpTrophy' module
LDR: W Unknown module 'cellSysutilNpEula'
LDR: ! Imported function 'Unknown func id: 0x59d1629a' in 'cellSysutilNpEula' module
LDR: W Unknown module 'sceNpCommerce2'
LDR: ! Imported function 'sceNpCommerce2GetProductInfoListGetResult' in 'sceNpCommerce2' module
LDR: ! Imported function 'sceNpCommerce2DestroyReq' in 'sceNpCommerce2' module
LDR: ! Imported function 'sceNpCommerce2Init' in 'sceNpCommerce2' module
LDR: ! Imported function 'sceNpCommerce2Term' in 'sceNpCommerce2' module
LDR: ! Imported function 'sceNpCommerce2CreateSessionAbort' in 'sceNpCommerce2' module
LDR: ! Imported function 'sceNpCommerce2DestroyCtx' in 'sceNpCommerce2' module
LDR: ! Imported function 'sceNpCommerce2CreateSessionFinish' in 'sceNpCommerce2' module
LDR: ! Imported function 'sceNpCommerce2DoProductBrowseStartAsync' in 'sceNpCommerce2' module
LDR: ! Imported function 'sceNpCommerce2GetProductInfoListStart' in 'sceNpCommerce2' module
LDR: ! Imported function 'sceNpCommerce2DoProductBrowseFinishAsync' in 'sceNpCommerce2' module
LDR: ! Imported function 'sceNpCommerce2CreateSessionStart' in 'sceNpCommerce2' module
LDR: ! Imported function 'sceNpCommerce2GetGameProductInfoFromGetProductInfoListResult' in 'sceNpCommerce2' module
LDR: ! Imported function 'sceNpCommerce2CreateCtx' in 'sceNpCommerce2' module
LDR: ! Imported function 'sceNpCommerce2InitGetProductInfoListResult' in 'sceNpCommerce2' module
LDR: ! Imported function 'sceNpCommerce2GetProductInfoListCreateReq' in 'sceNpCommerce2' module
LDR: ! Imported function 'sceNpCommerce2DestroyGetProductInfoListResult' in 'sceNpCommerce2' module
LDR: W Unknown module 'cellHttp'
LDR: ! Imported function 'cellHttpInit' in 'cellHttp' module
LDR: ! Imported function 'cellHttpsInit' in 'cellHttp' module
LDR: ! Imported function 'cellHttpEndCookie' in 'cellHttp' module
LDR: ! Imported function 'cellHttpInitCookie' in 'cellHttp' module
LDR: ! Imported function 'cellHttpEnd' in 'cellHttp' module
LDR: ! Imported function 'cellHttpsEnd' in 'cellHttp' module
LDR: W Unimplemented function 'cellSslEnd' in 'cellSsl' module
LDR: W Unimplemented function 'cellSslCertificateLoader' in 'cellSsl' module
LDR: W Unimplemented function 'cellSslInit' in 'cellSsl' module
LDR: ! Imported function 'sys_net_initialize_network_ex' in 'sys_net' module
LDR: ! Imported function 'sys_net_finalize_network' in 'sys_net' module
LDR: ! Imported function 'sys_lwmutex_lock' in 'sysPrxForUser' module
LDR: ! Imported function 'sys_lwmutex_unlock' in 'sysPrxForUser' module
LDR: ! Imported function 'sys_ppu_thread_create' in 'sysPrxForUser' module
LDR: ! Imported function '_sys_process_atexitspawn' in 'sysPrxForUser' module
LDR: ! Imported function 'sys_lwmutex_create' in 'sysPrxForUser' module
LDR: ! Imported function 'sys_ppu_thread_get_id' in 'sysPrxForUser' module
LDR: ! Imported function 'sys_prx_register_library' in 'sysPrxForUser' module
LDR: ! Imported function '_sys_spu_printf_initialize' in 'sysPrxForUser' module
LDR: ! Imported function 'sys_initialize_tls' in 'sysPrxForUser' module
LDR: ! Imported function 'sys_time_get_system_time' in 'sysPrxForUser' module
LDR: ! Imported function '_sys_process_at_Exitspawn' in 'sysPrxForUser' module
LDR: ! Imported function 'sys_prx_exitspawn_with_level' in 'sysPrxForUser' module
LDR: ! Imported function 'sys_ppu_thread_once' in 'sysPrxForUser' module
LDR: ! Imported function 'sys_ppu_thread_exit' in 'sysPrxForUser' module
LDR: ! Imported function 'sys_lwmutex_destroy' in 'sysPrxForUser' module
LDR: ! Imported function '_sys_spu_printf_finalize' in 'sysPrxForUser' module
LDR: ! Imported function 'sys_process_exit' in 'sysPrxForUser' module
HLE: W {PPU[1] Thread (CPUThread)[0x00c34034]} sys_lwmutex warning: sys_lwmutex_create(lwmutex_addr=0xc0e140, attr_addr=0x28dab0)
HLE: ! {PPU[1] Thread (CPUThread)[0x00c34034]} sys_lwmutex: *** lwmutex created [_lc_mtx] (attribute=0x12): sq_id = 3
HLE: W {PPU[1] Thread (CPUThread)[0x0024d054]} sys_memory warning: sys_memory_get_user_memory_size(mem_info_addr=0xd000fc04)
HLE: W {PPU[1] Thread (CPUThread)[0x00c34034]} sys_lwmutex warning: sys_lwmutex_create(lwmutex_addr=0xc0df40, attr_addr=0x28dab0)
HLE: ! {PPU[1] Thread (CPUThread)[0x00c34034]} sys_lwmutex: *** lwmutex created [_lc_mtx] (attribute=0x12): sq_id = 4
HLE: W {PPU[1] Thread (CPUThread)[0x00c34034]} sys_lwmutex warning: sys_lwmutex_create(lwmutex_addr=0xc0d290, attr_addr=0x28dab0)
HLE: ! {PPU[1] Thread (CPUThread)[0x00c34034]} sys_lwmutex: *** lwmutex created [_lc_mtx] (attribute=0x12): sq_id = 5
HLE: W {PPU[1] Thread (CPUThread)[0x00c34034]} sys_lwmutex warning: sys_lwmutex_create(lwmutex_addr=0xc0d2b8, attr_addr=0x28dab0)
HLE: ! {PPU[1] Thread (CPUThread)[0x00c34034]} sys_lwmutex: *** lwmutex created [_lc_mtx] (attribute=0x12): sq_id = 6
HLE: W {PPU[1] Thread (CPUThread)[0x00c34034]} sys_lwmutex warning: sys_lwmutex_create(lwmutex_addr=0xc0d2e0, attr_addr=0x28dab0)
HLE: ! {PPU[1] Thread (CPUThread)[0x00c34034]} sys_lwmutex: *** lwmutex created [_lc_mtx] (attribute=0x12): sq_id = 7
HLE: W {PPU[1] Thread (CPUThread)[0x00c34034]} sys_lwmutex warning: sys_lwmutex_create(lwmutex_addr=0xc0d1c8, attr_addr=0x28dab0)
HLE: ! {PPU[1] Thread (CPUThread)[0x00c34034]} sys_lwmutex: *** lwmutex created [_lc_mtx] (attribute=0x12): sq_id = 8
HLE: W {PPU[1] Thread (CPUThread)[0x00c34034]} sys_lwmutex warning: sys_lwmutex_create(lwmutex_addr=0xc0d1f0, attr_addr=0x28dab0)
HLE: ! {PPU[1] Thread (CPUThread)[0x00c34034]} sys_lwmutex: *** lwmutex created [_lc_mtx] (attribute=0x12): sq_id = 9
HLE: W {PPU[1] Thread (CPUThread)[0x00c34034]} sys_lwmutex warning: sys_lwmutex_create(lwmutex_addr=0xc0d218, attr_addr=0x28dab0)
HLE: ! {PPU[1] Thread (CPUThread)[0x00c34034]} sys_lwmutex: *** lwmutex created [_lc_mtx] (attribute=0x12): sq_id = 10
HLE: W {PPU[1] Thread (CPUThread)[0x00c34034]} sys_lwmutex warning: sys_lwmutex_create(lwmutex_addr=0xc0d240, attr_addr=0x28dab0)
HLE: ! {PPU[1] Thread (CPUThread)[0x00c34034]} sys_lwmutex: *** lwmutex created [_lc_mtx] (attribute=0x12): sq_id = 11
HLE: W {PPU[1] Thread (CPUThread)[0x00c34034]} sys_lwmutex warning: sys_lwmutex_create(lwmutex_addr=0xc0d268, attr_addr=0x28dab0)
HLE: ! {PPU[1] Thread (CPUThread)[0x00c34034]} sys_lwmutex: *** lwmutex created [_lc_mtx] (attribute=0x12): sq_id = 12
HLE: W {PPU[1] Thread (CPUThread)[0x0015180c]} sys_memory warning: sys_memory_container_create(cid_addr=0x30100010, yield_size=0x1000000)
HLE: W {PPU[1] Thread (CPUThread)[0x0015180c]} sys_memory warning: *** memory_container created(addr=0x30200000): id = 13
HLE: W {PPU[1] Thread (CPUThread)[0x001bf9a8]} sys_event_flag warning: sys_event_flag_create(eflag_id_addr=0xbb0aa4, attr_addr=0xd000fb50, init=0x0)
HLE: W {PPU[1] Thread (CPUThread)[0x001bf9a8]} sys_event_flag warning: *** event_flag created [] (protocol=0x2, type=0x10000): id = 14
HLE: ! {PPU[1] Thread (CPUThread)[0x00c3401c]} sys_ppu_thread: *** New PPU Thread [PFontThread::thread] (joinable, entry=0x34ac98): id = 15
TTY: main /app_home/PS3_GAME/USRDIR/BOOT.BIN
HLE: W {PPU[1] Thread (CPUThread)[0x0033f010]} cellSysmodule warning: cellSysmoduleLoadModule(CELL_SYSMODULE_RESC)
HLE: W {PPU[1] Thread (CPUThread)[0x0033d01c]} cellGcmSys warning: _cellGcmInitBody(context_addr=0xc048dc, cmdSize=0x80000, ioSize=0x100000, ioAddress=0x31300000)
HLE: W {PPU[1] Thread (CPUThread)[0x0033d01c]} cellGcmSys warning: *** local memory(addr=0xc0000000, size=0xf900000)
HLE: W {PPU[1] Thread (CPUThread)[0x0033d01c]} cellGcmSys warning: cellGcmInit(): 256MB io address space used
HLE: W {PPU[1] Thread (CPUThread)[0x0033d01c]} cellGcmSys warning: cellGcmMapEaIoAddress(ea=0x31300000, io=0x0, size=0x100000)
RSX: ! {RSXThread} RSX thread started
HLE: W {PPU[1] Thread (CPUThread)[0x00c100ac]} cellSysutil warning: cellVideoOutGetResolutionAvailability(videoOut=0, resolutionId=0x2, option_addr=0x2, aspect=0x0, option=0x793e24c0)
HLE: W {PPU[1] Thread (CPUThread)[0x00c10010]} cellSysutil warning: cellVideoOutConfigure(videoOut=0, config_addr=0xd000fbc4, option_addr=0x0, waitForEvent=0x0)
HLE: W {PPU[1] Thread (CPUThread)[0x0033d064]} cellGcmSys warning: cellGcmSetFlipMode(mode=2)
HLE: W {PPU[1] Thread (CPUThread)[0x0033d118]} cellGcmSys warning: cellGcmSetTileInfo(index=0, location=0, offset=0, size=3801088, pitch=5120, comp=0, base=0, bank=0)
HLE: W {PPU[1] Thread (CPUThread)[0x0033d058]} cellGcmSys warning: cellGcmBindTile(index=0)
HLE: W {PPU[1] Thread (CPUThread)[0x0033d118]} cellGcmSys warning: cellGcmSetTileInfo(index=1, location=0, offset=3801088, size=3801088, pitch=5120, comp=0, base=0, bank=0)
HLE: W {PPU[1] Thread (CPUThread)[0x0033d058]} cellGcmSys warning: cellGcmBindTile(index=1)
HLE: W {PPU[1] Thread (CPUThread)[0x0033d118]} cellGcmSys warning: cellGcmSetTileInfo(index=2, location=0, offset=7602176, size=3801088, pitch=5120, comp=9, base=0, bank=3)
HLE: E {PPU[1] Thread (CPUThread)[0x0033d118]} cellGcmSys error: cellGcmSetTileInfo: bad compression mode! (9)
HLE: W {PPU[1] Thread (CPUThread)[0x0033d058]} cellGcmSys warning: cellGcmBindTile(index=2)
HLE: W {PPU[1] Thread (CPUThread)[0x0033d0b8]} cellGcmSys warning: cellGcmBindZcull(index=0)
HLE: W {PPU[1] Thread (CPUThread)[0x001f2438]} sys_event warning: sys_event_queue_create(equeue_id_addr=0x3011050c, attr_addr=0xd000fb00, event_queue_key=0x0, size=32)
HLE: W {PPU[1] Thread (CPUThread)[0x001f2438]} sys_event warning: *** event_queue created [] (protocol=0x2, type=0x1, key=0x0, size=0x20): id = 16
HLE: W {PPU[1] Thread (CPUThread)[0x001f2450]} sys_event warning: sys_event_port_create(eport_id_addr=0xc04090, port_type=0x1, name=0x0)
HLE: W {PPU[1] Thread (CPUThread)[0x001f2450]} sys_event warning: *** sys_event_port created: id = 17
HLE: W {PPU[1] Thread (CPUThread)[0x001f2460]} sys_event warning: sys_event_port_connect_local(eport_id=17, equeue_id=16)
HLE: W {PPU[1] Thread (CPUThread)[0x0033d0d0]} cellGcmSys warning: cellGcmSetFlipHandler(handler_addr=3465664)
HLE: W {PPU[1] Thread (CPUThread)[0x00c14004]} sys_io warning: cellPadInit(max_connect=4)
HLE: W {PPU[1] Thread (CPUThread)[0x00c14034]} sys_io warning: cellKbInit(max_connect=4)
HLE: W {PPU[1] Thread (CPUThread)[0x00c14094]} sys_io warning: cellMouseInit(max_connect=4)
HLE: W {PPU[1] Thread (CPUThread)[0x0033f010]} cellSysmodule warning: cellSysmoduleLoadModule(CELL_SYSMODULE_FS)
HLE: W {PPU[1] Thread (CPUThread)[0x0033f010]} cellSysmodule warning: cellSysmoduleLoadModule(CELL_SYSMODULE_SYSUTIL_GAME)
HLE: W {PPU[1] Thread (CPUThread)[0x0033f010]} cellSysmodule warning: cellSysmoduleLoadModule(CELL_SYSMODULE_SAIL)
HLE: W {PPU[1] Thread (CPUThread)[0x0033f010]} cellSysmodule warning: cellSysmoduleLoadModule(CELL_SYSMODULE_PAMF)
HLE: W {PPU[1] Thread (CPUThread)[0x0033f010]} cellSysmodule warning: cellSysmoduleLoadModule(CELL_SYSMODULE_RTC)
HLE: W {PPU[1] Thread (CPUThread)[0x0033f010]} cellSysmodule warning: cellSysmoduleLoadModule(CELL_SYSMODULE_L10N)
HLE: E {PPU[1] Thread (CPUThread)[0x0033f01c]} TODO: Unknown func id: 0x1a267f98
HLE: W {PPU[1] Thread (CPUThread)[0x00c10040]} cellSysutil warning: cellSysutilGetSystemParamInt: CELL_SYSUTIL_SYSTEMPARAM_ID_LANG
HLE: W {PPU[1] Thread (CPUThread)[0x0033d100]} cellGcmSys warning: cellGcmSetVBlankHandler(handler_addr=0x34e1e0)
HLE: W {PPU[1] Thread (CPUThread)[0x00c100a0]} cellSysutil warning: cellSysutilRegisterCallback(slot=0, func_addr=0x34e258, userdata=0x0)
HLE: W {PPU[1] Thread (CPUThread)[0x00c1204c]} cellGame warning: cellGameBootCheck(type_addr=0xa969fc, attributes_addr=0xa96a00, size_addr=0xbcb730, dirName_addr=0x0)
HLE: W {PPU[1] Thread (CPUThread)[0x00c12028]} cellGame warning: cellGameGetParamInt(id=102, value_addr=0xbcb73c)
HLE: W {PPU[1] Thread (CPUThread)[0x00c12010]} cellGame warning: cellGameContentPermit(contentInfoPath_addr=0xd000f960, usrdirPath_addr=0xbcbf08)
HLE: W {PPU[1] Thread (CPUThread)[0x0033f010]} cellSysmodule warning: cellSysmoduleLoadModule(CELL_SYSMODULE_SYSUTIL_NP)
HLE: W {PPU[1] Thread (CPUThread)[0x0033f010]} cellSysmodule warning: cellSysmoduleLoadModule(CELL_SYSMODULE_SYSUTIL_NP_COMMERCE2)
HLE: W {PPU[1] Thread (CPUThread)[0x0033f010]} cellSysmodule warning: cellSysmoduleLoadModule(CELL_SYSMODULE_SYSUTIL_NP)
HLE: W {PPU[1] Thread (CPUThread)[0x00c32004]} sys_net warning: sys_net_initialize_network_ex(param_addr=0xa96cbc)
HLE: E {PPU[1] Thread (CPUThread)[0x00c3001c]} TODO: cellSslInit
HLE: E {PPU[1] Thread (CPUThread)[0x00c2e004]} TODO: cellHttpInit
HLE: E {PPU[1] Thread (CPUThread)[0x00c2e028]} TODO: cellHttpInitCookie
HLE: E {PPU[1] Thread (CPUThread)[0x00c30010]} TODO: cellSslCertificateLoader
HLE: E {PPU[1] Thread (CPUThread)[0x00c30010]} TODO: cellSslCertificateLoader
HLE: E {PPU[1] Thread (CPUThread)[0x00c2e010]} TODO: cellHttpsInit
HLE: W {PPU[1] Thread (CPUThread)[0x00c220f4]} sceNp warning: sceNpInit(mem_size=0x20000, mem_addr=0xb36df0)
HLE: E {PPU[1] Thread (CPUThread)[0x00c22130]} sceNp TODO: sceNpManagerRegisterCallback
HLE: W {PPU[1] Thread (CPUThread)[0x00c22028]} sceNp warning: sceNpScoreInit()
HLE: W {PPU[1] Thread (CPUThread)[0x00c2c01c]} cellNpCommerce2 warning: sceNpCommerce2Init()
HLE: W {PPU[1] Thread (CPUThread)[0x0033f010]} cellSysmodule warning: cellSysmoduleLoadModule(CELL_SYSMODULE_SYSUTIL_NP_TROPHY)
HLE: W {PPU[1] Thread (CPUThread)[0x00c28064]} sceNpTrophy warning: sceNpTrophyCreateContext(context_addr=0xc04050, commID_addr=0x28c1c4, commSign_addr=0x28c1d0, options=0x0)
HLE: W {PPU[1] Thread (CPUThread)[0x00c28010]} sceNpTrophy warning: sceNpTrophyCreateHandle(handle_addr=0xc04054)
HLE: ! {PPU[1] Thread (CPUThread)[0x00c3401c]} sys_ppu_thread: *** New PPU Thread [checkhddtrophy] (non-joinable, entry=0x34e060): id = 18
HLE: W {PPU[18] Thread (checkhddtrophy)[0x00c2801c]} sceNpTrophy warning: sceNpTrophyGetRequiredDiskSpace(context=0, handle=0, reqspace_addr=0xc04068, options=0x0)
HLE: ! {PPU[1] Thread (CPUThread)[0x00c3401c]} sys_ppu_thread: *** New PPU Thread [tokyojungle_auto_load_check] (non-joinable, entry=0x34c220): id = 19
HLE: W {PPU[19] Thread (tokyojungle_auto_load_check)[0x00c100f4]} cellSysutil warning: cellSaveDataAutoLoad2(version=0, dirName_addr=0xd004fd90, errDialog=0, setBuf=0xd004fdb0, funcList=0x34c1b0, funcStat=0x34c1b8, funcFile=0xffffffff, container=0xbc0170, userdata_addr=0x7bcdf050)
HLE: W {PPU[19] Thread (tokyojungle_auto_load_check)[0x00c100f4]} cellSysutil warning: cellSaveDataAutoLoad2: Couldn't find save entry (NPEA00275-AUTO-)
RSX: W {RSXThread} TODO: NV4097_SET_WINDOW_OFFSET: x=0, y=0
RSX: W {RSXThread} New FBO (1280x720)
RSX: W {RSXThread} NV406E_SEMAPHORE_ACQUIRE: 1
RSX: W {RSXThread} TODO: NV4097_SET_WINDOW_OFFSET: x=0, y=0
RSX: W {RSXThread} NV406E_SEMAPHORE_ACQUIRE: 1
RSX: W {RSXThread} TODO: NV4097_SET_WINDOW_OFFSET: x=0, y=0
RSX: W {RSXThread} NV406E_SEMAPHORE_ACQUIRE: 1
HLE: ! {PPU[1] Thread (CPUThread)[0x00c3401c]} sys_ppu_thread: *** New PPU Thread [JNP::NPDRMOpenThread] (joinable, entry=0x34ac98): id = 20
HLE: W {PPU[20] Thread (JNP::NPDRMOpenThread)[0x0033b040]} sys_fs warning: cellFsStat(path="/dev_hdd0/game/NPEA00275/USRDIR/data/tj.edat", sb_addr=0xd005fcec)
RSX: W {RSXThread} TODO: NV4097_SET_WINDOW_OFFSET: x=0, y=0
RSX: W {RSXThread} NV406E_SEMAPHORE_ACQUIRE: 1
HLE: W {PPU[20] Thread (JNP::NPDRMOpenThread)[0x00c220d0]} sceNp warning: sceNpDrmIsAvailable(k_licensee_addr=0x3b0e58, drm_path_addr=0x301e0300('/dev_hdd0/game/NPEA00275/USRDIR/data/tj.edat'))
HLE: W {PPU[20] Thread (JNP::NPDRMOpenThread)[0x00c220d0]} sceNp warning: npDrmIsAvailable: Found DRM license file at /dev_hdd0/game/NPEA00275/USRDIR/data/tj.edat
HLE: W {PPU[20] Thread (JNP::NPDRMOpenThread)[0x00c220d0]} sceNp warning: npDrmIsAvailable: Using k_licensee 0x0db2189788147c0823fffa353a8307957
RSX: W {RSXThread} TODO: NV4097_SET_WINDOW_OFFSET: x=0, y=0
RSX: W {RSXThread} NV406E_SEMAPHORE_ACQUIRE: 1
LDR: E {PPU[20] Thread (JNP::NPDRMOpenThread)[0x00c220d0]} EDAT: D:\Emulateurs\Rpcs3\dev_hdd0\game\NPEA00275\USRDIR\data\tj.edat has invalid NPD header or already decrypted.
HLE: ! {PPU[20] Thread (JNP::NPDRMOpenThread)[0x0033b034]} sys_fs: "/dev_hdd0/game/NPEA00275/USRDIR/data/tj.edat" opened: fd = 21
HLE: W {PPU[1] Thread (CPUThread)[0x0017b2b8]} sys_ppu_thread warning: sys_ppu_thread_join(thread_id=20, vptr_addr=0xd000f720)
RSX: W {RSXThread} TODO: NV4097_SET_WINDOW_OFFSET: x=0, y=0
RSX: W {RSXThread} NV406E_SEMAPHORE_ACQUIRE: 1
HLE: W {PPU[1] Thread (CPUThread)[0x0033b004]} sys_fs warning: cellFsClose(fd=21)
HLE: W {PPU[1] Thread (CPUThread)[0x00c34034]} sys_lwmutex warning: sys_lwmutex_create(lwmutex_addr=0xc0cff0, attr_addr=0xd000f940)
HLE: ! {PPU[1] Thread (CPUThread)[0x00c34034]} sys_lwmutex: *** lwmutex created [] (attribute=0x22): sq_id = 22
HLE: W {PPU[1] Thread (CPUThread)[0x00c34034]} sys_lwmutex warning: sys_lwmutex_create(lwmutex_addr=0xc0d008, attr_addr=0xd000f940)
HLE: ! {PPU[1] Thread (CPUThread)[0x00c34034]} sys_lwmutex: *** lwmutex created [] (attribute=0x22): sq_id = 23
RSX: W {RSXThread} TODO: NV4097_SET_WINDOW_OFFSET: x=0, y=0
RSX: W {RSXThread} NV406E_SEMAPHORE_ACQUIRE: 1
HLE: W {PPU[1] Thread (CPUThread)[0x00231fb4]} sys_mutex warning: *** mutex created [] (protocol=0x2, recursive=false): id = 24
HLE: W {PPU[1] Thread (CPUThread)[0x0023202c]} sys_cond warning: *** condition created [] (mutex_id=24): id = 25
HLE: W {PPU[1] Thread (CPUThread)[0x0023204c]} sys_cond warning: *** condition created [] (mutex_id=24): id = 26
HLE: ! {PPU[1] Thread (CPUThread)[0x00c3401c]} sys_ppu_thread: *** New PPU Thread [sgsfile-req-th] (joinable, entry=0x350268): id = 27
HLE: E {PPU[1] Thread (CPUThread)[0x002306c4]} Unknown syscall: 631 - 00000277
TTY: sgsfile : arg '/dev_hdd0/game/NPEA00275/USRDIR'
TTY: sgsfile : boot device '5'(/dev_hdd0/game/NPEA00275/)
TTY: sgsfile : boot dir '/game/NPEA00275'
HLE: W {PPU[1] Thread (CPUThread)[0x0033d0c4]} cellGcmSys warning: cellGcmMapMainMemory(ea=0x31500000,size=0x100000,offset_addr=0xbaf860)
HLE: W {PPU[1] Thread (CPUThread)[0x0033d0c4]} cellGcmSys warning: cellGcmMapMainMemory(ea=0x31600000,size=0x100000,offset_addr=0xd000f9b0)
HLE: W {PPU[1] Thread (CPUThread)[0x0033d0c4]} cellGcmSys warning: cellGcmMapMainMemory(ea=0x31700000,size=0x100000,offset_addr=0xd000f9b0)
HLE: W {PPU[1] Thread (CPUThread)[0x0033f010]} cellSysmodule warning: cellSysmoduleLoadModule(CELL_SYSMODULE_FONT)
HLE: W {PPU[1] Thread (CPUThread)[0x0033f010]} cellSysmodule warning: cellSysmoduleLoadModule(CELL_SYSMODULE_FREETYPE)
HLE: W {PPU[1] Thread (CPUThread)[0x0033f010]} cellSysmodule warning: cellSysmoduleLoadModule(CELL_SYSMODULE_FONTFT)
HLE: W {PPU[1] Thread (CPUThread)[0x00c34034]} sys_lwmutex warning: sys_lwmutex_create(lwmutex_addr=0x31a001d0, attr_addr=0x28dab0)
HLE: ! {PPU[1] Thread (CPUThread)[0x00c34034]} sys_lwmutex: *** lwmutex created [_lc_mtx] (attribute=0x12): sq_id = 28
HLE: W {PPU[1] Thread (CPUThread)[0x0033913c]} cellFont warning: cellFontInitializeWithRevision(revisionFlags=0x61, config=0xd000f878)
HLE: W {PPU[1] Thread (CPUThread)[0x00337004]} cellFontFT warning: cellFontInitLibraryFreeTypeWithRevision(revisionFlags=0x42, config_addr=0xd000f860, lib_addr_addr=0xd000f850
HLE: W {PPU[1] Thread (CPUThread)[0x003390f4]} cellFont warning: cellFontOpenFontset: fontType->type = 16908288 not supported yet. RD-R-LATIN.TTF will be used instead.
HLE: W {PPU[1] Thread (CPUThread)[0x003390f4]} cellFont warning: cellFontOpenFontFile(library_addr=0x30017000, fontPath="/dev_flash/data/font/SCE-PS3-RD-R-LATIN.TTF", subNum=0, uniqueId=0, font_addr=0xa6c624)
HLE: W {PPU[1] Thread (CPUThread)[0x003390f4]} cellFont warning: cellFontOpenFontMemory(library_addr=0x30017000, fontAddr=0x30019000, fontSize=38388, subNum=0, uniqueId=0, font_addr=0xa6c624)
HLE: E {PPU[1] Thread (CPUThread)[0x00339154]} cellFont TODO: cellFontSetResolutionDpi
HLE: E {PPU[1] Thread (CPUThread)[0x00339094]} cellFont TODO: cellFontSetScalePoint
HLE: W {PPU[1] Thread (CPUThread)[0x00339004]} cellFont warning: cellFontCreateRenderer(library_addr=0x30017000, config_addr=0xd000f880, Renderer_addr=0xb6e0e0)
HLE: W {PPU[1] Thread (CPUThread)[0x00339004]} cellFont warning: cellFontCreateRenderer(library_addr=0x30017000, config_addr=0xd000f880, Renderer_addr=0xb6e20c)
HLE: W {PPU[1] Thread (CPUThread)[0x0033904c]} cellFont warning: cellFontOpenFontInstance(openedFont=0xa6c624, font=0xb6e338)
HLE: W {PPU[1] Thread (CPUThread)[0x0033907c]} cellFont warning: cellFontBindRenderer(font_addr=0xb6e338, renderer_addr=0xb6e0e0)
HLE: W {PPU[1] Thread (CPUThread)[0x0033907c]} cellFont warning: cellFontBindRenderer(font_addr=0xb6e338, renderer_addr=0xb6e20c)
HLE: E {PPU[1] Thread (CPUThread)[0x00339040]} cellFont TODO: cellFontSetEffectWeight
HLE: E {PPU[1] Thread (CPUThread)[0x00339088]} cellFont TODO: cellFontGetVerticalLayout
HLE: E {PPU[1] Thread (CPUThread)[0x003390e8]} cellFont TODO: cellFontSetupRenderEffectWeight
HLE: E {PPU[1] Thread (CPUThread)[0x003390a0]} cellFont TODO: cellFontSetupRenderEffectSlant
HLE: W {PPU[1] Thread (CPUThread)[0x003390d0]} cellFont warning: cellFontRenderSurfaceInit(surface_addr=0xd000f648, buffer_addr=0x0, bufferWidthByte=64, pixelSizeByte=1, w=64, h=64)
HLE: W {PPU[1] Thread (CPUThread)[0x0033910c]} cellFont warning: cellFontRenderSurfaceSetScissor(surface_addr=0xd000f648, x0=0, y0=0, w=64, h=64)
TTY: === SGX system initialize ... ===
HLE: W {PPU[1] Thread (CPUThread)[0x00c34034]} sys_lwmutex warning: sys_lwmutex_create(lwmutex_addr=0x301faed0, attr_addr=0xd000f890)
HLE: ! {PPU[1] Thread (CPUThread)[0x00c34034]} sys_lwmutex: *** lwmutex created [] (attribute=0x12): sq_id = 29
HLE: W {PPU[1] Thread (CPUThread)[0x00c34034]} sys_lwmutex warning: sys_lwmutex_create(lwmutex_addr=0x301faef0, attr_addr=0xd000f890)
HLE: ! {PPU[1] Thread (CPUThread)[0x00c34034]} sys_lwmutex: *** lwmutex created [] (attribute=0x12): sq_id = 30
HLE: W {PPU[1] Thread (CPUThread)[0x00c34034]} sys_lwmutex warning: sys_lwmutex_create(lwmutex_addr=0xc075b8, attr_addr=0xd000f730)
HLE: ! {PPU[1] Thread (CPUThread)[0x00c34034]} sys_lwmutex: *** lwmutex created [] (attribute=0x12): sq_id = 31
HLE: W {PPU[1] Thread (CPUThread)[0x00c34034]} sys_lwmutex warning: sys_lwmutex_create(lwmutex_addr=0x301ffc80, attr_addr=0xd000f720)
HLE: ! {PPU[1] Thread (CPUThread)[0x00c34034]} sys_lwmutex: *** lwmutex created [] (attribute=0x12): sq_id = 32
HLE: W {PPU[1] Thread (CPUThread)[0x00c34034]} sys_lwmutex warning: sys_lwmutex_create(lwmutex_addr=0x301ffca0, attr_addr=0xd000f720)
HLE: ! {PPU[1] Thread (CPUThread)[0x00c34034]} sys_lwmutex: *** lwmutex created [] (attribute=0x12): sq_id = 33
HLE: W {PPU[1] Thread (CPUThread)[0x00c180dc]} cellSpurs warning: _cellSpursAttributeInitialize(attr_addr=0xd000f4e8, revision=2, sdkVersion=0x330000, nSpus=1, spuPriority=32, ppuPriority=110, exitIfNoWork=1)
HLE: W {PPU[1] Thread (CPUThread)[0x00c18004]} cellSpurs warning: cellSpursAttributeSetNamePrefix(attr_addr=0xd000f4e8, prefix_addr=0x28d3a8, size=10)
HLE: W {PPU[1] Thread (CPUThread)[0x00c18118]} cellSpurs warning: cellSpursInitializeWithAttribute(spurs_addr=0xc07680, attr_addr=0xd000f4e8)
HLE: ! {PPU[1] Thread (CPUThread)[0x00c18118]} sys_semaphore: *** semaphore created [_spuWkl] (protocol=0x2): id = 34
HLE: ! {PPU[1] Thread (CPUThread)[0x00c18118]} sys_semaphore: *** semaphore created [_spuWkl] (protocol=0x2): id = 35
HLE: ! {PPU[1] Thread (CPUThread)[0x00c18118]} sys_semaphore: *** semaphore created [_spuWkl] (protocol=0x2): id = 36
HLE: ! {PPU[1] Thread (CPUThread)[0x00c18118]} sys_semaphore: *** semaphore created [_spuWkl] (protocol=0x2): id = 37
HLE: ! {PPU[1] Thread (CPUThread)[0x00c18118]} sys_semaphore: *** semaphore created [_spuWkl] (protocol=0x2): id = 38
HLE: ! {PPU[1] Thread (CPUThread)[0x00c18118]} sys_semaphore: *** semaphore created [_spuWkl] (protocol=0x2): id = 39
HLE: ! {PPU[1] Thread (CPUThread)[0x00c18118]} sys_semaphore: *** semaphore created [_spuWkl] (protocol=0x2): id = 40
HLE: ! {PPU[1] Thread (CPUThread)[0x00c18118]} sys_semaphore: *** semaphore created [_spuWkl] (protocol=0x2): id = 41
HLE: ! {PPU[1] Thread (CPUThread)[0x00c18118]} sys_semaphore: *** semaphore created [_spuWkl] (protocol=0x2): id = 42
HLE: ! {PPU[1] Thread (CPUThread)[0x00c18118]} sys_semaphore: *** semaphore created [_spuWkl] (protocol=0x2): id = 43
HLE: ! {PPU[1] Thread (CPUThread)[0x00c18118]} sys_semaphore: *** semaphore created [_spuWkl] (protocol=0x2): id = 44
HLE: ! {PPU[1] Thread (CPUThread)[0x00c18118]} sys_semaphore: *** semaphore created [_spuWkl] (protocol=0x2): id = 45
HLE: ! {PPU[1] Thread (CPUThread)[0x00c18118]} sys_semaphore: *** semaphore created [_spuWkl] (protocol=0x2): id = 46
HLE: ! {PPU[1] Thread (CPUThread)[0x00c18118]} sys_semaphore: *** semaphore created [_spuWkl] (protocol=0x2): id = 47
HLE: ! {PPU[1] Thread (CPUThread)[0x00c18118]} sys_semaphore: *** semaphore created [_spuWkl] (protocol=0x2): id = 48
HLE: ! {PPU[1] Thread (CPUThread)[0x00c18118]} sys_semaphore: *** semaphore created [_spuWkl] (protocol=0x2): id = 49
HLE: ! {PPU[1] Thread (CPUThread)[0x00c18118]} sys_semaphore: *** semaphore created [_spuPrv] (protocol=0x2): id = 50
HLE: ! {PPU[1] Thread (CPUThread)[0x00c18118]} sys_spu: *** SPU Thread Group created [sgx-spurs-CellSpursKernelGroup] (num=1, prio=32, type=0x0, container=0): id=51
HLE: E {PPU[1] Thread (CPUThread)[0x00c18118]} sys_spu TODO: Unsupported SPU Thread options (0x2)
HLE: W {PPU[1] Thread (CPUThread)[0x00c18118]} sys_spu warning: *** New SPU Thread [sgx-spurs-CellSpursKernel0] (ep=0x0, opt=0x2, a1=0x0, a2=0x0, a3=0x0, a4=0x0): id=52
HLE: ! {PPU[1] Thread (CPUThread)[0x00c18118]} sys_lwmutex: *** lwmutex created [_spuPrv] (attribute=0x22): sq_id = 53
HLE: W {PPU[1] Thread (CPUThread)[0x00c18118]} sys_lwcond warning: *** lwcond created [_spuPrv] (lwmutex_addr=0xc08430): id = 54
HLE: W {PPU[1] Thread (CPUThread)[0x00c18118]} sys_event warning: *** event_queue created [_spuPrv] (protocol=0x1, type=0x1, key=0x0, size=0x2a): id = 55
HLE: W {PPU[1] Thread (CPUThread)[0x00c18118]} sys_spu warning: sys_spu_thread_group_connect_event_all_threads(id=51, eq_id=55, req=0xffffffffffff0000, spup_addr=0xc07749)
HLE: W {PPU[1] Thread (CPUThread)[0x00c18118]} sys_spu warning: *** spup -> 16
HLE: W {PPU[1] Thread (CPUThread)[0x00c18118]} sys_event warning: *** sys_event_port created: id = 56
HLE: W {PPU[1] Thread (CPUThread)[0x00c18118]} sys_event warning: sys_event_port_connect_local(eport_id=56, equeue_id=55)
HLE: ! {PPU[1] Thread (CPUThread)[0x00c18118]} sys_ppu_thread: *** New PPU Thread [sgx-spurs-SpursHdlr0] (joinable, entry=0x0): id = 57
HLE: ! {PPU[1] Thread (CPUThread)[0x00c18118]} sys_ppu_thread: *** New PPU Thread [sgx-spurs-SpursHdlr1] (joinable, entry=0x0): id = 58
HLE: E {PPU[1] Thread (CPUThread)[0x00c18118]} sys_spu TODO: sys_spu_thread_group_connect_event(id=51, eq=55, et=0x2)
TTY:  initialized SPURS v2 (1,110,32,1, 1, 1,1,1,1, 1,1,1,1)
HLE: W {PPU[1] Thread (CPUThread)[0x0020fcc8]} sys_event warning: sys_event_queue_create(equeue_id_addr=0xc08680, attr_addr=0xd000f3d8, event_queue_key=0x0, size=8)
HLE: W {PPU[1] Thread (CPUThread)[0x0020fcc8]} sys_event warning: *** event_queue created [] (protocol=0x2, type=0x1, key=0x0, size=0x8): id = 59
HLE: W {PPU[1] Thread (CPUThread)[0x0020fcec]} sys_event warning: sys_event_port_create(eport_id_addr=0xc08690, port_type=0x1, name=0xfee1dead)
HLE: W {PPU[1] Thread (CPUThread)[0x0020fcec]} sys_event warning: *** sys_event_port created: id = 60
HLE: W {PPU[1] Thread (CPUThread)[0x0020fd04]} sys_event warning: sys_event_port_connect_local(eport_id=60, equeue_id=59)
HLE: W {PPU[1] Thread (CPUThread)[0x00c18130]} cellSpurs warning: cellSpursAttachLv2EventQueue(spurs_addr=0xc07680, queue=59, port_addr=0xd000f3b0, isDynamic=0)
HLE: W {PPU[1] Thread (CPUThread)[0x00c18130]} sys_spu warning: sys_spu_thread_group_connect_event_all_threads(id=51, eq_id=59, req=0x2, spup_addr=0xd000f3b0)
HLE: W {PPU[1] Thread (CPUThread)[0x00c18130]} sys_spu warning: *** spup -> 1
HLE: ! {PPU[1] Thread (CPUThread)[0x00c3401c]} sys_ppu_thread: *** New PPU Thread [sgx-spurs-printf-handler] (joinable, entry=0x34ef20): id = 61
TTY:  created SPURS printf server
HLE: W {PPU[1] Thread (CPUThread)[0x00c34034]} sys_lwmutex warning: sys_lwmutex_create(lwmutex_addr=0x31249d80, attr_addr=0xd000f710)
HLE: ! {PPU[1] Thread (CPUThread)[0x00c34034]} sys_lwmutex: *** lwmutex created [] (attribute=0x22): sq_id = 62
HLE: W {PPU[1] Thread (CPUThread)[0x00210054]} sys_event warning: sys_event_queue_create(equeue_id_addr=0x31249d98, attr_addr=0xd000f700, event_queue_key=0x0, size=1)
HLE: W {PPU[1] Thread (CPUThread)[0x00210054]} sys_event warning: *** event_queue created [] (protocol=0x2, type=0x1, key=0x0, size=0x1): id = 63
HLE: W {PPU[1] Thread (CPUThread)[0x00c18130]} cellSpurs warning: cellSpursAttachLv2EventQueue(spurs_addr=0xc07680, queue=63, port_addr=0x31249d9c, isDynamic=1)
HLE: W {PPU[1] Thread (CPUThread)[0x00c18130]} sys_spu warning: sys_spu_thread_group_connect_event_all_threads(id=51, eq_id=63, req=0xffffffffffff0000, spup_addr=0x31249d9c)
HLE: W {PPU[1] Thread (CPUThread)[0x00c18130]} sys_spu warning: *** spup -> 17
TTY:  created SOC job (31249B80,20480,3F,17)
HLE: E {PPU[1] Thread (CPUThread)[0x00c1804c]} cellSpurs TODO: _cellSpursJobChainAttributeInitialize
HLE: E {PPU[1] Thread (CPUThread)[0x00c180f4]} cellSpurs TODO: cellSpursJobChainAttributeSetName
HLE: E {PPU[1] Thread (CPUThread)[0x00c18040]} cellSpurs TODO: cellSpursCreateJobChainWithAttribute
HLE: E {PPU[1] Thread (CPUThread)[0x00c18088]} cellSpurs TODO: cellSpursJobGuardInitialize
HLE: E {PPU[1] Thread (CPUThread)[0x00c18178]} cellSpurs TODO: cellSpursRunJobChain
HLE: E {PPU[1] Thread (CPUThread)[0x00c18160]} cellSpurs TODO: cellSpursJobGuardNotify
RSX: W {VBlank thread} VBlank thread aborted
HLE: W {PPU[27] Thread (sgsfile-req-th)[0x002322e8]} sys_cond warning: sys_cond_wait(id=25) aborted
RSX: W {RSXThread} RSX thread aborted
HLE: W {PPU[15] Thread (PFontThread::thread)[0x001bf76c]} sys_event_flag warning: sys_event_flag_wait(id=14) aborted
HLE: W {PPU[1] Thread (CPUThread)[0x0020e62c]} sys_event warning: sys_event_queue_receive(equeue=63) aborted
HLE: W {PPU[61] Thread (sgx-spurs-printf-handler)[0x00210254]} sys_event warning: sys_event_queue_receive(equeue=59) aborted
PPU: ! {PPULLVMRecompiler} PPU LLVM compiler thread exiting.
HLE: ! All threads stopped...
MEM: ! Closing memory...
