HLE: ! path: /dev_hdd0/game/
HLE: W No pause.bin found, Auto Pause will not work.
HLE: W No pause.bin found, Auto Pause will not work.
LDR: ! Loading 'D:\Emulateurs\Rpcs3\dev_hdd0\game\NPEB00564/USRDIR/BOOT.BIN'...
LDR: !  
LDR: ! Mount info:
LDR: ! /dev_hdd0/ -> ./dev_hdd0/
LDR: ! /dev_hdd1/ -> ./dev_hdd1/
LDR: ! /dev_flash/ -> ./dev_flash/
LDR: ! /dev_usb000/ -> ./dev_usb000/
LDR: ! /dev_usb/ -> ./dev_usb000/
LDR: ! /app_home/ -> D:\Emulateurs\Rpcs3\dev_hdd0\game\NPEB00564/
LDR: ! /dev_bdvd/ -> D:\Emulateurs\Rpcs3\dev_hdd0\game\NPEB00564//../
LDR: ! /host_root/ -> 
LDR: ! /app_home/PS3_GAME/USRDIR/ -> D:\Emulateurs\Rpcs3\dev_hdd0\game\NPEB00564//USRDIR/
LDR: ! /dev_flash2/ -> ./dev_flash2/
LDR: ! /app_home/Game/PS3_GAME/USRDIR/ -> D:\Emulateurs\Rpcs3\dev_hdd0\game\NPEB00564//USRDIR/
LDR: ! //dev_hdd0/ -> ./dev_hdd0/
LDR: ! / -> D:\Emulateurs\Rpcs3\dev_hdd0\game\NPEB00564//USRDIR/
LDR: ! /app_home//dev_bdvd/PS3_GAME/USRDIR/data/gos/ -> D:\Emulateurs\Rpcs3\dev_hdd0\game\NPEB00564//USRDIR/
LDR: !  
LDR: ! Title: LIMBO Trial
LDR: ! Serial: NPEB00564
LDR: !  
LDR: W m_ehdr.e_type = 0x2
MEM: ! Initializing memory: base_addr = 0x413d8c0000
MEM: ! Memory initialized.
LDR: ! Imported function 'cellFsReadWithOffset' in 'sys_fs' module  (HLE)
LDR: ! Imported function 'cellFsClose' in 'sys_fs' module  (HLE)
LDR: ! Imported function 'cellFsOpendir' in 'sys_fs' module  (HLE)
LDR: ! Imported function 'cellFsRead' in 'sys_fs' module  (HLE)
LDR: ! Imported function 'cellFsReaddir' in 'sys_fs' module  (HLE)
LDR: ! Imported function 'cellFsOpen' in 'sys_fs' module  (HLE)
LDR: ! Imported function 'cellFsStat' in 'sys_fs' module  (HLE)
LDR: W Unimplemented function 'cellFsWriteWithOffset' in 'sys_fs' module (HLE)
LDR: ! Imported function 'cellFsFsync' in 'sys_fs' module  (HLE)
LDR: ! Imported function 'cellFsLseek' in 'sys_fs' module  (HLE)
LDR: ! Imported function 'cellFsMkdir' in 'sys_fs' module  (HLE)
LDR: ! Imported function 'cellFsWrite' in 'sys_fs' module  (HLE)
LDR: ! Imported function 'cellFsFstat' in 'sys_fs' module  (HLE)
LDR: ! Imported function 'cellFsClosedir' in 'sys_fs' module  (HLE)
LDR: ! Imported function 'cellAudioInit' in 'cellAudio' module  (HLE)
LDR: ! Imported function 'cellAudioPortClose' in 'cellAudio' module  (HLE)
LDR: ! Imported function 'cellAudioSetPortLevel' in 'cellAudio' module  (HLE)
LDR: ! Imported function 'cellAudioPortStop' in 'cellAudio' module  (HLE)
LDR: ! Imported function 'cellAudioGetPortConfig' in 'cellAudio' module  (HLE)
LDR: ! Imported function 'cellAudioPortStart' in 'cellAudio' module  (HLE)
LDR: ! Imported function 'cellAudioQuit' in 'cellAudio' module  (HLE)
LDR: ! Imported function 'cellAudioPortOpen' in 'cellAudio' module  (HLE)
LDR: ! Imported function 'cellGcmGetTiledPitchSize' in 'cellGcmSys' module  (HLE)
LDR: ! Imported function 'cellGcmAddressToOffset' in 'cellGcmSys' module  (HLE)
LDR: ! Imported function 'cellGcmBindTile' in 'cellGcmSys' module  (HLE)
LDR: ! Imported function 'cellGcmSetFlipMode' in 'cellGcmSys' module  (HLE)
LDR: ! Imported function 'cellGcmSetDebugOutputLevel' in 'cellGcmSys' module  (HLE)
LDR: ! Imported function 'cellGcmGetFlipStatus' in 'cellGcmSys' module  (HLE)
LDR: ! Imported function 'cellGcmMapMainMemory' in 'cellGcmSys' module  (HLE)
LDR: ! Imported function 'cellGcmSetDisplayBuffer' in 'cellGcmSys' module  (HLE)
LDR: ! Imported function 'cellGcmGetControlRegister' in 'cellGcmSys' module  (HLE)
LDR: ! Imported function 'cellGcmSetVBlankHandler' in 'cellGcmSys' module  (HLE)
LDR: ! Imported function 'cellGcmResetFlipStatus' in 'cellGcmSys' module  (HLE)
LDR: ! Imported function 'cellGcmSetTileInfo' in 'cellGcmSys' module  (HLE)
LDR: ! Imported function 'cellGcmSetGraphicsHandler' in 'cellGcmSys' module  (HLE)
LDR: ! Imported function 'cellGcmSetZcull' in 'cellGcmSys' module  (HLE)
LDR: ! Imported function 'cellGcmUnbindTile' in 'cellGcmSys' module  (HLE)
LDR: ! Imported function 'cellGcmGetConfiguration' in 'cellGcmSys' module  (HLE)
LDR: ! Imported function 'cellGcmGetLabelAddress' in 'cellGcmSys' module  (HLE)
LDR: ! Imported function '_cellGcmInitBody' in 'cellGcmSys' module  (HLE)
LDR: ! Imported function '_cellGcmSetFlipCommand' in 'cellGcmSys' module  (HLE)
LDR: ! Imported function '_cellGcmFunc15' in 'cellGcmSys' module  (HLE)
LDR: ! Imported function 'cellGcmGetDefaultCommandWordSize' in 'cellGcmSys' module  (HLE)
LDR: ! Imported function 'cellGcmGetDefaultSegmentWordSize' in 'cellGcmSys' module  (HLE)
LDR: ! Imported function 'cellGcmSetDefaultFifoSize' in 'cellGcmSys' module  (HLE)
LDR: ! Imported function '_cellGcmSetFlipCommandWithWaitLabel' in 'cellGcmSys' module  (HLE)
LDR: ! Imported function 'cellRescSetWaitFlip' in 'cellResc' module  (HLE)
LDR: ! Imported function 'cellRescSetDisplayMode' in 'cellResc' module  (HLE)
LDR: ! Imported function 'cellRescSetConvertAndFlip' in 'cellResc' module  (HLE)
LDR: ! Imported function 'cellRescSetFlipHandler' in 'cellResc' module  (HLE)
LDR: ! Imported function 'cellRescInit' in 'cellResc' module  (HLE)
LDR: ! Imported function 'cellRescGetBufferSize' in 'cellResc' module  (HLE)
LDR: ! Imported function 'cellRescSetSrc' in 'cellResc' module  (HLE)
LDR: ! Imported function 'cellRescSetBufferAddress' in 'cellResc' module  (HLE)
LDR: ! Imported function 'cellRescVideoOutResolutionId2RescBufferMode' in 'cellResc' module  (HLE)
LDR: ! Imported function 'cellPadInit' in 'sys_io' module  (HLE)
LDR: ! Imported function 'cellPadSetPortSetting' in 'sys_io' module  (HLE)
LDR: ! Imported function 'cellPadGetData' in 'sys_io' module  (HLE)
LDR: ! Imported function 'cellPadGetInfo2' in 'sys_io' module  (HLE)
LDR: ! Imported function 'cellPadSetActDirect' in 'sys_io' module  (HLE)
LDR: ! Imported function 'cellNetCtlNetStartDialogLoadAsync' in 'cellNetCtl' module  (HLE)
LDR: ! Imported function 'cellNetCtlNetStartDialogUnloadAsync' in 'cellNetCtl' module  (HLE)
LDR: ! Imported function 'cellNetCtlTerm' in 'cellNetCtl' module  (HLE)
LDR: ! Imported function 'cellNetCtlInit' in 'cellNetCtl' module  (HLE)
LDR: ! Imported function 'cellSpursAttributeSetNamePrefix' in 'cellSpurs' module  (HLE)
LDR: ! Imported function 'cellSpursCreateJobChainWithAttribute' in 'cellSpurs' module  (HLE)
LDR: ! Imported function '_cellSpursJobChainAttributeInitialize' in 'cellSpurs' module  (HLE)
LDR: ! Imported function 'cellSpursDetachLv2EventQueue' in 'cellSpurs' module  (HLE)
LDR: ! Imported function 'cellSpursJobGuardInitialize' in 'cellSpurs' module  (HLE)
LDR: ! Imported function 'cellSpursShutdownJobChain' in 'cellSpurs' module  (HLE)
LDR: ! Imported function '_cellSpursAttributeInitialize' in 'cellSpurs' module  (HLE)
LDR: ! Imported function 'cellSpursJoinJobChain' in 'cellSpurs' module  (HLE)
LDR: ! Imported function 'cellSpursInitializeWithAttribute' in 'cellSpurs' module  (HLE)
LDR: ! Imported function 'cellSpursAttachLv2EventQueue' in 'cellSpurs' module  (HLE)
LDR: ! Imported function 'cellSpursFinalize' in 'cellSpurs' module  (HLE)
LDR: ! Imported function 'cellSpursJobGuardNotify' in 'cellSpurs' module  (HLE)
LDR: ! Imported function 'cellSpursRunJobChain' in 'cellSpurs' module  (HLE)
LDR: ! Imported function 'cellSysmoduleUnloadModule' in 'cellSysmodule' module  (HLE)
LDR: ! Imported function 'cellSysmoduleLoadModule' in 'cellSysmodule' module  (HLE)
LDR: ! Imported function 'cellSysutilUnregisterCallback' in 'cellSysutil' module  (HLE)
LDR: ! Imported function 'cellVideoOutConfigure' in 'cellSysutil' module  (HLE)
LDR: ! Imported function 'cellSysutilCheckCallback' in 'cellSysutil' module  (HLE)
LDR: ! Imported function 'cellSysutilGetSystemParamInt' in 'cellSysutil' module  (HLE)
LDR: ! Imported function 'cellMsgDialogOpen2' in 'cellSysutil' module  (HLE)
LDR: ! Imported function 'cellVideoOutGetState' in 'cellSysutil' module  (HLE)
LDR: ! Imported function 'cellSaveDataAutoSave2' in 'cellSysutil' module  (HLE)
LDR: ! Imported function 'cellSysutilRegisterCallback' in 'cellSysutil' module  (HLE)
LDR: ! Imported function 'cellSysutilGetBgmPlaybackStatus' in 'cellSysutil' module  (HLE)
LDR: ! Imported function 'cellVideoOutGetResolutionAvailability' in 'cellSysutil' module  (HLE)
LDR: ! Imported function 'cellAudioOutGetState' in 'cellSysutil' module  (HLE)
LDR: ! Imported function 'cellSaveDataAutoLoad2' in 'cellSysutil' module  (HLE)
LDR: ! Imported function 'cellUserInfoGetStat' in 'cellUserInfo' module  (HLE)
LDR: ! Imported function 'sceNpTrophyRegisterContext' in 'sceNpTrophy' module  (HLE)
LDR: ! Imported function 'sceNpTrophyCreateHandle' in 'sceNpTrophy' module  (HLE)
LDR: ! Imported function 'sceNpTrophyGetRequiredDiskSpace' in 'sceNpTrophy' module  (HLE)
LDR: ! Imported function 'sceNpTrophyInit' in 'sceNpTrophy' module  (HLE)
LDR: ! Imported function 'sceNpTrophyUnlockTrophy' in 'sceNpTrophy' module  (HLE)
LDR: ! Imported function 'sceNpTrophyTerm' in 'sceNpTrophy' module  (HLE)
LDR: ! Imported function 'sceNpTrophyGetTrophyUnlockState' in 'sceNpTrophy' module  (HLE)
LDR: ! Imported function 'sceNpTrophyCreateContext' in 'sceNpTrophy' module  (HLE)
LDR: ! Imported function 'sceNpManagerGetContentRatingFlag' in 'sceNp' module  (HLE)
LDR: ! Imported function 'sceNpDrmIsAvailable' in 'sceNp' module  (HLE)
LDR: ! Imported function 'sceNpInit' in 'sceNp' module  (HLE)
LDR: ! Imported function 'sceNpDrmVerifyUpgradeLicense2' in 'sceNp' module  (HLE)
LDR: ! Imported function 'sceNpDrmExecuteGamePurchase' in 'sceNp' module  (HLE)
LDR: ! Imported function 'cellGameContentPermit' in 'cellGame' module  (HLE)
LDR: ! Imported function 'cellGameContentErrorDialog' in 'cellGame' module  (HLE)
LDR: ! Imported function 'cellGameBootCheck' in 'cellGame' module  (HLE)
LDR: ! Imported function 'sys_lwmutex_lock' in 'sysPrxForUser' module  (HLE)
LDR: ! Imported function 'sys_lwmutex_unlock' in 'sysPrxForUser' module  (HLE)
LDR: ! Imported function 'sys_ppu_thread_create' in 'sysPrxForUser' module  (HLE)
LDR: ! Imported function '_sys_process_atexitspawn' in 'sysPrxForUser' module  (HLE)
LDR: ! Imported function 'sys_lwmutex_create' in 'sysPrxForUser' module  (HLE)
LDR: ! Imported function 'sys_ppu_thread_get_id' in 'sysPrxForUser' module  (HLE)
LDR: ! Imported function 'sys_prx_register_library' in 'sysPrxForUser' module  (HLE)
LDR: ! Imported function 'sys_initialize_tls' in 'sysPrxForUser' module  (HLE)
LDR: ! Imported function 'sys_time_get_system_time' in 'sysPrxForUser' module  (HLE)
LDR: ! Imported function '_sys_process_at_Exitspawn' in 'sysPrxForUser' module  (HLE)
LDR: ! Imported function 'sys_prx_exitspawn_with_level' in 'sysPrxForUser' module  (HLE)
LDR: ! Imported function 'sys_ppu_thread_exit' in 'sysPrxForUser' module  (HLE)
LDR: ! Imported function 'sys_lwmutex_destroy' in 'sysPrxForUser' module  (HLE)
LDR: ! Imported function 'sys_process_exit' in 'sysPrxForUser' module  (HLE)
HLE: W {PPU[1] Thread (main_thread)[0x00454034]} sys_lwmutex warning: sys_lwmutex_create(lwmutex_addr=0x43d3b0, attr_addr=0x353d60)
HLE: ! {PPU[1] Thread (main_thread)[0x00454034]} sys_lwmutex : *** lwmutex created [_lc_mtx] (attribute=0x12): sq_id = 3
HLE: W {PPU[1] Thread (main_thread)[0x0025a3e4]} sys_memory warning: sys_memory_get_user_memory_size(mem_info_addr=0xd000fc04)
HLE: W {PPU[1] Thread (main_thread)[0x00454034]} sys_lwmutex warning: sys_lwmutex_create(lwmutex_addr=0x43d1b8, attr_addr=0x353d60)
HLE: ! {PPU[1] Thread (main_thread)[0x00454034]} sys_lwmutex : *** lwmutex created [_lc_mtx] (attribute=0x12): sq_id = 4
HLE: W {PPU[1] Thread (main_thread)[0x00454034]} sys_lwmutex warning: sys_lwmutex_create(lwmutex_addr=0x43c940, attr_addr=0x353d60)
HLE: ! {PPU[1] Thread (main_thread)[0x00454034]} sys_lwmutex : *** lwmutex created [_lc_mtx] (attribute=0x12): sq_id = 5
HLE: W {PPU[1] Thread (main_thread)[0x00454034]} sys_lwmutex warning: sys_lwmutex_create(lwmutex_addr=0x43c968, attr_addr=0x353d60)
HLE: ! {PPU[1] Thread (main_thread)[0x00454034]} sys_lwmutex : *** lwmutex created [_lc_mtx] (attribute=0x12): sq_id = 6
HLE: W {PPU[1] Thread (main_thread)[0x00454034]} sys_lwmutex warning: sys_lwmutex_create(lwmutex_addr=0x43c990, attr_addr=0x353d60)
HLE: ! {PPU[1] Thread (main_thread)[0x00454034]} sys_lwmutex : *** lwmutex created [_lc_mtx] (attribute=0x12): sq_id = 7
HLE: W {PPU[1] Thread (main_thread)[0x00454034]} sys_lwmutex warning: sys_lwmutex_create(lwmutex_addr=0x43c878, attr_addr=0x353d60)
HLE: ! {PPU[1] Thread (main_thread)[0x00454034]} sys_lwmutex : *** lwmutex created [_lc_mtx] (attribute=0x12): sq_id = 8
HLE: W {PPU[1] Thread (main_thread)[0x00454034]} sys_lwmutex warning: sys_lwmutex_create(lwmutex_addr=0x43c8a0, attr_addr=0x353d60)
HLE: ! {PPU[1] Thread (main_thread)[0x00454034]} sys_lwmutex : *** lwmutex created [_lc_mtx] (attribute=0x12): sq_id = 9
HLE: W {PPU[1] Thread (main_thread)[0x00454034]} sys_lwmutex warning: sys_lwmutex_create(lwmutex_addr=0x43c8c8, attr_addr=0x353d60)
HLE: ! {PPU[1] Thread (main_thread)[0x00454034]} sys_lwmutex : *** lwmutex created [_lc_mtx] (attribute=0x12): sq_id = 10
HLE: W {PPU[1] Thread (main_thread)[0x00454034]} sys_lwmutex warning: sys_lwmutex_create(lwmutex_addr=0x43c8f0, attr_addr=0x353d60)
HLE: ! {PPU[1] Thread (main_thread)[0x00454034]} sys_lwmutex : *** lwmutex created [_lc_mtx] (attribute=0x12): sq_id = 11
HLE: W {PPU[1] Thread (main_thread)[0x00454034]} sys_lwmutex warning: sys_lwmutex_create(lwmutex_addr=0x43c918, attr_addr=0x353d60)
HLE: ! {PPU[1] Thread (main_thread)[0x00454034]} sys_lwmutex : *** lwmutex created [_lc_mtx] (attribute=0x12): sq_id = 12
HLE: W {PPU[1] Thread (main_thread)[0x00454034]} sys_lwmutex warning: sys_lwmutex_create(lwmutex_addr=0x30100020, attr_addr=0x353d60)
HLE: ! {PPU[1] Thread (main_thread)[0x00454034]} sys_lwmutex : *** lwmutex created [_lc_mtx] (attribute=0x12): sq_id = 13
HLE: W {PPU[1] Thread (main_thread)[0x00454034]} sys_lwmutex warning: sys_lwmutex_create(lwmutex_addr=0x301000a0, attr_addr=0x353d60)
HLE: ! {PPU[1] Thread (main_thread)[0x00454034]} sys_lwmutex : *** lwmutex created [_lc_mtx] (attribute=0x12): sq_id = 14
HLE: W {PPU[1] Thread (main_thread)[0x00454034]} sys_lwmutex warning: sys_lwmutex_create(lwmutex_addr=0x30100130, attr_addr=0x353d60)
HLE: ! {PPU[1] Thread (main_thread)[0x00454034]} sys_lwmutex : *** lwmutex created [_lc_mtx] (attribute=0x12): sq_id = 15
HLE: W {PPU[1] Thread (main_thread)[0x00454034]} sys_lwmutex warning: sys_lwmutex_create(lwmutex_addr=0x30100190, attr_addr=0x353d60)
HLE: ! {PPU[1] Thread (main_thread)[0x00454034]} sys_lwmutex : *** lwmutex created [_lc_mtx] (attribute=0x12): sq_id = 16
HLE: W {PPU[1] Thread (main_thread)[0x00454034]} sys_lwmutex warning: sys_lwmutex_create(lwmutex_addr=0x301001d0, attr_addr=0x353d60)
HLE: ! {PPU[1] Thread (main_thread)[0x00454034]} sys_lwmutex : *** lwmutex created [_lc_mtx] (attribute=0x12): sq_id = 17
HLE: W {PPU[1] Thread (main_thread)[0x00454034]} sys_lwmutex warning: sys_lwmutex_create(lwmutex_addr=0x30100210, attr_addr=0x353d60)
HLE: ! {PPU[1] Thread (main_thread)[0x00454034]} sys_lwmutex : *** lwmutex created [_lc_mtx] (attribute=0x12): sq_id = 18
HLE: W {PPU[1] Thread (main_thread)[0x00454034]} sys_lwmutex warning: sys_lwmutex_create(lwmutex_addr=0x301002d0, attr_addr=0x353d60)
HLE: ! {PPU[1] Thread (main_thread)[0x00454034]} sys_lwmutex : *** lwmutex created [_lc_mtx] (attribute=0x12): sq_id = 19
HLE: W {PPU[1] Thread (main_thread)[0x00454034]} sys_lwmutex warning: sys_lwmutex_create(lwmutex_addr=0x30100300, attr_addr=0x353d60)
HLE: ! {PPU[1] Thread (main_thread)[0x00454034]} sys_lwmutex : *** lwmutex created [_lc_mtx] (attribute=0x12): sq_id = 20
HLE: W {PPU[1] Thread (main_thread)[0x00454034]} sys_lwmutex warning: sys_lwmutex_create(lwmutex_addr=0x30100330, attr_addr=0x353d60)
HLE: ! {PPU[1] Thread (main_thread)[0x00454034]} sys_lwmutex : *** lwmutex created [_lc_mtx] (attribute=0x12): sq_id = 21
HLE: W {PPU[1] Thread (main_thread)[0x00454034]} sys_lwmutex warning: sys_lwmutex_create(lwmutex_addr=0x30100360, attr_addr=0x353d60)
HLE: ! {PPU[1] Thread (main_thread)[0x00454034]} sys_lwmutex : *** lwmutex created [_lc_mtx] (attribute=0x12): sq_id = 22
HLE: W {PPU[1] Thread (main_thread)[0x00454034]} sys_lwmutex warning: sys_lwmutex_create(lwmutex_addr=0x30100390, attr_addr=0x353d60)
HLE: ! {PPU[1] Thread (main_thread)[0x00454034]} sys_lwmutex : *** lwmutex created [_lc_mtx] (attribute=0x12): sq_id = 23
HLE: W {PPU[1] Thread (main_thread)[0x00454034]} sys_lwmutex warning: sys_lwmutex_create(lwmutex_addr=0x301003c0, attr_addr=0x353d60)
HLE: ! {PPU[1] Thread (main_thread)[0x00454034]} sys_lwmutex : *** lwmutex created [_lc_mtx] (attribute=0x12): sq_id = 24
HLE: W {PPU[1] Thread (main_thread)[0x00454034]} sys_lwmutex warning: sys_lwmutex_create(lwmutex_addr=0x439138, attr_addr=0xd000fbf0)
HLE: ! {PPU[1] Thread (main_thread)[0x00454034]} sys_lwmutex : *** lwmutex created [] (attribute=0x11): sq_id = 25
HLE: W {PPU[1] Thread (main_thread)[0x00454034]} sys_lwmutex warning: sys_lwmutex_create(lwmutex_addr=0x439120, attr_addr=0xd000fbf0)
HLE: ! {PPU[1] Thread (main_thread)[0x00454034]} sys_lwmutex : *** lwmutex created [] (attribute=0x11): sq_id = 26
HLE: W {PPU[1] Thread (main_thread)[0x00454034]} sys_lwmutex warning: sys_lwmutex_create(lwmutex_addr=0x420a28, attr_addr=0xd000fbd0)
HLE: ! {PPU[1] Thread (main_thread)[0x00454034]} sys_lwmutex : *** lwmutex created [] (attribute=0x11): sq_id = 27
HLE: W {PPU[1] Thread (main_thread)[0x00454034]} sys_lwmutex warning: sys_lwmutex_create(lwmutex_addr=0x41c380, attr_addr=0xd000fbf0)
HLE: ! {PPU[1] Thread (main_thread)[0x00454034]} sys_lwmutex : *** lwmutex created [] (attribute=0x11): sq_id = 28
HLE: W {PPU[1] Thread (main_thread)[0x00454034]} sys_lwmutex warning: sys_lwmutex_create(lwmutex_addr=0x41c350, attr_addr=0xd000fbf0)
HLE: ! {PPU[1] Thread (main_thread)[0x00454034]} sys_lwmutex : *** lwmutex created [] (attribute=0x11): sq_id = 29
HLE: W {PPU[1] Thread (main_thread)[0x00454034]} sys_lwmutex warning: sys_lwmutex_create(lwmutex_addr=0x41c2a0, attr_addr=0xd000fbd0)
HLE: ! {PPU[1] Thread (main_thread)[0x00454034]} sys_lwmutex : *** lwmutex created [] (attribute=0x11): sq_id = 30
HLE: W {PPU[1] Thread (main_thread)[0x00454034]} sys_lwmutex warning: sys_lwmutex_create(lwmutex_addr=0x3c1e48, attr_addr=0xd000fbc0)
HLE: ! {PPU[1] Thread (main_thread)[0x00454034]} sys_lwmutex : *** lwmutex created [] (attribute=0x12): sq_id = 31
HLE: W {PPU[1] Thread (main_thread)[0x00021370]} sys_spu warning: sys_spu_initialize(max_usable_spu=6, max_raw_spu=0)
HLE: W {PPU[1] Thread (main_thread)[0x00021380]} sys_memory warning: sys_memory_get_user_memory_size(mem_info_addr=0xd000fcc0)
HLE: W {PPU[1] Thread (main_thread)[0x0044a058]} cellSysutil warning: cellSysutilRegisterCallback(slot=0, func_addr=0x3a4928, userdata=0x0)
HLE: W {PPU[1] Thread (main_thread)[0x0004286c]} sys_semaphore warning: sys_semaphore_create(sem_addr=0x30127510, attr_addr=0xd000f850, initial_count=0, max_count=1)
HLE: ! {PPU[1] Thread (main_thread)[0x0004286c]} sys_semaphore : *** semaphore created [] (protocol=0x2): id = 32
HLE: W {PPU[1] Thread (main_thread)[0x00448010]} cellSysmodule warning: cellSysmoduleLoadModule(CELL_SYSMODULE_FS)
HLE: W {PPU[1] Thread (main_thread)[0x00448010]} cellSysmodule warning: cellSysmoduleLoadModule(CELL_SYSMODULE_SYSUTIL_GAME)
HLE: W {PPU[1] Thread (main_thread)[0x00448010]} cellSysmodule warning: cellSysmoduleLoadModule(CELL_SYSMODULE_SYSUTIL_NP)
HLE: W {PPU[1] Thread (main_thread)[0x0045001c]} sceNp warning: sceNpInit(mem_size=0x20000, mem_addr=0x3c2008)
HLE: W {PPU[1] Thread (main_thread)[0x0045201c]} cellGame warning: cellGameBootCheck(type_addr=0xd000f870, attributes_addr=0xd000f874, size_addr=0xd000f878, dirName_addr=0x0)
HLE: W {PPU[1] Thread (main_thread)[0x00452004]} cellGame warning: cellGameContentPermit(contentInfoPath_addr=0xd000f8a0, usrdirPath_addr=0xd000f920)
HLE: W {PPU[1] Thread (main_thread)[0x0039c04c]} sys_fs warning: cellFsStat(path="/dev_hdd0/game/NPEB00564/USRDIR/limbo_boot.EDAT", sb_addr=0xd000f7e8)
HLE: W {PPU[1] Thread (main_thread)[0x00450010]} sceNp warning: sceNpDrmIsAvailable(k_licensee_addr=0x0, drm_path_addr=0x301276b0('/dev_hdd0/game/NPEB00564/USRDIR/limbo_boot.EDAT'))
HLE: W {PPU[1] Thread (main_thread)[0x00450010]} sceNp warning: npDrmIsAvailable: Found DRM license file at /dev_hdd0/game/NPEB00564/USRDIR/limbo_boot.EDAT
HLE: W {PPU[1] Thread (main_thread)[0x00450010]} sceNp warning: npDrmIsAvailable: Using k_licensee 0x0
LDR: E {PPU[1] Thread (main_thread)[0x00450010]} EDAT: NPD hash validation failed!
HLE: ! {PPU[1] Thread (main_thread)[0x0039c040]} sys_fs : "/dev_hdd0/game/NPEB00564/USRDIR/limbo_boot.EDAT" opened: fd = 33
PPU: ! {PPU Recompilation Engine} PPU LLVM Recompilation thread exiting.
HLE: ! All threads stopped...
MEM: ! Closing memory...
