HLE: ! path: /dev_hdd0/game/
HLE: W No pause.bin found, Auto Pause will not work.
HLE: W No pause.bin found, Auto Pause will not work.
LDR: ! Loading 'D:\Emulateurs\Rpcs3\dev_hdd0\game\NPEB00043/USRDIR/BOOT.BIN'...
LDR: !  
LDR: ! Mount info:
LDR: ! /dev_hdd0/ -> ./dev_hdd0/
LDR: ! /dev_hdd1/ -> ./dev_hdd1/
LDR: ! /dev_flash/ -> ./dev_flash/
LDR: ! /dev_usb000/ -> ./dev_usb000/
LDR: ! /dev_usb/ -> ./dev_usb000/
LDR: ! /app_home/ -> D:\Emulateurs\Rpcs3\dev_hdd0\game\NPEB00043/
LDR: ! /dev_bdvd/ -> D:\Emulateurs\Rpcs3\dev_hdd0\game\NPEB00043//../
LDR: ! /host_root/ -> 
LDR: ! /app_home/PS3_GAME/USRDIR/ -> D:\Emulateurs\Rpcs3\dev_hdd0\game\NPEB00043//USRDIR/
LDR: ! /dev_flash2/ -> ./dev_flash2/
LDR: ! /app_home/Game/PS3_GAME/USRDIR/ -> D:\Emulateurs\Rpcs3\dev_hdd0\game\NPEB00043//USRDIR/
LDR: ! //dev_hdd0/ -> ./dev_hdd0/
LDR: ! / -> D:\Emulateurs\Rpcs3\dev_hdd0\game\NPEB00043//USRDIR/
LDR: ! /app_home//dev_bdvd/PS3_GAME/USRDIR/data/gos/ -> D:\Emulateurs\Rpcs3\dev_hdd0\game\NPEB00043//USRDIR/
LDR: !  
LDR: ! Title: Burnout™ Paradise V1.9
LDR: ! Serial: NPEB00043
LDR: !  
MEM: ! Initializing memory: m_base_addr = 0x626df30000
MEM: ! Memory initialized.
LDR: W Unimplemented function 'cellMicGetType' in 'cellMic' module
LDR: W Unimplemented function 'cellMicRead' in 'cellMic' module
LDR: W Unimplemented function 'cellMicIsAttached' in 'cellMic' module
LDR: W Unimplemented function 'cellMicSetSignalAttr' in 'cellMic' module
LDR: W Unimplemented function 'cellMicInit' in 'cellMic' module
LDR: W Unimplemented function 'cellMicClose' in 'cellMic' module
LDR: W Unimplemented function 'cellMicGetSignalState' in 'cellMic' module
LDR: W Unimplemented function 'cellMicEnd' in 'cellMic' module
LDR: W Unimplemented function 'cellMicOpen' in 'cellMic' module
LDR: W Unimplemented function 'cellMicStart' in 'cellMic' module
LDR: ! Imported function 'cellGcmGetTiledPitchSize' in 'cellGcmSys' module
LDR: ! Imported function '_cellGcmInitBody' in 'cellGcmSys' module
LDR: ! Imported function 'cellGcmAddressToOffset' in 'cellGcmSys' module
LDR: ! Imported function '_cellGcmFunc15' in 'cellGcmSys' module
LDR: ! Imported function 'cellGcmSetSecondVFrequency' in 'cellGcmSys' module
LDR: ! Imported function 'cellGcmGetReport' in 'cellGcmSys' module
LDR: ! Imported function 'cellGcmGetControlRegister' in 'cellGcmSys' module
LDR: ! Imported function 'cellGcmSetTile' in 'cellGcmSys' module
LDR: ! Imported function 'cellGcmGetLabelAddress' in 'cellGcmSys' module
LDR: ! Imported function 'cellGcmSetPrepareFlip' in 'cellGcmSys' module
LDR: ! Imported function '_cellGcmSetFlipCommand' in 'cellGcmSys' module
LDR: ! Imported function 'cellGcmSetFlipMode' in 'cellGcmSys' module
LDR: ! Imported function 'cellGcmSetDebugOutputLevel' in 'cellGcmSys' module
LDR: ! Imported function 'cellGcmMapMainMemory' in 'cellGcmSys' module
LDR: ! Imported function 'cellGcmSetDisplayBuffer' in 'cellGcmSys' module
LDR: ! Imported function 'cellGcmSetFlipImmediate' in 'cellGcmSys' module
LDR: ! Imported function 'cellGcmSetZcull' in 'cellGcmSys' module
LDR: ! Imported function 'cellGcmSetSecondVHandler' in 'cellGcmSys' module
LDR: ! Imported function 'cellGcmGetConfiguration' in 'cellGcmSys' module
LDR: ! Imported function 'cellSysmoduleUnloadModule' in 'cellSysmodule' module
LDR: ! Imported function 'cellSysmoduleLoadModule' in 'cellSysmodule' module
LDR: ! Imported function 'cellSysutilUnregisterCallback' in 'cellSysutil' module
LDR: ! Imported function 'cellSysutilCheckCallback' in 'cellSysutil' module
LDR: W Unimplemented function 'cellWebBrowserConfigSetFullScreen2' in 'cellSysutil' module
LDR: ! Imported function 'cellSysCacheMount' in 'cellSysutil' module
LDR: ! Imported function 'cellVideoOutGetDeviceInfo' in 'cellSysutil' module
LDR: ! Imported function 'cellSaveDataFixedLoad2' in 'cellSysutil' module
LDR: ! Imported function 'cellSaveDataFixedSave2' in 'cellSysutil' module
LDR: W Unimplemented function 'cellOskDialogUnloadAsync' in 'cellSysutil' module
LDR: ! Imported function 'cellMsgDialogOpenErrorCode' in 'cellSysutil' module
LDR: ! Imported function 'cellSysutilGetSystemParamInt' in 'cellSysutil' module
LDR: ! Imported function 'cellAudioOutConfigure' in 'cellSysutil' module
LDR: W Unimplemented function 'cellGameDataSetSystemVer' in 'cellSysutil' module
LDR: W Unimplemented function 'cellWebBrowserConfigSetTabCount2' in 'cellSysutil' module
LDR: ! Imported function 'cellWebBrowserEstimate2' in 'cellSysutil' module
LDR: W Unimplemented function 'cellWebBrowserInitialize' in 'cellSysutil' module
LDR: ! Imported function 'cellVideoOutGetNumberOfDevice' in 'cellSysutil' module
LDR: ! Imported function 'cellMsgDialogOpen2' in 'cellSysutil' module
LDR: ! Imported function 'cellAudioOutGetDeviceInfo' in 'cellSysutil' module
LDR: W Unimplemented function 'cellWebBrowserConfig2' in 'cellSysutil' module
LDR: W Unimplemented function 'cellOskDialogLoadAsync' in 'cellSysutil' module
LDR: ! Imported function 'cellVideoOutGetState' in 'cellSysutil' module
LDR: ! Imported function 'cellSaveDataAutoSave2' in 'cellSysutil' module
LDR: ! Imported function 'cellHddGameCheck' in 'cellSysutil' module
LDR: ! Imported function 'cellSysutilGetSystemParamString' in 'cellSysutil' module
LDR: W Unimplemented function 'cellWebBrowserShutdown' in 'cellSysutil' module
LDR: W Unimplemented function 'cellGameDataExitBroken' in 'cellSysutil' module
LDR: ! Imported function 'cellSysutilRegisterCallback' in 'cellSysutil' module
LDR: W Unimplemented function 'cellWebBrowserCreate2' in 'cellSysutil' module
LDR: W Unimplemented function 'cellHddGameExitBroken' in 'cellSysutil' module
LDR: W Unimplemented function 'cellSysconfOpen' in 'cellSysutil' module
LDR: W Unimplemented function 'cellOskDialogSetKeyLayoutOption' in 'cellSysutil' module
LDR: ! Imported function 'cellGameDataCheckCreate2' in 'cellSysutil' module
LDR: W Unimplemented function 'cellWebBrowserConfigSetFunction2' in 'cellSysutil' module
LDR: W Unimplemented function 'cellWebBrowserDestroy2' in 'cellSysutil' module
LDR: ! Imported function 'cellAudioOutGetConfiguration' in 'cellSysutil' module
LDR: W Unimplemented function 'cellSaveDataDelete2' in 'cellSysutil' module
LDR: ! Imported function 'cellAudioOutGetState' in 'cellSysutil' module
LDR: ! Imported function 'cellSaveDataAutoLoad2' in 'cellSysutil' module
LDR: W Unimplemented function 'cellWebBrowserConfigSetHeapSize2' in 'cellSysutil' module
LDR: ! Imported function 'cellVideoOutConfigure' in 'cellSysutil' module
LDR: ! Imported function 'cellAudioOutGetSoundAvailability' in 'cellSysutil' module
LDR: ! Imported function 'sceNpManagerGetAvatarUrl' in 'sceNp' module
LDR: ! Imported function 'sceNpLookupDestroyTitleCtx' in 'sceNp' module
LDR: ! Imported function 'sceNpLookupInit' in 'sceNp' module
LDR: ! Imported function 'sceNpManagerGetContentRatingFlag' in 'sceNp' module
LDR: ! Imported function 'sceNpLookupPollAsync' in 'sceNp' module
LDR: ! Imported function 'sceNpLookupTerm' in 'sceNp' module
LDR: ! Imported function 'sceNpManagerGetStatus' in 'sceNp' module
LDR: ! Imported function 'sceNpDrmIsAvailable' in 'sceNp' module
LDR: ! Imported function 'sceNpInit' in 'sceNp' module
LDR: ! Imported function 'sceNpManagerGetOnlineId' in 'sceNp' module
LDR: ! Imported function 'sceNpLookupCreateTitleCtx' in 'sceNp' module
LDR: ! Imported function 'sceNpLookupNpIdAsync' in 'sceNp' module
LDR: ! Imported function 'sceNpLookupCreateTransactionCtx' in 'sceNp' module
LDR: ! Imported function 'sceNpManagerGetChatRestrictionFlag' in 'sceNp' module
LDR: ! Imported function 'sceNpFriendlist' in 'sceNp' module
LDR: ! Imported function 'sceNpLookupDestroyTransactionCtx' in 'sceNp' module
LDR: ! Imported function 'sceNpManagerGetNpId' in 'sceNp' module
LDR: ! Imported function 'sceNpLookupUserProfileAsync' in 'sceNp' module
LDR: ! Imported function 'sceNpManagerGetTicket' in 'sceNp' module
LDR: ! Imported function 'sceNpBasicAddPlayersHistory' in 'sceNp' module
LDR: ! Imported function 'sceNpBasicSetPresence' in 'sceNp' module
LDR: W Unimplemented function 'Unknown func id: 0x4210c462' in 'sceNp' module
LDR: ! Imported function 'sceNpManagerUnregisterCallback' in 'sceNp' module
LDR: ! Imported function 'sceNpBasicRecvMessageAttachmentLoad' in 'sceNp' module
LDR: ! Imported function 'sceNpBasicGetBlockListEntryCount' in 'sceNp' module
LDR: ! Imported function 'sceNpManagerRequestTicket' in 'sceNp' module
LDR: ! Imported function 'sceNpCommerceSetDataFlagFinish' in 'sceNp' module
LDR: ! Imported function 'sceNpCommerceSetDataFlagStart' in 'sceNp' module
LDR: ! Imported function 'sceNpBasicUnregisterHandler' in 'sceNp' module
LDR: ! Imported function 'sceNpBasicRecvMessageAttachment' in 'sceNp' module
LDR: ! Imported function 'sceNpBasicRegisterHandler' in 'sceNp' module
LDR: ! Imported function 'sceNpBasicGetEvent' in 'sceNp' module
LDR: ! Imported function 'sceNpCommerceDestroyCtx' in 'sceNp' module
LDR: ! Imported function 'sceNpManagerRegisterCallback' in 'sceNp' module
LDR: ! Imported function 'sceNpBasicSendMessage' in 'sceNp' module
LDR: ! Imported function 'sceNpBasicGetBlockListEntry' in 'sceNp' module
LDR: ! Imported function 'sceNpCommerceCreateCtx' in 'sceNp' module
LDR: ! Imported function 'sceNpTrophyRegisterContext' in 'sceNpTrophy' module
LDR: ! Imported function 'sceNpTrophyCreateHandle' in 'sceNpTrophy' module
LDR: ! Imported function 'sceNpTrophyDestroyContext' in 'sceNpTrophy' module
LDR: ! Imported function 'sceNpTrophyInit' in 'sceNpTrophy' module
LDR: ! Imported function 'sceNpTrophyDestroyHandle' in 'sceNpTrophy' module
LDR: ! Imported function 'sceNpTrophyUnlockTrophy' in 'sceNpTrophy' module
LDR: ! Imported function 'sceNpTrophyGetTrophyUnlockState' in 'sceNpTrophy' module
LDR: ! Imported function 'sceNpTrophyCreateContext' in 'sceNpTrophy' module
LDR: W Unknown module 'cellRec'
LDR: ! Imported function 'cellRecOpen' in 'cellRec' module
LDR: ! Imported function 'cellRecClose' in 'cellRec' module
LDR: ! Imported function 'cellRecStop' in 'cellRec' module
LDR: ! Imported function 'cellRecStart' in 'cellRec' module
LDR: ! Imported function 'cellRecQueryMemSize' in 'cellRec' module
LDR: W Unknown module 'cellVideoExportUtility'
LDR: ! Imported function 'cellVideoExportInitialize' in 'cellVideoExportUtility' module
LDR: ! Imported function 'cellVideoExportFromFile' in 'cellVideoExportUtility' module
LDR: ! Imported function 'cellVideoExportFinalize' in 'cellVideoExportUtility' module
LDR: W Unknown module 'cellMusicUtility'
LDR: ! Imported function 'cellMusicSetVolume2' in 'cellMusicUtility' module
LDR: ! Imported function 'cellMusicSetPlaybackCommand2' in 'cellMusicUtility' module
LDR: ! Imported function 'cellMusicSelectContents2' in 'cellMusicUtility' module
LDR: ! Imported function 'cellMusicInitialize2' in 'cellMusicUtility' module
LDR: ! Imported function 'cellPadClearBuf' in 'sys_io' module
LDR: ! Imported function 'cellPadInfoPressMode' in 'sys_io' module
LDR: ! Imported function 'cellPadInit' in 'sys_io' module
LDR: W Unimplemented function 'cellPadLddRegisterController' in 'sys_io' module
LDR: ! Imported function 'cellPadGetInfo' in 'sys_io' module
LDR: ! Imported function 'cellPadEnd' in 'sys_io' module
LDR: ! Imported function 'cellPadInfoSensorMode' in 'sys_io' module
LDR: ! Imported function 'cellPadGetData' in 'sys_io' module
LDR: W Unimplemented function 'cellPadLddDataInsert' in 'sys_io' module
LDR: ! Imported function 'cellPadSetSensorMode' in 'sys_io' module
LDR: ! Imported function 'cellPadGetCapabilityInfo' in 'sys_io' module
LDR: W Unimplemented function 'cellPadLddUnregisterController' in 'sys_io' module
LDR: ! Imported function 'cellPadSetActDirect' in 'sys_io' module
LDR: ! Imported function 'cellPadSetPressMode' in 'sys_io' module
LDR: ! Imported function 'cellFsClose' in 'sys_fs' module
LDR: ! Imported function 'cellFsOpendir' in 'sys_fs' module
LDR: ! Imported function 'cellFsAioWrite' in 'sys_fs' module
LDR: ! Imported function 'cellFsRead' in 'sys_fs' module
LDR: ! Imported function 'cellFsReaddir' in 'sys_fs' module
LDR: ! Imported function 'cellFsOpen' in 'sys_fs' module
LDR: W Unimplemented function 'cellFsAllocateFileAreaWithoutZeroFill' in 'sys_fs' module
LDR: ! Imported function 'cellFsStat' in 'sys_fs' module
LDR: ! Imported function 'cellFsUnlink' in 'sys_fs' module
LDR: ! Imported function 'cellFsLseek' in 'sys_fs' module
LDR: ! Imported function 'cellFsGetFreeSize' in 'sys_fs' module
LDR: ! Imported function 'cellFsMkdir' in 'sys_fs' module
LDR: ! Imported function 'cellFsAioRead' in 'sys_fs' module
LDR: ! Imported function 'cellFsWrite' in 'sys_fs' module
LDR: ! Imported function 'cellFsFstat' in 'sys_fs' module
LDR: ! Imported function 'cellFsClosedir' in 'sys_fs' module
LDR: ! Imported function 'cellFsRmdir' in 'sys_fs' module
LDR: ! Imported function 'cellFsRename' in 'sys_fs' module
LDR: ! Imported function 'cellAudioInit' in 'cellAudio' module
LDR: ! Imported function 'cellAudioQuit' in 'cellAudio' module
LDR: ! Imported function 'cellAudioSetNotifyEventQueue' in 'cellAudio' module
LDR: ! Imported function 'cellAudioPortClose' in 'cellAudio' module
LDR: ! Imported function 'cellAudioSetPortLevel' in 'cellAudio' module
LDR: ! Imported function 'cellAudioPortStop' in 'cellAudio' module
LDR: ! Imported function 'cellAudioGetPortConfig' in 'cellAudio' module
LDR: ! Imported function 'cellAudioPortStart' in 'cellAudio' module
LDR: ! Imported function 'cellAudioPortOpen' in 'cellAudio' module
LDR: ! Imported function 'cellAudioRemoveNotifyEventQueue' in 'cellAudio' module
LDR: W Unimplemented function 'cellUsbdInterruptTransfer' in 'cellUsbd' module
LDR: W Unimplemented function 'cellUsbdOpenPipe' in 'cellUsbd' module
LDR: W Unimplemented function 'cellUsbdScanStaticDescriptor' in 'cellUsbd' module
LDR: W Unimplemented function 'cellUsbdGetPrivateData' in 'cellUsbd' module
LDR: W Unimplemented function 'cellUsbdSetPrivateData' in 'cellUsbd' module
LDR: W Unimplemented function 'cellUsbdUnregisterExtraLdd' in 'cellUsbd' module
LDR: W Unimplemented function 'cellUsbdClosePipe' in 'cellUsbd' module
LDR: W Unimplemented function 'cellUsbdControlTransfer' in 'cellUsbd' module
LDR: W Unimplemented function 'cellUsbdRegisterExtraLdd2' in 'cellUsbd' module
LDR: W Unimplemented function 'cellUsbdInit' in 'cellUsbd' module
LDR: W Unimplemented function 'cellUsbdGetDeviceLocation' in 'cellUsbd' module
LDR: ! Imported function '_sys_net_errno_loc' in 'sys_net' module
LDR: ! Imported function 'connect' in 'sys_net' module
LDR: ! Imported function 'socketclose' in 'sys_net' module
LDR: ! Imported function 'socket' in 'sys_net' module
LDR: ! Imported function 'inet_addr' in 'sys_net' module
LDR: ! Imported function 'send' in 'sys_net' module
LDR: ! Imported function 'recv' in 'sys_net' module
LDR: ! Imported function 'sys_net_free_thread_context' in 'sys_net' module
LDR: W Unimplemented function 'socketpoll' in 'sys_net' module
LDR: ! Imported function 'sys_net_initialize_network_ex' in 'sys_net' module
LDR: W Unimplemented function 'getsockname' in 'sys_net' module
LDR: ! Imported function 'recvfrom' in 'sys_net' module
LDR: ! Imported function 'listen' in 'sys_net' module
LDR: W Unimplemented function 'getsockopt' in 'sys_net' module
LDR: W Unimplemented function 'gethostbyname' in 'sys_net' module
LDR: ! Imported function 'setsockopt' in 'sys_net' module
LDR: ! Imported function 'sys_net_abort_resolver' in 'sys_net' module
LDR: ! Imported function 'sendto' in 'sys_net' module
LDR: ! Imported function 'shutdown' in 'sys_net' module
LDR: ! Imported function 'bind' in 'sys_net' module
LDR: ! Imported function 'sys_net_finalize_network' in 'sys_net' module
LDR: ! Imported function 'accept' in 'sys_net' module
LDR: W Unimplemented function 'getpeername' in 'sys_net' module
LDR: ! Imported function 'cellNetCtlNetStartDialogLoadAsync' in 'cellNetCtl' module
LDR: ! Imported function 'cellNetCtlNetStartDialogUnloadAsync' in 'cellNetCtl' module
LDR: ! Imported function 'cellNetCtlAddHandler' in 'cellNetCtl' module
LDR: ! Imported function 'cellNetCtlTerm' in 'cellNetCtl' module
LDR: ! Imported function 'cellNetCtlGetInfo' in 'cellNetCtl' module
LDR: ! Imported function 'cellNetCtlGetState' in 'cellNetCtl' module
LDR: ! Imported function 'cellNetCtlDelHandler' in 'cellNetCtl' module
LDR: ! Imported function 'cellNetCtlInit' in 'cellNetCtl' module
LDR: ! Imported function 'cellPngDecCreate' in 'cellPngDec' module
LDR: ! Imported function 'cellPngDecDecodeData' in 'cellPngDec' module
LDR: ! Imported function 'cellPngDecClose' in 'cellPngDec' module
LDR: ! Imported function 'cellPngDecDestroy' in 'cellPngDec' module
LDR: ! Imported function 'cellPngDecReadHeader' in 'cellPngDec' module
LDR: ! Imported function 'cellPngDecOpen' in 'cellPngDec' module
LDR: ! Imported function 'cellPngDecSetParameter' in 'cellPngDec' module
LDR: ! Imported function 'cellAdecDecodeAu' in 'cellAdec' module
LDR: ! Imported function 'cellAdecStartSeq' in 'cellAdec' module
LDR: ! Imported function 'cellAdecQueryAttr' in 'cellAdec' module
LDR: ! Imported function 'cellAdecClose' in 'cellAdec' module
LDR: ! Imported function 'cellAdecGetPcm' in 'cellAdec' module
LDR: ! Imported function 'cellAdecGetPcmItem' in 'cellAdec' module
LDR: ! Imported function 'cellAdecOpen' in 'cellAdec' module
LDR: ! Imported function 'cellAdecEndSeq' in 'cellAdec' module
LDR: W Unimplemented function 'cellCelpEncClose' in 'cellCelpEnc' module
LDR: W Unimplemented function 'cellCelpEncGetAu' in 'cellCelpEnc' module
LDR: W Unimplemented function 'cellCelpEncStart' in 'cellCelpEnc' module
LDR: W Unimplemented function 'cellCelpEncQueryAttr' in 'cellCelpEnc' module
LDR: W Unimplemented function 'cellCelpEncOpen' in 'cellCelpEnc' module
LDR: W Unimplemented function 'cellCelpEncEncodeFrame' in 'cellCelpEnc' module
LDR: W Unimplemented function 'cellCelpEncWaitForOutput' in 'cellCelpEnc' module
LDR: W Unimplemented function 'cellCelpEncEnd' in 'cellCelpEnc' module
LDR: ! Imported function 'cellCameraStop' in 'cellCamera' module
LDR: ! Imported function 'cellCameraClose' in 'cellCamera' module
LDR: ! Imported function 'cellCameraRead' in 'cellCamera' module
LDR: ! Imported function 'cellCameraStart' in 'cellCamera' module
LDR: ! Imported function 'cellCameraGetAttribute' in 'cellCamera' module
LDR: ! Imported function 'cellCameraGetType' in 'cellCamera' module
LDR: ! Imported function 'cellCameraEnd' in 'cellCamera' module
LDR: ! Imported function 'cellCameraOpenEx' in 'cellCamera' module
LDR: ! Imported function 'cellCameraGetBufferSize' in 'cellCamera' module
LDR: ! Imported function 'cellCameraIsAttached' in 'cellCamera' module
LDR: ! Imported function 'cellCameraReset' in 'cellCamera' module
LDR: ! Imported function 'cellCameraSetAttribute' in 'cellCamera' module
LDR: ! Imported function 'cellCameraInit' in 'cellCamera' module
LDR: ! Imported function 'cellRtcGetCurrentClockLocalTime' in 'cellRtc' module
LDR: ! Imported function 'cellRtcGetCurrentClock' in 'cellRtc' module
LDR: ! Imported function 'cellRtcGetTime_t' in 'cellRtc' module
LDR: W Unknown module 'cellPhotoUtility'
LDR: ! Imported function 'cellPhotoExportFromFile' in 'cellPhotoUtility' module
LDR: ! Imported function 'cellPhotoExportInitialize' in 'cellPhotoUtility' module
LDR: ! Imported function 'cellPhotoExportFinalize' in 'cellPhotoUtility' module
LDR: W Unknown module 'sceNpCommerce2'
LDR: ! Imported function 'sceNpCommerce2DoCheckoutStartAsync' in 'sceNpCommerce2' module
LDR: ! Imported function 'sceNpCommerce2DestroyReq' in 'sceNpCommerce2' module
LDR: ! Imported function 'sceNpCommerce2Init' in 'sceNpCommerce2' module
LDR: ! Imported function 'sceNpCommerce2GetCategoryContentsStart' in 'sceNpCommerce2' module
LDR: ! Imported function 'sceNpCommerce2Term' in 'sceNpCommerce2' module
LDR: ! Imported function 'sceNpCommerce2DestroyCtx' in 'sceNpCommerce2' module
LDR: ! Imported function 'sceNpCommerce2GetCategoryContentsCreateReq' in 'sceNpCommerce2' module
LDR: ! Imported function 'sceNpCommerce2CreateSessionFinish' in 'sceNpCommerce2' module
LDR: ! Imported function 'sceNpCommerce2GetContentInfo' in 'sceNpCommerce2' module
LDR: ! Imported function 'sceNpCommerce2DestroyGetCategoryContentsResult' in 'sceNpCommerce2' module
LDR: ! Imported function 'sceNpCommerce2GetCategoryInfo' in 'sceNpCommerce2' module
LDR: ! Imported function 'sceNpCommerce2GetCategoryContentsGetResult' in 'sceNpCommerce2' module
LDR: ! Imported function 'sceNpCommerce2CreateSessionStart' in 'sceNpCommerce2' module
LDR: ! Imported function 'sceNpCommerce2DoCheckoutFinishAsync' in 'sceNpCommerce2' module
LDR: ! Imported function 'sceNpCommerce2InitGetCategoryContentsResult' in 'sceNpCommerce2' module
LDR: ! Imported function 'sceNpCommerce2CreateCtx' in 'sceNpCommerce2' module
LDR: ! Imported function 'sceNpCommerce2GetGameSkuInfoFromGameProductInfo' in 'sceNpCommerce2' module
LDR: ! Imported function 'sceNpCommerce2GetGameProductInfoFromContentInfo' in 'sceNpCommerce2' module
LDR: ! Imported function 'sceNpCommerce2GetCategoryInfoFromContentInfo' in 'sceNpCommerce2' module
LDR: W Unknown module 'cellHttp'
LDR: ! Imported function 'cellHttpInit' in 'cellHttp' module
LDR: ! Imported function 'cellHttpsInit' in 'cellHttp' module
LDR: ! Imported function 'cellHttpEndCookie' in 'cellHttp' module
LDR: ! Imported function 'cellHttpInitCookie' in 'cellHttp' module
LDR: ! Imported function 'cellHttpEnd' in 'cellHttp' module
LDR: ! Imported function 'cellHttpsEnd' in 'cellHttp' module
LDR: W Unimplemented function 'cellSslEnd' in 'cellSsl' module
LDR: W Unimplemented function 'cellSslCertificateLoader' in 'cellSsl' module
LDR: W Unimplemented function 'cellSslInit' in 'cellSsl' module
LDR: ! Imported function 'cellGameGetParamString' in 'cellGame' module
LDR: ! Imported function 'cellGameContentPermit' in 'cellGame' module
LDR: ! Imported function 'cellGameGetParamInt' in 'cellGame' module
LDR: ! Imported function 'cellGameDataCheck' in 'cellGame' module
LDR: ! Imported function 'cellGameBootCheck' in 'cellGame' module
LDR: W Unimplemented function 'sys_mempool_try_allocate_block' in 'sysPrxForUser' module
LDR: ! Imported function 'sys_lwmutex_lock' in 'sysPrxForUser' module
LDR: ! Imported function 'sys_lwmutex_unlock' in 'sysPrxForUser' module
LDR: ! Imported function 'sys_ppu_thread_create' in 'sysPrxForUser' module
LDR: ! Imported function '_sys_process_atexitspawn' in 'sysPrxForUser' module
LDR: ! Imported function 'sys_lwmutex_create' in 'sysPrxForUser' module
LDR: ! Imported function 'sys_ppu_thread_get_id' in 'sysPrxForUser' module
LDR: ! Imported function 'sys_prx_register_library' in 'sysPrxForUser' module
LDR: W Unimplemented function 'sys_mempool_free_block' in 'sysPrxForUser' module
LDR: ! Imported function 'sys_initialize_tls' in 'sysPrxForUser' module
LDR: ! Imported function 'sys_time_get_system_time' in 'sysPrxForUser' module
LDR: ! Imported function 'sys_raw_spu_load' in 'sysPrxForUser' module
LDR: ! Imported function '_sys_process_at_Exitspawn' in 'sysPrxForUser' module
LDR: W Unimplemented function 'sys_mempool_destroy' in 'sysPrxForUser' module
LDR: ! Imported function 'sys_prx_exitspawn_with_level' in 'sysPrxForUser' module
LDR: ! Imported function 'sys_ppu_thread_exit' in 'sysPrxForUser' module
LDR: ! Imported function 'sys_lwmutex_destroy' in 'sysPrxForUser' module
LDR: W Unimplemented function 'sys_mempool_create' in 'sysPrxForUser' module
LDR: ! Imported function 'sys_spu_image_close' in 'sysPrxForUser' module
LDR: ! Imported function 'sys_process_exit' in 'sysPrxForUser' module
LDR: ! Imported function 'sys_spu_image_import' in 'sysPrxForUser' module
HLE: W {PPU[1] Thread (CPUThread)[0x01010040]} sys_lwmutex warning: sys_lwmutex_create(lwmutex_addr=0xf9b8e8, attr_addr=0x9c45b0)
HLE: ! {PPU[1] Thread (CPUThread)[0x01010040]} sys_lwmutex: *** lwmutex created [_lc_mtx] (attribute=0x12): sq_id = 3
HLE: W {PPU[1] Thread (CPUThread)[0x0079b2e8]} sys_memory warning: sys_memory_get_user_memory_size(mem_info_addr=0xd000fc04)
HLE: W {PPU[1] Thread (CPUThread)[0x01010040]} sys_lwmutex warning: sys_lwmutex_create(lwmutex_addr=0xf9b538, attr_addr=0x9c45b0)
HLE: ! {PPU[1] Thread (CPUThread)[0x01010040]} sys_lwmutex: *** lwmutex created [_lc_mtx] (attribute=0x12): sq_id = 4
HLE: W {PPU[1] Thread (CPUThread)[0x01010040]} sys_lwmutex warning: sys_lwmutex_create(lwmutex_addr=0xf9acc0, attr_addr=0x9c45b0)
HLE: ! {PPU[1] Thread (CPUThread)[0x01010040]} sys_lwmutex: *** lwmutex created [_lc_mtx] (attribute=0x12): sq_id = 5
HLE: W {PPU[1] Thread (CPUThread)[0x01010040]} sys_lwmutex warning: sys_lwmutex_create(lwmutex_addr=0xf9ace8, attr_addr=0x9c45b0)
HLE: ! {PPU[1] Thread (CPUThread)[0x01010040]} sys_lwmutex: *** lwmutex created [_lc_mtx] (attribute=0x12): sq_id = 6
HLE: W {PPU[1] Thread (CPUThread)[0x01010040]} sys_lwmutex warning: sys_lwmutex_create(lwmutex_addr=0xf9ad10, attr_addr=0x9c45b0)
HLE: ! {PPU[1] Thread (CPUThread)[0x01010040]} sys_lwmutex: *** lwmutex created [_lc_mtx] (attribute=0x12): sq_id = 7
HLE: W {PPU[1] Thread (CPUThread)[0x01010040]} sys_lwmutex warning: sys_lwmutex_create(lwmutex_addr=0xf9abf8, attr_addr=0x9c45b0)
HLE: ! {PPU[1] Thread (CPUThread)[0x01010040]} sys_lwmutex: *** lwmutex created [_lc_mtx] (attribute=0x12): sq_id = 8
HLE: W {PPU[1] Thread (CPUThread)[0x01010040]} sys_lwmutex warning: sys_lwmutex_create(lwmutex_addr=0xf9ac20, attr_addr=0x9c45b0)
HLE: ! {PPU[1] Thread (CPUThread)[0x01010040]} sys_lwmutex: *** lwmutex created [_lc_mtx] (attribute=0x12): sq_id = 9
HLE: W {PPU[1] Thread (CPUThread)[0x01010040]} sys_lwmutex warning: sys_lwmutex_create(lwmutex_addr=0xf9ac48, attr_addr=0x9c45b0)
HLE: ! {PPU[1] Thread (CPUThread)[0x01010040]} sys_lwmutex: *** lwmutex created [_lc_mtx] (attribute=0x12): sq_id = 10
HLE: W {PPU[1] Thread (CPUThread)[0x01010040]} sys_lwmutex warning: sys_lwmutex_create(lwmutex_addr=0xf9ac70, attr_addr=0x9c45b0)
HLE: ! {PPU[1] Thread (CPUThread)[0x01010040]} sys_lwmutex: *** lwmutex created [_lc_mtx] (attribute=0x12): sq_id = 11
HLE: W {PPU[1] Thread (CPUThread)[0x01010040]} sys_lwmutex warning: sys_lwmutex_create(lwmutex_addr=0xf9ac98, attr_addr=0x9c45b0)
HLE: ! {PPU[1] Thread (CPUThread)[0x01010040]} sys_lwmutex: *** lwmutex created [_lc_mtx] (attribute=0x12): sq_id = 12
HLE: W {PPU[1] Thread (CPUThread)[0x01010040]} sys_lwmutex warning: sys_lwmutex_create(lwmutex_addr=0xf9ba38, attr_addr=0xe1f330)
HLE: ! {PPU[1] Thread (CPUThread)[0x01010040]} sys_lwmutex: *** lwmutex created [_lgcmtx] (attribute=0x12): sq_id = 13
HLE: W {PPU[1] Thread (CPUThread)[0x01010040]} sys_lwmutex warning: sys_lwmutex_create(lwmutex_addr=0xf9b9b8, attr_addr=0xe1f330)
HLE: ! {PPU[1] Thread (CPUThread)[0x01010040]} sys_lwmutex: *** lwmutex created [_lgcmtx] (attribute=0x12): sq_id = 14
HLE: W {PPU[1] Thread (CPUThread)[0x0081d450]} sys_mutex warning: *** mutex created [] (protocol=0x2, recursive=true): id = 15
HLE: W {PPU[1] Thread (CPUThread)[0x0081d450]} sys_mutex warning: *** mutex created [] (protocol=0x2, recursive=true): id = 16
HLE: W {PPU[1] Thread (CPUThread)[0x0081d450]} sys_mutex warning: *** mutex created [] (protocol=0x2, recursive=true): id = 17
HLE: W {PPU[1] Thread (CPUThread)[0x01010040]} sys_lwmutex warning: sys_lwmutex_create(lwmutex_addr=0xf9b550, attr_addr=0x9c45c0)
HLE: ! {PPU[1] Thread (CPUThread)[0x01010040]} sys_lwmutex: *** lwmutex created [_lc_tls] (attribute=0x22): sq_id = 18
HLE: W {PPU[1] Thread (CPUThread)[0x0081d450]} sys_mutex warning: *** mutex created [] (protocol=0x2, recursive=true): id = 19
HLE: W {PPU[1] Thread (CPUThread)[0x0081d450]} sys_mutex warning: *** mutex created [] (protocol=0x2, recursive=true): id = 20
HLE: W {PPU[1] Thread (CPUThread)[0x0081d450]} sys_mutex warning: *** mutex created [] (protocol=0x2, recursive=true): id = 21
HLE: W {PPU[1] Thread (CPUThread)[0x0081d450]} sys_mutex warning: *** mutex created [] (protocol=0x2, recursive=true): id = 22
HLE: W {PPU[1] Thread (CPUThread)[0x0081d450]} sys_mutex warning: *** mutex created [] (protocol=0x2, recursive=true): id = 23
HLE: W {PPU[1] Thread (CPUThread)[0x0081d450]} sys_mutex warning: *** mutex created [] (protocol=0x2, recursive=true): id = 24
HLE: W {PPU[1] Thread (CPUThread)[0x0081d450]} sys_mutex warning: *** mutex created [] (protocol=0x2, recursive=true): id = 25
HLE: W {PPU[1] Thread (CPUThread)[0x0081b5c8]} sys_semaphore warning: sys_semaphore_create(sem_addr=0xefc948, attr_addr=0xd000f810, initial_count=0, max_count=100000)
HLE: ! {PPU[1] Thread (CPUThread)[0x0081b5c8]} sys_semaphore: *** semaphore created [] (protocol=0x2): id = 26
HLE: W {PPU[1] Thread (CPUThread)[0x00821880]} sys_mutex warning: *** mutex created [] (protocol=0x2, recursive=true): id = 27
HLE: W {PPU[1] Thread (CPUThread)[0x0081cb20]} sys_mutex warning: *** mutex created [] (protocol=0x2, recursive=false): id = 28
HLE: W {PPU[1] Thread (CPUThread)[0x0081cbf4]} sys_cond warning: *** condition created [] (mutex_id=28): id = 29
HLE: W {PPU[1] Thread (CPUThread)[0x0081b5c8]} sys_semaphore warning: sys_semaphore_create(sem_addr=0xec2b00, attr_addr=0xd000f7d0, initial_count=0, max_count=100000)
HLE: ! {PPU[1] Thread (CPUThread)[0x0081b5c8]} sys_semaphore: *** semaphore created [] (protocol=0x2): id = 30
HLE: W {PPU[1] Thread (CPUThread)[0x0081d450]} sys_mutex warning: *** mutex created [] (protocol=0x2, recursive=true): id = 31
HLE: W {PPU[1] Thread (CPUThread)[0x0081b5c8]} sys_semaphore warning: sys_semaphore_create(sem_addr=0xe5ebc0, attr_addr=0xd000f6e0, initial_count=0, max_count=100000)
HLE: ! {PPU[1] Thread (CPUThread)[0x0081b5c8]} sys_semaphore: *** semaphore created [] (protocol=0x2): id = 32
HLE: W {PPU[1] Thread (CPUThread)[0x006fa838]} sys_spu warning: sys_spu_initialize(max_usable_spu=6, max_raw_spu=0)
HLE: W {PPU[1] Thread (CPUThread)[0x0097ef98]} sys_semaphore warning: sys_semaphore_create(sem_addr=0xefd6ec, attr_addr=0xd000e680, initial_count=0, max_count=1)
HLE: ! {PPU[1] Thread (CPUThread)[0x0097ef98]} sys_semaphore: *** semaphore created [] (protocol=0x2): id = 33
HLE: W {PPU[1] Thread (CPUThread)[0x0097ef98]} sys_semaphore warning: sys_semaphore_create(sem_addr=0xefd718, attr_addr=0xd000e680, initial_count=0, max_count=1)
HLE: ! {PPU[1] Thread (CPUThread)[0x0097ef98]} sys_semaphore: *** semaphore created [] (protocol=0x2): id = 34
HLE: W {PPU[1] Thread (CPUThread)[0x0097ef98]} sys_semaphore warning: sys_semaphore_create(sem_addr=0xefd744, attr_addr=0xd000e680, initial_count=0, max_count=1)
HLE: ! {PPU[1] Thread (CPUThread)[0x0097ef98]} sys_semaphore: *** semaphore created [] (protocol=0x2): id = 35
HLE: W {PPU[1] Thread (CPUThread)[0x0097ef98]} sys_semaphore warning: sys_semaphore_create(sem_addr=0xefd770, attr_addr=0xd000e680, initial_count=0, max_count=1)
HLE: ! {PPU[1] Thread (CPUThread)[0x0097ef98]} sys_semaphore: *** semaphore created [] (protocol=0x2): id = 36
HLE: W {PPU[1] Thread (CPUThread)[0x0097ef98]} sys_semaphore warning: sys_semaphore_create(sem_addr=0xefd79c, attr_addr=0xd000e680, initial_count=0, max_count=1)
HLE: ! {PPU[1] Thread (CPUThread)[0x0097ef98]} sys_semaphore: *** semaphore created [] (protocol=0x2): id = 37
HLE: W {PPU[1] Thread (CPUThread)[0x0097ef98]} sys_semaphore warning: sys_semaphore_create(sem_addr=0xefd7c8, attr_addr=0xd000e680, initial_count=0, max_count=1)
HLE: ! {PPU[1] Thread (CPUThread)[0x0097ef98]} sys_semaphore: *** semaphore created [] (protocol=0x2): id = 38
HLE: W {PPU[1] Thread (CPUThread)[0x0097ef98]} sys_semaphore warning: sys_semaphore_create(sem_addr=0xefd7f4, attr_addr=0xd000e680, initial_count=0, max_count=1)
HLE: ! {PPU[1] Thread (CPUThread)[0x0097ef98]} sys_semaphore: *** semaphore created [] (protocol=0x2): id = 39
HLE: W {PPU[1] Thread (CPUThread)[0x0097ef98]} sys_semaphore warning: sys_semaphore_create(sem_addr=0xefd820, attr_addr=0xd000e680, initial_count=0, max_count=1)
HLE: ! {PPU[1] Thread (CPUThread)[0x0097ef98]} sys_semaphore: *** semaphore created [] (protocol=0x2): id = 40
HLE: W {PPU[1] Thread (CPUThread)[0x0097ef98]} sys_semaphore warning: sys_semaphore_create(sem_addr=0xefd84c, attr_addr=0xd000e680, initial_count=0, max_count=1)
HLE: ! {PPU[1] Thread (CPUThread)[0x0097ef98]} sys_semaphore: *** semaphore created [] (protocol=0x2): id = 41
HLE: W {PPU[1] Thread (CPUThread)[0x0097ef98]} sys_semaphore warning: sys_semaphore_create(sem_addr=0xefd878, attr_addr=0xd000e680, initial_count=0, max_count=1)
HLE: ! {PPU[1] Thread (CPUThread)[0x0097ef98]} sys_semaphore: *** semaphore created [] (protocol=0x2): id = 42
HLE: W {PPU[1] Thread (CPUThread)[0x0097ef98]} sys_semaphore warning: sys_semaphore_create(sem_addr=0xefd8a4, attr_addr=0xd000e680, initial_count=0, max_count=1)
HLE: ! {PPU[1] Thread (CPUThread)[0x0097ef98]} sys_semaphore: *** semaphore created [] (protocol=0x2): id = 43
HLE: W {PPU[1] Thread (CPUThread)[0x0097ef98]} sys_semaphore warning: sys_semaphore_create(sem_addr=0xefd8d0, attr_addr=0xd000e680, initial_count=0, max_count=1)
HLE: ! {PPU[1] Thread (CPUThread)[0x0097ef98]} sys_semaphore: *** semaphore created [] (protocol=0x2): id = 44
HLE: W {PPU[1] Thread (CPUThread)[0x0097ef98]} sys_semaphore warning: sys_semaphore_create(sem_addr=0xefd8fc, attr_addr=0xd000e680, initial_count=0, max_count=1)
HLE: ! {PPU[1] Thread (CPUThread)[0x0097ef98]} sys_semaphore: *** semaphore created [] (protocol=0x2): id = 45
HLE: W {PPU[1] Thread (CPUThread)[0x0097ef98]} sys_semaphore warning: sys_semaphore_create(sem_addr=0xefd928, attr_addr=0xd000e680, initial_count=0, max_count=1)
HLE: ! {PPU[1] Thread (CPUThread)[0x0097ef98]} sys_semaphore: *** semaphore created [] (protocol=0x2): id = 46
HLE: W {PPU[1] Thread (CPUThread)[0x0097ef98]} sys_semaphore warning: sys_semaphore_create(sem_addr=0xefd954, attr_addr=0xd000e680, initial_count=0, max_count=1)
HLE: ! {PPU[1] Thread (CPUThread)[0x0097ef98]} sys_semaphore: *** semaphore created [] (protocol=0x2): id = 47
HLE: W {PPU[1] Thread (CPUThread)[0x0097ef98]} sys_semaphore warning: sys_semaphore_create(sem_addr=0xefd980, attr_addr=0xd000e680, initial_count=0, max_count=1)
HLE: ! {PPU[1] Thread (CPUThread)[0x0097ef98]} sys_semaphore: *** semaphore created [] (protocol=0x2): id = 48
HLE: W {PPU[1] Thread (CPUThread)[0x0097ef98]} sys_semaphore warning: sys_semaphore_create(sem_addr=0xefd9ac, attr_addr=0xd000e680, initial_count=0, max_count=1)
HLE: ! {PPU[1] Thread (CPUThread)[0x0097ef98]} sys_semaphore: *** semaphore created [] (protocol=0x2): id = 49
HLE: W {PPU[1] Thread (CPUThread)[0x0097ef98]} sys_semaphore warning: sys_semaphore_create(sem_addr=0xefd9d8, attr_addr=0xd000e680, initial_count=0, max_count=1)
HLE: ! {PPU[1] Thread (CPUThread)[0x0097ef98]} sys_semaphore: *** semaphore created [] (protocol=0x2): id = 50
HLE: W {PPU[1] Thread (CPUThread)[0x0097ef98]} sys_semaphore warning: sys_semaphore_create(sem_addr=0xefda04, attr_addr=0xd000e680, initial_count=0, max_count=1)
HLE: ! {PPU[1] Thread (CPUThread)[0x0097ef98]} sys_semaphore: *** semaphore created [] (protocol=0x2): id = 51
HLE: W {PPU[1] Thread (CPUThread)[0x0097ef98]} sys_semaphore warning: sys_semaphore_create(sem_addr=0xefda30, attr_addr=0xd000e680, initial_count=0, max_count=1)
HLE: ! {PPU[1] Thread (CPUThread)[0x0097ef98]} sys_semaphore: *** semaphore created [] (protocol=0x2): id = 52
HLE: W {PPU[1] Thread (CPUThread)[0x0097ef98]} sys_semaphore warning: sys_semaphore_create(sem_addr=0xefda5c, attr_addr=0xd000e680, initial_count=0, max_count=1)
HLE: ! {PPU[1] Thread (CPUThread)[0x0097ef98]} sys_semaphore: *** semaphore created [] (protocol=0x2): id = 53
HLE: W {PPU[1] Thread (CPUThread)[0x0097ef98]} sys_semaphore warning: sys_semaphore_create(sem_addr=0xefda88, attr_addr=0xd000e680, initial_count=0, max_count=1)
HLE: ! {PPU[1] Thread (CPUThread)[0x0097ef98]} sys_semaphore: *** semaphore created [] (protocol=0x2): id = 54
HLE: W {PPU[1] Thread (CPUThread)[0x0097ef98]} sys_semaphore warning: sys_semaphore_create(sem_addr=0xefdab4, attr_addr=0xd000e680, initial_count=0, max_count=1)
HLE: ! {PPU[1] Thread (CPUThread)[0x0097ef98]} sys_semaphore: *** semaphore created [] (protocol=0x2): id = 55
HLE: W {PPU[1] Thread (CPUThread)[0x0097ef98]} sys_semaphore warning: sys_semaphore_create(sem_addr=0xefdae0, attr_addr=0xd000e680, initial_count=0, max_count=1)
HLE: ! {PPU[1] Thread (CPUThread)[0x0097ef98]} sys_semaphore: *** semaphore created [] (protocol=0x2): id = 56
HLE: W {PPU[1] Thread (CPUThread)[0x0097ef98]} sys_semaphore warning: sys_semaphore_create(sem_addr=0xefdb0c, attr_addr=0xd000e680, initial_count=0, max_count=1)
HLE: ! {PPU[1] Thread (CPUThread)[0x0097ef98]} sys_semaphore: *** semaphore created [] (protocol=0x2): id = 57
HLE: W {PPU[1] Thread (CPUThread)[0x0097ef98]} sys_semaphore warning: sys_semaphore_create(sem_addr=0xefdb38, attr_addr=0xd000e680, initial_count=0, max_count=1)
HLE: ! {PPU[1] Thread (CPUThread)[0x0097ef98]} sys_semaphore: *** semaphore created [] (protocol=0x2): id = 58
HLE: W {PPU[1] Thread (CPUThread)[0x0097ef98]} sys_semaphore warning: sys_semaphore_create(sem_addr=0xefdb64, attr_addr=0xd000e680, initial_count=0, max_count=1)
HLE: ! {PPU[1] Thread (CPUThread)[0x0097ef98]} sys_semaphore: *** semaphore created [] (protocol=0x2): id = 59
HLE: W {PPU[1] Thread (CPUThread)[0x0097ef98]} sys_semaphore warning: sys_semaphore_create(sem_addr=0xefdb90, attr_addr=0xd000e680, initial_count=0, max_count=1)
HLE: ! {PPU[1] Thread (CPUThread)[0x0097ef98]} sys_semaphore: *** semaphore created [] (protocol=0x2): id = 60
HLE: W {PPU[1] Thread (CPUThread)[0x0097ef98]} sys_semaphore warning: sys_semaphore_create(sem_addr=0xefdbbc, attr_addr=0xd000e680, initial_count=0, max_count=1)
HLE: ! {PPU[1] Thread (CPUThread)[0x0097ef98]} sys_semaphore: *** semaphore created [] (protocol=0x2): id = 61
HLE: W {PPU[1] Thread (CPUThread)[0x0097ef98]} sys_semaphore warning: sys_semaphore_create(sem_addr=0xefdbe8, attr_addr=0xd000e680, initial_count=0, max_count=1)
HLE: ! {PPU[1] Thread (CPUThread)[0x0097ef98]} sys_semaphore: *** semaphore created [] (protocol=0x2): id = 62
HLE: W {PPU[1] Thread (CPUThread)[0x0097ef98]} sys_semaphore warning: sys_semaphore_create(sem_addr=0xefdc14, attr_addr=0xd000e680, initial_count=0, max_count=1)
HLE: ! {PPU[1] Thread (CPUThread)[0x0097ef98]} sys_semaphore: *** semaphore created [] (protocol=0x2): id = 63
HLE: W {PPU[1] Thread (CPUThread)[0x0097ef98]} sys_semaphore warning: sys_semaphore_create(sem_addr=0xefdc40, attr_addr=0xd000e680, initial_count=0, max_count=1)
HLE: ! {PPU[1] Thread (CPUThread)[0x0097ef98]} sys_semaphore: *** semaphore created [] (protocol=0x2): id = 64
HLE: W {PPU[1] Thread (CPUThread)[0x0097a740]} sys_event warning: sys_event_queue_create(equeue_id_addr=0xfe2154, attr_addr=0xfe2158, event_queue_key=0x1, size=9)
HLE: W {PPU[1] Thread (CPUThread)[0x0097a740]} sys_event warning: *** event_queue created [] (protocol=0x2, type=0x1, key=0x1, size=0x9): id = 65
HLE: ! {PPU[1] Thread (CPUThread)[0x01010028]} sys_ppu_thread: *** New PPU Thread [Job Manager - PPU Proxy] (joinable, entry=0xb41800): id = 66
HLE: W {PPU[1] Thread (CPUThread)[0x0097a77c]} sys_event warning: sys_event_port_create(eport_id_addr=0xfe2170, port_type=0x1, name=0xf9379348ac45d2d9)
HLE: W {PPU[1] Thread (CPUThread)[0x0097a77c]} sys_event warning: *** sys_event_port created: id = 67
HLE: W {PPU[1] Thread (CPUThread)[0x0097a78c]} sys_event warning: sys_event_port_connect_local(eport_id=67, equeue_id=65)
HLE: W {PPU[1] Thread (CPUThread)[0x010100f4]} sysPrxForUser warning: sys_spu_image_import(img=0xfe21e8, src=0xad0180, type=1)
HLE: W {PPU[1] Thread (CPUThread)[0x0097a538]} sys_spu warning: sys_spu_thread_group_create(id_addr=0xefe904, num=1, prio=16, attr_addr=0xd000e66c)
HLE: ! {PPU[1] Thread (CPUThread)[0x0097a538]} sys_spu: *** SPU Thread Group created [Job Manager - Job Thread] (num=1, prio=16, type=0x0, container=0): id=68
HLE: W {PPU[1] Thread (CPUThread)[0x0097a5d0]} sys_spu warning: sys_spu_thread_initialize(thread_addr=0xefe920, group=0x44, spu_num=0, img_addr=0xfe21e8, attr_addr=0xd000e660, arg_addr=0xd000e680)
HLE: E {PPU[1] Thread (CPUThread)[0x0097a5d0]} sys_spu TODO: Unsupported SPU Thread options (0x2)
HLE: W {PPU[1] Thread (CPUThread)[0x0097a5d0]} sys_spu warning: *** New SPU Thread [Job Manager - Job Thread] (ep=0xab90, opt=0x2, a1=0xefe960, a2=0x0, a3=0x97f2fc, a4=0x0): id=69
HLE: W {PPU[1] Thread (CPUThread)[0x00979534]} sys_spu warning: sys_spu_thread_connect_event(id=69, eq_id=65, event_type=0x1, spup=1)
HLE: W {PPU[1] Thread (CPUThread)[0x0097954c]} sys_spu warning: sys_spu_thread_connect_event(id=69, eq_id=65, event_type=0x1, spup=2)
HLE: W {PPU[1] Thread (CPUThread)[0x00979564]} sys_spu warning: sys_spu_thread_connect_event(id=69, eq_id=65, event_type=0x1, spup=3)
HLE: W {PPU[1] Thread (CPUThread)[0x0097957c]} sys_spu warning: sys_spu_thread_connect_event(id=69, eq_id=65, event_type=0x1, spup=4)
HLE: W {PPU[1] Thread (CPUThread)[0x0097a600]} sys_spu warning: sys_spu_thread_group_start(id=68)
HLE: W {PPU[1] Thread (CPUThread)[0x0097a538]} sys_spu warning: sys_spu_thread_group_create(id_addr=0xefe908, num=1, prio=16, attr_addr=0xd000e66c)
HLE: ! {PPU[1] Thread (CPUThread)[0x0097a538]} sys_spu: *** SPU Thread Group created [Job Manager - Job Thread] (num=1, prio=16, type=0x0, container=0): id=70
HLE: W {PPU[1] Thread (CPUThread)[0x0097a5d0]} sys_spu warning: sys_spu_thread_initialize(thread_addr=0xefe924, group=0x46, spu_num=1, img_addr=0xfe21e8, attr_addr=0xd000e660, arg_addr=0xd000e680)
HLE: E {PPU[1] Thread (CPUThread)[0x0097a5d0]} sys_spu TODO: Unsupported SPU Thread options (0x2)
HLE: W {PPU[1] Thread (CPUThread)[0x0097a5d0]} sys_spu warning: *** New SPU Thread [Job Manager - Job Thread] (ep=0xab90, opt=0x2, a1=0xefe980, a2=0x0, a3=0x97f2fc, a4=0x0): id=71
HLE: W {PPU[1] Thread (CPUThread)[0x00979534]} sys_spu warning: sys_spu_thread_connect_event(id=71, eq_id=65, event_type=0x1, spup=1)
HLE: W {PPU[1] Thread (CPUThread)[0x0097954c]} sys_spu warning: sys_spu_thread_connect_event(id=71, eq_id=65, event_type=0x1, spup=2)
HLE: W {PPU[1] Thread (CPUThread)[0x00979564]} sys_spu warning: sys_spu_thread_connect_event(id=71, eq_id=65, event_type=0x1, spup=3)
HLE: W {PPU[1] Thread (CPUThread)[0x0097957c]} sys_spu warning: sys_spu_thread_connect_event(id=71, eq_id=65, event_type=0x1, spup=4)
HLE: W {PPU[1] Thread (CPUThread)[0x0097a600]} sys_spu warning: sys_spu_thread_group_start(id=70)
HLE: W {PPU[1] Thread (CPUThread)[0x0097a538]} sys_spu warning: sys_spu_thread_group_create(id_addr=0xefe90c, num=1, prio=16, attr_addr=0xd000e66c)
HLE: ! {PPU[1] Thread (CPUThread)[0x0097a538]} sys_spu: *** SPU Thread Group created [Job Manager - Job Thread] (num=1, prio=16, type=0x0, container=0): id=72
HLE: W {PPU[1] Thread (CPUThread)[0x0097a5d0]} sys_spu warning: sys_spu_thread_initialize(thread_addr=0xefe928, group=0x48, spu_num=2, img_addr=0xfe21e8, attr_addr=0xd000e660, arg_addr=0xd000e680)
HLE: E {PPU[1] Thread (CPUThread)[0x0097a5d0]} sys_spu TODO: Unsupported SPU Thread options (0x2)
HLE: W {PPU[1] Thread (CPUThread)[0x0097a5d0]} sys_spu warning: *** New SPU Thread [Job Manager - Job Thread] (ep=0xab90, opt=0x2, a1=0xefe9a0, a2=0x0, a3=0x97f2fc, a4=0x0): id=73
HLE: W {PPU[1] Thread (CPUThread)[0x00979534]} sys_spu warning: sys_spu_thread_connect_event(id=73, eq_id=65, event_type=0x1, spup=1)
HLE: W {PPU[1] Thread (CPUThread)[0x0097954c]} sys_spu warning: sys_spu_thread_connect_event(id=73, eq_id=65, event_type=0x1, spup=2)
HLE: W {PPU[1] Thread (CPUThread)[0x00979564]} sys_spu warning: sys_spu_thread_connect_event(id=73, eq_id=65, event_type=0x1, spup=3)
HLE: W {PPU[1] Thread (CPUThread)[0x0097957c]} sys_spu warning: sys_spu_thread_connect_event(id=73, eq_id=65, event_type=0x1, spup=4)
HLE: W {PPU[1] Thread (CPUThread)[0x0097a600]} sys_spu warning: sys_spu_thread_group_start(id=72)
HLE: W {PPU[1] Thread (CPUThread)[0x0097a538]} sys_spu warning: sys_spu_thread_group_create(id_addr=0xefe910, num=1, prio=16, attr_addr=0xd000e66c)
HLE: ! {PPU[1] Thread (CPUThread)[0x0097a538]} sys_spu: *** SPU Thread Group created [Job Manager - Job Thread] (num=1, prio=16, type=0x0, container=0): id=74
HLE: W {PPU[1] Thread (CPUThread)[0x0097a5d0]} sys_spu warning: sys_spu_thread_initialize(thread_addr=0xefe92c, group=0x4a, spu_num=3, img_addr=0xfe21e8, attr_addr=0xd000e660, arg_addr=0xd000e680)
HLE: E {PPU[1] Thread (CPUThread)[0x0097a5d0]} sys_spu TODO: Unsupported SPU Thread options (0x2)
HLE: W {PPU[1] Thread (CPUThread)[0x0097a5d0]} sys_spu warning: *** New SPU Thread [Job Manager - Job Thread] (ep=0xab90, opt=0x2, a1=0xefe9c0, a2=0x0, a3=0x97f2fc, a4=0x0): id=75
HLE: W {PPU[1] Thread (CPUThread)[0x00979534]} sys_spu warning: sys_spu_thread_connect_event(id=75, eq_id=65, event_type=0x1, spup=1)
HLE: W {PPU[1] Thread (CPUThread)[0x0097954c]} sys_spu warning: sys_spu_thread_connect_event(id=75, eq_id=65, event_type=0x1, spup=2)
HLE: W {PPU[1] Thread (CPUThread)[0x00979564]} sys_spu warning: sys_spu_thread_connect_event(id=75, eq_id=65, event_type=0x1, spup=3)
HLE: W {PPU[1] Thread (CPUThread)[0x0097957c]} sys_spu warning: sys_spu_thread_connect_event(id=75, eq_id=65, event_type=0x1, spup=4)
HLE: W {PPU[1] Thread (CPUThread)[0x0097a600]} sys_spu warning: sys_spu_thread_group_start(id=74)
HLE: W {PPU[1] Thread (CPUThread)[0x00aef010]} cellSysmodule warning: cellSysmoduleLoadModule(CELL_SYSMODULE_SYSUTIL_GAME)
HLE: W {PPU[1] Thread (CPUThread)[0x0100e034]} cellGame warning: cellGameBootCheck(type_addr=0xd000e7e4, attributes_addr=0xec28d0, size_addr=0xd000e7e8, dirName_addr=0x0)
SPU: E {SPU[69] Thread (Job Manager - Job Thread)[0x0000ab90]} SPURecompilerCore::Compile(ls_addr=0xab90): branch to 0x0 opcode
SPU: E {SPU[75] Thread (Job Manager - Job Thread)[0x0000ab90]} SPURecompilerCore::Compile(ls_addr=0xab90): branch to 0x0 opcode
SPU: E {SPU[71] Thread (Job Manager - Job Thread)[0x0000ab90]} SPURecompilerCore::Compile(ls_addr=0xab90): branch to 0x0 opcode
SPU: E {SPU[73] Thread (Job Manager - Job Thread)[0x0000ab90]} SPURecompilerCore::Compile(ls_addr=0xab90): branch to 0x0 opcode
PPU: ! {PPULLVMRecompiler} Removed 1 old versions
HLE: W {PPU[66] Thread (Job Manager - PPU Proxy)[0x0097bd98]} sys_event warning: sys_event_queue_receive(equeue=65) aborted
PPU: ! {PPULLVMRecompiler} PPU LLVM compiler thread exiting.
HLE: ! All threads stopped...
MEM: ! Closing memory...
