HLE: ! path: /dev_hdd0/game/
HLE: W No pause.bin found, Auto Pause will not work.
HLE: W No pause.bin found, Auto Pause will not work.
LDR: ! Loading 'D:\Emulateurs\Rpcs3\dev_hdd0\game\NPEB00765/USRDIR/BOOT.BIN'...
LDR: !  
LDR: ! Mount info:
LDR: ! /dev_hdd0/ -> ./dev_hdd0/
LDR: ! /dev_hdd1/ -> ./dev_hdd1/
LDR: ! /dev_flash/ -> ./dev_flash/
LDR: ! /dev_usb000/ -> ./dev_usb000/
LDR: ! /dev_usb/ -> ./dev_usb000/
LDR: ! /app_home/ -> D:\Emulateurs\Rpcs3\dev_hdd0\game\NPEB00765/
LDR: ! /dev_bdvd/ -> D:\Emulateurs\Rpcs3\dev_hdd0\game\NPEB00765//../
LDR: ! /host_root/ -> 
LDR: ! /app_home/PS3_GAME/USRDIR/ -> D:\Emulateurs\Rpcs3\dev_hdd0\game\NPEB00765//USRDIR/
LDR: ! /dev_flash2/ -> ./dev_flash2/
LDR: ! /app_home/Game/PS3_GAME/USRDIR/ -> D:\Emulateurs\Rpcs3\dev_hdd0\game\NPEB00765//USRDIR/
LDR: ! //dev_hdd0/ -> ./dev_hdd0/
LDR: ! / -> D:\Emulateurs\Rpcs3\dev_hdd0\game\NPEB00765//USRDIR/
LDR: !  
LDR: ! Title: Smash 'N' Survive
LDR: ! Serial: NPEB00765
LDR: !  
MEM: ! Initializing memory: m_base_addr = 0x2adcbd0000
MEM: ! Memory initialized.
LDR: ! Imported function 'cellPadInit' in 'sys_io' module
LDR: ! Imported function 'cellPadEnd' in 'sys_io' module
LDR: ! Imported function 'cellPadSetPortSetting' in 'sys_io' module
LDR: ! Imported function 'cellPadGetData' in 'sys_io' module
LDR: ! Imported function 'cellPadGetInfo2' in 'sys_io' module
LDR: ! Imported function 'cellPadSetActDirect' in 'sys_io' module
LDR: ! Imported function 'cellGcmGetTiledPitchSize' in 'cellGcmSys' module
LDR: ! Imported function '_cellGcmInitBody' in 'cellGcmSys' module
LDR: ! Imported function '_cellGcmSetFlipCommand' in 'cellGcmSys' module
LDR: ! Imported function 'cellGcmAddressToOffset' in 'cellGcmSys' module
LDR: ! Imported function '_cellGcmFunc15' in 'cellGcmSys' module
LDR: ! Imported function 'cellGcmSetFlipMode' in 'cellGcmSys' module
LDR: ! Imported function 'cellGcmSetDebugOutputLevel' in 'cellGcmSys' module
LDR: ! Imported function 'cellGcmGetDefaultCommandWordSize' in 'cellGcmSys' module
LDR: ! Imported function 'cellGcmGetDefaultSegmentWordSize' in 'cellGcmSys' module
LDR: ! Imported function 'cellGcmSetDefaultFifoSize' in 'cellGcmSys' module
LDR: ! Imported function 'cellGcmMapMainMemory' in 'cellGcmSys' module
LDR: ! Imported function 'cellGcmSetDisplayBuffer' in 'cellGcmSys' module
LDR: ! Imported function 'cellGcmGetControlRegister' in 'cellGcmSys' module
LDR: ! Imported function 'cellGcmSetVBlankHandler' in 'cellGcmSys' module
LDR: ! Imported function 'cellGcmSetInvalidateTile' in 'cellGcmSys' module
LDR: ! Imported function 'cellGcmSetTile' in 'cellGcmSys' module
LDR: ! Imported function 'cellGcmSetZcull' in 'cellGcmSys' module
LDR: ! Imported function '_cellGcmSetFlipCommandWithWaitLabel' in 'cellGcmSys' module
LDR: ! Imported function 'cellGcmGetConfiguration' in 'cellGcmSys' module
LDR: ! Imported function 'cellGcmUnmapEaIoAddress' in 'cellGcmSys' module
LDR: ! Imported function 'cellVideoOutConfigure' in 'cellSysutil' module
LDR: ! Imported function 'cellSysutilCheckCallback' in 'cellSysutil' module
LDR: ! Imported function 'cellMsgDialogClose' in 'cellSysutil' module
LDR: ! Imported function 'cellSaveDataListAutoLoad' in 'cellSysutil' module
LDR: ! Imported function 'cellSysutilGetSystemParamInt' in 'cellSysutil' module
LDR: ! Imported function 'cellSaveDataListAutoSave' in 'cellSysutil' module
LDR: ! Imported function 'cellMsgDialogAbort' in 'cellSysutil' module
LDR: ! Imported function 'cellMsgDialogOpen2' in 'cellSysutil' module
LDR: ! Imported function 'cellVideoOutGetState' in 'cellSysutil' module
LDR: ! Imported function 'cellSysutilRegisterCallback' in 'cellSysutil' module
LDR: ! Imported function 'cellVideoOutGetResolutionAvailability' in 'cellSysutil' module
LDR: ! Imported function 'cellVideoOutGetResolution' in 'cellSysutil' module
LDR: ! Imported function 'cellSysutilUnregisterCallback' in 'cellSysutil' module
LDR: ! Imported function 'cellSysutilGetBgmPlaybackStatus' in 'cellSysutil' module
LDR: ! Imported function 'cellAudioOutGetState' in 'cellSysutil' module
LDR: ! Imported function 'cellSysmoduleUnloadModule' in 'cellSysmodule' module
LDR: ! Imported function 'cellSysmoduleLoadModule' in 'cellSysmodule' module
LDR: ! Imported function 'cellFsClose' in 'sys_fs' module
LDR: ! Imported function 'cellFsOpendir' in 'sys_fs' module
LDR: ! Imported function 'cellFsRead' in 'sys_fs' module
LDR: ! Imported function 'cellFsReaddir' in 'sys_fs' module
LDR: ! Imported function 'cellFsOpen' in 'sys_fs' module
LDR: ! Imported function 'cellFsStat' in 'sys_fs' module
LDR: ! Imported function 'cellFsUnlink' in 'sys_fs' module
LDR: ! Imported function 'cellFsGetDirectoryEntries' in 'sys_fs' module
LDR: ! Imported function 'cellFsLseek' in 'sys_fs' module
LDR: ! Imported function 'cellFsMkdir' in 'sys_fs' module
LDR: W Unimplemented function 'cellFsUtime' in 'sys_fs' module
LDR: ! Imported function 'cellFsWrite' in 'sys_fs' module
LDR: ! Imported function 'cellFsFstat' in 'sys_fs' module
LDR: ! Imported function 'cellFsRename' in 'sys_fs' module
LDR: ! Imported function 'cellFsClosedir' in 'sys_fs' module
LDR: ! Imported function 'sys_net_initialize_network_ex' in 'sys_net' module
LDR: W Unimplemented function 'getsockname' in 'sys_net' module
LDR: ! Imported function 'recvfrom' in 'sys_net' module
LDR: ! Imported function 'listen' in 'sys_net' module
LDR: W Unimplemented function 'socketselect' in 'sys_net' module
LDR: W Unimplemented function 'getsockopt' in 'sys_net' module
LDR: ! Imported function 'connect' in 'sys_net' module
LDR: ! Imported function 'socketclose' in 'sys_net' module
LDR: W Unimplemented function 'gethostbyname' in 'sys_net' module
LDR: W Unimplemented function 'inet_ntoa' in 'sys_net' module
LDR: ! Imported function 'setsockopt' in 'sys_net' module
LDR: ! Imported function 'sendto' in 'sys_net' module
LDR: ! Imported function 'socket' in 'sys_net' module
LDR: ! Imported function 'shutdown' in 'sys_net' module
LDR: ! Imported function 'bind' in 'sys_net' module
LDR: ! Imported function 'sys_net_finalize_network' in 'sys_net' module
LDR: ! Imported function 'accept' in 'sys_net' module
LDR: ! Imported function 'inet_addr' in 'sys_net' module
LDR: ! Imported function 'send' in 'sys_net' module
LDR: ! Imported function 'recv' in 'sys_net' module
LDR: ! Imported function 'cellNetCtlNetStartDialogLoadAsync' in 'cellNetCtl' module
LDR: ! Imported function 'cellNetCtlAddHandler' in 'cellNetCtl' module
LDR: ! Imported function 'cellNetCtlNetStartDialogUnloadAsync' in 'cellNetCtl' module
LDR: ! Imported function 'cellNetCtlTerm' in 'cellNetCtl' module
LDR: ! Imported function 'cellNetCtlGetInfo' in 'cellNetCtl' module
LDR: ! Imported function 'cellNetCtlGetNatInfo' in 'cellNetCtl' module
LDR: ! Imported function 'cellNetCtlGetState' in 'cellNetCtl' module
LDR: ! Imported function 'cellNetCtlDelHandler' in 'cellNetCtl' module
LDR: ! Imported function 'cellNetCtlInit' in 'cellNetCtl' module
LDR: ! Imported function 'cellSpursCreateJobChainWithAttribute' in 'cellSpurs' module
LDR: ! Imported function '_cellSpursJobChainAttributeInitialize' in 'cellSpurs' module
LDR: ! Imported function 'cellSpursDetachLv2EventQueue' in 'cellSpurs' module
LDR: ! Imported function 'cellSpursJobGuardInitialize' in 'cellSpurs' module
LDR: ! Imported function 'cellSpursShutdownJobChain' in 'cellSpurs' module
LDR: ! Imported function 'cellSpursJoinJobChain' in 'cellSpurs' module
LDR: ! Imported function 'cellSpursInitialize' in 'cellSpurs' module
LDR: ! Imported function 'cellSpursAttachLv2EventQueue' in 'cellSpurs' module
LDR: ! Imported function 'cellSpursFinalize' in 'cellSpurs' module
LDR: ! Imported function 'cellSpursJobGuardNotify' in 'cellSpurs' module
LDR: ! Imported function 'cellSpursRunJobChain' in 'cellSpurs' module
LDR: ! Imported function 'cellSpursAttributeSetNamePrefix' in 'cellSpurs' module
LDR: ! Imported function '_cellSpursAttributeInitialize' in 'cellSpurs' module
LDR: ! Imported function 'cellSpursJobChainAttributeSetName' in 'cellSpurs' module
LDR: ! Imported function 'cellSpursInitializeWithAttribute' in 'cellSpurs' module
LDR: ! Imported function 'cellCameraClose' in 'cellCamera' module
LDR: ! Imported function 'cellCameraRead' in 'cellCamera' module
LDR: ! Imported function 'cellCameraStart' in 'cellCamera' module
LDR: ! Imported function 'cellCameraGetType' in 'cellCamera' module
LDR: ! Imported function 'cellCameraOpenEx' in 'cellCamera' module
LDR: ! Imported function 'cellCameraGetBufferSize' in 'cellCamera' module
LDR: ! Imported function 'cellCameraIsAttached' in 'cellCamera' module
LDR: ! Imported function 'cellCameraIsAvailable' in 'cellCamera' module
LDR: ! Imported function 'cellCameraSetAttribute' in 'cellCamera' module
LDR: ! Imported function 'cellCameraInit' in 'cellCamera' module
LDR: ! Imported function 'cellGameContentPermit' in 'cellGame' module
LDR: ! Imported function 'cellGameContentErrorDialog' in 'cellGame' module
LDR: ! Imported function 'cellGameGetSizeKB' in 'cellGame' module
LDR: ! Imported function 'cellGameBootCheck' in 'cellGame' module
LDR: W Unknown module 'cellScreenShotUtility'
LDR: ! Imported function 'cellScreenShotEnable' in 'cellScreenShotUtility' module
LDR: ! Imported function 'cellScreenShotSetParameter' in 'cellScreenShotUtility' module
LDR: ! Imported function 'sceNpTrophyRegisterContext' in 'sceNpTrophy' module
LDR: ! Imported function 'sceNpTrophyCreateHandle' in 'sceNpTrophy' module
LDR: ! Imported function 'sceNpTrophyGetRequiredDiskSpace' in 'sceNpTrophy' module
LDR: ! Imported function 'sceNpTrophyDestroyContext' in 'sceNpTrophy' module
LDR: ! Imported function 'sceNpTrophyInit' in 'sceNpTrophy' module
LDR: ! Imported function 'sceNpTrophyAbortHandle' in 'sceNpTrophy' module
LDR: ! Imported function 'sceNpTrophyGetGameInfo' in 'sceNpTrophy' module
LDR: ! Imported function 'sceNpTrophyDestroyHandle' in 'sceNpTrophy' module
LDR: ! Imported function 'sceNpTrophyUnlockTrophy' in 'sceNpTrophy' module
LDR: ! Imported function 'sceNpTrophyTerm' in 'sceNpTrophy' module
LDR: ! Imported function 'sceNpTrophyGetTrophyUnlockState' in 'sceNpTrophy' module
LDR: ! Imported function 'sceNpTrophyGetTrophyIcon' in 'sceNpTrophy' module
LDR: ! Imported function 'sceNpTrophyCreateContext' in 'sceNpTrophy' module
LDR: ! Imported function 'sceNpTrophyGetTrophyInfo' in 'sceNpTrophy' module
LDR: ! Imported function 'sceNpTrophyGetGameIcon' in 'sceNpTrophy' module
LDR: ! Imported function 'cellRtcGetCurrentTick' in 'cellRtc' module
LDR: ! Imported function 'sceNpBasicSendMessageGui' in 'sceNp' module
LDR: ! Imported function 'sceNpBasicGetFriendPresenceByIndex' in 'sceNp' module
LDR: ! Imported function 'sceNpBasicSetPresence' in 'sceNp' module
LDR: ! Imported function 'sceNpTerm' in 'sceNp' module
LDR: ! Imported function 'sceNpSignalingAddExtendedHandler' in 'sceNp' module
LDR: ! Imported function 'sceNpManagerUnregisterCallback' in 'sceNp' module
LDR: ! Imported function 'sceNpSignalingActivateConnection' in 'sceNp' module
LDR: ! Imported function 'sceNpSignalingCreateCtx' in 'sceNp' module
LDR: ! Imported function 'sceNpBasicGetFriendPresenceByIndex2' in 'sceNp' module
LDR: ! Imported function 'sceNpBasicRecvMessageAttachmentLoad' in 'sceNp' module
LDR: ! Imported function 'sceNpSignalingGetPeerNetInfo' in 'sceNp' module
LDR: ! Imported function 'sceNpSignalingGetLocalNetInfo' in 'sceNp' module
LDR: ! Imported function 'sceNpManagerGetStatus' in 'sceNp' module
LDR: ! Imported function 'sceNpSignalingDestroyCtx' in 'sceNp' module
LDR: ! Imported function 'sceNpBasicUnregisterHandler' in 'sceNp' module
LDR: ! Imported function 'sceNpDrmIsAvailable' in 'sceNp' module
LDR: ! Imported function 'sceNpBasicGetFriendListEntryCount' in 'sceNp' module
LDR: ! Imported function 'sceNpBasicRegisterHandler' in 'sceNp' module
LDR: ! Imported function 'sceNpInit' in 'sceNp' module
LDR: ! Imported function 'sceNpSignalingGetConnectionStatus' in 'sceNp' module
LDR: ! Imported function 'sceNpUtilCmpNpId' in 'sceNp' module
LDR: ! Imported function 'sceNpBasicGetEvent' in 'sceNp' module
LDR: ! Imported function 'sceNpManagerRegisterCallback' in 'sceNp' module
LDR: ! Imported function 'sceNpDrmIsAvailable2' in 'sceNp' module
LDR: ! Imported function 'sceNpSignalingDeactivateConnection' in 'sceNp' module
LDR: ! Imported function 'sceNpManagerGetNpId' in 'sceNp' module
LDR: W Unimplemented function 'sceNpMatching2DestroyContext' in 'sceNp2' module
LDR: W Unimplemented function 'sceNpMatching2GetWorldInfoList' in 'sceNp2' module
LDR: W Unimplemented function 'sceNpMatching2SearchRoom' in 'sceNp2' module
LDR: W Unimplemented function 'sceNpMatching2ContextStart' in 'sceNp2' module
LDR: W Unimplemented function 'sceNpMatching2CreateServerContext' in 'sceNp2' module
LDR: W Unimplemented function 'sceNpMatching2LeaveRoom' in 'sceNp2' module
LDR: W Unimplemented function 'sceNpMatching2Term2' in 'sceNp2' module
LDR: W Unimplemented function 'sceNpMatching2GetServerInfo' in 'sceNp2' module
LDR: W Unimplemented function 'sceNpMatching2GetEventData' in 'sceNp2' module
LDR: W Unimplemented function 'sceNp2Init' in 'sceNp2' module
LDR: W Unimplemented function 'sceNpMatching2JoinRoom' in 'sceNp2' module
LDR: W Unimplemented function 'sceNpMatching2RegisterContextCallback' in 'sceNp2' module
LDR: W Unimplemented function 'sceNpMatching2GetServerIdListLocal' in 'sceNp2' module
LDR: W Unimplemented function 'sceNpMatching2CreateContext' in 'sceNp2' module
LDR: W Unimplemented function 'sceNpMatching2ClearEventData' in 'sceNp2' module
LDR: W Unimplemented function 'sceNp2Term' in 'sceNp2' module
LDR: W Unimplemented function 'sceNpMatching2DeleteServerContext' in 'sceNp2' module
LDR: W Unimplemented function 'sceNpMatching2SetDefaultRequestOptParam' in 'sceNp2' module
LDR: W Unimplemented function 'sceNpMatching2RegisterRoomEventCallback' in 'sceNp2' module
LDR: W Unimplemented function 'sceNpMatching2GetRoomDataExternalList' in 'sceNp2' module
LDR: W Unimplemented function 'sceNpMatching2CreateJoinRoom' in 'sceNp2' module
LDR: W Unimplemented function 'sceNpMatching2ContextStop' in 'sceNp2' module
LDR: W Unimplemented function 'sceNpMatching2Init2' in 'sceNp2' module
LDR: W Unimplemented function 'sceNpMatching2RegisterRoomMessageCallback' in 'sceNp2' module
LDR: ! Imported function 'cellAudioInit' in 'cellAudio' module
LDR: ! Imported function 'cellAudioPortClose' in 'cellAudio' module
LDR: ! Imported function 'cellAudioSetPortLevel' in 'cellAudio' module
LDR: ! Imported function 'cellAudioPortStop' in 'cellAudio' module
LDR: ! Imported function 'cellAudioGetPortConfig' in 'cellAudio' module
LDR: ! Imported function 'cellAudioPortStart' in 'cellAudio' module
LDR: ! Imported function 'cellAudioQuit' in 'cellAudio' module
LDR: ! Imported function 'cellAudioPortOpen' in 'cellAudio' module
LDR: ! Imported function 'sys_lwmutex_lock' in 'sysPrxForUser' module
LDR: ! Imported function 'sys_lwmutex_unlock' in 'sysPrxForUser' module
LDR: ! Imported function 'sys_ppu_thread_create' in 'sysPrxForUser' module
LDR: ! Imported function '_sys_process_atexitspawn' in 'sysPrxForUser' module
LDR: ! Imported function 'sys_lwmutex_create' in 'sysPrxForUser' module
LDR: ! Imported function 'sys_ppu_thread_get_id' in 'sysPrxForUser' module
LDR: ! Imported function 'sys_prx_register_library' in 'sysPrxForUser' module
LDR: ! Imported function 'sys_game_process_exitspawn2' in 'sysPrxForUser' module
LDR: ! Imported function 'sys_initialize_tls' in 'sysPrxForUser' module
LDR: ! Imported function 'sys_time_get_system_time' in 'sysPrxForUser' module
LDR: ! Imported function '_sys_process_at_Exitspawn' in 'sysPrxForUser' module
LDR: ! Imported function 'sys_prx_exitspawn_with_level' in 'sysPrxForUser' module
LDR: ! Imported function 'sys_ppu_thread_exit' in 'sysPrxForUser' module
LDR: ! Imported function 'sys_lwmutex_destroy' in 'sysPrxForUser' module
LDR: ! Imported function 'sys_process_exit' in 'sysPrxForUser' module
HLE: W {PPU[1] Thread (CPUThread)[0x02678034]} sys_lwmutex warning: sys_lwmutex_create(lwmutex_addr=0x2658db0, attr_addr=0x91a8a8)
HLE: ! {PPU[1] Thread (CPUThread)[0x02678034]} sys_lwmutex: *** lwmutex created [_lc_mtx] (attribute=0x12): sq_id = 3
HLE: W {PPU[1] Thread (CPUThread)[0x00775bd4]} sys_memory warning: sys_memory_get_user_memory_size(mem_info_addr=0xd000fc04)
HLE: W {PPU[1] Thread (CPUThread)[0x02678034]} sys_lwmutex warning: sys_lwmutex_create(lwmutex_addr=0x2658bb0, attr_addr=0x91a8a8)
HLE: ! {PPU[1] Thread (CPUThread)[0x02678034]} sys_lwmutex: *** lwmutex created [_lc_mtx] (attribute=0x12): sq_id = 4
HLE: W {PPU[1] Thread (CPUThread)[0x02678034]} sys_lwmutex warning: sys_lwmutex_create(lwmutex_addr=0x2658338, attr_addr=0x91a8a8)
HLE: ! {PPU[1] Thread (CPUThread)[0x02678034]} sys_lwmutex: *** lwmutex created [_lc_mtx] (attribute=0x12): sq_id = 5
HLE: W {PPU[1] Thread (CPUThread)[0x02678034]} sys_lwmutex warning: sys_lwmutex_create(lwmutex_addr=0x2658360, attr_addr=0x91a8a8)
HLE: ! {PPU[1] Thread (CPUThread)[0x02678034]} sys_lwmutex: *** lwmutex created [_lc_mtx] (attribute=0x12): sq_id = 6
HLE: W {PPU[1] Thread (CPUThread)[0x02678034]} sys_lwmutex warning: sys_lwmutex_create(lwmutex_addr=0x2658388, attr_addr=0x91a8a8)
HLE: ! {PPU[1] Thread (CPUThread)[0x02678034]} sys_lwmutex: *** lwmutex created [_lc_mtx] (attribute=0x12): sq_id = 7
HLE: W {PPU[1] Thread (CPUThread)[0x02678034]} sys_lwmutex warning: sys_lwmutex_create(lwmutex_addr=0x2658270, attr_addr=0x91a8a8)
HLE: ! {PPU[1] Thread (CPUThread)[0x02678034]} sys_lwmutex: *** lwmutex created [_lc_mtx] (attribute=0x12): sq_id = 8
HLE: W {PPU[1] Thread (CPUThread)[0x02678034]} sys_lwmutex warning: sys_lwmutex_create(lwmutex_addr=0x2658298, attr_addr=0x91a8a8)
HLE: ! {PPU[1] Thread (CPUThread)[0x02678034]} sys_lwmutex: *** lwmutex created [_lc_mtx] (attribute=0x12): sq_id = 9
HLE: W {PPU[1] Thread (CPUThread)[0x02678034]} sys_lwmutex warning: sys_lwmutex_create(lwmutex_addr=0x26582c0, attr_addr=0x91a8a8)
HLE: ! {PPU[1] Thread (CPUThread)[0x02678034]} sys_lwmutex: *** lwmutex created [_lc_mtx] (attribute=0x12): sq_id = 10
HLE: W {PPU[1] Thread (CPUThread)[0x02678034]} sys_lwmutex warning: sys_lwmutex_create(lwmutex_addr=0x26582e8, attr_addr=0x91a8a8)
HLE: ! {PPU[1] Thread (CPUThread)[0x02678034]} sys_lwmutex: *** lwmutex created [_lc_mtx] (attribute=0x12): sq_id = 11
HLE: W {PPU[1] Thread (CPUThread)[0x02678034]} sys_lwmutex warning: sys_lwmutex_create(lwmutex_addr=0x2658310, attr_addr=0x91a8a8)
HLE: ! {PPU[1] Thread (CPUThread)[0x02678034]} sys_lwmutex: *** lwmutex created [_lc_mtx] (attribute=0x12): sq_id = 12
HLE: W {PPU[1] Thread (CPUThread)[0x02678034]} sys_lwmutex warning: sys_lwmutex_create(lwmutex_addr=0x2658f00, attr_addr=0x9b7e98)
HLE: ! {PPU[1] Thread (CPUThread)[0x02678034]} sys_lwmutex: *** lwmutex created [_lgcmtx] (attribute=0x12): sq_id = 13
HLE: W {PPU[1] Thread (CPUThread)[0x02678034]} sys_lwmutex warning: sys_lwmutex_create(lwmutex_addr=0x2658e80, attr_addr=0x9b7e98)
HLE: ! {PPU[1] Thread (CPUThread)[0x02678034]} sys_lwmutex: *** lwmutex created [_lgcmtx] (attribute=0x12): sq_id = 14
HLE: W {PPU[1] Thread (CPUThread)[0x02678034]} sys_lwmutex warning: sys_lwmutex_create(lwmutex_addr=0x2658ec0, attr_addr=0x9b7ea8)
HLE: ! {PPU[1] Thread (CPUThread)[0x02678034]} sys_lwmutex: *** lwmutex created [_lgcmtx] (attribute=0x22): sq_id = 15
HLE: W {PPU[1] Thread (CPUThread)[0x02678034]} sys_lwmutex warning: sys_lwmutex_create(lwmutex_addr=0x9b79e8, attr_addr=0xd000fbb0)
HLE: ! {PPU[1] Thread (CPUThread)[0x02678034]} sys_lwmutex: *** lwmutex created [] (attribute=0x22): sq_id = 16
HLE: W {PPU[1] Thread (CPUThread)[0x02678034]} sys_lwmutex warning: sys_lwmutex_create(lwmutex_addr=0x9b7a08, attr_addr=0xd000fbb0)
HLE: ! {PPU[1] Thread (CPUThread)[0x02678034]} sys_lwmutex: *** lwmutex created [] (attribute=0x22): sq_id = 17
HLE: W {PPU[1] Thread (CPUThread)[0x02678034]} sys_lwmutex warning: sys_lwmutex_create(lwmutex_addr=0x9b7968, attr_addr=0xd000fbd0)
HLE: ! {PPU[1] Thread (CPUThread)[0x02678034]} sys_lwmutex: *** lwmutex created [] (attribute=0x22): sq_id = 18
HLE: W {PPU[1] Thread (CPUThread)[0x02678034]} sys_lwmutex warning: sys_lwmutex_create(lwmutex_addr=0x9b7940, attr_addr=0xd000fbd0)
HLE: ! {PPU[1] Thread (CPUThread)[0x02678034]} sys_lwmutex: *** lwmutex created [] (attribute=0x22): sq_id = 19
HLE: W {PPU[1] Thread (CPUThread)[0x02678034]} sys_lwmutex warning: sys_lwmutex_create(lwmutex_addr=0x2656030, attr_addr=0xd000fb60)
HLE: ! {PPU[1] Thread (CPUThread)[0x02678034]} sys_lwmutex: *** lwmutex created [] (attribute=0x11): sq_id = 20
HLE: W {PPU[1] Thread (CPUThread)[0x02678034]} sys_lwmutex warning: sys_lwmutex_create(lwmutex_addr=0x2655fe0, attr_addr=0xd000fbf0)
HLE: ! {PPU[1] Thread (CPUThread)[0x02678034]} sys_lwmutex: *** lwmutex created [] (attribute=0x11): sq_id = 21
HLE: W {PPU[1] Thread (CPUThread)[0x02678034]} sys_lwmutex warning: sys_lwmutex_create(lwmutex_addr=0x2639180, attr_addr=0xd000fbf0)
HLE: ! {PPU[1] Thread (CPUThread)[0x02678034]} sys_lwmutex: *** lwmutex created [] (attribute=0x11): sq_id = 22
HLE: W {PPU[1] Thread (CPUThread)[0x02678034]} sys_lwmutex warning: sys_lwmutex_create(lwmutex_addr=0x2639000, attr_addr=0xd000fbd0)
HLE: ! {PPU[1] Thread (CPUThread)[0x02678034]} sys_lwmutex: *** lwmutex created [] (attribute=0x11): sq_id = 23
HLE: W {PPU[1] Thread (CPUThread)[0x02678034]} sys_lwmutex warning: sys_lwmutex_create(lwmutex_addr=0x23de908, attr_addr=0xd000fab0)
HLE: ! {PPU[1] Thread (CPUThread)[0x02678034]} sys_lwmutex: *** lwmutex created [] (attribute=0x11): sq_id = 24
HLE: W {PPU[1] Thread (CPUThread)[0x02678034]} sys_lwmutex warning: sys_lwmutex_create(lwmutex_addr=0x23de920, attr_addr=0xd000fb50)
HLE: ! {PPU[1] Thread (CPUThread)[0x02678034]} sys_lwmutex: *** lwmutex created [] (attribute=0x11): sq_id = 25
HLE: W {PPU[1] Thread (CPUThread)[0x0265c034]} cellSysutil warning: cellSysutilGetSystemParamInt: CELL_SYSUTIL_SYSTEMPARAM_ID_LANG
HLE: W {PPU[1] Thread (CPUThread)[0x02678034]} sys_lwmutex warning: sys_lwmutex_create(lwmutex_addr=0x23de938, attr_addr=0xd000fb50)
HLE: ! {PPU[1] Thread (CPUThread)[0x02678034]} sys_lwmutex: *** lwmutex created [] (attribute=0x11): sq_id = 26
HLE: W {PPU[1] Thread (CPUThread)[0x0265e010]} cellSysmodule warning: cellSysmoduleLoadModule(CELL_SYSMODULE_FS)
HLE: W {PPU[1] Thread (CPUThread)[0x0265c070]} cellSysutil warning: cellSysutilRegisterCallback(slot=0, func_addr=0x979e30, userdata=0x1d6ca10)
HLE: W {PPU[1] Thread (CPUThread)[0x0056c620]} sys_spu warning: sys_spu_initialize(max_usable_spu=5, max_raw_spu=0)
HLE: W {PPU[1] Thread (CPUThread)[0x0266604c]} cellSpurs warning: cellSpursInitialize(spurs_addr=0x30208700, nSpus=5, spuPriority=250, ppuPriority=79, exitIfNoWork=0)
HLE: ! {PPU[1] Thread (CPUThread)[0x0266604c]} sys_semaphore: *** semaphore created [_spuWkl] (protocol=0x2): id = 27
HLE: ! {PPU[1] Thread (CPUThread)[0x0266604c]} sys_semaphore: *** semaphore created [_spuWkl] (protocol=0x2): id = 28
HLE: ! {PPU[1] Thread (CPUThread)[0x0266604c]} sys_semaphore: *** semaphore created [_spuWkl] (protocol=0x2): id = 29
HLE: ! {PPU[1] Thread (CPUThread)[0x0266604c]} sys_semaphore: *** semaphore created [_spuWkl] (protocol=0x2): id = 30
HLE: ! {PPU[1] Thread (CPUThread)[0x0266604c]} sys_semaphore: *** semaphore created [_spuWkl] (protocol=0x2): id = 31
HLE: ! {PPU[1] Thread (CPUThread)[0x0266604c]} sys_semaphore: *** semaphore created [_spuWkl] (protocol=0x2): id = 32
HLE: ! {PPU[1] Thread (CPUThread)[0x0266604c]} sys_semaphore: *** semaphore created [_spuWkl] (protocol=0x2): id = 33
HLE: ! {PPU[1] Thread (CPUThread)[0x0266604c]} sys_semaphore: *** semaphore created [_spuWkl] (protocol=0x2): id = 34
HLE: ! {PPU[1] Thread (CPUThread)[0x0266604c]} sys_semaphore: *** semaphore created [_spuWkl] (protocol=0x2): id = 35
HLE: ! {PPU[1] Thread (CPUThread)[0x0266604c]} sys_semaphore: *** semaphore created [_spuWkl] (protocol=0x2): id = 36
HLE: ! {PPU[1] Thread (CPUThread)[0x0266604c]} sys_semaphore: *** semaphore created [_spuWkl] (protocol=0x2): id = 37
HLE: ! {PPU[1] Thread (CPUThread)[0x0266604c]} sys_semaphore: *** semaphore created [_spuWkl] (protocol=0x2): id = 38
HLE: ! {PPU[1] Thread (CPUThread)[0x0266604c]} sys_semaphore: *** semaphore created [_spuWkl] (protocol=0x2): id = 39
HLE: ! {PPU[1] Thread (CPUThread)[0x0266604c]} sys_semaphore: *** semaphore created [_spuWkl] (protocol=0x2): id = 40
HLE: ! {PPU[1] Thread (CPUThread)[0x0266604c]} sys_semaphore: *** semaphore created [_spuWkl] (protocol=0x2): id = 41
HLE: ! {PPU[1] Thread (CPUThread)[0x0266604c]} sys_semaphore: *** semaphore created [_spuWkl] (protocol=0x2): id = 42
HLE: ! {PPU[1] Thread (CPUThread)[0x0266604c]} sys_semaphore: *** semaphore created [_spuPrv] (protocol=0x2): id = 43
HLE: ! {PPU[1] Thread (CPUThread)[0x0266604c]} sys_spu: *** SPU Thread Group created [CellSpursKernelGroup] (num=5, prio=250, type=0x0, container=0): id=44
HLE: E {PPU[1] Thread (CPUThread)[0x0266604c]} sys_spu TODO: Unsupported SPU Thread options (0x2)
HLE: W {PPU[1] Thread (CPUThread)[0x0266604c]} sys_spu warning: *** New SPU Thread [CellSpursKernel0] (ep=0x0, opt=0x2, a1=0x0, a2=0x0, a3=0x0, a4=0x0): id=45
HLE: E {PPU[1] Thread (CPUThread)[0x0266604c]} sys_spu TODO: Unsupported SPU Thread options (0x2)
HLE: W {PPU[1] Thread (CPUThread)[0x0266604c]} sys_spu warning: *** New SPU Thread [CellSpursKernel1] (ep=0x0, opt=0x2, a1=0x0, a2=0x0, a3=0x0, a4=0x0): id=46
HLE: E {PPU[1] Thread (CPUThread)[0x0266604c]} sys_spu TODO: Unsupported SPU Thread options (0x2)
HLE: W {PPU[1] Thread (CPUThread)[0x0266604c]} sys_spu warning: *** New SPU Thread [CellSpursKernel2] (ep=0x0, opt=0x2, a1=0x0, a2=0x0, a3=0x0, a4=0x0): id=47
HLE: E {PPU[1] Thread (CPUThread)[0x0266604c]} sys_spu TODO: Unsupported SPU Thread options (0x2)
HLE: W {PPU[1] Thread (CPUThread)[0x0266604c]} sys_spu warning: *** New SPU Thread [CellSpursKernel3] (ep=0x0, opt=0x2, a1=0x0, a2=0x0, a3=0x0, a4=0x0): id=48
HLE: E {PPU[1] Thread (CPUThread)[0x0266604c]} sys_spu TODO: Unsupported SPU Thread options (0x2)
HLE: W {PPU[1] Thread (CPUThread)[0x0266604c]} sys_spu warning: *** New SPU Thread [CellSpursKernel4] (ep=0x0, opt=0x2, a1=0x0, a2=0x0, a3=0x0, a4=0x0): id=49
HLE: ! {PPU[1] Thread (CPUThread)[0x0266604c]} sys_lwmutex: *** lwmutex created [_spuPrv] (attribute=0x22): sq_id = 50
HLE: W {PPU[1] Thread (CPUThread)[0x0266604c]} sys_lwcond warning: *** lwcond created [_spuPrv] (lwmutex_addr=0x302094b0): id = 51
HLE: W {PPU[1] Thread (CPUThread)[0x0266604c]} sys_event warning: *** event_queue created [_spuPrv] (protocol=0x1, type=0x1, key=0x0, size=0x2a): id = 52
HLE: W {PPU[1] Thread (CPUThread)[0x0266604c]} sys_spu warning: sys_spu_thread_group_connect_event_all_threads(id=44, eq_id=52, req=0xffffffffffff0000, spup_addr=0x302087c9)
HLE: W {PPU[1] Thread (CPUThread)[0x0266604c]} sys_spu warning: *** spup -> 16
HLE: W {PPU[1] Thread (CPUThread)[0x0266604c]} sys_event warning: *** sys_event_port created: id = 53
HLE: W {PPU[1] Thread (CPUThread)[0x0266604c]} sys_event warning: sys_event_port_connect_local(eport_id=53, equeue_id=52)
HLE: ! {PPU[1] Thread (CPUThread)[0x0266604c]} sys_ppu_thread: *** New PPU Thread [SpursHdlr0] (joinable, entry=0x0): id = 54
HLE: ! {PPU[1] Thread (CPUThread)[0x0266604c]} sys_ppu_thread: *** New PPU Thread [SpursHdlr1] (joinable, entry=0x0): id = 55
HLE: E {PPU[1] Thread (CPUThread)[0x0266604c]} sys_spu TODO: sys_spu_thread_group_connect_event(id=44, eq=52, et=0x2)
HLE: W {PPU[1] Thread (CPUThread)[0x0056c6e4]} sys_event warning: sys_event_queue_create(equeue_id_addr=0x23e318c, attr_addr=0xd000f7d0, event_queue_key=0x0, size=10)
HLE: W {PPU[1] Thread (CPUThread)[0x0056c6e4]} sys_event warning: *** event_queue created [] (protocol=0x2, type=0x1, key=0x0, size=0xa): id = 56
HLE: ! {PPU[1] Thread (CPUThread)[0x0267801c]} sys_ppu_thread: *** New PPU Thread [spu_printf_handler] (joinable, entry=0x97a130): id = 57
HLE: W {PPU[1] Thread (CPUThread)[0x0056c738]} sys_event warning: sys_event_port_create(eport_id_addr=0x23e3198, port_type=0x1, name=0xfee1dead)
HLE: W {PPU[1] Thread (CPUThread)[0x0056c738]} sys_event warning: *** sys_event_port created: id = 58
HLE: W {PPU[1] Thread (CPUThread)[0x0056c750]} sys_event warning: sys_event_port_connect_local(eport_id=58, equeue_id=56)
HLE: W {PPU[1] Thread (CPUThread)[0x02666058]} cellSpurs warning: cellSpursAttachLv2EventQueue(spurs_addr=0x30208700, queue=56, port_addr=0xd000f7c0, isDynamic=0)
HLE: W {PPU[1] Thread (CPUThread)[0x02666058]} sys_spu warning: sys_spu_thread_group_connect_event_all_threads(id=44, eq_id=56, req=0x2, spup_addr=0xd000f7c0)
HLE: W {PPU[1] Thread (CPUThread)[0x02666058]} sys_spu warning: *** spup -> 1
HLE: W {PPU[1] Thread (CPUThread)[0x0056c794]} sys_event warning: sys_event_queue_create(equeue_id_addr=0x23e31a0, attr_addr=0xd000f7d0, event_queue_key=0x0, size=1)
HLE: W {PPU[1] Thread (CPUThread)[0x0056c794]} sys_event warning: *** event_queue created [] (protocol=0x2, type=0x1, key=0x0, size=0x1): id = 59
HLE: W {PPU[1] Thread (CPUThread)[0x02666058]} cellSpurs warning: cellSpursAttachLv2EventQueue(spurs_addr=0x30208700, queue=59, port_addr=0x23e31a4, isDynamic=1)
HLE: W {PPU[1] Thread (CPUThread)[0x02666058]} sys_spu warning: sys_spu_thread_group_connect_event_all_threads(id=44, eq_id=59, req=0xffffffffffff0000, spup_addr=0x23e31a4)
HLE: W {PPU[1] Thread (CPUThread)[0x02666058]} sys_spu warning: *** spup -> 17
HLE: E {PPU[1] Thread (CPUThread)[0x02666010]} cellSpurs TODO: _cellSpursJobChainAttributeInitialize
HLE: E {PPU[1] Thread (CPUThread)[0x02666004]} cellSpurs TODO: cellSpursCreateJobChainWithAttribute
HLE: E {PPU[1] Thread (CPUThread)[0x02666028]} cellSpurs TODO: cellSpursJobGuardInitialize
HLE: E {PPU[1] Thread (CPUThread)[0x02666028]} cellSpurs TODO: cellSpursJobGuardInitialize
HLE: E {PPU[1] Thread (CPUThread)[0x02666028]} cellSpurs TODO: cellSpursJobGuardInitialize
HLE: E {PPU[1] Thread (CPUThread)[0x02666028]} cellSpurs TODO: cellSpursJobGuardInitialize
HLE: E {PPU[1] Thread (CPUThread)[0x02666028]} cellSpurs TODO: cellSpursJobGuardInitialize
HLE: E {PPU[1] Thread (CPUThread)[0x02666028]} cellSpurs TODO: cellSpursJobGuardInitialize
HLE: E {PPU[1] Thread (CPUThread)[0x02666028]} cellSpurs TODO: cellSpursJobGuardInitialize
HLE: E {PPU[1] Thread (CPUThread)[0x02666028]} cellSpurs TODO: cellSpursJobGuardInitialize
HLE: E {PPU[1] Thread (CPUThread)[0x02666028]} cellSpurs TODO: cellSpursJobGuardInitialize
HLE: E {PPU[1] Thread (CPUThread)[0x02666028]} cellSpurs TODO: cellSpursJobGuardInitialize
HLE: E {PPU[1] Thread (CPUThread)[0x02666028]} cellSpurs TODO: cellSpursJobGuardInitialize
HLE: E {PPU[1] Thread (CPUThread)[0x02666028]} cellSpurs TODO: cellSpursJobGuardInitialize
HLE: E {PPU[1] Thread (CPUThread)[0x02666028]} cellSpurs TODO: cellSpursJobGuardInitialize
HLE: E {PPU[1] Thread (CPUThread)[0x02666028]} cellSpurs TODO: cellSpursJobGuardInitialize
HLE: E {PPU[1] Thread (CPUThread)[0x02666028]} cellSpurs TODO: cellSpursJobGuardInitialize
HLE: E {PPU[1] Thread (CPUThread)[0x02666028]} cellSpurs TODO: cellSpursJobGuardInitialize
HLE: E {PPU[1] Thread (CPUThread)[0x0266607c]} cellSpurs TODO: cellSpursRunJobChain
HLE: W {PPU[1] Thread (CPUThread)[0x0265e010]} cellSysmodule warning: cellSysmoduleLoadModule(CELL_SYSMODULE_NET)
HLE: W {PPU[1] Thread (CPUThread)[0x0265e010]} cellSysmodule warning: cellSysmoduleLoadModule(CELL_SYSMODULE_SYSUTIL_GAME)
HLE: W {PPU[1] Thread (CPUThread)[0x0265e010]} cellSysmodule warning: cellSysmoduleLoadModule(CELL_SYSMODULE_NETCTL)
HLE: W {PPU[1] Thread (CPUThread)[0x0265e010]} cellSysmodule warning: cellSysmoduleLoadModule(CELL_SYSMODULE_RTC)
HLE: W {PPU[1] Thread (CPUThread)[0x0265e010]} cellSysmodule warning: cellSysmoduleLoadModule(CELL_SYSMODULE_SYSUTIL_NP)
HLE: W {PPU[1] Thread (CPUThread)[0x0265e010]} cellSysmodule warning: cellSysmoduleLoadModule(CELL_SYSMODULE_SYSUTIL_NP2)
HLE: W {PPU[1] Thread (CPUThread)[0x0265e010]} cellSysmodule warning: cellSysmoduleLoadModule(CELL_SYSMODULE_SYSUTIL_USERINFO)
HLE: W {PPU[1] Thread (CPUThread)[0x0265e010]} cellSysmodule warning: cellSysmoduleLoadModule(CELL_SYSMODULE_IO)
HLE: W {PPU[1] Thread (CPUThread)[0x0265e010]} cellSysmodule warning: cellSysmoduleLoadModule(CELL_SYSMODULE_SYSUTIL_NP_TROPHY)
HLE: W {PPU[1] Thread (CPUThread)[0x02662004]} sys_net warning: sys_net_initialize_network_ex(param_addr=0xd000faa4)
HLE: W {PPU[1] Thread (CPUThread)[0x02664064]} cellNetCtl warning: cellNetCtlInit()
HLE: W {PPU[1] Thread (CPUThread)[0x026720dc]} sceNp warning: sceNpInit(mem_size=0x20000, mem_addr=0x253a4d8)
HLE: W {PPU[1] Thread (CPUThread)[0x02674070]} sceNp warning: sceNp2Init(mem_size=0x20000, mem_addr=0x253a4d8)
HLE: E {PPU[1] Thread (CPUThread)[0x02664010]} cellNetCtl TODO: cellNetCtlAddHandler(handler_addr=0x97a9d0, arg_addr=0x0, hid=0x259a524)
HLE: E {PPU[1] Thread (CPUThread)[0x0267210c]} sceNp TODO: sceNpManagerRegisterCallback
HLE: E {PPU[1] Thread (CPUThread)[0x02672130]} sceNp TODO: sceNpManagerGetNpId
HLE: E {PPU[1] Thread (CPUThread)[0x02672058]} sceNp TODO: sceNpSignalingCreateCtx
HLE: E {PPU[1] Thread (CPUThread)[0x02672034]} sceNp TODO: sceNpSignalingAddExtendedHandler
HLE: W {PPU[1] Thread (CPUThread)[0x0265e010]} cellSysmodule warning: cellSysmoduleLoadModule(CELL_SYSMODULE_AUDIO)
HLE: W {PPU[1] Thread (CPUThread)[0x0265e010]} cellSysmodule warning: cellSysmoduleLoadModule(CELL_SYSMODULE_SYSUTIL_SCREENSHOT)
HLE: E {PPU[1] Thread (CPUThread)[0x0266c010]} TODO: cellScreenShotSetParameter
HLE: E {PPU[1] Thread (CPUThread)[0x0266c004]} TODO: cellScreenShotEnable
HLE: W {PPU[1] Thread (CPUThread)[0x02678034]} sys_lwmutex warning: sys_lwmutex_create(lwmutex_addr=0x23de950, attr_addr=0xd000f770)
HLE: ! {PPU[1] Thread (CPUThread)[0x02678034]} sys_lwmutex: *** lwmutex created [] (attribute=0x11): sq_id = 60
HLE: ! {PPU[1] Thread (CPUThread)[0x0267801c]} sys_ppu_thread: *** New PPU Thread [asyncLoad] (non-joinable, entry=0x979da0): id = 61
HLE: W {PPU[1] Thread (CPUThread)[0x02678034]} sys_lwmutex warning: sys_lwmutex_create(lwmutex_addr=0x23de968, attr_addr=0xd000f7c0)
HLE: ! {PPU[1] Thread (CPUThread)[0x02678034]} sys_lwmutex: *** lwmutex created [] (attribute=0x11): sq_id = 62
HLE: W {PPU[1] Thread (CPUThread)[0x0093f004]} sys_io warning: cellPadInit(max_connect=7)
HLE: W {PPU[1] Thread (CPUThread)[0x0265a010]} cellGcmSys warning: _cellGcmInitBody(context_addr=0x2638fc0, cmdSize=0xff000, ioSize=0x100000, ioAddress=0x39000000)
HLE: W {PPU[1] Thread (CPUThread)[0x0265a010]} cellGcmSys warning: *** local memory(addr=0xc0000000, size=0xf900000)
HLE: W {PPU[1] Thread (CPUThread)[0x0265a010]} cellGcmSys warning: cellGcmInit(): 256MB io address space used
HLE: W {PPU[1] Thread (CPUThread)[0x0265a010]} cellGcmSys warning: cellGcmMapEaIoAddress(ea=0x39000000, io=0x0, size=0x100000)
RSX: ! {RSXThread} RSX thread started
HLE: W {PPU[1] Thread (CPUThread)[0x0265a07c]} cellGcmSys warning: cellGcmMapMainMemory(ea=0x39100000,size=0x1400000,offset_addr=0xd000f460)
HLE: W {PPU[1] Thread (CPUThread)[0x0265a07c]} cellGcmSys warning: cellGcmMapMainMemory(ea=0x30200000,size=0x8b00000,offset_addr=0xd000f460)
HLE: W {PPU[1] Thread (CPUThread)[0x0265c004]} cellSysutil warning: cellVideoOutConfigure(videoOut=0, config_addr=0x25194c4, option_addr=0x0, waitForEvent=0x0)
HLE: W {PPU[1] Thread (CPUThread)[0x0265a040]} cellGcmSys warning: cellGcmSetFlipMode(mode=1)
HLE: W {PPU[1] Thread (CPUThread)[0x0265a0b8]} cellGcmSys warning: cellGcmSetTile(index=0, location=0, offset=12582912, size=3801088, pitch=5120, comp=0, base=0, bank=0)
HLE: W {PPU[1] Thread (CPUThread)[0x0265a0b8]} cellGcmSys warning: cellGcmSetTile(index=1, location=0, offset=16384000, size=3801088, pitch=5120, comp=0, base=0, bank=0)
HLE: W {PPU[1] Thread (CPUThread)[0x0265a0b8]} cellGcmSys warning: cellGcmSetTile(index=2, location=0, offset=0, size=12582912, pitch=8192, comp=0, base=0, bank=2)
HLE: E {PPU[1] Thread (CPUThread)[0x0265a0c4]} cellGcmSys TODO: cellGcmSetZcull(index=0, offset=0x0, width=2048, height=576, cullStart=0x0, zFormat=0x2, aaFormat=0x3, zCullDir=0x0, zCullFormat=0x1, sFunc=0x0, sRef=0x0, sMask=0x0)
HLE: W {PPU[1] Thread (CPUThread)[0x0265a0b8]} cellGcmSys warning: cellGcmSetTile(index=3, location=0, offset=20185088, size=4718592, pitch=8192, comp=0, base=72, bank=0)
HLE: W {PPU[1] Thread (CPUThread)[0x0265a0b8]} cellGcmSys warning: cellGcmSetTile(index=4, location=0, offset=24903680, size=2359296, pitch=4096, comp=0, base=36, bank=0)
HLE: W {PPU[1] Thread (CPUThread)[0x0265a04c]} cellGcmSys warning: cellGcmSetDebugOutputLevel(level=2)
HLE: W {PPU[1] Thread (CPUThread)[0x0265a0a0]} cellGcmSys warning: cellGcmSetVBlankHandler(handler_addr=0x97a228)
RSX: W {RSXThread} TODO: NV4097_SET_WINDOW_OFFSET: x=0, y=0
RSX: W {RSXThread} TODO: NV4097_SET_ANTI_ALIASING_CONTROL: ffff0000
HLE: ! {PPU[1] Thread (CPUThread)[0x0267801c]} sys_ppu_thread: *** New PPU Thread [hddfileinfo] (non-joinable, entry=0x979da0): id = 63
HLE: W {PPU[63] Thread (hddfileinfo)[0x0266a028]} cellGame warning: cellGameBootCheck(type_addr=0xd00bfd18, attributes_addr=0xd00bfd10, size_addr=0xd00bfd1c, dirName_addr=0xd00bfd28)
HLE: E {PPU[63] Thread (hddfileinfo)[0x0266a01c]} cellGame TODO: cellGameGetSizeKB
HLE: W {PPU[63] Thread (hddfileinfo)[0x0266a004]} cellGame warning: cellGameContentPermit(contentInfoPath_addr=0x9a3a18, usrdirPath_addr=0x9a3998)
HLE: W {PPU[1] Thread (CPUThread)[0x0265e010]} cellSysmodule warning: cellSysmoduleLoadModule(CELL_SYSMODULE_SYSUTIL_GAME)
HLE: ! {PPU[1] Thread (CPUThread)[0x0267801c]} sys_ppu_thread: *** New PPU Thread [EData reader thread] (non-joinable, entry=0x979da0): id = 64
HLE: W {PPU[64] Thread (EData reader thread)[0x0266a028]} cellGame warning: cellGameBootCheck(type_addr=0xd00cf038, attributes_addr=0xd00cf030, size_addr=0xd00cf050, dirName_addr=0xd00cf070)
HLE: W {PPU[64] Thread (EData reader thread)[0x0266a004]} cellGame warning: cellGameContentPermit(contentInfoPath_addr=0xd00cf8f8, usrdirPath_addr=0xd00cf4f8)
HLE: W {PPU[64] Thread (EData reader thread)[0x02672118]} sceNp warning: sceNpDrmIsAvailable2(k_licensee_addr=0xd00cf05c, drm_path_addr=0xd00cf0f8('/dev_hdd0/game/NPEB00765/USRDIR/sns.edat'))
HLE: W {PPU[1] Thread (CPUThread)[0x02660040]} sys_fs warning: cellFsStat(path="/dev_hdd0/game/NPEB00765/USRDIR/skipmip.yes", sb_addr=0xd000f430)
HLE: W {PPU[64] Thread (EData reader thread)[0x02672118]} sceNp warning: npDrmIsAvailable: Found DRM license file at /dev_hdd0/game/NPEB00765/USRDIR/sns.edat
HLE: W {PPU[64] Thread (EData reader thread)[0x02672118]} sceNp warning: npDrmIsAvailable: Using k_licensee 0x0c0a3b3641c2ad1ef23153a48a3e12fe7
HLE: W {PPU[1] Thread (CPUThread)[0x02660040]} sys_fs warning: cellFsStat: "/dev_hdd0/game/NPEB00765/USRDIR/skipmip.yes" not found.
HLE: W {PPU[1] Thread (CPUThread)[0x02660040]} sys_fs warning: cellFsStat(path="/dev_hdd0/game/NPEB00765/USRDIR/staging.yes", sb_addr=0xd000f170)
HLE: W {PPU[1] Thread (CPUThread)[0x02660040]} sys_fs warning: cellFsStat: "/dev_hdd0/game/NPEB00765/USRDIR/staging.yes" not found.
HLE: W {PPU[1] Thread (CPUThread)[0x02660040]} sys_fs warning: cellFsStat(path="/dev_hdd0/game/NPEB00765/USRDIR/TEST.POD", sb_addr=0xd000e820)
HLE: W {PPU[1] Thread (CPUThread)[0x02660040]} sys_fs warning: cellFsStat: "/dev_hdd0/game/NPEB00765/USRDIR/TEST.POD" not found.
HLE: W {PPU[1] Thread (CPUThread)[0x02660040]} sys_fs warning: cellFsStat(path="/dev_hdd0/game/NPEB00765/USRDIR/PS3PKGFR.POD", sb_addr=0xd000e820)
HLE: W {PPU[1] Thread (CPUThread)[0x02660040]} sys_fs warning: cellFsStat: "/dev_hdd0/game/NPEB00765/USRDIR/PS3PKGFR.POD" not found.
HLE: W {PPU[1] Thread (CPUThread)[0x02660040]} sys_fs warning: cellFsStat(path="/dev_hdd0/game/NPEB00765/USRDIR/PS3PKGEN.POD", sb_addr=0xd000e820)
HLE: W {PPU[1] Thread (CPUThread)[0x02660040]} sys_fs warning: cellFsStat: "/dev_hdd0/game/NPEB00765/USRDIR/PS3PKGEN.POD" not found.
HLE: W {PPU[1] Thread (CPUThread)[0x02660040]} sys_fs warning: cellFsStat(path="/dev_hdd0/game/NPEB00765/USRDIR/PS3PKG.POD", sb_addr=0xd000e820)
HLE: W {PPU[1] Thread (CPUThread)[0x02660040]} sys_fs warning: cellFsStat: "/dev_hdd0/game/NPEB00765/USRDIR/PS3PKG.POD" not found.
HLE: W {PPU[1] Thread (CPUThread)[0x02660040]} sys_fs warning: cellFsStat(path="/dev_hdd0/game/NPEB00765/USRDIR/PS3FRSND.POD", sb_addr=0xd000e820)
HLE: W {PPU[1] Thread (CPUThread)[0x02660040]} sys_fs warning: cellFsStat: "/dev_hdd0/game/NPEB00765/USRDIR/PS3FRSND.POD" not found.
HLE: W {PPU[1] Thread (CPUThread)[0x02660040]} sys_fs warning: cellFsStat(path="/dev_hdd0/game/NPEB00765/USRDIR/PS3ENSND.POD", sb_addr=0xd000e820)
LDR: E {PPU[64] Thread (EData reader thread)[0x02672118]} EDAT: D:\Emulateurs\Rpcs3\dev_hdd0\game\NPEB00765\USRDIR\sns.edat has invalid NPD header or already decrypted.
HLE: W {PPU[64] Thread (EData reader thread)[0x02660040]} sys_fs warning: cellFsStat(path="/dev_hdd0/game/NPEB00765/USRDIR/sns.edat", sb_addr=0xd00cf0c4)
HLE: W {PPU[1] Thread (CPUThread)[0x02660040]} sys_fs warning: cellFsStat(path="/dev_hdd0/game/NPEB00765/USRDIR/PS3ENSND.POD", sb_addr=0xd000e440)
HLE: W {PPU[64] Thread (EData reader thread)[0x026720b8]} sceNp warning: sceNpDrmIsAvailable(k_licensee_addr=0xd00cf05c, drm_path_addr=0xd00cf0f8('/dev_hdd0/game/NPEB00765/USRDIR/sns.edat'))
HLE: W {PPU[64] Thread (EData reader thread)[0x026720b8]} sceNp warning: npDrmIsAvailable: Found DRM license file at /dev_hdd0/game/NPEB00765/USRDIR/sns.edat
HLE: W {PPU[64] Thread (EData reader thread)[0x026720b8]} sceNp warning: npDrmIsAvailable: Using k_licensee 0x0c0a3b3641c2ad1ef23153a48a3e12fe7
HLE: ! {PPU[1] Thread (CPUThread)[0x02660034]} sys_fs: "/dev_hdd0/game/NPEB00765/USRDIR/PS3ENSND.POD" opened: fd = 65
LDR: E {PPU[64] Thread (EData reader thread)[0x026720b8]} EDAT: D:\Emulateurs\Rpcs3\dev_hdd0\game\NPEB00765\USRDIR\sns.edat has invalid NPD header or already decrypted.
HLE: ! {PPU[64] Thread (EData reader thread)[0x02660034]} sys_fs: "/dev_hdd0/game/NPEB00765/USRDIR/sns.edat" opened: fd = 66
HLE: W {PPU[64] Thread (EData reader thread)[0x02660094]} sys_fs warning: cellFsFstat(fd=66, sb_addr=0xd00cf090)
HLE: W {PPU[64] Thread (EData reader thread)[0x02660004]} sys_fs warning: cellFsClose(fd=66)
HLE: W {PPU[1] Thread (CPUThread)[0x02660004]} sys_fs warning: cellFsClose(fd=65)
HLE: W {PPU[1] Thread (CPUThread)[0x02660040]} sys_fs warning: cellFsStat(path="/dev_hdd0/game/NPEB00765/USRDIR/PS3ENSND.POD", sb_addr=0xd000ecb0)
HLE: W {PPU[1] Thread (CPUThread)[0x02660040]} sys_fs warning: cellFsStat(path="/dev_hdd0/game/NPEB00765/USRDIR/PS3MUSND.POD", sb_addr=0xd000e820)
HLE: W {PPU[1] Thread (CPUThread)[0x02660040]} sys_fs warning: cellFsStat(path="/dev_hdd0/game/NPEB00765/USRDIR/PS3MUSND.POD", sb_addr=0xd000e440)
HLE: ! {PPU[1] Thread (CPUThread)[0x02660034]} sys_fs: "/dev_hdd0/game/NPEB00765/USRDIR/PS3MUSND.POD" opened: fd = 67
HLE: W {PPU[1] Thread (CPUThread)[0x02660004]} sys_fs warning: cellFsClose(fd=67)
HLE: W {PPU[1] Thread (CPUThread)[0x02660040]} sys_fs warning: cellFsStat(path="/dev_hdd0/game/NPEB00765/USRDIR/PS3MUSND.POD", sb_addr=0xd000ecb0)
HLE: W {PPU[1] Thread (CPUThread)[0x02660040]} sys_fs warning: cellFsStat(path="/dev_hdd0/game/NPEB00765/USRDIR/PS3SET.POD", sb_addr=0xd000e820)
HLE: W {PPU[1] Thread (CPUThread)[0x02660040]} sys_fs warning: cellFsStat(path="/dev_hdd0/game/NPEB00765/USRDIR/PS3SET.POD", sb_addr=0xd000e440)
HLE: ! {PPU[1] Thread (CPUThread)[0x02660034]} sys_fs: "/dev_hdd0/game/NPEB00765/USRDIR/PS3SET.POD" opened: fd = 68
HLE: W {PPU[1] Thread (CPUThread)[0x02660004]} sys_fs warning: cellFsClose(fd=68)
HLE: W {PPU[1] Thread (CPUThread)[0x02660040]} sys_fs warning: cellFsStat(path="/dev_hdd0/game/NPEB00765/USRDIR/PS3SET.POD", sb_addr=0xd000ecb0)
HLE: W {PPU[1] Thread (CPUThread)[0x02660040]} sys_fs warning: cellFsStat(path="/dev_hdd0/game/NPEB00765/USRDIR/PS3ART.POD", sb_addr=0xd000e820)
HLE: W {PPU[1] Thread (CPUThread)[0x02660040]} sys_fs warning: cellFsStat(path="/dev_hdd0/game/NPEB00765/USRDIR/PS3ART.POD", sb_addr=0xd000e440)
HLE: ! {PPU[1] Thread (CPUThread)[0x02660034]} sys_fs: "/dev_hdd0/game/NPEB00765/USRDIR/PS3ART.POD" opened: fd = 69
HLE: W {PPU[1] Thread (CPUThread)[0x02660004]} sys_fs warning: cellFsClose(fd=69)
HLE: W {PPU[1] Thread (CPUThread)[0x02660040]} sys_fs warning: cellFsStat(path="/dev_hdd0/game/NPEB00765/USRDIR/PS3ART.POD", sb_addr=0xd000ecb0)
HLE: W {PPU[1] Thread (CPUThread)[0x02660040]} sys_fs warning: cellFsStat(path="/dev_hdd0/game/NPEB00765/USRDIR/PS3MODEL.POD", sb_addr=0xd000e820)
HLE: W {PPU[1] Thread (CPUThread)[0x02660040]} sys_fs warning: cellFsStat(path="/dev_hdd0/game/NPEB00765/USRDIR/PS3MODEL.POD", sb_addr=0xd000e440)
HLE: ! {PPU[1] Thread (CPUThread)[0x02660034]} sys_fs: "/dev_hdd0/game/NPEB00765/USRDIR/PS3MODEL.POD" opened: fd = 70
HLE: W {PPU[1] Thread (CPUThread)[0x02660004]} sys_fs warning: cellFsClose(fd=70)
HLE: W {PPU[1] Thread (CPUThread)[0x02660040]} sys_fs warning: cellFsStat(path="/dev_hdd0/game/NPEB00765/USRDIR/PS3MODEL.POD", sb_addr=0xd000ecb0)
HLE: W {PPU[1] Thread (CPUThread)[0x02660040]} sys_fs warning: cellFsStat(path="/dev_hdd0/game/NPEB00765/USRDIR/PS3SOUND.POD", sb_addr=0xd000e820)
HLE: W {PPU[1] Thread (CPUThread)[0x02660040]} sys_fs warning: cellFsStat(path="/dev_hdd0/game/NPEB00765/USRDIR/PS3SOUND.POD", sb_addr=0xd000e440)
HLE: ! {PPU[1] Thread (CPUThread)[0x02660034]} sys_fs: "/dev_hdd0/game/NPEB00765/USRDIR/PS3SOUND.POD" opened: fd = 71
HLE: W {PPU[1] Thread (CPUThread)[0x02660004]} sys_fs warning: cellFsClose(fd=71)
HLE: W {PPU[1] Thread (CPUThread)[0x02660040]} sys_fs warning: cellFsStat(path="/dev_hdd0/game/NPEB00765/USRDIR/PS3SOUND.POD", sb_addr=0xd000ecb0)
HLE: W {PPU[1] Thread (CPUThread)[0x02660040]} sys_fs warning: cellFsStat(path="/dev_hdd0/game/NPEB00765/USRDIR/LANGUAGE.POD", sb_addr=0xd000e820)
HLE: W {PPU[1] Thread (CPUThread)[0x02660040]} sys_fs warning: cellFsStat(path="/dev_hdd0/game/NPEB00765/USRDIR/LANGUAGE.POD", sb_addr=0xd000e440)
HLE: ! {PPU[1] Thread (CPUThread)[0x02660034]} sys_fs: "/dev_hdd0/game/NPEB00765/USRDIR/LANGUAGE.POD" opened: fd = 72
HLE: W {PPU[1] Thread (CPUThread)[0x02660004]} sys_fs warning: cellFsClose(fd=72)
HLE: W {PPU[1] Thread (CPUThread)[0x02660040]} sys_fs warning: cellFsStat(path="/dev_hdd0/game/NPEB00765/USRDIR/LANGUAGE.POD", sb_addr=0xd000ecb0)
HLE: W {PPU[1] Thread (CPUThread)[0x02660040]} sys_fs warning: cellFsStat(path="/dev_hdd0/game/NPEB00765/USRDIR/COMMON.POD", sb_addr=0xd000e820)
HLE: W {PPU[1] Thread (CPUThread)[0x02660040]} sys_fs warning: cellFsStat(path="/dev_hdd0/game/NPEB00765/USRDIR/COMMON.POD", sb_addr=0xd000e440)
HLE: ! {PPU[1] Thread (CPUThread)[0x02660034]} sys_fs: "/dev_hdd0/game/NPEB00765/USRDIR/COMMON.POD" opened: fd = 73
HLE: W {PPU[1] Thread (CPUThread)[0x02660004]} sys_fs warning: cellFsClose(fd=73)
HLE: W {PPU[1] Thread (CPUThread)[0x02660040]} sys_fs warning: cellFsStat(path="/dev_hdd0/game/NPEB00765/USRDIR/COMMON.POD", sb_addr=0xd000ecb0)
HLE: W {PPU[1] Thread (CPUThread)[0x02660040]} sys_fs warning: cellFsStat(path="/dev_hdd0/game/NPEB00765/USRDIR/world/fr/msglist.txt", sb_addr=0xd000ea10)
HLE: W {PPU[1] Thread (CPUThread)[0x02660040]} sys_fs warning: cellFsStat: "/dev_hdd0/game/NPEB00765/USRDIR/world/fr/msglist.txt" not found.
HLE: W {PPU[1] Thread (CPUThread)[0x001e5428]} sys_event warning: sys_event_queue_create(equeue_id_addr=0x1cfb69c, attr_addr=0xd000f7b0, event_queue_key=0x0, size=127)
HLE: W {PPU[1] Thread (CPUThread)[0x001e5428]} sys_event warning: *** event_queue created [] (protocol=0x2, type=0x1, key=0x0, size=0x7f): id = 74
HLE: W {PPU[1] Thread (CPUThread)[0x001e5444]} sys_event warning: sys_event_port_create(eport_id_addr=0x1cfb690, port_type=0x1, name=0x0)
HLE: W {PPU[1] Thread (CPUThread)[0x001e5444]} sys_event warning: *** sys_event_port created: id = 75
HLE: W {PPU[1] Thread (CPUThread)[0x001e545c]} sys_event warning: sys_event_port_connect_local(eport_id=75, equeue_id=74)
HLE: W {PPU[1] Thread (CPUThread)[0x02666058]} cellSpurs warning: cellSpursAttachLv2EventQueue(spurs_addr=0x30208700, queue=74, port_addr=0x1cfb68c, isDynamic=1)
HLE: W {PPU[1] Thread (CPUThread)[0x02666058]} sys_spu warning: sys_spu_thread_group_connect_event_all_threads(id=44, eq_id=74, req=0xffffffffffff0000, spup_addr=0x1cfb68c)
HLE: W {PPU[1] Thread (CPUThread)[0x02666058]} sys_spu warning: *** spup -> 18
HLE: ! {PPU[1] Thread (CPUThread)[0x0267801c]} sys_ppu_thread: *** New PPU Thread [jobQueueWorker] (non-joinable, entry=0x979da0): id = 76
HLE: W {PPU[1] Thread (CPUThread)[0x02660040]} sys_fs warning: cellFsStat(path="/dev_hdd0/game/NPEB00765/USRDIR/hidestats.yes", sb_addr=0xd000f390)
HLE: W {PPU[1] Thread (CPUThread)[0x02660040]} sys_fs warning: cellFsStat: "/dev_hdd0/game/NPEB00765/USRDIR/hidestats.yes" not found.
HLE: ! {PPU[1] Thread (CPUThread)[0x02660034]} sys_fs: "/dev_hdd0/game/NPEB00765/USRDIR/PS3ART.POD" opened: fd = 77
HLE: W {PPU[1] Thread (CPUThread)[0x02660004]} sys_fs warning: cellFsClose(fd=77)
HLE: W {PPU[1] Thread (CPUThread)[0x02660040]} sys_fs warning: cellFsStat(path="/dev_hdd0/game/NPEB00765/USRDIR/data/ui/font_hud.kern", sb_addr=0xd000eeb0)
HLE: W {PPU[1] Thread (CPUThread)[0x02660040]} sys_fs warning: cellFsStat: "/dev_hdd0/game/NPEB00765/USRDIR/data/ui/font_hud.kern" not found.
HLE: ! {PPU[1] Thread (CPUThread)[0x02660034]} sys_fs: "/dev_hdd0/game/NPEB00765/USRDIR/PS3ART.POD" opened: fd = 78
HLE: W {PPU[1] Thread (CPUThread)[0x02660004]} sys_fs warning: cellFsClose(fd=78)
HLE: W {PPU[1] Thread (CPUThread)[0x02660040]} sys_fs warning: cellFsStat(path="/dev_hdd0/game/NPEB00765/USRDIR/data/ui/font_medium.kern", sb_addr=0xd000eeb0)
HLE: W {PPU[1] Thread (CPUThread)[0x02660040]} sys_fs warning: cellFsStat: "/dev_hdd0/game/NPEB00765/USRDIR/data/ui/font_medium.kern" not found.
HLE: ! {PPU[1] Thread (CPUThread)[0x02660034]} sys_fs: "/dev_hdd0/game/NPEB00765/USRDIR/PS3ART.POD" opened: fd = 79
HLE: W {PPU[1] Thread (CPUThread)[0x02660004]} sys_fs warning: cellFsClose(fd=79)
HLE: W {PPU[1] Thread (CPUThread)[0x02660040]} sys_fs warning: cellFsStat(path="/dev_hdd0/game/NPEB00765/USRDIR/data/ui/font_small.kern", sb_addr=0xd000eeb0)
HLE: W {PPU[1] Thread (CPUThread)[0x02660040]} sys_fs warning: cellFsStat: "/dev_hdd0/game/NPEB00765/USRDIR/data/ui/font_small.kern" not found.
HLE: ! {PPU[1] Thread (CPUThread)[0x02660034]} sys_fs: "/dev_hdd0/game/NPEB00765/USRDIR/PS3ART.POD" opened: fd = 80
HLE: W {PPU[1] Thread (CPUThread)[0x02660004]} sys_fs warning: cellFsClose(fd=80)
HLE: W {PPU[1] Thread (CPUThread)[0x02660040]} sys_fs warning: cellFsStat(path="/dev_hdd0/game/NPEB00765/USRDIR/data/ui/font_debug.kern", sb_addr=0xd000eeb0)
HLE: W {PPU[1] Thread (CPUThread)[0x02660040]} sys_fs warning: cellFsStat: "/dev_hdd0/game/NPEB00765/USRDIR/data/ui/font_debug.kern" not found.
HLE: ! {PPU[1] Thread (CPUThread)[0x02660034]} sys_fs: "/dev_hdd0/game/NPEB00765/USRDIR/PS3ART.POD" opened: fd = 81
HLE: W {PPU[1] Thread (CPUThread)[0x02660004]} sys_fs warning: cellFsClose(fd=81)
HLE: W {PPU[1] Thread (CPUThread)[0x02660040]} sys_fs warning: cellFsStat(path="/dev_hdd0/game/NPEB00765/USRDIR/data/ui/font_dotmatrix.kern", sb_addr=0xd000eeb0)
HLE: W {PPU[1] Thread (CPUThread)[0x02660040]} sys_fs warning: cellFsStat: "/dev_hdd0/game/NPEB00765/USRDIR/data/ui/font_dotmatrix.kern" not found.
HLE: ! {PPU[1] Thread (CPUThread)[0x02660034]} sys_fs: "/dev_hdd0/game/NPEB00765/USRDIR/PS3ART.POD" opened: fd = 82
HLE: W {PPU[1] Thread (CPUThread)[0x02660004]} sys_fs warning: cellFsClose(fd=82)
HLE: W {PPU[1] Thread (CPUThread)[0x02660040]} sys_fs warning: cellFsStat(path="/dev_hdd0/game/NPEB00765/USRDIR/data/ui/font_Obj5.kern", sb_addr=0xd000eeb0)
HLE: W {PPU[1] Thread (CPUThread)[0x02660040]} sys_fs warning: cellFsStat: "/dev_hdd0/game/NPEB00765/USRDIR/data/ui/font_Obj5.kern" not found.
HLE: ! {PPU[1] Thread (CPUThread)[0x02660034]} sys_fs: "/dev_hdd0/game/NPEB00765/USRDIR/PS3ART.POD" opened: fd = 83
HLE: W {PPU[1] Thread (CPUThread)[0x02660004]} sys_fs warning: cellFsClose(fd=83)
HLE: W {PPU[1] Thread (CPUThread)[0x02660040]} sys_fs warning: cellFsStat(path="/dev_hdd0/game/NPEB00765/USRDIR/data/ui/font_Obj7.kern", sb_addr=0xd000eeb0)
HLE: W {PPU[1] Thread (CPUThread)[0x02660040]} sys_fs warning: cellFsStat: "/dev_hdd0/game/NPEB00765/USRDIR/data/ui/font_Obj7.kern" not found.
HLE: ! {PPU[1] Thread (CPUThread)[0x02660034]} sys_fs: "/dev_hdd0/game/NPEB00765/USRDIR/PS3ART.POD" opened: fd = 84
HLE: W {PPU[1] Thread (CPUThread)[0x02660004]} sys_fs warning: cellFsClose(fd=84)
HLE: W {PPU[1] Thread (CPUThread)[0x02660040]} sys_fs warning: cellFsStat(path="/dev_hdd0/game/NPEB00765/USRDIR/data/ui/font_new1_ui.kern", sb_addr=0xd000eeb0)
HLE: W {PPU[1] Thread (CPUThread)[0x02660040]} sys_fs warning: cellFsStat: "/dev_hdd0/game/NPEB00765/USRDIR/data/ui/font_new1_ui.kern" not found.
HLE: ! {PPU[1] Thread (CPUThread)[0x02660034]} sys_fs: "/dev_hdd0/game/NPEB00765/USRDIR/PS3ART.POD" opened: fd = 85
HLE: W {PPU[1] Thread (CPUThread)[0x02660004]} sys_fs warning: cellFsClose(fd=85)
HLE: W {PPU[1] Thread (CPUThread)[0x02660040]} sys_fs warning: cellFsStat(path="/dev_hdd0/game/NPEB00765/USRDIR/data/ui/font_car_font.kern", sb_addr=0xd000eeb0)
HLE: W {PPU[1] Thread (CPUThread)[0x02660040]} sys_fs warning: cellFsStat: "/dev_hdd0/game/NPEB00765/USRDIR/data/ui/font_car_font.kern" not found.
HLE: W {PPU[1] Thread (CPUThread)[0x02678034]} sys_lwmutex warning: sys_lwmutex_create(lwmutex_addr=0x23de980, attr_addr=0xd000f730)
HLE: ! {PPU[1] Thread (CPUThread)[0x02678034]} sys_lwmutex: *** lwmutex created [] (attribute=0x11): sq_id = 86
HLE: W {PPU[1] Thread (CPUThread)[0x02678034]} sys_lwmutex warning: sys_lwmutex_create(lwmutex_addr=0x23de998, attr_addr=0xd000f730)
HLE: ! {PPU[1] Thread (CPUThread)[0x02678034]} sys_lwmutex: *** lwmutex created [] (attribute=0x11): sq_id = 87
HLE: W {PPU[1] Thread (CPUThread)[0x02678034]} sys_lwmutex warning: sys_lwmutex_create(lwmutex_addr=0x23de9b0, attr_addr=0xd000f730)
HLE: ! {PPU[1] Thread (CPUThread)[0x02678034]} sys_lwmutex: *** lwmutex created [] (attribute=0x11): sq_id = 88
HLE: W {PPU[1] Thread (CPUThread)[0x02678034]} sys_lwmutex warning: sys_lwmutex_create(lwmutex_addr=0x307ac7a8, attr_addr=0xd000f690)
HLE: ! {PPU[1] Thread (CPUThread)[0x02678034]} sys_lwmutex: *** lwmutex created [] (attribute=0x11): sq_id = 89
HLE: W {PPU[1] Thread (CPUThread)[0x02678034]} sys_lwmutex warning: sys_lwmutex_create(lwmutex_addr=0x307ac7f8, attr_addr=0xd000f690)
HLE: ! {PPU[1] Thread (CPUThread)[0x02678034]} sys_lwmutex: *** lwmutex created [] (attribute=0x11): sq_id = 90
HLE: W {PPU[1] Thread (CPUThread)[0x02678034]} sys_lwmutex warning: sys_lwmutex_create(lwmutex_addr=0x307ac848, attr_addr=0xd000f690)
HLE: ! {PPU[1] Thread (CPUThread)[0x02678034]} sys_lwmutex: *** lwmutex created [] (attribute=0x11): sq_id = 91
HLE: W {PPU[1] Thread (CPUThread)[0x02678034]} sys_lwmutex warning: sys_lwmutex_create(lwmutex_addr=0x307ac898, attr_addr=0xd000f690)
HLE: ! {PPU[1] Thread (CPUThread)[0x02678034]} sys_lwmutex: *** lwmutex created [] (attribute=0x11): sq_id = 92
HLE: W {PPU[1] Thread (CPUThread)[0x02678034]} sys_lwmutex warning: sys_lwmutex_create(lwmutex_addr=0x307ac8e8, attr_addr=0xd000f690)
HLE: ! {PPU[1] Thread (CPUThread)[0x02678034]} sys_lwmutex: *** lwmutex created [] (attribute=0x11): sq_id = 93
HLE: W {PPU[1] Thread (CPUThread)[0x02678034]} sys_lwmutex warning: sys_lwmutex_create(lwmutex_addr=0x307ac938, attr_addr=0xd000f690)
HLE: ! {PPU[1] Thread (CPUThread)[0x02678034]} sys_lwmutex: *** lwmutex created [] (attribute=0x11): sq_id = 94
HLE: W {PPU[1] Thread (CPUThread)[0x02678034]} sys_lwmutex warning: sys_lwmutex_create(lwmutex_addr=0x307ac988, attr_addr=0xd000f690)
HLE: ! {PPU[1] Thread (CPUThread)[0x02678034]} sys_lwmutex: *** lwmutex created [] (attribute=0x11): sq_id = 95
HLE: W {PPU[1] Thread (CPUThread)[0x02678034]} sys_lwmutex warning: sys_lwmutex_create(lwmutex_addr=0x307ac9d8, attr_addr=0xd000f690)
HLE: ! {PPU[1] Thread (CPUThread)[0x02678034]} sys_lwmutex: *** lwmutex created [] (attribute=0x11): sq_id = 96
HLE: W {PPU[1] Thread (CPUThread)[0x02678034]} sys_lwmutex warning: sys_lwmutex_create(lwmutex_addr=0x307aca28, attr_addr=0xd000f690)
HLE: ! {PPU[1] Thread (CPUThread)[0x02678034]} sys_lwmutex: *** lwmutex created [] (attribute=0x11): sq_id = 97
HLE: W {PPU[1] Thread (CPUThread)[0x02678034]} sys_lwmutex warning: sys_lwmutex_create(lwmutex_addr=0x307aca78, attr_addr=0xd000f690)
HLE: ! {PPU[1] Thread (CPUThread)[0x02678034]} sys_lwmutex: *** lwmutex created [] (attribute=0x11): sq_id = 98
HLE: W {PPU[1] Thread (CPUThread)[0x02678034]} sys_lwmutex warning: sys_lwmutex_create(lwmutex_addr=0x31bad788, attr_addr=0xd000f5c0)
HLE: ! {PPU[1] Thread (CPUThread)[0x02678034]} sys_lwmutex: *** lwmutex created [] (attribute=0x11): sq_id = 99
HLE: W {PPU[1] Thread (CPUThread)[0x006a2e40]} sys_mutex warning: *** mutex created [] (protocol=0x2, recursive=false): id = 100
HLE: W {PPU[1] Thread (CPUThread)[0x006a2e68]} sys_cond warning: *** condition created [] (mutex_id=100): id = 101
HLE: W {PPU[1] Thread (CPUThread)[0x006a2eb8]} sys_mutex warning: *** mutex created [] (protocol=0x2, recursive=true): id = 102
HLE: W {PPU[1] Thread (CPUThread)[0x006a2ed8]} sys_cond warning: *** condition on recursive mutex(102)
HLE: W {PPU[1] Thread (CPUThread)[0x006a2ed8]} sys_cond warning: *** condition created [] (mutex_id=102): id = 103
HLE: ! {PPU[1] Thread (CPUThread)[0x0267801c]} sys_ppu_thread: *** New PPU Thread [AK::IOThread] (joinable, entry=0x980b00): id = 104
HLE: W {PPU[1] Thread (CPUThread)[0x02678034]} sys_lwmutex warning: sys_lwmutex_create(lwmutex_addr=0x31bad8b8, attr_addr=0xd000f5c0)
HLE: ! {PPU[1] Thread (CPUThread)[0x02678034]} sys_lwmutex: *** lwmutex created [] (attribute=0x11): sq_id = 105
HLE: W {PPU[1] Thread (CPUThread)[0x006a2e40]} sys_mutex warning: *** mutex created [] (protocol=0x2, recursive=false): id = 106
HLE: W {PPU[1] Thread (CPUThread)[0x006a2e68]} sys_cond warning: *** condition created [] (mutex_id=106): id = 107
HLE: W {PPU[1] Thread (CPUThread)[0x006a2eb8]} sys_mutex warning: *** mutex created [] (protocol=0x2, recursive=true): id = 108
HLE: W {PPU[1] Thread (CPUThread)[0x006a2ed8]} sys_cond warning: *** condition on recursive mutex(108)
HLE: W {PPU[1] Thread (CPUThread)[0x006a2ed8]} sys_cond warning: *** condition created [] (mutex_id=108): id = 109
HLE: ! {PPU[1] Thread (CPUThread)[0x0267801c]} sys_ppu_thread: *** New PPU Thread [AK::IOThread] (joinable, entry=0x980b00): id = 110
HLE: W {PPU[1] Thread (CPUThread)[0x02678034]} sys_lwmutex warning: sys_lwmutex_create(lwmutex_addr=0x31c4d750, attr_addr=0xd000f5c0)
HLE: ! {PPU[1] Thread (CPUThread)[0x02678034]} sys_lwmutex: *** lwmutex created [] (attribute=0x11): sq_id = 111
HLE: W {PPU[1] Thread (CPUThread)[0x02678034]} sys_lwmutex warning: sys_lwmutex_create(lwmutex_addr=0x31c4da70, attr_addr=0xd000f5c0)
HLE: ! {PPU[1] Thread (CPUThread)[0x02678034]} sys_lwmutex: *** lwmutex created [] (attribute=0x11): sq_id = 112
HLE: W {PPU[1] Thread (CPUThread)[0x02678034]} sys_lwmutex warning: sys_lwmutex_create(lwmutex_addr=0x31c4da98, attr_addr=0xd000f5c0)
HLE: ! {PPU[1] Thread (CPUThread)[0x02678034]} sys_lwmutex: *** lwmutex created [] (attribute=0x11): sq_id = 113
HLE: W {PPU[1] Thread (CPUThread)[0x02678034]} sys_lwmutex warning: sys_lwmutex_create(lwmutex_addr=0x31c4ddb8, attr_addr=0xd000f5c0)
HLE: ! {PPU[1] Thread (CPUThread)[0x02678034]} sys_lwmutex: *** lwmutex created [] (attribute=0x11): sq_id = 114
HLE: W {PPU[1] Thread (CPUThread)[0x02678034]} sys_lwmutex warning: sys_lwmutex_create(lwmutex_addr=0x31c4e0d8, attr_addr=0xd000f5c0)
HLE: ! {PPU[1] Thread (CPUThread)[0x02678034]} sys_lwmutex: *** lwmutex created [] (attribute=0x11): sq_id = 115
HLE: W {PPU[1] Thread (CPUThread)[0x02678034]} sys_lwmutex warning: sys_lwmutex_create(lwmutex_addr=0x31c4e3f8, attr_addr=0xd000f5c0)
HLE: ! {PPU[1] Thread (CPUThread)[0x02678034]} sys_lwmutex: *** lwmutex created [] (attribute=0x11): sq_id = 116
HLE: W {PPU[1] Thread (CPUThread)[0x02678034]} sys_lwmutex warning: sys_lwmutex_create(lwmutex_addr=0x31c4e718, attr_addr=0xd000f5c0)
HLE: ! {PPU[1] Thread (CPUThread)[0x02678034]} sys_lwmutex: *** lwmutex created [] (attribute=0x11): sq_id = 117
HLE: W {PPU[1] Thread (CPUThread)[0x02678034]} sys_lwmutex warning: sys_lwmutex_create(lwmutex_addr=0x31c4ea38, attr_addr=0xd000f5c0)
HLE: ! {PPU[1] Thread (CPUThread)[0x02678034]} sys_lwmutex: *** lwmutex created [] (attribute=0x11): sq_id = 118
HLE: W {PPU[1] Thread (CPUThread)[0x02678034]} sys_lwmutex warning: sys_lwmutex_create(lwmutex_addr=0x31c4ed58, attr_addr=0xd000f5c0)
HLE: ! {PPU[1] Thread (CPUThread)[0x02678034]} sys_lwmutex: *** lwmutex created [] (attribute=0x11): sq_id = 119
HLE: W {PPU[1] Thread (CPUThread)[0x02678034]} sys_lwmutex warning: sys_lwmutex_create(lwmutex_addr=0x31c4f078, attr_addr=0xd000f5c0)
HLE: ! {PPU[1] Thread (CPUThread)[0x02678034]} sys_lwmutex: *** lwmutex created [] (attribute=0x11): sq_id = 120
HLE: W {PPU[1] Thread (CPUThread)[0x02678034]} sys_lwmutex warning: sys_lwmutex_create(lwmutex_addr=0x31c4f398, attr_addr=0xd000f5c0)
HLE: ! {PPU[1] Thread (CPUThread)[0x02678034]} sys_lwmutex: *** lwmutex created [] (attribute=0x11): sq_id = 121
HLE: W {PPU[1] Thread (CPUThread)[0x02678034]} sys_lwmutex warning: sys_lwmutex_create(lwmutex_addr=0x31c52640, attr_addr=0xd000f500)
HLE: ! {PPU[1] Thread (CPUThread)[0x02678034]} sys_lwmutex: *** lwmutex created [] (attribute=0x11): sq_id = 122
HLE: W {PPU[1] Thread (CPUThread)[0x02678034]} sys_lwmutex warning: sys_lwmutex_create(lwmutex_addr=0x31c52658, attr_addr=0xd000f500)
HLE: ! {PPU[1] Thread (CPUThread)[0x02678034]} sys_lwmutex: *** lwmutex created [] (attribute=0x11): sq_id = 123
HLE: W {PPU[1] Thread (CPUThread)[0x02678034]} sys_lwmutex warning: sys_lwmutex_create(lwmutex_addr=0x31c52ab8, attr_addr=0xd000f480)
HLE: ! {PPU[1] Thread (CPUThread)[0x02678034]} sys_lwmutex: *** lwmutex created [] (attribute=0x11): sq_id = 124
HLE: W {PPU[1] Thread (CPUThread)[0x006c8134]} sys_semaphore warning: sys_semaphore_create(sem_addr=0x31c52634, attr_addr=0xd000f510, initial_count=0, max_count=1)
HLE: ! {PPU[1] Thread (CPUThread)[0x006c8134]} sys_semaphore: *** semaphore created [] (protocol=0x2): id = 125
HLE: ! {PPU[1] Thread (CPUThread)[0x0267801c]} sys_ppu_thread: *** New PPU Thread [AK::BankManager] (joinable, entry=0x981f50): id = 126
HLE: W {PPU[1] Thread (CPUThread)[0x02678034]} sys_lwmutex warning: sys_lwmutex_create(lwmutex_addr=0x31c52d18, attr_addr=0xd000f5c0)
HLE: ! {PPU[1] Thread (CPUThread)[0x02678034]} sys_lwmutex: *** lwmutex created [] (attribute=0x11): sq_id = 127
HLE: W {PPU[1] Thread (CPUThread)[0x006b4258]} sys_event_flag warning: sys_event_flag_create(eflag_id_addr=0x31c52d30, attr_addr=0xd000f510, init=0x0)
HLE: W {PPU[1] Thread (CPUThread)[0x006b4258]} sys_event_flag warning: *** event_flag created [] (protocol=0x2, type=0x20000): id = 128
HLE: W {PPU[1] Thread (CPUThread)[0x02678034]} sys_lwmutex warning: sys_lwmutex_create(lwmutex_addr=0x31c52d60, attr_addr=0xd000f540)
HLE: ! {PPU[1] Thread (CPUThread)[0x02678034]} sys_lwmutex: *** lwmutex created [] (attribute=0x11): sq_id = 129
HLE: W {PPU[1] Thread (CPUThread)[0x02678034]} sys_lwmutex warning: sys_lwmutex_create(lwmutex_addr=0x31c53fe8, attr_addr=0xd000f540)
HLE: ! {PPU[1] Thread (CPUThread)[0x02678034]} sys_lwmutex: *** lwmutex created [] (attribute=0x11): sq_id = 130
HLE: W {PPU[1] Thread (CPUThread)[0x0265c0ac]} cellSysutil warning: cellAudioOutGetState(audioOut=0x0, deviceIndex=0x0, state_addr=0xd000f410)
HLE: W {PPU[1] Thread (CPUThread)[0x02676004]} cellAudio warning: cellAudioInit()
HLE: ! {Audio Thread} cellAudio: Audio thread started
HLE: W {PPU[1] Thread (CPUThread)[0x02676058]} cellAudio warning: cellAudioPortOpen(audioParam_addr=0xd000f428, portNum_addr=0x31dcd784)
HLE: W {PPU[1] Thread (CPUThread)[0x02676058]} cellAudio warning: *** audio port opened(nChannel=2, nBlock=16, attr=0x0, level=1.000000): port = 0
HLE: W {PPU[1] Thread (CPUThread)[0x02676034]} cellAudio warning: cellAudioGetPortConfig(portNum=0x0, portConfig_addr=0xd000f448)
HLE: W {PPU[1] Thread (CPUThread)[0x02666094]} cellSpurs warning: _cellSpursAttributeInitialize(attr_addr=0xd000f310, revision=2, sdkVersion=0x330000, nSpus=1, spuPriority=200, ppuPriority=800, exitIfNoWork=0)
HLE: W {PPU[1] Thread (CPUThread)[0x02666088]} cellSpurs warning: cellSpursAttributeSetNamePrefix(attr_addr=0xd000f310, prefix_addr=0x908098, size=2)
HLE: W {PPU[1] Thread (CPUThread)[0x026660ac]} cellSpurs warning: cellSpursInitializeWithAttribute(spurs_addr=0x31dd2180, attr_addr=0xd000f310)
HLE: ! {PPU[1] Thread (CPUThread)[0x026660ac]} sys_semaphore: *** semaphore created [_spuWkl] (protocol=0x2): id = 131
HLE: ! {PPU[1] Thread (CPUThread)[0x026660ac]} sys_semaphore: *** semaphore created [_spuWkl] (protocol=0x2): id = 132
HLE: ! {PPU[1] Thread (CPUThread)[0x026660ac]} sys_semaphore: *** semaphore created [_spuWkl] (protocol=0x2): id = 133
HLE: ! {PPU[1] Thread (CPUThread)[0x026660ac]} sys_semaphore: *** semaphore created [_spuWkl] (protocol=0x2): id = 134
HLE: ! {PPU[1] Thread (CPUThread)[0x026660ac]} sys_semaphore: *** semaphore created [_spuWkl] (protocol=0x2): id = 135
HLE: ! {PPU[1] Thread (CPUThread)[0x026660ac]} sys_semaphore: *** semaphore created [_spuWkl] (protocol=0x2): id = 136
HLE: ! {PPU[1] Thread (CPUThread)[0x026660ac]} sys_semaphore: *** semaphore created [_spuWkl] (protocol=0x2): id = 137
HLE: ! {PPU[1] Thread (CPUThread)[0x026660ac]} sys_semaphore: *** semaphore created [_spuWkl] (protocol=0x2): id = 138
HLE: ! {PPU[1] Thread (CPUThread)[0x026660ac]} sys_semaphore: *** semaphore created [_spuWkl] (protocol=0x2): id = 139
HLE: ! {PPU[1] Thread (CPUThread)[0x026660ac]} sys_semaphore: *** semaphore created [_spuWkl] (protocol=0x2): id = 140
HLE: ! {PPU[1] Thread (CPUThread)[0x026660ac]} sys_semaphore: *** semaphore created [_spuWkl] (protocol=0x2): id = 141
HLE: ! {PPU[1] Thread (CPUThread)[0x026660ac]} sys_semaphore: *** semaphore created [_spuWkl] (protocol=0x2): id = 142
HLE: ! {PPU[1] Thread (CPUThread)[0x026660ac]} sys_semaphore: *** semaphore created [_spuWkl] (protocol=0x2): id = 143
HLE: ! {PPU[1] Thread (CPUThread)[0x026660ac]} sys_semaphore: *** semaphore created [_spuWkl] (protocol=0x2): id = 144
HLE: ! {PPU[1] Thread (CPUThread)[0x026660ac]} sys_semaphore: *** semaphore created [_spuWkl] (protocol=0x2): id = 145
HLE: ! {PPU[1] Thread (CPUThread)[0x026660ac]} sys_semaphore: *** semaphore created [_spuWkl] (protocol=0x2): id = 146
HLE: ! {PPU[1] Thread (CPUThread)[0x026660ac]} sys_semaphore: *** semaphore created [_spuPrv] (protocol=0x2): id = 147
HLE: ! {PPU[1] Thread (CPUThread)[0x026660ac]} sys_spu: *** SPU Thread Group created [AkCellSpursKernelGroup] (num=1, prio=200, type=0x0, container=0): id=148
HLE: E {PPU[1] Thread (CPUThread)[0x026660ac]} sys_spu TODO: Unsupported SPU Thread options (0x2)
HLE: W {PPU[1] Thread (CPUThread)[0x026660ac]} sys_spu warning: *** New SPU Thread [AkCellSpursKernel0] (ep=0x0, opt=0x2, a1=0x0, a2=0x0, a3=0x0, a4=0x0): id=149
HLE: ! {PPU[1] Thread (CPUThread)[0x026660ac]} sys_lwmutex: *** lwmutex created [_spuPrv] (attribute=0x22): sq_id = 150
HLE: W {PPU[1] Thread (CPUThread)[0x026660ac]} sys_lwcond warning: *** lwcond created [_spuPrv] (lwmutex_addr=0x31dd2f30): id = 151
HLE: W {PPU[1] Thread (CPUThread)[0x026660ac]} sys_event warning: *** event_queue created [_spuPrv] (protocol=0x1, type=0x1, key=0x0, size=0x2a): id = 152
HLE: W {PPU[1] Thread (CPUThread)[0x026660ac]} sys_spu warning: sys_spu_thread_group_connect_event_all_threads(id=148, eq_id=152, req=0xffffffffffff0000, spup_addr=0x31dd2249)
HLE: W {PPU[1] Thread (CPUThread)[0x026660ac]} sys_spu warning: *** spup -> 16
HLE: W {PPU[1] Thread (CPUThread)[0x026660ac]} sys_event warning: *** sys_event_port created: id = 153
HLE: W {PPU[1] Thread (CPUThread)[0x026660ac]} sys_event warning: sys_event_port_connect_local(eport_id=153, equeue_id=152)
HLE: ! {PPU[1] Thread (CPUThread)[0x026660ac]} sys_ppu_thread: *** New PPU Thread [AkSpursHdlr0] (joinable, entry=0x0): id = 154
HLE: ! {PPU[1] Thread (CPUThread)[0x026660ac]} sys_ppu_thread: *** New PPU Thread [AkSpursHdlr1] (joinable, entry=0x0): id = 155
HLE: E {PPU[1] Thread (CPUThread)[0x026660ac]} sys_spu TODO: sys_spu_thread_group_connect_event(id=148, eq=152, et=0x2)
HLE: W {PPU[1] Thread (CPUThread)[0x0070ca54]} sys_event warning: sys_event_queue_create(equeue_id_addr=0x2639744, attr_addr=0xd000f100, event_queue_key=0x0, size=8)
HLE: W {PPU[1] Thread (CPUThread)[0x0070ca54]} sys_event warning: *** event_queue created [] (protocol=0x2, type=0x1, key=0x0, size=0x8): id = 156
HLE: W {PPU[1] Thread (CPUThread)[0x02666058]} cellSpurs warning: cellSpursAttachLv2EventQueue(spurs_addr=0x31dd2180, queue=156, port_addr=0x263d808, isDynamic=1)
HLE: W {PPU[1] Thread (CPUThread)[0x02666058]} sys_spu warning: sys_spu_thread_group_connect_event_all_threads(id=148, eq_id=156, req=0xffffffffffff0000, spup_addr=0x263d808)
HLE: W {PPU[1] Thread (CPUThread)[0x02666058]} sys_spu warning: *** spup -> 17
HLE: E {PPU[1] Thread (CPUThread)[0x02666010]} cellSpurs TODO: _cellSpursJobChainAttributeInitialize
HLE: E {PPU[1] Thread (CPUThread)[0x026660a0]} cellSpurs TODO: cellSpursJobChainAttributeSetName
HLE: E {PPU[1] Thread (CPUThread)[0x02666004]} cellSpurs TODO: cellSpursCreateJobChainWithAttribute
HLE: E {PPU[1] Thread (CPUThread)[0x02666028]} cellSpurs TODO: cellSpursJobGuardInitialize
HLE: E {PPU[1] Thread (CPUThread)[0x0266607c]} cellSpurs TODO: cellSpursRunJobChain
HLE: W {PPU[1] Thread (CPUThread)[0x02678034]} sys_lwmutex warning: sys_lwmutex_create(lwmutex_addr=0x31c54660, attr_addr=0xd000f580)
HLE: ! {PPU[1] Thread (CPUThread)[0x02678034]} sys_lwmutex: *** lwmutex created [] (attribute=0x11): sq_id = 157
HLE: W {PPU[1] Thread (CPUThread)[0x006ab2a8]} sys_semaphore warning: sys_semaphore_create(sem_addr=0x31c546fc, attr_addr=0xd000f580, initial_count=0, max_count=1)
HLE: ! {PPU[1] Thread (CPUThread)[0x006ab2a8]} sys_semaphore: *** semaphore created [] (protocol=0x2): id = 158
HLE: W {PPU[1] Thread (CPUThread)[0x006b4124]} sys_semaphore warning: sys_semaphore_create(sem_addr=0x31c546f4, attr_addr=0xd000f4d0, initial_count=0, max_count=1)
HLE: ! {PPU[1] Thread (CPUThread)[0x006b4124]} sys_semaphore: *** semaphore created [] (protocol=0x2): id = 159
HLE: ! {PPU[1] Thread (CPUThread)[0x0267801c]} sys_ppu_thread: *** New PPU Thread [AK::EventManager] (joinable, entry=0x9814b8): id = 160
HLE: W {PPU[160] Thread (AK::EventManager)[0x02676040]} cellAudio warning: cellAudioPortStart(portNum=0x0)
HLE: W {PPU[1] Thread (CPUThread)[0x0073a570]} sys_semaphore warning: sys_semaphore_create(sem_addr=0x2656058, attr_addr=0xd000f600, initial_count=0, max_count=1)
HLE: ! {PPU[1] Thread (CPUThread)[0x0073a570]} sys_semaphore: *** semaphore created [] (protocol=0x2): id = 161
HLE: W {PPU[1] Thread (CPUThread)[0x006a3438]} sys_semaphore warning: sys_semaphore_create(sem_addr=0xd000f61c, attr_addr=0xd000f570, initial_count=0, max_count=1)
HLE: ! {PPU[1] Thread (CPUThread)[0x006a3438]} sys_semaphore: *** semaphore created [] (protocol=0x2): id = 162
HLE: W {PPU[126] Thread (AK::BankManager)[0x02678034]} sys_lwmutex warning: sys_lwmutex_create(lwmutex_addr=0x31badcf8, attr_addr=0xd010f3c0)
HLE: ! {PPU[126] Thread (AK::BankManager)[0x02678034]} sys_lwmutex: *** lwmutex created [] (attribute=0x11): sq_id = 163
HLE: ! {PPU[104] Thread (AK::IOThread)[0x02660034]} sys_fs: "/dev_hdd0/game/NPEB00765/USRDIR/PS3SOUND.POD" opened: fd = 164
HLE: E {PPU[160] Thread (AK::EventManager)[0x02666070]} cellSpurs TODO: cellSpursJobGuardNotify
HLE: W {PPU[104] Thread (AK::IOThread)[0x02660004]} sys_fs warning: cellFsClose(fd=164)
PPU: ! {PPULLVMRecompiler} Removed 249 old versions
PPU: ! {PPULLVMRecompiler} Removed 81 old versions
PPU: ! {PPULLVMRecompiler} Removed 27 old versions
HLE: W {PPU[1] Thread (CPUThread)[0x006a34ec]} sys_semaphore warning: sys_semaphore_wait(162) aborted
HLE: W {PPU[126] Thread (AK::BankManager)[0x02678004]} sys_lwmutex warning: sys_lwmutex_t::lock(sq=23) aborted
HLE: W {Audio Thread} cellAudio warning: Audio thread aborted
HLE: W {PPU[76] Thread (jobQueueWorker)[0x001e6908]} sys_event warning: sys_event_queue_receive(equeue=74) aborted
RSX: W {RSXThread} RSX thread aborted
RSX: W {VBlank thread} VBlank thread aborted
HLE: W {PPU[110] Thread (AK::IOThread)[0x006a312c]} sys_cond warning: sys_cond_wait(id=109) aborted
HLE: W {PPU[57] Thread (spu_printf_handler)[0x0056c070]} sys_event warning: sys_event_queue_receive(equeue=56) aborted
HLE: W {PPU[104] Thread (AK::IOThread)[0x006a312c]} sys_cond warning: sys_cond_wait(id=103) aborted
HLE: W {PPU[160] Thread (AK::EventManager)[0x0070bec8]} sys_event warning: sys_event_queue_receive(equeue=156) aborted
PPU: ! {PPULLVMRecompiler} PPU LLVM compiler thread exiting.
HLE: ! All threads stopped...
MEM: ! Closing memory...
