HLE: ! path: /dev_hdd0/game/
HLE: W No pause.bin found, Auto Pause will not work.
HLE: W No pause.bin found, Auto Pause will not work.
LDR: ! Loading 'D:\Emulateurs\Rpcs3\dev_hdd0\game\NPEB00445/USRDIR/BOOT.BIN'...
LDR: !  
LDR: ! Mount info:
LDR: ! /dev_hdd0/ -> ./dev_hdd0/
LDR: ! /dev_hdd1/ -> ./dev_hdd1/
LDR: ! /dev_flash/ -> ./dev_flash/
LDR: ! /dev_usb000/ -> ./dev_usb000/
LDR: ! /dev_usb/ -> ./dev_usb000/
LDR: ! /app_home/ -> D:\Emulateurs\Rpcs3\dev_hdd0\game\NPEB00445/
LDR: ! /dev_bdvd/ -> D:\Emulateurs\Rpcs3\dev_hdd0\game\NPEB00445//../
LDR: ! /host_root/ -> 
LDR: ! /app_home/PS3_GAME/USRDIR/ -> D:\Emulateurs\Rpcs3\dev_hdd0\game\NPEB00445//USRDIR/
LDR: ! /dev_flash2/ -> ./dev_flash2/
LDR: ! /app_home/Game/PS3_GAME/USRDIR/ -> D:\Emulateurs\Rpcs3\dev_hdd0\game\NPEB00445//USRDIR/
LDR: ! //dev_hdd0/ -> ./dev_hdd0/
LDR: ! / -> D:\Emulateurs\Rpcs3\dev_hdd0\game\NPEB00445//USRDIR/
LDR: ! /app_home//dev_bdvd/PS3_GAME/USRDIR/data/gos/ -> D:\Emulateurs\Rpcs3\dev_hdd0\game\NPEB00445//USRDIR/
LDR: !  
LDR: ! Title: Tetris® Demo
LDR: ! Serial: NPEB00445
LDR: !  
LDR: W m_ehdr.e_type = 0x2
MEM: ! Initializing memory: base_addr = 0xf1ba1d0000
MEM: ! Memory initialized.
LDR: ! Function 'cellAANConnect' hooked (addr=0x6d93f0)
LDR: ! Function 'cellAANDisconnect' hooked (addr=0x6d9488)
LDR: ! Function 'cellAANAddData' hooked (addr=0x6d9520)
LDR: ! Function 'cellSurMixerGetAANHandle' hooked (addr=0x6d966c)
LDR: ! Function 'cellSurMixerSetNotifyCallback' hooked (addr=0x6d96a4)
LDR: ! Function 'cellSurMixerRemoveNotifyCallback' hooked (addr=0x6d9738)
LDR: ! Function 'cellSurMixerSurBusAddData' hooked (addr=0x6d97c8)
LDR: ! Function 'cellSurMixerGetCurrentBlockTag' hooked (addr=0x6d9878)
LDR: ! Function 'cellSurMixerChStripGetAANPortNo' hooked (addr=0x6da0d4)
LDR: ! Function 'cellSurMixerBeep' hooked (addr=0x6da110)
LDR: ! Function 'cellSurMixerChStripSetParameter' hooked (addr=0x6da4ec)
LDR: ! Function 'cellSurMixerPause' hooked (addr=0x6da7a0)
LDR: ! Function 'cellSurMixerGetTimestamp' hooked (addr=0x6dbdb8)
LDR: ! Function 'cellSurMixerSetParameter' hooked (addr=0x6dbe20)
LDR: ! Function 'cellSurMixerStart' hooked (addr=0x6dbef0)
LDR: ! Function 'cellSurMixerFinalize' hooked (addr=0x6dc1f8)
LDR: ! Function 'cellSurMixerCreate' hooked (addr=0x6dcabc)
LDR: S Function group [surmxAAN] successfully hooked
LDR: S Function group [surmixer] successfully hooked
LDR: ! Imported function 'sceNpTerm' in 'sceNp' module  (HLE)
LDR: ! Imported function 'sceNpScorePollAsync' in 'sceNp' module  (HLE)
LDR: ! Imported function 'sceNpInit' in 'sceNp' module  (HLE)
LDR: ! Imported function 'sceNpDrmVerifyUpgradeLicense2' in 'sceNp' module  (HLE)
LDR: ! Imported function 'sceNpScoreDestroyTransactionCtx' in 'sceNp' module  (HLE)
LDR: ! Imported function 'sceNpScoreAbortTransaction' in 'sceNp' module  (HLE)
LDR: ! Imported function 'sceNpManagerGetNpId' in 'sceNp' module  (HLE)
LDR: ! Imported function 'sceNpBasicSendMessageGui' in 'sceNp' module  (HLE)
LDR: ! Imported function 'sceNpBasicGetFriendListEntry' in 'sceNp' module  (HLE)
LDR: ! Imported function 'sceNpManagerGetTicket' in 'sceNp' module  (HLE)
LDR: ! Imported function 'sceNpManagerGetAccountAge' in 'sceNp' module  (HLE)
LDR: ! Imported function 'sceNpBasicRegisterContextSensitiveHandler' in 'sceNp' module  (HLE)
LDR: W Unimplemented function 'Unknown func id: 0x4210c462' in 'sceNp' module (HLE)
LDR: ! Imported function 'sceNpManagerUnregisterCallback' in 'sceNp' module  (HLE)
LDR: ! Imported function 'sceNpManagerGetTicketParam' in 'sceNp' module  (HLE)
LDR: ! Imported function 'sceNpBasicRecvMessageAttachmentLoad' in 'sceNp' module  (HLE)
LDR: ! Imported function 'sceNpManagerGetContentRatingFlag' in 'sceNp' module  (HLE)
LDR: ! Imported function 'sceNpBasicRecvMessageCustom' in 'sceNp' module  (HLE)
LDR: ! Imported function 'sceNpManagerRequestTicket2' in 'sceNp' module  (HLE)
LDR: ! Imported function 'sceNpManagerGetStatus' in 'sceNp' module  (HLE)
LDR: ! Imported function 'sceNpBasicUnregisterHandler' in 'sceNp' module  (HLE)
LDR: ! Imported function 'sceNpDrmIsAvailable' in 'sceNp' module  (HLE)
LDR: ! Imported function 'sceNpBasicGetFriendListEntryCount' in 'sceNp' module  (HLE)
LDR: ! Imported function 'sceNpManagerGetAccountRegion' in 'sceNp' module  (HLE)
LDR: ! Imported function 'sceNpUtilCmpNpId' in 'sceNp' module  (HLE)
LDR: ! Imported function 'sceNpBasicGetEvent' in 'sceNp' module  (HLE)
LDR: ! Imported function 'sceNpManagerRegisterCallback' in 'sceNp' module  (HLE)
LDR: ! Imported function 'sceNpManagerGetChatRestrictionFlag' in 'sceNp' module  (HLE)
LDR: ! Imported function 'sceNpBasicGetMessageEntryCount' in 'sceNp' module  (HLE)
LDR: ! Imported function 'sceNpDrmExecuteGamePurchase' in 'sceNp' module  (HLE)
LDR: ! Imported function 'sceNpDrmIsAvailable2' in 'sceNp' module  (HLE)
LDR: ! Imported function 'cellSpursAttributeSetNamePrefix' in 'cellSpurs' module  (HLE)
LDR: ! Imported function 'cellSpursEventFlagDetachLv2EventQueue' in 'cellSpurs' module  (HLE)
LDR: ! Imported function 'cellSpursCreateJobChainWithAttribute' in 'cellSpurs' module  (HLE)
LDR: ! Imported function '_cellSpursJobChainAttributeInitialize' in 'cellSpurs' module  (HLE)
LDR: ! Imported function 'cellSpursEventFlagWait' in 'cellSpurs' module  (HLE)
LDR: ! Imported function 'cellSpursEventFlagClear' in 'cellSpurs' module  (HLE)
LDR: ! Imported function '_cellSpursEventFlagInitialize' in 'cellSpurs' module  (HLE)
LDR: ! Imported function 'cellSpursJobGuardInitialize' in 'cellSpurs' module  (HLE)
LDR: ! Imported function 'cellSpursShutdownJobChain' in 'cellSpurs' module  (HLE)
LDR: ! Imported function 'cellSpursAttributeSetMemoryContainerForSpuThread' in 'cellSpurs' module  (HLE)
LDR: ! Imported function 'cellSpursEventFlagAttachLv2EventQueue' in 'cellSpurs' module  (HLE)
LDR: ! Imported function '_cellSpursAttributeInitialize' in 'cellSpurs' module  (HLE)
LDR: ! Imported function 'cellSpursJobChainAttributeSetName' in 'cellSpurs' module  (HLE)
LDR: ! Imported function 'cellSpursJoinJobChain' in 'cellSpurs' module  (HLE)
LDR: ! Imported function 'cellSpursInitializeWithAttribute' in 'cellSpurs' module  (HLE)
LDR: ! Imported function 'cellSpursFinalize' in 'cellSpurs' module  (HLE)
LDR: ! Imported function 'cellSpursJobGuardNotify' in 'cellSpurs' module  (HLE)
LDR: ! Imported function 'cellSpursRunJobChain' in 'cellSpurs' module  (HLE)
LDR: ! Imported function '_cellSpursTasksetAttributeInitialize' in 'cellSpurs' module  (HLE)
LDR: ! Imported function 'cellSpursTasksetAttributeSetName' in 'cellSpurs' module  (HLE)
LDR: ! Imported function 'cellSpursJoinTaskset' in 'cellSpurs' module  (HLE)
LDR: ! Imported function 'cellSpursShutdownTaskset' in 'cellSpurs' module  (HLE)
LDR: ! Imported function 'cellSpursCreateTask' in 'cellSpurs' module  (HLE)
LDR: ! Imported function 'cellSpursCreateTasksetWithAttribute' in 'cellSpurs' module  (HLE)
LDR: ! Imported function 'cellSpursEventFlagSet' in 'cellSpurs' module  (HLE)
LDR: ! Imported function 'cellSpursJobQueueAttributeSetDoBusyWaiting' in 'cellSpursJq' module  (HLE)
LDR: ! Imported function 'cellSpursJobQueueAttributeSetSubmitWithEntryLock' in 'cellSpursJq' module  (HLE)
LDR: ! Imported function 'cellSpursJobQueueAttributeSetMaxSizeJobDescriptor' in 'cellSpursJq' module  (HLE)
LDR: ! Imported function 'cellSpursJobQueueAttributeInitialize' in 'cellSpursJq' module  (HLE)
LDR: ! Imported function 'cellSpursJobQueueAttributeSetIsJobTypeMemoryCheck' in 'cellSpursJq' module  (HLE)
LDR: ! Imported function 'cellSpursJobQueueAttributeSetGrabParameters' in 'cellSpursJq' module  (HLE)
LDR: ! Imported function '_cellSpursCreateJobQueue' in 'cellSpursJq' module  (HLE)
LDR: ! Imported function 'cellSpursJobQueueAttributeSetIsHaltOnError' in 'cellSpursJq' module  (HLE)
LDR: ! Imported function 'cellFsClose' in 'sys_fs' module  (HLE)
LDR: ! Imported function 'cellFsOpendir' in 'sys_fs' module  (HLE)
LDR: ! Imported function 'cellFsRead' in 'sys_fs' module  (HLE)
LDR: ! Imported function 'cellFsOpen' in 'sys_fs' module  (HLE)
LDR: ! Imported function 'cellFsStat' in 'sys_fs' module  (HLE)
LDR: ! Imported function 'cellFsGetFreeSize' in 'sys_fs' module  (HLE)
LDR: ! Imported function 'cellFsMkdir' in 'sys_fs' module  (HLE)
LDR: ! Imported function 'cellFsWrite' in 'sys_fs' module  (HLE)
LDR: ! Imported function 'cellFsFstat' in 'sys_fs' module  (HLE)
LDR: ! Imported function 'cellFsClosedir' in 'sys_fs' module  (HLE)
LDR: ! Imported function 'cellFsLseek' in 'sys_fs' module  (HLE)
LDR: ! Imported function 'cellFsSdataOpen' in 'sys_fs' module  (HLE)
LDR: ! Imported function 'cellFsRmdir' in 'sys_fs' module  (HLE)
LDR: ! Imported function 'cellFsReaddir' in 'sys_fs' module  (HLE)
LDR: ! Imported function 'cellFsSdataOpenByFd' in 'sys_fs' module  (HLE)
LDR: ! Imported function 'cellFsUnlink' in 'sys_fs' module  (HLE)
LDR: ! Imported function 'cellFsFsync' in 'sys_fs' module  (HLE)
LDR: ! Imported function 'cellSysmoduleUnloadModule' in 'cellSysmodule' module  (HLE)
LDR: ! Imported function 'cellSysmoduleLoadModule' in 'cellSysmodule' module  (HLE)
LDR: ! Imported function 'cellSysmoduleIsLoaded' in 'cellSysmodule' module  (HLE)
LDR: ! Imported function 'cellSysmoduleInitialize' in 'cellSysmodule' module  (HLE)
LDR: ! Imported function 'cellSysutilUnregisterCallback' in 'cellSysutil' module  (HLE)
LDR: ! Imported function 'cellVideoOutConfigure' in 'cellSysutil' module  (HLE)
LDR: ! Imported function 'cellSysutilCheckCallback' in 'cellSysutil' module  (HLE)
LDR: ! Imported function 'cellVideoOutGetDeviceInfo' in 'cellSysutil' module  (HLE)
LDR: ! Imported function 'cellMsgDialogClose' in 'cellSysutil' module  (HLE)
LDR: ! Imported function 'cellSysutilEnableBgmPlayback' in 'cellSysutil' module  (HLE)
LDR: W Unimplemented function 'cellOskDialogUnloadAsync' in 'cellSysutil' module (HLE)
LDR: ! Imported function 'cellSysutilGetSystemParamInt' in 'cellSysutil' module  (HLE)
LDR: ! Imported function 'cellMsgDialogOpen2' in 'cellSysutil' module  (HLE)
LDR: W Unimplemented function 'cellOskDialogLoadAsync' in 'cellSysutil' module (HLE)
LDR: ! Imported function 'cellVideoOutGetState' in 'cellSysutil' module  (HLE)
LDR: ! Imported function 'cellSaveDataAutoSave2' in 'cellSysutil' module  (HLE)
LDR: ! Imported function 'cellSysutilRegisterCallback' in 'cellSysutil' module  (HLE)
LDR: ! Imported function 'cellSysutilGetBgmPlaybackStatus' in 'cellSysutil' module  (HLE)
LDR: ! Imported function 'cellVideoOutGetResolutionAvailability' in 'cellSysutil' module  (HLE)
LDR: W Unimplemented function 'cellOskDialogSetKeyLayoutOption' in 'cellSysutil' module (HLE)
LDR: ! Imported function 'cellSysutilDisableBgmPlayback' in 'cellSysutil' module  (HLE)
LDR: ! Imported function 'cellVideoOutGetResolution' in 'cellSysutil' module  (HLE)
LDR: W Unimplemented function 'cellOskDialogSetLayoutMode' in 'cellSysutil' module (HLE)
LDR: W Unimplemented function 'cellSysutilSetBgmPlaybackExtraParam' in 'cellSysutil' module (HLE)
LDR: ! Imported function 'cellSaveDataAutoLoad2' in 'cellSysutil' module  (HLE)
LDR: ! Imported function 'cellAudioOutConfigure' in 'cellSysutil' module  (HLE)
LDR: ! Imported function 'cellSysutilGetSystemParamString' in 'cellSysutil' module  (HLE)
LDR: ! Imported function 'cellAudioOutGetSoundAvailability' in 'cellSysutil' module  (HLE)
LDR: W Unimplemented function 'cellSaveDataDelete2' in 'cellSysutil' module (HLE)
LDR: ! Imported function 'cellGameGetParamString' in 'cellGame' module  (HLE)
LDR: ! Imported function 'cellGameCreateGameData' in 'cellGame' module  (HLE)
LDR: ! Imported function 'cellGameContentPermit' in 'cellGame' module  (HLE)
LDR: ! Imported function 'cellGameContentErrorDialog' in 'cellGame' module  (HLE)
LDR: ! Imported function 'cellGameGetParamInt' in 'cellGame' module  (HLE)
LDR: ! Imported function 'cellGameDataCheck' in 'cellGame' module  (HLE)
LDR: ! Imported function 'cellGameBootCheck' in 'cellGame' module  (HLE)
LDR: W Unimplemented function 'sceNp2Init' in 'sceNp2' module (HLE)
LDR: W Unimplemented function 'sceNp2Term' in 'sceNp2' module (HLE)
LDR: W Unknown module 'cellSaveData'
LDR: ! Imported function 'cellSaveDataListDelete' in 'cellSaveData' module  (HLE)
LDR: W Unknown module 'cellScreenShotUtility'
LDR: ! Imported function 'cellScreenShotSetOverlayImage' in 'cellScreenShotUtility' module  (HLE)
LDR: ! Imported function 'cellScreenShotEnable' in 'cellScreenShotUtility' module  (HLE)
LDR: ! Imported function 'cellScreenShotSetParameter' in 'cellScreenShotUtility' module  (HLE)
LDR: ! Imported function 'sys_net_initialize_network_ex' in 'sys_net' module  (HLE)
LDR: ! Imported function 'sys_net_finalize_network' in 'sys_net' module  (HLE)
LDR: W Unimplemented function 'socketpoll' in 'sys_net' module (HLE)
LDR: W Unimplemented function 'getsockname' in 'sys_net' module (HLE)
LDR: ! Imported function 'recvfrom' in 'sys_net' module  (HLE)
LDR: ! Imported function 'listen' in 'sys_net' module  (HLE)
LDR: W Unimplemented function 'socketselect' in 'sys_net' module (HLE)
LDR: W Unimplemented function 'getsockopt' in 'sys_net' module (HLE)
LDR: ! Imported function '_sys_net_errno_loc' in 'sys_net' module  (HLE)
LDR: ! Imported function 'connect' in 'sys_net' module  (HLE)
LDR: ! Imported function 'socketclose' in 'sys_net' module  (HLE)
LDR: W Unimplemented function 'gethostbyname' in 'sys_net' module (HLE)
LDR: ! Imported function 'setsockopt' in 'sys_net' module  (HLE)
LDR: ! Imported function 'sys_net_abort_resolver' in 'sys_net' module  (HLE)
LDR: ! Imported function 'sendto' in 'sys_net' module  (HLE)
LDR: ! Imported function 'socket' in 'sys_net' module  (HLE)
LDR: ! Imported function 'shutdown' in 'sys_net' module  (HLE)
LDR: ! Imported function 'bind' in 'sys_net' module  (HLE)
LDR: ! Imported function 'accept' in 'sys_net' module  (HLE)
LDR: ! Imported function 'inet_addr' in 'sys_net' module  (HLE)
LDR: ! Imported function 'send' in 'sys_net' module  (HLE)
LDR: W Unimplemented function 'getpeername' in 'sys_net' module (HLE)
LDR: ! Imported function 'recv' in 'sys_net' module  (HLE)
LDR: ! Imported function 'sys_net_free_thread_context' in 'sys_net' module  (HLE)
LDR: ! Imported function 'cellNetCtlNetStartDialogLoadAsync' in 'cellNetCtl' module  (HLE)
LDR: ! Imported function 'cellNetCtlNetStartDialogUnloadAsync' in 'cellNetCtl' module  (HLE)
LDR: ! Imported function 'cellNetCtlTerm' in 'cellNetCtl' module  (HLE)
LDR: ! Imported function 'cellNetCtlInit' in 'cellNetCtl' module  (HLE)
LDR: ! Imported function 'cellNetCtlAddHandler' in 'cellNetCtl' module  (HLE)
LDR: ! Imported function 'cellNetCtlGetInfo' in 'cellNetCtl' module  (HLE)
LDR: ! Imported function 'cellNetCtlGetState' in 'cellNetCtl' module  (HLE)
LDR: ! Imported function 'cellNetCtlDelHandler' in 'cellNetCtl' module  (HLE)
LDR: W Unknown module 'cellBGDLUtility'
LDR: ! Imported function 'cellBGDLGetInfo' in 'cellBGDLUtility' module  (HLE)
LDR: ! Imported function 'cellGcmGetTiledPitchSize' in 'cellGcmSys' module  (HLE)
LDR: ! Imported function '_cellGcmInitBody' in 'cellGcmSys' module  (HLE)
LDR: ! Imported function '_cellGcmSetFlipCommand' in 'cellGcmSys' module  (HLE)
LDR: ! Imported function 'cellGcmAddressToOffset' in 'cellGcmSys' module  (HLE)
LDR: ! Imported function '_cellGcmFunc15' in 'cellGcmSys' module  (HLE)
LDR: ! Imported function 'cellGcmBindTile' in 'cellGcmSys' module  (HLE)
LDR: ! Imported function 'cellGcmSetFlipMode' in 'cellGcmSys' module  (HLE)
LDR: ! Imported function 'cellGcmGetDefaultCommandWordSize' in 'cellGcmSys' module  (HLE)
LDR: ! Imported function 'cellGcmGetFlipStatus' in 'cellGcmSys' module  (HLE)
LDR: ! Imported function 'cellGcmGetDefaultSegmentWordSize' in 'cellGcmSys' module  (HLE)
LDR: ! Imported function 'cellGcmSetDefaultFifoSize' in 'cellGcmSys' module  (HLE)
LDR: ! Imported function 'cellGcmBindZcull' in 'cellGcmSys' module  (HLE)
LDR: ! Imported function 'cellGcmSetFlipHandler' in 'cellGcmSys' module  (HLE)
LDR: ! Imported function 'cellGcmSetDisplayBuffer' in 'cellGcmSys' module  (HLE)
LDR: ! Imported function 'cellGcmGetControlRegister' in 'cellGcmSys' module  (HLE)
LDR: ! Imported function 'cellGcmUnbindZcull' in 'cellGcmSys' module  (HLE)
LDR: ! Imported function 'cellGcmResetFlipStatus' in 'cellGcmSys' module  (HLE)
LDR: ! Imported function 'cellGcmSetTileInfo' in 'cellGcmSys' module  (HLE)
LDR: ! Imported function '_cellGcmSetFlipCommandWithWaitLabel' in 'cellGcmSys' module  (HLE)
LDR: ! Imported function 'cellGcmUnbindTile' in 'cellGcmSys' module  (HLE)
LDR: ! Imported function 'cellGcmGetConfiguration' in 'cellGcmSys' module  (HLE)
LDR: ! Imported function 'cellGcmGetLastFlipTime' in 'cellGcmSys' module  (HLE)
LDR: ! Imported function 'cellRescGcmSurface2RescSrc' in 'cellResc' module  (HLE)
LDR: ! Imported function 'cellRescSetWaitFlip' in 'cellResc' module  (HLE)
LDR: ! Imported function 'cellRescSetDsts' in 'cellResc' module  (HLE)
LDR: ! Imported function 'cellRescResetFlipStatus' in 'cellResc' module  (HLE)
LDR: ! Imported function 'cellRescSetDisplayMode' in 'cellResc' module  (HLE)
LDR: ! Imported function 'cellRescSetConvertAndFlip' in 'cellResc' module  (HLE)
LDR: ! Imported function 'cellRescSetFlipHandler' in 'cellResc' module  (HLE)
LDR: ! Imported function 'cellRescInit' in 'cellResc' module  (HLE)
LDR: ! Imported function 'cellRescGetBufferSize' in 'cellResc' module  (HLE)
LDR: ! Imported function 'cellRescSetSrc' in 'cellResc' module  (HLE)
LDR: ! Imported function 'cellRescSetBufferAddress' in 'cellResc' module  (HLE)
LDR: ! Imported function 'cellRescGetFlipStatus' in 'cellResc' module  (HLE)
LDR: ! Imported function 'cellRescVideoOutResolutionId2RescBufferMode' in 'cellResc' module  (HLE)
LDR: ! Imported function 'cellRescSetVBlankHandler' in 'cellResc' module  (HLE)
LDR: ! Imported function 'cellRescCreateInterlaceTable' in 'cellResc' module  (HLE)
LDR: W Unknown module 'sceNpCommerce2'
LDR: ! Imported function 'sceNpCommerce2DoCheckoutStartAsync' in 'sceNpCommerce2' module  (HLE)
LDR: ! Imported function 'sceNpCommerce2DestroyReq' in 'sceNpCommerce2' module  (HLE)
LDR: ! Imported function 'sceNpCommerce2Init' in 'sceNpCommerce2' module  (HLE)
LDR: ! Imported function 'sceNpCommerce2GetCategoryContentsStart' in 'sceNpCommerce2' module  (HLE)
LDR: ! Imported function 'sceNpCommerce2Term' in 'sceNpCommerce2' module  (HLE)
LDR: ! Imported function 'sceNpCommerce2CreateSessionAbort' in 'sceNpCommerce2' module  (HLE)
LDR: ! Imported function 'sceNpCommerce2DestroyCtx' in 'sceNpCommerce2' module  (HLE)
LDR: ! Imported function 'sceNpCommerce2GetCategoryContentsCreateReq' in 'sceNpCommerce2' module  (HLE)
LDR: ! Imported function 'sceNpCommerce2AbortReq' in 'sceNpCommerce2' module  (HLE)
LDR: ! Imported function 'sceNpCommerce2GetProductInfoStart' in 'sceNpCommerce2' module  (HLE)
LDR: ! Imported function 'sceNpCommerce2CreateSessionFinish' in 'sceNpCommerce2' module  (HLE)
LDR: ! Imported function 'sceNpCommerce2GetContentInfo' in 'sceNpCommerce2' module  (HLE)
LDR: ! Imported function 'sceNpCommerce2GetProductInfoCreateReq' in 'sceNpCommerce2' module  (HLE)
LDR: ! Imported function 'sceNpCommerce2GetCategoryInfo' in 'sceNpCommerce2' module  (HLE)
LDR: ! Imported function 'sceNpCommerce2GetProductInfoGetResult' in 'sceNpCommerce2' module  (HLE)
LDR: ! Imported function 'sceNpCommerce2GetCategoryContentsGetResult' in 'sceNpCommerce2' module  (HLE)
LDR: ! Imported function 'sceNpCommerce2CreateSessionStart' in 'sceNpCommerce2' module  (HLE)
LDR: ! Imported function 'sceNpCommerce2DoCheckoutFinishAsync' in 'sceNpCommerce2' module  (HLE)
LDR: ! Imported function 'sceNpCommerce2InitGetCategoryContentsResult' in 'sceNpCommerce2' module  (HLE)
LDR: ! Imported function 'sceNpCommerce2CreateCtx' in 'sceNpCommerce2' module  (HLE)
LDR: ! Imported function 'sceNpCommerce2GetGameSkuInfoFromGameProductInfo' in 'sceNpCommerce2' module  (HLE)
LDR: ! Imported function 'sceNpCommerce2GetGameProductInfoFromContentInfo' in 'sceNpCommerce2' module  (HLE)
LDR: ! Imported function 'sceNpCommerce2GetGameProductInfo' in 'sceNpCommerce2' module  (HLE)
LDR: ! Imported function 'sceNpCommerce2InitGetProductInfoResult' in 'sceNpCommerce2' module  (HLE)
LDR: ! Imported function 'sceNpCommerce2GetCategoryInfoFromContentInfo' in 'sceNpCommerce2' module  (HLE)
LDR: ! Imported function 'sceNpTrophyRegisterContext' in 'sceNpTrophy' module  (HLE)
LDR: ! Imported function 'sceNpTrophyCreateHandle' in 'sceNpTrophy' module  (HLE)
LDR: ! Imported function 'sceNpTrophyGetRequiredDiskSpace' in 'sceNpTrophy' module  (HLE)
LDR: ! Imported function 'sceNpTrophyDestroyContext' in 'sceNpTrophy' module  (HLE)
LDR: ! Imported function 'sceNpTrophyInit' in 'sceNpTrophy' module  (HLE)
LDR: ! Imported function 'sceNpTrophyGetGameInfo' in 'sceNpTrophy' module  (HLE)
LDR: ! Imported function 'sceNpTrophyDestroyHandle' in 'sceNpTrophy' module  (HLE)
LDR: ! Imported function 'sceNpTrophyUnlockTrophy' in 'sceNpTrophy' module  (HLE)
LDR: ! Imported function 'sceNpTrophyTerm' in 'sceNpTrophy' module  (HLE)
LDR: ! Imported function 'sceNpTrophyCreateContext' in 'sceNpTrophy' module  (HLE)
LDR: ! Imported function 'sceNpTrophyGetTrophyInfo' in 'sceNpTrophy' module  (HLE)
LDR: W Unknown module 'cellHttp'
LDR: ! Imported function 'cellHttpInit' in 'cellHttp' module  (HLE)
LDR: ! Imported function 'cellHttpsInit' in 'cellHttp' module  (HLE)
LDR: ! Imported function 'cellHttpEndCookie' in 'cellHttp' module  (HLE)
LDR: ! Imported function 'cellHttpInitCookie' in 'cellHttp' module  (HLE)
LDR: ! Imported function 'cellHttpEnd' in 'cellHttp' module  (HLE)
LDR: ! Imported function 'cellHttpsEnd' in 'cellHttp' module  (HLE)
LDR: W Unimplemented function 'cellSslEnd' in 'cellSsl' module (HLE)
LDR: W Unimplemented function 'cellSslCertificateLoader' in 'cellSsl' module (HLE)
LDR: W Unimplemented function 'cellSslInit' in 'cellSsl' module (HLE)
LDR: ! Imported function 'cellRtcSetTick' in 'cellRtc' module  (HLE)
LDR: ! Imported function 'cellRtcGetCurrentClockLocalTime' in 'cellRtc' module  (HLE)
LDR: ! Imported function 'cellRtcGetCurrentClock' in 'cellRtc' module  (HLE)
LDR: ! Imported function 'cellRtcSetTime_t' in 'cellRtc' module  (HLE)
LDR: ! Imported function 'cellRtcConvertUtcToLocalTime' in 'cellRtc' module  (HLE)
LDR: ! Imported function 'cellRtcGetTick' in 'cellRtc' module  (HLE)
LDR: ! Imported function 'cellRtcGetTime_t' in 'cellRtc' module  (HLE)
LDR: W Unknown module 'cellSysutilAvconfExt'
LDR: ! Imported function 'cellVideoOutGetScreenSize' in 'cellSysutilAvconfExt' module  (HLE)
LDR: ! Imported function 'cellAudioInGetAvailableDeviceInfo' in 'cellSysutilAvconfExt' module  (HLE)
LDR: ! Imported function 'cellAudioInSetDeviceMode' in 'cellSysutilAvconfExt' module  (HLE)
LDR: ! Imported function 'cellAudioInRegisterDevice' in 'cellSysutilAvconfExt' module  (HLE)
LDR: ! Imported function 'cellAudioInUnregisterDevice' in 'cellSysutilAvconfExt' module  (HLE)
LDR: ! Imported function 'cellCameraStop' in 'cellCamera' module  (HLE)
LDR: ! Imported function 'cellCameraClose' in 'cellCamera' module  (HLE)
LDR: ! Imported function 'cellCameraRead' in 'cellCamera' module  (HLE)
LDR: ! Imported function 'cellCameraStart' in 'cellCamera' module  (HLE)
LDR: ! Imported function 'cellCameraGetType' in 'cellCamera' module  (HLE)
LDR: ! Imported function 'cellCameraEnd' in 'cellCamera' module  (HLE)
LDR: ! Imported function 'cellCameraOpenEx' in 'cellCamera' module  (HLE)
LDR: ! Imported function 'cellCameraIsStarted' in 'cellCamera' module  (HLE)
LDR: ! Imported function 'cellCameraGetBufferSize' in 'cellCamera' module  (HLE)
LDR: ! Imported function 'cellCameraIsAttached' in 'cellCamera' module  (HLE)
LDR: ! Imported function 'cellCameraReset' in 'cellCamera' module  (HLE)
LDR: ! Imported function 'cellCameraIsAvailable' in 'cellCamera' module  (HLE)
LDR: ! Imported function 'cellCameraSetNotifyEventQueue2' in 'cellCamera' module  (HLE)
LDR: ! Imported function 'cellCameraInit' in 'cellCamera' module  (HLE)
LDR: ! Imported function 'cellCameraIsOpen' in 'cellCamera' module  (HLE)
LDR: W Unknown module 'cellMusicUtility'
LDR: ! Imported function 'cellMusicGetContentsId2' in 'cellMusicUtility' module  (HLE)
LDR: ! Imported function 'cellMusicFinalize2' in 'cellMusicUtility' module  (HLE)
LDR: ! Imported function 'cellMusicSelectContents2' in 'cellMusicUtility' module  (HLE)
LDR: ! Imported function 'cellMusicInitialize2' in 'cellMusicUtility' module  (HLE)
LDR: W Unknown module 'cellSearchUtility'
LDR: ! Imported function 'cellSearchFinalize' in 'cellSearchUtility' module  (HLE)
LDR: ! Imported function 'cellSearchInitialize' in 'cellSearchUtility' module  (HLE)
LDR: ! Imported function 'cellSearchPrepareFile' in 'cellSearchUtility' module  (HLE)
LDR: ! Imported function 'cellSearchGetContentInfoPath' in 'cellSearchUtility' module  (HLE)
LDR: ! Imported function 'cellAudioCreateNotifyEventQueue' in 'cellAudio' module  (HLE)
LDR: ! Imported function 'cellAudioInit' in 'cellAudio' module  (HLE)
LDR: ! Imported function 'cellAudioSetNotifyEventQueue' in 'cellAudio' module  (HLE)
LDR: ! Imported function 'cellAudioPortClose' in 'cellAudio' module  (HLE)
LDR: ! Imported function 'cellAudioPortStop' in 'cellAudio' module  (HLE)
LDR: ! Imported function 'cellAudioGetPortConfig' in 'cellAudio' module  (HLE)
LDR: ! Imported function 'cellAudioPortStart' in 'cellAudio' module  (HLE)
LDR: ! Imported function 'cellAudioQuit' in 'cellAudio' module  (HLE)
LDR: ! Imported function 'cellAudioPortOpen' in 'cellAudio' module  (HLE)
LDR: ! Imported function 'cellAudioRemoveNotifyEventQueue' in 'cellAudio' module  (HLE)
LDR: ! Imported function 'cellAudioGetPortTimestamp' in 'cellAudio' module  (HLE)
LDR: ! Imported function 'cellAudioGetPortBlockTag' in 'cellAudio' module  (HLE)
LDR: ! Imported function 'cellAdecDecodeAu' in 'cellAdec' module  (HLE)
LDR: ! Imported function 'cellAdecStartSeq' in 'cellAdec' module  (HLE)
LDR: ! Imported function 'cellAdecQueryAttr' in 'cellAdec' module  (HLE)
LDR: ! Imported function 'cellAdecClose' in 'cellAdec' module  (HLE)
LDR: ! Imported function 'cellAdecGetPcm' in 'cellAdec' module  (HLE)
LDR: ! Imported function 'cellAdecGetPcmItem' in 'cellAdec' module  (HLE)
LDR: ! Imported function 'cellAdecOpen' in 'cellAdec' module  (HLE)
LDR: ! Imported function 'cellAdecEndSeq' in 'cellAdec' module  (HLE)
LDR: W Unimplemented function 'cellCelpEncClose' in 'cellCelpEnc' module (HLE)
LDR: W Unimplemented function 'cellCelpEncGetAu' in 'cellCelpEnc' module (HLE)
LDR: W Unimplemented function 'cellCelpEncStart' in 'cellCelpEnc' module (HLE)
LDR: W Unimplemented function 'cellCelpEncQueryAttr' in 'cellCelpEnc' module (HLE)
LDR: W Unimplemented function 'cellCelpEncOpen' in 'cellCelpEnc' module (HLE)
LDR: W Unimplemented function 'cellCelpEncEncodeFrame' in 'cellCelpEnc' module (HLE)
LDR: W Unimplemented function 'cellCelpEncWaitForOutput' in 'cellCelpEnc' module (HLE)
LDR: W Unimplemented function 'cellCelpEncEnd' in 'cellCelpEnc' module (HLE)
LDR: ! Imported function 'cellPadInit' in 'sys_io' module  (HLE)
LDR: ! Imported function 'cellKbGetInfo' in 'sys_io' module  (HLE)
LDR: ! Imported function 'cellKbInit' in 'sys_io' module  (HLE)
LDR: ! Imported function 'cellPadEnd' in 'sys_io' module  (HLE)
LDR: ! Imported function 'cellPadSetPortSetting' in 'sys_io' module  (HLE)
LDR: ! Imported function 'cellPadGetData' in 'sys_io' module  (HLE)
LDR: ! Imported function 'cellKbSetCodeType' in 'sys_io' module  (HLE)
LDR: ! Imported function 'cellPadGetInfo2' in 'sys_io' module  (HLE)
LDR: ! Imported function 'cellKbEnd' in 'sys_io' module  (HLE)
LDR: ! Imported function 'cellKbSetReadMode' in 'sys_io' module  (HLE)
LDR: ! Imported function 'cellPadSetActDirect' in 'sys_io' module  (HLE)
LDR: ! Imported function 'cellKbRead' in 'sys_io' module  (HLE)
LDR: ! Imported function 'cellJpgDecReadHeader' in 'cellJpgDec' module  (HLE)
LDR: ! Imported function 'cellJpgDecClose' in 'cellJpgDec' module  (HLE)
LDR: ! Imported function 'cellJpgDecOpen' in 'cellJpgDec' module  (HLE)
LDR: ! Imported function 'cellJpgDecCreate' in 'cellJpgDec' module  (HLE)
LDR: ! Imported function 'cellJpgDecDecodeData' in 'cellJpgDec' module  (HLE)
LDR: ! Imported function 'cellJpgDecDestroy' in 'cellJpgDec' module  (HLE)
LDR: ! Imported function 'cellJpgDecSetParameter' in 'cellJpgDec' module  (HLE)
LDR: ! Imported function 'cellPngDecCreate' in 'cellPngDec' module  (HLE)
LDR: ! Imported function 'cellPngDecDecodeData' in 'cellPngDec' module  (HLE)
LDR: ! Imported function 'cellPngDecClose' in 'cellPngDec' module  (HLE)
LDR: ! Imported function 'cellPngDecDestroy' in 'cellPngDec' module  (HLE)
LDR: ! Imported function 'cellPngDecReadHeader' in 'cellPngDec' module  (HLE)
LDR: ! Imported function 'cellPngDecOpen' in 'cellPngDec' module  (HLE)
LDR: ! Imported function 'cellPngDecSetParameter' in 'cellPngDec' module  (HLE)
LDR: ! Imported function 'cellPamfReaderGetPresentationEndTime' in 'cellPamf' module  (HLE)
LDR: ! Imported function 'cellSailGraphicsAdapterGetFrame' in 'cellSail' module  (HLE)
LDR: ! Imported function 'cellSailDescriptorCreateDatabase' in 'cellSail' module  (HLE)
LDR: ! Imported function 'cellSailPlayerSetSoundAdapter' in 'cellSail' module  (HLE)
LDR: ! Imported function 'cellSailPlayerFinalize' in 'cellSail' module  (HLE)
LDR: ! Imported function 'cellSailPlayerSetGraphicsAdapter' in 'cellSail' module  (HLE)
LDR: ! Imported function 'cellSailGraphicsAdapterInitialize' in 'cellSail' module  (HLE)
LDR: ! Imported function 'cellSailPlayerInitialize2' in 'cellSail' module  (HLE)
LDR: ! Imported function 'cellSailDescriptorDestroyDatabase' in 'cellSail' module  (HLE)
LDR: ! Imported function 'cellSailGraphicsAdapterSetPreferredFormat' in 'cellSail' module  (HLE)
LDR: ! Imported function 'cellSailMemAllocatorInitialize' in 'cellSail' module  (HLE)
LDR: ! Imported function 'cellSailPlayerOpenStream' in 'cellSail' module  (HLE)
LDR: ! Imported function 'cellSailFutureGet' in 'cellSail' module  (HLE)
LDR: ! Imported function 'cellSailSoundAdapterInitialize' in 'cellSail' module  (HLE)
LDR: ! Imported function 'cellSailGraphicsAdapterUpdateAvSync' in 'cellSail' module  (HLE)
LDR: ! Imported function 'cellSailPlayerReplaceEventHandler' in 'cellSail' module  (HLE)
LDR: ! Imported function 'cellSailSoundAdapterPtsToTimePosition' in 'cellSail' module  (HLE)
LDR: ! Imported function 'cellSailFutureInitialize' in 'cellSail' module  (HLE)
LDR: ! Imported function 'cellSailPlayerSetParameter' in 'cellSail' module  (HLE)
LDR: ! Imported function 'cellSailGraphicsAdapterFinalize' in 'cellSail' module  (HLE)
LDR: ! Imported function 'cellSailPlayerAddDescriptor' in 'cellSail' module  (HLE)
LDR: ! Imported function 'cellSailSoundAdapterGetFrame' in 'cellSail' module  (HLE)
LDR: ! Imported function 'cellSailPlayerCloseStream' in 'cellSail' module  (HLE)
LDR: ! Imported function 'cellSailFutureFinalize' in 'cellSail' module  (HLE)
LDR: ! Imported function 'cellSailFutureSet' in 'cellSail' module  (HLE)
LDR: ! Imported function 'cellSailPlayerBoot' in 'cellSail' module  (HLE)
LDR: ! Imported function 'cellSailSoundAdapterFinalize' in 'cellSail' module  (HLE)
LDR: ! Imported function 'cellSailPlayerSetPaused' in 'cellSail' module  (HLE)
LDR: ! Imported function 'cellSailDescriptorGetStreamType' in 'cellSail' module  (HLE)
LDR: ! Imported function 'cellSailPlayerCreateDescriptor' in 'cellSail' module  (HLE)
LDR: ! Imported function 'cellSailPlayerStart' in 'cellSail' module  (HLE)
LDR: ! Imported function 'cellSailPlayerStop' in 'cellSail' module  (HLE)
LDR: ! Imported function 'cellSailSoundAdapterUpdateAvSync' in 'cellSail' module  (HLE)
LDR: ! Imported function 'cellSailSoundAdapterGetFormat' in 'cellSail' module  (HLE)
LDR: ! Imported function 'cellSailPlayerSetRepeatMode' in 'cellSail' module  (HLE)
LDR: ! Imported function 'cellSailPlayerDestroyDescriptor' in 'cellSail' module  (HLE)
LDR: ! Imported function 'cellSailGraphicsAdapterGetFormat' in 'cellSail' module  (HLE)
LDR: ! Imported function 'cellMicOpenEx' in 'cellMic' module  (HLE)
LDR: ! Imported function 'cellMicRead' in 'cellMic' module  (HLE)
LDR: ! Imported function 'cellMicIsAttached' in 'cellMic' module  (HLE)
LDR: ! Imported function 'cellMicSetSignalAttr' in 'cellMic' module  (HLE)
LDR: ! Imported function 'cellMicSetNotifyEventQueue' in 'cellMic' module  (HLE)
LDR: ! Imported function 'cellMicInit' in 'cellMic' module  (HLE)
LDR: ! Imported function 'cellMicClose' in 'cellMic' module  (HLE)
LDR: ! Imported function 'cellMicGetSignalState' in 'cellMic' module  (HLE)
LDR: ! Imported function 'cellMicEnd' in 'cellMic' module  (HLE)
LDR: ! Imported function 'cellMicOpen' in 'cellMic' module  (HLE)
LDR: ! Imported function 'cellMicStart' in 'cellMic' module  (HLE)
LDR: ! Imported function 'cellMicStop' in 'cellMic' module  (HLE)
LDR: ! Imported function 'sys_lwmutex_lock' in 'sysPrxForUser' module  (HLE)
LDR: ! Imported function 'sys_lwmutex_unlock' in 'sysPrxForUser' module  (HLE)
LDR: ! Imported function 'sys_lwcond_destroy' in 'sysPrxForUser' module  (HLE)
LDR: ! Imported function 'sys_ppu_thread_create' in 'sysPrxForUser' module  (HLE)
LDR: ! Imported function 'sys_prx_load_module' in 'sysPrxForUser' module  (HLE)
LDR: ! Imported function 'sys_lwcond_wait' in 'sysPrxForUser' module  (HLE)
LDR: ! Imported function '_sys_process_atexitspawn' in 'sysPrxForUser' module  (HLE)
LDR: ! Imported function 'sys_lwmutex_create' in 'sysPrxForUser' module  (HLE)
LDR: ! Imported function 'sys_ppu_thread_get_id' in 'sysPrxForUser' module  (HLE)
LDR: ! Imported function '_sys_heap_malloc' in 'sysPrxForUser' module  (HLE)
LDR: ! Imported function 'sys_prx_register_library' in 'sysPrxForUser' module  (HLE)
LDR: ! Imported function '_sys_heap_memalign' in 'sysPrxForUser' module  (HLE)
LDR: ! Imported function 'Unknown func id: 0x4f7172c9' in 'sysPrxForUser' module  (HLE)
LDR: ! Imported function 'sys_initialize_tls' in 'sysPrxForUser' module  (HLE)
LDR: ! Imported function 'sys_time_get_system_time' in 'sysPrxForUser' module  (HLE)
LDR: W Unimplemented function '_sys_heap_free' in 'sysPrxForUser' module (HLE)
LDR: ! Imported function '_sys_process_at_Exitspawn' in 'sysPrxForUser' module  (HLE)
LDR: ! Imported function 'sys_prx_exitspawn_with_level' in 'sysPrxForUser' module  (HLE)
LDR: W Unimplemented function 'sys_prx_load_module_on_memcontainer_by_fd' in 'sysPrxForUser' module (HLE)
LDR: ! Imported function 'sys_prx_load_module_on_memcontainer' in 'sysPrxForUser' module  (HLE)
LDR: ! Imported function 'sys_lwmutex_trylock' in 'sysPrxForUser' module  (HLE)
LDR: W Unimplemented function '_sys_heap_delete_heap' in 'sysPrxForUser' module (HLE)
LDR: ! Imported function 'sys_ppu_thread_exit' in 'sysPrxForUser' module  (HLE)
LDR: ! Imported function '_sys_heap_create_heap' in 'sysPrxForUser' module  (HLE)
LDR: ! Imported function 'sys_lwmutex_destroy' in 'sysPrxForUser' module  (HLE)
LDR: ! Imported function 'sys_lwcond_create' in 'sysPrxForUser' module  (HLE)
LDR: ! Imported function 'sys_spu_image_close' in 'sysPrxForUser' module  (HLE)
LDR: ! Imported function 'sys_process_exit' in 'sysPrxForUser' module  (HLE)
LDR: ! Imported function 'sys_lwcond_signal_all' in 'sysPrxForUser' module  (HLE)
LDR: ! Imported function 'sys_spu_image_import' in 'sysPrxForUser' module  (HLE)
LDR: W Unimplemented function 'sys_prx_load_module_by_fd' in 'sysPrxForUser' module (HLE)
LDR: ! Imported function 'sys_lwcond_signal' in 'sysPrxForUser' module  (HLE)
HLE: W {PPU[1] Thread (main_thread)[0x000111a8]} sys_memory warning: sys_memory_get_user_memory_size(mem_info_addr=0xd000fcc0)
HLE: W {PPU[1] Thread (main_thread)[0x00eab058]} sys_lwmutex warning: sys_lwmutex_create(lwmutex_addr=0x301001c8, attr_addr=0x9450b8)
HLE: ! {PPU[1] Thread (main_thread)[0x00eab058]} sys_lwmutex : *** lwmutex created [_lc_mtx] (attribute=0x12): sq_id = 3
HLE: W {PPU[1] Thread (main_thread)[0x00eab058]} sys_lwmutex warning: sys_lwmutex_create(lwmutex_addr=0xe66658, attr_addr=0x9450b8)
HLE: ! {PPU[1] Thread (main_thread)[0x00eab058]} sys_lwmutex : *** lwmutex created [_lc_mtx] (attribute=0x12): sq_id = 4
HLE: W {PPU[1] Thread (main_thread)[0x00eab058]} sys_lwmutex warning: sys_lwmutex_create(lwmutex_addr=0xe65de0, attr_addr=0x9450b8)
HLE: ! {PPU[1] Thread (main_thread)[0x00eab058]} sys_lwmutex : *** lwmutex created [_lc_mtx] (attribute=0x12): sq_id = 5
HLE: W {PPU[1] Thread (main_thread)[0x00eab058]} sys_lwmutex warning: sys_lwmutex_create(lwmutex_addr=0xe65e08, attr_addr=0x9450b8)
HLE: ! {PPU[1] Thread (main_thread)[0x00eab058]} sys_lwmutex : *** lwmutex created [_lc_mtx] (attribute=0x12): sq_id = 6
HLE: W {PPU[1] Thread (main_thread)[0x00eab058]} sys_lwmutex warning: sys_lwmutex_create(lwmutex_addr=0xe65e30, attr_addr=0x9450b8)
HLE: ! {PPU[1] Thread (main_thread)[0x00eab058]} sys_lwmutex : *** lwmutex created [_lc_mtx] (attribute=0x12): sq_id = 7
HLE: W {PPU[1] Thread (main_thread)[0x00eab058]} sys_lwmutex warning: sys_lwmutex_create(lwmutex_addr=0xe65d18, attr_addr=0x9450b8)
HLE: ! {PPU[1] Thread (main_thread)[0x00eab058]} sys_lwmutex : *** lwmutex created [_lc_mtx] (attribute=0x12): sq_id = 8
HLE: W {PPU[1] Thread (main_thread)[0x00eab058]} sys_lwmutex warning: sys_lwmutex_create(lwmutex_addr=0xe65d40, attr_addr=0x9450b8)
HLE: ! {PPU[1] Thread (main_thread)[0x00eab058]} sys_lwmutex : *** lwmutex created [_lc_mtx] (attribute=0x12): sq_id = 9
HLE: W {PPU[1] Thread (main_thread)[0x00eab058]} sys_lwmutex warning: sys_lwmutex_create(lwmutex_addr=0xe65d68, attr_addr=0x9450b8)
HLE: ! {PPU[1] Thread (main_thread)[0x00eab058]} sys_lwmutex : *** lwmutex created [_lc_mtx] (attribute=0x12): sq_id = 10
HLE: W {PPU[1] Thread (main_thread)[0x00eab058]} sys_lwmutex warning: sys_lwmutex_create(lwmutex_addr=0xe65d90, attr_addr=0x9450b8)
HLE: ! {PPU[1] Thread (main_thread)[0x00eab058]} sys_lwmutex : *** lwmutex created [_lc_mtx] (attribute=0x12): sq_id = 11
HLE: W {PPU[1] Thread (main_thread)[0x00eab058]} sys_lwmutex warning: sys_lwmutex_create(lwmutex_addr=0xe65db8, attr_addr=0x9450b8)
HLE: ! {PPU[1] Thread (main_thread)[0x00eab058]} sys_lwmutex : *** lwmutex created [_lc_mtx] (attribute=0x12): sq_id = 12
HLE: W {PPU[1] Thread (main_thread)[0x00eab058]} sys_lwmutex warning: sys_lwmutex_create(lwmutex_addr=0x30100230, attr_addr=0x9450b8)
HLE: ! {PPU[1] Thread (main_thread)[0x00eab058]} sys_lwmutex : *** lwmutex created [_lc_mtx] (attribute=0x12): sq_id = 13
HLE: W {PPU[1] Thread (main_thread)[0x00eab058]} sys_lwmutex warning: sys_lwmutex_create(lwmutex_addr=0x30100310, attr_addr=0x9450b8)
HLE: ! {PPU[1] Thread (main_thread)[0x00eab058]} sys_lwmutex : *** lwmutex created [_lc_mtx] (attribute=0x12): sq_id = 14
HLE: W {PPU[1] Thread (main_thread)[0x00eab058]} sys_lwmutex warning: sys_lwmutex_create(lwmutex_addr=0x30100460, attr_addr=0x9450b8)
HLE: ! {PPU[1] Thread (main_thread)[0x00eab058]} sys_lwmutex : *** lwmutex created [_lc_mtx] (attribute=0x12): sq_id = 15
HLE: W {PPU[1] Thread (main_thread)[0x00eab058]} sys_lwmutex warning: sys_lwmutex_create(lwmutex_addr=0x30100540, attr_addr=0x9450b8)
HLE: ! {PPU[1] Thread (main_thread)[0x00eab058]} sys_lwmutex : *** lwmutex created [_lc_mtx] (attribute=0x12): sq_id = 16
HLE: W {PPU[1] Thread (main_thread)[0x00eab058]} sys_lwmutex warning: sys_lwmutex_create(lwmutex_addr=0x301005c0, attr_addr=0x9450b8)
HLE: ! {PPU[1] Thread (main_thread)[0x00eab058]} sys_lwmutex : *** lwmutex created [_lc_mtx] (attribute=0x12): sq_id = 17
HLE: W {PPU[1] Thread (main_thread)[0x00eab058]} sys_lwmutex warning: sys_lwmutex_create(lwmutex_addr=0x30100640, attr_addr=0x9450b8)
HLE: ! {PPU[1] Thread (main_thread)[0x00eab058]} sys_lwmutex : *** lwmutex created [_lc_mtx] (attribute=0x12): sq_id = 18
HLE: W {PPU[1] Thread (main_thread)[0x00eab058]} sys_lwmutex warning: sys_lwmutex_create(lwmutex_addr=0x30100800, attr_addr=0x9450b8)
HLE: ! {PPU[1] Thread (main_thread)[0x00eab058]} sys_lwmutex : *** lwmutex created [_lc_mtx] (attribute=0x12): sq_id = 19
HLE: W {PPU[1] Thread (main_thread)[0x00eab058]} sys_lwmutex warning: sys_lwmutex_create(lwmutex_addr=0x30100850, attr_addr=0x9450b8)
HLE: ! {PPU[1] Thread (main_thread)[0x00eab058]} sys_lwmutex : *** lwmutex created [_lc_mtx] (attribute=0x12): sq_id = 20
HLE: W {PPU[1] Thread (main_thread)[0x00eab058]} sys_lwmutex warning: sys_lwmutex_create(lwmutex_addr=0x301008a0, attr_addr=0x9450b8)
HLE: ! {PPU[1] Thread (main_thread)[0x00eab058]} sys_lwmutex : *** lwmutex created [_lc_mtx] (attribute=0x12): sq_id = 21
HLE: W {PPU[1] Thread (main_thread)[0x00eab058]} sys_lwmutex warning: sys_lwmutex_create(lwmutex_addr=0x301008f0, attr_addr=0x9450b8)
HLE: ! {PPU[1] Thread (main_thread)[0x00eab058]} sys_lwmutex : *** lwmutex created [_lc_mtx] (attribute=0x12): sq_id = 22
HLE: W {PPU[1] Thread (main_thread)[0x00eab058]} sys_lwmutex warning: sys_lwmutex_create(lwmutex_addr=0x30100940, attr_addr=0x9450b8)
HLE: ! {PPU[1] Thread (main_thread)[0x00eab058]} sys_lwmutex : *** lwmutex created [_lc_mtx] (attribute=0x12): sq_id = 23
HLE: W {PPU[1] Thread (main_thread)[0x00eab058]} sys_lwmutex warning: sys_lwmutex_create(lwmutex_addr=0x30100990, attr_addr=0x9450b8)
HLE: ! {PPU[1] Thread (main_thread)[0x00eab058]} sys_lwmutex : *** lwmutex created [_lc_mtx] (attribute=0x12): sq_id = 24
HLE: W {PPU[1] Thread (main_thread)[0x00eab058]} sys_lwmutex warning: sys_lwmutex_create(lwmutex_addr=0xe67038, attr_addr=0xd000fbb0)
HLE: ! {PPU[1] Thread (main_thread)[0x00eab058]} sys_lwmutex : *** lwmutex created [name] (attribute=0x11): sq_id = 25
HLE: W {PPU[1] Thread (main_thread)[0x00eab058]} sys_lwmutex warning: sys_lwmutex_create(lwmutex_addr=0xe67168, attr_addr=0xd000fbb0)
HLE: ! {PPU[1] Thread (main_thread)[0x00eab058]} sys_lwmutex : *** lwmutex created [name] (attribute=0x11): sq_id = 26
HLE: W {PPU[1] Thread (main_thread)[0x00eab058]} sys_lwmutex warning: sys_lwmutex_create(lwmutex_addr=0xe65bc8, attr_addr=0xd000fb50)
HLE: ! {PPU[1] Thread (main_thread)[0x00eab058]} sys_lwmutex : *** lwmutex created [ps3HDDL] (attribute=0x12): sq_id = 27
HLE: W {PPU[1] Thread (main_thread)[0x00705108]} sys_time warning: sys_time_get_timezone(timezone_addr=0xd000fb20, summertime_addr=0xd000fb24)
HLE: W {PPU[1] Thread (main_thread)[0x00705108]} cellSysutil warning: cellSysutilGetSystemParamInt: CELL_SYSUTIL_SYSTEMPARAM_ID_TIMEZONE
HLE: W {PPU[1] Thread (main_thread)[0x00705108]} cellSysutil warning: cellSysutilGetSystemParamInt: CELL_SYSUTIL_SYSTEMPARAM_ID_SUMMERTIME
HLE: W {PPU[1] Thread (main_thread)[0x0070e884]} sys_time warning: sys_time_get_timezone(timezone_addr=0xd000fa70, summertime_addr=0xd000fa74)
HLE: W {PPU[1] Thread (main_thread)[0x0070e884]} cellSysutil warning: cellSysutilGetSystemParamInt: CELL_SYSUTIL_SYSTEMPARAM_ID_TIMEZONE
HLE: W {PPU[1] Thread (main_thread)[0x0070e884]} cellSysutil warning: cellSysutilGetSystemParamInt: CELL_SYSUTIL_SYSTEMPARAM_ID_SUMMERTIME
HLE: W {PPU[1] Thread (main_thread)[0x00706b78]} sys_time warning: sys_time_get_timezone(timezone_addr=0xd000fb20, summertime_addr=0xd000fb24)
HLE: W {PPU[1] Thread (main_thread)[0x00706b78]} cellSysutil warning: cellSysutilGetSystemParamInt: CELL_SYSUTIL_SYSTEMPARAM_ID_TIMEZONE
HLE: W {PPU[1] Thread (main_thread)[0x00706b78]} cellSysutil warning: cellSysutilGetSystemParamInt: CELL_SYSUTIL_SYSTEMPARAM_ID_SUMMERTIME
HLE: W {PPU[1] Thread (main_thread)[0x0070e884]} sys_time warning: sys_time_get_timezone(timezone_addr=0xd000fa70, summertime_addr=0xd000fa74)
HLE: W {PPU[1] Thread (main_thread)[0x0070e884]} cellSysutil warning: cellSysutilGetSystemParamInt: CELL_SYSUTIL_SYSTEMPARAM_ID_TIMEZONE
HLE: W {PPU[1] Thread (main_thread)[0x0070e884]} cellSysutil warning: cellSysutilGetSystemParamInt: CELL_SYSUTIL_SYSTEMPARAM_ID_SUMMERTIME
HLE: W {PPU[1] Thread (main_thread)[0x0070508c]} sys_time warning: sys_time_get_timezone(timezone_addr=0xd000fb20, summertime_addr=0xd000fb24)
HLE: W {PPU[1] Thread (main_thread)[0x0070508c]} cellSysutil warning: cellSysutilGetSystemParamInt: CELL_SYSUTIL_SYSTEMPARAM_ID_TIMEZONE
HLE: W {PPU[1] Thread (main_thread)[0x0070508c]} cellSysutil warning: cellSysutilGetSystemParamInt: CELL_SYSUTIL_SYSTEMPARAM_ID_SUMMERTIME
HLE: W {PPU[1] Thread (main_thread)[0x00706b78]} sys_time warning: sys_time_get_timezone(timezone_addr=0xd000fb20, summertime_addr=0xd000fb24)
HLE: W {PPU[1] Thread (main_thread)[0x00706b78]} cellSysutil warning: cellSysutilGetSystemParamInt: CELL_SYSUTIL_SYSTEMPARAM_ID_TIMEZONE
HLE: W {PPU[1] Thread (main_thread)[0x00706b78]} cellSysutil warning: cellSysutilGetSystemParamInt: CELL_SYSUTIL_SYSTEMPARAM_ID_SUMMERTIME
HLE: W {PPU[1] Thread (main_thread)[0x00eab058]} sys_lwmutex warning: sys_lwmutex_create(lwmutex_addr=0xe6a8f8, attr_addr=0xd000fba0)
HLE: ! {PPU[1] Thread (main_thread)[0x00eab058]} sys_lwmutex : *** lwmutex created [name] (attribute=0x11): sq_id = 28
HLE: W {PPU[1] Thread (main_thread)[0x00eab058]} sys_lwmutex warning: sys_lwmutex_create(lwmutex_addr=0xe6a928, attr_addr=0xd000fba0)
HLE: ! {PPU[1] Thread (main_thread)[0x00eab058]} sys_lwmutex : *** lwmutex created [name] (attribute=0x11): sq_id = 29
HLE: W {PPU[1] Thread (main_thread)[0x00eab058]} sys_lwmutex warning: sys_lwmutex_create(lwmutex_addr=0xe6a958, attr_addr=0xd000fba0)
HLE: ! {PPU[1] Thread (main_thread)[0x00eab058]} sys_lwmutex : *** lwmutex created [name] (attribute=0x11): sq_id = 30
HLE: W {PPU[1] Thread (main_thread)[0x00eab058]} sys_lwmutex warning: sys_lwmutex_create(lwmutex_addr=0xe6a988, attr_addr=0xd000fba0)
HLE: ! {PPU[1] Thread (main_thread)[0x00eab058]} sys_lwmutex : *** lwmutex created [name] (attribute=0x11): sq_id = 31
HLE: W {PPU[1] Thread (main_thread)[0x00eab058]} sys_lwmutex warning: sys_lwmutex_create(lwmutex_addr=0xe6a9b8, attr_addr=0xd000fba0)
HLE: ! {PPU[1] Thread (main_thread)[0x00eab058]} sys_lwmutex : *** lwmutex created [name] (attribute=0x11): sq_id = 32
HLE: W {PPU[1] Thread (main_thread)[0x00eab058]} sys_lwmutex warning: sys_lwmutex_create(lwmutex_addr=0xe6a9e8, attr_addr=0xd000fba0)
HLE: ! {PPU[1] Thread (main_thread)[0x00eab058]} sys_lwmutex : *** lwmutex created [name] (attribute=0x11): sq_id = 33
HLE: W {PPU[1] Thread (main_thread)[0x00686580]} sys_semaphore warning: sys_semaphore_create(sem_addr=0xe513f0, attr_addr=0xd000fb90, initial_count=0, max_count=1)
HLE: ! {PPU[1] Thread (main_thread)[0x00686580]} sys_semaphore : *** semaphore created [] (protocol=0x2): id = 34
HLE: W {PPU[1] Thread (main_thread)[0x006865e8]} sys_semaphore warning: sys_semaphore_create(sem_addr=0xe51400, attr_addr=0xd000fb90, initial_count=0, max_count=1)
HLE: ! {PPU[1] Thread (main_thread)[0x006865e8]} sys_semaphore : *** semaphore created [] (protocol=0x2): id = 35
HLE: W {PPU[1] Thread (main_thread)[0x00686650]} sys_semaphore warning: sys_semaphore_create(sem_addr=0xe51410, attr_addr=0xd000fb90, initial_count=0, max_count=1)
HLE: ! {PPU[1] Thread (main_thread)[0x00686650]} sys_semaphore : *** semaphore created [] (protocol=0x2): id = 36
HLE: W {PPU[1] Thread (main_thread)[0x00eab058]} sys_lwmutex warning: sys_lwmutex_create(lwmutex_addr=0xe512a0, attr_addr=0xd000fb90)
HLE: ! {PPU[1] Thread (main_thread)[0x00eab058]} sys_lwmutex : *** lwmutex created [name] (attribute=0x11): sq_id = 37
HLE: W {PPU[1] Thread (main_thread)[0x00eab058]} sys_lwmutex warning: sys_lwmutex_create(lwmutex_addr=0xe512b8, attr_addr=0xd000fb90)
HLE: ! {PPU[1] Thread (main_thread)[0x00eab058]} sys_lwmutex : *** lwmutex created [name] (attribute=0x11): sq_id = 38
HLE: W {PPU[1] Thread (main_thread)[0x00eab058]} sys_lwmutex warning: sys_lwmutex_create(lwmutex_addr=0xe512d0, attr_addr=0xd000fb90)
HLE: ! {PPU[1] Thread (main_thread)[0x00eab058]} sys_lwmutex : *** lwmutex created [name] (attribute=0x11): sq_id = 39
HLE: W {PPU[1] Thread (main_thread)[0x00eab058]} sys_lwmutex warning: sys_lwmutex_create(lwmutex_addr=0xe512e8, attr_addr=0xd000fb90)
HLE: ! {PPU[1] Thread (main_thread)[0x00eab058]} sys_lwmutex : *** lwmutex created [name] (attribute=0x11): sq_id = 40
HLE: W {PPU[1] Thread (main_thread)[0x00eab058]} sys_lwmutex warning: sys_lwmutex_create(lwmutex_addr=0xe51300, attr_addr=0xd000fb90)
HLE: ! {PPU[1] Thread (main_thread)[0x00eab058]} sys_lwmutex : *** lwmutex created [name] (attribute=0x11): sq_id = 41
HLE: W {PPU[1] Thread (main_thread)[0x00eab058]} sys_lwmutex warning: sys_lwmutex_create(lwmutex_addr=0xe51318, attr_addr=0xd000fb90)
HLE: ! {PPU[1] Thread (main_thread)[0x00eab058]} sys_lwmutex : *** lwmutex created [name] (attribute=0x11): sq_id = 42
HLE: W {PPU[1] Thread (main_thread)[0x00eab058]} sys_lwmutex warning: sys_lwmutex_create(lwmutex_addr=0xe51330, attr_addr=0xd000fb90)
HLE: ! {PPU[1] Thread (main_thread)[0x00eab058]} sys_lwmutex : *** lwmutex created [name] (attribute=0x11): sq_id = 43
HLE: W {PPU[1] Thread (main_thread)[0x00eab058]} sys_lwmutex warning: sys_lwmutex_create(lwmutex_addr=0xe51348, attr_addr=0xd000fb90)
HLE: ! {PPU[1] Thread (main_thread)[0x00eab058]} sys_lwmutex : *** lwmutex created [name] (attribute=0x11): sq_id = 44
HLE: W {PPU[1] Thread (main_thread)[0x00eab058]} sys_lwmutex warning: sys_lwmutex_create(lwmutex_addr=0xe51360, attr_addr=0xd000fb90)
HLE: ! {PPU[1] Thread (main_thread)[0x00eab058]} sys_lwmutex : *** lwmutex created [name] (attribute=0x11): sq_id = 45
HLE: W {PPU[1] Thread (main_thread)[0x00eab058]} sys_lwmutex warning: sys_lwmutex_create(lwmutex_addr=0xe51378, attr_addr=0xd000fb90)
HLE: ! {PPU[1] Thread (main_thread)[0x00eab058]} sys_lwmutex : *** lwmutex created [name] (attribute=0x11): sq_id = 46
HLE: W {PPU[1] Thread (main_thread)[0x00eab058]} sys_lwmutex warning: sys_lwmutex_create(lwmutex_addr=0xe51390, attr_addr=0xd000fb90)
HLE: ! {PPU[1] Thread (main_thread)[0x00eab058]} sys_lwmutex : *** lwmutex created [name] (attribute=0x11): sq_id = 47
HLE: W {PPU[1] Thread (main_thread)[0x00eab058]} sys_lwmutex warning: sys_lwmutex_create(lwmutex_addr=0xe513a8, attr_addr=0xd000fb90)
HLE: ! {PPU[1] Thread (main_thread)[0x00eab058]} sys_lwmutex : *** lwmutex created [name] (attribute=0x11): sq_id = 48
HLE: W {PPU[1] Thread (main_thread)[0x00eab058]} sys_lwmutex warning: sys_lwmutex_create(lwmutex_addr=0xe513c0, attr_addr=0xd000fb90)
HLE: ! {PPU[1] Thread (main_thread)[0x00eab058]} sys_lwmutex : *** lwmutex created [name] (attribute=0x11): sq_id = 49
HLE: W {PPU[1] Thread (main_thread)[0x00eab058]} sys_lwmutex warning: sys_lwmutex_create(lwmutex_addr=0xe513d8, attr_addr=0xd000fb90)
HLE: ! {PPU[1] Thread (main_thread)[0x00eab058]} sys_lwmutex : *** lwmutex created [name] (attribute=0x11): sq_id = 50
HLE: W {PPU[1] Thread (main_thread)[0x00eab058]} sys_lwmutex warning: sys_lwmutex_create(lwmutex_addr=0xe51250, attr_addr=0xd000fb90)
HLE: ! {PPU[1] Thread (main_thread)[0x00eab058]} sys_lwmutex : *** lwmutex created [name] (attribute=0x11): sq_id = 51
HLE: W {PPU[1] Thread (main_thread)[0x0067f0e4]} sys_semaphore warning: sys_semaphore_create(sem_addr=0xe51208, attr_addr=0xd000fba0, initial_count=0, max_count=100)
HLE: ! {PPU[1] Thread (main_thread)[0x0067f0e4]} sys_semaphore : *** semaphore created [] (protocol=0x2): id = 52
HLE: W {PPU[1] Thread (main_thread)[0x00eab058]} sys_lwmutex warning: sys_lwmutex_create(lwmutex_addr=0xe51228, attr_addr=0xd000fba0)
HLE: ! {PPU[1] Thread (main_thread)[0x00eab058]} sys_lwmutex : *** lwmutex created [name] (attribute=0x11): sq_id = 53
HLE: W {PPU[1] Thread (main_thread)[0x00eab058]} sys_lwmutex warning: sys_lwmutex_create(lwmutex_addr=0xe47430, attr_addr=0xd000fbb0)
HLE: ! {PPU[1] Thread (main_thread)[0x00eab058]} sys_lwmutex : *** lwmutex created [name] (attribute=0x11): sq_id = 54
HLE: W {PPU[1] Thread (main_thread)[0x00eab058]} sys_lwmutex warning: sys_lwmutex_create(lwmutex_addr=0xd85998, attr_addr=0xd000fbb0)
HLE: ! {PPU[1] Thread (main_thread)[0x00eab058]} sys_lwmutex : *** lwmutex created [name] (attribute=0x11): sq_id = 55
HLE: W {PPU[1] Thread (main_thread)[0x00eab058]} sys_lwmutex warning: sys_lwmutex_create(lwmutex_addr=0xd858e0, attr_addr=0xd000fbb0)
HLE: ! {PPU[1] Thread (main_thread)[0x00eab058]} sys_lwmutex : *** lwmutex created [name] (attribute=0x11): sq_id = 56
HLE: W {PPU[1] Thread (main_thread)[0x00eab058]} sys_lwmutex warning: sys_lwmutex_create(lwmutex_addr=0xb658a0, attr_addr=0xd000fbb0)
HLE: ! {PPU[1] Thread (main_thread)[0x00eab058]} sys_lwmutex : *** lwmutex created [name] (attribute=0x11): sq_id = 57
HLE: W {PPU[1] Thread (main_thread)[0x00eab058]} sys_lwmutex warning: sys_lwmutex_create(lwmutex_addr=0xb65700, attr_addr=0xd000fbb0)
HLE: ! {PPU[1] Thread (main_thread)[0x00eab058]} sys_lwmutex : *** lwmutex created [name] (attribute=0x11): sq_id = 58
HLE: W {PPU[1] Thread (main_thread)[0x00eab058]} sys_lwmutex warning: sys_lwmutex_create(lwmutex_addr=0xb65608, attr_addr=0xd000fbb0)
HLE: ! {PPU[1] Thread (main_thread)[0x00eab058]} sys_lwmutex : *** lwmutex created [name] (attribute=0x11): sq_id = 59
HLE: W {PPU[1] Thread (main_thread)[0x00eab058]} sys_lwmutex warning: sys_lwmutex_create(lwmutex_addr=0xe67618, attr_addr=0xd000fb30)
HLE: ! {PPU[1] Thread (main_thread)[0x00eab058]} sys_lwmutex : *** lwmutex created [name] (attribute=0x11): sq_id = 60
HLE: W {PPU[1] Thread (main_thread)[0x00eab058]} sys_lwmutex warning: sys_lwmutex_create(lwmutex_addr=0xe67648, attr_addr=0xd000fb30)
HLE: ! {PPU[1] Thread (main_thread)[0x00eab058]} sys_lwmutex : *** lwmutex created [name] (attribute=0x11): sq_id = 61
HLE: W {PPU[1] Thread (main_thread)[0x00eab058]} sys_lwmutex warning: sys_lwmutex_create(lwmutex_addr=0xe67678, attr_addr=0xd000fb30)
HLE: ! {PPU[1] Thread (main_thread)[0x00eab058]} sys_lwmutex : *** lwmutex created [name] (attribute=0x11): sq_id = 62
HLE: W {PPU[1] Thread (main_thread)[0x00eab058]} sys_lwmutex warning: sys_lwmutex_create(lwmutex_addr=0xe676a8, attr_addr=0xd000faa0)
HLE: ! {PPU[1] Thread (main_thread)[0x00eab058]} sys_lwmutex : *** lwmutex created [name] (attribute=0x11): sq_id = 63
HLE: W {PPU[1] Thread (main_thread)[0x00eab058]} sys_lwmutex warning: sys_lwmutex_create(lwmutex_addr=0xe671c8, attr_addr=0xd000faa0)
HLE: ! {PPU[1] Thread (main_thread)[0x00eab058]} sys_lwmutex : *** lwmutex created [name] (attribute=0x11): sq_id = 64
HLE: W {PPU[1] Thread (main_thread)[0x00eab058]} sys_lwmutex warning: sys_lwmutex_create(lwmutex_addr=0xe676d8, attr_addr=0xd000faa0)
HLE: ! {PPU[1] Thread (main_thread)[0x00eab058]} sys_lwmutex : *** lwmutex created [name] (attribute=0x11): sq_id = 65
HLE: W {PPU[1] Thread (main_thread)[0x00eab058]} sys_lwmutex warning: sys_lwmutex_create(lwmutex_addr=0xe67708, attr_addr=0xd000faa0)
HLE: ! {PPU[1] Thread (main_thread)[0x00eab058]} sys_lwmutex : *** lwmutex created [name] (attribute=0x11): sq_id = 66
HLE: W {PPU[1] Thread (main_thread)[0x00eab058]} sys_lwmutex warning: sys_lwmutex_create(lwmutex_addr=0xb63cc0, attr_addr=0xd000fbb0)
HLE: ! {PPU[1] Thread (main_thread)[0x00eab058]} sys_lwmutex : *** lwmutex created [name] (attribute=0x11): sq_id = 67
HLE: W {PPU[1] Thread (main_thread)[0x00eab058]} sys_lwmutex warning: sys_lwmutex_create(lwmutex_addr=0xe67340, attr_addr=0xd000fbb0)
HLE: ! {PPU[1] Thread (main_thread)[0x00eab058]} sys_lwmutex : *** lwmutex created [name] (attribute=0x11): sq_id = 68
HLE: W {PPU[1] Thread (main_thread)[0x00eab058]} sys_lwmutex warning: sys_lwmutex_create(lwmutex_addr=0xe672e0, attr_addr=0xd000fbb0)
HLE: ! {PPU[1] Thread (main_thread)[0x00eab058]} sys_lwmutex : *** lwmutex created [name] (attribute=0x11): sq_id = 69
HLE: W {PPU[1] Thread (main_thread)[0x00eab058]} sys_lwmutex warning: sys_lwmutex_create(lwmutex_addr=0xe67310, attr_addr=0xd000fbb0)
HLE: ! {PPU[1] Thread (main_thread)[0x00eab058]} sys_lwmutex : *** lwmutex created [name] (attribute=0x11): sq_id = 70
HLE: W {PPU[1] Thread (main_thread)[0x00eab058]} sys_lwmutex warning: sys_lwmutex_create(lwmutex_addr=0xae6ef8, attr_addr=0xd000fbb0)
HLE: ! {PPU[1] Thread (main_thread)[0x00eab058]} sys_lwmutex : *** lwmutex created [name] (attribute=0x11): sq_id = 71
HLE: W {PPU[1] Thread (main_thread)[0x00eab058]} sys_lwmutex warning: sys_lwmutex_create(lwmutex_addr=0xae6ee0, attr_addr=0xd000fbb0)
HLE: ! {PPU[1] Thread (main_thread)[0x00eab058]} sys_lwmutex : *** lwmutex created [name] (attribute=0x11): sq_id = 72
HLE: W {PPU[1] Thread (main_thread)[0x00eab058]} sys_lwmutex warning: sys_lwmutex_create(lwmutex_addr=0xae6eb8, attr_addr=0xd000fbb0)
HLE: ! {PPU[1] Thread (main_thread)[0x00eab058]} sys_lwmutex : *** lwmutex created [name] (attribute=0x11): sq_id = 73
HLE: W {PPU[1] Thread (main_thread)[0x00eab058]} sys_lwmutex warning: sys_lwmutex_create(lwmutex_addr=0x30101d28, attr_addr=0xd000fbb0)
HLE: ! {PPU[1] Thread (main_thread)[0x00eab058]} sys_lwmutex : *** lwmutex created [name] (attribute=0x11): sq_id = 74
HLE: W {PPU[1] Thread (main_thread)[0x00eab058]} sys_lwmutex warning: sys_lwmutex_create(lwmutex_addr=0xaa0350, attr_addr=0xd000fb90)
HLE: ! {PPU[1] Thread (main_thread)[0x00eab058]} sys_lwmutex : *** lwmutex created [name] (attribute=0x11): sq_id = 75
HLE: W {PPU[1] Thread (main_thread)[0x00e71010]} cellSysmodule warning: cellSysmoduleLoadModule(CELL_SYSMODULE_GCM_SYS)
HLE: W {PPU[1] Thread (main_thread)[0x00e71010]} cellSysmodule warning: cellSysmoduleLoadModule(CELL_SYSMODULE_IO)
HLE: W {PPU[1] Thread (main_thread)[0x00e71010]} cellSysmodule warning: cellSysmoduleLoadModule(CELL_SYSMODULE_FS)
HLE: W {PPU[1] Thread (main_thread)[0x00e71010]} cellSysmodule warning: cellSysmoduleLoadModule(CELL_SYSMODULE_AUDIO)
HLE: W {PPU[1] Thread (main_thread)[0x00e71010]} cellSysmodule warning: cellSysmoduleLoadModule(CELL_SYSMODULE_NET)
HLE: W {PPU[1] Thread (main_thread)[0x00e71010]} cellSysmodule warning: cellSysmoduleLoadModule(CELL_SYSMODULE_NETCTL)
HLE: W {PPU[1] Thread (main_thread)[0x00e71010]} cellSysmodule warning: cellSysmoduleLoadModule(CELL_SYSMODULE_SYSUTIL_NP2)
HLE: W {PPU[1] Thread (main_thread)[0x00e71010]} cellSysmodule warning: cellSysmoduleLoadModule(CELL_SYSMODULE_BGDL)
HLE: W {PPU[1] Thread (main_thread)[0x00e71010]} cellSysmodule warning: cellSysmoduleLoadModule(CELL_SYSMODULE_JPGDEC)
HLE: W {PPU[1] Thread (main_thread)[0x00e71010]} cellSysmodule warning: cellSysmoduleLoadModule(CELL_SYSMODULE_PNGDEC)
HLE: W {PPU[1] Thread (main_thread)[0x00e71010]} cellSysmodule warning: cellSysmoduleLoadModule(CELL_SYSMODULE_RESC)
HLE: W {PPU[1] Thread (main_thread)[0x00e71010]} cellSysmodule warning: cellSysmoduleLoadModule(CELL_SYSMODULE_SYSUTIL_SAVEDATA)
HLE: W {PPU[1] Thread (main_thread)[0x00e71010]} cellSysmodule warning: cellSysmoduleLoadModule(CELL_SYSMODULE_SYSUTIL_NP_TROPHY)
HLE: W {PPU[1] Thread (main_thread)[0x00e71010]} cellSysmodule warning: cellSysmoduleLoadModule(CELL_SYSMODULE_SYSUTIL_GAME)
HLE: W {PPU[1] Thread (main_thread)[0x00e71010]} cellSysmodule warning: cellSysmoduleLoadModule(CELL_SYSMODULE_USBD)
HLE: W {PPU[1] Thread (main_thread)[0x00e71010]} cellSysmodule warning: cellSysmoduleLoadModule(CELL_SYSMODULE_SYSUTIL_SCREENSHOT)
HLE: W {PPU[1] Thread (main_thread)[0x00e71010]} cellSysmodule warning: cellSysmoduleLoadModule(CELL_SYSMODULE_SYSUTIL_NP_TUS)
HLE: ! {PPU[1] Thread (main_thread)[0x00eab028]} sys_ppu_thread : *** New PPU Thread [ThreadGameContentCheck] (detached, entry=0xa29458): id = 76
HLE: W {PPU[1] Thread (main_thread)[0x00e73094]} cellSysutil warning: cellSysutilRegisterCallback(slot=0, func_addr=0xa293c0, userdata=0x0)
HLE: W {PPU[76] Thread (ThreadGameContentCheck)[0x00e7504c]} cellGame warning: cellGameBootCheck(type_addr=0xd002f720, attributes_addr=0x30102d80, size_addr=0xd002f724, dirName_addr=0x30101d7c)
HLE: W {PPU[76] Thread (ThreadGameContentCheck)[0x00e71010]} cellSysmodule warning: cellSysmoduleLoadModule(CELL_SYSMODULE_SYSUTIL_NP)
HLE: W {PPU[76] Thread (ThreadGameContentCheck)[0x009ee01c]} sceNp warning: sceNpInit(mem_size=0x20000, mem_addr=0x30103010)
HLE: E {PPU[76] Thread (ThreadGameContentCheck)[0x009ee028]} sceNp TODO: sceNpDrmVerifyUpgradeLicense2(content_id_addr=0x945780)
HLE: W {PPU[76] Thread (ThreadGameContentCheck)[0x009ee004]} sceNp warning: sceNpTerm()
HLE: W {PPU[76] Thread (ThreadGameContentCheck)[0x00e71004]} cellSysmodule warning: cellSysmoduleUnloadModule(CELL_SYSMODULE_SYSUTIL_NP)
HLE: W {PPU[76] Thread (ThreadGameContentCheck)[0x00e75034]} cellGame warning: cellGameGetParamInt(id=102, value_addr=0x30102d7c)
HLE: W {PPU[76] Thread (ThreadGameContentCheck)[0x00e75034]} cellGame warning: cellGameGetParamInt(id=104, value_addr=0x30102d84)
HLE: W {PPU[76] Thread (ThreadGameContentCheck)[0x00e75034]} cellGame warning: cellGameGetParamInt(id=103, value_addr=0x30102d88)
HLE: W {PPU[76] Thread (ThreadGameContentCheck)[0x00e75004]} cellGame warning: cellGameGetParamString(id=0, buf_addr=0x30102d90, bufsize=512)
HLE: W {PPU[76] Thread (ThreadGameContentCheck)[0x00e7501c]} cellGame warning: cellGameContentPermit(contentInfoPath_addr=0x3010217c, usrdirPath_addr=0x3010237c)
HLE: ! {PPU[76] Thread (ThreadGameContentCheck)[0x00e6f028]} sys_fs : "/dev_hdd0/game/NPEB00445/USRDIR//data.pak" opened: fd = 77
HLE: W {PPU[76] Thread (ThreadGameContentCheck)[0x00e6f004]} sys_fs warning: cellFsClose(fd=77)
HLE: W {PPU[76] Thread (ThreadGameContentCheck)[0x00e6f034]} sys_fs warning: cellFsStat(path="/dev_hdd0/game/NPEB00445/USRDIR//data.pak", sb_addr=0xd002ee34)
HLE: ! {PPU[76] Thread (ThreadGameContentCheck)[0x00e6f028]} sys_fs : "/dev_hdd0/game/NPEB00445/ICON0.PNG" opened: fd = 78
HLE: W {PPU[76] Thread (ThreadGameContentCheck)[0x00e6f004]} sys_fs warning: cellFsClose(fd=78)
HLE: ! {PPU[76] Thread (ThreadGameContentCheck)[0x00e6f028]} sys_fs : "/dev_hdd0/game/NPEB00445/USRDIR//filesize.dat" opened: fd = 79
HLE: W {PPU[76] Thread (ThreadGameContentCheck)[0x00e6f064]} sys_fs warning: cellFsFstat(fd=79, sb_addr=0xd002e960)
HLE: W {PPU[76] Thread (ThreadGameContentCheck)[0x00e6f004]} sys_fs warning: cellFsClose(fd=79)
HLE: W {PPU[1] Thread (main_thread)[0x00e73004]} cellSysutil warning: cellSysutilUnregisterCallback(slot=0)
HLE: W {PPU[1] Thread (main_thread)[0x00e6b088]} cellSpurs warning: _cellSpursAttributeInitialize(attr_addr=0x30103018, revision=2, sdkVersion=0x330000, nSpus=4, spuPriority=250, ppuPriority=1001, exitIfNoWork=0)
HLE: W {PPU[1] Thread (main_thread)[0x00e6b004]} cellSpurs warning: cellSpursAttributeSetNamePrefix(attr_addr=0x30103018, prefix_addr=0x9514c8, size=4)
HLE: W {PPU[1] Thread (main_thread)[0x001dff20]} sys_memory warning: sys_memory_container_create(cid_addr=0x30103218, yield_size=0x100000)
HLE: W {PPU[1] Thread (main_thread)[0x001dff20]} sys_memory warning: *** memory_container created(addr=0x3f000000): id = 80
HLE: W {PPU[1] Thread (main_thread)[0x00e6b070]} cellSpurs warning: cellSpursAttributeSetMemoryContainerForSpuThread(attr_addr=0x30103018, container=80)
HLE: W {PPU[1] Thread (main_thread)[0x00e6b0ac]} cellSpurs warning: cellSpursInitializeWithAttribute(spurs_addr=0x30103300, attr_addr=0x30103018)
HLE: ! {PPU[1] Thread (main_thread)[0x00e6b0ac]} sys_semaphore : *** semaphore created [_spuWkl] (protocol=0x2): id = 81
HLE: ! {PPU[1] Thread (main_thread)[0x00e6b0ac]} sys_semaphore : *** semaphore created [_spuWkl] (protocol=0x2): id = 82
HLE: ! {PPU[1] Thread (main_thread)[0x00e6b0ac]} sys_semaphore : *** semaphore created [_spuWkl] (protocol=0x2): id = 83
HLE: ! {PPU[1] Thread (main_thread)[0x00e6b0ac]} sys_semaphore : *** semaphore created [_spuWkl] (protocol=0x2): id = 84
HLE: ! {PPU[1] Thread (main_thread)[0x00e6b0ac]} sys_semaphore : *** semaphore created [_spuWkl] (protocol=0x2): id = 85
HLE: ! {PPU[1] Thread (main_thread)[0x00e6b0ac]} sys_semaphore : *** semaphore created [_spuWkl] (protocol=0x2): id = 86
HLE: ! {PPU[1] Thread (main_thread)[0x00e6b0ac]} sys_semaphore : *** semaphore created [_spuWkl] (protocol=0x2): id = 87
HLE: ! {PPU[1] Thread (main_thread)[0x00e6b0ac]} sys_semaphore : *** semaphore created [_spuWkl] (protocol=0x2): id = 88
HLE: ! {PPU[1] Thread (main_thread)[0x00e6b0ac]} sys_semaphore : *** semaphore created [_spuWkl] (protocol=0x2): id = 89
HLE: ! {PPU[1] Thread (main_thread)[0x00e6b0ac]} sys_semaphore : *** semaphore created [_spuWkl] (protocol=0x2): id = 90
HLE: ! {PPU[1] Thread (main_thread)[0x00e6b0ac]} sys_semaphore : *** semaphore created [_spuWkl] (protocol=0x2): id = 91
HLE: ! {PPU[1] Thread (main_thread)[0x00e6b0ac]} sys_semaphore : *** semaphore created [_spuWkl] (protocol=0x2): id = 92
HLE: ! {PPU[1] Thread (main_thread)[0x00e6b0ac]} sys_semaphore : *** semaphore created [_spuWkl] (protocol=0x2): id = 93
HLE: ! {PPU[1] Thread (main_thread)[0x00e6b0ac]} sys_semaphore : *** semaphore created [_spuWkl] (protocol=0x2): id = 94
HLE: ! {PPU[1] Thread (main_thread)[0x00e6b0ac]} sys_semaphore : *** semaphore created [_spuWkl] (protocol=0x2): id = 95
HLE: ! {PPU[1] Thread (main_thread)[0x00e6b0ac]} sys_semaphore : *** semaphore created [_spuWkl] (protocol=0x2): id = 96
HLE: ! {PPU[1] Thread (main_thread)[0x00e6b0ac]} sys_semaphore : *** semaphore created [_spuPrv] (protocol=0x2): id = 97
HLE: E {PPU[1] Thread (main_thread)[0x00e6b0ac]} sys_spu TODO: Unsupported SPU Thread Group type (0x4)
HLE: ! {PPU[1] Thread (main_thread)[0x00e6b0ac]} sys_spu : *** SPU Thread Group created [TGS_CellSpursKernelGroup] (num=4, prio=250, type=0x4, container=80): id=98
HLE: E {PPU[1] Thread (main_thread)[0x00e6b0ac]} sys_spu TODO: Unsupported SPU Thread options (0x2)
HLE: W {PPU[1] Thread (main_thread)[0x00e6b0ac]} sys_spu warning: *** New SPU Thread [TGS_CellSpursKernel0] (ep=0x0, opt=0x2, a1=0x0, a2=0x0, a3=0x0, a4=0x0): id=99, spu_offset=0x30050000
HLE: E {PPU[1] Thread (main_thread)[0x00e6b0ac]} sys_spu TODO: Unsupported SPU Thread options (0x2)
HLE: W {PPU[1] Thread (main_thread)[0x00e6b0ac]} sys_spu warning: *** New SPU Thread [TGS_CellSpursKernel1] (ep=0x0, opt=0x2, a1=0x0, a2=0x0, a3=0x0, a4=0x0): id=100, spu_offset=0x30090000
HLE: E {PPU[1] Thread (main_thread)[0x00e6b0ac]} sys_spu TODO: Unsupported SPU Thread options (0x2)
HLE: W {PPU[1] Thread (main_thread)[0x00e6b0ac]} sys_spu warning: *** New SPU Thread [TGS_CellSpursKernel2] (ep=0x0, opt=0x2, a1=0x0, a2=0x0, a3=0x0, a4=0x0): id=101, spu_offset=0x3f100000
HLE: E {PPU[1] Thread (main_thread)[0x00e6b0ac]} sys_spu TODO: Unsupported SPU Thread options (0x2)
HLE: W {PPU[1] Thread (main_thread)[0x00e6b0ac]} sys_spu warning: *** New SPU Thread [TGS_CellSpursKernel3] (ep=0x0, opt=0x2, a1=0x0, a2=0x0, a3=0x0, a4=0x0): id=102, spu_offset=0x3f140000
HLE: ! {PPU[1] Thread (main_thread)[0x00e6b0ac]} sys_lwmutex : *** lwmutex created [_spuPrv] (attribute=0x22): sq_id = 103
HLE: W {PPU[1] Thread (main_thread)[0x00e6b0ac]} sys_lwcond warning: *** lwcond created [_spuPrv] (lwmutex_addr=0x301040b0): id = 104
HLE: W {PPU[1] Thread (main_thread)[0x00e6b0ac]} sys_event warning: *** event_queue created [_spuPrv] (protocol=0x1, type=0x1, key=0x0, size=0x2a): id = 105
HLE: W {PPU[1] Thread (main_thread)[0x00e6b0ac]} sys_spu warning: sys_spu_thread_group_connect_event_all_threads(id=98, eq_id=105, req=0xffffffffffff0000, spup_addr=0x301033c9)
HLE: W {PPU[1] Thread (main_thread)[0x00e6b0ac]} sys_spu warning: *** spup -> 16
HLE: W {PPU[1] Thread (main_thread)[0x00e6b0ac]} sys_event warning: *** sys_event_port created: id = 106
HLE: W {PPU[1] Thread (main_thread)[0x00e6b0ac]} sys_event warning: sys_event_port_connect_local(eport_id=106, equeue_id=105)
HLE: ! {PPU[1] Thread (main_thread)[0x00e6b0ac]} sys_ppu_thread : *** New PPU Thread [TGS_SpursHdlr0] (joinable, entry=0x0): id = 107
HLE: W {PPU[107] Thread (TGS_SpursHdlr0)[0x00000000]} sys_spu warning: sys_spu_thread_group_start(id=98)
HLE: ! {PPU[1] Thread (main_thread)[0x00e6b0ac]} sys_ppu_thread : *** New PPU Thread [TGS_SpursHdlr1] (joinable, entry=0x0): id = 108
HLE: E {PPU[1] Thread (main_thread)[0x00e6b0ac]} sys_spu TODO: sys_spu_thread_group_connect_event(id=98, eq=105, et=0x2)
HLE: W {PPU[107] Thread (TGS_SpursHdlr0)[0x00000000]} sys_spu warning: sys_spu_thread_group_join(id=98, cause_addr=0x0, status_addr=0x0)
HLE: W {PPU[1] Thread (main_thread)[0x00eab058]} sys_lwmutex warning: sys_lwmutex_create(lwmutex_addr=0x30104580, attr_addr=0xd000f760)
HLE: ! {PPU[1] Thread (main_thread)[0x00eab058]} sys_lwmutex : *** lwmutex created [name] (attribute=0x11): sq_id = 109
HLE: W {PPU[1] Thread (main_thread)[0x0067fde0]} sys_semaphore warning: sys_semaphore_create(sem_addr=0x301045d0, attr_addr=0xd000f760, initial_count=0, max_count=1)
HLE: ! {PPU[1] Thread (main_thread)[0x0067fde0]} sys_semaphore : *** semaphore created [] (protocol=0x2): id = 110
HLE: W {PPU[1] Thread (main_thread)[0x0067fde0]} sys_semaphore warning: sys_semaphore_create(sem_addr=0x301045dc, attr_addr=0xd000f760, initial_count=0, max_count=1)
HLE: ! {PPU[1] Thread (main_thread)[0x0067fde0]} sys_semaphore : *** semaphore created [] (protocol=0x2): id = 111
HLE: W {PPU[1] Thread (main_thread)[0x0067fde0]} sys_semaphore warning: sys_semaphore_create(sem_addr=0x301045e8, attr_addr=0xd000f760, initial_count=0, max_count=1)
HLE: ! {PPU[1] Thread (main_thread)[0x0067fde0]} sys_semaphore : *** semaphore created [] (protocol=0x2): id = 112
HLE: W {PPU[1] Thread (main_thread)[0x0067fde0]} sys_semaphore warning: sys_semaphore_create(sem_addr=0x301045f4, attr_addr=0xd000f760, initial_count=0, max_count=1)
HLE: ! {PPU[1] Thread (main_thread)[0x0067fde0]} sys_semaphore : *** semaphore created [] (protocol=0x2): id = 113
HLE: W {PPU[1] Thread (main_thread)[0x0067fde0]} sys_semaphore warning: sys_semaphore_create(sem_addr=0x30104600, attr_addr=0xd000f760, initial_count=0, max_count=1)
HLE: ! {PPU[1] Thread (main_thread)[0x0067fde0]} sys_semaphore : *** semaphore created [] (protocol=0x2): id = 114
HLE: W {PPU[1] Thread (main_thread)[0x0067fde0]} sys_semaphore warning: sys_semaphore_create(sem_addr=0x3010460c, attr_addr=0xd000f760, initial_count=0, max_count=1)
HLE: ! {PPU[1] Thread (main_thread)[0x0067fde0]} sys_semaphore : *** semaphore created [] (protocol=0x2): id = 115
HLE: W {PPU[1] Thread (main_thread)[0x0067fde0]} sys_semaphore warning: sys_semaphore_create(sem_addr=0x30104618, attr_addr=0xd000f760, initial_count=0, max_count=1)
HLE: ! {PPU[1] Thread (main_thread)[0x0067fde0]} sys_semaphore : *** semaphore created [] (protocol=0x2): id = 116
HLE: W {PPU[1] Thread (main_thread)[0x0067fde0]} sys_semaphore warning: sys_semaphore_create(sem_addr=0x30104624, attr_addr=0xd000f760, initial_count=0, max_count=1)
HLE: ! {PPU[1] Thread (main_thread)[0x0067fde0]} sys_semaphore : *** semaphore created [] (protocol=0x2): id = 117
HLE: W {PPU[1] Thread (main_thread)[0x0067fde0]} sys_semaphore warning: sys_semaphore_create(sem_addr=0x30104630, attr_addr=0xd000f760, initial_count=0, max_count=1)
HLE: ! {PPU[1] Thread (main_thread)[0x0067fde0]} sys_semaphore : *** semaphore created [] (protocol=0x2): id = 118
HLE: W {PPU[1] Thread (main_thread)[0x0067fde0]} sys_semaphore warning: sys_semaphore_create(sem_addr=0x3010463c, attr_addr=0xd000f760, initial_count=0, max_count=1)
HLE: ! {PPU[1] Thread (main_thread)[0x0067fde0]} sys_semaphore : *** semaphore created [] (protocol=0x2): id = 119
HLE: W {PPU[1] Thread (main_thread)[0x0067fde0]} sys_semaphore warning: sys_semaphore_create(sem_addr=0x30104648, attr_addr=0xd000f760, initial_count=0, max_count=1)
HLE: ! {PPU[1] Thread (main_thread)[0x0067fde0]} sys_semaphore : *** semaphore created [] (protocol=0x2): id = 120
HLE: W {PPU[1] Thread (main_thread)[0x0067fde0]} sys_semaphore warning: sys_semaphore_create(sem_addr=0x30104654, attr_addr=0xd000f760, initial_count=0, max_count=1)
HLE: ! {PPU[1] Thread (main_thread)[0x0067fde0]} sys_semaphore : *** semaphore created [] (protocol=0x2): id = 121
HLE: W {PPU[1] Thread (main_thread)[0x0067fde0]} sys_semaphore warning: sys_semaphore_create(sem_addr=0x30104660, attr_addr=0xd000f760, initial_count=0, max_count=1)
HLE: ! {PPU[1] Thread (main_thread)[0x0067fde0]} sys_semaphore : *** semaphore created [] (protocol=0x2): id = 122
HLE: W {PPU[1] Thread (main_thread)[0x0067fde0]} sys_semaphore warning: sys_semaphore_create(sem_addr=0x3010466c, attr_addr=0xd000f760, initial_count=0, max_count=1)
HLE: ! {PPU[1] Thread (main_thread)[0x0067fde0]} sys_semaphore : *** semaphore created [] (protocol=0x2): id = 123
HLE: W {PPU[1] Thread (main_thread)[0x007143e8]} sys_fs warning: cellFsStat(path="/dev_hdd0/game/NPEB00445/USRDIR/sdata.sdat", sb_addr=0xd000f4c0)
SPU: E {SPU[99] Thread (TGS_CellSpursKernel0)[0x00000a00]} SPURecompilerCore::Compile(ls_addr=0xa00): branch to 0x0 opcode
SPU: E {SPU[100] Thread (TGS_CellSpursKernel1)[0x00000a00]} SPURecompilerCore::Compile(ls_addr=0xa00): branch to 0x0 opcode
SPU: E {SPU[101] Thread (TGS_CellSpursKernel2)[0x00000a00]} SPURecompilerCore::Compile(ls_addr=0xa00): branch to 0x0 opcode
SPU: E {SPU[102] Thread (TGS_CellSpursKernel3)[0x00000a00]} SPURecompilerCore::Compile(ls_addr=0xa00): branch to 0x0 opcode
HLE: ! {PPU[1] Thread (main_thread)[0x00eab028]} sys_ppu_thread : *** New PPU Thread [] (detached, entry=0xa1b8f0): id = 124
HLE: W {PPU[1] Thread (main_thread)[0x00eab058]} sys_lwmutex warning: sys_lwmutex_create(lwmutex_addr=0x30a05790, attr_addr=0xd000f5a0)
HLE: ! {PPU[1] Thread (main_thread)[0x00eab058]} sys_lwmutex : *** lwmutex created [name] (attribute=0x11): sq_id = 125
HLE: W {PPU[1] Thread (main_thread)[0x00e6f088]} sys_fs warning: cellFsSdataOpen(path="/dev_hdd0/game/NPEB00445/USRDIR/sdata.sdat", flags=0x0, fd_addr=0x30a057a8, arg_addr=0x0, size=0x0) -> cellFsOpen()
HLE: ! {PPU[1] Thread (main_thread)[0x00e6f088]} sys_fs : "/dev_hdd0/game/NPEB00445/USRDIR/sdata.sdat" opened: fd = 126
HLE: W {PPU[1] Thread (main_thread)[0x00e6f004]} sys_fs warning: cellFsClose(fd=126)
HLE: W {PPU[1] Thread (main_thread)[0x00eab124]} sys_lwmutex warning: sys_lwmutex_destroy(lwmutex_addr=0x30a05790)
HLE: W {PPU[1] Thread (main_thread)[0x007143e8]} sys_fs warning: cellFsStat(path="/dev_hdd0/game/NPEB00445/USRDIR/data.pak", sb_addr=0xd000f4c0)
HLE: W {PPU[1] Thread (main_thread)[0x00eab058]} sys_lwmutex warning: sys_lwmutex_create(lwmutex_addr=0x30a05790, attr_addr=0xd000f5a0)
HLE: ! {PPU[1] Thread (main_thread)[0x00eab058]} sys_lwmutex : *** lwmutex created [name] (attribute=0x11): sq_id = 127
HLE: ! {PPU[1] Thread (main_thread)[0x00e6f028]} sys_fs : "/dev_hdd0/game/NPEB00445/USRDIR/data.pak" opened: fd = 128
HLE: W {PPU[1] Thread (main_thread)[0x00eab058]} sys_lwmutex warning: sys_lwmutex_create(lwmutex_addr=0x30a647a0, attr_addr=0xd000f7b0)
HLE: ! {PPU[1] Thread (main_thread)[0x00eab058]} sys_lwmutex : *** lwmutex created [name] (attribute=0x11): sq_id = 129
HLE: W {PPU[1] Thread (main_thread)[0x00eab058]} sys_lwmutex warning: sys_lwmutex_create(lwmutex_addr=0x30a77560, attr_addr=0xd000f6e0)
HLE: ! {PPU[1] Thread (main_thread)[0x00eab058]} sys_lwmutex : *** lwmutex created [name] (attribute=0x11): sq_id = 130
HLE: W {PPU[1] Thread (main_thread)[0x00eab058]} sys_lwmutex warning: sys_lwmutex_create(lwmutex_addr=0x30a77578, attr_addr=0xd000f6e0)
HLE: ! {PPU[1] Thread (main_thread)[0x00eab058]} sys_lwmutex : *** lwmutex created [name] (attribute=0x11): sq_id = 131
HLE: W {PPU[1] Thread (main_thread)[0x00eab058]} sys_lwmutex warning: sys_lwmutex_create(lwmutex_addr=0x30a775a8, attr_addr=0xd000f6e0)
HLE: ! {PPU[1] Thread (main_thread)[0x00eab058]} sys_lwmutex : *** lwmutex created [name] (attribute=0x11): sq_id = 132
HLE: W {PPU[1] Thread (main_thread)[0x00eab058]} sys_lwmutex warning: sys_lwmutex_create(lwmutex_addr=0x30a775e0, attr_addr=0xd000f6e0)
HLE: ! {PPU[1] Thread (main_thread)[0x00eab058]} sys_lwmutex : *** lwmutex created [name] (attribute=0x11): sq_id = 133
HLE: W {PPU[1] Thread (main_thread)[0x00eab058]} sys_lwmutex warning: sys_lwmutex_create(lwmutex_addr=0x30a778e8, attr_addr=0xd000f710)
HLE: ! {PPU[1] Thread (main_thread)[0x00eab058]} sys_lwmutex : *** lwmutex created [name] (attribute=0x11): sq_id = 134
HLE: W {PPU[1] Thread (main_thread)[0x00eab058]} sys_lwmutex warning: sys_lwmutex_create(lwmutex_addr=0x30ac8c70, attr_addr=0xd000f660)
HLE: ! {PPU[1] Thread (main_thread)[0x00eab058]} sys_lwmutex : *** lwmutex created [name] (attribute=0x11): sq_id = 135
HLE: W {PPU[1] Thread (main_thread)[0x00eab058]} sys_lwmutex warning: sys_lwmutex_create(lwmutex_addr=0x30ac8c88, attr_addr=0xd000f660)
HLE: ! {PPU[1] Thread (main_thread)[0x00eab058]} sys_lwmutex : *** lwmutex created [name] (attribute=0x11): sq_id = 136
HLE: W {PPU[1] Thread (main_thread)[0x00eab058]} sys_lwmutex warning: sys_lwmutex_create(lwmutex_addr=0x30ac8ca0, attr_addr=0xd000f660)
HLE: ! {PPU[1] Thread (main_thread)[0x00eab058]} sys_lwmutex : *** lwmutex created [name] (attribute=0x11): sq_id = 137
HLE: W {PPU[1] Thread (main_thread)[0x00eab058]} sys_lwmutex warning: sys_lwmutex_create(lwmutex_addr=0x30acd1f0, attr_addr=0xd000f660)
HLE: ! {PPU[1] Thread (main_thread)[0x00eab058]} sys_lwmutex : *** lwmutex created [name] (attribute=0x11): sq_id = 138
HLE: W {PPU[1] Thread (main_thread)[0x00eab058]} sys_lwmutex warning: sys_lwmutex_create(lwmutex_addr=0x30acd208, attr_addr=0xd000f660)
HLE: ! {PPU[1] Thread (main_thread)[0x00eab058]} sys_lwmutex : *** lwmutex created [name] (attribute=0x11): sq_id = 139
HLE: W {PPU[1] Thread (main_thread)[0x00e83010]} cellGcmSys warning: _cellGcmInitBody(context_addr=0xd85b60, cmdSize=0x10000, ioSize=0x200000, ioAddress=0x30c00000)
HLE: W {PPU[1] Thread (main_thread)[0x00e83010]} cellGcmSys warning: *** local memory(addr=0xc0000000, size=0xf900000)
HLE: W {PPU[1] Thread (main_thread)[0x00e83010]} cellGcmSys warning: cellGcmInit(): 256MB io address space used
HLE: W {PPU[1] Thread (main_thread)[0x00e83010]} cellGcmSys warning: cellGcmMapEaIoAddress(ea=0x30c00000, io=0x0, size=0x200000)
RSX: ! {RSXThread} RSX thread started
HLE: W {PPU[1] Thread (main_thread)[0x00e730ac]} cellSysutil warning: cellVideoOutGetResolutionAvailability(videoOut=0, resolutionId=0x1, option_addr=0x0, aspect=0x0, option=0xbd394d60)
HLE: W {PPU[1] Thread (main_thread)[0x00e730ac]} cellSysutil warning: cellVideoOutGetResolutionAvailability(videoOut=0, resolutionId=0x1, option_addr=0x0, aspect=0x0, option=0xbd394d60)
HLE: W {PPU[1] Thread (main_thread)[0x00e73028]} cellSysutil warning: cellVideoOutGetDeviceInfo(videoOut=0, deviceIndex=0, info_addr=0xd000f384)
HLE: W {PPU[1] Thread (main_thread)[0x00e73010]} cellSysutil warning: cellVideoOutConfigure(videoOut=0, config_addr=0xd000f348, option_addr=0x0, waitForEvent=0x0)
TTY: ===============================================================
TTY: Output Resolution:	(2) 1920x1080
TTY: Render Buffer:		1920x1080
TTY: Aspect:				Widescreen
TTY: Using libresc:		No
TTY: Scan Mode:			Interlaced
TTY: Remote Render:		No
TTY: Refresh Rate:		50
TTY: ===============================================================
HLE: W {PPU[1] Thread (main_thread)[0x00e83094]} cellGcmSys warning: cellGcmSetFlipHandler(handler_addr=10697000)
HLE: W {PPU[1] Thread (main_thread)[0x00e830d0]} cellGcmSys warning: cellGcmSetTileInfo(index=0, location=0, offset=0, size=8912896, pitch=8192, comp=0, base=0, bank=0)
HLE: W {PPU[1] Thread (main_thread)[0x00e83040]} cellGcmSys warning: cellGcmBindTile(index=0)
HLE: W {PPU[1] Thread (main_thread)[0x00e830d0]} cellGcmSys warning: cellGcmSetTileInfo(index=1, location=0, offset=8912896, size=8912896, pitch=8192, comp=0, base=0, bank=0)
HLE: W {PPU[1] Thread (main_thread)[0x00e83040]} cellGcmSys warning: cellGcmBindTile(index=1)
HLE: W {PPU[1] Thread (main_thread)[0x00e830d0]} cellGcmSys warning: cellGcmSetTileInfo(index=2, location=0, offset=17825792, size=8912896, pitch=8192, comp=9, base=0, bank=0)
HLE: E {PPU[1] Thread (main_thread)[0x00e830d0]} cellGcmSys error: cellGcmSetTileInfo: bad compression mode! (9)
HLE: W {PPU[1] Thread (main_thread)[0x00e83040]} cellGcmSys warning: cellGcmBindTile(index=2)
HLE: ! {PPU[1] Thread (main_thread)[0x00eab028]} sys_ppu_thread : *** New PPU Thread [RenderPTask] (detached, entry=0xa2a4b0): id = 140
G: E {PPU[1] Thread (main_thread)[0x006adf68]} Exception: Access violation: addr = 0x47 (is_alive=1, last_syscall=0x0 (Unknown func id: 0x00000000))
RSX: W {RSXThread} RSX thread aborted
RSX: W {VBlank thread} VBlank thread aborted
HLE: W {PPU[140] Thread (RenderPTask)[0x00eab000]} sys_lwmutex warning: sys_lwmutex_t::lock(sq=138) aborted
HLE: W {SPU[100] Thread (TGS_CellSpursKernel1)[0x00000000]} cellSpurs warning: Spurs Kernel aborted
HLE: W {SPU[102] Thread (TGS_CellSpursKernel3)[0x00000000]} cellSpurs warning: Spurs Kernel aborted
HLE: W {SPU[101] Thread (TGS_CellSpursKernel2)[0x00000000]} cellSpurs warning: Spurs Kernel aborted
HLE: W {PPU[124] Thread[0x0067d9cc]} sys_semaphore warning: sys_semaphore_wait(52) aborted
HLE: W {PPU[107] Thread (TGS_SpursHdlr0)[0x00000000]} sys_spu warning: sys_spu_thread_group_join(id=98) aborted
HLE: W {SPU[99] Thread (TGS_CellSpursKernel0)[0x00000000]} cellSpurs warning: Spurs Kernel aborted
HLE: W {PPU[107] Thread (TGS_SpursHdlr0)[0x00000000]} cellSpurs warning: SPURS Handler Thread 0 aborted
PPU: ! {PPU Recompilation Engine} PPU LLVM Recompilation thread exiting.
HLE: ! All threads stopped...
MEM: ! Closing memory...
