HLE: ! path: /dev_hdd0/game/
HLE: W No pause.bin found, Auto Pause will not work.
HLE: W No pause.bin found, Auto Pause will not work.
LDR: ! Loading 'D:\Emulateurs\Rpcs3\dev_hdd0\game\NPEB00338/USRDIR/BOOT.BIN'...
LDR: !  
LDR: ! Mount info:
LDR: ! /dev_hdd0/ -> ./dev_hdd0/
LDR: ! /dev_hdd1/ -> ./dev_hdd1/
LDR: ! /dev_flash/ -> ./dev_flash/
LDR: ! /dev_usb000/ -> ./dev_usb000/
LDR: ! /dev_usb/ -> ./dev_usb000/
LDR: ! /app_home/ -> D:\Emulateurs\Rpcs3\dev_hdd0\game\NPEB00338/
LDR: ! /dev_bdvd/ -> D:\Emulateurs\Rpcs3\dev_hdd0\game\NPEB00338//../
LDR: ! /host_root/ -> 
LDR: ! /app_home/PS3_GAME/USRDIR/ -> D:\Emulateurs\Rpcs3\dev_hdd0\game\NPEB00338//USRDIR/
LDR: ! /dev_flash2/ -> ./dev_flash2/
LDR: ! /app_home/Game/PS3_GAME/USRDIR/ -> D:\Emulateurs\Rpcs3\dev_hdd0\game\NPEB00338//USRDIR/
LDR: ! //dev_hdd0/ -> ./dev_hdd0/
LDR: ! / -> D:\Emulateurs\Rpcs3\dev_hdd0\game\NPEB00338//USRDIR/
LDR: ! /app_home//dev_bdvd/PS3_GAME/USRDIR/data/gos/ -> D:\Emulateurs\Rpcs3\dev_hdd0\game\NPEB00338//USRDIR/
LDR: !  
LDR: ! Title: Dead Space™ Ignition
LDR: ! Serial: NPEB00338
LDR: !  
LDR: W m_ehdr.e_type = 0x2
MEM: ! Initializing memory: base_addr = 0x39cb270000
MEM: ! Memory initialized.
LDR: ! Imported function 'cellGcmGetLabelAddress' in 'cellGcmSys' module  (HLE)
LDR: ! Imported function 'cellGcmGetConfiguration' in 'cellGcmSys' module  (HLE)
LDR: ! Imported function '_cellGcmSetFlipCommandWithWaitLabel' in 'cellGcmSys' module  (HLE)
LDR: ! Imported function 'cellGcmSetTile' in 'cellGcmSys' module  (HLE)
LDR: ! Imported function 'cellGcmInitDefaultFifoMode' in 'cellGcmSys' module  (HLE)
LDR: ! Imported function 'cellGcmResetFlipStatus' in 'cellGcmSys' module  (HLE)
LDR: ! Imported function 'cellGcmGetControlRegister' in 'cellGcmSys' module  (HLE)
LDR: ! Imported function 'cellGcmSetDisplayBuffer' in 'cellGcmSys' module  (HLE)
LDR: ! Imported function 'cellGcmMapMainMemory' in 'cellGcmSys' module  (HLE)
LDR: ! Imported function 'cellGcmSetDefaultFifoSize' in 'cellGcmSys' module  (HLE)
LDR: ! Imported function 'cellGcmGetDefaultSegmentWordSize' in 'cellGcmSys' module  (HLE)
LDR: ! Imported function 'cellGcmGetFlipStatus' in 'cellGcmSys' module  (HLE)
LDR: ! Imported function 'cellGcmGetVBlankCount' in 'cellGcmSys' module  (HLE)
LDR: ! Imported function 'cellGcmGetDefaultCommandWordSize' in 'cellGcmSys' module  (HLE)
LDR: ! Imported function 'cellGcmSetFlipMode' in 'cellGcmSys' module  (HLE)
LDR: ! Imported function 'cellGcmBindTile' in 'cellGcmSys' module  (HLE)
LDR: ! Imported function '_cellGcmFunc15' in 'cellGcmSys' module  (HLE)
LDR: ! Imported function 'cellGcmAddressToOffset' in 'cellGcmSys' module  (HLE)
LDR: ! Imported function '_cellGcmSetFlipCommand' in 'cellGcmSys' module  (HLE)
LDR: ! Imported function '_cellGcmInitBody' in 'cellGcmSys' module  (HLE)
LDR: ! Imported function 'cellGcmBindZcull' in 'cellGcmSys' module  (HLE)
LDR: ! Imported function 'cellGcmSetUserHandler' in 'cellGcmSys' module  (HLE)
LDR: ! Imported function 'cellGcmGetTiledPitchSize' in 'cellGcmSys' module  (HLE)
LDR: ! Imported function 'cellRtcSetTick' in 'cellRtc' module  (HLE)
LDR: ! Imported function '_cellSpursLFQueueInitialize' in 'cellSpurs' module  (HLE)
LDR: ! Imported function '_cellSpursTasksetAttributeInitialize' in 'cellSpurs' module  (HLE)
LDR: ! Imported function 'cellSpursLFQueueAttachLv2EventQueue' in 'cellSpurs' module  (HLE)
LDR: ! Imported function 'cellSpursTaskGetLoadableSegmentPattern' in 'cellSpurs' module  (HLE)
LDR: ! Imported function 'cellSpursEventFlagDetachLv2EventQueue' in 'cellSpurs' module  (HLE)
LDR: ! Imported function 'cellSpursCreateJobChainWithAttribute' in 'cellSpurs' module  (HLE)
LDR: ! Imported function '_cellSpursJobChainAttributeInitialize' in 'cellSpurs' module  (HLE)
LDR: ! Imported function 'cellSpursEventFlagWait' in 'cellSpurs' module  (HLE)
LDR: ! Imported function 'cellSpursCreateTaskset2' in 'cellSpurs' module  (HLE)
LDR: ! Imported function '_cellSpursEventFlagInitialize' in 'cellSpurs' module  (HLE)
LDR: ! Imported function 'cellSpursTasksetAttributeSetName' in 'cellSpurs' module  (HLE)
LDR: ! Imported function 'cellSpursJobGuardInitialize' in 'cellSpurs' module  (HLE)
LDR: ! Imported function 'cellSpursEventFlagTryWait' in 'cellSpurs' module  (HLE)
LDR: ! Imported function 'cellSpursShutdownJobChain' in 'cellSpurs' module  (HLE)
LDR: ! Imported function 'cellSpursTaskGetReadOnlyAreaPattern' in 'cellSpurs' module  (HLE)
LDR: ! Imported function 'cellSpursEventFlagAttachLv2EventQueue' in 'cellSpurs' module  (HLE)
LDR: ! Imported function '_cellSpursLFQueuePushBody' in 'cellSpurs' module  (HLE)
LDR: ! Imported function '_cellSpursTaskAttribute2Initialize' in 'cellSpurs' module  (HLE)
LDR: ! Imported function 'cellSpursTaskGetContextSaveAreaSize' in 'cellSpurs' module  (HLE)
LDR: ! Imported function 'cellSpursTaskGenerateLsPattern' in 'cellSpurs' module  (HLE)
LDR: ! Imported function '_cellSpursAttributeInitialize' in 'cellSpurs' module  (HLE)
LDR: ! Imported function 'cellSpursJoinTaskset' in 'cellSpurs' module  (HLE)
LDR: ! Imported function 'cellSpursJobChainAttributeSetName' in 'cellSpurs' module  (HLE)
LDR: ! Imported function 'cellSpursShutdownTaskset' in 'cellSpurs' module  (HLE)
LDR: ! Imported function 'cellSpursJoinTask2' in 'cellSpurs' module  (HLE)
LDR: ! Imported function 'cellSpursJoinJobChain' in 'cellSpurs' module  (HLE)
LDR: ! Imported function 'cellSpursInitializeWithAttribute' in 'cellSpurs' module  (HLE)
LDR: ! Imported function 'cellSpursCreateTasksetWithAttribute' in 'cellSpurs' module  (HLE)
LDR: ! Imported function '_cellSpursTasksetAttribute2Initialize' in 'cellSpurs' module  (HLE)
LDR: ! Imported function 'cellSpursFinalize' in 'cellSpurs' module  (HLE)
LDR: ! Imported function 'cellSpursJobGuardNotify' in 'cellSpurs' module  (HLE)
LDR: ! Imported function 'cellSpursCreateTask2' in 'cellSpurs' module  (HLE)
LDR: ! Imported function 'cellSpursRunJobChain' in 'cellSpurs' module  (HLE)
LDR: ! Imported function 'cellSpursEventFlagSet' in 'cellSpurs' module  (HLE)
LDR: ! Imported function 'cellSpursDetachLv2EventQueue' in 'cellSpurs' module  (HLE)
LDR: ! Imported function 'cellSpursCreateTaskset' in 'cellSpurs' module  (HLE)
LDR: ! Imported function 'cellSpursLFQueueDetachLv2EventQueue' in 'cellSpurs' module  (HLE)
LDR: ! Imported function 'cellSpursInitialize' in 'cellSpurs' module  (HLE)
LDR: ! Imported function 'cellSpursAttachLv2EventQueue' in 'cellSpurs' module  (HLE)
LDR: ! Imported function 'cellSpursCreateTask' in 'cellSpurs' module  (HLE)
LDR: ! Imported function '_cellSpursSendSignal' in 'cellSpurs' module  (HLE)
LDR: ! Imported function 'cellSysmoduleUnloadModule' in 'cellSysmodule' module  (HLE)
LDR: ! Imported function 'cellSysmoduleLoadModule' in 'cellSysmodule' module  (HLE)
LDR: ! Imported function 'cellFsClose' in 'sys_fs' module  (HLE)
LDR: ! Imported function 'cellFsOpendir' in 'sys_fs' module  (HLE)
LDR: ! Imported function 'cellFsRead' in 'sys_fs' module  (HLE)
LDR: ! Imported function 'cellFsReaddir' in 'sys_fs' module  (HLE)
LDR: ! Imported function 'cellFsOpen' in 'sys_fs' module  (HLE)
LDR: ! Imported function 'cellFsLseek' in 'sys_fs' module  (HLE)
LDR: ! Imported function 'cellFsAioRead' in 'sys_fs' module  (HLE)
LDR: ! Imported function 'cellFsAioInit' in 'sys_fs' module  (HLE)
LDR: ! Imported function 'cellFsWrite' in 'sys_fs' module  (HLE)
LDR: ! Imported function 'cellFsFstat' in 'sys_fs' module  (HLE)
LDR: ! Imported function 'cellFsClosedir' in 'sys_fs' module  (HLE)
LDR: ! Imported function 'cellPadClearBuf' in 'sys_io' module  (HLE)
LDR: ! Imported function 'cellPadInit' in 'sys_io' module  (HLE)
LDR: ! Imported function 'cellPadSetPortSetting' in 'sys_io' module  (HLE)
LDR: ! Imported function 'cellPadGetData' in 'sys_io' module  (HLE)
LDR: ! Imported function 'cellPadGetInfo2' in 'sys_io' module  (HLE)
LDR: ! Imported function 'cellPadSetActDirect' in 'sys_io' module  (HLE)
LDR: ! Imported function 'cellSysutilUnregisterCallback' in 'cellSysutil' module  (HLE)
LDR: ! Imported function 'cellVideoOutConfigure' in 'cellSysutil' module  (HLE)
LDR: ! Imported function 'cellSysutilCheckCallback' in 'cellSysutil' module  (HLE)
LDR: ! Imported function 'cellSysutilGetSystemParamInt' in 'cellSysutil' module  (HLE)
LDR: ! Imported function 'cellVideoOutGetState' in 'cellSysutil' module  (HLE)
LDR: ! Imported function 'cellSaveDataAutoSave2' in 'cellSysutil' module  (HLE)
LDR: ! Imported function 'cellSysutilRegisterCallback' in 'cellSysutil' module  (HLE)
LDR: W Unimplemented function 'cellSaveDataFixedDelete' in 'cellSysutil' module (HLE)
LDR: ! Imported function 'cellVideoOutGetResolution' in 'cellSysutil' module  (HLE)
LDR: ! Imported function 'cellAudioOutGetNumberOfDevice' in 'cellSysutil' module  (HLE)
LDR: ! Imported function 'cellAudioOutGetState' in 'cellSysutil' module  (HLE)
LDR: ! Imported function 'cellSaveDataAutoLoad2' in 'cellSysutil' module  (HLE)
LDR: ! Imported function 'cellAudioOutConfigure' in 'cellSysutil' module  (HLE)
LDR: ! Imported function 'cellAudioOutGetDeviceInfo' in 'cellSysutil' module  (HLE)
LDR: ! Imported function 'cellAudioOutGetSoundAvailability' in 'cellSysutil' module  (HLE)
LDR: ! Imported function 'cellAudioOutGetConfiguration' in 'cellSysutil' module  (HLE)
LDR: W Unknown module 'cellSaveData'
LDR: ! Imported function 'cellSaveDataListDelete' in 'cellSaveData' module  (HLE)
LDR: ! Imported function 'sceNpBasicGetFriendListEntry' in 'sceNp' module  (HLE)
LDR: ! Imported function 'sceNpSignalingGetConnectionInfo' in 'sceNp' module  (HLE)
LDR: ! Imported function 'sceNpScoreGetRankingByRangeAsync' in 'sceNp' module  (HLE)
LDR: ! Imported function 'sceNpScoreDestroyTitleCtx' in 'sceNp' module  (HLE)
LDR: ! Imported function 'sceNpDrmVerifyUpgradeLicense' in 'sceNp' module  (HLE)
LDR: ! Imported function 'sceNpBasicGetFriendPresenceByIndex' in 'sceNp' module  (HLE)
LDR: ! Imported function 'sceNpScoreInit' in 'sceNp' module  (HLE)
LDR: ! Imported function 'sceNpSignalingGetConnectionFromPeerAddress' in 'sceNp' module  (HLE)
LDR: ! Imported function 'sceNpManagerGetAvatarUrl' in 'sceNp' module  (HLE)
LDR: ! Imported function 'sceNpLookupAbortTransaction' in 'sceNp' module  (HLE)
LDR: ! Imported function 'sceNpScoreGetRankingByNpIdAsync' in 'sceNp' module  (HLE)
LDR: ! Imported function 'sceNpCustomMenuRegisterActions' in 'sceNp' module  (HLE)
LDR: ! Imported function 'sceNpSignalingAddExtendedHandler' in 'sceNp' module  (HLE)
LDR: ! Imported function 'sceNpManagerUnregisterCallback' in 'sceNp' module  (HLE)
LDR: ! Imported function 'sceNpLookupDestroyTitleCtx' in 'sceNp' module  (HLE)
LDR: ! Imported function 'sceNpBasicSetPresenceDetails2' in 'sceNp' module  (HLE)
LDR: ! Imported function 'sceNpLookupInit' in 'sceNp' module  (HLE)
LDR: ! Imported function 'sceNpSignalingActivateConnection' in 'sceNp' module  (HLE)
LDR: ! Imported function 'sceNpSignalingCreateCtx' in 'sceNp' module  (HLE)
LDR: ! Imported function 'sceNpBasicRecvMessageAttachmentLoad' in 'sceNp' module  (HLE)
LDR: ! Imported function 'sceNpManagerGetContentRatingFlag' in 'sceNp' module  (HLE)
LDR: ! Imported function 'sceNpScoreCreateTransactionCtx' in 'sceNp' module  (HLE)
LDR: ! Imported function 'sceNpBasicGetBlockListEntryCount' in 'sceNp' module  (HLE)
LDR: ! Imported function 'sceNpLookupPollAsync' in 'sceNp' module  (HLE)
LDR: ! Imported function 'sceNpLookupTerm' in 'sceNp' module  (HLE)
LDR: ! Imported function 'sceNpSignalingTerminateConnection' in 'sceNp' module  (HLE)
LDR: ! Imported function 'sceNpScoreTerm' in 'sceNp' module  (HLE)
LDR: ! Imported function 'sceNpScorePollAsync' in 'sceNp' module  (HLE)
LDR: ! Imported function 'sceNpManagerGetStatus' in 'sceNp' module  (HLE)
LDR: ! Imported function 'sceNpSignalingDestroyCtx' in 'sceNp' module  (HLE)
LDR: ! Imported function 'sceNpBasicUnregisterHandler' in 'sceNp' module  (HLE)
LDR: ! Imported function 'sceNpDrmIsAvailable' in 'sceNp' module  (HLE)
LDR: ! Imported function 'sceNpBasicGetFriendListEntryCount' in 'sceNp' module  (HLE)
LDR: ! Imported function 'sceNpManagerGetAccountRegion' in 'sceNp' module  (HLE)
LDR: ! Imported function 'sceNpScoreCreateTitleCtx' in 'sceNp' module  (HLE)
LDR: ! Imported function 'sceNpBasicRegisterHandler' in 'sceNp' module  (HLE)
LDR: ! Imported function 'sceNpBasicAddPlayersHistoryAsync' in 'sceNp' module  (HLE)
LDR: ! Imported function 'sceNpManagerGetNetworkTime' in 'sceNp' module  (HLE)
LDR: ! Imported function 'sceNpLookupAvatarImageAsync' in 'sceNp' module  (HLE)
LDR: ! Imported function 'sceNpScoreDestroyTransactionCtx' in 'sceNp' module  (HLE)
LDR: ! Imported function 'sceNpSignalingGetConnectionStatus' in 'sceNp' module  (HLE)
LDR: ! Imported function 'sceNpLookupCreateTitleCtx' in 'sceNp' module  (HLE)
LDR: ! Imported function 'sceNpProfileCallGui' in 'sceNp' module  (HLE)
LDR: ! Imported function 'sceNpUtilCmpNpId' in 'sceNp' module  (HLE)
LDR: ! Imported function 'sceNpScoreGetGameDataAsync' in 'sceNp' module  (HLE)
LDR: ! Imported function 'sceNpBasicGetEvent' in 'sceNp' module  (HLE)
LDR: ! Imported function 'sceNpManagerRegisterCallback' in 'sceNp' module  (HLE)
LDR: ! Imported function 'sceNpSignalingGetConnectionFromNpId' in 'sceNp' module  (HLE)
LDR: ! Imported function 'sceNpLookupCreateTransactionCtx' in 'sceNp' module  (HLE)
LDR: ! Imported function 'sceNpManagerGetChatRestrictionFlag' in 'sceNp' module  (HLE)
LDR: ! Imported function 'sceNpScoreAbortTransaction' in 'sceNp' module  (HLE)
LDR: ! Imported function 'sceNpScoreRecordScoreAsync' in 'sceNp' module  (HLE)
LDR: ! Imported function 'sceNpDrmExecuteGamePurchase' in 'sceNp' module  (HLE)
LDR: ! Imported function 'sceNpBasicGetBlockListEntry' in 'sceNp' module  (HLE)
LDR: ! Imported function 'sceNpManagerGetOnlineName' in 'sceNp' module  (HLE)
LDR: ! Imported function 'sceNpScoreRecordGameDataAsync' in 'sceNp' module  (HLE)
LDR: ! Imported function 'sceNpCustomMenuActionSetActivation' in 'sceNp' module  (HLE)
LDR: ! Imported function 'sceNpLookupDestroyTransactionCtx' in 'sceNp' module  (HLE)
LDR: ! Imported function 'sceNpSignalingDeactivateConnection' in 'sceNp' module  (HLE)
LDR: ! Imported function 'sceNpManagerGetNpId' in 'sceNp' module  (HLE)
LDR: W Unimplemented function 'sceNpMatching2DestroyContext' in 'sceNp2' module (HLE)
LDR: W Unimplemented function 'sceNpMatching2RegisterLobbyMessageCallback' in 'sceNp2' module (HLE)
LDR: W Unimplemented function 'sceNpMatching2GetWorldInfoList' in 'sceNp2' module (HLE)
LDR: W Unimplemented function 'sceNpMatching2RegisterLobbyEventCallback' in 'sceNp2' module (HLE)
LDR: W Unimplemented function 'sceNpMatching2SearchRoom' in 'sceNp2' module (HLE)
LDR: W Unimplemented function 'sceNpMatching2LeaveRoom' in 'sceNp2' module (HLE)
LDR: W Unimplemented function 'sceNpMatching2SetRoomDataExternal' in 'sceNp2' module (HLE)
LDR: W Unimplemented function 'sceNpMatching2AbortRequest' in 'sceNp2' module (HLE)
LDR: W Unimplemented function 'sceNpMatching2Term' in 'sceNp2' module (HLE)
LDR: W Unimplemented function 'sceNpMatching2GetEventData' in 'sceNp2' module (HLE)
LDR: W Unimplemented function 'sceNpMatching2Init' in 'sceNp2' module (HLE)
LDR: W Unimplemented function 'sceNp2Init' in 'sceNp2' module (HLE)
LDR: W Unimplemented function 'sceNpMatching2AbortContextStart' in 'sceNp2' module (HLE)
LDR: W Unimplemented function 'sceNpMatching2JoinRoom' in 'sceNp2' module (HLE)
LDR: W Unimplemented function 'sceNpMatching2GetRoomMemberDataInternalLocal' in 'sceNp2' module (HLE)
LDR: W Unimplemented function 'sceNpMatching2ContextStartAsync' in 'sceNp2' module (HLE)
LDR: W Unimplemented function 'sceNpMatching2RegisterContextCallback' in 'sceNp2' module (HLE)
LDR: W Unimplemented function 'sceNpMatching2SetRoomDataInternal' in 'sceNp2' module (HLE)
LDR: W Unimplemented function 'sceNpMatching2GetServerIdListLocal' in 'sceNp2' module (HLE)
LDR: W Unimplemented function 'sceNpMatching2CreateContext' in 'sceNp2' module (HLE)
LDR: W Unimplemented function 'sceNpMatching2RegisterSignalingCallback' in 'sceNp2' module (HLE)
LDR: W Unimplemented function 'sceNp2Term' in 'sceNp2' module (HLE)
LDR: W Unimplemented function 'sceNpMatching2SetDefaultRequestOptParam' in 'sceNp2' module (HLE)
LDR: W Unimplemented function 'sceNpMatching2RegisterRoomEventCallback' in 'sceNp2' module (HLE)
LDR: W Unimplemented function 'sceNpMatching2CreateJoinRoom' in 'sceNp2' module (HLE)
LDR: W Unimplemented function 'sceNpMatching2ContextStop' in 'sceNp2' module (HLE)
LDR: W Unimplemented function 'sceNpMatching2RegisterRoomMessageCallback' in 'sceNp2' module (HLE)
LDR: ! Imported function 'cellAudioInit' in 'cellAudio' module  (HLE)
LDR: ! Imported function 'cellAudioPortStop' in 'cellAudio' module  (HLE)
LDR: ! Imported function 'cellAudioGetPortConfig' in 'cellAudio' module  (HLE)
LDR: ! Imported function 'cellAudioPortStart' in 'cellAudio' module  (HLE)
LDR: ! Imported function 'cellAudioQuit' in 'cellAudio' module  (HLE)
LDR: ! Imported function 'cellAudioPortOpen' in 'cellAudio' module  (HLE)
LDR: ! Imported function 'cellAudioPortClose' in 'cellAudio' module  (HLE)
LDR: W Unimplemented function 'cellVoiceStart' in 'cellVoice' module (HLE)
LDR: W Unimplemented function 'cellVoiceDisconnectIPortFromOPort' in 'cellVoice' module (HLE)
LDR: W Unimplemented function 'cellVoiceCreateNotifyEventQueue' in 'cellVoice' module (HLE)
LDR: W Unimplemented function 'cellVoiceCreatePort' in 'cellVoice' module (HLE)
LDR: W Unimplemented function 'cellVoiceSetNotifyEventQueue' in 'cellVoice' module (HLE)
LDR: W Unimplemented function 'cellVoiceReadFromOPort' in 'cellVoice' module (HLE)
LDR: W Unimplemented function 'cellVoiceWriteToIPort' in 'cellVoice' module (HLE)
LDR: W Unimplemented function 'cellVoiceGetPortInfo' in 'cellVoice' module (HLE)
LDR: W Unimplemented function 'cellVoiceSetBitRate' in 'cellVoice' module (HLE)
LDR: W Unimplemented function 'cellVoiceDeletePort' in 'cellVoice' module (HLE)
LDR: W Unimplemented function 'cellVoiceConnectIPortToOPort' in 'cellVoice' module (HLE)
LDR: W Unimplemented function 'cellVoiceInit' in 'cellVoice' module (HLE)
LDR: W Unimplemented function 'cellVoiceRemoveNotifyEventQueue' in 'cellVoice' module (HLE)
LDR: W Unimplemented function 'cellVoiceEnd' in 'cellVoice' module (HLE)
LDR: ! Imported function 'sys_net_initialize_network_ex' in 'sys_net' module  (HLE)
LDR: ! Imported function 'recvfrom' in 'sys_net' module  (HLE)
LDR: ! Imported function 'socketclose' in 'sys_net' module  (HLE)
LDR: ! Imported function 'setsockopt' in 'sys_net' module  (HLE)
LDR: ! Imported function 'sendto' in 'sys_net' module  (HLE)
LDR: ! Imported function 'socket' in 'sys_net' module  (HLE)
LDR: ! Imported function 'bind' in 'sys_net' module  (HLE)
LDR: ! Imported function 'sys_net_finalize_network' in 'sys_net' module  (HLE)
LDR: ! Imported function 'cellNetCtlNetStartDialogLoadAsync' in 'cellNetCtl' module  (HLE)
LDR: ! Imported function 'cellNetCtlNetStartDialogUnloadAsync' in 'cellNetCtl' module  (HLE)
LDR: ! Imported function 'cellNetCtlTerm' in 'cellNetCtl' module  (HLE)
LDR: ! Imported function 'cellNetCtlInit' in 'cellNetCtl' module  (HLE)
LDR: W Unknown module 'cellSysutilAvc2'
LDR: ! Imported function 'cellSysutilAvc2StartVoiceDetection' in 'cellSysutilAvc2' module  (HLE)
LDR: ! Imported function 'cellSysutilAvc2UnloadAsync' in 'cellSysutilAvc2' module  (HLE)
LDR: ! Imported function 'cellSysutilAvc2LoadAsync' in 'cellSysutilAvc2' module  (HLE)
LDR: ! Imported function 'cellSysutilAvc2JoinChatRequest' in 'cellSysutilAvc2' module  (HLE)
LDR: ! Imported function 'cellSysutilAvc2StartStreaming' in 'cellSysutilAvc2' module  (HLE)
LDR: ! Imported function 'cellSysutilAvc2InitParam' in 'cellSysutilAvc2' module  (HLE)
LDR: ! Imported function 'cellSysutilAvc2IsMicAttached' in 'cellSysutilAvc2' module  (HLE)
LDR: ! Imported function 'cellSysutilAvc2SetAttribute' in 'cellSysutilAvc2' module  (HLE)
LDR: ! Imported function 'sceNpTrophyRegisterContext' in 'sceNpTrophy' module  (HLE)
LDR: ! Imported function 'sceNpTrophyCreateHandle' in 'sceNpTrophy' module  (HLE)
LDR: ! Imported function 'sceNpTrophyGetRequiredDiskSpace' in 'sceNpTrophy' module  (HLE)
LDR: ! Imported function 'sceNpTrophyDestroyContext' in 'sceNpTrophy' module  (HLE)
LDR: ! Imported function 'sceNpTrophyInit' in 'sceNpTrophy' module  (HLE)
LDR: ! Imported function 'sceNpTrophyDestroyHandle' in 'sceNpTrophy' module  (HLE)
LDR: ! Imported function 'sceNpTrophyUnlockTrophy' in 'sceNpTrophy' module  (HLE)
LDR: ! Imported function 'sceNpTrophyTerm' in 'sceNpTrophy' module  (HLE)
LDR: ! Imported function 'sceNpTrophyCreateContext' in 'sceNpTrophy' module  (HLE)
LDR: W Unknown module 'sceNpTus'
LDR: ! Imported function 'sceNpTusSetMultiSlotVariableAsync' in 'sceNpTus' module  (HLE)
LDR: ! Imported function 'sceNpTusCreateTransactionCtx' in 'sceNpTus' module  (HLE)
LDR: ! Imported function 'sceNpTusPollAsync' in 'sceNpTus' module  (HLE)
LDR: ! Imported function 'sceNpTusDestroyTitleCtx' in 'sceNpTus' module  (HLE)
LDR: ! Imported function 'sceNpTusAbortTransaction' in 'sceNpTus' module  (HLE)
LDR: ! Imported function 'sceNpTusDestroyTransactionCtx' in 'sceNpTus' module  (HLE)
LDR: ! Imported function 'sceNpTusGetDataAsync' in 'sceNpTus' module  (HLE)
LDR: ! Imported function 'sceNpTusCreateTitleCtx' in 'sceNpTus' module  (HLE)
LDR: ! Imported function 'sceNpTusGetMultiSlotVariableAsync' in 'sceNpTus' module  (HLE)
LDR: ! Imported function 'sceNpTusGetMultiUserVariableAsync' in 'sceNpTus' module  (HLE)
LDR: ! Imported function 'sceNpTusSetDataAsync' in 'sceNpTus' module  (HLE)
LDR: ! Imported function 'cellGameGetParamString' in 'cellGame' module  (HLE)
LDR: ! Imported function 'cellGameContentPermit' in 'cellGame' module  (HLE)
LDR: ! Imported function 'cellGameContentErrorDialog' in 'cellGame' module  (HLE)
LDR: ! Imported function 'cellGameDataCheck' in 'cellGame' module  (HLE)
LDR: ! Imported function 'cellGameBootCheck' in 'cellGame' module  (HLE)
LDR: ! Imported function 'cellPngDecCreate' in 'cellPngDec' module  (HLE)
LDR: ! Imported function 'cellPngDecDecodeData' in 'cellPngDec' module  (HLE)
LDR: ! Imported function 'cellPngDecClose' in 'cellPngDec' module  (HLE)
LDR: ! Imported function 'cellPngDecDestroy' in 'cellPngDec' module  (HLE)
LDR: ! Imported function 'cellPngDecReadHeader' in 'cellPngDec' module  (HLE)
LDR: ! Imported function 'cellPngDecOpen' in 'cellPngDec' module  (HLE)
LDR: ! Imported function 'cellPngDecSetParameter' in 'cellPngDec' module  (HLE)
LDR: W Unknown module 'cellSysutilAvconfExt'
LDR: ! Imported function 'cellVideoOutSetGamma' in 'cellSysutilAvconfExt' module  (HLE)
LDR: ! Imported function 'sys_lwmutex_lock' in 'sysPrxForUser' module  (HLE)
LDR: ! Imported function 'sys_lwmutex_unlock' in 'sysPrxForUser' module  (HLE)
LDR: ! Imported function 'sys_ppu_thread_create' in 'sysPrxForUser' module  (HLE)
LDR: ! Imported function '_sys_process_atexitspawn' in 'sysPrxForUser' module  (HLE)
LDR: ! Imported function 'sys_lwmutex_create' in 'sysPrxForUser' module  (HLE)
LDR: ! Imported function 'sys_ppu_thread_get_id' in 'sysPrxForUser' module  (HLE)
LDR: ! Imported function 'sys_prx_register_library' in 'sysPrxForUser' module  (HLE)
LDR: ! Imported function 'sys_initialize_tls' in 'sysPrxForUser' module  (HLE)
LDR: ! Imported function 'sys_time_get_system_time' in 'sysPrxForUser' module  (HLE)
LDR: ! Imported function '_sys_process_at_Exitspawn' in 'sysPrxForUser' module  (HLE)
LDR: ! Imported function 'sys_prx_exitspawn_with_level' in 'sysPrxForUser' module  (HLE)
LDR: ! Imported function 'sys_lwmutex_trylock' in 'sysPrxForUser' module  (HLE)
LDR: ! Imported function 'sys_ppu_thread_exit' in 'sysPrxForUser' module  (HLE)
LDR: ! Imported function 'sys_lwmutex_destroy' in 'sysPrxForUser' module  (HLE)
LDR: ! Imported function 'sys_spu_image_close' in 'sysPrxForUser' module  (HLE)
LDR: ! Imported function 'sys_process_exit' in 'sysPrxForUser' module  (HLE)
HLE: W {PPU[1] Thread (main_thread)[0x0058f034]} sys_lwmutex warning: sys_lwmutex_create(lwmutex_addr=0x2a5c20, attr_addr=0xd000fca0)
HLE: ! {PPU[1] Thread (main_thread)[0x0058f034]} sys_lwmutex : *** lwmutex created [] (attribute=0x22): sq_id = 3
HLE: W {PPU[1] Thread (main_thread)[0x00016500]} sys_memory warning: sys_memory_get_user_memory_size(mem_info_addr=0xd000fbf8)
HLE: W {PPU[1] Thread (main_thread)[0x0058f034]} sys_lwmutex warning: sys_lwmutex_create(lwmutex_addr=0x527fc8, attr_addr=0x21aae8)
HLE: ! {PPU[1] Thread (main_thread)[0x0058f034]} sys_lwmutex : *** lwmutex created [_lc_mtx] (attribute=0x12): sq_id = 4
HLE: W {PPU[1] Thread (main_thread)[0x0058f034]} sys_lwmutex warning: sys_lwmutex_create(lwmutex_addr=0x527750, attr_addr=0x21aae8)
HLE: ! {PPU[1] Thread (main_thread)[0x0058f034]} sys_lwmutex : *** lwmutex created [_lc_mtx] (attribute=0x12): sq_id = 5
HLE: W {PPU[1] Thread (main_thread)[0x0058f034]} sys_lwmutex warning: sys_lwmutex_create(lwmutex_addr=0x527778, attr_addr=0x21aae8)
HLE: ! {PPU[1] Thread (main_thread)[0x0058f034]} sys_lwmutex : *** lwmutex created [_lc_mtx] (attribute=0x12): sq_id = 6
HLE: W {PPU[1] Thread (main_thread)[0x0058f034]} sys_lwmutex warning: sys_lwmutex_create(lwmutex_addr=0x5277a0, attr_addr=0x21aae8)
HLE: ! {PPU[1] Thread (main_thread)[0x0058f034]} sys_lwmutex : *** lwmutex created [_lc_mtx] (attribute=0x12): sq_id = 7
HLE: W {PPU[1] Thread (main_thread)[0x0058f034]} sys_lwmutex warning: sys_lwmutex_create(lwmutex_addr=0x527688, attr_addr=0x21aae8)
HLE: ! {PPU[1] Thread (main_thread)[0x0058f034]} sys_lwmutex : *** lwmutex created [_lc_mtx] (attribute=0x12): sq_id = 8
HLE: W {PPU[1] Thread (main_thread)[0x0058f034]} sys_lwmutex warning: sys_lwmutex_create(lwmutex_addr=0x5276b0, attr_addr=0x21aae8)
HLE: ! {PPU[1] Thread (main_thread)[0x0058f034]} sys_lwmutex : *** lwmutex created [_lc_mtx] (attribute=0x12): sq_id = 9
HLE: W {PPU[1] Thread (main_thread)[0x0058f034]} sys_lwmutex warning: sys_lwmutex_create(lwmutex_addr=0x5276d8, attr_addr=0x21aae8)
HLE: ! {PPU[1] Thread (main_thread)[0x0058f034]} sys_lwmutex : *** lwmutex created [_lc_mtx] (attribute=0x12): sq_id = 10
HLE: W {PPU[1] Thread (main_thread)[0x0058f034]} sys_lwmutex warning: sys_lwmutex_create(lwmutex_addr=0x527700, attr_addr=0x21aae8)
HLE: ! {PPU[1] Thread (main_thread)[0x0058f034]} sys_lwmutex : *** lwmutex created [_lc_mtx] (attribute=0x12): sq_id = 11
HLE: W {PPU[1] Thread (main_thread)[0x0058f034]} sys_lwmutex warning: sys_lwmutex_create(lwmutex_addr=0x527728, attr_addr=0x21aae8)
HLE: ! {PPU[1] Thread (main_thread)[0x0058f034]} sys_lwmutex : *** lwmutex created [_lc_mtx] (attribute=0x12): sq_id = 12
HLE: W {PPU[1] Thread (main_thread)[0x0058f034]} sys_lwmutex warning: sys_lwmutex_create(lwmutex_addr=0x528100, attr_addr=0x2926c8)
HLE: ! {PPU[1] Thread (main_thread)[0x0058f034]} sys_lwmutex : *** lwmutex created [_lgcmtx] (attribute=0x12): sq_id = 13
HLE: W {PPU[1] Thread (main_thread)[0x0058f034]} sys_lwmutex warning: sys_lwmutex_create(lwmutex_addr=0x5280c0, attr_addr=0x2926d8)
HLE: ! {PPU[1] Thread (main_thread)[0x0058f034]} sys_lwmutex : *** lwmutex created [_lgcmtx] (attribute=0x22): sq_id = 14
HLE: W {PPU[1] Thread (main_thread)[0x0058f034]} sys_lwmutex warning: sys_lwmutex_create(lwmutex_addr=0x295390, attr_addr=0xd000fbd0)
HLE: ! {PPU[1] Thread (main_thread)[0x0058f034]} sys_lwmutex : *** lwmutex created [] (attribute=0x22): sq_id = 15
HLE: W {PPU[1] Thread (main_thread)[0x0058f034]} sys_lwmutex warning: sys_lwmutex_create(lwmutex_addr=0x28fd40, attr_addr=0xd000fbb0)
HLE: ! {PPU[1] Thread (main_thread)[0x0058f034]} sys_lwmutex : *** lwmutex created [] (attribute=0x22): sq_id = 16
HLE: W {PPU[1] Thread (main_thread)[0x0058f034]} sys_lwmutex warning: sys_lwmutex_create(lwmutex_addr=0x295370, attr_addr=0xd000fbb0)
HLE: ! {PPU[1] Thread (main_thread)[0x0058f034]} sys_lwmutex : *** lwmutex created [] (attribute=0x22): sq_id = 17
HLE: W {PPU[1] Thread (main_thread)[0x0014e520]} sys_semaphore warning: sys_semaphore_create(sem_addr=0x524a88, attr_addr=0xd000fbc0, initial_count=0, max_count=32)
HLE: ! {PPU[1] Thread (main_thread)[0x0014e520]} sys_semaphore : *** semaphore created [] (protocol=0x2): id = 18
HLE: W {PPU[1] Thread (main_thread)[0x0058f034]} sys_lwmutex warning: sys_lwmutex_create(lwmutex_addr=0x524a90, attr_addr=0xd000fbb0)
HLE: ! {PPU[1] Thread (main_thread)[0x0058f034]} sys_lwmutex : *** lwmutex created [] (attribute=0x22): sq_id = 19
HLE: ! {PPU[1] Thread (main_thread)[0x0058f01c]} sys_ppu_thread : *** New PPU Thread [iSAL0_OpenClose] (detached, entry=0x27ac90): id = 20
HLE: W {PPU[1] Thread (main_thread)[0x0011ab50]} sys_semaphore warning: sys_semaphore_create(sem_addr=0x501c80, attr_addr=0xd000fb90, initial_count=0, max_count=513)
HLE: ! {PPU[1] Thread (main_thread)[0x0011ab50]} sys_semaphore : *** semaphore created [] (protocol=0x2): id = 21
HLE: W {PPU[1] Thread (main_thread)[0x0058f034]} sys_lwmutex warning: sys_lwmutex_create(lwmutex_addr=0x501c88, attr_addr=0xd000fb80)
HLE: ! {PPU[1] Thread (main_thread)[0x0058f034]} sys_lwmutex : *** lwmutex created [] (attribute=0x22): sq_id = 22
HLE: W {PPU[1] Thread (main_thread)[0x0058f034]} sys_lwmutex warning: sys_lwmutex_create(lwmutex_addr=0x501ca0, attr_addr=0xd000fb80)
HLE: ! {PPU[1] Thread (main_thread)[0x0058f034]} sys_lwmutex : *** lwmutex created [] (attribute=0x22): sq_id = 23
HLE: ! {PPU[1] Thread (main_thread)[0x0058f01c]} sys_ppu_thread : *** New PPU Thread [SSTJobQueue] (detached, entry=0x279e68): id = 24
HLE: W {PPU[1] Thread (main_thread)[0x0004c8b0]} sys_semaphore warning: sys_semaphore_create(sem_addr=0x2c9ce0, attr_addr=0xd000fbb0, initial_count=1, max_count=1)
HLE: ! {PPU[1] Thread (main_thread)[0x0004c8b0]} sys_semaphore : *** semaphore created [] (protocol=0x2): id = 25
HLE: W {PPU[1] Thread (main_thread)[0x0004c8dc]} sys_semaphore warning: sys_semaphore_create(sem_addr=0x2c9ce4, attr_addr=0xd000fbb0, initial_count=1, max_count=1)
HLE: ! {PPU[1] Thread (main_thread)[0x0004c8dc]} sys_semaphore : *** semaphore created [] (protocol=0x2): id = 26
HLE: W {PPU[1] Thread (main_thread)[0x00025794]} sys_semaphore warning: sys_semaphore_create(sem_addr=0x2c6368, attr_addr=0xd000fbe0, initial_count=1, max_count=1)
HLE: ! {PPU[1] Thread (main_thread)[0x00025794]} sys_semaphore : *** semaphore created [] (protocol=0x2): id = 27
HLE: W {PPU[1] Thread (main_thread)[0x0058f034]} sys_lwmutex warning: sys_lwmutex_create(lwmutex_addr=0x2a5b40, attr_addr=0xd000fbf0)
HLE: ! {PPU[1] Thread (main_thread)[0x0058f034]} sys_lwmutex : *** lwmutex created [] (attribute=0x22): sq_id = 28
HLE: W {PPU[1] Thread (main_thread)[0x00011c38]} sys_semaphore warning: sys_semaphore_create(sem_addr=0x2a5728, attr_addr=0xd000fbb0, initial_count=0, max_count=1)
HLE: ! {PPU[1] Thread (main_thread)[0x00011c38]} sys_semaphore : *** semaphore created [] (protocol=0x2): id = 29
HLE: W {PPU[1] Thread (main_thread)[0x00011c64]} sys_semaphore warning: sys_semaphore_create(sem_addr=0x2a5930, attr_addr=0xd000fbb0, initial_count=0, max_count=1)
HLE: ! {PPU[1] Thread (main_thread)[0x00011c64]} sys_semaphore : *** semaphore created [] (protocol=0x2): id = 30
HLE: W {PPU[1] Thread (main_thread)[0x0057304c]} cellSysutil warning: cellSysutilRegisterCallback(slot=0, func_addr=0x275f00, userdata=0x0)
HLE: W {PPU[1] Thread (main_thread)[0x0056d010]} cellSysmodule warning: cellSysmoduleLoadModule(CELL_SYSMODULE_SYSUTIL_GAME)
HLE: ! {PPU[1] Thread (main_thread)[0x0058f01c]} sys_ppu_thread : *** New PPU Thread [GameContentThread] (detached, entry=0x275ef8): id = 31
HLE: W {PPU[31] Thread (GameContentThread)[0x00589034]} cellGame warning: cellGameBootCheck(type_addr=0x2a5480, attributes_addr=0x2a5484, size_addr=0x2a5488, dirName_addr=0x2a5494)
HLE: W {PPU[31] Thread (GameContentThread)[0x00589004]} cellGame warning: cellGameGetParamString(id=100, buf_addr=0x2a5714, bufsize=10)
HLE: W {PPU[31] Thread (GameContentThread)[0x00589004]} cellGame warning: cellGameGetParamString(id=0, buf_addr=0x2a5694, bufsize=128)
HLE: W {PPU[31] Thread (GameContentThread)[0x00589010]} cellGame warning: cellGameContentPermit(contentInfoPath_addr=0x2a5514, usrdirPath_addr=0x2a5594)
TTY: Setting root path to /dev_hdd0/game/NPEB00338/USRDIR/
TTY: Setting boot path to /dev_hdd0/game/NPEB00338/
HLE: W {PPU[1] Thread (main_thread)[0x0056d010]} cellSysmodule warning: cellSysmoduleLoadModule(CELL_SYSMODULE_SPURS)
HLE: W {PPU[1] Thread (main_thread)[0x0056d010]} cellSysmodule warning: cellSysmoduleLoadModule(CELL_SYSMODULE_GCM_SYS)
HLE: W {PPU[1] Thread (main_thread)[0x0056d010]} cellSysmodule warning: cellSysmoduleLoadModule(CELL_SYSMODULE_RTC)
HLE: W {PPU[1] Thread (main_thread)[0x0056d010]} cellSysmodule warning: cellSysmoduleLoadModule(CELL_SYSMODULE_FS)
HLE: W {PPU[1] Thread (main_thread)[0x0056d010]} cellSysmodule warning: cellSysmoduleLoadModule(CELL_SYSMODULE_AUDIO)
HLE: W {PPU[1] Thread (main_thread)[0x0056d010]} cellSysmodule warning: cellSysmoduleLoadModule(CELL_SYSMODULE_IO)
HLE: W {PPU[1] Thread (main_thread)[0x0056d010]} cellSysmodule warning: cellSysmoduleLoadModule(CELL_SYSMODULE_SYSUTIL_NP2)
HLE: W {PPU[1] Thread (main_thread)[0x0056d010]} cellSysmodule warning: cellSysmoduleLoadModule(CELL_SYSMODULE_NET)
HLE: W {PPU[1] Thread (main_thread)[0x0056d010]} cellSysmodule warning: cellSysmoduleLoadModule(CELL_SYSMODULE_L10N)
HLE: W {PPU[1] Thread (main_thread)[0x0056d010]} cellSysmodule warning: cellSysmoduleLoadModule(CELL_SYSMODULE_SYSUTIL_SAVEDATA)
HLE: W {PPU[1] Thread (main_thread)[0x0056d010]} cellSysmodule warning: cellSysmoduleLoadModule(CELL_SYSMODULE_AVCONF_EXT)
HLE: W {PPU[1] Thread (main_thread)[0x0056d010]} cellSysmodule warning: cellSysmoduleLoadModule(CELL_SYSMODULE_VOICE)
HLE: W {PPU[1] Thread (main_thread)[0x0056d010]} cellSysmodule warning: cellSysmoduleLoadModule(CELL_SYSMODULE_SYSUTIL_NP_TROPHY)
HLE: W {PPU[1] Thread (main_thread)[0x0056d010]} cellSysmodule warning: cellSysmoduleLoadModule(CELL_SYSMODULE_PNGDEC)
HLE: W {PPU[1] Thread (main_thread)[0x00573028]} cellSysutil warning: cellSysutilGetSystemParamInt: CELL_SYSUTIL_SYSTEMPARAM_ID_LANG
HLE: W {PPU[1] Thread (main_thread)[0x0026a034]} cellGcmSys warning: cellGcmInitDefaultFifoMode(mode=1)
HLE: W {PPU[1] Thread (main_thread)[0x0026a0e8]} cellGcmSys warning: _cellGcmInitBody(context_addr=0x4fd550, cmdSize=0xbff000, ioSize=0xc00000, ioAddress=0x3ae00000)
HLE: W {PPU[1] Thread (main_thread)[0x0026a0e8]} cellGcmSys warning: *** local memory(addr=0xc0000000, size=0xf900000)
HLE: W {PPU[1] Thread (main_thread)[0x0026a0e8]} cellGcmSys warning: cellGcmInit(): 256MB io address space used
HLE: W {PPU[1] Thread (main_thread)[0x0026a0e8]} cellGcmSys warning: cellGcmMapEaIoAddress(ea=0x3ae00000, io=0x0, size=0xc00000)
RSX: ! {RSXThread} RSX thread started
TTY: (CellGcmControlRegister*)0x00596040
TTY: gcmAddToOffset(0x3ae00000)=00000000
HLE: W {PPU[1] Thread (main_thread)[0x0058f034]} sys_lwmutex warning: sys_lwmutex_create(lwmutex_addr=0x2a5dc8, attr_addr=0xd000f980)
HLE: ! {PPU[1] Thread (main_thread)[0x0058f034]} sys_lwmutex : *** lwmutex created [] (attribute=0x22): sq_id = 32
HLE: W {PPU[1] Thread (main_thread)[0x0026a064]} cellGcmSys warning: cellGcmMapMainMemory(ea=0x30100000,size=0xad00000,offset_addr=0xd000fa38)
TTY: gcmAddToOffset2(0x30100000)=00c00000
HLE: W {PPU[1] Thread (main_thread)[0x0056d010]} cellSysmodule warning: cellSysmoduleLoadModule(CELL_SYSMODULE_RTC)
HLE: W {PPU[1] Thread (main_thread)[0x0056d010]} cellSysmodule warning: cellSysmoduleLoadModule(CELL_SYSMODULE_FS)
HLE: W {PPU[1] Thread (main_thread)[0x0011a614]} sys_spu warning: sys_spu_initialize(max_usable_spu=6, max_raw_spu=0)
HLE: W {PPU[1] Thread (main_thread)[0x0026e0f4]} cellSpurs warning: _cellSpursAttributeInitialize(attr_addr=0xd000f6f0, revision=2, sdkVersion=0x330000, nSpus=4, spuPriority=100, ppuPriority=999, exitIfNoWork=0)
HLE: W {PPU[1] Thread (main_thread)[0x0026e13c]} cellSpurs warning: cellSpursInitializeWithAttribute(spurs_addr=0x30e98a00, attr_addr=0xd000f6f0)
HLE: ! {PPU[1] Thread (main_thread)[0x0026e13c]} sys_semaphore : *** semaphore created [_spuWkl] (protocol=0x2): id = 33
HLE: ! {PPU[1] Thread (main_thread)[0x0026e13c]} sys_semaphore : *** semaphore created [_spuWkl] (protocol=0x2): id = 34
HLE: ! {PPU[1] Thread (main_thread)[0x0026e13c]} sys_semaphore : *** semaphore created [_spuWkl] (protocol=0x2): id = 35
HLE: ! {PPU[1] Thread (main_thread)[0x0026e13c]} sys_semaphore : *** semaphore created [_spuWkl] (protocol=0x2): id = 36
HLE: ! {PPU[1] Thread (main_thread)[0x0026e13c]} sys_semaphore : *** semaphore created [_spuWkl] (protocol=0x2): id = 37
HLE: ! {PPU[1] Thread (main_thread)[0x0026e13c]} sys_semaphore : *** semaphore created [_spuWkl] (protocol=0x2): id = 38
HLE: ! {PPU[1] Thread (main_thread)[0x0026e13c]} sys_semaphore : *** semaphore created [_spuWkl] (protocol=0x2): id = 39
HLE: ! {PPU[1] Thread (main_thread)[0x0026e13c]} sys_semaphore : *** semaphore created [_spuWkl] (protocol=0x2): id = 40
HLE: ! {PPU[1] Thread (main_thread)[0x0026e13c]} sys_semaphore : *** semaphore created [_spuWkl] (protocol=0x2): id = 41
HLE: ! {PPU[1] Thread (main_thread)[0x0026e13c]} sys_semaphore : *** semaphore created [_spuWkl] (protocol=0x2): id = 42
HLE: ! {PPU[1] Thread (main_thread)[0x0026e13c]} sys_semaphore : *** semaphore created [_spuWkl] (protocol=0x2): id = 43
HLE: ! {PPU[1] Thread (main_thread)[0x0026e13c]} sys_semaphore : *** semaphore created [_spuWkl] (protocol=0x2): id = 44
HLE: ! {PPU[1] Thread (main_thread)[0x0026e13c]} sys_semaphore : *** semaphore created [_spuWkl] (protocol=0x2): id = 45
HLE: ! {PPU[1] Thread (main_thread)[0x0026e13c]} sys_semaphore : *** semaphore created [_spuWkl] (protocol=0x2): id = 46
HLE: ! {PPU[1] Thread (main_thread)[0x0026e13c]} sys_semaphore : *** semaphore created [_spuWkl] (protocol=0x2): id = 47
HLE: ! {PPU[1] Thread (main_thread)[0x0026e13c]} sys_semaphore : *** semaphore created [_spuWkl] (protocol=0x2): id = 48
HLE: ! {PPU[1] Thread (main_thread)[0x0026e13c]} sys_semaphore : *** semaphore created [_spuPrv] (protocol=0x2): id = 49
HLE: ! {PPU[1] Thread (main_thread)[0x0026e13c]} sys_spu : *** SPU Thread Group created [CellSpursKernelGroup] (num=4, prio=100, type=0x0, container=0): id=50
HLE: E {PPU[1] Thread (main_thread)[0x0026e13c]} sys_spu TODO: Unsupported SPU Thread options (0x2)
HLE: W {PPU[1] Thread (main_thread)[0x0026e13c]} sys_spu warning: *** New SPU Thread [CellSpursKernel0] (ep=0x0, opt=0x2, a1=0x0, a2=0x0, a3=0x0, a4=0x0): id=51, spu_offset=0x30056000
HLE: E {PPU[1] Thread (main_thread)[0x0026e13c]} sys_spu TODO: Unsupported SPU Thread options (0x2)
HLE: W {PPU[1] Thread (main_thread)[0x0026e13c]} sys_spu warning: *** New SPU Thread [CellSpursKernel1] (ep=0x0, opt=0x2, a1=0x0, a2=0x0, a3=0x0, a4=0x0): id=52, spu_offset=0x30096000
HLE: E {PPU[1] Thread (main_thread)[0x0026e13c]} sys_spu TODO: Unsupported SPU Thread options (0x2)
HLE: W {PPU[1] Thread (main_thread)[0x0026e13c]} sys_spu warning: *** New SPU Thread [CellSpursKernel2] (ep=0x0, opt=0x2, a1=0x0, a2=0x0, a3=0x0, a4=0x0): id=53, spu_offset=0x3ba00000
HLE: E {PPU[1] Thread (main_thread)[0x0026e13c]} sys_spu TODO: Unsupported SPU Thread options (0x2)
HLE: W {PPU[1] Thread (main_thread)[0x0026e13c]} sys_spu warning: *** New SPU Thread [CellSpursKernel3] (ep=0x0, opt=0x2, a1=0x0, a2=0x0, a3=0x0, a4=0x0): id=54, spu_offset=0x3ba40000
HLE: ! {PPU[1] Thread (main_thread)[0x0026e13c]} sys_lwmutex : *** lwmutex created [_spuPrv] (attribute=0x22): sq_id = 55
HLE: W {PPU[1] Thread (main_thread)[0x0026e13c]} sys_lwcond warning: *** lwcond created [_spuPrv] (lwmutex_addr=0x30e997b0): id = 56
HLE: W {PPU[1] Thread (main_thread)[0x0026e13c]} sys_event warning: *** event_queue created [_spuPrv] (protocol=0x1, type=0x1, key=0x0, size=0x2a): id = 57
HLE: W {PPU[1] Thread (main_thread)[0x0026e13c]} sys_spu warning: sys_spu_thread_group_connect_event_all_threads(id=50, eq_id=57, req=0xffffffffffff0000, spup_addr=0x30e98ac9)
HLE: W {PPU[1] Thread (main_thread)[0x0026e13c]} sys_spu warning: *** spup -> 16
HLE: W {PPU[1] Thread (main_thread)[0x0026e13c]} sys_event warning: *** sys_event_port created: id = 58
HLE: W {PPU[1] Thread (main_thread)[0x0026e13c]} sys_event warning: sys_event_port_connect_local(eport_id=58, equeue_id=57)
HLE: ! {PPU[1] Thread (main_thread)[0x0026e13c]} sys_ppu_thread : *** New PPU Thread [SpursHdlr0] (joinable, entry=0x0): id = 59
HLE: W {PPU[59] Thread (SpursHdlr0)[0x00000000]} sys_spu warning: sys_spu_thread_group_start(id=50)
HLE: ! {PPU[1] Thread (main_thread)[0x0026e13c]} sys_ppu_thread : *** New PPU Thread [SpursHdlr1] (joinable, entry=0x0): id = 60
HLE: E {PPU[1] Thread (main_thread)[0x0026e13c]} sys_spu TODO: sys_spu_thread_group_connect_event(id=50, eq=57, et=0x2)
SPU: E {SPU[51] Thread (CellSpursKernel0)[0x00000a00]} SPURecompilerCore::Compile(ls_addr=0xa00): branch to 0x0 opcode
HLE: W {PPU[59] Thread (SpursHdlr0)[0x00000000]} sys_spu warning: sys_spu_thread_group_join(id=50, cause_addr=0x0, status_addr=0x0)
SPU: E {SPU[52] Thread (CellSpursKernel1)[0x00000a00]} SPURecompilerCore::Compile(ls_addr=0xa00): branch to 0x0 opcode
SPU: E {SPU[53] Thread (CellSpursKernel2)[0x00000a00]} SPURecompilerCore::Compile(ls_addr=0xa00): branch to 0x0 opcode
SPU: E {SPU[54] Thread (CellSpursKernel3)[0x00000a00]} SPURecompilerCore::Compile(ls_addr=0xa00): branch to 0x0 opcode
HLE: E {PPU[1] Thread (main_thread)[0x0026e04c]} cellSpurs TODO: _cellSpursJobChainAttributeInitialize
HLE: E {PPU[1] Thread (main_thread)[0x0026e10c]} cellSpurs TODO: cellSpursJobChainAttributeSetName
HLE: E {PPU[1] Thread (main_thread)[0x0026e040]} cellSpurs TODO: cellSpursCreateJobChainWithAttribute
HLE: E {PPU[1] Thread (main_thread)[0x0026e088]} cellSpurs TODO: cellSpursJobGuardInitialize
HLE: E {PPU[1] Thread (main_thread)[0x0026e088]} cellSpurs TODO: cellSpursJobGuardInitialize
HLE: E {PPU[1] Thread (main_thread)[0x0026e184]} cellSpurs TODO: cellSpursRunJobChain
HLE: W {PPU[1] Thread (main_thread)[0x0026e154]} cellSpurs warning: _cellSpursTasksetAttribute2Initialize(attribute_addr=0xd000f700, revision=0)
HLE: E {PPU[1] Thread (main_thread)[0x0026e064]} cellSpurs TODO: cellSpursCreateTaskset2
HLE: E {PPU[1] Thread (main_thread)[0x0026e004]} cellSpurs TODO: _cellSpursLFQueueInitialize
HLE: E {PPU[1] Thread (main_thread)[0x0026e01c]} cellSpurs TODO: cellSpursLFQueueAttachLv2EventQueue
HLE: E {PPU[1] Thread (main_thread)[0x0026e070]} cellSpurs TODO: _cellSpursEventFlagInitialize
HLE: W {PPU[1] Thread (main_thread)[0x0026a100]} cellGcmSys warning: cellGcmSetUserHandler(handler_addr=0x279d00)
HLE: E {PPU[1] Thread (main_thread)[0x0026e028]} cellSpurs TODO: cellSpursTaskGetLoadableSegmentPattern
HLE: E {PPU[1] Thread (main_thread)[0x0026e0ac]} cellSpurs TODO: cellSpursTaskGetReadOnlyAreaPattern
HLE: E {PPU[1] Thread (main_thread)[0x0026e0e8]} cellSpurs TODO: cellSpursTaskGenerateLsPattern
HLE: W {PPU[1] Thread (main_thread)[0x0026e0d0]} cellSpurs warning: _cellSpursTaskAttribute2Initialize(attribute_addr=0xd000f600, revision=0)
HLE: E {PPU[1] Thread (main_thread)[0x0026e0dc]} cellSpurs TODO: cellSpursTaskGetContextSaveAreaSize
TTY: RenderTask Context Size: 0 bytes
HLE: E {PPU[1] Thread (main_thread)[0x0026e178]} cellSpurs TODO: cellSpursCreateTask2
TTY: Resolution 1280 x 720
HLE: W {PPU[1] Thread (main_thread)[0x0026a028]} cellGcmSys warning: cellGcmSetTile(index=0, location=0, offset=8454144, size=3801088, pitch=5120, comp=0, base=129, bank=0)
HLE: W {PPU[1] Thread (main_thread)[0x0026a0b8]} cellGcmSys warning: cellGcmBindTile(index=0)
HLE: W {PPU[1] Thread (main_thread)[0x0026a028]} cellGcmSys warning: cellGcmSetTile(index=1, location=0, offset=12255232, size=3801088, pitch=5120, comp=0, base=187, bank=1)
HLE: W {PPU[1] Thread (main_thread)[0x0026a0b8]} cellGcmSys warning: cellGcmBindTile(index=1)
HLE: W {PPU[1] Thread (main_thread)[0x0026a0f4]} cellGcmSys warning: cellGcmBindZcull(index=0)
TTY: ***** Screen Capture Address Buffer 1 : 0xc0bb0000
HLE: W {PPU[1] Thread (main_thread)[0x0026a028]} cellGcmSys warning: cellGcmSetTile(index=0, location=0, offset=8454144, size=3801088, pitch=5120, comp=0, base=129, bank=0)
HLE: W {PPU[1] Thread (main_thread)[0x0026a0b8]} cellGcmSys warning: cellGcmBindTile(index=0)
HLE: W {PPU[1] Thread (main_thread)[0x0026a028]} cellGcmSys warning: cellGcmSetTile(index=2, location=0, offset=16056320, size=3801088, pitch=5120, comp=0, base=245, bank=2)
HLE: W {PPU[1] Thread (main_thread)[0x0026a0b8]} cellGcmSys warning: cellGcmBindTile(index=2)
HLE: W {PPU[1] Thread (main_thread)[0x0026a0f4]} cellGcmSys warning: cellGcmBindZcull(index=0)
TTY: ***** Screen Capture Address Buffer 2 : 0xc0f50000
HLE: W {PPU[1] Thread (main_thread)[0x0026a028]} cellGcmSys warning: cellGcmSetTile(index=3, location=0, offset=19857408, size=7536640, pitch=10240, comp=11, base=303, bank=3)
HLE: E {PPU[1] Thread (main_thread)[0x0026a028]} cellGcmSys error: cellGcmSetTile: bad compression mode! (11)
HLE: W {PPU[1] Thread (main_thread)[0x0026a0b8]} cellGcmSys warning: cellGcmBindTile(index=3)
HLE: W {PPU[1] Thread (main_thread)[0x0026a028]} cellGcmSys warning: cellGcmSetTile(index=4, location=0, offset=27394048, size=7536640, pitch=10240, comp=7, base=418, bank=0)
HLE: E {PPU[1] Thread (main_thread)[0x0026a028]} cellGcmSys error: cellGcmSetTile: bad compression mode! (7)
HLE: W {PPU[1] Thread (main_thread)[0x0026a0b8]} cellGcmSys warning: cellGcmBindTile(index=4)
HLE: W {PPU[1] Thread (main_thread)[0x0026a0f4]} cellGcmSys warning: cellGcmBindZcull(index=1)
TTY: ***** MSAA Address Buffer 2 : 0xc1a20000
HLE: W {PPU[1] Thread (main_thread)[0x00573010]} cellSysutil warning: cellVideoOutConfigure(videoOut=0, config_addr=0xd000f924, option_addr=0x0, waitForEvent=0x0)
TTY: CELL_VIDEO_OUT_ASPECT_16_9
HLE: W {PPU[1] Thread (main_thread)[0x0026a0ac]} cellGcmSys warning: cellGcmSetFlipMode(mode=2)
TTY: Debug_InitDebugPrims() - Allocated 131072 3d line and tri verts
HLE: W {PPU[1] Thread (main_thread)[0x0058f034]} sys_lwmutex warning: sys_lwmutex_create(lwmutex_addr=0x5274a8, attr_addr=0xd000f870)
HLE: ! {PPU[1] Thread (main_thread)[0x0058f034]} sys_lwmutex : *** lwmutex created [] (attribute=0x22): sq_id = 61
HLE: W {PPU[1] Thread (main_thread)[0x00571010]} sys_io warning: cellPadInit(max_connect=7)
HLE: W {PPU[1] Thread (main_thread)[0x00573028]} cellSysutil warning: cellSysutilGetSystemParamInt: CELL_SYSUTIL_SYSTEMPARAM_ID_ENTER_BUTTON_ASSIGN
HLE: W {PPU[1] Thread (main_thread)[0x00573028]} cellSysutil warning: cellSysutilGetSystemParamInt: CELL_SYSUTIL_SYSTEMPARAM_ID_ENTER_BUTTON_ASSIGN
HLE: W {PPU[1] Thread (main_thread)[0x00573028]} cellSysutil warning: cellSysutilGetSystemParamInt: CELL_SYSUTIL_SYSTEMPARAM_ID_ENTER_BUTTON_ASSIGN
HLE: W {PPU[1] Thread (main_thread)[0x00573028]} cellSysutil warning: cellSysutilGetSystemParamInt: CELL_SYSUTIL_SYSTEMPARAM_ID_ENTER_BUTTON_ASSIGN
HLE: W {PPU[1] Thread (main_thread)[0x00573028]} cellSysutil warning: cellSysutilGetSystemParamInt: CELL_SYSUTIL_SYSTEMPARAM_ID_ENTER_BUTTON_ASSIGN
HLE: W {PPU[1] Thread (main_thread)[0x00573028]} cellSysutil warning: cellSysutilGetSystemParamInt: CELL_SYSUTIL_SYSTEMPARAM_ID_ENTER_BUTTON_ASSIGN
HLE: W {PPU[1] Thread (main_thread)[0x00573028]} cellSysutil warning: cellSysutilGetSystemParamInt: CELL_SYSUTIL_SYSTEMPARAM_ID_ENTER_BUTTON_ASSIGN
HLE: ! {PPU[1] Thread (main_thread)[0x0056f034]} sys_fs : "/dev_hdd0/game/NPEB00338/USRDIR//shadercache/shader_vs_49.rtsc" opened: fd = 62
HLE: W {PPU[1] Thread (main_thread)[0x0056f070]} sys_fs warning: cellFsFstat(fd=62, sb_addr=0xd000f630)
HLE: W {PPU[1] Thread (main_thread)[0x0056f004]} sys_fs warning: cellFsClose(fd=62)
TTY: Loaded 137 runtime vertex shaders
HLE: ! {PPU[1] Thread (main_thread)[0x0056f034]} sys_fs : "/dev_hdd0/game/NPEB00338/USRDIR//shadercache/shader_ps_87.rtsc" opened: fd = 63
HLE: W {PPU[1] Thread (main_thread)[0x0056f070]} sys_fs warning: cellFsFstat(fd=63, sb_addr=0xd000f630)
HLE: W {PPU[1] Thread (main_thread)[0x0056f004]} sys_fs warning: cellFsClose(fd=63)
TTY: Loaded 446 runtime pixel shaders
HLE: E {PPU[1] Thread (main_thread)[0x0057d088]} TODO: cellVoiceInit
HLE: E {PPU[1] Thread (main_thread)[0x0057d01c]} TODO: cellVoiceCreateNotifyEventQueue
HLE: E {PPU[1] Thread (main_thread)[0x0057d034]} TODO: cellVoiceSetNotifyEventQueue
HLE: E {PPU[1] Thread (main_thread)[0x0057d028]} TODO: cellVoiceCreatePort
HLE: E {PPU[1] Thread (main_thread)[0x0057d028]} TODO: cellVoiceCreatePort
HLE: E {PPU[1] Thread (main_thread)[0x0057d07c]} TODO: cellVoiceConnectIPortToOPort
HLE: E {PPU[1] Thread (main_thread)[0x0057d064]} TODO: cellVoiceSetBitRate
HLE: E {PPU[1] Thread (main_thread)[0x0057d028]} TODO: cellVoiceCreatePort
HLE: E {PPU[1] Thread (main_thread)[0x0057d004]} TODO: cellVoiceStart
HLE: ! {PPU[1] Thread (main_thread)[0x0058f01c]} sys_ppu_thread : *** New PPU Thread [voice thread] (joinable, entry=0x2764e0): id = 64
HLE: W {PPU[1] Thread (main_thread)[0x0057f004]} sys_net warning: sys_net_initialize_network_ex(param_addr=0xd000f900)
HLE: W {PPU[1] Thread (main_thread)[0x00581028]} cellNetCtl warning: cellNetCtlInit()
HLE: E {PPU[1] Thread (main_thread)[0x00579088]} TODO: sceNp2Init
HLE: E {PPU[1] Thread (main_thread)[0x0057722c]} sceNp TODO: sceNpManagerRegisterCallback
HLE: E {PPU[1] Thread (main_thread)[0x0057907c]} TODO: sceNpMatching2Init
HLE: W {PPU[1] Thread (main_thread)[0x0057704c]} sceNp warning: sceNpScoreInit()
HLE: W {PPU[1] Thread (main_thread)[0x005770c4]} sceNp warning: sceNpLookupInit()
HLE: E {PPU[1] Thread (main_thread)[0x005771a8]} sceNp TODO: sceNpBasicRegisterHandler
HLE: W {PPU[1] Thread (main_thread)[0x0057304c]} cellSysutil warning: cellSysutilRegisterCallback(slot=1, func_addr=0x2764d0, userdata=0x301802c0)
HLE: W {PPU[1] Thread (main_thread)[0x0005737c]} sys_semaphore warning: sys_semaphore_create(sem_addr=0x32750064, attr_addr=0xd000f820, initial_count=0, max_count=1)
HLE: ! {PPU[1] Thread (main_thread)[0x0005737c]} sys_semaphore : *** semaphore created [] (protocol=0x2): id = 65
HLE: W {PPU[1] Thread (main_thread)[0x000573ac]} sys_semaphore warning: sys_semaphore_create(sem_addr=0x32750068, attr_addr=0xd000f820, initial_count=1, max_count=1)
HLE: ! {PPU[1] Thread (main_thread)[0x000573ac]} sys_semaphore : *** semaphore created [] (protocol=0x2): id = 66
HLE: W {PPU[1] Thread (main_thread)[0x0058f034]} sys_lwmutex warning: sys_lwmutex_create(lwmutex_addr=0x30100560, attr_addr=0xd000f670)
HLE: ! {PPU[1] Thread (main_thread)[0x0058f034]} sys_lwmutex : *** lwmutex created [] (attribute=0x22): sq_id = 67
HLE: ! {PPU[1] Thread (main_thread)[0x0058f01c]} sys_ppu_thread : *** New PPU Thread [Trophies] (joinable, entry=0x27b908): id = 68
TTY: Initialising
HLE: W {PPU[1] Thread (main_thread)[0x005730ac]} cellSysutil warning: cellAudioOutGetSoundAvailability(audioOut=0, type=0, fs=0x4, option=0)
HLE: W {PPU[1] Thread (main_thread)[0x005730ac]} cellSysutil warning: cellAudioOutGetSoundAvailability(audioOut=0, type=1, fs=0x4, option=0)
HLE: W {PPU[1] Thread (main_thread)[0x00573094]} cellSysutil warning: cellAudioOutConfigure(audioOut=0, config_addr=0xd000f6b0, option_addr=0x0, waitForEvent=1)
HLE: W {PPU[1] Thread (main_thread)[0x0057307c]} cellSysutil warning: cellAudioOutGetState(audioOut=0x0, deviceIndex=0x0, state_addr=0xd000f6c0)
TTY: Number Of Channels: 2
TTY: Dolby enabled: 0
HLE: W {PPU[1] Thread (main_thread)[0x0057b004]} cellAudio warning: cellAudioInit()
HLE: ! {Audio Thread} cellAudio : Audio thread started
HLE: W {PPU[1] Thread (main_thread)[0x0057b040]} cellAudio warning: cellAudioPortOpen(audioParam_addr=0x33955360, portNum_addr=0xd000f790)
HLE: W {PPU[1] Thread (main_thread)[0x0057b040]} cellAudio warning: *** audio port opened(nChannel=8, nBlock=8, attr=0x0, level=1.000000): port = 0
TTY: cellAudioPortOpen() : 0  port 0
HLE: W {PPU[1] Thread (main_thread)[0x0057b01c]} cellAudio warning: cellAudioGetPortConfig(portNum=0x0, portConfig_addr=0x33955380)
TTY: cellAudioGetPortConfig() : 0
HLE: W {PPU[1] Thread (main_thread)[0x00573070]} cellSysutil warning: cellAudioOutGetNumberOfDevice(audioOut=0)
HLE: W {PPU[1] Thread (main_thread)[0x0057307c]} cellSysutil warning: cellAudioOutGetState(audioOut=0x0, deviceIndex=0x0, state_addr=0xd000f794)
HLE: W {PPU[1] Thread (main_thread)[0x0026e1c0]} cellSpurs warning: cellSpursInitialize(spurs_addr=0x33d09b80, nSpus=1, spuPriority=250, ppuPriority=999, exitIfNoWork=1)
HLE: ! {PPU[1] Thread (main_thread)[0x0026e1c0]} sys_semaphore : *** semaphore created [_spuWkl] (protocol=0x2): id = 69
HLE: ! {PPU[1] Thread (main_thread)[0x0026e1c0]} sys_semaphore : *** semaphore created [_spuWkl] (protocol=0x2): id = 70
HLE: ! {PPU[1] Thread (main_thread)[0x0026e1c0]} sys_semaphore : *** semaphore created [_spuWkl] (protocol=0x2): id = 71
HLE: ! {PPU[1] Thread (main_thread)[0x0026e1c0]} sys_semaphore : *** semaphore created [_spuWkl] (protocol=0x2): id = 72
HLE: ! {PPU[1] Thread (main_thread)[0x0026e1c0]} sys_semaphore : *** semaphore created [_spuWkl] (protocol=0x2): id = 73
HLE: ! {PPU[1] Thread (main_thread)[0x0026e1c0]} sys_semaphore : *** semaphore created [_spuWkl] (protocol=0x2): id = 74
HLE: ! {PPU[1] Thread (main_thread)[0x0026e1c0]} sys_semaphore : *** semaphore created [_spuWkl] (protocol=0x2): id = 75
HLE: ! {PPU[1] Thread (main_thread)[0x0026e1c0]} sys_semaphore : *** semaphore created [_spuWkl] (protocol=0x2): id = 76
HLE: ! {PPU[1] Thread (main_thread)[0x0026e1c0]} sys_semaphore : *** semaphore created [_spuWkl] (protocol=0x2): id = 77
HLE: ! {PPU[1] Thread (main_thread)[0x0026e1c0]} sys_semaphore : *** semaphore created [_spuWkl] (protocol=0x2): id = 78
HLE: ! {PPU[1] Thread (main_thread)[0x0026e1c0]} sys_semaphore : *** semaphore created [_spuWkl] (protocol=0x2): id = 79
HLE: ! {PPU[1] Thread (main_thread)[0x0026e1c0]} sys_semaphore : *** semaphore created [_spuWkl] (protocol=0x2): id = 80
HLE: ! {PPU[1] Thread (main_thread)[0x0026e1c0]} sys_semaphore : *** semaphore created [_spuWkl] (protocol=0x2): id = 81
HLE: ! {PPU[1] Thread (main_thread)[0x0026e1c0]} sys_semaphore : *** semaphore created [_spuWkl] (protocol=0x2): id = 82
HLE: ! {PPU[1] Thread (main_thread)[0x0026e1c0]} sys_semaphore : *** semaphore created [_spuWkl] (protocol=0x2): id = 83
HLE: ! {PPU[1] Thread (main_thread)[0x0026e1c0]} sys_semaphore : *** semaphore created [_spuWkl] (protocol=0x2): id = 84
HLE: ! {PPU[1] Thread (main_thread)[0x0026e1c0]} sys_semaphore : *** semaphore created [_spuPrv] (protocol=0x2): id = 85
HLE: ! {PPU[1] Thread (main_thread)[0x0026e1c0]} sys_spu : *** SPU Thread Group created [CellSpursKernelGroup] (num=1, prio=250, type=0x0, container=0): id=86
HLE: E {PPU[1] Thread (main_thread)[0x0026e1c0]} sys_spu TODO: Unsupported SPU Thread options (0x2)
HLE: W {PPU[1] Thread (main_thread)[0x0026e1c0]} sys_spu warning: *** New SPU Thread [CellSpursKernel0] (ep=0x0, opt=0x2, a1=0x0, a2=0x0, a3=0x0, a4=0x0): id=87, spu_offset=0x3bbc0000
HLE: ! {PPU[1] Thread (main_thread)[0x0026e1c0]} sys_lwmutex : *** lwmutex created [_spuPrv] (attribute=0x22): sq_id = 88
HLE: W {PPU[1] Thread (main_thread)[0x0026e1c0]} sys_lwcond warning: *** lwcond created [_spuPrv] (lwmutex_addr=0x33d0a930): id = 89
HLE: W {PPU[1] Thread (main_thread)[0x0026e1c0]} sys_event warning: *** event_queue created [_spuPrv] (protocol=0x1, type=0x1, key=0x0, size=0x2a): id = 90
HLE: W {PPU[1] Thread (main_thread)[0x0026e1c0]} sys_spu warning: sys_spu_thread_group_connect_event_all_threads(id=86, eq_id=90, req=0xffffffffffff0000, spup_addr=0x33d09c49)
HLE: W {PPU[1] Thread (main_thread)[0x0026e1c0]} sys_spu warning: *** spup -> 16
HLE: W {PPU[1] Thread (main_thread)[0x0026e1c0]} sys_event warning: *** sys_event_port created: id = 91
HLE: W {PPU[1] Thread (main_thread)[0x0026e1c0]} sys_event warning: sys_event_port_connect_local(eport_id=91, equeue_id=90)
HLE: ! {PPU[1] Thread (main_thread)[0x0026e1c0]} sys_ppu_thread : *** New PPU Thread [SpursHdlr0] (joinable, entry=0x0): id = 92
HLE: ! {PPU[1] Thread (main_thread)[0x0026e1c0]} sys_ppu_thread : *** New PPU Thread [SpursHdlr1] (joinable, entry=0x0): id = 93
HLE: E {PPU[1] Thread (main_thread)[0x0026e1c0]} sys_spu TODO: sys_spu_thread_group_connect_event(id=86, eq=90, et=0x2)
HLE: W {PPU[1] Thread (main_thread)[0x0058f034]} sys_lwmutex warning: sys_lwmutex_create(lwmutex_addr=0x529800, attr_addr=0xd000f650)
HLE: ! {PPU[1] Thread (main_thread)[0x0058f034]} sys_lwmutex : *** lwmutex created [] (attribute=0x22): sq_id = 94
HLE: W {PPU[1] Thread (main_thread)[0x0026e1a8]} cellSpurs warning: cellSpursCreateTaskset(spurs_addr=0x33d09b80, taskset_addr=0x529c00, args=0x0, priority_addr=0xd000f850, maxContention=1)
HLE: E {PPU[1] Thread (main_thread)[0x0026e070]} cellSpurs TODO: _cellSpursEventFlagInitialize
HLE: E {PPU[1] Thread (main_thread)[0x0026e0b8]} cellSpurs TODO: cellSpursEventFlagAttachLv2EventQueue
HLE: E {PPU[1] Thread (main_thread)[0x0026e070]} cellSpurs TODO: _cellSpursEventFlagInitialize
HLE: E {PPU[1] Thread (main_thread)[0x0026e1d8]} cellSpurs TODO: cellSpursCreateTask
HLE: ! {PPU[1] Thread (main_thread)[0x0056f034]} sys_fs : "/dev_flash/sys/external/flashATRAC.pic" opened: fd = 95
HLE: W {PPU[1] Thread (main_thread)[0x0056f004]} sys_fs warning: cellFsClose(fd=95)
HLE: E {PPU[1] Thread (main_thread)[0x0026e1e4]} cellSpurs TODO: _cellSpursSendSignal
HLE: E {PPU[1] Thread (main_thread)[0x0026e058]} cellSpurs TODO: cellSpursEventFlagWait
HLE: E {PPU[1] Thread (main_thread)[0x0026e1e4]} cellSpurs TODO: _cellSpursSendSignal
HLE: E {PPU[1] Thread (main_thread)[0x0026e058]} cellSpurs TODO: cellSpursEventFlagWait
HLE: ! {PPU[1] Thread (main_thread)[0x0058f01c]} sys_ppu_thread : *** New PPU Thread [MultiStream PU Thread] (joinable, entry=0x27b338): id = 96
HLE: W {PPU[96] Thread (MultiStream PU Thread)[0x0057b028]} cellAudio warning: cellAudioPortStart(portNum=0x0)
TTY: Multistream thread (96) created OK.
TTY: Started MS Thread
HLE: E {PPU[96] Thread (MultiStream PU Thread)[0x0026e1e4]} cellSpurs TODO: _cellSpursSendSignal
HLE: E {PPU[96] Thread (MultiStream PU Thread)[0x0026e058]} cellSpurs TODO: cellSpursEventFlagWait
HLE: E {PPU[96] Thread (MultiStream PU Thread)[0x0026e1e4]} cellSpurs TODO: _cellSpursSendSignal
HLE: E {PPU[96] Thread (MultiStream PU Thread)[0x0026e058]} cellSpurs TODO: cellSpursEventFlagWait
HLE: E {PPU[96] Thread (MultiStream PU Thread)[0x0026e1e4]} cellSpurs TODO: _cellSpursSendSignal
HLE: E {PPU[96] Thread (MultiStream PU Thread)[0x0026e058]} cellSpurs TODO: cellSpursEventFlagWait
HLE: E {PPU[96] Thread (MultiStream PU Thread)[0x0026e1e4]} cellSpurs TODO: _cellSpursSendSignal
HLE: E {PPU[96] Thread (MultiStream PU Thread)[0x0026e058]} cellSpurs TODO: cellSpursEventFlagWait
HLE: E {PPU[96] Thread (MultiStream PU Thread)[0x0026e1e4]} cellSpurs TODO: _cellSpursSendSignal
HLE: E {PPU[96] Thread (MultiStream PU Thread)[0x0026e058]} cellSpurs TODO: cellSpursEventFlagWait
HLE: E {PPU[96] Thread (MultiStream PU Thread)[0x0026e1e4]} cellSpurs TODO: _cellSpursSendSignal
HLE: E {PPU[96] Thread (MultiStream PU Thread)[0x0026e058]} cellSpurs TODO: cellSpursEventFlagWait
HLE: E {PPU[96] Thread (MultiStream PU Thread)[0x0026e1e4]} cellSpurs TODO: _cellSpursSendSignal
HLE: E {PPU[96] Thread (MultiStream PU Thread)[0x0026e058]} cellSpurs TODO: cellSpursEventFlagWait
HLE: E {PPU[96] Thread (MultiStream PU Thread)[0x0026e1e4]} cellSpurs TODO: _cellSpursSendSignal
HLE: E {PPU[96] Thread (MultiStream PU Thread)[0x0026e058]} cellSpurs TODO: cellSpursEventFlagWait
HLE: E {PPU[96] Thread (MultiStream PU Thread)[0x0026e1e4]} cellSpurs TODO: _cellSpursSendSignal
HLE: E {PPU[96] Thread (MultiStream PU Thread)[0x0026e058]} cellSpurs TODO: cellSpursEventFlagWait
HLE: E {PPU[96] Thread (MultiStream PU Thread)[0x0026e1e4]} cellSpurs TODO: _cellSpursSendSignal
HLE: E {PPU[96] Thread (MultiStream PU Thread)[0x0026e058]} cellSpurs TODO: cellSpursEventFlagWait
HLE: E {PPU[96] Thread (MultiStream PU Thread)[0x0026e1e4]} cellSpurs TODO: _cellSpursSendSignal
HLE: E {PPU[96] Thread (MultiStream PU Thread)[0x0026e058]} cellSpurs TODO: cellSpursEventFlagWait
HLE: E {PPU[96] Thread (MultiStream PU Thread)[0x0026e1e4]} cellSpurs TODO: _cellSpursSendSignal
HLE: E {PPU[96] Thread (MultiStream PU Thread)[0x0026e058]} cellSpurs TODO: cellSpursEventFlagWait
HLE: E {PPU[96] Thread (MultiStream PU Thread)[0x0026e1e4]} cellSpurs TODO: _cellSpursSendSignal
HLE: E {PPU[96] Thread (MultiStream PU Thread)[0x0026e058]} cellSpurs TODO: cellSpursEventFlagWait
HLE: E {PPU[96] Thread (MultiStream PU Thread)[0x0026e1e4]} cellSpurs TODO: _cellSpursSendSignal
HLE: E {PPU[96] Thread (MultiStream PU Thread)[0x0026e058]} cellSpurs TODO: cellSpursEventFlagWait
HLE: E {PPU[96] Thread (MultiStream PU Thread)[0x0026e1e4]} cellSpurs TODO: _cellSpursSendSignal
HLE: E {PPU[96] Thread (MultiStream PU Thread)[0x0026e058]} cellSpurs TODO: cellSpursEventFlagWait
HLE: E {PPU[96] Thread (MultiStream PU Thread)[0x0026e1e4]} cellSpurs TODO: _cellSpursSendSignal
HLE: E {PPU[96] Thread (MultiStream PU Thread)[0x0026e058]} cellSpurs TODO: cellSpursEventFlagWait
HLE: E {PPU[96] Thread (MultiStream PU Thread)[0x0026e1e4]} cellSpurs TODO: _cellSpursSendSignal
HLE: E {PPU[96] Thread (MultiStream PU Thread)[0x0026e058]} cellSpurs TODO: cellSpursEventFlagWait
HLE: E {PPU[96] Thread (MultiStream PU Thread)[0x0026e1e4]} cellSpurs TODO: _cellSpursSendSignal
HLE: E {PPU[96] Thread (MultiStream PU Thread)[0x0026e058]} cellSpurs TODO: cellSpursEventFlagWait
HLE: E {PPU[96] Thread (MultiStream PU Thread)[0x0026e1e4]} cellSpurs TODO: _cellSpursSendSignal
HLE: E {PPU[96] Thread (MultiStream PU Thread)[0x0026e058]} cellSpurs TODO: cellSpursEventFlagWait
HLE: E {PPU[96] Thread (MultiStream PU Thread)[0x0026e1e4]} cellSpurs TODO: _cellSpursSendSignal
HLE: E {PPU[96] Thread (MultiStream PU Thread)[0x0026e058]} cellSpurs TODO: cellSpursEventFlagWait
HLE: E {PPU[96] Thread (MultiStream PU Thread)[0x0026e1e4]} cellSpurs TODO: _cellSpursSendSignal
HLE: E {PPU[96] Thread (MultiStream PU Thread)[0x0026e058]} cellSpurs TODO: cellSpursEventFlagWait
HLE: ! {PPU[1] Thread (main_thread)[0x0058f01c]} sys_ppu_thread : *** New PPU Thread [DLC_File_Check] (detached, entry=0x276098): id = 97
HLE: W {PPU[97] Thread (DLC_File_Check)[0x00589028]} cellGame warning: cellGameDataCheck(type=0x3, dirName_addr=0x2a5714, size_addr=0xd011fbf0)
HLE: W {PPU[97] Thread (DLC_File_Check)[0x00589010]} cellGame warning: cellGameContentPermit(contentInfoPath_addr=0xd011fc00, usrdirPath_addr=0xd011fc80)
HLE: W {PPU[97] Thread (DLC_File_Check)[0x00577178]} sceNp warning: sceNpDrmIsAvailable(k_licensee_addr=0x212a00, drm_path_addr=0xd011fd00('/dev_hdd0/game/NPEB00338/USRDIR/PRIVATE/PREORDER.EDAT'))
HLE: E {PPU[96] Thread (MultiStream PU Thread)[0x0026e1e4]} cellSpurs TODO: _cellSpursSendSignal
HLE: E {PPU[96] Thread (MultiStream PU Thread)[0x0026e058]} cellSpurs TODO: cellSpursEventFlagWait
HLE: W {PPU[97] Thread (DLC_File_Check)[0x00577178]} sceNp warning: npDrmIsAvailable(): '/dev_hdd0/game/NPEB00338/USRDIR/PRIVATE/PREORDER.EDAT' not found
HLE: W {PPU[97] Thread (DLC_File_Check)[0x00577178]} sceNp warning: sceNpDrmIsAvailable(k_licensee_addr=0x212a10, drm_path_addr=0xd011fd00('/dev_hdd0/game/NPEB00338/USRDIR/PRIVATE/DLCUNLOCK.EDAT'))
HLE: W {PPU[97] Thread (DLC_File_Check)[0x00577178]} sceNp warning: npDrmIsAvailable(): '/dev_hdd0/game/NPEB00338/USRDIR/PRIVATE/DLCUNLOCK.EDAT' not found
HLE: E {PPU[96] Thread (MultiStream PU Thread)[0x0026e1e4]} cellSpurs TODO: _cellSpursSendSignal
HLE: E {PPU[96] Thread (MultiStream PU Thread)[0x0026e058]} cellSpurs TODO: cellSpursEventFlagWait
HLE: W {PPU[1] Thread (main_thread)[0x0056f058]} sys_fs warning: cellFsAioInit(mount_point_addr=0x28c020 (/dev_hdd0/game/NPEB00338/USRDIR/))
HLE: ! {PPU[1] Thread (main_thread)[0x0058f01c]} sys_ppu_thread : *** New PPU Thread [ResourceManagerPS3_OpenThread] (detached, entry=0x275f60): id = 98
HLE: ! {PPU[1] Thread (main_thread)[0x0058f01c]} sys_ppu_thread : *** New PPU Thread [ResourceManagerPS3_OpenThread] (detached, entry=0x275f68): id = 99
HLE: E {PPU[1] Thread (main_thread)[0x0026e010]} cellSpurs TODO: _cellSpursTasksetAttributeInitialize
HLE: E {PPU[1] Thread (main_thread)[0x0026e07c]} cellSpurs TODO: cellSpursTasksetAttributeSetName
HLE: E {PPU[1] Thread (main_thread)[0x0026e148]} cellSpurs TODO: cellSpursCreateTasksetWithAttribute
HLE: E {PPU[1] Thread (main_thread)[0x0026e070]} cellSpurs TODO: _cellSpursEventFlagInitialize
HLE: E {PPU[1] Thread (main_thread)[0x0026e0b8]} cellSpurs TODO: cellSpursEventFlagAttachLv2EventQueue
HLE: E {PPU[1] Thread (main_thread)[0x0026e004]} cellSpurs TODO: _cellSpursLFQueueInitialize
HLE: E {PPU[1] Thread (main_thread)[0x0026e01c]} cellSpurs TODO: cellSpursLFQueueAttachLv2EventQueue
HLE: E {PPU[1] Thread (main_thread)[0x0026e1d8]} cellSpurs TODO: cellSpursCreateTask
HLE: E {PPU[1] Thread (main_thread)[0x0026e1d8]} cellSpurs TODO: cellSpursCreateTask
HLE: E {PPU[1] Thread (main_thread)[0x0026e1d8]} cellSpurs TODO: cellSpursCreateTask
HLE: E {PPU[1] Thread (main_thread)[0x0026e1d8]} cellSpurs TODO: cellSpursCreateTask
HLE: E {PPU[1] Thread (main_thread)[0x0026e1d8]} cellSpurs TODO: cellSpursCreateTask
HLE: E {PPU[96] Thread (MultiStream PU Thread)[0x0026e1e4]} cellSpurs TODO: _cellSpursSendSignal
HLE: E {PPU[96] Thread (MultiStream PU Thread)[0x0026e058]} cellSpurs TODO: cellSpursEventFlagWait
HLE: E {PPU[96] Thread (MultiStream PU Thread)[0x0026e1e4]} cellSpurs TODO: _cellSpursSendSignal
HLE: E {PPU[96] Thread (MultiStream PU Thread)[0x0026e058]} cellSpurs TODO: cellSpursEventFlagWait
HLE: E {PPU[96] Thread (MultiStream PU Thread)[0x0026e1e4]} cellSpurs TODO: _cellSpursSendSignal
HLE: E {PPU[96] Thread (MultiStream PU Thread)[0x0026e058]} cellSpurs TODO: cellSpursEventFlagWait
HLE: E {PPU[96] Thread (MultiStream PU Thread)[0x0026e1e4]} cellSpurs TODO: _cellSpursSendSignal
HLE: E {PPU[96] Thread (MultiStream PU Thread)[0x0026e058]} cellSpurs TODO: cellSpursEventFlagWait
HLE: E {PPU[98] Thread (ResourceManagerPS3_OpenThread)[0x0056f034]} sys_fs error: "/dev_hdd0/game/NPEB00338/USRDIR//resource/radialblurparams.dat" not found! flags: 0x00000000
HLE: E {PPU[96] Thread (MultiStream PU Thread)[0x0026e1e4]} cellSpurs TODO: _cellSpursSendSignal
HLE: E {PPU[96] Thread (MultiStream PU Thread)[0x0026e058]} cellSpurs TODO: cellSpursEventFlagWait
HLE: W {PPU[1] Thread (main_thread)[0x0026a028]} cellGcmSys warning: cellGcmSetTile(index=5, location=1, offset=78577664, size=7536640, pitch=5120, comp=0, base=1199, bank=1)
HLE: E {PPU[1] Thread (main_thread)[0x0026a028]} cellGcmSys error: cellGcmSetTile : CELL_GCM_ERROR_INVALID_VALUE
HLE: W {PPU[1] Thread (main_thread)[0x0026a0b8]} cellGcmSys warning: cellGcmBindTile(index=5)
HLE: W {PPU[1] Thread (main_thread)[0x0026a028]} cellGcmSys warning: cellGcmSetTile(index=6, location=1, offset=86179840, size=262144, pitch=512, comp=0, base=1315, bank=2)
HLE: E {PPU[1] Thread (main_thread)[0x0026a028]} cellGcmSys error: cellGcmSetTile : CELL_GCM_ERROR_INVALID_VALUE
HLE: E {PPU[96] Thread (MultiStream PU Thread)[0x0026e1e4]} cellSpurs TODO: _cellSpursSendSignal
HLE: W {PPU[1] Thread (main_thread)[0x0026a0b8]} cellGcmSys warning: cellGcmBindTile(index=6)
HLE: E {PPU[96] Thread (MultiStream PU Thread)[0x0026e058]} cellSpurs TODO: cellSpursEventFlagWait
HLE: W {PPU[1] Thread (main_thread)[0x0026a028]} cellGcmSys warning: cellGcmSetTile(index=7, location=0, offset=36896768, size=2752512, pitch=2560, comp=0, base=563, bank=3)
HLE: W {PPU[1] Thread (main_thread)[0x0026a0b8]} cellGcmSys warning: cellGcmBindTile(index=7)
HLE: E {PPU[1] Thread (main_thread)[0x0026e04c]} cellSpurs TODO: _cellSpursJobChainAttributeInitialize
HLE: E {PPU[1] Thread (main_thread)[0x0026e10c]} cellSpurs TODO: cellSpursJobChainAttributeSetName
HLE: E {PPU[1] Thread (main_thread)[0x0026e040]} cellSpurs TODO: cellSpursCreateJobChainWithAttribute
HLE: E {PPU[1] Thread (main_thread)[0x0026e088]} cellSpurs TODO: cellSpursJobGuardInitialize
HLE: E {PPU[1] Thread (main_thread)[0x0026e088]} cellSpurs TODO: cellSpursJobGuardInitialize
HLE: E {PPU[1] Thread (main_thread)[0x0026e184]} cellSpurs TODO: cellSpursRunJobChain
HLE: E {PPU[96] Thread (MultiStream PU Thread)[0x0026e1e4]} cellSpurs TODO: _cellSpursSendSignal
HLE: E {PPU[96] Thread (MultiStream PU Thread)[0x0026e058]} cellSpurs TODO: cellSpursEventFlagWait
HLE: E {PPU[1] Thread (main_thread)[0x0058d004]} cellAvconfExt TODO: cellVideoOutSetGamma
HLE: E {PPU[96] Thread (MultiStream PU Thread)[0x0026e1e4]} cellSpurs TODO: _cellSpursSendSignal
HLE: E {PPU[96] Thread (MultiStream PU Thread)[0x0026e058]} cellSpurs TODO: cellSpursEventFlagWait
HLE: E {PPU[96] Thread (MultiStream PU Thread)[0x0026e1e4]} cellSpurs TODO: _cellSpursSendSignal
HLE: E {PPU[96] Thread (MultiStream PU Thread)[0x0026e058]} cellSpurs TODO: cellSpursEventFlagWait
HLE: W {PPU[1] Thread (main_thread)[0x0056f010]} sys_fs warning: cellFsOpendir(path="/dev_hdd0/game/NPEB00338/USRDIR//scripts", fd_addr=0xd000f904)
HLE: W {PPU[1] Thread (main_thread)[0x0056f028]} sys_fs warning: cellFsReaddir(fd=100, dir_addr=0xd000f448, nread_addr=0xd000f440)
HLE: W {PPU[1] Thread (main_thread)[0x0056f028]} sys_fs warning: cellFsReaddir(fd=100, dir_addr=0xd000f568, nread_addr=0xd000f560)
HLE: W {PPU[1] Thread (main_thread)[0x0056f028]} sys_fs warning: cellFsReaddir(fd=100, dir_addr=0xd000f568, nread_addr=0xd000f560)
HLE: W {PPU[1] Thread (main_thread)[0x0056f07c]} sys_fs warning: cellFsClosedir(fd=100)
HLE: E {PPU[96] Thread (MultiStream PU Thread)[0x0026e1e4]} cellSpurs TODO: _cellSpursSendSignal
HLE: E {PPU[96] Thread (MultiStream PU Thread)[0x0026e058]} cellSpurs TODO: cellSpursEventFlagWait
HLE: W {PPU[1] Thread (main_thread)[0x0026a028]} cellGcmSys warning: cellGcmSetTile(index=8, location=0, offset=45940736, size=16777216, pitch=4096, comp=10, base=701, bank=0)
HLE: E {PPU[1] Thread (main_thread)[0x0026a028]} cellGcmSys error: cellGcmSetTile: bad compression mode! (10)
HLE: W {PPU[1] Thread (main_thread)[0x0026a0b8]} cellGcmSys warning: cellGcmBindTile(index=8)
HLE: W {PPU[1] Thread (main_thread)[0x0026a0f4]} cellGcmSys warning: cellGcmBindZcull(index=2)
HLE: W {PPU[1] Thread (main_thread)[0x0026a028]} cellGcmSys warning: cellGcmSetTile(index=9, location=0, offset=62717952, size=786432, pitch=512, comp=0, base=0, bank=1)
HLE: W {PPU[1] Thread (main_thread)[0x0026a0b8]} cellGcmSys warning: cellGcmBindTile(index=9)
HLE: W {PPU[1] Thread (main_thread)[0x0026a028]} cellGcmSys warning: cellGcmSetTile(index=10, location=0, offset=63504384, size=786432, pitch=512, comp=10, base=969, bank=2)
HLE: E {PPU[1] Thread (main_thread)[0x0026a028]} cellGcmSys error: cellGcmSetTile : CELL_GCM_ERROR_INVALID_VALUE
HLE: W {PPU[1] Thread (main_thread)[0x0026a0b8]} cellGcmSys warning: cellGcmBindTile(index=10)
HLE: W {PPU[1] Thread (main_thread)[0x0026a0f4]} cellGcmSys warning: cellGcmBindZcull(index=3)
HLE: E {PPU[96] Thread (MultiStream PU Thread)[0x0026e1e4]} cellSpurs TODO: _cellSpursSendSignal
HLE: E {PPU[96] Thread (MultiStream PU Thread)[0x0026e058]} cellSpurs TODO: cellSpursEventFlagWait
HLE: E {PPU[96] Thread (MultiStream PU Thread)[0x0026e1e4]} cellSpurs TODO: _cellSpursSendSignal
HLE: E {PPU[96] Thread (MultiStream PU Thread)[0x0026e058]} cellSpurs TODO: cellSpursEventFlagWait
HLE: E {PPU[96] Thread (MultiStream PU Thread)[0x0026e1e4]} cellSpurs TODO: _cellSpursSendSignal
HLE: E {PPU[96] Thread (MultiStream PU Thread)[0x0026e058]} cellSpurs TODO: cellSpursEventFlagWait
HLE: E {PPU[96] Thread (MultiStream PU Thread)[0x0026e1e4]} cellSpurs TODO: _cellSpursSendSignal
HLE: E {PPU[96] Thread (MultiStream PU Thread)[0x0026e058]} cellSpurs TODO: cellSpursEventFlagWait
HLE: ! {PPU[1] Thread (main_thread)[0x0056f034]} sys_fs : "/dev_hdd0/game/NPEB00338/USRDIR//resource/audio.xpac" opened: fd = 101
HLE: E {PPU[96] Thread (MultiStream PU Thread)[0x0026e1e4]} cellSpurs TODO: _cellSpursSendSignal
HLE: E {PPU[96] Thread (MultiStream PU Thread)[0x0026e058]} cellSpurs TODO: cellSpursEventFlagWait
HLE: E {PPU[96] Thread (MultiStream PU Thread)[0x0026e1e4]} cellSpurs TODO: _cellSpursSendSignal
HLE: E {PPU[96] Thread (MultiStream PU Thread)[0x0026e058]} cellSpurs TODO: cellSpursEventFlagWait
HLE: E {PPU[96] Thread (MultiStream PU Thread)[0x0026e1e4]} cellSpurs TODO: _cellSpursSendSignal
HLE: E {PPU[96] Thread (MultiStream PU Thread)[0x0026e058]} cellSpurs TODO: cellSpursEventFlagWait
HLE: E {PPU[96] Thread (MultiStream PU Thread)[0x0026e1e4]} cellSpurs TODO: _cellSpursSendSignal
HLE: E {PPU[96] Thread (MultiStream PU Thread)[0x0026e058]} cellSpurs TODO: cellSpursEventFlagWait
HLE: E {PPU[96] Thread (MultiStream PU Thread)[0x0026e1e4]} cellSpurs TODO: _cellSpursSendSignal
HLE: E {PPU[96] Thread (MultiStream PU Thread)[0x0026e058]} cellSpurs TODO: cellSpursEventFlagWait
HLE: E {PPU[96] Thread (MultiStream PU Thread)[0x0026e1e4]} cellSpurs TODO: _cellSpursSendSignal
HLE: E {PPU[96] Thread (MultiStream PU Thread)[0x0026e058]} cellSpurs TODO: cellSpursEventFlagWait
G: E {PPU[1] Thread (main_thread)[0x0056f040]} Exception: Access violation: addr = 0x0 (is_alive=1, last_syscall=0xa397d042 (cellFsLseek))
RSX: W {RSXThread} RSX thread aborted
RSX: W {VBlank thread} VBlank thread aborted
HLE: W {PPU[20] Thread (iSAL0_OpenClose)[0x001f3d54]} sys_semaphore warning: sys_semaphore_wait(18) aborted
HLE: W {SPU[54] Thread (CellSpursKernel3)[0x00000000]} cellSpurs warning: Spurs Kernel aborted
HLE: W {SPU[51] Thread (CellSpursKernel0)[0x00000000]} cellSpurs warning: Spurs Kernel aborted
HLE: W {PPU[98] Thread (ResourceManagerPS3_OpenThread)[0x000116d4]} sys_semaphore warning: sys_semaphore_wait(29) aborted
HLE: W {PPU[59] Thread (SpursHdlr0)[0x00000000]} sys_spu warning: sys_spu_thread_group_join(id=50) aborted
HLE: W {PPU[99] Thread (ResourceManagerPS3_OpenThread)[0x000119c4]} sys_semaphore warning: sys_semaphore_wait(30) aborted
HLE: W {Audio Thread} cellAudio warning: Audio thread aborted
HLE: W {PPU[68] Thread (Trophies)[0x00057268]} sys_semaphore warning: sys_semaphore_wait(65) aborted
HLE: W {PPU[92] Thread (SpursHdlr0)[0x00000000]} sys_lwcond warning: sys_lwcond_wait(id=89) aborted
HLE: W {SPU[52] Thread (CellSpursKernel1)[0x00000000]} cellSpurs warning: Spurs Kernel aborted
HLE: W {SPU[53] Thread (CellSpursKernel2)[0x00000000]} cellSpurs warning: Spurs Kernel aborted
HLE: W {PPU[24] Thread (SSTJobQueue)[0x0011aaa4]} sys_semaphore warning: sys_semaphore_wait(21) aborted
HLE: W {PPU[59] Thread (SpursHdlr0)[0x00000000]} cellSpurs warning: SPURS Handler Thread 0 aborted
HLE: W {PPU[92] Thread (SpursHdlr0)[0x00000000]} sys_lwcond warning: sys_lwcond_wait(id=89) failed (EPERM)
PPU: ! {PPU Recompilation Engine} PPU LLVM Recompilation thread exiting.
