HLE: ! path: /dev_hdd0/game/
HLE: W No pause.bin found, Auto Pause will not work.
HLE: W No pause.bin found, Auto Pause will not work.
LDR: ! Loading 'D:\Emulateurs\Rpcs3\dev_hdd0\game\NPEB01287/USRDIR/BOOT.BIN'...
LDR: !  
LDR: ! Mount info:
LDR: ! /dev_hdd0/ -> ./dev_hdd0/
LDR: ! /dev_hdd1/ -> ./dev_hdd1/
LDR: ! /dev_flash/ -> ./dev_flash/
LDR: ! /dev_usb000/ -> ./dev_usb000/
LDR: ! /dev_usb/ -> ./dev_usb000/
LDR: ! /app_home/ -> D:\Emulateurs\Rpcs3\dev_hdd0\game\NPEB01287/
LDR: ! /dev_bdvd/ -> D:\Emulateurs\Rpcs3\dev_hdd0\game\NPEB01287//../
LDR: ! /host_root/ -> 
LDR: ! /app_home/PS3_GAME/USRDIR/ -> D:\Emulateurs\Rpcs3\dev_hdd0\game\NPEB01287//USRDIR/
LDR: ! /dev_flash2/ -> ./dev_flash2/
LDR: ! /app_home/Game/PS3_GAME/USRDIR/ -> D:\Emulateurs\Rpcs3\dev_hdd0\game\NPEB01287//USRDIR/
LDR: ! //dev_hdd0/ -> ./dev_hdd0/
LDR: ! / -> D:\Emulateurs\Rpcs3\dev_hdd0\game\NPEB01287//USRDIR/
LDR: ! /app_home//dev_bdvd/PS3_GAME/USRDIR/data/gos/ -> D:\Emulateurs\Rpcs3\dev_hdd0\game\NPEB01287//USRDIR/
LDR: !  
LDR: ! Title: DuckTales: Remastered
LDR: ! Serial: NPEB01287
LDR: !  
MEM: ! Initializing memory: m_base_addr = 0xf806cb0000
MEM: ! Memory initialized.
LDR: ! Imported function 'cellRtcGetCurrentTick' in 'cellRtc' module
LDR: ! Imported function 'cellRtcConvertUtcToLocalTime' in 'cellRtc' module
LDR: ! Imported function 'sys_net_initialize_network_ex' in 'sys_net' module
LDR: ! Imported function 'sys_net_finalize_network' in 'sys_net' module
LDR: ! Imported function 'recvfrom' in 'sys_net' module
LDR: ! Imported function 'listen' in 'sys_net' module
LDR: W Unimplemented function 'socketselect' in 'sys_net' module
LDR: ! Imported function '_sys_net_errno_loc' in 'sys_net' module
LDR: ! Imported function 'connect' in 'sys_net' module
LDR: ! Imported function 'socketclose' in 'sys_net' module
LDR: W Unimplemented function 'gethostbyname' in 'sys_net' module
LDR: ! Imported function 'setsockopt' in 'sys_net' module
LDR: ! Imported function 'sendto' in 'sys_net' module
LDR: ! Imported function 'socket' in 'sys_net' module
LDR: ! Imported function 'bind' in 'sys_net' module
LDR: ! Imported function 'accept' in 'sys_net' module
LDR: ! Imported function 'inet_addr' in 'sys_net' module
LDR: ! Imported function 'send' in 'sys_net' module
LDR: ! Imported function 'recv' in 'sys_net' module
LDR: ! Imported function 'cellGcmGetTiledPitchSize' in 'cellGcmSys' module
LDR: ! Imported function 'cellGcmGetDisplayInfo' in 'cellGcmSys' module
LDR: ! Imported function '_cellGcmInitBody' in 'cellGcmSys' module
LDR: ! Imported function '_cellGcmSetFlipCommand' in 'cellGcmSys' module
LDR: ! Imported function 'cellGcmAddressToOffset' in 'cellGcmSys' module
LDR: ! Imported function '_cellGcmFunc15' in 'cellGcmSys' module
LDR: ! Imported function 'cellGcmBindTile' in 'cellGcmSys' module
LDR: ! Imported function 'cellGcmSetFlipMode' in 'cellGcmSys' module
LDR: ! Imported function 'cellGcmGetDefaultCommandWordSize' in 'cellGcmSys' module
LDR: ! Imported function 'cellGcmGetLastFlipTime' in 'cellGcmSys' module
LDR: ! Imported function 'cellGcmGetDefaultSegmentWordSize' in 'cellGcmSys' module
LDR: ! Imported function 'cellGcmGetCurrentDisplayBufferId' in 'cellGcmSys' module
LDR: ! Imported function 'cellGcmSetDefaultFifoSize' in 'cellGcmSys' module
LDR: ! Imported function 'cellGcmBindZcull' in 'cellGcmSys' module
LDR: ! Imported function 'cellGcmMapMainMemory' in 'cellGcmSys' module
LDR: ! Imported function 'cellGcmSetDisplayBuffer' in 'cellGcmSys' module
LDR: ! Imported function 'cellGcmGetControlRegister' in 'cellGcmSys' module
LDR: ! Imported function 'cellGcmSetTileInfo' in 'cellGcmSys' module
LDR: ! Imported function '_cellGcmSetFlipCommandWithWaitLabel' in 'cellGcmSys' module
LDR: ! Imported function 'cellGcmUnmapIoAddress' in 'cellGcmSys' module
LDR: ! Imported function 'cellGcmGetConfiguration' in 'cellGcmSys' module
LDR: ! Imported function 'cellGcmGetLabelAddress' in 'cellGcmSys' module
LDR: ! Imported function 'cellAudioCreateNotifyEventQueue' in 'cellAudio' module
LDR: ! Imported function 'cellAudioSetNotifyEventQueue' in 'cellAudio' module
LDR: ! Imported function 'cellAudioGetPortTimestamp' in 'cellAudio' module
LDR: ! Imported function 'cellAudioPortClose' in 'cellAudio' module
LDR: ! Imported function 'cellAudioPortStop' in 'cellAudio' module
LDR: ! Imported function 'cellAudioGetPortConfig' in 'cellAudio' module
LDR: W Unimplemented function 'cellAudioAdd6chData' in 'cellAudio' module
LDR: ! Imported function 'cellAudioPortStart' in 'cellAudio' module
LDR: ! Imported function 'cellAudioAdd2chData' in 'cellAudio' module
LDR: ! Imported function 'cellAudioPortOpen' in 'cellAudio' module
LDR: ! Imported function 'cellAudioAddData' in 'cellAudio' module
LDR: ! Imported function 'cellAudioGetPortBlockTag' in 'cellAudio' module
LDR: ! Imported function 'cellAudioRemoveNotifyEventQueue' in 'cellAudio' module
LDR: ! Imported function 'cellAudioInit' in 'cellAudio' module
LDR: ! Imported function 'cellAudioQuit' in 'cellAudio' module
LDR: ! Imported function 'cellPadInit' in 'sys_io' module
LDR: ! Imported function 'cellPadEnd' in 'sys_io' module
LDR: ! Imported function 'cellPadSetPortSetting' in 'sys_io' module
LDR: ! Imported function 'cellPadGetData' in 'sys_io' module
LDR: ! Imported function 'cellPadGetInfo2' in 'sys_io' module
LDR: ! Imported function 'cellPadSetActDirect' in 'sys_io' module
LDR: ! Imported function 'cellSpursAttributeSetNamePrefix' in 'cellSpurs' module
LDR: ! Imported function 'cellSpursAttributeEnableSpuPrintfIfAvailable' in 'cellSpurs' module
LDR: ! Imported function 'cellSpursCreateJobChainWithAttribute' in 'cellSpurs' module
LDR: ! Imported function '_cellSpursJobChainAttributeInitialize' in 'cellSpurs' module
LDR: ! Imported function '_cellSpursAttributeInitialize' in 'cellSpurs' module
LDR: ! Imported function 'cellSpursJoinJobChain' in 'cellSpurs' module
LDR: ! Imported function 'cellSpursInitializeWithAttribute' in 'cellSpurs' module
LDR: ! Imported function 'cellSpursFinalize' in 'cellSpurs' module
LDR: ! Imported function 'cellSpursRunJobChain' in 'cellSpurs' module
LDR: ! Imported function 'cellSpursQueueDetachLv2EventQueue' in 'cellSpurs' module
LDR: ! Imported function '_cellSpursQueueInitialize' in 'cellSpurs' module
LDR: ! Imported function '_cellSpursTasksetAttributeInitialize' in 'cellSpurs' module
LDR: ! Imported function 'cellSpursDestroyTaskset2' in 'cellSpurs' module
LDR: ! Imported function 'cellSpursEventFlagDetachLv2EventQueue' in 'cellSpurs' module
LDR: ! Imported function 'cellSpursEventFlagWait' in 'cellSpurs' module
LDR: ! Imported function 'cellSpursCreateTaskset2' in 'cellSpurs' module
LDR: ! Imported function '_cellSpursEventFlagInitialize' in 'cellSpurs' module
LDR: ! Imported function 'cellSpursTasksetAttributeSetName' in 'cellSpurs' module
LDR: ! Imported function 'cellSpursEventFlagAttachLv2EventQueue' in 'cellSpurs' module
LDR: ! Imported function 'cellSpursQueuePushBody' in 'cellSpurs' module
LDR: ! Imported function 'cellSpursJoinTaskset' in 'cellSpurs' module
LDR: ! Imported function 'cellSpursShutdownTaskset' in 'cellSpurs' module
LDR: ! Imported function 'cellSpursJoinTask2' in 'cellSpurs' module
LDR: ! Imported function 'cellSpursCreateTask' in 'cellSpurs' module
LDR: ! Imported function 'cellSpursCreateTasksetWithAttribute' in 'cellSpurs' module
LDR: ! Imported function '_cellSpursTasksetAttribute2Initialize' in 'cellSpurs' module
LDR: ! Imported function 'cellSpursCreateTask2WithBinInfo' in 'cellSpurs' module
LDR: ! Imported function 'cellSpursQueueAttachLv2EventQueue' in 'cellSpurs' module
LDR: ! Imported function 'cellSpursEventFlagSet' in 'cellSpurs' module
LDR: ! Imported function 'cellNetCtlNetStartDialogLoadAsync' in 'cellNetCtl' module
LDR: ! Imported function 'cellNetCtlNetStartDialogUnloadAsync' in 'cellNetCtl' module
LDR: ! Imported function 'cellNetCtlTerm' in 'cellNetCtl' module
LDR: ! Imported function 'cellNetCtlInit' in 'cellNetCtl' module
LDR: ! Imported function 'cellSysutilUnregisterCallback' in 'cellSysutil' module
LDR: ! Imported function 'cellVideoOutConfigure' in 'cellSysutil' module
LDR: ! Imported function 'cellSysutilCheckCallback' in 'cellSysutil' module
LDR: W Unimplemented function 'cellOskDialogUnloadAsync' in 'cellSysutil' module
LDR: ! Imported function 'cellSysutilGetSystemParamInt' in 'cellSysutil' module
LDR: ! Imported function 'cellMsgDialogAbort' in 'cellSysutil' module
LDR: ! Imported function 'cellMsgDialogOpen2' in 'cellSysutil' module
LDR: W Unimplemented function 'cellOskDialogLoadAsync' in 'cellSysutil' module
LDR: ! Imported function 'cellVideoOutGetState' in 'cellSysutil' module
LDR: ! Imported function 'cellSaveDataAutoSave2' in 'cellSysutil' module
LDR: ! Imported function 'cellSysutilRegisterCallback' in 'cellSysutil' module
LDR: W Unimplemented function 'cellOskDialogSetKeyLayoutOption' in 'cellSysutil' module
LDR: ! Imported function 'cellSaveDataAutoLoad2' in 'cellSysutil' module
LDR: ! Imported function 'cellAudioOutConfigure' in 'cellSysutil' module
LDR: ! Imported function 'cellSysutilGetBgmPlaybackStatus' in 'cellSysutil' module
LDR: ! Imported function 'cellAudioOutGetSoundAvailability' in 'cellSysutil' module
LDR: W Unknown module 'cellSysutilAvconfExt'
LDR: W Unimplemented function 'cellVideoOutSetGamma' in 'cellSysutilAvconfExt' module
LDR: W Unimplemented function 'cellAudioInGetAvailableDeviceInfo' in 'cellSysutilAvconfExt' module
LDR: W Unimplemented function 'cellAudioInSetDeviceMode' in 'cellSysutilAvconfExt' module
LDR: W Unimplemented function 'cellAudioInRegisterDevice' in 'cellSysutilAvconfExt' module
LDR: W Unimplemented function 'cellAudioInUnregisterDevice' in 'cellSysutilAvconfExt' module
LDR: ! Imported function 'sceNpBasicGetFriendListEntry' in 'sceNp' module
LDR: ! Imported function 'sceNpScoreGetRankingByNpId' in 'sceNp' module
LDR: ! Imported function 'sceNpScoreRecordScore' in 'sceNp' module
LDR: ! Imported function 'sceNpScoreDestroyTitleCtx' in 'sceNp' module
LDR: ! Imported function 'sceNpScoreInit' in 'sceNp' module
LDR: ! Imported function 'sceNpBasicSetPresence' in 'sceNp' module
LDR: ! Imported function 'sceNpTerm' in 'sceNp' module
LDR: ! Imported function 'sceNpManagerUnregisterCallback' in 'sceNp' module
LDR: ! Imported function 'sceNpManagerGetContentRatingFlag' in 'sceNp' module
LDR: ! Imported function 'sceNpScoreCreateTransactionCtx' in 'sceNp' module
LDR: ! Imported function 'sceNpScoreTerm' in 'sceNp' module
LDR: ! Imported function 'sceNpManagerGetStatus' in 'sceNp' module
LDR: ! Imported function 'sceNpBasicGetFriendListEntryCount' in 'sceNp' module
LDR: ! Imported function 'sceNpScoreCreateTitleCtx' in 'sceNp' module
LDR: ! Imported function 'sceNpBasicRegisterHandler' in 'sceNp' module
LDR: ! Imported function 'sceNpInit' in 'sceNp' module
LDR: ! Imported function 'sceNpScoreDestroyTransactionCtx' in 'sceNp' module
LDR: ! Imported function 'sceNpProfileCallGui' in 'sceNp' module
LDR: ! Imported function 'sceNpUtilCmpNpId' in 'sceNp' module
LDR: ! Imported function 'sceNpManagerRegisterCallback' in 'sceNp' module
LDR: ! Imported function 'sceNpManagerGetChatRestrictionFlag' in 'sceNp' module
LDR: ! Imported function 'sceNpDrmIsAvailable2' in 'sceNp' module
LDR: ! Imported function 'sceNpDrmExecuteGamePurchase' in 'sceNp' module
LDR: ! Imported function 'sceNpScoreGetRankingByRange' in 'sceNp' module
LDR: ! Imported function 'sceNpManagerGetNpId' in 'sceNp' module
LDR: ! Imported function 'cellSysmoduleUnloadModule' in 'cellSysmodule' module
LDR: ! Imported function 'cellSysmoduleLoadModule' in 'cellSysmodule' module
LDR: ! Imported function 'cellSysmoduleInitialize' in 'cellSysmodule' module
LDR: ! Imported function 'cellSysmoduleIsLoaded' in 'cellSysmodule' module
LDR: ! Imported function 'sceNpTrophyRegisterContext' in 'sceNpTrophy' module
LDR: ! Imported function 'sceNpTrophyCreateHandle' in 'sceNpTrophy' module
LDR: ! Imported function 'sceNpTrophyGetRequiredDiskSpace' in 'sceNpTrophy' module
LDR: ! Imported function 'sceNpTrophyDestroyContext' in 'sceNpTrophy' module
LDR: ! Imported function 'sceNpTrophyInit' in 'sceNpTrophy' module
LDR: ! Imported function 'sceNpTrophyDestroyHandle' in 'sceNpTrophy' module
LDR: ! Imported function 'sceNpTrophyUnlockTrophy' in 'sceNpTrophy' module
LDR: ! Imported function 'sceNpTrophyTerm' in 'sceNpTrophy' module
LDR: ! Imported function 'sceNpTrophyCreateContext' in 'sceNpTrophy' module
LDR: ! Imported function 'cellGameGetParamString' in 'cellGame' module
LDR: ! Imported function 'cellGameContentPermit' in 'cellGame' module
LDR: ! Imported function 'cellGameBootCheck' in 'cellGame' module
LDR: W Unimplemented function 'UCS2stoUTF8s' in 'cellL10n' module
LDR: W Unimplemented function 'UTF8stoUCS2s' in 'cellL10n' module
LDR: W Unimplemented function 'cellMicOpenEx' in 'cellMic' module
LDR: W Unimplemented function 'cellMicRead' in 'cellMic' module
LDR: W Unimplemented function 'cellMicIsAttached' in 'cellMic' module
LDR: W Unimplemented function 'cellMicSetNotifyEventQueue' in 'cellMic' module
LDR: W Unimplemented function 'cellMicClose' in 'cellMic' module
LDR: W Unimplemented function 'cellMicStart' in 'cellMic' module
LDR: W Unimplemented function 'cellMicStop' in 'cellMic' module
LDR: ! Imported function 'cellFsRmdir' in 'sys_fs' module
LDR: ! Imported function 'cellFsClose' in 'sys_fs' module
LDR: ! Imported function 'cellFsOpendir' in 'sys_fs' module
LDR: ! Imported function 'cellFsRead' in 'sys_fs' module
LDR: ! Imported function 'cellFsReaddir' in 'sys_fs' module
LDR: ! Imported function 'cellFsSdataOpenByFd' in 'sys_fs' module
LDR: ! Imported function 'cellFsOpen' in 'sys_fs' module
LDR: ! Imported function 'cellFsStat' in 'sys_fs' module
LDR: ! Imported function 'cellFsUnlink' in 'sys_fs' module
LDR: ! Imported function 'cellFsFsync' in 'sys_fs' module
LDR: ! Imported function 'cellFsLseek' in 'sys_fs' module
LDR: ! Imported function 'cellFsGetFreeSize' in 'sys_fs' module
LDR: ! Imported function 'cellFsSdataOpen' in 'sys_fs' module
LDR: ! Imported function 'cellFsMkdir' in 'sys_fs' module
LDR: ! Imported function 'cellFsWrite' in 'sys_fs' module
LDR: ! Imported function 'cellFsFstat' in 'sys_fs' module
LDR: ! Imported function 'cellFsClosedir' in 'sys_fs' module
LDR: ! Imported function 'sys_lwmutex_lock' in 'sysPrxForUser' module
LDR: ! Imported function 'sys_lwmutex_unlock' in 'sysPrxForUser' module
LDR: ! Imported function 'sys_lwcond_destroy' in 'sysPrxForUser' module
LDR: ! Imported function 'sys_ppu_thread_create' in 'sysPrxForUser' module
LDR: ! Imported function 'sys_prx_load_module' in 'sysPrxForUser' module
LDR: ! Imported function 'sys_lwcond_wait' in 'sysPrxForUser' module
LDR: ! Imported function '_sys_process_atexitspawn' in 'sysPrxForUser' module
LDR: ! Imported function 'sys_lwmutex_create' in 'sysPrxForUser' module
LDR: ! Imported function 'sys_ppu_thread_get_id' in 'sysPrxForUser' module
LDR: ! Imported function 'sys_prx_register_library' in 'sysPrxForUser' module
LDR: ! Imported function 'Unknown func id: 0x4f7172c9' in 'sysPrxForUser' module
LDR: ! Imported function 'sys_initialize_tls' in 'sysPrxForUser' module
LDR: ! Imported function 'sys_time_get_system_time' in 'sysPrxForUser' module
LDR: ! Imported function '_sys_process_at_Exitspawn' in 'sysPrxForUser' module
LDR: ! Imported function 'sys_prx_exitspawn_with_level' in 'sysPrxForUser' module
LDR: W Unimplemented function 'sys_prx_load_module_on_memcontainer_by_fd' in 'sysPrxForUser' module
LDR: ! Imported function 'sys_prx_load_module_on_memcontainer' in 'sysPrxForUser' module
LDR: ! Imported function 'sys_lwmutex_trylock' in 'sysPrxForUser' module
LDR: ! Imported function 'sys_ppu_thread_exit' in 'sysPrxForUser' module
LDR: ! Imported function 'sys_lwmutex_destroy' in 'sysPrxForUser' module
LDR: ! Imported function 'sys_lwcond_create' in 'sysPrxForUser' module
LDR: ! Imported function 'sys_spu_image_close' in 'sysPrxForUser' module
LDR: ! Imported function 'sys_process_exit' in 'sysPrxForUser' module
LDR: ! Imported function 'sys_lwcond_signal_all' in 'sysPrxForUser' module
LDR: ! Imported function 'sys_spu_image_import' in 'sysPrxForUser' module
LDR: W Unimplemented function 'sys_prx_load_module_by_fd' in 'sysPrxForUser' module
LDR: ! Imported function 'sys_lwcond_signal' in 'sysPrxForUser' module
LDR: ! Imported function 'cellSailGraphicsAdapterGetFrame' in 'cellSail' module
LDR: ! Imported function 'cellSailDescriptorCreateDatabase' in 'cellSail' module
LDR: ! Imported function 'cellSailFutureReset' in 'cellSail' module
LDR: ! Imported function 'cellSailPlayerSetSoundAdapter' in 'cellSail' module
LDR: ! Imported function 'cellSailGraphicsAdapterPtsToTimePosition' in 'cellSail' module
LDR: ! Imported function 'cellSailPlayerFinalize' in 'cellSail' module
LDR: ! Imported function 'cellSailPlayerSetGraphicsAdapter' in 'cellSail' module
LDR: ! Imported function 'cellSailGraphicsAdapterInitialize' in 'cellSail' module
LDR: ! Imported function 'cellSailSoundAdapterSetPreferredFormat' in 'cellSail' module
LDR: ! Imported function 'cellSailPlayerInitialize2' in 'cellSail' module
LDR: ! Imported function 'cellSailDescriptorDestroyDatabase' in 'cellSail' module
LDR: ! Imported function 'cellSailGraphicsAdapterSetPreferredFormat' in 'cellSail' module
LDR: ! Imported function 'cellSailMemAllocatorInitialize' in 'cellSail' module
LDR: ! Imported function 'cellSailPlayerOpenStream' in 'cellSail' module
LDR: ! Imported function 'cellSailFutureGet' in 'cellSail' module
LDR: ! Imported function 'cellSailSoundAdapterInitialize' in 'cellSail' module
LDR: ! Imported function 'cellSailGraphicsAdapterUpdateAvSync' in 'cellSail' module
LDR: ! Imported function 'cellSailSoundAdapterPtsToTimePosition' in 'cellSail' module
LDR: ! Imported function 'cellSailFutureInitialize' in 'cellSail' module
LDR: ! Imported function 'cellSailMp4MovieGetMovieInfo' in 'cellSail' module
LDR: ! Imported function 'cellSailPlayerSetParameter' in 'cellSail' module
LDR: ! Imported function 'cellSailAviMovieGetMovieInfo' in 'cellSail' module
LDR: ! Imported function 'cellSailGraphicsAdapterFinalize' in 'cellSail' module
LDR: ! Imported function 'cellSailPlayerAddDescriptor' in 'cellSail' module
LDR: ! Imported function 'cellSailSoundAdapterGetFrame' in 'cellSail' module
LDR: ! Imported function 'cellSailFutureFinalize' in 'cellSail' module
LDR: ! Imported function 'cellSailFutureSet' in 'cellSail' module
LDR: ! Imported function 'cellSailPlayerBoot' in 'cellSail' module
LDR: ! Imported function 'cellSailSoundAdapterFinalize' in 'cellSail' module
LDR: ! Imported function 'cellSailPlayerSetPaused' in 'cellSail' module
LDR: ! Imported function 'cellSailPlayerCreateDescriptor' in 'cellSail' module
LDR: ! Imported function 'cellSailPlayerStart' in 'cellSail' module
LDR: ! Imported function 'cellSailPlayerStop' in 'cellSail' module
LDR: ! Imported function 'cellSailSoundAdapterUpdateAvSync' in 'cellSail' module
LDR: ! Imported function 'cellSailSoundAdapterGetFormat' in 'cellSail' module
LDR: ! Imported function 'cellSailPlayerSetRepeatMode' in 'cellSail' module
LDR: ! Imported function 'cellSailPlayerDestroyDescriptor' in 'cellSail' module
LDR: ! Imported function 'cellSailGraphicsAdapterGetFormat' in 'cellSail' module
LDR: ! Imported function 'cellPamfReaderGetPresentationStartTime' in 'cellPamf' module
LDR: ! Imported function 'cellPamfReaderGetPresentationEndTime' in 'cellPamf' module
HLE: W {PPU[1] Thread (CPUThread)[0x01060058]} sys_lwmutex warning: sys_lwmutex_create(lwmutex_addr=0x101d958, attr_addr=0xc5a020)
HLE: ! {PPU[1] Thread (CPUThread)[0x01060058]} sys_lwmutex : *** lwmutex created [_lc_mtx] (attribute=0x12): sq_id = 3
HLE: W {PPU[1] Thread (CPUThread)[0x00965184]} sys_memory warning: sys_memory_get_user_memory_size(mem_info_addr=0xd000fc04)
HLE: W {PPU[1] Thread (CPUThread)[0x01060058]} sys_lwmutex warning: sys_lwmutex_create(lwmutex_addr=0x101d758, attr_addr=0xc5a020)
HLE: ! {PPU[1] Thread (CPUThread)[0x01060058]} sys_lwmutex : *** lwmutex created [_lc_mtx] (attribute=0x12): sq_id = 4
HLE: W {PPU[1] Thread (CPUThread)[0x01060058]} sys_lwmutex warning: sys_lwmutex_create(lwmutex_addr=0x101cee0, attr_addr=0xc5a020)
HLE: ! {PPU[1] Thread (CPUThread)[0x01060058]} sys_lwmutex : *** lwmutex created [_lc_mtx] (attribute=0x12): sq_id = 5
HLE: W {PPU[1] Thread (CPUThread)[0x01060058]} sys_lwmutex warning: sys_lwmutex_create(lwmutex_addr=0x101cf08, attr_addr=0xc5a020)
HLE: ! {PPU[1] Thread (CPUThread)[0x01060058]} sys_lwmutex : *** lwmutex created [_lc_mtx] (attribute=0x12): sq_id = 6
HLE: W {PPU[1] Thread (CPUThread)[0x01060058]} sys_lwmutex warning: sys_lwmutex_create(lwmutex_addr=0x101cf30, attr_addr=0xc5a020)
HLE: ! {PPU[1] Thread (CPUThread)[0x01060058]} sys_lwmutex : *** lwmutex created [_lc_mtx] (attribute=0x12): sq_id = 7
HLE: W {PPU[1] Thread (CPUThread)[0x01060058]} sys_lwmutex warning: sys_lwmutex_create(lwmutex_addr=0x101ce18, attr_addr=0xc5a020)
HLE: ! {PPU[1] Thread (CPUThread)[0x01060058]} sys_lwmutex : *** lwmutex created [_lc_mtx] (attribute=0x12): sq_id = 8
HLE: W {PPU[1] Thread (CPUThread)[0x01060058]} sys_lwmutex warning: sys_lwmutex_create(lwmutex_addr=0x101ce40, attr_addr=0xc5a020)
HLE: ! {PPU[1] Thread (CPUThread)[0x01060058]} sys_lwmutex : *** lwmutex created [_lc_mtx] (attribute=0x12): sq_id = 9
HLE: W {PPU[1] Thread (CPUThread)[0x01060058]} sys_lwmutex warning: sys_lwmutex_create(lwmutex_addr=0x101ce68, attr_addr=0xc5a020)
HLE: ! {PPU[1] Thread (CPUThread)[0x01060058]} sys_lwmutex : *** lwmutex created [_lc_mtx] (attribute=0x12): sq_id = 10
HLE: W {PPU[1] Thread (CPUThread)[0x01060058]} sys_lwmutex warning: sys_lwmutex_create(lwmutex_addr=0x101ce90, attr_addr=0xc5a020)
HLE: ! {PPU[1] Thread (CPUThread)[0x01060058]} sys_lwmutex : *** lwmutex created [_lc_mtx] (attribute=0x12): sq_id = 11
HLE: W {PPU[1] Thread (CPUThread)[0x01060058]} sys_lwmutex warning: sys_lwmutex_create(lwmutex_addr=0x101ceb8, attr_addr=0xc5a020)
HLE: ! {PPU[1] Thread (CPUThread)[0x01060058]} sys_lwmutex : *** lwmutex created [_lc_mtx] (attribute=0x12): sq_id = 12
HLE: W {PPU[1] Thread (CPUThread)[0x01060058]} sys_lwmutex warning: sys_lwmutex_create(lwmutex_addr=0x101ccc8, attr_addr=0xd22ff0)
HLE: ! {PPU[1] Thread (CPUThread)[0x01060058]} sys_lwmutex : *** lwmutex created [] (attribute=0x12): sq_id = 13
HLE: W {PPU[1] Thread (CPUThread)[0x00955e7c]} sys_time warning: sys_time_get_timezone(timezone_addr=0xd000fb20, summertime_addr=0xd000fb24)
HLE: W {PPU[1] Thread (CPUThread)[0x00955e7c]} cellSysutil warning: cellSysutilGetSystemParamInt: CELL_SYSUTIL_SYSTEMPARAM_ID_TIMEZONE
HLE: W {PPU[1] Thread (CPUThread)[0x00955e7c]} cellSysutil warning: cellSysutilGetSystemParamInt: CELL_SYSUTIL_SYSTEMPARAM_ID_SUMMERTIME
HLE: W {PPU[1] Thread (CPUThread)[0x0095dc14]} sys_time warning: sys_time_get_timezone(timezone_addr=0xd000fa70, summertime_addr=0xd000fa74)
HLE: W {PPU[1] Thread (CPUThread)[0x0095dc14]} cellSysutil warning: cellSysutilGetSystemParamInt: CELL_SYSUTIL_SYSTEMPARAM_ID_TIMEZONE
HLE: W {PPU[1] Thread (CPUThread)[0x0095dc14]} cellSysutil warning: cellSysutilGetSystemParamInt: CELL_SYSUTIL_SYSTEMPARAM_ID_SUMMERTIME
HLE: W {PPU[1] Thread (CPUThread)[0x009578ec]} sys_time warning: sys_time_get_timezone(timezone_addr=0xd000fb20, summertime_addr=0xd000fb24)
HLE: W {PPU[1] Thread (CPUThread)[0x009578ec]} cellSysutil warning: cellSysutilGetSystemParamInt: CELL_SYSUTIL_SYSTEMPARAM_ID_TIMEZONE
HLE: W {PPU[1] Thread (CPUThread)[0x009578ec]} cellSysutil warning: cellSysutilGetSystemParamInt: CELL_SYSUTIL_SYSTEMPARAM_ID_SUMMERTIME
HLE: W {PPU[1] Thread (CPUThread)[0x0095dc14]} sys_time warning: sys_time_get_timezone(timezone_addr=0xd000fa70, summertime_addr=0xd000fa74)
HLE: W {PPU[1] Thread (CPUThread)[0x0095dc14]} cellSysutil warning: cellSysutilGetSystemParamInt: CELL_SYSUTIL_SYSTEMPARAM_ID_TIMEZONE
HLE: W {PPU[1] Thread (CPUThread)[0x0095dc14]} cellSysutil warning: cellSysutilGetSystemParamInt: CELL_SYSUTIL_SYSTEMPARAM_ID_SUMMERTIME
HLE: W {PPU[1] Thread (CPUThread)[0x00955e20]} sys_time warning: sys_time_get_timezone(timezone_addr=0xd000fb20, summertime_addr=0xd000fb24)
HLE: W {PPU[1] Thread (CPUThread)[0x00955e20]} cellSysutil warning: cellSysutilGetSystemParamInt: CELL_SYSUTIL_SYSTEMPARAM_ID_TIMEZONE
HLE: W {PPU[1] Thread (CPUThread)[0x00955e20]} cellSysutil warning: cellSysutilGetSystemParamInt: CELL_SYSUTIL_SYSTEMPARAM_ID_SUMMERTIME
HLE: W {PPU[1] Thread (CPUThread)[0x009578ec]} sys_time warning: sys_time_get_timezone(timezone_addr=0xd000fb20, summertime_addr=0xd000fb24)
HLE: W {PPU[1] Thread (CPUThread)[0x009578ec]} cellSysutil warning: cellSysutilGetSystemParamInt: CELL_SYSUTIL_SYSTEMPARAM_ID_TIMEZONE
HLE: W {PPU[1] Thread (CPUThread)[0x009578ec]} cellSysutil warning: cellSysutilGetSystemParamInt: CELL_SYSUTIL_SYSTEMPARAM_ID_SUMMERTIME
HLE: W {PPU[1] Thread (CPUThread)[0x01060058]} sys_lwmutex warning: sys_lwmutex_create(lwmutex_addr=0xffbe90, attr_addr=0xd000fb50)
HLE: ! {PPU[1] Thread (CPUThread)[0x01060058]} sys_lwmutex : *** lwmutex created [ps3HDDL] (attribute=0x12): sq_id = 14
HLE: W {PPU[1] Thread (CPUThread)[0x01060058]} sys_lwmutex warning: sys_lwmutex_create(lwmutex_addr=0xfd9cd8, attr_addr=0xd1d660)
HLE: ! {PPU[1] Thread (CPUThread)[0x01060058]} sys_lwmutex : *** lwmutex created [wfMutex] (attribute=0x11): sq_id = 15
HLE: W {PPU[1] Thread (CPUThread)[0x0026febc]} sys_semaphore warning: sys_semaphore_create(sem_addr=0xfd9cf0, attr_addr=0xd1d670, initial_count=0, max_count=100000)
HLE: ! {PPU[1] Thread (CPUThread)[0x0026febc]} sys_semaphore : *** semaphore created [] (protocol=0x1): id = 16
HLE: W {PPU[1] Thread (CPUThread)[0x0026febc]} sys_semaphore warning: sys_semaphore_create(sem_addr=0xfe7d14, attr_addr=0xd1d670, initial_count=0, max_count=100000)
HLE: ! {PPU[1] Thread (CPUThread)[0x0026febc]} sys_semaphore : *** semaphore created [] (protocol=0x1): id = 17
HLE: W {PPU[1] Thread (CPUThread)[0x0026febc]} sys_semaphore warning: sys_semaphore_create(sem_addr=0xfbb6a0, attr_addr=0xd1d670, initial_count=0, max_count=100000)
HLE: ! {PPU[1] Thread (CPUThread)[0x0026febc]} sys_semaphore : *** semaphore created [] (protocol=0x1): id = 18
HLE: W {PPU[1] Thread (CPUThread)[0x01060058]} sys_lwmutex warning: sys_lwmutex_create(lwmutex_addr=0xfbb6a8, attr_addr=0xd1d660)
HLE: ! {PPU[1] Thread (CPUThread)[0x01060058]} sys_lwmutex : *** lwmutex created [wfMutex] (attribute=0x11): sq_id = 19
HLE: W {PPU[1] Thread (CPUThread)[0x0026febc]} sys_semaphore warning: sys_semaphore_create(sem_addr=0xe33dcc, attr_addr=0xd1d670, initial_count=0, max_count=100000)
HLE: ! {PPU[1] Thread (CPUThread)[0x0026febc]} sys_semaphore : *** semaphore created [] (protocol=0x1): id = 20
HLE: W {PPU[1] Thread (CPUThread)[0x0026febc]} sys_semaphore warning: sys_semaphore_create(sem_addr=0xe33dd0, attr_addr=0xd1d670, initial_count=0, max_count=100000)
HLE: ! {PPU[1] Thread (CPUThread)[0x0026febc]} sys_semaphore : *** semaphore created [] (protocol=0x1): id = 21
HLE: W {PPU[1] Thread (CPUThread)[0x01060058]} sys_lwmutex warning: sys_lwmutex_create(lwmutex_addr=0xe33d48, attr_addr=0xd1d660)
HLE: ! {PPU[1] Thread (CPUThread)[0x01060058]} sys_lwmutex : *** lwmutex created [wfMutex] (attribute=0x11): sq_id = 22
HLE: W {PPU[1] Thread (CPUThread)[0x01060058]} sys_lwmutex warning: sys_lwmutex_create(lwmutex_addr=0xe31570, attr_addr=0xd1d660)
HLE: ! {PPU[1] Thread (CPUThread)[0x01060058]} sys_lwmutex : *** lwmutex created [wfMutex] (attribute=0x11): sq_id = 23
HLE: W {PPU[1] Thread (CPUThread)[0x0026febc]} sys_semaphore warning: sys_semaphore_create(sem_addr=0xe196f8, attr_addr=0xd1d670, initial_count=0, max_count=100000)
HLE: ! {PPU[1] Thread (CPUThread)[0x0026febc]} sys_semaphore : *** semaphore created [] (protocol=0x1): id = 24
HLE: W {PPU[1] Thread (CPUThread)[0x01060058]} sys_lwmutex warning: sys_lwmutex_create(lwmutex_addr=0xe19700, attr_addr=0xd1d660)
HLE: ! {PPU[1] Thread (CPUThread)[0x01060058]} sys_lwmutex : *** lwmutex created [wfMutex] (attribute=0x11): sq_id = 25
HLE: W {PPU[1] Thread (CPUThread)[0x01060058]} sys_lwmutex warning: sys_lwmutex_create(lwmutex_addr=0xded688, attr_addr=0xd1d660)
HLE: ! {PPU[1] Thread (CPUThread)[0x01060058]} sys_lwmutex : *** lwmutex created [wfMutex] (attribute=0x11): sq_id = 26
HLE: W {PPU[1] Thread (CPUThread)[0x0026febc]} sys_semaphore warning: sys_semaphore_create(sem_addr=0xded628, attr_addr=0xd1d670, initial_count=0, max_count=100000)
HLE: ! {PPU[1] Thread (CPUThread)[0x0026febc]} sys_semaphore : *** semaphore created [] (protocol=0x1): id = 27
HLE: W {PPU[1] Thread (CPUThread)[0x01060058]} sys_lwmutex warning: sys_lwmutex_create(lwmutex_addr=0xded630, attr_addr=0xd1d660)
HLE: ! {PPU[1] Thread (CPUThread)[0x01060058]} sys_lwmutex : *** lwmutex created [wfMutex] (attribute=0x11): sq_id = 28
HLE: W {PPU[1] Thread (CPUThread)[0x0026f140]} sys_event_flag warning: sys_event_flag_create(eflag_id_addr=0xded060, attr_addr=0xd1d640, init=0x0)
HLE: W {PPU[1] Thread (CPUThread)[0x0026f140]} sys_event_flag warning: *** event_flag created [wfEvent] (protocol=0x1, type=0x10000): id = 29
HLE: W {PPU[1] Thread (CPUThread)[0x01060058]} sys_lwmutex warning: sys_lwmutex_create(lwmutex_addr=0xdecd30, attr_addr=0xd1d660)
HLE: ! {PPU[1] Thread (CPUThread)[0x01060058]} sys_lwmutex : *** lwmutex created [wfMutex] (attribute=0x11): sq_id = 30
HLE: W {PPU[1] Thread (CPUThread)[0x0026febc]} sys_semaphore warning: sys_semaphore_create(sem_addr=0xdabc78, attr_addr=0xd1d670, initial_count=0, max_count=100000)
HLE: ! {PPU[1] Thread (CPUThread)[0x0026febc]} sys_semaphore : *** semaphore created [] (protocol=0x1): id = 31
HLE: W {PPU[1] Thread (CPUThread)[0x01060058]} sys_lwmutex warning: sys_lwmutex_create(lwmutex_addr=0xdabc80, attr_addr=0xd1d660)
HLE: ! {PPU[1] Thread (CPUThread)[0x01060058]} sys_lwmutex : *** lwmutex created [wfMutex] (attribute=0x11): sq_id = 32
HLE: W {PPU[1] Thread (CPUThread)[0x01060058]} sys_lwmutex warning: sys_lwmutex_create(lwmutex_addr=0xdab8c8, attr_addr=0xd1d660)
HLE: ! {PPU[1] Thread (CPUThread)[0x01060058]} sys_lwmutex : *** lwmutex created [wfMutex] (attribute=0x11): sq_id = 33
HLE: W {PPU[1] Thread (CPUThread)[0x0026febc]} sys_semaphore warning: sys_semaphore_create(sem_addr=0xdaa740, attr_addr=0xd1d670, initial_count=0, max_count=100000)
HLE: ! {PPU[1] Thread (CPUThread)[0x0026febc]} sys_semaphore : *** semaphore created [] (protocol=0x1): id = 34
HLE: W {PPU[1] Thread (CPUThread)[0x0026febc]} sys_semaphore warning: sys_semaphore_create(sem_addr=0xdaa744, attr_addr=0xd1d670, initial_count=0, max_count=100000)
HLE: ! {PPU[1] Thread (CPUThread)[0x0026febc]} sys_semaphore : *** semaphore created [] (protocol=0x1): id = 35
HLE: W {PPU[1] Thread (CPUThread)[0x01054010]} cellSysmodule warning: cellSysmoduleLoadModule(CELL_SYSMODULE_SYSUTIL_GAME)
HLE: W {PPU[1] Thread (CPUThread)[0x0105801c]} cellGame warning: cellGameBootCheck(type_addr=0xd000fb94, attributes_addr=0xd000fb98, size_addr=0xd000fb9c, dirName_addr=0xd000fba8)
HLE: W {PPU[1] Thread (CPUThread)[0x01058004]} cellGame warning: cellGameGetParamString(id=100, buf_addr=0xdeccf0, bufsize=10)
HLE: W {PPU[1] Thread (CPUThread)[0x01058010]} cellGame warning: cellGameContentPermit(contentInfoPath_addr=0xd000fbc8, usrdirPath_addr=0xdecc70)
HLE: W {PPU[1] Thread (CPUThread)[0x01054004]} cellSysmodule warning: cellSysmoduleUnloadModule(CELL_SYSMODULE_SYSUTIL_GAME)
HLE: W {PPU[1] Thread (CPUThread)[0x0025dbd8]} sys_memory warning: sys_memory_get_user_memory_size(mem_info_addr=0xd000faf0)
HLE: W {PPU[1] Thread (CPUThread)[0x01060058]} sys_lwmutex warning: sys_lwmutex_create(lwmutex_addr=0xdaa3e8, attr_addr=0xd1d660)
HLE: ! {PPU[1] Thread (CPUThread)[0x01060058]} sys_lwmutex : *** lwmutex created [wfMutex] (attribute=0x11): sq_id = 36
HLE: W {PPU[1] Thread (CPUThread)[0x01060058]} sys_lwmutex warning: sys_lwmutex_create(lwmutex_addr=0xdaa450, attr_addr=0xd1d660)
HLE: ! {PPU[1] Thread (CPUThread)[0x01060058]} sys_lwmutex : *** lwmutex created [wfMutex] (attribute=0x11): sq_id = 37
HLE: W {PPU[1] Thread (CPUThread)[0x01060058]} sys_lwmutex warning: sys_lwmutex_create(lwmutex_addr=0xdaa4b8, attr_addr=0xd1d660)
HLE: ! {PPU[1] Thread (CPUThread)[0x01060058]} sys_lwmutex : *** lwmutex created [wfMutex] (attribute=0x11): sq_id = 38
HLE: W {PPU[1] Thread (CPUThread)[0x01060058]} sys_lwmutex warning: sys_lwmutex_create(lwmutex_addr=0xdaa588, attr_addr=0xd1d660)
HLE: ! {PPU[1] Thread (CPUThread)[0x01060058]} sys_lwmutex : *** lwmutex created [wfMutex] (attribute=0x11): sq_id = 39
HLE: W {PPU[1] Thread (CPUThread)[0x01060058]} sys_lwmutex warning: sys_lwmutex_create(lwmutex_addr=0xdaa5f0, attr_addr=0xd1d660)
HLE: ! {PPU[1] Thread (CPUThread)[0x01060058]} sys_lwmutex : *** lwmutex created [wfMutex] (attribute=0x11): sq_id = 40
HLE: W {PPU[1] Thread (CPUThread)[0x01060058]} sys_lwmutex warning: sys_lwmutex_create(lwmutex_addr=0xdaa658, attr_addr=0xd1d660)
HLE: ! {PPU[1] Thread (CPUThread)[0x01060058]} sys_lwmutex : *** lwmutex created [wfMutex] (attribute=0x11): sq_id = 41
HLE: W {PPU[1] Thread (CPUThread)[0x0025dd30]} sys_memory warning: sys_memory_get_user_memory_size(mem_info_addr=0xd000faf8)
HLE: W {PPU[1] Thread (CPUThread)[0x0026ec7c]} sys_spu warning: sys_spu_initialize(max_usable_spu=6, max_raw_spu=0)
HLE: W {PPU[1] Thread (CPUThread)[0x0104a034]} cellSpurs warning: _cellSpursAttributeInitialize(attr_addr=0xdeca70, revision=2, sdkVersion=0x330000, nSpus=6, spuPriority=250, ppuPriority=1000, exitIfNoWork=0)
HLE: W {PPU[1] Thread (CPUThread)[0x0104a04c]} cellSpurs warning: cellSpursInitializeWithAttribute(spurs_addr=0x37e00080, attr_addr=0xdeca70)
HLE: ! {PPU[1] Thread (CPUThread)[0x0104a04c]} sys_semaphore : *** semaphore created [_spuWkl] (protocol=0x2): id = 42
HLE: ! {PPU[1] Thread (CPUThread)[0x0104a04c]} sys_semaphore : *** semaphore created [_spuWkl] (protocol=0x2): id = 43
HLE: ! {PPU[1] Thread (CPUThread)[0x0104a04c]} sys_semaphore : *** semaphore created [_spuWkl] (protocol=0x2): id = 44
HLE: ! {PPU[1] Thread (CPUThread)[0x0104a04c]} sys_semaphore : *** semaphore created [_spuWkl] (protocol=0x2): id = 45
HLE: ! {PPU[1] Thread (CPUThread)[0x0104a04c]} sys_semaphore : *** semaphore created [_spuWkl] (protocol=0x2): id = 46
HLE: ! {PPU[1] Thread (CPUThread)[0x0104a04c]} sys_semaphore : *** semaphore created [_spuWkl] (protocol=0x2): id = 47
HLE: ! {PPU[1] Thread (CPUThread)[0x0104a04c]} sys_semaphore : *** semaphore created [_spuWkl] (protocol=0x2): id = 48
HLE: ! {PPU[1] Thread (CPUThread)[0x0104a04c]} sys_semaphore : *** semaphore created [_spuWkl] (protocol=0x2): id = 49
HLE: ! {PPU[1] Thread (CPUThread)[0x0104a04c]} sys_semaphore : *** semaphore created [_spuWkl] (protocol=0x2): id = 50
HLE: ! {PPU[1] Thread (CPUThread)[0x0104a04c]} sys_semaphore : *** semaphore created [_spuWkl] (protocol=0x2): id = 51
HLE: ! {PPU[1] Thread (CPUThread)[0x0104a04c]} sys_semaphore : *** semaphore created [_spuWkl] (protocol=0x2): id = 52
HLE: ! {PPU[1] Thread (CPUThread)[0x0104a04c]} sys_semaphore : *** semaphore created [_spuWkl] (protocol=0x2): id = 53
HLE: ! {PPU[1] Thread (CPUThread)[0x0104a04c]} sys_semaphore : *** semaphore created [_spuWkl] (protocol=0x2): id = 54
HLE: ! {PPU[1] Thread (CPUThread)[0x0104a04c]} sys_semaphore : *** semaphore created [_spuWkl] (protocol=0x2): id = 55
HLE: ! {PPU[1] Thread (CPUThread)[0x0104a04c]} sys_semaphore : *** semaphore created [_spuWkl] (protocol=0x2): id = 56
HLE: ! {PPU[1] Thread (CPUThread)[0x0104a04c]} sys_semaphore : *** semaphore created [_spuWkl] (protocol=0x2): id = 57
HLE: ! {PPU[1] Thread (CPUThread)[0x0104a04c]} sys_semaphore : *** semaphore created [_spuPrv] (protocol=0x2): id = 58
HLE: ! {PPU[1] Thread (CPUThread)[0x0104a04c]} sys_spu : *** SPU Thread Group created [CellSpursKernelGroup] (num=6, prio=250, type=0x0, container=0): id=59
HLE: E {PPU[1] Thread (CPUThread)[0x0104a04c]} sys_spu TODO: Unsupported SPU Thread options (0x2)
HLE: W {PPU[1] Thread (CPUThread)[0x0104a04c]} sys_spu warning: *** New SPU Thread [CellSpursKernel0] (ep=0x0, opt=0x2, a1=0x0, a2=0x0, a3=0x0, a4=0x0): id=60, spu_offset=0x30050000
HLE: E {PPU[1] Thread (CPUThread)[0x0104a04c]} sys_spu TODO: Unsupported SPU Thread options (0x2)
HLE: W {PPU[1] Thread (CPUThread)[0x0104a04c]} sys_spu warning: *** New SPU Thread [CellSpursKernel1] (ep=0x0, opt=0x2, a1=0x0, a2=0x0, a3=0x0, a4=0x0): id=61, spu_offset=0x30090000
HLE: E {PPU[1] Thread (CPUThread)[0x0104a04c]} sys_spu TODO: Unsupported SPU Thread options (0x2)
HLE: W {PPU[1] Thread (CPUThread)[0x0104a04c]} sys_spu warning: *** New SPU Thread [CellSpursKernel2] (ep=0x0, opt=0x2, a1=0x0, a2=0x0, a3=0x0, a4=0x0): id=62, spu_offset=0x3a800000
HLE: E {PPU[1] Thread (CPUThread)[0x0104a04c]} sys_spu TODO: Unsupported SPU Thread options (0x2)
HLE: W {PPU[1] Thread (CPUThread)[0x0104a04c]} sys_spu warning: *** New SPU Thread [CellSpursKernel3] (ep=0x0, opt=0x2, a1=0x0, a2=0x0, a3=0x0, a4=0x0): id=63, spu_offset=0x3a840000
HLE: E {PPU[1] Thread (CPUThread)[0x0104a04c]} sys_spu TODO: Unsupported SPU Thread options (0x2)
HLE: W {PPU[1] Thread (CPUThread)[0x0104a04c]} sys_spu warning: *** New SPU Thread [CellSpursKernel4] (ep=0x0, opt=0x2, a1=0x0, a2=0x0, a3=0x0, a4=0x0): id=64, spu_offset=0x3a880000
HLE: E {PPU[1] Thread (CPUThread)[0x0104a04c]} sys_spu TODO: Unsupported SPU Thread options (0x2)
HLE: W {PPU[1] Thread (CPUThread)[0x0104a04c]} sys_spu warning: *** New SPU Thread [CellSpursKernel5] (ep=0x0, opt=0x2, a1=0x0, a2=0x0, a3=0x0, a4=0x0): id=65, spu_offset=0x3a8c0000
HLE: ! {PPU[1] Thread (CPUThread)[0x0104a04c]} sys_lwmutex : *** lwmutex created [_spuPrv] (attribute=0x22): sq_id = 66
HLE: W {PPU[1] Thread (CPUThread)[0x0104a04c]} sys_lwcond warning: *** lwcond created [_spuPrv] (lwmutex_addr=0x37e00e30): id = 67
HLE: W {PPU[1] Thread (CPUThread)[0x0104a04c]} sys_event warning: *** event_queue created [_spuPrv] (protocol=0x1, type=0x1, key=0x0, size=0x2a): id = 68
HLE: W {PPU[1] Thread (CPUThread)[0x0104a04c]} sys_spu warning: sys_spu_thread_group_connect_event_all_threads(id=59, eq_id=68, req=0xffffffffffff0000, spup_addr=0x37e00149)
HLE: W {PPU[1] Thread (CPUThread)[0x0104a04c]} sys_spu warning: *** spup -> 16
HLE: W {PPU[1] Thread (CPUThread)[0x0104a04c]} sys_event warning: *** sys_event_port created: id = 69
HLE: W {PPU[1] Thread (CPUThread)[0x0104a04c]} sys_event warning: sys_event_port_connect_local(eport_id=69, equeue_id=68)
HLE: ! {PPU[1] Thread (CPUThread)[0x0104a04c]} sys_ppu_thread : *** New PPU Thread [SpursHdlr0] (joinable, entry=0x0): id = 70
HLE: W {PPU[70] Thread (SpursHdlr0)[0x00000000]} sys_spu warning: sys_spu_thread_group_start(id=59)
HLE: ! {PPU[1] Thread (CPUThread)[0x0104a04c]} sys_ppu_thread : *** New PPU Thread [SpursHdlr1] (joinable, entry=0x0): id = 71
HLE: E {PPU[1] Thread (CPUThread)[0x0104a04c]} sys_spu TODO: sys_spu_thread_group_connect_event(id=59, eq=68, et=0x2)
HLE: E {PPU[1] Thread (CPUThread)[0x0026ecf0]} Unknown syscall: 872 - 00000368
HLE: W {PPU[1] Thread (CPUThread)[0x0104e034]} cellSysutil warning: cellSysutilGetSystemParamInt: CELL_SYSUTIL_SYSTEMPARAM_ID_LANG
HLE: W {PPU[1] Thread (CPUThread)[0x01054010]} cellSysmodule warning: cellSysmoduleLoadModule(CELL_SYSMODULE_IO)
HLE: W {PPU[1] Thread (CPUThread)[0x01054010]} cellSysmodule warning: cellSysmoduleLoadModule(CELL_SYSMODULE_FS)
HLE: W {PPU[1] Thread (CPUThread)[0x01054010]} cellSysmodule warning: cellSysmoduleLoadModule(CELL_SYSMODULE_PNGDEC)
HLE: W {PPU[1] Thread (CPUThread)[0x01054010]} cellSysmodule warning: cellSysmoduleLoadModule(CELL_SYSMODULE_SYSUTIL_NP)
HLE: W {PPU[1] Thread (CPUThread)[0x01054010]} cellSysmodule warning: cellSysmoduleLoadModule(CELL_SYSMODULE_SYSUTIL_NP_TROPHY)
HLE: W {PPU[1] Thread (CPUThread)[0x01054010]} cellSysmodule warning: cellSysmoduleLoadModule(CELL_SYSMODULE_HTTP)
HLE: W {PPU[1] Thread (CPUThread)[0x01054010]} cellSysmodule warning: cellSysmoduleLoadModule(CELL_SYSMODULE_JPGDEC)
HLE: W {PPU[1] Thread (CPUThread)[0x01054010]} cellSysmodule warning: cellSysmoduleLoadModule(CELL_SYSMODULE_RESC)
HLE: W {PPU[1] Thread (CPUThread)[0x01054010]} cellSysmodule warning: cellSysmoduleLoadModule(CELL_SYSMODULE_RTC)
HLE: W {PPU[1] Thread (CPUThread)[0x01054010]} cellSysmodule warning: cellSysmoduleLoadModule(CELL_SYSMODULE_GCM_SYS)
HLE: W {PPU[1] Thread (CPUThread)[0x01054010]} cellSysmodule warning: cellSysmoduleLoadModule(CELL_SYSMODULE_L10N)
HLE: W {PPU[1] Thread (CPUThread)[0x01054010]} cellSysmodule warning: cellSysmoduleLoadModule(CELL_SYSMODULE_PAMF)
HLE: W {PPU[1] Thread (CPUThread)[0x01054010]} cellSysmodule warning: cellSysmoduleLoadModule(CELL_SYSMODULE_SAIL)
HLE: W {PPU[1] Thread (CPUThread)[0x0104c028]} cellNetCtl warning: cellNetCtlInit()
HLE: W {PPU[1] Thread (CPUThread)[0x010520b8]} sceNp warning: sceNpInit(mem_size=0x20000, mem_addr=0xdaca50)
HLE: W {PPU[1] Thread (CPUThread)[0x0104e07c]} cellSysutil warning: cellSysutilRegisterCallback(slot=0, func_addr=0xcfc928, userdata=0x0)
HLE: W {PPU[1] Thread (CPUThread)[0x00cec004]} sys_net warning: sys_net_initialize_network_ex(param_addr=0xd000faf0)
HLE: W {PPU[70] Thread (SpursHdlr0)[0x00000000]} sys_spu warning: sys_spu_thread_group_join(id=59, cause_addr=0x0, status_addr=0x0)
HLE: ! {PPU[1] Thread (CPUThread)[0x01060028]} sys_ppu_thread : *** New PPU Thread [TmpMsgPump] (non-joinable, entry=0xcfc938): id = 72
HLE: W {PPU[1] Thread (CPUThread)[0x01060058]} sys_lwmutex warning: sys_lwmutex_create(lwmutex_addr=0x37e010a0, attr_addr=0xd1d660)
HLE: ! {PPU[1] Thread (CPUThread)[0x01060058]} sys_lwmutex : *** lwmutex created [wfMutex] (attribute=0x11): sq_id = 73
HLE: W {PPU[1] Thread (CPUThread)[0x0026f140]} sys_event_flag warning: sys_event_flag_create(eflag_id_addr=0x37e010d8, attr_addr=0xd1d640, init=0x0)
HLE: W {PPU[1] Thread (CPUThread)[0x0026f140]} sys_event_flag warning: *** event_flag created [wfEvent] (protocol=0x1, type=0x10000): id = 74
HLE: W {PPU[1] Thread (CPUThread)[0x01060058]} sys_lwmutex warning: sys_lwmutex_create(lwmutex_addr=0x37e010e0, attr_addr=0xd1d660)
HLE: ! {PPU[1] Thread (CPUThread)[0x01060058]} sys_lwmutex : *** lwmutex created [wfMutex] (attribute=0x11): sq_id = 75
HLE: W {PPU[1] Thread (CPUThread)[0x0026febc]} sys_semaphore warning: sys_semaphore_create(sem_addr=0x37e0118c, attr_addr=0xd1d670, initial_count=0, max_count=100000)
HLE: ! {PPU[1] Thread (CPUThread)[0x0026febc]} sys_semaphore : *** semaphore created [] (protocol=0x1): id = 76
HLE: W {PPU[1] Thread (CPUThread)[0x0026febc]} sys_semaphore warning: sys_semaphore_create(sem_addr=0x37e01190, attr_addr=0xd1d670, initial_count=0, max_count=100000)
HLE: ! {PPU[1] Thread (CPUThread)[0x0026febc]} sys_semaphore : *** semaphore created [] (protocol=0x1): id = 77
HLE: W {PPU[1] Thread (CPUThread)[0x0026f140]} sys_event_flag warning: sys_event_flag_create(eflag_id_addr=0x37e011e4, attr_addr=0xd1d640, init=0x0)
HLE: W {PPU[1] Thread (CPUThread)[0x0026f140]} sys_event_flag warning: *** event_flag created [wfEvent] (protocol=0x1, type=0x10000): id = 78
HLE: W {PPU[1] Thread (CPUThread)[0x0026f140]} sys_event_flag warning: sys_event_flag_create(eflag_id_addr=0x37e01204, attr_addr=0xd1d640, init=0x0)
HLE: W {PPU[1] Thread (CPUThread)[0x0026f140]} sys_event_flag warning: *** event_flag created [wfEvent] (protocol=0x1, type=0x10000): id = 79
HLE: W {PPU[1] Thread (CPUThread)[0x0026f140]} sys_event_flag warning: sys_event_flag_create(eflag_id_addr=0x37e01224, attr_addr=0xd1d640, init=0x0)
HLE: W {PPU[1] Thread (CPUThread)[0x0026f140]} sys_event_flag warning: *** event_flag created [wfEvent] (protocol=0x1, type=0x10000): id = 80
HLE: W {PPU[1] Thread (CPUThread)[0x0026f140]} sys_event_flag warning: sys_event_flag_create(eflag_id_addr=0x37e01244, attr_addr=0xd1d640, init=0x0)
HLE: W {PPU[1] Thread (CPUThread)[0x0026f140]} sys_event_flag warning: *** event_flag created [wfEvent] (protocol=0x1, type=0x10000): id = 81
HLE: W {PPU[1] Thread (CPUThread)[0x0026f140]} sys_event_flag warning: sys_event_flag_create(eflag_id_addr=0x37e01264, attr_addr=0xd1d640, init=0x0)
HLE: W {PPU[1] Thread (CPUThread)[0x0026f140]} sys_event_flag warning: *** event_flag created [wfEvent] (protocol=0x1, type=0x10000): id = 82
HLE: W {PPU[1] Thread (CPUThread)[0x0026f140]} sys_event_flag warning: sys_event_flag_create(eflag_id_addr=0x37e01284, attr_addr=0xd1d640, init=0x0)
HLE: W {PPU[1] Thread (CPUThread)[0x0026f140]} sys_event_flag warning: *** event_flag created [wfEvent] (protocol=0x1, type=0x10000): id = 83
HLE: W {PPU[1] Thread (CPUThread)[0x0026f140]} sys_event_flag warning: sys_event_flag_create(eflag_id_addr=0x37e012a4, attr_addr=0xd1d640, init=0x0)
HLE: W {PPU[1] Thread (CPUThread)[0x0026f140]} sys_event_flag warning: *** event_flag created [wfEvent] (protocol=0x1, type=0x10000): id = 84
HLE: W {PPU[1] Thread (CPUThread)[0x0026f140]} sys_event_flag warning: sys_event_flag_create(eflag_id_addr=0x37e012c4, attr_addr=0xd1d640, init=0x0)
HLE: W {PPU[1] Thread (CPUThread)[0x0026f140]} sys_event_flag warning: *** event_flag created [wfEvent] (protocol=0x1, type=0x10000): id = 85
HLE: W {PPU[1] Thread (CPUThread)[0x0026f140]} sys_event_flag warning: sys_event_flag_create(eflag_id_addr=0x37e012e4, attr_addr=0xd1d640, init=0x0)
HLE: W {PPU[1] Thread (CPUThread)[0x0026f140]} sys_event_flag warning: *** event_flag created [wfEvent] (protocol=0x1, type=0x10000): id = 86
HLE: W {PPU[1] Thread (CPUThread)[0x0026f140]} sys_event_flag warning: sys_event_flag_create(eflag_id_addr=0x37e01304, attr_addr=0xd1d640, init=0x0)
HLE: W {PPU[1] Thread (CPUThread)[0x0026f140]} sys_event_flag warning: *** event_flag created [wfEvent] (protocol=0x1, type=0x10000): id = 87
HLE: ! {PPU[1] Thread (CPUThread)[0x01060028]} sys_ppu_thread : *** New PPU Thread [] (joinable, entry=0xcff828): id = 88
HLE: ! {PPU[1] Thread (CPUThread)[0x01060028]} sys_ppu_thread : *** New PPU Thread [] (joinable, entry=0xcff828): id = 89
HLE: ! {PPU[1] Thread (CPUThread)[0x01060028]} sys_ppu_thread : *** New PPU Thread [] (joinable, entry=0xcff828): id = 90
HLE: ! {PPU[1] Thread (CPUThread)[0x01060028]} sys_ppu_thread : *** New PPU Thread [] (joinable, entry=0xcff828): id = 91
HLE: ! {PPU[1] Thread (CPUThread)[0x01060028]} sys_ppu_thread : *** New PPU Thread [] (joinable, entry=0xcff828): id = 92
HLE: ! {PPU[1] Thread (CPUThread)[0x01060028]} sys_ppu_thread : *** New PPU Thread [] (joinable, entry=0xcff828): id = 93
HLE: ! {PPU[1] Thread (CPUThread)[0x01060028]} sys_ppu_thread : *** New PPU Thread [] (joinable, entry=0xcff828): id = 94
HLE: ! {PPU[1] Thread (CPUThread)[0x01060028]} sys_ppu_thread : *** New PPU Thread [] (joinable, entry=0xcff828): id = 95
HLE: ! {PPU[1] Thread (CPUThread)[0x01060028]} sys_ppu_thread : *** New PPU Thread [] (joinable, entry=0xcff828): id = 96
HLE: ! {PPU[1] Thread (CPUThread)[0x01060028]} sys_ppu_thread : *** New PPU Thread [] (joinable, entry=0xcff828): id = 97
HLE: W {PPU[1] Thread (CPUThread)[0x0026f140]} sys_event_flag warning: sys_event_flag_create(eflag_id_addr=0x36d16af8, attr_addr=0xd1d640, init=0x0)
HLE: W {PPU[1] Thread (CPUThread)[0x0026f140]} sys_event_flag warning: *** event_flag created [wfEvent] (protocol=0x1, type=0x10000): id = 98
HLE: W {PPU[1] Thread (CPUThread)[0x0026febc]} sys_semaphore warning: sys_semaphore_create(sem_addr=0x36d16e10, attr_addr=0xd1d670, initial_count=0, max_count=100000)
HLE: ! {PPU[1] Thread (CPUThread)[0x0026febc]} sys_semaphore : *** semaphore created [] (protocol=0x1): id = 99
HLE: W {PPU[1] Thread (CPUThread)[0x01060058]} sys_lwmutex warning: sys_lwmutex_create(lwmutex_addr=0x36d16e18, attr_addr=0xd1d660)
HLE: ! {PPU[1] Thread (CPUThread)[0x01060058]} sys_lwmutex : *** lwmutex created [wfMutex] (attribute=0x11): sq_id = 100
HLE: W {PPU[1] Thread (CPUThread)[0x01060058]} sys_lwmutex warning: sys_lwmutex_create(lwmutex_addr=0x36d17140, attr_addr=0xd1d660)
HLE: ! {PPU[1] Thread (CPUThread)[0x01060058]} sys_lwmutex : *** lwmutex created [wfMutex] (attribute=0x11): sq_id = 101
HLE: W {PPU[1] Thread (CPUThread)[0x01060058]} sys_lwmutex warning: sys_lwmutex_create(lwmutex_addr=0x36d17158, attr_addr=0xd1d660)
HLE: ! {PPU[1] Thread (CPUThread)[0x01060058]} sys_lwmutex : *** lwmutex created [wfMutex] (attribute=0x11): sq_id = 102
HLE: W {PPU[1] Thread (CPUThread)[0x01054010]} cellSysmodule warning: cellSysmoduleLoadModule(CELL_SYSMODULE_IO)
HLE: W {PPU[1] Thread (CPUThread)[0x01054010]} cellSysmodule warning: cellSysmoduleLoadModule(CELL_SYSMODULE_FS)
HLE: W {PPU[1] Thread (CPUThread)[0x01060058]} sys_lwmutex warning: sys_lwmutex_create(lwmutex_addr=0x36d171b0, attr_addr=0xd000f7d0)
HLE: ! {PPU[1] Thread (CPUThread)[0x01060058]} sys_lwmutex : *** lwmutex created [opWait] (attribute=0x12): sq_id = 103
HLE: W {PPU[1] Thread (CPUThread)[0x010600f4]} sys_lwcond warning: *** lwcond created [opWait] (lwmutex_addr=0x36d171b0): id = 104
HLE: W {PPU[1] Thread (CPUThread)[0x01060058]} sys_lwmutex warning: sys_lwmutex_create(lwmutex_addr=0x36d17250, attr_addr=0xd000f760)
HLE: ! {PPU[1] Thread (CPUThread)[0x01060058]} sys_lwmutex : *** lwmutex created [s_media] (attribute=0x12): sq_id = 105
TTY: FIOS 1.3.5 initialized
HLE: W {PPU[1] Thread (CPUThread)[0x01060058]} sys_lwmutex warning: sys_lwmutex_create(lwmutex_addr=0x36d172c0, attr_addr=0xd000f7e0)
HLE: ! {PPU[1] Thread (CPUThread)[0x01060058]} sys_lwmutex : *** lwmutex created [media.m] (attribute=0x12): sq_id = 106
HLE: W {PPU[1] Thread (CPUThread)[0x01060058]} sys_lwmutex warning: sys_lwmutex_create(lwmutex_addr=0x36d17348, attr_addr=0xd000f880)
HLE: ! {PPU[1] Thread (CPUThread)[0x01060058]} sys_lwmutex : *** lwmutex created [ps3medi] (attribute=0x12): sq_id = 107
HLE: W {PPU[1] Thread (CPUThread)[0x007236d0]} sys_rwlock warning: sys_rwlock_create(rw_lock_id_addr=0x36d1737c, attr_addr=0xd000f870)
HLE: E {PPU[1] Thread (CPUThread)[0x007236d0]} sys_rwlock TODO: SYS_SYNC_PRIORITY
HLE: W {PPU[1] Thread (CPUThread)[0x007236d0]} sys_rwlock warning: *** rwlock created [] (protocol=0x2): id = 108
HLE: W {PPU[1] Thread (CPUThread)[0x01060058]} sys_lwmutex warning: sys_lwmutex_create(lwmutex_addr=0x36d17398, attr_addr=0xd000f880)
HLE: ! {PPU[1] Thread (CPUThread)[0x01060058]} sys_lwmutex : *** lwmutex created [media.m] (attribute=0x12): sq_id = 109
HLE: W {PPU[1] Thread (CPUThread)[0x010600f4]} sys_lwcond warning: *** lwcond created [media.m] (lwmutex_addr=0x36d17398): id = 110
HLE: W {PPU[1] Thread (CPUThread)[0x007236d0]} sys_rwlock warning: sys_rwlock_create(rw_lock_id_addr=0x36d177ac, attr_addr=0xd000f870)
HLE: E {PPU[1] Thread (CPUThread)[0x007236d0]} sys_rwlock TODO: SYS_SYNC_PRIORITY
HLE: W {PPU[1] Thread (CPUThread)[0x007236d0]} sys_rwlock warning: *** rwlock created [] (protocol=0x2): id = 111
HLE: W {PPU[1] Thread (CPUThread)[0x01060058]} sys_lwmutex warning: sys_lwmutex_create(lwmutex_addr=0x36d17800, attr_addr=0xd000f770)
HLE: ! {PPU[1] Thread (CPUThread)[0x01060058]} sys_lwmutex : *** lwmutex created [schedul] (attribute=0x12): sq_id = 112
HLE: W {PPU[1] Thread (CPUThread)[0x01060058]} sys_lwmutex warning: sys_lwmutex_create(lwmutex_addr=0x36d17828, attr_addr=0xd000f770)
HLE: ! {PPU[1] Thread (CPUThread)[0x01060058]} sys_lwmutex : *** lwmutex created [schedul] (attribute=0x12): sq_id = 113
HLE: W {PPU[1] Thread (CPUThread)[0x007236d0]} sys_rwlock warning: sys_rwlock_create(rw_lock_id_addr=0x36d1784c, attr_addr=0xd000f760)
HLE: E {PPU[1] Thread (CPUThread)[0x007236d0]} sys_rwlock TODO: SYS_SYNC_PRIORITY
HLE: W {PPU[1] Thread (CPUThread)[0x007236d0]} sys_rwlock warning: *** rwlock created [] (protocol=0x2): id = 114
HLE: W {PPU[1] Thread (CPUThread)[0x01060058]} sys_lwmutex warning: sys_lwmutex_create(lwmutex_addr=0x36d17868, attr_addr=0xd000f770)
HLE: ! {PPU[1] Thread (CPUThread)[0x01060058]} sys_lwmutex : *** lwmutex created [schedul] (attribute=0x12): sq_id = 115
HLE: W {PPU[1] Thread (CPUThread)[0x01060058]} sys_lwmutex warning: sys_lwmutex_create(lwmutex_addr=0x36d178d0, attr_addr=0xd000f770)
HLE: ! {PPU[1] Thread (CPUThread)[0x01060058]} sys_lwmutex : *** lwmutex created [schedul] (attribute=0x12): sq_id = 116
HLE: W {PPU[1] Thread (CPUThread)[0x010600f4]} sys_lwcond warning: *** lwcond created [schedul] (lwmutex_addr=0x36d178d0): id = 117
HLE: W {PPU[1] Thread (CPUThread)[0x010600f4]} sys_lwcond warning: *** lwcond created [schedul] (lwmutex_addr=0x36d178d0): id = 118
HLE: W {PPU[1] Thread (CPUThread)[0x01060058]} sys_lwmutex warning: sys_lwmutex_create(lwmutex_addr=0x36d17928, attr_addr=0xd000f770)
HLE: ! {PPU[1] Thread (CPUThread)[0x01060058]} sys_lwmutex : *** lwmutex created [schedul] (attribute=0x12): sq_id = 119
HLE: W {PPU[1] Thread (CPUThread)[0x01060058]} sys_lwmutex warning: sys_lwmutex_create(lwmutex_addr=0x36d17978, attr_addr=0xd000f770)
HLE: ! {PPU[1] Thread (CPUThread)[0x01060058]} sys_lwmutex : *** lwmutex created [schedul] (attribute=0x12): sq_id = 120
HLE: W {PPU[1] Thread (CPUThread)[0x010600f4]} sys_lwcond warning: *** lwcond created [fios wo] (lwmutex_addr=0x36d17978): id = 121
HLE: W {PPU[1] Thread (CPUThread)[0x010600f4]} sys_lwcond warning: *** lwcond created [fios wo] (lwmutex_addr=0x36d17978): id = 122
HLE: ! {PPU[1] Thread (CPUThread)[0x01060028]} sys_ppu_thread : *** New PPU Thread [fios mediathread 2] (joinable, entry=0xd12c38): id = 123
HLE: ! {PPU[1] Thread (CPUThread)[0x01060028]} sys_ppu_thread : *** New PPU Thread [fios mediathread 3] (joinable, entry=0xd12c38): id = 124
HLE: ! {PPU[1] Thread (CPUThread)[0x01060028]} sys_ppu_thread : *** New PPU Thread [fios scheduler 1] (joinable, entry=0xd12c38): id = 125
HLE: W {PPU[1] Thread (CPUThread)[0x0026f140]} sys_event_flag warning: sys_event_flag_create(eflag_id_addr=0x36d2c878, attr_addr=0xd1d640, init=0x0)
HLE: W {PPU[1] Thread (CPUThread)[0x0026f140]} sys_event_flag warning: *** event_flag created [wfEvent] (protocol=0x1, type=0x10000): id = 126
HLE: W {PPU[1] Thread (CPUThread)[0x0026febc]} sys_semaphore warning: sys_semaphore_create(sem_addr=0x36d2c890, attr_addr=0xd1d670, initial_count=0, max_count=100000)
HLE: ! {PPU[1] Thread (CPUThread)[0x0026febc]} sys_semaphore : *** semaphore created [] (protocol=0x1): id = 127
HLE: W {PPU[1] Thread (CPUThread)[0x01060058]} sys_lwmutex warning: sys_lwmutex_create(lwmutex_addr=0x36d2c898, attr_addr=0xd1d660)
HLE: ! {PPU[1] Thread (CPUThread)[0x01060058]} sys_lwmutex : *** lwmutex created [wfMutex] (attribute=0x11): sq_id = 128
HLE: W {PPU[1] Thread (CPUThread)[0x0026febc]} sys_semaphore warning: sys_semaphore_create(sem_addr=0x36d2c8cc, attr_addr=0xd1d670, initial_count=0, max_count=100000)
HLE: ! {PPU[1] Thread (CPUThread)[0x0026febc]} sys_semaphore : *** semaphore created [] (protocol=0x1): id = 129
HLE: W {PPU[1] Thread (CPUThread)[0x0026f140]} sys_event_flag warning: sys_event_flag_create(eflag_id_addr=0x36d2ccd8, attr_addr=0xd1d640, init=0x0)
HLE: W {PPU[1] Thread (CPUThread)[0x0026f140]} sys_event_flag warning: *** event_flag created [wfEvent] (protocol=0x1, type=0x10000): id = 130
HLE: W {PPU[1] Thread (CPUThread)[0x01060058]} sys_lwmutex warning: sys_lwmutex_create(lwmutex_addr=0x36d2ce90, attr_addr=0xd1d660)
HLE: ! {PPU[1] Thread (CPUThread)[0x01060058]} sys_lwmutex : *** lwmutex created [wfMutex] (attribute=0x11): sq_id = 131
HLE: W {PPU[1] Thread (CPUThread)[0x0026febc]} sys_semaphore warning: sys_semaphore_create(sem_addr=0x36d2cf1c, attr_addr=0xd1d670, initial_count=2, max_count=100000)
HLE: ! {PPU[1] Thread (CPUThread)[0x0026febc]} sys_semaphore : *** semaphore created [] (protocol=0x1): id = 132
HLE: W {PPU[1] Thread (CPUThread)[0x0026f140]} sys_event_flag warning: sys_event_flag_create(eflag_id_addr=0x36d2d798, attr_addr=0xd1d640, init=0x0)
HLE: W {PPU[1] Thread (CPUThread)[0x0026f140]} sys_event_flag warning: *** event_flag created [wfEvent] (protocol=0x1, type=0x10000): id = 133
HLE: W {PPU[1] Thread (CPUThread)[0x01060058]} sys_lwmutex warning: sys_lwmutex_create(lwmutex_addr=0x3031e458, attr_addr=0xd1d660)
HLE: ! {PPU[1] Thread (CPUThread)[0x01060058]} sys_lwmutex : *** lwmutex created [wfMutex] (attribute=0x11): sq_id = 134
HLE: W {PPU[1] Thread (CPUThread)[0x01060058]} sys_lwmutex warning: sys_lwmutex_create(lwmutex_addr=0x3035e858, attr_addr=0xd1d660)
HLE: ! {PPU[1] Thread (CPUThread)[0x01060058]} sys_lwmutex : *** lwmutex created [wfMutex] (attribute=0x11): sq_id = 135
HLE: W {PPU[1] Thread (CPUThread)[0x01060058]} sys_lwmutex warning: sys_lwmutex_create(lwmutex_addr=0x30390c58, attr_addr=0xd1d660)
HLE: ! {PPU[1] Thread (CPUThread)[0x01060058]} sys_lwmutex : *** lwmutex created [wfMutex] (attribute=0x11): sq_id = 136
HLE: W {PPU[91] Thread[0x0026f140]} sys_event_flag warning: sys_event_flag_create(eflag_id_addr=0x37e01c98, attr_addr=0xd1d640, init=0x0)
HLE: W {PPU[91] Thread[0x0026f140]} sys_event_flag warning: *** event_flag created [wfEvent] (protocol=0x1, type=0x10000): id = 137
HLE: W {PPU[89] Thread[0x00cee01c]} cellGcmSys warning: _cellGcmInitBody(context_addr=0xfe8e0c, cmdSize=0x100000, ioSize=0x200000, ioAddress=0x3a400000)
HLE: E {PPU[91] Thread[0x0104a028]} cellSpurs TODO: _cellSpursJobChainAttributeInitialize
HLE: E {PPU[91] Thread[0x0104a01c]} cellSpurs TODO: cellSpursCreateJobChainWithAttribute
HLE: E {PPU[91] Thread[0x0104a064]} cellSpurs TODO: cellSpursRunJobChain
SPU: E {SPU[61] Thread (CellSpursKernel1)[0x00000a00]} SPURecompilerCore::Compile(ls_addr=0xa00): branch to 0x0 opcode
SPU: E {SPU[64] Thread (CellSpursKernel4)[0x00000a00]} SPURecompilerCore::Compile(ls_addr=0xa00): branch to 0x0 opcode
SPU: E {SPU[65] Thread (CellSpursKernel5)[0x00000a00]} SPURecompilerCore::Compile(ls_addr=0xa00): branch to 0x0 opcode
SPU: E {SPU[62] Thread (CellSpursKernel2)[0x00000a00]} SPURecompilerCore::Compile(ls_addr=0xa00): branch to 0x0 opcode
SPU: E {SPU[60] Thread (CellSpursKernel0)[0x00000a00]} SPURecompilerCore::Compile(ls_addr=0xa00): branch to 0x0 opcode
SPU: E {SPU[63] Thread (CellSpursKernel3)[0x00000a00]} SPURecompilerCore::Compile(ls_addr=0xa00): branch to 0x0 opcode
HLE: W {PPU[89] Thread[0x00cee01c]} cellGcmSys warning: *** local memory(addr=0xc0000000, size=0xf900000)
HLE: W {PPU[89] Thread[0x00cee01c]} cellGcmSys warning: cellGcmInit(): 256MB io address space used
HLE: W {PPU[89] Thread[0x00cee01c]} cellGcmSys warning: cellGcmMapEaIoAddress(ea=0x3a400000, io=0x0, size=0x200000)
RSX: ! {RSXThread} RSX thread started
PPU: ! {PPULLVMRecompiler} Removed 1 old versions
RSX: W {VBlank thread} VBlank thread aborted
HLE: W {PPU[92] Thread[0x0026f1a0]} sys_event_flag warning: sys_event_flag_wait(id=82) aborted
HLE: W {SPU[61] Thread (CellSpursKernel1)[0x00000000]} cellSpurs warning: Spurs Kernel aborted
HLE: W {SPU[65] Thread (CellSpursKernel5)[0x00000000]} cellSpurs warning: Spurs Kernel aborted
HLE: W {SPU[60] Thread (CellSpursKernel0)[0x00000000]} cellSpurs warning: Spurs Kernel aborted
HLE: W {SPU[63] Thread (CellSpursKernel3)[0x00000000]} cellSpurs warning: Spurs Kernel aborted
HLE: W {PPU[90] Thread[0x0026ff10]} sys_semaphore warning: sys_semaphore_wait(21) aborted
HLE: W {SPU[64] Thread (CellSpursKernel4)[0x00000000]} cellSpurs warning: Spurs Kernel aborted
RSX: W {RSXThread} RSX thread aborted
HLE: W {PPU[96] Thread[0x0026f1a0]} sys_event_flag warning: sys_event_flag_wait(id=86) aborted
HLE: W {PPU[91] Thread[0x0026ff10]} sys_semaphore warning: sys_semaphore_wait(16) aborted
HLE: W {PPU[93] Thread[0x0026f1a0]} sys_event_flag warning: sys_event_flag_wait(id=83) aborted
HLE: W {SPU[62] Thread (CellSpursKernel2)[0x00000000]} cellSpurs warning: Spurs Kernel aborted
HLE: W {PPU[1] Thread (CPUThread)[0x0026f1a0]} sys_event_flag warning: sys_event_flag_wait(id=74) aborted
HLE: W {PPU[94] Thread[0x0026f1a0]} sys_event_flag warning: sys_event_flag_wait(id=84) aborted
HLE: W {PPU[95] Thread[0x0026f1a0]} sys_event_flag warning: sys_event_flag_wait(id=85) aborted
HLE: W {PPU[124] Thread (fios mediathread 3)[0x01060040]} sys_lwcond warning: sys_lwcond_wait(id=122) aborted
HLE: W {PPU[123] Thread (fios mediathread 2)[0x01060040]} sys_lwcond warning: sys_lwcond_wait(id=121) aborted
HLE: W {PPU[97] Thread[0x0026f1a0]} sys_event_flag warning: sys_event_flag_wait(id=87) aborted
HLE: W {PPU[70] Thread (SpursHdlr0)[0x00000000]} sys_spu warning: sys_spu_thread_group_join(id=59) aborted
HLE: W {PPU[70] Thread (SpursHdlr0)[0x00000000]} cellSpurs warning: SPURS Handler Thread 0 aborted
PPU: ! {PPULLVMRecompiler} PPU LLVM compiler thread exiting.
HLE: ! All threads stopped...
MEM: ! Closing memory...
