HLE: ! path: /dev_hdd0/game/
HLE: W No pause.bin found, Auto Pause will not work.
HLE: W No pause.bin found, Auto Pause will not work.
LDR: ! Loading 'D:\Emulateurs\Rpcs3\dev_hdd0\game\NPEB01419/USRDIR/BOOT.BIN'...
LDR: !  
LDR: ! Mount info:
LDR: ! /dev_hdd0/ -> ./dev_hdd0/
LDR: ! /dev_hdd1/ -> ./dev_hdd1/
LDR: ! /dev_flash/ -> ./dev_flash/
LDR: ! /dev_usb000/ -> ./dev_usb000/
LDR: ! /dev_usb/ -> ./dev_usb000/
LDR: ! /app_home/ -> D:\Emulateurs\Rpcs3\dev_hdd0\game\NPEB01419/
LDR: ! /dev_bdvd/ -> D:\Emulateurs\Rpcs3\dev_hdd0\game\NPEB01419//../
LDR: ! /host_root/ -> 
LDR: ! /app_home/PS3_GAME/USRDIR/ -> D:\Emulateurs\Rpcs3\dev_hdd0\game\NPEB01419//USRDIR/
LDR: ! /dev_flash2/ -> ./dev_flash2/
LDR: ! /app_home/Game/PS3_GAME/USRDIR/ -> D:\Emulateurs\Rpcs3\dev_hdd0\game\NPEB01419//USRDIR/
LDR: ! //dev_hdd0/ -> ./dev_hdd0/
LDR: ! / -> D:\Emulateurs\Rpcs3\dev_hdd0\game\NPEB01419//USRDIR/
LDR: ! /app_home//dev_bdvd/PS3_GAME/USRDIR/data/gos/ -> D:\Emulateurs\Rpcs3\dev_hdd0\game\NPEB01419//USRDIR/
LDR: !  
LDR: ! Title: Spelunky
LDR: ! Serial: NPEB01419
LDR: !  
MEM: ! Initializing memory: m_base_addr = 0x1b82f80000
MEM: ! Memory initialized.
LDR: ! Imported function 'cellGcmGetTiledPitchSize' in 'cellGcmSys' module
LDR: ! Imported function '_cellGcmInitBody' in 'cellGcmSys' module
LDR: ! Imported function 'cellGcmDumpGraphicsError' in 'cellGcmSys' module
LDR: ! Imported function 'cellGcmAddressToOffset' in 'cellGcmSys' module
LDR: ! Imported function '_cellGcmFunc15' in 'cellGcmSys' module
LDR: ! Imported function 'cellGcmBindTile' in 'cellGcmSys' module
LDR: ! Imported function 'cellGcmGetDefaultCommandWordSize' in 'cellGcmSys' module
LDR: ! Imported function 'cellGcmGetDefaultSegmentWordSize' in 'cellGcmSys' module
LDR: ! Imported function 'cellGcmSetDefaultFifoSize' in 'cellGcmSys' module
LDR: ! Imported function 'cellGcmMapMainMemory' in 'cellGcmSys' module
LDR: ! Imported function 'cellGcmGetControlRegister' in 'cellGcmSys' module
LDR: ! Imported function 'cellGcmSetTileInfo' in 'cellGcmSys' module
LDR: ! Imported function 'cellGcmUnbindTile' in 'cellGcmSys' module
LDR: ! Imported function 'cellGcmGetConfiguration' in 'cellGcmSys' module
LDR: ! Imported function 'cellGcmUnmapEaIoAddress' in 'cellGcmSys' module
LDR: ! Imported function 'cellGcmGetLabelAddress' in 'cellGcmSys' module
LDR: ! Imported function 'cellSysmoduleUnloadModule' in 'cellSysmodule' module
LDR: ! Imported function 'cellSysmoduleLoadModule' in 'cellSysmodule' module
LDR: ! Imported function 'cellSysmoduleIsLoaded' in 'cellSysmodule' module
LDR: ! Imported function 'cellSysmoduleInitialize' in 'cellSysmodule' module
LDR: ! Imported function 'cellSysutilUnregisterCallback' in 'cellSysutil' module
LDR: ! Imported function 'cellVideoOutConfigure' in 'cellSysutil' module
LDR: ! Imported function 'cellSysutilCheckCallback' in 'cellSysutil' module
LDR: ! Imported function 'cellSysutilEnableBgmPlayback' in 'cellSysutil' module
LDR: ! Imported function 'cellSysutilGetSystemParamInt' in 'cellSysutil' module
LDR: ! Imported function 'cellMsgDialogAbort' in 'cellSysutil' module
LDR: ! Imported function 'cellMsgDialogOpen2' in 'cellSysutil' module
LDR: ! Imported function 'cellVideoOutGetState' in 'cellSysutil' module
LDR: ! Imported function 'cellSaveDataAutoSave2' in 'cellSysutil' module
LDR: ! Imported function 'cellSysutilRegisterCallback' in 'cellSysutil' module
LDR: ! Imported function 'cellSysutilDisableBgmPlayback' in 'cellSysutil' module
LDR: ! Imported function 'cellVideoOutGetResolution' in 'cellSysutil' module
LDR: ! Imported function 'cellSaveDataAutoLoad2' in 'cellSysutil' module
LDR: ! Imported function 'cellAudioOutConfigure' in 'cellSysutil' module
LDR: ! Imported function 'cellSysutilGetBgmPlaybackStatus' in 'cellSysutil' module
LDR: ! Imported function 'cellAudioOutGetSoundAvailability' in 'cellSysutil' module
LDR: ! Imported function 'cellPadClearBuf' in 'sys_io' module
LDR: ! Imported function 'cellPadInit' in 'sys_io' module
LDR: ! Imported function 'cellPadEnd' in 'sys_io' module
LDR: ! Imported function 'cellPadSetPortSetting' in 'sys_io' module
LDR: ! Imported function 'cellPadGetData' in 'sys_io' module
LDR: ! Imported function 'cellPadSetActDirect' in 'sys_io' module
LDR: ! Imported function 'sys_net_initialize_network_ex' in 'sys_net' module
LDR: W Unimplemented function 'getsockname' in 'sys_net' module
LDR: ! Imported function 'recvfrom' in 'sys_net' module
LDR: ! Imported function 'listen' in 'sys_net' module
LDR: ! Imported function 'connect' in 'sys_net' module
LDR: ! Imported function 'socketclose' in 'sys_net' module
LDR: W Unimplemented function 'gethostbyname' in 'sys_net' module
LDR: W Unimplemented function 'inet_ntoa' in 'sys_net' module
LDR: ! Imported function 'setsockopt' in 'sys_net' module
LDR: ! Imported function 'sendto' in 'sys_net' module
LDR: ! Imported function 'socket' in 'sys_net' module
LDR: ! Imported function 'bind' in 'sys_net' module
LDR: ! Imported function 'sys_net_finalize_network' in 'sys_net' module
LDR: ! Imported function 'accept' in 'sys_net' module
LDR: ! Imported function 'inet_addr' in 'sys_net' module
LDR: ! Imported function 'send' in 'sys_net' module
LDR: W Unimplemented function 'getpeername' in 'sys_net' module
LDR: ! Imported function 'recv' in 'sys_net' module
LDR: W Unimplemented function 'socketselect' in 'sys_net' module
LDR: ! Imported function '_sys_net_errno_loc' in 'sys_net' module
LDR: ! Imported function 'cellFsClose' in 'sys_fs' module
LDR: ! Imported function 'cellFsRead' in 'sys_fs' module
LDR: ! Imported function 'cellFsOpen' in 'sys_fs' module
LDR: ! Imported function 'cellFsStat' in 'sys_fs' module
LDR: ! Imported function 'cellFsLseek' in 'sys_fs' module
LDR: ! Imported function 'cellFsFstat' in 'sys_fs' module
LDR: ! Imported function 'cellFsRmdir' in 'sys_fs' module
LDR: ! Imported function 'cellFsOpendir' in 'sys_fs' module
LDR: ! Imported function 'cellFsReaddir' in 'sys_fs' module
LDR: ! Imported function 'cellFsSdataOpenByFd' in 'sys_fs' module
LDR: ! Imported function 'cellFsUnlink' in 'sys_fs' module
LDR: ! Imported function 'cellFsFsync' in 'sys_fs' module
LDR: ! Imported function 'cellFsGetFreeSize' in 'sys_fs' module
LDR: ! Imported function 'cellFsSdataOpen' in 'sys_fs' module
LDR: ! Imported function 'cellFsMkdir' in 'sys_fs' module
LDR: ! Imported function 'cellFsWrite' in 'sys_fs' module
LDR: ! Imported function 'cellFsClosedir' in 'sys_fs' module
LDR: ! Imported function 'cellSpursEventFlagWait' in 'cellSpurs' module
LDR: ! Imported function '_cellSpursEventFlagInitialize' in 'cellSpurs' module
LDR: ! Imported function 'cellSpursEventFlagAttachLv2EventQueue' in 'cellSpurs' module
LDR: ! Imported function 'cellSpursCreateTask' in 'cellSpurs' module
LDR: ! Imported function 'cellSpursEventFlagSet' in 'cellSpurs' module
LDR: ! Imported function 'cellAudioCreateNotifyEventQueue' in 'cellAudio' module
LDR: ! Imported function 'cellAudioInit' in 'cellAudio' module
LDR: ! Imported function 'cellAudioSetNotifyEventQueue' in 'cellAudio' module
LDR: ! Imported function 'cellAudioPortClose' in 'cellAudio' module
LDR: ! Imported function 'cellAudioPortStop' in 'cellAudio' module
LDR: ! Imported function 'cellAudioGetPortConfig' in 'cellAudio' module
LDR: ! Imported function 'cellAudioPortStart' in 'cellAudio' module
LDR: ! Imported function 'cellAudioQuit' in 'cellAudio' module
LDR: ! Imported function 'cellAudioPortOpen' in 'cellAudio' module
LDR: ! Imported function 'cellAudioRemoveNotifyEventQueue' in 'cellAudio' module
LDR: W Unknown module 'cellSysutilAvconfExt'
LDR: W Unimplemented function 'cellAudioInGetAvailableDeviceInfo' in 'cellSysutilAvconfExt' module
LDR: W Unimplemented function 'cellAudioInSetDeviceMode' in 'cellSysutilAvconfExt' module
LDR: W Unimplemented function 'cellAudioInRegisterDevice' in 'cellSysutilAvconfExt' module
LDR: W Unimplemented function 'cellAudioInUnregisterDevice' in 'cellSysutilAvconfExt' module
LDR: ! Imported function 'sceNpBasicGetFriendListEntry' in 'sceNp' module
LDR: ! Imported function 'sceNpScoreGetRankingByNpId' in 'sceNp' module
LDR: ! Imported function 'sceNpScoreRecordScore' in 'sceNp' module
LDR: ! Imported function 'sceNpScoreDestroyTitleCtx' in 'sceNp' module
LDR: ! Imported function 'sceNpDrmVerifyUpgradeLicense' in 'sceNp' module
LDR: ! Imported function 'sceNpScoreInit' in 'sceNp' module
LDR: ! Imported function 'sceNpManagerGetContentRatingFlag' in 'sceNp' module
LDR: ! Imported function 'sceNpScoreCreateTransactionCtx' in 'sceNp' module
LDR: ! Imported function 'sceNpManagerGetStatus' in 'sceNp' module
LDR: ! Imported function 'sceNpBasicGetFriendListEntryCount' in 'sceNp' module
LDR: ! Imported function 'sceNpManagerGetAccountRegion' in 'sceNp' module
LDR: ! Imported function 'sceNpScoreCreateTitleCtx' in 'sceNp' module
LDR: ! Imported function 'sceNpManagerGetNetworkTime' in 'sceNp' module
LDR: ! Imported function 'sceNpScoreDestroyTransactionCtx' in 'sceNp' module
LDR: ! Imported function 'sceNpDrmIsAvailable2' in 'sceNp' module
LDR: ! Imported function 'sceNpDrmExecuteGamePurchase' in 'sceNp' module
LDR: ! Imported function 'sceNpScoreGetRankingByRange' in 'sceNp' module
LDR: ! Imported function 'sceNpManagerGetNpId' in 'sceNp' module
LDR: ! Imported function 'cellMicOpenEx' in 'cellMic' module
LDR: ! Imported function 'cellMicRead' in 'cellMic' module
LDR: ! Imported function 'cellMicSetNotifyEventQueue' in 'cellMic' module
LDR: ! Imported function 'cellMicClose' in 'cellMic' module
LDR: ! Imported function 'cellMicStart' in 'cellMic' module
LDR: ! Imported function 'cellMicStop' in 'cellMic' module
LDR: ! Imported function 'cellRtcTickAddDays' in 'cellRtc' module
LDR: ! Imported function 'cellRtcSetTick' in 'cellRtc' module
LDR: ! Imported function 'cellRtcGetCurrentTick' in 'cellRtc' module
LDR: ! Imported function 'cellRtcSetTime_t' in 'cellRtc' module
LDR: ! Imported function 'cellRtcGetDayOfWeek' in 'cellRtc' module
LDR: ! Imported function 'cellRtcGetTick' in 'cellRtc' module
LDR: ! Imported function 'sceNpTrophyRegisterContext' in 'sceNpTrophy' module
LDR: ! Imported function 'sceNpTrophyCreateHandle' in 'sceNpTrophy' module
LDR: ! Imported function 'sceNpTrophyGetRequiredDiskSpace' in 'sceNpTrophy' module
LDR: ! Imported function 'sceNpTrophyInit' in 'sceNpTrophy' module
LDR: ! Imported function 'sceNpTrophyUnlockTrophy' in 'sceNpTrophy' module
LDR: ! Imported function 'sceNpTrophyGetTrophyUnlockState' in 'sceNpTrophy' module
LDR: ! Imported function 'sceNpTrophyCreateContext' in 'sceNpTrophy' module
LDR: ! Imported function 'cellGameContentPermit' in 'cellGame' module
LDR: ! Imported function 'cellGameContentErrorDialog' in 'cellGame' module
LDR: ! Imported function 'cellGamePatchCheck' in 'cellGame' module
LDR: ! Imported function 'cellGameBootCheck' in 'cellGame' module
LDR: ! Imported function 'cellNetCtlNetStartDialogLoadAsync' in 'cellNetCtl' module
LDR: ! Imported function 'cellNetCtlNetStartDialogUnloadAsync' in 'cellNetCtl' module
LDR: ! Imported function 'cellNetCtlGetState' in 'cellNetCtl' module
LDR: ! Imported function 'cellNetCtlInit' in 'cellNetCtl' module
LDR: W Unimplemented function 'sceNp2Init' in 'sceNp2' module
LDR: W Unknown module 'sceNpTus'
LDR: W Unimplemented function 'sceNpTusGetMultiSlotVariable' in 'sceNpTus' module
LDR: W Unimplemented function 'sceNpTusCreateTransactionCtx' in 'sceNpTus' module
LDR: W Unimplemented function 'sceNpTusDestroyTitleCtx' in 'sceNpTus' module
LDR: W Unimplemented function 'sceNpTusDestroyTransactionCtx' in 'sceNpTus' module
LDR: W Unimplemented function 'sceNpTusCreateTitleCtx' in 'sceNpTus' module
LDR: W Unimplemented function 'sceNpTusSetData' in 'sceNpTus' module
LDR: W Unimplemented function 'sceNpTusGetData' in 'sceNpTus' module
LDR: W Unimplemented function 'sceNpTusInit' in 'sceNpTus' module
LDR: W Unimplemented function 'sceNpTusSetMultiSlotVariable' in 'sceNpTus' module
LDR: ! Imported function 'cellRescGcmSurface2RescSrc' in 'cellResc' module
LDR: ! Imported function 'cellRescSetWaitFlip' in 'cellResc' module
LDR: ! Imported function 'cellRescSetDsts' in 'cellResc' module
LDR: ! Imported function 'cellRescResetFlipStatus' in 'cellResc' module
LDR: ! Imported function 'cellRescSetDisplayMode' in 'cellResc' module
LDR: ! Imported function 'cellRescSetConvertAndFlip' in 'cellResc' module
LDR: ! Imported function 'cellRescExit' in 'cellResc' module
LDR: ! Imported function 'cellRescSetFlipHandler' in 'cellResc' module
LDR: ! Imported function 'cellRescInit' in 'cellResc' module
LDR: ! Imported function 'cellRescGetBufferSize' in 'cellResc' module
LDR: ! Imported function 'cellRescSetSrc' in 'cellResc' module
LDR: ! Imported function 'cellRescSetBufferAddress' in 'cellResc' module
LDR: ! Imported function 'cellRescVideoOutResolutionId2RescBufferMode' in 'cellResc' module
LDR: ! Imported function 'cellRescCreateInterlaceTable' in 'cellResc' module
LDR: W Unimplemented function 'UTF16stoUTF8s' in 'cellL10n' module
LDR: ! Imported function 'cellSyncQueueInitialize' in 'cellSync' module
LDR: ! Imported function 'cellSyncQueuePop' in 'cellSync' module
LDR: ! Imported function 'cellSyncQueuePush' in 'cellSync' module
LDR: ! Imported function 'sys_lwmutex_lock' in 'sysPrxForUser' module
LDR: ! Imported function 'sys_lwmutex_unlock' in 'sysPrxForUser' module
LDR: ! Imported function 'sys_lwcond_destroy' in 'sysPrxForUser' module
LDR: ! Imported function 'sys_ppu_thread_create' in 'sysPrxForUser' module
LDR: ! Imported function 'sys_prx_load_module' in 'sysPrxForUser' module
LDR: ! Imported function 'sys_lwcond_wait' in 'sysPrxForUser' module
LDR: ! Imported function '_sys_process_atexitspawn' in 'sysPrxForUser' module
LDR: ! Imported function 'sys_lwmutex_create' in 'sysPrxForUser' module
LDR: ! Imported function 'sys_ppu_thread_get_id' in 'sysPrxForUser' module
LDR: ! Imported function 'sys_prx_register_library' in 'sysPrxForUser' module
LDR: ! Imported function 'Unknown func id: 0x4f7172c9' in 'sysPrxForUser' module
LDR: ! Imported function 'sys_initialize_tls' in 'sysPrxForUser' module
LDR: ! Imported function 'sys_time_get_system_time' in 'sysPrxForUser' module
LDR: ! Imported function '_sys_process_at_Exitspawn' in 'sysPrxForUser' module
LDR: ! Imported function 'sys_prx_exitspawn_with_level' in 'sysPrxForUser' module
LDR: W Unimplemented function 'sys_prx_load_module_on_memcontainer_by_fd' in 'sysPrxForUser' module
LDR: ! Imported function 'sys_prx_load_module_on_memcontainer' in 'sysPrxForUser' module
LDR: ! Imported function 'sys_lwmutex_trylock' in 'sysPrxForUser' module
LDR: ! Imported function 'sys_ppu_thread_exit' in 'sysPrxForUser' module
LDR: ! Imported function 'sys_lwmutex_destroy' in 'sysPrxForUser' module
LDR: ! Imported function 'sys_lwcond_create' in 'sysPrxForUser' module
LDR: ! Imported function 'sys_spu_image_close' in 'sysPrxForUser' module
LDR: ! Imported function 'sys_process_exit' in 'sysPrxForUser' module
LDR: ! Imported function 'sys_lwcond_signal_all' in 'sysPrxForUser' module
LDR: ! Imported function 'sys_spu_image_import' in 'sysPrxForUser' module
LDR: W Unimplemented function 'sys_prx_load_module_by_fd' in 'sysPrxForUser' module
LDR: ! Imported function 'sys_lwcond_signal' in 'sysPrxForUser' module
HLE: W {PPU[1] Thread (CPUThread)[0x00464058]} sys_lwmutex warning: sys_lwmutex_create(lwmutex_addr=0x4412c8, attr_addr=0x342070)
HLE: ! {PPU[1] Thread (CPUThread)[0x00464058]} sys_lwmutex : *** lwmutex created [_lc_mtx] (attribute=0x12): sq_id = 3
HLE: W {PPU[1] Thread (CPUThread)[0x002c0c94]} sys_memory warning: sys_memory_get_user_memory_size(mem_info_addr=0xd000fc04)
HLE: W {PPU[1] Thread (CPUThread)[0x00464058]} sys_lwmutex warning: sys_lwmutex_create(lwmutex_addr=0x4410c8, attr_addr=0x342070)
HLE: ! {PPU[1] Thread (CPUThread)[0x00464058]} sys_lwmutex : *** lwmutex created [_lc_mtx] (attribute=0x12): sq_id = 4
HLE: W {PPU[1] Thread (CPUThread)[0x00464058]} sys_lwmutex warning: sys_lwmutex_create(lwmutex_addr=0x440850, attr_addr=0x342070)
HLE: ! {PPU[1] Thread (CPUThread)[0x00464058]} sys_lwmutex : *** lwmutex created [_lc_mtx] (attribute=0x12): sq_id = 5
HLE: W {PPU[1] Thread (CPUThread)[0x00464058]} sys_lwmutex warning: sys_lwmutex_create(lwmutex_addr=0x440878, attr_addr=0x342070)
HLE: ! {PPU[1] Thread (CPUThread)[0x00464058]} sys_lwmutex : *** lwmutex created [_lc_mtx] (attribute=0x12): sq_id = 6
HLE: W {PPU[1] Thread (CPUThread)[0x00464058]} sys_lwmutex warning: sys_lwmutex_create(lwmutex_addr=0x4408a0, attr_addr=0x342070)
HLE: ! {PPU[1] Thread (CPUThread)[0x00464058]} sys_lwmutex : *** lwmutex created [_lc_mtx] (attribute=0x12): sq_id = 7
HLE: W {PPU[1] Thread (CPUThread)[0x00464058]} sys_lwmutex warning: sys_lwmutex_create(lwmutex_addr=0x440788, attr_addr=0x342070)
HLE: ! {PPU[1] Thread (CPUThread)[0x00464058]} sys_lwmutex : *** lwmutex created [_lc_mtx] (attribute=0x12): sq_id = 8
HLE: W {PPU[1] Thread (CPUThread)[0x00464058]} sys_lwmutex warning: sys_lwmutex_create(lwmutex_addr=0x4407b0, attr_addr=0x342070)
HLE: ! {PPU[1] Thread (CPUThread)[0x00464058]} sys_lwmutex : *** lwmutex created [_lc_mtx] (attribute=0x12): sq_id = 9
HLE: W {PPU[1] Thread (CPUThread)[0x00464058]} sys_lwmutex warning: sys_lwmutex_create(lwmutex_addr=0x4407d8, attr_addr=0x342070)
HLE: ! {PPU[1] Thread (CPUThread)[0x00464058]} sys_lwmutex : *** lwmutex created [_lc_mtx] (attribute=0x12): sq_id = 10
HLE: W {PPU[1] Thread (CPUThread)[0x00464058]} sys_lwmutex warning: sys_lwmutex_create(lwmutex_addr=0x440800, attr_addr=0x342070)
HLE: ! {PPU[1] Thread (CPUThread)[0x00464058]} sys_lwmutex : *** lwmutex created [_lc_mtx] (attribute=0x12): sq_id = 11
HLE: W {PPU[1] Thread (CPUThread)[0x00464058]} sys_lwmutex warning: sys_lwmutex_create(lwmutex_addr=0x440828, attr_addr=0x342070)
HLE: ! {PPU[1] Thread (CPUThread)[0x00464058]} sys_lwmutex : *** lwmutex created [_lc_mtx] (attribute=0x12): sq_id = 12
HLE: W {PPU[1] Thread (CPUThread)[0x00464058]} sys_lwmutex warning: sys_lwmutex_create(lwmutex_addr=0x30100020, attr_addr=0x342070)
HLE: ! {PPU[1] Thread (CPUThread)[0x00464058]} sys_lwmutex : *** lwmutex created [_lc_mtx] (attribute=0x12): sq_id = 13
HLE: W {PPU[1] Thread (CPUThread)[0x00464058]} sys_lwmutex warning: sys_lwmutex_create(lwmutex_addr=0x301000a0, attr_addr=0x342070)
HLE: ! {PPU[1] Thread (CPUThread)[0x00464058]} sys_lwmutex : *** lwmutex created [_lc_mtx] (attribute=0x12): sq_id = 14
HLE: W {PPU[1] Thread (CPUThread)[0x00464058]} sys_lwmutex warning: sys_lwmutex_create(lwmutex_addr=0x30100130, attr_addr=0x342070)
HLE: ! {PPU[1] Thread (CPUThread)[0x00464058]} sys_lwmutex : *** lwmutex created [_lc_mtx] (attribute=0x12): sq_id = 15
HLE: W {PPU[1] Thread (CPUThread)[0x00464058]} sys_lwmutex warning: sys_lwmutex_create(lwmutex_addr=0x30100190, attr_addr=0x342070)
HLE: ! {PPU[1] Thread (CPUThread)[0x00464058]} sys_lwmutex : *** lwmutex created [_lc_mtx] (attribute=0x12): sq_id = 16
HLE: W {PPU[1] Thread (CPUThread)[0x00464058]} sys_lwmutex warning: sys_lwmutex_create(lwmutex_addr=0x301001d0, attr_addr=0x342070)
HLE: ! {PPU[1] Thread (CPUThread)[0x00464058]} sys_lwmutex : *** lwmutex created [_lc_mtx] (attribute=0x12): sq_id = 17
HLE: W {PPU[1] Thread (CPUThread)[0x00464058]} sys_lwmutex warning: sys_lwmutex_create(lwmutex_addr=0x30100210, attr_addr=0x342070)
HLE: ! {PPU[1] Thread (CPUThread)[0x00464058]} sys_lwmutex : *** lwmutex created [_lc_mtx] (attribute=0x12): sq_id = 18
HLE: W {PPU[1] Thread (CPUThread)[0x00464058]} sys_lwmutex warning: sys_lwmutex_create(lwmutex_addr=0x301002d0, attr_addr=0x342070)
HLE: ! {PPU[1] Thread (CPUThread)[0x00464058]} sys_lwmutex : *** lwmutex created [_lc_mtx] (attribute=0x12): sq_id = 19
HLE: W {PPU[1] Thread (CPUThread)[0x00464058]} sys_lwmutex warning: sys_lwmutex_create(lwmutex_addr=0x30100300, attr_addr=0x342070)
HLE: ! {PPU[1] Thread (CPUThread)[0x00464058]} sys_lwmutex : *** lwmutex created [_lc_mtx] (attribute=0x12): sq_id = 20
HLE: W {PPU[1] Thread (CPUThread)[0x00464058]} sys_lwmutex warning: sys_lwmutex_create(lwmutex_addr=0x30100330, attr_addr=0x342070)
HLE: ! {PPU[1] Thread (CPUThread)[0x00464058]} sys_lwmutex : *** lwmutex created [_lc_mtx] (attribute=0x12): sq_id = 21
HLE: W {PPU[1] Thread (CPUThread)[0x00464058]} sys_lwmutex warning: sys_lwmutex_create(lwmutex_addr=0x30100360, attr_addr=0x342070)
HLE: ! {PPU[1] Thread (CPUThread)[0x00464058]} sys_lwmutex : *** lwmutex created [_lc_mtx] (attribute=0x12): sq_id = 22
HLE: W {PPU[1] Thread (CPUThread)[0x00464058]} sys_lwmutex warning: sys_lwmutex_create(lwmutex_addr=0x30100390, attr_addr=0x342070)
HLE: ! {PPU[1] Thread (CPUThread)[0x00464058]} sys_lwmutex : *** lwmutex created [_lc_mtx] (attribute=0x12): sq_id = 23
HLE: W {PPU[1] Thread (CPUThread)[0x00464058]} sys_lwmutex warning: sys_lwmutex_create(lwmutex_addr=0x301003c0, attr_addr=0x342070)
HLE: ! {PPU[1] Thread (CPUThread)[0x00464058]} sys_lwmutex : *** lwmutex created [_lc_mtx] (attribute=0x12): sq_id = 24
HLE: W {PPU[1] Thread (CPUThread)[0x00464058]} sys_lwmutex warning: sys_lwmutex_create(lwmutex_addr=0x440640, attr_addr=0xd000fb50)
HLE: ! {PPU[1] Thread (CPUThread)[0x00464058]} sys_lwmutex : *** lwmutex created [ps3HDDL] (attribute=0x12): sq_id = 25
HLE: W {PPU[1] Thread (CPUThread)[0x002aeae0]} sys_time warning: sys_time_get_timezone(timezone_addr=0xd000fb20, summertime_addr=0xd000fb24)
HLE: W {PPU[1] Thread (CPUThread)[0x002aeae0]} cellSysutil warning: cellSysutilGetSystemParamInt: CELL_SYSUTIL_SYSTEMPARAM_ID_TIMEZONE
HLE: W {PPU[1] Thread (CPUThread)[0x002aeae0]} cellSysutil warning: cellSysutilGetSystemParamInt: CELL_SYSUTIL_SYSTEMPARAM_ID_SUMMERTIME
HLE: W {PPU[1] Thread (CPUThread)[0x002b6fc0]} sys_time warning: sys_time_get_timezone(timezone_addr=0xd000fa70, summertime_addr=0xd000fa74)
HLE: W {PPU[1] Thread (CPUThread)[0x002b6fc0]} cellSysutil warning: cellSysutilGetSystemParamInt: CELL_SYSUTIL_SYSTEMPARAM_ID_TIMEZONE
HLE: W {PPU[1] Thread (CPUThread)[0x002b6fc0]} cellSysutil warning: cellSysutilGetSystemParamInt: CELL_SYSUTIL_SYSTEMPARAM_ID_SUMMERTIME
HLE: W {PPU[1] Thread (CPUThread)[0x002b0768]} sys_time warning: sys_time_get_timezone(timezone_addr=0xd000fb20, summertime_addr=0xd000fb24)
HLE: W {PPU[1] Thread (CPUThread)[0x002b0768]} cellSysutil warning: cellSysutilGetSystemParamInt: CELL_SYSUTIL_SYSTEMPARAM_ID_TIMEZONE
HLE: W {PPU[1] Thread (CPUThread)[0x002b0768]} cellSysutil warning: cellSysutilGetSystemParamInt: CELL_SYSUTIL_SYSTEMPARAM_ID_SUMMERTIME
HLE: W {PPU[1] Thread (CPUThread)[0x002b6fc0]} sys_time warning: sys_time_get_timezone(timezone_addr=0xd000fa70, summertime_addr=0xd000fa74)
HLE: W {PPU[1] Thread (CPUThread)[0x002b6fc0]} cellSysutil warning: cellSysutilGetSystemParamInt: CELL_SYSUTIL_SYSTEMPARAM_ID_TIMEZONE
HLE: W {PPU[1] Thread (CPUThread)[0x002b6fc0]} cellSysutil warning: cellSysutilGetSystemParamInt: CELL_SYSUTIL_SYSTEMPARAM_ID_SUMMERTIME
HLE: W {PPU[1] Thread (CPUThread)[0x002aea84]} sys_time warning: sys_time_get_timezone(timezone_addr=0xd000fb20, summertime_addr=0xd000fb24)
HLE: W {PPU[1] Thread (CPUThread)[0x002aea84]} cellSysutil warning: cellSysutilGetSystemParamInt: CELL_SYSUTIL_SYSTEMPARAM_ID_TIMEZONE
HLE: W {PPU[1] Thread (CPUThread)[0x002aea84]} cellSysutil warning: cellSysutilGetSystemParamInt: CELL_SYSUTIL_SYSTEMPARAM_ID_SUMMERTIME
HLE: W {PPU[1] Thread (CPUThread)[0x002b0768]} sys_time warning: sys_time_get_timezone(timezone_addr=0xd000fb20, summertime_addr=0xd000fb24)
HLE: W {PPU[1] Thread (CPUThread)[0x002b0768]} cellSysutil warning: cellSysutilGetSystemParamInt: CELL_SYSUTIL_SYSTEMPARAM_ID_TIMEZONE
HLE: W {PPU[1] Thread (CPUThread)[0x002b0768]} cellSysutil warning: cellSysutilGetSystemParamInt: CELL_SYSUTIL_SYSTEMPARAM_ID_SUMMERTIME
HLE: W {PPU[1] Thread (CPUThread)[0x00464058]} sys_lwmutex warning: sys_lwmutex_create(lwmutex_addr=0x301003f0, attr_addr=0x342070)
HLE: ! {PPU[1] Thread (CPUThread)[0x00464058]} sys_lwmutex : *** lwmutex created [_lc_mtx] (attribute=0x12): sq_id = 26
HLE: W {PPU[1] Thread (CPUThread)[0x004640e8]} sys_lwmutex warning: sys_lwmutex_destroy(lwmutex_addr=0x301003f0)
HLE: W {PPU[1] Thread (CPUThread)[0x0039c010]} cellSysmodule warning: cellSysmoduleLoadModule(CELL_SYSMODULE_SYSUTIL_GAME)
HLE: W {PPU[1] Thread (CPUThread)[0x0039e070]} cellSysutil warning: cellSysutilRegisterCallback(slot=0, func_addr=0x3a5990, userdata=0x0)
HLE: W {PPU[1] Thread (CPUThread)[0x0039c010]} cellSysmodule warning: cellSysmoduleLoadModule(CELL_SYSMODULE_FS)
HLE: W {PPU[1] Thread (CPUThread)[0x0039c010]} cellSysmodule warning: cellSysmoduleLoadModule(CELL_SYSMODULE_NET)
HLE: W {PPU[1] Thread (CPUThread)[0x00444004]} sys_net warning: sys_net_initialize_network_ex(param_addr=0xd000fb20)
HLE: W {PPU[1] Thread (CPUThread)[0x00456028]} cellGame warning: cellGameBootCheck(type_addr=0x30100d4c, attributes_addr=0x30100d50, size_addr=0x30100d54, dirName_addr=0x3010062c)
HLE: W {PPU[1] Thread (CPUThread)[0x00456004]} cellGame warning: cellGameContentPermit(contentInfoPath_addr=0x3010064c, usrdirPath_addr=0x301006cc)
HLE: W {PPU[1] Thread (CPUThread)[0x000b1178]} sys_mutex warning: *** mutex created [] (protocol=0x2, recursive=false): id = 27
G: E {PPU[1] Thread (CPUThread)[0x0039a028]} Exception: Access violation: addr = 0x0 (is_alive=1, last_syscall=0x21ac3697 (cellGcmAddressToOffset))
PPU: ! {PPULLVMRecompiler} PPU LLVM compiler thread exiting.
HLE: ! All threads stopped...
MEM: ! Closing memory...
