HLE: ! path: /dev_hdd0/game/
HLE: W No pause.bin found, Auto Pause will not work.
HLE: W No pause.bin found, Auto Pause will not work.
LDR: ! Loading 'D:\Emulateurs\Rpcs3\dev_hdd0\game\NPEB01109/USRDIR/BOOT.BIN'...
LDR: !  
LDR: ! Mount info:
LDR: ! /dev_hdd0/ -> ./dev_hdd0/
LDR: ! /dev_hdd1/ -> ./dev_hdd1/
LDR: ! /dev_flash/ -> ./dev_flash/
LDR: ! /dev_usb000/ -> ./dev_usb000/
LDR: ! /dev_usb/ -> ./dev_usb000/
LDR: ! /app_home/ -> D:\Emulateurs\Rpcs3\dev_hdd0\game\NPEB01109/
LDR: ! /dev_bdvd/ -> D:\Emulateurs\Rpcs3\dev_hdd0\game\NPEB01109//../
LDR: ! /host_root/ -> 
LDR: ! /app_home/PS3_GAME/USRDIR/ -> D:\Emulateurs\Rpcs3\dev_hdd0\game\NPEB01109//USRDIR/
LDR: ! /dev_flash2/ -> ./dev_flash2/
LDR: ! /app_home/Game/PS3_GAME/USRDIR/ -> D:\Emulateurs\Rpcs3\dev_hdd0\game\NPEB01109//USRDIR/
LDR: ! //dev_hdd0/ -> ./dev_hdd0/
LDR: ! / -> D:\Emulateurs\Rpcs3\dev_hdd0\game\NPEB01109//USRDIR/
LDR: ! /app_home//dev_bdvd/PS3_GAME/USRDIR/data/gos/ -> D:\Emulateurs\Rpcs3\dev_hdd0\game\NPEB01109//USRDIR/
LDR: !  
LDR: ! Title: Papo & Yo (Trial)
LDR: ! Serial: NPEB01109
LDR: !  
LDR: W m_ehdr.e_type = 0x2
MEM: ! Initializing memory: base_addr = 0x7424350000
MEM: ! Memory initialized.
LDR: ! Imported function 'sys_net_initialize_network_ex' in 'sys_net' module  (HLE)
LDR: W Unimplemented function 'getsockname' in 'sys_net' module (HLE)
LDR: ! Imported function 'recvfrom' in 'sys_net' module  (HLE)
LDR: ! Imported function 'listen' in 'sys_net' module  (HLE)
LDR: ! Imported function 'sys_net_get_sockinfo' in 'sys_net' module  (HLE)
LDR: W Unimplemented function 'socketselect' in 'sys_net' module (HLE)
LDR: W Unimplemented function 'getsockopt' in 'sys_net' module (HLE)
LDR: ! Imported function '_sys_net_errno_loc' in 'sys_net' module  (HLE)
LDR: ! Imported function 'connect' in 'sys_net' module  (HLE)
LDR: ! Imported function 'socketclose' in 'sys_net' module  (HLE)
LDR: W Unimplemented function 'gethostbyname' in 'sys_net' module (HLE)
LDR: ! Imported function 'setsockopt' in 'sys_net' module  (HLE)
LDR: ! Imported function 'sendto' in 'sys_net' module  (HLE)
LDR: ! Imported function 'socket' in 'sys_net' module  (HLE)
LDR: ! Imported function 'bind' in 'sys_net' module  (HLE)
LDR: ! Imported function 'accept' in 'sys_net' module  (HLE)
LDR: ! Imported function 'inet_addr' in 'sys_net' module  (HLE)
LDR: ! Imported function 'send' in 'sys_net' module  (HLE)
LDR: ! Imported function 'recv' in 'sys_net' module  (HLE)
LDR: ! Imported function 'sys_net_finalize_network' in 'sys_net' module  (HLE)
LDR: W Unimplemented function 'gethostbyaddr' in 'sys_net' module (HLE)
LDR: ! Imported function 'cellNetCtlNetStartDialogLoadAsync' in 'cellNetCtl' module  (HLE)
LDR: ! Imported function 'cellNetCtlAddHandler' in 'cellNetCtl' module  (HLE)
LDR: ! Imported function 'cellNetCtlNetStartDialogUnloadAsync' in 'cellNetCtl' module  (HLE)
LDR: ! Imported function 'cellNetCtlGetInfo' in 'cellNetCtl' module  (HLE)
LDR: ! Imported function 'cellNetCtlGetState' in 'cellNetCtl' module  (HLE)
LDR: ! Imported function 'cellNetCtlInit' in 'cellNetCtl' module  (HLE)
LDR: ! Imported function 'cellNetCtlTerm' in 'cellNetCtl' module  (HLE)
LDR: ! Imported function 'cellPadInit' in 'sys_io' module  (HLE)
LDR: ! Imported function 'cellKbClearBuf' in 'sys_io' module  (HLE)
LDR: ! Imported function 'cellKbGetInfo' in 'sys_io' module  (HLE)
LDR: ! Imported function 'cellMouseClearBuf' in 'sys_io' module  (HLE)
LDR: ! Imported function 'cellKbInit' in 'sys_io' module  (HLE)
LDR: ! Imported function 'cellPadSetPortSetting' in 'sys_io' module  (HLE)
LDR: ! Imported function 'cellMouseGetInfo' in 'sys_io' module  (HLE)
LDR: ! Imported function 'cellMouseGetDataList' in 'sys_io' module  (HLE)
LDR: ! Imported function 'cellPadGetData' in 'sys_io' module  (HLE)
LDR: ! Imported function 'cellKbSetCodeType' in 'sys_io' module  (HLE)
LDR: ! Imported function 'cellPadGetInfo2' in 'sys_io' module  (HLE)
LDR: ! Imported function 'cellKbEnd' in 'sys_io' module  (HLE)
LDR: ! Imported function 'cellMouseInit' in 'sys_io' module  (HLE)
LDR: ! Imported function 'cellKbSetReadMode' in 'sys_io' module  (HLE)
LDR: ! Imported function 'cellPadSetActDirect' in 'sys_io' module  (HLE)
LDR: ! Imported function 'cellKbRead' in 'sys_io' module  (HLE)
LDR: ! Imported function 'cellFsReadWithOffset' in 'sys_fs' module  (HLE)
LDR: ! Imported function 'cellFsRmdir' in 'sys_fs' module  (HLE)
LDR: ! Imported function 'cellFsClose' in 'sys_fs' module  (HLE)
LDR: ! Imported function 'cellFsOpendir' in 'sys_fs' module  (HLE)
LDR: ! Imported function 'cellFsRead' in 'sys_fs' module  (HLE)
LDR: ! Imported function 'cellFsReaddir' in 'sys_fs' module  (HLE)
LDR: ! Imported function 'cellFsSdataOpenByFd' in 'sys_fs' module  (HLE)
LDR: ! Imported function 'cellFsOpen' in 'sys_fs' module  (HLE)
LDR: ! Imported function 'cellFsStat' in 'sys_fs' module  (HLE)
LDR: ! Imported function 'cellFsUnlink' in 'sys_fs' module  (HLE)
LDR: W Unimplemented function 'cellFsWriteWithOffset' in 'sys_fs' module (HLE)
LDR: ! Imported function 'cellFsFsync' in 'sys_fs' module  (HLE)
LDR: ! Imported function 'cellFsLseek' in 'sys_fs' module  (HLE)
LDR: ! Imported function 'cellFsGetFreeSize' in 'sys_fs' module  (HLE)
LDR: ! Imported function 'cellFsSdataOpen' in 'sys_fs' module  (HLE)
LDR: ! Imported function 'cellFsMkdir' in 'sys_fs' module  (HLE)
LDR: W Unimplemented function 'cellFsUtime' in 'sys_fs' module (HLE)
LDR: ! Imported function 'cellFsWrite' in 'sys_fs' module  (HLE)
LDR: ! Imported function 'cellFsFstat' in 'sys_fs' module  (HLE)
LDR: ! Imported function 'cellFsRename' in 'sys_fs' module  (HLE)
LDR: ! Imported function 'cellFsClosedir' in 'sys_fs' module  (HLE)
LDR: ! Imported function 'cellSysutilUnregisterCallback' in 'cellSysutil' module  (HLE)
LDR: ! Imported function 'cellVideoOutConfigure' in 'cellSysutil' module  (HLE)
LDR: ! Imported function 'cellSysutilCheckCallback' in 'cellSysutil' module  (HLE)
LDR: ! Imported function 'cellSysCacheMount' in 'cellSysutil' module  (HLE)
LDR: ! Imported function 'cellVideoOutGetDeviceInfo' in 'cellSysutil' module  (HLE)
LDR: ! Imported function 'cellSysutilEnableBgmPlayback' in 'cellSysutil' module  (HLE)
LDR: W Unimplemented function 'cellOskDialogUnloadAsync' in 'cellSysutil' module (HLE)
LDR: ! Imported function 'cellSysutilGetSystemParamInt' in 'cellSysutil' module  (HLE)
LDR: ! Imported function 'cellAudioOutConfigure' in 'cellSysutil' module  (HLE)
LDR: ! Imported function 'cellMsgDialogAbort' in 'cellSysutil' module  (HLE)
LDR: ! Imported function 'cellVideoOutGetNumberOfDevice' in 'cellSysutil' module  (HLE)
LDR: ! Imported function 'cellMsgDialogOpen2' in 'cellSysutil' module  (HLE)
LDR: ! Imported function 'cellAudioOutGetDeviceInfo' in 'cellSysutil' module  (HLE)
LDR: W Unimplemented function 'cellOskDialogLoadAsync' in 'cellSysutil' module (HLE)
LDR: ! Imported function 'cellSaveDataAutoSave2' in 'cellSysutil' module  (HLE)
LDR: W Unimplemented function 'cellStorageDataImport' in 'cellSysutil' module (HLE)
LDR: ! Imported function 'cellSysutilGetSystemParamString' in 'cellSysutil' module  (HLE)
LDR: ! Imported function 'cellSysutilRegisterCallback' in 'cellSysutil' module  (HLE)
LDR: ! Imported function 'cellSysutilGetBgmPlaybackStatus' in 'cellSysutil' module  (HLE)
LDR: ! Imported function 'cellVideoOutGetResolutionAvailability' in 'cellSysutil' module  (HLE)
LDR: W Unimplemented function 'cellOskDialogSetKeyLayoutOption' in 'cellSysutil' module (HLE)
LDR: W Unimplemented function 'cellOskDialogAbort' in 'cellSysutil' module (HLE)
LDR: ! Imported function 'cellAudioOutGetSoundAvailability' in 'cellSysutil' module  (HLE)
LDR: W Unimplemented function 'cellOskDialogSetInitialKeyLayout' in 'cellSysutil' module (HLE)
LDR: W Unimplemented function 'cellOskDialogSetDeviceMask' in 'cellSysutil' module (HLE)
LDR: ! Imported function 'cellVideoOutGetResolution' in 'cellSysutil' module  (HLE)
LDR: ! Imported function 'cellAudioOutGetNumberOfDevice' in 'cellSysutil' module  (HLE)
LDR: ! Imported function 'cellAudioOutGetConfiguration' in 'cellSysutil' module  (HLE)
LDR: W Unimplemented function 'cellSaveDataDelete2' in 'cellSysutil' module (HLE)
LDR: W Unimplemented function 'cellOskDialogSetLayoutMode' in 'cellSysutil' module (HLE)
LDR: ! Imported function 'cellAudioOutGetState' in 'cellSysutil' module  (HLE)
LDR: ! Imported function 'cellSaveDataAutoLoad2' in 'cellSysutil' module  (HLE)
LDR: ! Imported function '_cellSpursLFQueueInitialize' in 'cellSpurs' module  (HLE)
LDR: ! Imported function 'cellSpursAttributeSetNamePrefix' in 'cellSpurs' module  (HLE)
LDR: ! Imported function 'cellSpursAttributeEnableSpuPrintfIfAvailable' in 'cellSpurs' module  (HLE)
LDR: ! Imported function '_cellSpursTasksetAttributeInitialize' in 'cellSpurs' module  (HLE)
LDR: ! Imported function 'cellSpursLFQueueAttachLv2EventQueue' in 'cellSpurs' module  (HLE)
LDR: ! Imported function 'cellSpursEventFlagDetachLv2EventQueue' in 'cellSpurs' module  (HLE)
LDR: ! Imported function 'cellSpursCreateJobChainWithAttribute' in 'cellSpurs' module  (HLE)
LDR: ! Imported function '_cellSpursJobChainAttributeInitialize' in 'cellSpurs' module  (HLE)
LDR: ! Imported function 'cellSpursEventFlagWait' in 'cellSpurs' module  (HLE)
LDR: ! Imported function 'cellSpursEventFlagClear' in 'cellSpurs' module  (HLE)
LDR: ! Imported function 'cellSpursDetachLv2EventQueue' in 'cellSpurs' module  (HLE)
LDR: ! Imported function 'cellSpursCreateTaskset' in 'cellSpurs' module  (HLE)
LDR: ! Imported function '_cellSpursEventFlagInitialize' in 'cellSpurs' module  (HLE)
LDR: ! Imported function 'cellSpursTasksetAttributeSetName' in 'cellSpurs' module  (HLE)
LDR: ! Imported function 'cellSpursJobGuardInitialize' in 'cellSpurs' module  (HLE)
LDR: ! Imported function 'cellSpursShutdownJobChain' in 'cellSpurs' module  (HLE)
LDR: ! Imported function 'cellSpursLFQueueDetachLv2EventQueue' in 'cellSpurs' module  (HLE)
LDR: ! Imported function 'cellSpursEventFlagAttachLv2EventQueue' in 'cellSpurs' module  (HLE)
LDR: ! Imported function '_cellSpursLFQueuePushBody' in 'cellSpurs' module  (HLE)
LDR: ! Imported function '_cellSpursAttributeInitialize' in 'cellSpurs' module  (HLE)
LDR: ! Imported function 'cellSpursJoinTaskset' in 'cellSpurs' module  (HLE)
LDR: ! Imported function 'cellSpursJobChainAttributeSetName' in 'cellSpurs' module  (HLE)
LDR: ! Imported function 'cellSpursShutdownTaskset' in 'cellSpurs' module  (HLE)
LDR: ! Imported function 'cellSpursJoinJobChain' in 'cellSpurs' module  (HLE)
LDR: ! Imported function 'cellSpursAttributeSetSpuThreadGroupType' in 'cellSpurs' module  (HLE)
LDR: ! Imported function 'cellSpursInitializeWithAttribute' in 'cellSpurs' module  (HLE)
LDR: ! Imported function 'cellSpursAttachLv2EventQueue' in 'cellSpurs' module  (HLE)
LDR: ! Imported function 'cellSpursCreateTask' in 'cellSpurs' module  (HLE)
LDR: ! Imported function 'cellSpursCreateTasksetWithAttribute' in 'cellSpurs' module  (HLE)
LDR: ! Imported function 'cellSpursFinalize' in 'cellSpurs' module  (HLE)
LDR: ! Imported function 'cellSpursJobGuardNotify' in 'cellSpurs' module  (HLE)
LDR: ! Imported function '_cellSpursSendSignal' in 'cellSpurs' module  (HLE)
LDR: ! Imported function 'cellSpursRunJobChain' in 'cellSpurs' module  (HLE)
LDR: ! Imported function 'cellSpursQueueDetachLv2EventQueue' in 'cellSpurs' module  (HLE)
LDR: ! Imported function '_cellSpursQueueInitialize' in 'cellSpurs' module  (HLE)
LDR: ! Imported function 'cellSpursQueuePopBody' in 'cellSpurs' module  (HLE)
LDR: ! Imported function 'cellSpursQueuePushBody' in 'cellSpurs' module  (HLE)
LDR: ! Imported function 'cellSpursInitialize' in 'cellSpurs' module  (HLE)
LDR: ! Imported function 'cellSpursQueueAttachLv2EventQueue' in 'cellSpurs' module  (HLE)
LDR: ! Imported function 'cellSysmoduleUnloadModule' in 'cellSysmodule' module  (HLE)
LDR: ! Imported function 'cellSysmoduleLoadModule' in 'cellSysmodule' module  (HLE)
LDR: ! Imported function 'cellSysmoduleInitialize' in 'cellSysmodule' module  (HLE)
LDR: ! Imported function 'cellRtcGetCurrentClockLocalTime' in 'cellRtc' module  (HLE)
LDR: ! Imported function 'cellRtcGetCurrentClock' in 'cellRtc' module  (HLE)
LDR: ! Imported function 'cellRtcSetTime_t' in 'cellRtc' module  (HLE)
LDR: ! Imported function 'cellRtcGetDayOfWeek' in 'cellRtc' module  (HLE)
LDR: ! Imported function 'cellRtcGetTick' in 'cellRtc' module  (HLE)
LDR: ! Imported function 'cellRtcGetTime_t' in 'cellRtc' module  (HLE)
LDR: ! Imported function 'cellAudioCreateNotifyEventQueue' in 'cellAudio' module  (HLE)
LDR: ! Imported function 'cellAudioInit' in 'cellAudio' module  (HLE)
LDR: W Unimplemented function 'cellAudioRemoveNotifyEventQueueEx' in 'cellAudio' module (HLE)
LDR: ! Imported function 'cellAudioPortClose' in 'cellAudio' module  (HLE)
LDR: ! Imported function 'cellAudioSetPortLevel' in 'cellAudio' module  (HLE)
LDR: ! Imported function 'cellAudioPortStop' in 'cellAudio' module  (HLE)
LDR: ! Imported function 'cellAudioGetPortConfig' in 'cellAudio' module  (HLE)
LDR: ! Imported function 'cellAudioPortStart' in 'cellAudio' module  (HLE)
LDR: W Unimplemented function 'cellAudioSetNotifyEventQueueEx' in 'cellAudio' module (HLE)
LDR: ! Imported function 'cellAudioQuit' in 'cellAudio' module  (HLE)
LDR: ! Imported function 'cellAudioPortOpen' in 'cellAudio' module  (HLE)
LDR: ! Imported function 'cellAudioRemoveNotifyEventQueue' in 'cellAudio' module  (HLE)
LDR: ! Imported function 'sceNpDrmVerifyUpgradeLicense' in 'sceNp' module  (HLE)
LDR: ! Imported function 'sceNpTerm' in 'sceNp' module  (HLE)
LDR: ! Imported function 'sceNpManagerGetContentRatingFlag' in 'sceNp' module  (HLE)
LDR: ! Imported function 'sceNpManagerGetStatus' in 'sceNp' module  (HLE)
LDR: ! Imported function 'sceNpInit' in 'sceNp' module  (HLE)
LDR: ! Imported function 'sceNpDrmIsAvailable2' in 'sceNp' module  (HLE)
LDR: ! Imported function 'sceNpDrmExecuteGamePurchase' in 'sceNp' module  (HLE)
LDR: ! Imported function 'sceNpTrophyRegisterContext' in 'sceNpTrophy' module  (HLE)
LDR: ! Imported function 'sceNpTrophyCreateHandle' in 'sceNpTrophy' module  (HLE)
LDR: ! Imported function 'sceNpTrophyGetRequiredDiskSpace' in 'sceNpTrophy' module  (HLE)
LDR: ! Imported function 'sceNpTrophyDestroyContext' in 'sceNpTrophy' module  (HLE)
LDR: ! Imported function 'sceNpTrophyInit' in 'sceNpTrophy' module  (HLE)
LDR: ! Imported function 'sceNpTrophyGetGameInfo' in 'sceNpTrophy' module  (HLE)
LDR: ! Imported function 'sceNpTrophyDestroyHandle' in 'sceNpTrophy' module  (HLE)
LDR: ! Imported function 'sceNpTrophyUnlockTrophy' in 'sceNpTrophy' module  (HLE)
LDR: ! Imported function 'sceNpTrophyTerm' in 'sceNpTrophy' module  (HLE)
LDR: ! Imported function 'sceNpTrophyGetTrophyUnlockState' in 'sceNpTrophy' module  (HLE)
LDR: ! Imported function 'sceNpTrophyGetTrophyIcon' in 'sceNpTrophy' module  (HLE)
LDR: ! Imported function 'sceNpTrophyCreateContext' in 'sceNpTrophy' module  (HLE)
LDR: ! Imported function 'sceNpTrophyGetTrophyInfo' in 'sceNpTrophy' module  (HLE)
LDR: ! Imported function 'cellGameGetParamString' in 'cellGame' module  (HLE)
LDR: ! Imported function 'cellGameContentPermit' in 'cellGame' module  (HLE)
LDR: ! Imported function 'cellGameContentErrorDialog' in 'cellGame' module  (HLE)
LDR: ! Imported function 'cellGameDataCheck' in 'cellGame' module  (HLE)
LDR: ! Imported function 'cellGameBootCheck' in 'cellGame' module  (HLE)
LDR: ! Imported function 'cellPngDecDecodeData' in 'cellPngDec' module  (HLE)
LDR: ! Imported function 'cellPngDecExtCreate' in 'cellPngDec' module  (HLE)
LDR: ! Imported function 'cellPngDecClose' in 'cellPngDec' module  (HLE)
LDR: ! Imported function 'cellPngDecDestroy' in 'cellPngDec' module  (HLE)
LDR: ! Imported function 'cellPngDecReadHeader' in 'cellPngDec' module  (HLE)
LDR: ! Imported function 'cellPngDecOpen' in 'cellPngDec' module  (HLE)
LDR: ! Imported function 'cellPngDecSetParameter' in 'cellPngDec' module  (HLE)
LDR: ! Imported function 'cellGcmGetTiledPitchSize' in 'cellGcmSys' module  (HLE)
LDR: ! Imported function 'cellGcmSetUserHandler' in 'cellGcmSys' module  (HLE)
LDR: ! Imported function 'cellGcmSetPrepareFlip' in 'cellGcmSys' module  (HLE)
LDR: ! Imported function '_cellGcmInitBody' in 'cellGcmSys' module  (HLE)
LDR: ! Imported function 'cellGcmAddressToOffset' in 'cellGcmSys' module  (HLE)
LDR: ! Imported function 'cellGcmSortRemapEaIoAddress' in 'cellGcmSys' module  (HLE)
LDR: ! Imported function '_cellGcmFunc15' in 'cellGcmSys' module  (HLE)
LDR: ! Imported function 'cellGcmBindTile' in 'cellGcmSys' module  (HLE)
LDR: ! Imported function 'cellGcmSetFlipMode' in 'cellGcmSys' module  (HLE)
LDR: ! Imported function 'cellGcmGetTimeStamp' in 'cellGcmSys' module  (HLE)
LDR: ! Imported function 'cellGcmGetDefaultCommandWordSize' in 'cellGcmSys' module  (HLE)
LDR: ! Imported function 'cellGcmGetDefaultSegmentWordSize' in 'cellGcmSys' module  (HLE)
LDR: ! Imported function 'cellGcmSetDefaultFifoSize' in 'cellGcmSys' module  (HLE)
LDR: ! Imported function 'cellGcmBindZcull' in 'cellGcmSys' module  (HLE)
LDR: ! Imported function 'cellGcmMapMainMemory' in 'cellGcmSys' module  (HLE)
LDR: ! Imported function 'cellGcmSetFlipHandler' in 'cellGcmSys' module  (HLE)
LDR: ! Imported function 'cellGcmSetDisplayBuffer' in 'cellGcmSys' module  (HLE)
LDR: ! Imported function 'cellGcmGetControlRegister' in 'cellGcmSys' module  (HLE)
LDR: ! Imported function 'cellGcmUnbindZcull' in 'cellGcmSys' module  (HLE)
LDR: ! Imported function 'cellGcmSetVBlankHandler' in 'cellGcmSys' module  (HLE)
LDR: ! Imported function 'cellGcmSetFlipImmediate' in 'cellGcmSys' module  (HLE)
LDR: ! Imported function 'cellGcmSetTileInfo' in 'cellGcmSys' module  (HLE)
LDR: ! Imported function 'cellGcmSetGraphicsHandler' in 'cellGcmSys' module  (HLE)
LDR: ! Imported function 'cellGcmUnbindTile' in 'cellGcmSys' module  (HLE)
LDR: ! Imported function 'cellGcmUnmapIoAddress' in 'cellGcmSys' module  (HLE)
LDR: ! Imported function 'cellGcmGetConfiguration' in 'cellGcmSys' module  (HLE)
LDR: ! Imported function 'cellGcmGetLabelAddress' in 'cellGcmSys' module  (HLE)
LDR: ! Imported function 'sys_lwmutex_lock' in 'sysPrxForUser' module  (HLE)
LDR: ! Imported function 'sys_lwmutex_unlock' in 'sysPrxForUser' module  (HLE)
LDR: ! Imported function 'sys_lwcond_destroy' in 'sysPrxForUser' module  (HLE)
LDR: ! Imported function 'sys_ppu_thread_create' in 'sysPrxForUser' module  (HLE)
LDR: ! Imported function 'sys_prx_load_module' in 'sysPrxForUser' module  (HLE)
LDR: ! Imported function 'sys_lwcond_wait' in 'sysPrxForUser' module  (HLE)
LDR: ! Imported function '_sys_process_atexitspawn' in 'sysPrxForUser' module  (HLE)
LDR: ! Imported function 'sys_lwmutex_create' in 'sysPrxForUser' module  (HLE)
LDR: ! Imported function 'sys_ppu_thread_get_id' in 'sysPrxForUser' module  (HLE)
LDR: ! Imported function 'sys_mmapper_free_memory' in 'sysPrxForUser' module  (HLE)
LDR: ! Imported function 'sys_prx_register_library' in 'sysPrxForUser' module  (HLE)
LDR: ! Imported function '_sys_spu_printf_initialize' in 'sysPrxForUser' module  (HLE)
LDR: ! Imported function 'sys_mmapper_unmap_memory' in 'sysPrxForUser' module  (HLE)
LDR: ! Imported function 'Unknown func id: 0x4f7172c9' in 'sysPrxForUser' module  (HLE)
LDR: ! Imported function 'sys_lwcond_signal_to' in 'sysPrxForUser' module  (HLE)
LDR: ! Imported function 'sys_initialize_tls' in 'sysPrxForUser' module  (HLE)
LDR: ! Imported function 'sys_time_get_system_time' in 'sysPrxForUser' module  (HLE)
LDR: ! Imported function '_sys_process_at_Exitspawn' in 'sysPrxForUser' module  (HLE)
LDR: ! Imported function 'sys_prx_exitspawn_with_level' in 'sysPrxForUser' module  (HLE)
LDR: W Unimplemented function 'sys_prx_load_module_on_memcontainer_by_fd' in 'sysPrxForUser' module (HLE)
LDR: ! Imported function 'sys_ppu_thread_once' in 'sysPrxForUser' module  (HLE)
LDR: ! Imported function 'sys_prx_load_module_on_memcontainer' in 'sysPrxForUser' module  (HLE)
LDR: ! Imported function 'sys_lwmutex_trylock' in 'sysPrxForUser' module  (HLE)
LDR: ! Imported function 'sys_ppu_thread_exit' in 'sysPrxForUser' module  (HLE)
LDR: ! Imported function 'sys_mmapper_allocate_memory' in 'sysPrxForUser' module  (HLE)
LDR: ! Imported function 'sys_lwmutex_destroy' in 'sysPrxForUser' module  (HLE)
LDR: ! Imported function 'sys_lwcond_create' in 'sysPrxForUser' module  (HLE)
LDR: ! Imported function 'sys_mmapper_map_memory' in 'sysPrxForUser' module  (HLE)
LDR: ! Imported function '_sys_spu_printf_finalize' in 'sysPrxForUser' module  (HLE)
LDR: ! Imported function 'sys_spu_image_close' in 'sysPrxForUser' module  (HLE)
LDR: ! Imported function 'sys_process_exit' in 'sysPrxForUser' module  (HLE)
LDR: ! Imported function 'sys_lwcond_signal_all' in 'sysPrxForUser' module  (HLE)
LDR: W Unimplemented function 'sys_prx_load_module_by_fd' in 'sysPrxForUser' module (HLE)
LDR: ! Imported function 'sys_lwcond_signal' in 'sysPrxForUser' module  (HLE)
LDR: ! Imported function 'cellOvisGetOverlayTableSize' in 'cellOvis' module  (HLE)
LDR: ! Imported function 'cellOvisInitializeOverlayTable' in 'cellOvis' module  (HLE)
HLE: W {PPU[1] Thread (main_thread)[0x01847058]} sys_lwmutex warning: sys_lwmutex_create(lwmutex_addr=0x17af358, attr_addr=0x13578f8)
HLE: ! {PPU[1] Thread (main_thread)[0x01847058]} sys_lwmutex : *** lwmutex created [_lc_mtx] (attribute=0x12): sq_id = 3
HLE: W {PPU[1] Thread (main_thread)[0x00d5798c]} sys_memory warning: sys_memory_get_user_memory_size(mem_info_addr=0xd000fc04)
HLE: W {PPU[1] Thread (main_thread)[0x01847058]} sys_lwmutex warning: sys_lwmutex_create(lwmutex_addr=0x17af158, attr_addr=0x13578f8)
HLE: ! {PPU[1] Thread (main_thread)[0x01847058]} sys_lwmutex : *** lwmutex created [_lc_mtx] (attribute=0x12): sq_id = 4
HLE: W {PPU[1] Thread (main_thread)[0x01847058]} sys_lwmutex warning: sys_lwmutex_create(lwmutex_addr=0x17ae4b0, attr_addr=0x13578f8)
HLE: ! {PPU[1] Thread (main_thread)[0x01847058]} sys_lwmutex : *** lwmutex created [_lc_mtx] (attribute=0x12): sq_id = 5
HLE: W {PPU[1] Thread (main_thread)[0x01847058]} sys_lwmutex warning: sys_lwmutex_create(lwmutex_addr=0x17ae4d8, attr_addr=0x13578f8)
HLE: ! {PPU[1] Thread (main_thread)[0x01847058]} sys_lwmutex : *** lwmutex created [_lc_mtx] (attribute=0x12): sq_id = 6
HLE: W {PPU[1] Thread (main_thread)[0x01847058]} sys_lwmutex warning: sys_lwmutex_create(lwmutex_addr=0x17ae500, attr_addr=0x13578f8)
HLE: ! {PPU[1] Thread (main_thread)[0x01847058]} sys_lwmutex : *** lwmutex created [_lc_mtx] (attribute=0x12): sq_id = 7
HLE: W {PPU[1] Thread (main_thread)[0x01847058]} sys_lwmutex warning: sys_lwmutex_create(lwmutex_addr=0x17ae3e8, attr_addr=0x13578f8)
HLE: ! {PPU[1] Thread (main_thread)[0x01847058]} sys_lwmutex : *** lwmutex created [_lc_mtx] (attribute=0x12): sq_id = 8
HLE: W {PPU[1] Thread (main_thread)[0x01847058]} sys_lwmutex warning: sys_lwmutex_create(lwmutex_addr=0x17ae410, attr_addr=0x13578f8)
HLE: ! {PPU[1] Thread (main_thread)[0x01847058]} sys_lwmutex : *** lwmutex created [_lc_mtx] (attribute=0x12): sq_id = 9
HLE: W {PPU[1] Thread (main_thread)[0x01847058]} sys_lwmutex warning: sys_lwmutex_create(lwmutex_addr=0x17ae438, attr_addr=0x13578f8)
HLE: ! {PPU[1] Thread (main_thread)[0x01847058]} sys_lwmutex : *** lwmutex created [_lc_mtx] (attribute=0x12): sq_id = 10
HLE: W {PPU[1] Thread (main_thread)[0x01847058]} sys_lwmutex warning: sys_lwmutex_create(lwmutex_addr=0x17ae460, attr_addr=0x13578f8)
HLE: ! {PPU[1] Thread (main_thread)[0x01847058]} sys_lwmutex : *** lwmutex created [_lc_mtx] (attribute=0x12): sq_id = 11
HLE: W {PPU[1] Thread (main_thread)[0x01847058]} sys_lwmutex warning: sys_lwmutex_create(lwmutex_addr=0x17ae488, attr_addr=0x13578f8)
HLE: ! {PPU[1] Thread (main_thread)[0x01847058]} sys_lwmutex : *** lwmutex created [_lc_mtx] (attribute=0x12): sq_id = 12
HLE: W {PPU[1] Thread (main_thread)[0x01847058]} sys_lwmutex warning: sys_lwmutex_create(lwmutex_addr=0x17af4a8, attr_addr=0x1681e18)
HLE: ! {PPU[1] Thread (main_thread)[0x01847058]} sys_lwmutex : *** lwmutex created [_lgcmtx] (attribute=0x12): sq_id = 13
HLE: W {PPU[1] Thread (main_thread)[0x01847058]} sys_lwmutex warning: sys_lwmutex_create(lwmutex_addr=0x17af468, attr_addr=0x1681e28)
HLE: ! {PPU[1] Thread (main_thread)[0x01847058]} sys_lwmutex : *** lwmutex created [_lgcmtx] (attribute=0x22): sq_id = 14
HLE: W {PPU[1] Thread (main_thread)[0x01847058]} sys_lwmutex warning: sys_lwmutex_create(lwmutex_addr=0x17ad6a0, attr_addr=0xd000fbf0)
HLE: ! {PPU[1] Thread (main_thread)[0x01847058]} sys_lwmutex : *** lwmutex created [] (attribute=0x12): sq_id = 15
HLE: W {PPU[1] Thread (main_thread)[0x00d4bcbc]} sys_time warning: sys_time_get_timezone(timezone_addr=0xd000fb20, summertime_addr=0xd000fb24)
HLE: W {PPU[1] Thread (main_thread)[0x00d4bcbc]} cellSysutil warning: cellSysutilGetSystemParamInt: CELL_SYSUTIL_SYSTEMPARAM_ID_TIMEZONE
HLE: W {PPU[1] Thread (main_thread)[0x00d4bcbc]} cellSysutil warning: cellSysutilGetSystemParamInt: CELL_SYSUTIL_SYSTEMPARAM_ID_SUMMERTIME
HLE: W {PPU[1] Thread (main_thread)[0x00d51324]} sys_time warning: sys_time_get_timezone(timezone_addr=0xd000fa70, summertime_addr=0xd000fa74)
HLE: W {PPU[1] Thread (main_thread)[0x00d51324]} cellSysutil warning: cellSysutilGetSystemParamInt: CELL_SYSUTIL_SYSTEMPARAM_ID_TIMEZONE
HLE: W {PPU[1] Thread (main_thread)[0x00d51324]} cellSysutil warning: cellSysutilGetSystemParamInt: CELL_SYSUTIL_SYSTEMPARAM_ID_SUMMERTIME
HLE: W {PPU[1] Thread (main_thread)[0x00d4d8e4]} sys_time warning: sys_time_get_timezone(timezone_addr=0xd000fb20, summertime_addr=0xd000fb24)
HLE: W {PPU[1] Thread (main_thread)[0x00d4d8e4]} cellSysutil warning: cellSysutilGetSystemParamInt: CELL_SYSUTIL_SYSTEMPARAM_ID_TIMEZONE
HLE: W {PPU[1] Thread (main_thread)[0x00d4d8e4]} cellSysutil warning: cellSysutilGetSystemParamInt: CELL_SYSUTIL_SYSTEMPARAM_ID_SUMMERTIME
HLE: W {PPU[1] Thread (main_thread)[0x00d51324]} sys_time warning: sys_time_get_timezone(timezone_addr=0xd000fa70, summertime_addr=0xd000fa74)
HLE: W {PPU[1] Thread (main_thread)[0x00d51324]} cellSysutil warning: cellSysutilGetSystemParamInt: CELL_SYSUTIL_SYSTEMPARAM_ID_TIMEZONE
HLE: W {PPU[1] Thread (main_thread)[0x00d51324]} cellSysutil warning: cellSysutilGetSystemParamInt: CELL_SYSUTIL_SYSTEMPARAM_ID_SUMMERTIME
HLE: W {PPU[1] Thread (main_thread)[0x00d4bc68]} sys_time warning: sys_time_get_timezone(timezone_addr=0xd000fb20, summertime_addr=0xd000fb24)
HLE: W {PPU[1] Thread (main_thread)[0x00d4bc68]} cellSysutil warning: cellSysutilGetSystemParamInt: CELL_SYSUTIL_SYSTEMPARAM_ID_TIMEZONE
HLE: W {PPU[1] Thread (main_thread)[0x00d4bc68]} cellSysutil warning: cellSysutilGetSystemParamInt: CELL_SYSUTIL_SYSTEMPARAM_ID_SUMMERTIME
HLE: W {PPU[1] Thread (main_thread)[0x00d4d8e4]} sys_time warning: sys_time_get_timezone(timezone_addr=0xd000fb20, summertime_addr=0xd000fb24)
HLE: W {PPU[1] Thread (main_thread)[0x00d4d8e4]} cellSysutil warning: cellSysutilGetSystemParamInt: CELL_SYSUTIL_SYSTEMPARAM_ID_TIMEZONE
HLE: W {PPU[1] Thread (main_thread)[0x00d4d8e4]} cellSysutil warning: cellSysutilGetSystemParamInt: CELL_SYSUTIL_SYSTEMPARAM_ID_SUMMERTIME
HLE: W {PPU[1] Thread (main_thread)[0x01847058]} sys_lwmutex warning: sys_lwmutex_create(lwmutex_addr=0x1791198, attr_addr=0xd000fb50)
HLE: ! {PPU[1] Thread (main_thread)[0x01847058]} sys_lwmutex : *** lwmutex created [ps3HDDL] (attribute=0x12): sq_id = 16
HLE: W {PPU[1] Thread (main_thread)[0x01847058]} sys_lwmutex warning: sys_lwmutex_create(lwmutex_addr=0x177dfd0, attr_addr=0xd000fb60)
HLE: ! {PPU[1] Thread (main_thread)[0x01847058]} sys_lwmutex : *** lwmutex created [] (attribute=0x11): sq_id = 17
HLE: W {PPU[1] Thread (main_thread)[0x01847058]} sys_lwmutex warning: sys_lwmutex_create(lwmutex_addr=0x177db58, attr_addr=0xd000fbf0)
HLE: ! {PPU[1] Thread (main_thread)[0x01847058]} sys_lwmutex : *** lwmutex created [] (attribute=0x11): sq_id = 18
HLE: W {PPU[1] Thread (main_thread)[0x01847058]} sys_lwmutex warning: sys_lwmutex_create(lwmutex_addr=0x1767468, attr_addr=0xd000fbf0)
HLE: ! {PPU[1] Thread (main_thread)[0x01847058]} sys_lwmutex : *** lwmutex created [] (attribute=0x11): sq_id = 19
HLE: W {PPU[1] Thread (main_thread)[0x01847058]} sys_lwmutex warning: sys_lwmutex_create(lwmutex_addr=0x1767348, attr_addr=0xd000fbd0)
HLE: ! {PPU[1] Thread (main_thread)[0x01847058]} sys_lwmutex : *** lwmutex created [] (attribute=0x11): sq_id = 20
HLE: W {PPU[1] Thread (main_thread)[0x01847058]} sys_lwmutex warning: sys_lwmutex_create(lwmutex_addr=0x175b430, attr_addr=0xd000fb40)
HLE: ! {PPU[1] Thread (main_thread)[0x01847058]} sys_lwmutex : *** lwmutex created [] (attribute=0x12): sq_id = 21
HLE: W {PPU[1] Thread (main_thread)[0x01847058]} sys_lwmutex warning: sys_lwmutex_create(lwmutex_addr=0x173a380, attr_addr=0xd000efe0)
HLE: ! {PPU[1] Thread (main_thread)[0x01847058]} sys_lwmutex : *** lwmutex created [] (attribute=0x12): sq_id = 22
HLE: W {PPU[1] Thread (main_thread)[0x01847058]} sys_lwmutex warning: sys_lwmutex_create(lwmutex_addr=0x173a3a8, attr_addr=0xd000efd0)
HLE: ! {PPU[1] Thread (main_thread)[0x01847058]} sys_lwmutex : *** lwmutex created [] (attribute=0x12): sq_id = 23
HLE: W {PPU[1] Thread (main_thread)[0x01847058]} sys_lwmutex warning: sys_lwmutex_create(lwmutex_addr=0x1735a10, attr_addr=0xd000fb40)
HLE: ! {PPU[1] Thread (main_thread)[0x01847058]} sys_lwmutex : *** lwmutex created [] (attribute=0x12): sq_id = 24
HLE: W {PPU[1] Thread (main_thread)[0x01847058]} sys_lwmutex warning: sys_lwmutex_create(lwmutex_addr=0x1735a30, attr_addr=0xd000fb30)
HLE: ! {PPU[1] Thread (main_thread)[0x01847058]} sys_lwmutex : *** lwmutex created [] (attribute=0x12): sq_id = 25
HLE: W {PPU[1] Thread (main_thread)[0x00893fd0]} sys_memory warning: sys_memory_get_user_memory_size(mem_info_addr=0xd000f984)
HLE: W {PPU[1] Thread (main_thread)[0x00894014]} sys_memory warning: sys_memory_get_user_memory_size(mem_info_addr=0xd000f984)
HLE: W {PPU[1] Thread (main_thread)[0x01847058]} sys_lwmutex warning: sys_lwmutex_create(lwmutex_addr=0x30030010, attr_addr=0xd000fa10)
HLE: ! {PPU[1] Thread (main_thread)[0x01847058]} sys_lwmutex : *** lwmutex created [	
	
] (attribute=0x12): sq_id = 26
HLE: W {PPU[1] Thread (main_thread)[0x01847058]} sys_lwmutex warning: sys_lwmutex_create(lwmutex_addr=0x170aba8, attr_addr=0xd000fb70)
HLE: ! {PPU[1] Thread (main_thread)[0x01847058]} sys_lwmutex : *** lwmutex created [] (attribute=0x12): sq_id = 27
HLE: W {PPU[1] Thread (main_thread)[0x01847058]} sys_lwmutex warning: sys_lwmutex_create(lwmutex_addr=0x1735748, attr_addr=0xd000fb60)
HLE: ! {PPU[1] Thread (main_thread)[0x01847058]} sys_lwmutex : *** lwmutex created [] (attribute=0x12): sq_id = 28
HLE: W {PPU[1] Thread (main_thread)[0x01847058]} sys_lwmutex warning: sys_lwmutex_create(lwmutex_addr=0x1705958, attr_addr=0xd000faa0)
HLE: ! {PPU[1] Thread (main_thread)[0x01847058]} sys_lwmutex : *** lwmutex created [] (attribute=0x12): sq_id = 29
HLE: W {PPU[1] Thread (main_thread)[0x01847058]} sys_lwmutex warning: sys_lwmutex_create(lwmutex_addr=0x16eb2f8, attr_addr=0xd000fb40)
HLE: ! {PPU[1] Thread (main_thread)[0x01847058]} sys_lwmutex : *** lwmutex created [ÿÿÿÿ¾‹Q½] (attribute=0x12): sq_id = 30
HLE: W {PPU[1] Thread (main_thread)[0x01847058]} sys_lwmutex warning: sys_lwmutex_create(lwmutex_addr=0x1683348, attr_addr=0xd000fab0)
HLE: ! {PPU[1] Thread (main_thread)[0x01847058]} sys_lwmutex : *** lwmutex created [] (attribute=0x12): sq_id = 31
HLE: W {PPU[1] Thread (main_thread)[0x01837010]} cellSysmodule warning: cellSysmoduleLoadModule(CELL_SYSMODULE_FS)
HLE: W {PPU[1] Thread (main_thread)[0x01837010]} cellSysmodule warning: cellSysmoduleLoadModule(CELL_SYSMODULE_SPURS)
HLE: W {PPU[1] Thread (main_thread)[0x01837010]} cellSysmodule warning: cellSysmoduleLoadModule(CELL_SYSMODULE_SYSUTIL)
HLE: W {PPU[1] Thread (main_thread)[0x01837010]} cellSysmodule warning: cellSysmoduleLoadModule(CELL_SYSMODULE_RTC)
HLE: W {PPU[1] Thread (main_thread)[0x01837010]} cellSysmodule warning: cellSysmoduleLoadModule(CELL_SYSMODULE_GCM_SYS)
HLE: W {PPU[1] Thread (main_thread)[0x01837010]} cellSysmodule warning: cellSysmoduleLoadModule(CELL_SYSMODULE_AUDIO)
HLE: W {PPU[1] Thread (main_thread)[0x01837010]} cellSysmodule warning: cellSysmoduleLoadModule(CELL_SYSMODULE_IO)
HLE: W {PPU[1] Thread (main_thread)[0x01837010]} cellSysmodule warning: cellSysmoduleLoadModule(CELL_SYSMODULE_SYSUTIL_SAVEDATA)
HLE: W {PPU[1] Thread (main_thread)[0x01837010]} cellSysmodule warning: cellSysmoduleLoadModule(CELL_SYSMODULE_SYSUTIL_GAME)
HLE: W {PPU[1] Thread (main_thread)[0x01837010]} cellSysmodule warning: cellSysmoduleLoadModule(CELL_SYSMODULE_SYSUTIL_NP)
HLE: W {PPU[1] Thread (main_thread)[0x01837010]} cellSysmodule warning: cellSysmoduleLoadModule(CELL_SYSMODULE_SYSUTIL_NP_TROPHY)
HLE: W {PPU[1] Thread (main_thread)[0x008a300c]} sys_memory warning: sys_memory_get_user_memory_size(mem_info_addr=0xd000f9ec)
HLE: W {PPU[1] Thread (main_thread)[0x01841034]} cellGame warning: cellGameBootCheck(type_addr=0xd000f450, attributes_addr=0xd000f454, size_addr=0xd000f458, dirName_addr=0x0)
HLE: W {PPU[1] Thread (main_thread)[0x01841004]} cellGame warning: cellGameGetParamString(id=100, buf_addr=0x1735a54, bufsize=10)
HLE: W {PPU[1] Thread (main_thread)[0x01841010]} cellGame warning: cellGameContentPermit(contentInfoPath_addr=0xd000f468, usrdirPath_addr=0xd000f4e8)
HLE: W {PPU[1] Thread (main_thread)[0x008782e8]} sys_mmapper warning: sys_mmapper_allocate_address(size=0x10000000, flags=0x40f, alignment=0x10000000, alloc_addr=0x3006fab0)
HLE: W {PPU[1] Thread (main_thread)[0x008782e8]} sys_mmapper warning: sys_mmapper_allocate_address(size=0x10000000, flags=0x40f, alignment=0x10000000, alloc_addr=0x3006b4f0)
HLE: W {PPU[1] Thread (main_thread)[0x01845028]} cellGcmSys warning: _cellGcmInitBody(context_addr=0x17ae2b8, cmdSize=0x2ff000, ioSize=0x300000, ioAddress=0x30100000)
HLE: W {PPU[1] Thread (main_thread)[0x01845028]} cellGcmSys warning: *** local memory(addr=0xc0000000, size=0xf900000)
HLE: W {PPU[1] Thread (main_thread)[0x01845028]} cellGcmSys warning: cellGcmInit(): 256MB io address space used
HLE: W {PPU[1] Thread (main_thread)[0x01845028]} cellGcmSys warning: cellGcmMapEaIoAddress(ea=0x30100000, io=0x0, size=0x300000)
RSX: ! {RSXThread} RSX thread started
HLE: W {PPU[1] Thread (main_thread)[0x0183307c]} cellSysutil warning: cellVideoOutGetNumberOfDevice(videoOut=0)
HLE: W {PPU[1] Thread (main_thread)[0x01833034]} cellSysutil warning: cellVideoOutGetDeviceInfo(videoOut=0, deviceIndex=0, info_addr=0xd000f308)
HLE: W {PPU[1] Thread (main_thread)[0x018330e8]} cellSysutil warning: cellVideoOutGetResolutionAvailability(videoOut=0, resolutionId=0x0, option_addr=0x0, aspect=0x0, option=0x24d3b620)
HLE: W {PPU[1] Thread (main_thread)[0x01833010]} cellSysutil warning: cellVideoOutConfigure(videoOut=0, config_addr=0xd000f290, option_addr=0x0, waitForEvent=0x0)
HLE: W {PPU[1] Thread (main_thread)[0x01845064]} cellGcmSys warning: cellGcmSetFlipMode(mode=1)
HLE: W {PPU[1] Thread (main_thread)[0x018450e8]} cellGcmSys warning: cellGcmSetVBlankHandler(handler_addr=0x1641be8)
HLE: W {PPU[1] Thread (main_thread)[0x018450b8]} cellGcmSys warning: cellGcmSetFlipHandler(handler_addr=23337952)
HLE: W {PPU[1] Thread (main_thread)[0x01845010]} cellGcmSys warning: cellGcmSetUserHandler(handler_addr=0x1641bf0)
HLE: E {PPU[1] Thread (main_thread)[0x0184510c]} cellGcmSys TODO: cellGcmSetGraphicsHandler
HLE: W {PPU[1] Thread (main_thread)[0x01847124]} sys_mmapper warning: sys_mmapper_allocate_memory(size=0x100000, flags=0x400, mem_id_addr=0xd000f084)
HLE: W {PPU[1] Thread (main_thread)[0x01847148]} sys_mmapper warning: sys_mmapper_map_memory(start_addr=0x0, mem_id=0x20, flags=0x40000)
HLE: E {PPU[1] Thread (main_thread)[0x01847148]} sys_mmapper error: sys_mmapper_map_memory failed!
HLE: W {PPU[1] Thread (main_thread)[0x01847124]} sys_mmapper warning: sys_mmapper_allocate_memory(size=0x100000, flags=0x400, mem_id_addr=0xd000f084)
HLE: W {PPU[1] Thread (main_thread)[0x01847148]} sys_mmapper warning: sys_mmapper_map_memory(start_addr=0x100000, mem_id=0x21, flags=0x40000)
HLE: E {PPU[1] Thread (main_thread)[0x01847148]} sys_mmapper error: sys_mmapper_map_memory failed!
HLE: W {PPU[1] Thread (main_thread)[0x01847124]} sys_mmapper warning: sys_mmapper_allocate_memory(size=0x100000, flags=0x400, mem_id_addr=0xd000f084)
HLE: W {PPU[1] Thread (main_thread)[0x01847148]} sys_mmapper warning: sys_mmapper_map_memory(start_addr=0x200000, mem_id=0x22, flags=0x40000)
HLE: E {PPU[1] Thread (main_thread)[0x01847148]} sys_mmapper error: sys_mmapper_map_memory failed!
HLE: W {PPU[1] Thread (main_thread)[0x01847124]} sys_mmapper warning: sys_mmapper_allocate_memory(size=0x100000, flags=0x400, mem_id_addr=0xd000f084)
HLE: W {PPU[1] Thread (main_thread)[0x01847148]} sys_mmapper warning: sys_mmapper_map_memory(start_addr=0x300000, mem_id=0x23, flags=0x40000)
HLE: E {PPU[1] Thread (main_thread)[0x01847148]} sys_mmapper error: sys_mmapper_map_memory failed!
HLE: W {PPU[1] Thread (main_thread)[0x01847124]} sys_mmapper warning: sys_mmapper_allocate_memory(size=0x100000, flags=0x400, mem_id_addr=0xd000f084)
HLE: W {PPU[1] Thread (main_thread)[0x01847148]} sys_mmapper warning: sys_mmapper_map_memory(start_addr=0x400000, mem_id=0x24, flags=0x40000)
HLE: E {PPU[1] Thread (main_thread)[0x01847148]} sys_mmapper error: sys_mmapper_map_memory failed!
HLE: W {PPU[1] Thread (main_thread)[0x01847124]} sys_mmapper warning: sys_mmapper_allocate_memory(size=0x100000, flags=0x400, mem_id_addr=0xd000f084)
HLE: W {PPU[1] Thread (main_thread)[0x01847148]} sys_mmapper warning: sys_mmapper_map_memory(start_addr=0x500000, mem_id=0x25, flags=0x40000)
HLE: E {PPU[1] Thread (main_thread)[0x01847148]} sys_mmapper error: sys_mmapper_map_memory failed!
HLE: W {PPU[1] Thread (main_thread)[0x01847124]} sys_mmapper warning: sys_mmapper_allocate_memory(size=0x100000, flags=0x400, mem_id_addr=0xd000f084)
HLE: W {PPU[1] Thread (main_thread)[0x01847148]} sys_mmapper warning: sys_mmapper_map_memory(start_addr=0x600000, mem_id=0x26, flags=0x40000)
HLE: E {PPU[1] Thread (main_thread)[0x01847148]} sys_mmapper error: sys_mmapper_map_memory failed!
HLE: W {PPU[1] Thread (main_thread)[0x01847124]} sys_mmapper warning: sys_mmapper_allocate_memory(size=0x100000, flags=0x400, mem_id_addr=0xd000f084)
HLE: W {PPU[1] Thread (main_thread)[0x01847148]} sys_mmapper warning: sys_mmapper_map_memory(start_addr=0x700000, mem_id=0x27, flags=0x40000)
HLE: E {PPU[1] Thread (main_thread)[0x01847148]} sys_mmapper error: sys_mmapper_map_memory failed!
HLE: W {PPU[1] Thread (main_thread)[0x01847124]} sys_mmapper warning: sys_mmapper_allocate_memory(size=0x100000, flags=0x400, mem_id_addr=0xd000f084)
HLE: W {PPU[1] Thread (main_thread)[0x01847148]} sys_mmapper warning: sys_mmapper_map_memory(start_addr=0x800000, mem_id=0x28, flags=0x40000)
HLE: E {PPU[1] Thread (main_thread)[0x01847148]} sys_mmapper error: sys_mmapper_map_memory failed!
HLE: W {PPU[1] Thread (main_thread)[0x01847124]} sys_mmapper warning: sys_mmapper_allocate_memory(size=0x100000, flags=0x400, mem_id_addr=0xd000f084)
HLE: W {PPU[1] Thread (main_thread)[0x01847148]} sys_mmapper warning: sys_mmapper_map_memory(start_addr=0x900000, mem_id=0x29, flags=0x40000)
HLE: E {PPU[1] Thread (main_thread)[0x01847148]} sys_mmapper error: sys_mmapper_map_memory failed!
HLE: W {PPU[1] Thread (main_thread)[0x018450ac]} cellGcmSys warning: cellGcmMapMainMemory(ea=0x0,size=0xa00000,offset_addr=0xd000f080)
G: E {PPU[1] Thread (main_thread)[0x00875bec]} Exception: Access violation: addr = 0xfa0 (is_alive=1, last_syscall=0x0 (Unknown func id: 0x00000000))
RSX: W {RSXThread} RSX thread aborted
RSX: W {VBlank thread} VBlank thread aborted
PPU: ! {PPU Recompilation Engine} PPU LLVM Recompilation thread exiting.
HLE: ! All threads stopped...
MEM: ! Closing memory...
