HLE: ! path: /dev_hdd0/game/
HLE: W No pause.bin found, Auto Pause will not work.
HLE: W No pause.bin found, Auto Pause will not work.
LDR: ! Loading 'D:\Emulateurs\Rpcs3\dev_hdd0\game\NPEB00305/USRDIR/BOOT.BIN'...
LDR: !  
LDR: ! Mount info:
LDR: ! /dev_hdd0/ -> ./dev_hdd0/
LDR: ! /dev_hdd1/ -> ./dev_hdd1/
LDR: ! /dev_flash/ -> ./dev_flash/
LDR: ! /dev_usb000/ -> ./dev_usb000/
LDR: ! /dev_usb/ -> ./dev_usb000/
LDR: ! /app_home/ -> D:\Emulateurs\Rpcs3\dev_hdd0\game\NPEB00305/
LDR: ! /dev_bdvd/ -> D:\Emulateurs\Rpcs3\dev_hdd0\game\NPEB00305//../
LDR: ! /host_root/ -> 
LDR: ! /app_home/PS3_GAME/USRDIR/ -> D:\Emulateurs\Rpcs3\dev_hdd0\game\NPEB00305//USRDIR/
LDR: ! /dev_flash2/ -> ./dev_flash2/
LDR: ! /app_home/Game/PS3_GAME/USRDIR/ -> D:\Emulateurs\Rpcs3\dev_hdd0\game\NPEB00305//USRDIR/
LDR: ! //dev_hdd0/ -> ./dev_hdd0/
LDR: ! / -> D:\Emulateurs\Rpcs3\dev_hdd0\game\NPEB00305//USRDIR/
LDR: !  
LDR: ! Title: Armageddon Riders
LDR: ! Serial: NPEB00305
LDR: !  
MEM: ! Initializing memory: m_base_addr = 0xfefd960000
MEM: ! Memory initialized.
LDR: ! Imported function 'cellGcmGetTiledPitchSize' in 'cellGcmSys' module
LDR: ! Imported function 'cellGcmAddressToOffset' in 'cellGcmSys' module
LDR: ! Imported function 'cellGcmBindTile' in 'cellGcmSys' module
LDR: ! Imported function 'cellGcmSetFlipMode' in 'cellGcmSys' module
LDR: ! Imported function 'cellGcmGetLastFlipTime' in 'cellGcmSys' module
LDR: ! Imported function 'cellGcmMapEaIoAddress' in 'cellGcmSys' module
LDR: ! Imported function 'cellGcmGetTileInfo' in 'cellGcmSys' module
LDR: ! Imported function 'cellGcmGetFlipStatus' in 'cellGcmSys' module
LDR: ! Imported function 'cellGcmGetReport' in 'cellGcmSys' module
LDR: ! Imported function 'cellGcmMapMainMemory' in 'cellGcmSys' module
LDR: ! Imported function 'cellGcmSetFlipStatus' in 'cellGcmSys' module
LDR: ! Imported function 'cellGcmSetDisplayBuffer' in 'cellGcmSys' module
LDR: ! Imported function 'cellGcmResetFlipStatus' in 'cellGcmSys' module
LDR: ! Imported function 'cellGcmSetTileInfo' in 'cellGcmSys' module
LDR: ! Imported function 'cellGcmSetZcull' in 'cellGcmSys' module
LDR: ! Imported function 'cellGcmUnbindTile' in 'cellGcmSys' module
LDR: ! Imported function 'cellGcmUnmapIoAddress' in 'cellGcmSys' module
LDR: ! Imported function 'cellGcmGetConfiguration' in 'cellGcmSys' module
LDR: ! Imported function '_cellGcmInitBody' in 'cellGcmSys' module
LDR: ! Imported function '_cellGcmSetFlipCommand' in 'cellGcmSys' module
LDR: ! Imported function '_cellGcmFunc15' in 'cellGcmSys' module
LDR: ! Imported function 'cellGcmGetDefaultCommandWordSize' in 'cellGcmSys' module
LDR: ! Imported function 'cellGcmGetDefaultSegmentWordSize' in 'cellGcmSys' module
LDR: ! Imported function 'cellGcmSetDefaultFifoSize' in 'cellGcmSys' module
LDR: ! Imported function 'cellGcmGetControlRegister' in 'cellGcmSys' module
LDR: ! Imported function '_cellGcmSetFlipCommandWithWaitLabel' in 'cellGcmSys' module
LDR: ! Imported function 'cellSysutilUnregisterCallback' in 'cellSysutil' module
LDR: ! Imported function 'cellVideoOutConfigure' in 'cellSysutil' module
LDR: ! Imported function 'cellSysutilCheckCallback' in 'cellSysutil' module
LDR: ! Imported function 'cellSaveDataListLoad2' in 'cellSysutil' module
LDR: ! Imported function 'cellSysutilEnableBgmPlayback' in 'cellSysutil' module
LDR: ! Imported function 'cellSaveDataListSave2' in 'cellSysutil' module
LDR: ! Imported function 'cellMsgDialogOpenErrorCode' in 'cellSysutil' module
LDR: ! Imported function 'cellSysutilGetSystemParamInt' in 'cellSysutil' module
LDR: ! Imported function 'cellAudioOutConfigure' in 'cellSysutil' module
LDR: ! Imported function 'cellMsgDialogAbort' in 'cellSysutil' module
LDR: ! Imported function 'cellMsgDialogOpen2' in 'cellSysutil' module
LDR: ! Imported function 'cellVideoOutGetState' in 'cellSysutil' module
LDR: ! Imported function 'cellSaveDataAutoSave2' in 'cellSysutil' module
LDR: ! Imported function 'cellSysutilGetSystemParamString' in 'cellSysutil' module
LDR: ! Imported function 'cellMsgDialogProgressBarInc' in 'cellSysutil' module
LDR: ! Imported function 'cellMsgDialogProgressBarSetMsg' in 'cellSysutil' module
LDR: ! Imported function 'cellSysutilRegisterCallback' in 'cellSysutil' module
LDR: ! Imported function 'cellSysutilGetBgmPlaybackStatus' in 'cellSysutil' module
LDR: ! Imported function 'cellAudioOutGetSoundAvailability' in 'cellSysutil' module
LDR: ! Imported function 'cellVideoOutGetResolution' in 'cellSysutil' module
LDR: ! Imported function 'cellAudioOutGetNumberOfDevice' in 'cellSysutil' module
LDR: ! Imported function 'cellSaveDataAutoLoad2' in 'cellSysutil' module
LDR: ! Imported function 'sceNpBasicSendMessageGui' in 'sceNp' module
LDR: ! Imported function 'sceNpBasicGetFriendListEntry' in 'sceNp' module
LDR: ! Imported function 'sceNpScoreRecordScore' in 'sceNp' module
LDR: ! Imported function 'sceNpScoreGetRankingByRangeAsync' in 'sceNp' module
LDR: ! Imported function 'sceNpScoreDestroyTitleCtx' in 'sceNp' module
LDR: ! Imported function 'sceNpScoreInit' in 'sceNp' module
LDR: ! Imported function 'sceNpScoreGetRankingByNpIdAsync' in 'sceNp' module
LDR: ! Imported function 'sceNpBasicRegisterContextSensitiveHandler' in 'sceNp' module
LDR: ! Imported function 'sceNpTerm' in 'sceNp' module
LDR: ! Imported function 'sceNpManagerUnregisterCallback' in 'sceNp' module
LDR: ! Imported function 'sceNpBasicRecvMessageAttachmentLoad' in 'sceNp' module
LDR: ! Imported function 'sceNpManagerGetContentRatingFlag' in 'sceNp' module
LDR: ! Imported function 'sceNpScoreCreateTransactionCtx' in 'sceNp' module
LDR: ! Imported function 'sceNpBasicRecvMessageCustom' in 'sceNp' module
LDR: ! Imported function 'sceNpScoreTerm' in 'sceNp' module
LDR: ! Imported function 'sceNpScorePollAsync' in 'sceNp' module
LDR: ! Imported function 'sceNpManagerGetStatus' in 'sceNp' module
LDR: ! Imported function 'sceNpBasicUnregisterHandler' in 'sceNp' module
LDR: ! Imported function 'sceNpDrmIsAvailable' in 'sceNp' module
LDR: ! Imported function 'sceNpBasicGetFriendListEntryCount' in 'sceNp' module
LDR: ! Imported function 'sceNpScoreCreateTitleCtx' in 'sceNp' module
LDR: ! Imported function 'sceNpInit' in 'sceNp' module
LDR: ! Imported function 'sceNpManagerGetOnlineId' in 'sceNp' module
LDR: ! Imported function 'sceNpScoreDestroyTransactionCtx' in 'sceNp' module
LDR: ! Imported function 'sceNpProfileCallGui' in 'sceNp' module
LDR: ! Imported function 'sceNpUtilCmpNpId' in 'sceNp' module
LDR: ! Imported function 'sceNpBasicGetEvent' in 'sceNp' module
LDR: ! Imported function 'sceNpManagerRegisterCallback' in 'sceNp' module
LDR: ! Imported function 'sceNpScoreRecordScoreAsync' in 'sceNp' module
LDR: ! Imported function 'sceNpManagerGetNpId' in 'sceNp' module
LDR: ! Imported function 'sceNpDrmIsAvailable2' in 'sceNp' module
LDR: ! Imported function 'cellAudioCreateNotifyEventQueue' in 'cellAudio' module
LDR: ! Imported function 'cellAudioInit' in 'cellAudio' module
LDR: ! Imported function 'cellAudioSetNotifyEventQueue' in 'cellAudio' module
LDR: ! Imported function 'cellAudioGetPortTimestamp' in 'cellAudio' module
LDR: ! Imported function 'cellAudioPortClose' in 'cellAudio' module
LDR: ! Imported function 'cellAudioPortStop' in 'cellAudio' module
LDR: ! Imported function 'cellAudioGetPortConfig' in 'cellAudio' module
LDR: W Unimplemented function 'cellAudioAdd6chData' in 'cellAudio' module
LDR: ! Imported function 'cellAudioPortStart' in 'cellAudio' module
LDR: ! Imported function 'cellAudioAdd2chData' in 'cellAudio' module
LDR: ! Imported function 'cellAudioQuit' in 'cellAudio' module
LDR: ! Imported function 'cellAudioPortOpen' in 'cellAudio' module
LDR: ! Imported function 'cellAudioAddData' in 'cellAudio' module
LDR: ! Imported function 'cellAudioGetPortBlockTag' in 'cellAudio' module
LDR: ! Imported function 'cellAudioRemoveNotifyEventQueue' in 'cellAudio' module
LDR: W Unknown module 'cellSysutilAvconfExt'
LDR: ! Imported function 'cellAudioInGetAvailableDeviceInfo' in 'cellSysutilAvconfExt' module
LDR: ! Imported function 'cellVideoOutSetGamma' in 'cellSysutilAvconfExt' module
LDR: ! Imported function 'cellAudioInSetDeviceMode' in 'cellSysutilAvconfExt' module
LDR: ! Imported function 'cellAudioInRegisterDevice' in 'cellSysutilAvconfExt' module
LDR: ! Imported function 'cellAudioInUnregisterDevice' in 'cellSysutilAvconfExt' module
LDR: W Unimplemented function 'cellMicOpenEx' in 'cellMic' module
LDR: W Unimplemented function 'cellMicRead' in 'cellMic' module
LDR: W Unimplemented function 'cellMicSetNotifyEventQueue' in 'cellMic' module
LDR: W Unimplemented function 'cellMicInit' in 'cellMic' module
LDR: W Unimplemented function 'cellMicClose' in 'cellMic' module
LDR: W Unimplemented function 'cellMicEnd' in 'cellMic' module
LDR: W Unimplemented function 'cellMicStart' in 'cellMic' module
LDR: W Unimplemented function 'cellMicStop' in 'cellMic' module
LDR: ! Imported function 'cellOvisGetOverlayTableSize' in 'cellOvis' module
LDR: ! Imported function 'cellOvisInitializeOverlayTable' in 'cellOvis' module
LDR: ! Imported function 'cellPadInit' in 'sys_io' module
LDR: ! Imported function 'cellPadEnd' in 'sys_io' module
LDR: ! Imported function 'cellPadSetPortSetting' in 'sys_io' module
LDR: ! Imported function 'cellPadGetData' in 'sys_io' module
LDR: ! Imported function 'cellPadGetInfo2' in 'sys_io' module
LDR: ! Imported function 'cellPadSetActDirect' in 'sys_io' module
LDR: ! Imported function 'cellFsRmdir' in 'sys_fs' module
LDR: ! Imported function 'cellFsClose' in 'sys_fs' module
LDR: ! Imported function 'cellFsOpendir' in 'sys_fs' module
LDR: ! Imported function 'cellFsRead' in 'sys_fs' module
LDR: ! Imported function 'cellFsReaddir' in 'sys_fs' module
LDR: ! Imported function 'cellFsSdataOpenByFd' in 'sys_fs' module
LDR: ! Imported function 'cellFsOpen' in 'sys_fs' module
LDR: ! Imported function 'cellFsStat' in 'sys_fs' module
LDR: ! Imported function 'cellFsUnlink' in 'sys_fs' module
LDR: ! Imported function 'cellFsFsync' in 'sys_fs' module
LDR: ! Imported function 'cellFsChmod' in 'sys_fs' module
LDR: ! Imported function 'cellFsGetDirectoryEntries' in 'sys_fs' module
LDR: ! Imported function 'cellFsLseek' in 'sys_fs' module
LDR: ! Imported function 'cellFsGetFreeSize' in 'sys_fs' module
LDR: ! Imported function 'cellFsSdataOpen' in 'sys_fs' module
LDR: ! Imported function 'cellFsMkdir' in 'sys_fs' module
LDR: ! Imported function 'cellFsWrite' in 'sys_fs' module
LDR: ! Imported function 'cellFsFstat' in 'sys_fs' module
LDR: ! Imported function 'cellFsClosedir' in 'sys_fs' module
LDR: ! Imported function 'sys_net_initialize_network_ex' in 'sys_net' module
LDR: ! Imported function 'recvfrom' in 'sys_net' module
LDR: ! Imported function 'listen' in 'sys_net' module
LDR: W Unimplemented function 'socketselect' in 'sys_net' module
LDR: ! Imported function '_sys_net_errno_loc' in 'sys_net' module
LDR: ! Imported function 'connect' in 'sys_net' module
LDR: ! Imported function 'socketclose' in 'sys_net' module
LDR: W Unimplemented function 'gethostbyname' in 'sys_net' module
LDR: ! Imported function 'setsockopt' in 'sys_net' module
LDR: ! Imported function 'sendto' in 'sys_net' module
LDR: ! Imported function 'socket' in 'sys_net' module
LDR: ! Imported function 'bind' in 'sys_net' module
LDR: ! Imported function 'sys_net_finalize_network' in 'sys_net' module
LDR: ! Imported function 'accept' in 'sys_net' module
LDR: ! Imported function 'inet_addr' in 'sys_net' module
LDR: ! Imported function 'send' in 'sys_net' module
LDR: W Unimplemented function 'gethostbyaddr' in 'sys_net' module
LDR: ! Imported function 'recv' in 'sys_net' module
LDR: ! Imported function 'cellSysmoduleUnloadModule' in 'cellSysmodule' module
LDR: ! Imported function 'cellSysmoduleLoadModule' in 'cellSysmodule' module
LDR: ! Imported function 'cellSysmoduleIsLoaded' in 'cellSysmodule' module
LDR: ! Imported function 'cellSysmoduleInitialize' in 'cellSysmodule' module
LDR: ! Imported function 'sceNpTrophyRegisterContext' in 'sceNpTrophy' module
LDR: ! Imported function 'sceNpTrophyCreateHandle' in 'sceNpTrophy' module
LDR: ! Imported function 'sceNpTrophyGetRequiredDiskSpace' in 'sceNpTrophy' module
LDR: ! Imported function 'sceNpTrophyDestroyContext' in 'sceNpTrophy' module
LDR: ! Imported function 'sceNpTrophyInit' in 'sceNpTrophy' module
LDR: ! Imported function 'sceNpTrophyDestroyHandle' in 'sceNpTrophy' module
LDR: ! Imported function 'sceNpTrophyUnlockTrophy' in 'sceNpTrophy' module
LDR: ! Imported function 'sceNpTrophyTerm' in 'sceNpTrophy' module
LDR: ! Imported function 'sceNpTrophyCreateContext' in 'sceNpTrophy' module
LDR: ! Imported function 'cellGameGetParamString' in 'cellGame' module
LDR: ! Imported function 'cellGameContentPermit' in 'cellGame' module
LDR: ! Imported function 'cellGameDataCheck' in 'cellGame' module
LDR: ! Imported function 'cellGameBootCheck' in 'cellGame' module
LDR: W Unimplemented function 'sceNpMatching2DestroyContext' in 'sceNp2' module
LDR: W Unimplemented function 'sceNpMatching2GetWorldInfoList' in 'sceNp2' module
LDR: W Unimplemented function 'sceNpMatching2SearchRoom' in 'sceNp2' module
LDR: W Unimplemented function 'sceNpMatching2SignalingGetConnectionStatus' in 'sceNp2' module
LDR: W Unimplemented function 'sceNpMatching2Term2' in 'sceNp2' module
LDR: W Unimplemented function 'sceNpMatching2GetServerInfo' in 'sceNp2' module
LDR: W Unimplemented function 'sceNpMatching2GetEventData' in 'sceNp2' module
LDR: W Unimplemented function 'sceNp2Init' in 'sceNp2' module
LDR: W Unimplemented function 'sceNpMatching2AbortContextStart' in 'sceNp2' module
LDR: W Unimplemented function 'sceNpMatching2JoinRoom' in 'sceNp2' module
LDR: W Unimplemented function 'sceNpMatching2ContextStartAsync' in 'sceNp2' module
LDR: W Unimplemented function 'sceNpMatching2RegisterContextCallback' in 'sceNp2' module
LDR: W Unimplemented function 'sceNpMatching2GetServerIdListLocal' in 'sceNp2' module
LDR: W Unimplemented function 'sceNpMatching2CreateContext' in 'sceNp2' module
LDR: W Unimplemented function 'sceNpMatching2ClearEventData' in 'sceNp2' module
LDR: W Unimplemented function 'sceNp2Term' in 'sceNp2' module
LDR: W Unimplemented function 'sceNpMatching2SetDefaultRequestOptParam' in 'sceNp2' module
LDR: W Unimplemented function 'sceNpMatching2RegisterRoomEventCallback' in 'sceNp2' module
LDR: W Unimplemented function 'sceNpMatching2CreateJoinRoom' in 'sceNp2' module
LDR: W Unimplemented function 'sceNpMatching2ContextStop' in 'sceNp2' module
LDR: W Unimplemented function 'sceNpMatching2Init2' in 'sceNp2' module
LDR: W Unknown module 'cellSysutilAvc2'
LDR: ! Imported function 'cellSysutilAvc2StopStreaming' in 'cellSysutilAvc2' module
LDR: ! Imported function 'cellSysutilAvc2UnloadAsync' in 'cellSysutilAvc2' module
LDR: ! Imported function 'cellSysutilAvc2LoadAsync' in 'cellSysutilAvc2' module
LDR: ! Imported function 'cellSysutilAvc2JoinChatRequest' in 'cellSysutilAvc2' module
LDR: ! Imported function 'cellSysutilAvc2StartStreaming' in 'cellSysutilAvc2' module
LDR: ! Imported function 'cellSysutilAvc2InitParam' in 'cellSysutilAvc2' module
LDR: ! Imported function 'cellSysutilAvc2LeaveChatRequest' in 'cellSysutilAvc2' module
LDR: ! Imported function 'L10nConvertStr' in 'cellL10n' module
LDR: ! Imported function 'cellNetCtlNetStartDialogLoadAsync' in 'cellNetCtl' module
LDR: ! Imported function 'cellNetCtlAddHandler' in 'cellNetCtl' module
LDR: ! Imported function 'cellNetCtlNetStartDialogUnloadAsync' in 'cellNetCtl' module
LDR: ! Imported function 'cellNetCtlTerm' in 'cellNetCtl' module
LDR: ! Imported function 'cellNetCtlGetState' in 'cellNetCtl' module
LDR: ! Imported function 'cellNetCtlDelHandler' in 'cellNetCtl' module
LDR: ! Imported function 'cellNetCtlInit' in 'cellNetCtl' module
LDR: ! Imported function 'cellSailGraphicsAdapterGetFrame' in 'cellSail' module
LDR: ! Imported function 'cellSailDescriptorCreateDatabase' in 'cellSail' module
LDR: ! Imported function 'cellSailFutureReset' in 'cellSail' module
LDR: ! Imported function 'cellSailPlayerSetSoundAdapter' in 'cellSail' module
LDR: ! Imported function 'cellSailGraphicsAdapterPtsToTimePosition' in 'cellSail' module
LDR: ! Imported function 'cellSailPlayerFinalize' in 'cellSail' module
LDR: ! Imported function 'cellSailPlayerSetGraphicsAdapter' in 'cellSail' module
LDR: ! Imported function 'cellSailGraphicsAdapterInitialize' in 'cellSail' module
LDR: ! Imported function 'cellSailSoundAdapterSetPreferredFormat' in 'cellSail' module
LDR: ! Imported function 'cellSailPlayerInitialize2' in 'cellSail' module
LDR: ! Imported function 'cellSailDescriptorDestroyDatabase' in 'cellSail' module
LDR: ! Imported function 'cellSailGraphicsAdapterSetPreferredFormat' in 'cellSail' module
LDR: ! Imported function 'cellSailMemAllocatorInitialize' in 'cellSail' module
LDR: ! Imported function 'cellSailPlayerOpenStream' in 'cellSail' module
LDR: ! Imported function 'cellSailFutureGet' in 'cellSail' module
LDR: ! Imported function 'cellSailSoundAdapterInitialize' in 'cellSail' module
LDR: ! Imported function 'cellSailGraphicsAdapterUpdateAvSync' in 'cellSail' module
LDR: ! Imported function 'cellSailSoundAdapterPtsToTimePosition' in 'cellSail' module
LDR: ! Imported function 'cellSailFutureInitialize' in 'cellSail' module
LDR: ! Imported function 'cellSailMp4MovieGetMovieInfo' in 'cellSail' module
LDR: ! Imported function 'cellSailPlayerSetParameter' in 'cellSail' module
LDR: ! Imported function 'cellSailAviMovieGetMovieInfo' in 'cellSail' module
LDR: ! Imported function 'cellSailGraphicsAdapterFinalize' in 'cellSail' module
LDR: ! Imported function 'cellSailPlayerAddDescriptor' in 'cellSail' module
LDR: ! Imported function 'cellSailSoundAdapterGetFrame' in 'cellSail' module
LDR: ! Imported function 'cellSailFutureFinalize' in 'cellSail' module
LDR: ! Imported function 'cellSailFutureSet' in 'cellSail' module
LDR: ! Imported function 'cellSailPlayerBoot' in 'cellSail' module
LDR: ! Imported function 'cellSailSoundAdapterFinalize' in 'cellSail' module
LDR: ! Imported function 'cellSailPlayerSetPaused' in 'cellSail' module
LDR: ! Imported function 'cellSailPlayerCreateDescriptor' in 'cellSail' module
LDR: ! Imported function 'cellSailPlayerStart' in 'cellSail' module
LDR: ! Imported function 'cellSailPlayerStop' in 'cellSail' module
LDR: ! Imported function 'cellSailSoundAdapterUpdateAvSync' in 'cellSail' module
LDR: ! Imported function 'cellSailSoundAdapterGetFormat' in 'cellSail' module
LDR: ! Imported function 'cellSailPlayerSetRepeatMode' in 'cellSail' module
LDR: ! Imported function 'cellSailPlayerDestroyDescriptor' in 'cellSail' module
LDR: ! Imported function 'cellSailGraphicsAdapterGetFormat' in 'cellSail' module
LDR: ! Imported function 'cellSpursQueueDetachLv2EventQueue' in 'cellSpurs' module
LDR: ! Imported function 'cellSpursAttributeSetNamePrefix' in 'cellSpurs' module
LDR: ! Imported function '_cellSpursQueueInitialize' in 'cellSpurs' module
LDR: ! Imported function 'cellSpursAttributeEnableSpuPrintfIfAvailable' in 'cellSpurs' module
LDR: ! Imported function '_cellSpursTasksetAttributeInitialize' in 'cellSpurs' module
LDR: ! Imported function 'cellSpursEventFlagDetachLv2EventQueue' in 'cellSpurs' module
LDR: ! Imported function 'cellSpursCreateJobChainWithAttribute' in 'cellSpurs' module
LDR: ! Imported function 'cellSpursInitializeWithAttribute2' in 'cellSpurs' module
LDR: ! Imported function '_cellSpursJobChainAttributeInitialize' in 'cellSpurs' module
LDR: ! Imported function 'cellSpursEventFlagWait' in 'cellSpurs' module
LDR: ! Imported function '_cellSpursEventFlagInitialize' in 'cellSpurs' module
LDR: ! Imported function 'cellSpursTasksetAttributeSetName' in 'cellSpurs' module
LDR: ! Imported function 'cellSpursJobGuardInitialize' in 'cellSpurs' module
LDR: ! Imported function 'cellSpursShutdownJobChain' in 'cellSpurs' module
LDR: ! Imported function 'cellSpursEventFlagAttachLv2EventQueue' in 'cellSpurs' module
LDR: ! Imported function 'cellSpursQueuePopBody' in 'cellSpurs' module
LDR: ! Imported function 'cellSpursQueuePushBody' in 'cellSpurs' module
LDR: ! Imported function '_cellSpursAttributeInitialize' in 'cellSpurs' module
LDR: ! Imported function 'cellSpursJoinTaskset' in 'cellSpurs' module
LDR: ! Imported function 'cellSpursShutdownTaskset' in 'cellSpurs' module
LDR: ! Imported function 'cellSpursJoinJobChain' in 'cellSpurs' module
LDR: ! Imported function 'cellSpursInitializeWithAttribute' in 'cellSpurs' module
LDR: ! Imported function 'cellSpursInitialize' in 'cellSpurs' module
LDR: ! Imported function 'cellSpursAttachLv2EventQueue' in 'cellSpurs' module
LDR: ! Imported function 'cellSpursCreateTask' in 'cellSpurs' module
LDR: ! Imported function 'cellSpursCreateTasksetWithAttribute' in 'cellSpurs' module
LDR: ! Imported function 'cellSpursFinalize' in 'cellSpurs' module
LDR: ! Imported function 'cellSpursJobGuardNotify' in 'cellSpurs' module
LDR: ! Imported function 'cellSpursQueueAttachLv2EventQueue' in 'cellSpurs' module
LDR: ! Imported function 'cellSpursRunJobChain' in 'cellSpurs' module
LDR: ! Imported function 'cellSpursEventFlagSet' in 'cellSpurs' module
LDR: ! Imported function 'cellSpursJobQueueAttributeSetDoBusyWaiting' in 'cellSpursJq' module
LDR: ! Imported function 'cellSpursJobQueueAttributeSetSubmitWithEntryLock' in 'cellSpursJq' module
LDR: ! Imported function 'cellSpursJobQueueAttributeSetMaxSizeJobDescriptor' in 'cellSpursJq' module
LDR: ! Imported function 'cellSpursJobQueueAttributeInitialize' in 'cellSpursJq' module
LDR: ! Imported function 'cellSpursJobQueueAttributeSetIsJobTypeMemoryCheck' in 'cellSpursJq' module
LDR: ! Imported function 'cellSpursShutdownJobQueue' in 'cellSpursJq' module
LDR: ! Imported function 'cellSpursJoinJobQueue' in 'cellSpursJq' module
LDR: ! Imported function '_cellSpursCreateJobQueueWithJobDescriptorPool' in 'cellSpursJq' module
LDR: ! Imported function '_cellSpursJobQueuePort2CopyPushJobBody' in 'cellSpursJq' module
LDR: ! Imported function 'cellSpursJobQueuePort2Destroy' in 'cellSpursJq' module
LDR: ! Imported function 'cellSpursJobQueueAttributeSetGrabParameters' in 'cellSpursJq' module
LDR: ! Imported function 'cellSpursJobQueuePort2Create' in 'cellSpursJq' module
LDR: ! Imported function 'cellSpursJobQueuePort2Sync' in 'cellSpursJq' module
LDR: ! Imported function 'cellSpursJobQueueAttributeSetIsHaltOnError' in 'cellSpursJq' module
LDR: ! Imported function 'sys_lwmutex_lock' in 'sysPrxForUser' module
LDR: ! Imported function 'sys_lwmutex_unlock' in 'sysPrxForUser' module
LDR: ! Imported function 'sys_lwcond_destroy' in 'sysPrxForUser' module
LDR: ! Imported function 'sys_ppu_thread_create' in 'sysPrxForUser' module
LDR: ! Imported function 'sys_prx_load_module' in 'sysPrxForUser' module
LDR: ! Imported function 'sys_lwcond_wait' in 'sysPrxForUser' module
LDR: ! Imported function '_sys_process_atexitspawn' in 'sysPrxForUser' module
LDR: ! Imported function 'sys_lwmutex_create' in 'sysPrxForUser' module
LDR: ! Imported function 'sys_ppu_thread_get_id' in 'sysPrxForUser' module
LDR: ! Imported function 'sys_prx_register_library' in 'sysPrxForUser' module
LDR: ! Imported function 'Unknown func id: 0x4f7172c9' in 'sysPrxForUser' module
LDR: ! Imported function 'sys_initialize_tls' in 'sysPrxForUser' module
LDR: ! Imported function 'sys_time_get_system_time' in 'sysPrxForUser' module
LDR: ! Imported function '_sys_process_at_Exitspawn' in 'sysPrxForUser' module
LDR: ! Imported function 'sys_prx_exitspawn_with_level' in 'sysPrxForUser' module
LDR: W Unimplemented function 'sys_prx_load_module_on_memcontainer_by_fd' in 'sysPrxForUser' module
LDR: ! Imported function 'sys_prx_load_module_on_memcontainer' in 'sysPrxForUser' module
LDR: ! Imported function 'sys_lwmutex_trylock' in 'sysPrxForUser' module
LDR: ! Imported function 'sys_ppu_thread_exit' in 'sysPrxForUser' module
LDR: ! Imported function 'sys_mmapper_allocate_memory' in 'sysPrxForUser' module
LDR: ! Imported function 'sys_lwmutex_destroy' in 'sysPrxForUser' module
LDR: ! Imported function 'sys_lwcond_create' in 'sysPrxForUser' module
LDR: ! Imported function 'sys_mmapper_map_memory' in 'sysPrxForUser' module
LDR: ! Imported function 'sys_spu_image_close' in 'sysPrxForUser' module
LDR: ! Imported function 'sys_process_exit' in 'sysPrxForUser' module
LDR: ! Imported function 'sys_lwcond_signal_all' in 'sysPrxForUser' module
LDR: ! Imported function 'sys_spu_image_import' in 'sysPrxForUser' module
LDR: W Unimplemented function 'sys_prx_load_module_by_fd' in 'sysPrxForUser' module
LDR: ! Imported function 'sys_lwcond_signal' in 'sysPrxForUser' module
HLE: W {PPU[1] Thread (CPUThread)[0x010c1058]} sys_lwmutex warning: sys_lwmutex_create(lwmutex_addr=0x107ba10, attr_addr=0x873e14)
HLE: ! {PPU[1] Thread (CPUThread)[0x010c1058]} sys_lwmutex: *** lwmutex created [_lc_mtx] (attribute=0x12): sq_id = 3
HLE: W {PPU[1] Thread (CPUThread)[0x006f189c]} sys_memory warning: sys_memory_get_user_memory_size(mem_info_addr=0xd000fc04)
HLE: W {PPU[1] Thread (CPUThread)[0x010c1058]} sys_lwmutex warning: sys_lwmutex_create(lwmutex_addr=0x107b818, attr_addr=0x873e14)
HLE: ! {PPU[1] Thread (CPUThread)[0x010c1058]} sys_lwmutex: *** lwmutex created [_lc_mtx] (attribute=0x12): sq_id = 4
HLE: W {PPU[1] Thread (CPUThread)[0x010c1058]} sys_lwmutex warning: sys_lwmutex_create(lwmutex_addr=0x107afa0, attr_addr=0x873e14)
HLE: ! {PPU[1] Thread (CPUThread)[0x010c1058]} sys_lwmutex: *** lwmutex created [_lc_mtx] (attribute=0x12): sq_id = 5
HLE: W {PPU[1] Thread (CPUThread)[0x010c1058]} sys_lwmutex warning: sys_lwmutex_create(lwmutex_addr=0x107afc8, attr_addr=0x873e14)
HLE: ! {PPU[1] Thread (CPUThread)[0x010c1058]} sys_lwmutex: *** lwmutex created [_lc_mtx] (attribute=0x12): sq_id = 6
HLE: W {PPU[1] Thread (CPUThread)[0x010c1058]} sys_lwmutex warning: sys_lwmutex_create(lwmutex_addr=0x107aff0, attr_addr=0x873e14)
HLE: ! {PPU[1] Thread (CPUThread)[0x010c1058]} sys_lwmutex: *** lwmutex created [_lc_mtx] (attribute=0x12): sq_id = 7
HLE: W {PPU[1] Thread (CPUThread)[0x010c1058]} sys_lwmutex warning: sys_lwmutex_create(lwmutex_addr=0x107aed8, attr_addr=0x873e14)
HLE: ! {PPU[1] Thread (CPUThread)[0x010c1058]} sys_lwmutex: *** lwmutex created [_lc_mtx] (attribute=0x12): sq_id = 8
HLE: W {PPU[1] Thread (CPUThread)[0x010c1058]} sys_lwmutex warning: sys_lwmutex_create(lwmutex_addr=0x107af00, attr_addr=0x873e14)
HLE: ! {PPU[1] Thread (CPUThread)[0x010c1058]} sys_lwmutex: *** lwmutex created [_lc_mtx] (attribute=0x12): sq_id = 9
HLE: W {PPU[1] Thread (CPUThread)[0x010c1058]} sys_lwmutex warning: sys_lwmutex_create(lwmutex_addr=0x107af28, attr_addr=0x873e14)
HLE: ! {PPU[1] Thread (CPUThread)[0x010c1058]} sys_lwmutex: *** lwmutex created [_lc_mtx] (attribute=0x12): sq_id = 10
HLE: W {PPU[1] Thread (CPUThread)[0x010c1058]} sys_lwmutex warning: sys_lwmutex_create(lwmutex_addr=0x107af50, attr_addr=0x873e14)
HLE: ! {PPU[1] Thread (CPUThread)[0x010c1058]} sys_lwmutex: *** lwmutex created [_lc_mtx] (attribute=0x12): sq_id = 11
HLE: W {PPU[1] Thread (CPUThread)[0x010c1058]} sys_lwmutex warning: sys_lwmutex_create(lwmutex_addr=0x107af78, attr_addr=0x873e14)
HLE: ! {PPU[1] Thread (CPUThread)[0x010c1058]} sys_lwmutex: *** lwmutex created [_lc_mtx] (attribute=0x12): sq_id = 12
HLE: W {PPU[1] Thread (CPUThread)[0x010c1058]} sys_lwmutex warning: sys_lwmutex_create(lwmutex_addr=0xa9d730, attr_addr=0xd000fbe0)
HLE: ! {PPU[1] Thread (CPUThread)[0x010c1058]} sys_lwmutex: *** lwmutex created [] (attribute=0x22): sq_id = 13
HLE: W {PPU[1] Thread (CPUThread)[0x010ad010]} cellSysmodule warning: cellSysmoduleLoadModule(CELL_SYSMODULE_NET)
HLE: W {PPU[1] Thread (CPUThread)[0x010ad010]} cellSysmodule warning: cellSysmoduleLoadModule(CELL_SYSMODULE_L10N)
HLE: W {PPU[1] Thread (CPUThread)[0x0003ef6c]} sys_mmapper warning: sys_mmapper_allocate_fixed_address
HLE: W {PPU[1] Thread (CPUThread)[0x010c10e8]} sys_mmapper warning: sys_mmapper_allocate_memory(size=0x800000, flags=0x400, mem_id_addr=0xd000fa00)
HLE: W {PPU[1] Thread (CPUThread)[0x010c110c]} sys_mmapper warning: sys_mmapper_map_memory(start_addr=0xbf800000, mem_id=0xe, flags=0x40000)
MEM: W {PPU[1] Thread (CPUThread)[0x010c110c]} MemoryBase::Map(0xbf800000, 0x800000)
HLE: W {PPU[1] Thread (CPUThread)[0x010c1058]} sys_lwmutex warning: sys_lwmutex_create(lwmutex_addr=0x1078ca0, attr_addr=0xd000fbf0)
HLE: ! {PPU[1] Thread (CPUThread)[0x010c1058]} sys_lwmutex: *** lwmutex created [] (attribute=0x12): sq_id = 15
HLE: W {PPU[1] Thread (CPUThread)[0x010c1058]} sys_lwmutex warning: sys_lwmutex_create(lwmutex_addr=0x105da40, attr_addr=0xd000fb50)
HLE: ! {PPU[1] Thread (CPUThread)[0x010c1058]} sys_lwmutex: *** lwmutex created [ps3HDDL] (attribute=0x12): sq_id = 16
HLE: W {PPU[1] Thread (CPUThread)[0x006e382c]} sys_time warning: sys_time_get_timezone(timezone_addr=0xd000fb20, summertime_addr=0xd000fb24)
HLE: W {PPU[1] Thread (CPUThread)[0x006e382c]} cellSysutil warning: cellSysutilGetSystemParamInt: CELL_SYSUTIL_SYSTEMPARAM_ID_TIMEZONE
HLE: W {PPU[1] Thread (CPUThread)[0x006e382c]} cellSysutil warning: cellSysutilGetSystemParamInt: CELL_SYSUTIL_SYSTEMPARAM_ID_SUMMERTIME
HLE: W {PPU[1] Thread (CPUThread)[0x006e9fc4]} sys_time warning: sys_time_get_timezone(timezone_addr=0xd000fa70, summertime_addr=0xd000fa74)
HLE: W {PPU[1] Thread (CPUThread)[0x006e9fc4]} cellSysutil warning: cellSysutilGetSystemParamInt: CELL_SYSUTIL_SYSTEMPARAM_ID_TIMEZONE
HLE: W {PPU[1] Thread (CPUThread)[0x006e9fc4]} cellSysutil warning: cellSysutilGetSystemParamInt: CELL_SYSUTIL_SYSTEMPARAM_ID_SUMMERTIME
HLE: W {PPU[1] Thread (CPUThread)[0x006e529c]} sys_time warning: sys_time_get_timezone(timezone_addr=0xd000fb20, summertime_addr=0xd000fb24)
HLE: W {PPU[1] Thread (CPUThread)[0x006e529c]} cellSysutil warning: cellSysutilGetSystemParamInt: CELL_SYSUTIL_SYSTEMPARAM_ID_TIMEZONE
HLE: W {PPU[1] Thread (CPUThread)[0x006e529c]} cellSysutil warning: cellSysutilGetSystemParamInt: CELL_SYSUTIL_SYSTEMPARAM_ID_SUMMERTIME
HLE: W {PPU[1] Thread (CPUThread)[0x006e9fc4]} sys_time warning: sys_time_get_timezone(timezone_addr=0xd000fa70, summertime_addr=0xd000fa74)
HLE: W {PPU[1] Thread (CPUThread)[0x006e9fc4]} cellSysutil warning: cellSysutilGetSystemParamInt: CELL_SYSUTIL_SYSTEMPARAM_ID_TIMEZONE
HLE: W {PPU[1] Thread (CPUThread)[0x006e9fc4]} cellSysutil warning: cellSysutilGetSystemParamInt: CELL_SYSUTIL_SYSTEMPARAM_ID_SUMMERTIME
HLE: W {PPU[1] Thread (CPUThread)[0x006e37d8]} sys_time warning: sys_time_get_timezone(timezone_addr=0xd000fb20, summertime_addr=0xd000fb24)
HLE: W {PPU[1] Thread (CPUThread)[0x006e37d8]} cellSysutil warning: cellSysutilGetSystemParamInt: CELL_SYSUTIL_SYSTEMPARAM_ID_TIMEZONE
HLE: W {PPU[1] Thread (CPUThread)[0x006e37d8]} cellSysutil warning: cellSysutilGetSystemParamInt: CELL_SYSUTIL_SYSTEMPARAM_ID_SUMMERTIME
HLE: W {PPU[1] Thread (CPUThread)[0x006e529c]} sys_time warning: sys_time_get_timezone(timezone_addr=0xd000fb20, summertime_addr=0xd000fb24)
HLE: W {PPU[1] Thread (CPUThread)[0x006e529c]} cellSysutil warning: cellSysutilGetSystemParamInt: CELL_SYSUTIL_SYSTEMPARAM_ID_TIMEZONE
HLE: W {PPU[1] Thread (CPUThread)[0x006e529c]} cellSysutil warning: cellSysutilGetSystemParamInt: CELL_SYSUTIL_SYSTEMPARAM_ID_SUMMERTIME
HLE: W {PPU[1] Thread (CPUThread)[0x010c1058]} sys_lwmutex warning: sys_lwmutex_create(lwmutex_addr=0xfd4b40, attr_addr=0xd000fbf0)
HLE: ! {PPU[1] Thread (CPUThread)[0x010c1058]} sys_lwmutex: *** lwmutex created [] (attribute=0x22): sq_id = 17
HLE: W {PPU[1] Thread (CPUThread)[0x010c1058]} sys_lwmutex warning: sys_lwmutex_create(lwmutex_addr=0xfd1de0, attr_addr=0xd000fbd0)
HLE: ! {PPU[1] Thread (CPUThread)[0x010c1058]} sys_lwmutex: *** lwmutex created [] (attribute=0x22): sq_id = 18
HLE: W {PPU[1] Thread (CPUThread)[0x010c1058]} sys_lwmutex warning: sys_lwmutex_create(lwmutex_addr=0xfd1e00, attr_addr=0xd000fbc0)
HLE: ! {PPU[1] Thread (CPUThread)[0x010c1058]} sys_lwmutex: *** lwmutex created [] (attribute=0x22): sq_id = 19
HLE: W {PPU[1] Thread (CPUThread)[0x010c1058]} sys_lwmutex warning: sys_lwmutex_create(lwmutex_addr=0xfd1e20, attr_addr=0xd000fbb0)
HLE: ! {PPU[1] Thread (CPUThread)[0x010c1058]} sys_lwmutex: *** lwmutex created [] (attribute=0x22): sq_id = 20
HLE: W {PPU[1] Thread (CPUThread)[0x010c1058]} sys_lwmutex warning: sys_lwmutex_create(lwmutex_addr=0xfd11e0, attr_addr=0xd000fbd0)
HLE: ! {PPU[1] Thread (CPUThread)[0x010c1058]} sys_lwmutex: *** lwmutex created [] (attribute=0x22): sq_id = 21
HLE: W {PPU[1] Thread (CPUThread)[0x010c1058]} sys_lwmutex warning: sys_lwmutex_create(lwmutex_addr=0xfd1208, attr_addr=0xd000fbc0)
HLE: ! {PPU[1] Thread (CPUThread)[0x010c1058]} sys_lwmutex: *** lwmutex created [] (attribute=0x22): sq_id = 22
HLE: W {PPU[1] Thread (CPUThread)[0x010c1058]} sys_lwmutex warning: sys_lwmutex_create(lwmutex_addr=0xfd1230, attr_addr=0xd000fbb0)
HLE: ! {PPU[1] Thread (CPUThread)[0x010c1058]} sys_lwmutex: *** lwmutex created [] (attribute=0x22): sq_id = 23
HLE: W {PPU[1] Thread (CPUThread)[0x010c1058]} sys_lwmutex warning: sys_lwmutex_create(lwmutex_addr=0xfd1258, attr_addr=0xd000fba0)
HLE: ! {PPU[1] Thread (CPUThread)[0x010c1058]} sys_lwmutex: *** lwmutex created [] (attribute=0x22): sq_id = 24
HLE: W {PPU[1] Thread (CPUThread)[0x010c1058]} sys_lwmutex warning: sys_lwmutex_create(lwmutex_addr=0xab9f38, attr_addr=0xd000fb70)
HLE: ! {PPU[1] Thread (CPUThread)[0x010c1058]} sys_lwmutex: *** lwmutex created [] (attribute=0x22): sq_id = 25
HLE: W {PPU[1] Thread (CPUThread)[0x010c1058]} sys_lwmutex warning: sys_lwmutex_create(lwmutex_addr=0xab5080, attr_addr=0xd000fbf0)
HLE: ! {PPU[1] Thread (CPUThread)[0x010c1058]} sys_lwmutex: *** lwmutex created [] (attribute=0x22): sq_id = 26
HLE: W {PPU[1] Thread (CPUThread)[0x010c1058]} sys_lwmutex warning: sys_lwmutex_create(lwmutex_addr=0xab4fa0, attr_addr=0xd000fbf0)
HLE: ! {PPU[1] Thread (CPUThread)[0x010c1058]} sys_lwmutex: *** lwmutex created [] (attribute=0x22): sq_id = 27
HLE: W {PPU[1] Thread (CPUThread)[0x00a2f0c4]} cellSysutil warning: cellSysutilRegisterCallback(slot=0, func_addr=0xa3efa0, userdata=0xa7515c)
HLE: W {PPU[1] Thread (CPUThread)[0x0003f384]} sys_event warning: sys_event_port_create(eport_id_addr=0xab4edc, port_type=0x1, name=0x0)
HLE: W {PPU[1] Thread (CPUThread)[0x0003f384]} sys_event warning: *** sys_event_port created: id = 28
HLE: W {PPU[1] Thread (CPUThread)[0x0003f3b8]} sys_event warning: sys_event_queue_create(equeue_id_addr=0xab4ee0, attr_addr=0xd000f680, event_queue_key=0x0, size=10)
HLE: W {PPU[1] Thread (CPUThread)[0x0003f3b8]} sys_event warning: *** event_queue created [] (protocol=0x2, type=0x1, key=0x0, size=0xa): id = 29
HLE: W {PPU[1] Thread (CPUThread)[0x0003f3c8]} sys_event warning: sys_event_port_connect_local(eport_id=28, equeue_id=29)
HLE: W {PPU[1] Thread (CPUThread)[0x0003f384]} sys_event warning: sys_event_port_create(eport_id_addr=0xab4ee8, port_type=0x1, name=0x0)
HLE: W {PPU[1] Thread (CPUThread)[0x0003f384]} sys_event warning: *** sys_event_port created: id = 30
HLE: W {PPU[1] Thread (CPUThread)[0x0003f3b8]} sys_event warning: sys_event_queue_create(equeue_id_addr=0xab4eec, attr_addr=0xd000f680, event_queue_key=0x0, size=10)
HLE: W {PPU[1] Thread (CPUThread)[0x0003f3b8]} sys_event warning: *** event_queue created [] (protocol=0x2, type=0x1, key=0x0, size=0xa): id = 31
HLE: W {PPU[1] Thread (CPUThread)[0x0003f3c8]} sys_event warning: sys_event_port_connect_local(eport_id=30, equeue_id=31)
HLE: W {PPU[1] Thread (CPUThread)[0x0003f384]} sys_event warning: sys_event_port_create(eport_id_addr=0xab4ef4, port_type=0x1, name=0x0)
HLE: W {PPU[1] Thread (CPUThread)[0x0003f384]} sys_event warning: *** sys_event_port created: id = 32
HLE: W {PPU[1] Thread (CPUThread)[0x0003f3b8]} sys_event warning: sys_event_queue_create(equeue_id_addr=0xab4ef8, attr_addr=0xd000f680, event_queue_key=0x0, size=10)
HLE: W {PPU[1] Thread (CPUThread)[0x0003f3b8]} sys_event warning: *** event_queue created [] (protocol=0x2, type=0x1, key=0x0, size=0xa): id = 33
HLE: W {PPU[1] Thread (CPUThread)[0x0003f3c8]} sys_event warning: sys_event_port_connect_local(eport_id=32, equeue_id=33)
HLE: W {PPU[1] Thread (CPUThread)[0x0003f384]} sys_event warning: sys_event_port_create(eport_id_addr=0xab4f00, port_type=0x1, name=0x0)
HLE: W {PPU[1] Thread (CPUThread)[0x0003f384]} sys_event warning: *** sys_event_port created: id = 34
HLE: W {PPU[1] Thread (CPUThread)[0x0003f3b8]} sys_event warning: sys_event_queue_create(equeue_id_addr=0xab4f04, attr_addr=0xd000f680, event_queue_key=0x0, size=10)
HLE: W {PPU[1] Thread (CPUThread)[0x0003f3b8]} sys_event warning: *** event_queue created [] (protocol=0x2, type=0x1, key=0x0, size=0xa): id = 35
HLE: W {PPU[1] Thread (CPUThread)[0x0003f3c8]} sys_event warning: sys_event_port_connect_local(eport_id=34, equeue_id=35)
HLE: W {PPU[1] Thread (CPUThread)[0x0003f384]} sys_event warning: sys_event_port_create(eport_id_addr=0xab4f0c, port_type=0x1, name=0x0)
HLE: W {PPU[1] Thread (CPUThread)[0x0003f384]} sys_event warning: *** sys_event_port created: id = 36
HLE: W {PPU[1] Thread (CPUThread)[0x0003f3b8]} sys_event warning: sys_event_queue_create(equeue_id_addr=0xab4f10, attr_addr=0xd000f680, event_queue_key=0x0, size=10)
HLE: W {PPU[1] Thread (CPUThread)[0x0003f3b8]} sys_event warning: *** event_queue created [] (protocol=0x2, type=0x1, key=0x0, size=0xa): id = 37
HLE: W {PPU[1] Thread (CPUThread)[0x0003f3c8]} sys_event warning: sys_event_port_connect_local(eport_id=36, equeue_id=37)
HLE: ! {PPU[1] Thread (CPUThread)[0x010c1028]} sys_ppu_thread: *** New PPU Thread [worker_thread#1] (joinable, entry=0xa3f2c0): id = 38
HLE: ! {PPU[1] Thread (CPUThread)[0x010c1028]} sys_ppu_thread: *** New PPU Thread [worker_thread#2] (joinable, entry=0xa3f2c0): id = 39
HLE: W {PPU[1] Thread (CPUThread)[0x000401d8]} sys_spu warning: sys_spu_initialize(max_usable_spu=6, max_raw_spu=0)
HLE: W {PPU[1] Thread (CPUThread)[0x010bd0d0]} cellSpurs warning: _cellSpursAttributeInitialize(attr_addr=0xd000f280, revision=2, sdkVersion=0x330000, nSpus=6, spuPriority=100, ppuPriority=2, exitIfNoWork=0)
HLE: W {PPU[1] Thread (CPUThread)[0x010bd010]} cellSpurs warning: cellSpursAttributeSetNamePrefix(attr_addr=0xd000f280, prefix_addr=0x84519c, size=12)
HLE: W {PPU[1] Thread (CPUThread)[0x010bd028]} cellSpurs warning: cellSpursAttributeEnableSpuPrintfIfAvailable(attr_addr=0xd000f280)
HLE: W {PPU[1] Thread (CPUThread)[0x010bd058]} cellSpurs warning: cellSpursInitializeWithAttribute2(spurs_addr=0xab5900, attr_addr=0xd000f280)
HLE: ! {PPU[1] Thread (CPUThread)[0x010bd058]} sys_semaphore: *** semaphore created [_spuWkl] (protocol=0x2): id = 40
HLE: ! {PPU[1] Thread (CPUThread)[0x010bd058]} sys_semaphore: *** semaphore created [_spuWkl] (protocol=0x2): id = 41
HLE: ! {PPU[1] Thread (CPUThread)[0x010bd058]} sys_semaphore: *** semaphore created [_spuWkl] (protocol=0x2): id = 42
HLE: ! {PPU[1] Thread (CPUThread)[0x010bd058]} sys_semaphore: *** semaphore created [_spuWkl] (protocol=0x2): id = 43
HLE: ! {PPU[1] Thread (CPUThread)[0x010bd058]} sys_semaphore: *** semaphore created [_spuWkl] (protocol=0x2): id = 44
HLE: ! {PPU[1] Thread (CPUThread)[0x010bd058]} sys_semaphore: *** semaphore created [_spuWkl] (protocol=0x2): id = 45
HLE: ! {PPU[1] Thread (CPUThread)[0x010bd058]} sys_semaphore: *** semaphore created [_spuWkl] (protocol=0x2): id = 46
HLE: ! {PPU[1] Thread (CPUThread)[0x010bd058]} sys_semaphore: *** semaphore created [_spuWkl] (protocol=0x2): id = 47
HLE: ! {PPU[1] Thread (CPUThread)[0x010bd058]} sys_semaphore: *** semaphore created [_spuWkl] (protocol=0x2): id = 48
HLE: ! {PPU[1] Thread (CPUThread)[0x010bd058]} sys_semaphore: *** semaphore created [_spuWkl] (protocol=0x2): id = 49
HLE: ! {PPU[1] Thread (CPUThread)[0x010bd058]} sys_semaphore: *** semaphore created [_spuWkl] (protocol=0x2): id = 50
HLE: ! {PPU[1] Thread (CPUThread)[0x010bd058]} sys_semaphore: *** semaphore created [_spuWkl] (protocol=0x2): id = 51
HLE: ! {PPU[1] Thread (CPUThread)[0x010bd058]} sys_semaphore: *** semaphore created [_spuWkl] (protocol=0x2): id = 52
HLE: ! {PPU[1] Thread (CPUThread)[0x010bd058]} sys_semaphore: *** semaphore created [_spuWkl] (protocol=0x2): id = 53
HLE: ! {PPU[1] Thread (CPUThread)[0x010bd058]} sys_semaphore: *** semaphore created [_spuWkl] (protocol=0x2): id = 54
HLE: ! {PPU[1] Thread (CPUThread)[0x010bd058]} sys_semaphore: *** semaphore created [_spuWkl] (protocol=0x2): id = 55
HLE: ! {PPU[1] Thread (CPUThread)[0x010bd058]} sys_semaphore: *** semaphore created [_spuWkl] (protocol=0x2): id = 56
HLE: ! {PPU[1] Thread (CPUThread)[0x010bd058]} sys_semaphore: *** semaphore created [_spuWkl] (protocol=0x2): id = 57
HLE: ! {PPU[1] Thread (CPUThread)[0x010bd058]} sys_semaphore: *** semaphore created [_spuWkl] (protocol=0x2): id = 58
HLE: ! {PPU[1] Thread (CPUThread)[0x010bd058]} sys_semaphore: *** semaphore created [_spuWkl] (protocol=0x2): id = 59
HLE: ! {PPU[1] Thread (CPUThread)[0x010bd058]} sys_semaphore: *** semaphore created [_spuWkl] (protocol=0x2): id = 60
HLE: ! {PPU[1] Thread (CPUThread)[0x010bd058]} sys_semaphore: *** semaphore created [_spuWkl] (protocol=0x2): id = 61
HLE: ! {PPU[1] Thread (CPUThread)[0x010bd058]} sys_semaphore: *** semaphore created [_spuWkl] (protocol=0x2): id = 62
HLE: ! {PPU[1] Thread (CPUThread)[0x010bd058]} sys_semaphore: *** semaphore created [_spuWkl] (protocol=0x2): id = 63
HLE: ! {PPU[1] Thread (CPUThread)[0x010bd058]} sys_semaphore: *** semaphore created [_spuWkl] (protocol=0x2): id = 64
HLE: ! {PPU[1] Thread (CPUThread)[0x010bd058]} sys_semaphore: *** semaphore created [_spuWkl] (protocol=0x2): id = 65
HLE: ! {PPU[1] Thread (CPUThread)[0x010bd058]} sys_semaphore: *** semaphore created [_spuWkl] (protocol=0x2): id = 66
HLE: ! {PPU[1] Thread (CPUThread)[0x010bd058]} sys_semaphore: *** semaphore created [_spuWkl] (protocol=0x2): id = 67
HLE: ! {PPU[1] Thread (CPUThread)[0x010bd058]} sys_semaphore: *** semaphore created [_spuWkl] (protocol=0x2): id = 68
HLE: ! {PPU[1] Thread (CPUThread)[0x010bd058]} sys_semaphore: *** semaphore created [_spuWkl] (protocol=0x2): id = 69
HLE: ! {PPU[1] Thread (CPUThread)[0x010bd058]} sys_semaphore: *** semaphore created [_spuWkl] (protocol=0x2): id = 70
HLE: ! {PPU[1] Thread (CPUThread)[0x010bd058]} sys_semaphore: *** semaphore created [_spuWkl] (protocol=0x2): id = 71
HLE: ! {PPU[1] Thread (CPUThread)[0x010bd058]} sys_semaphore: *** semaphore created [_spuPrv] (protocol=0x2): id = 72
HLE: ! {PPU[1] Thread (CPUThread)[0x010bd058]} sys_spu: *** SPU Thread Group created [GeneralSPURSCellSpursKernelGroup] (num=6, prio=100, type=0x0, container=0): id=73
HLE: E {PPU[1] Thread (CPUThread)[0x010bd058]} sys_spu TODO: Unsupported SPU Thread options (0x2)
HLE: W {PPU[1] Thread (CPUThread)[0x010bd058]} sys_spu warning: *** New SPU Thread [GeneralSPURSCellSpursKernel0] (ep=0x0, opt=0x2, a1=0x0, a2=0x0, a3=0x0, a4=0x0): id=74
HLE: E {PPU[1] Thread (CPUThread)[0x010bd058]} sys_spu TODO: Unsupported SPU Thread options (0x2)
HLE: W {PPU[1] Thread (CPUThread)[0x010bd058]} sys_spu warning: *** New SPU Thread [GeneralSPURSCellSpursKernel1] (ep=0x0, opt=0x2, a1=0x0, a2=0x0, a3=0x0, a4=0x0): id=75
HLE: E {PPU[1] Thread (CPUThread)[0x010bd058]} sys_spu TODO: Unsupported SPU Thread options (0x2)
HLE: W {PPU[1] Thread (CPUThread)[0x010bd058]} sys_spu warning: *** New SPU Thread [GeneralSPURSCellSpursKernel2] (ep=0x0, opt=0x2, a1=0x0, a2=0x0, a3=0x0, a4=0x0): id=76
HLE: E {PPU[1] Thread (CPUThread)[0x010bd058]} sys_spu TODO: Unsupported SPU Thread options (0x2)
HLE: W {PPU[1] Thread (CPUThread)[0x010bd058]} sys_spu warning: *** New SPU Thread [GeneralSPURSCellSpursKernel3] (ep=0x0, opt=0x2, a1=0x0, a2=0x0, a3=0x0, a4=0x0): id=77
HLE: E {PPU[1] Thread (CPUThread)[0x010bd058]} sys_spu TODO: Unsupported SPU Thread options (0x2)
HLE: W {PPU[1] Thread (CPUThread)[0x010bd058]} sys_spu warning: *** New SPU Thread [GeneralSPURSCellSpursKernel4] (ep=0x0, opt=0x2, a1=0x0, a2=0x0, a3=0x0, a4=0x0): id=78
HLE: E {PPU[1] Thread (CPUThread)[0x010bd058]} sys_spu TODO: Unsupported SPU Thread options (0x2)
HLE: W {PPU[1] Thread (CPUThread)[0x010bd058]} sys_spu warning: *** New SPU Thread [GeneralSPURSCellSpursKernel5] (ep=0x0, opt=0x2, a1=0x0, a2=0x0, a3=0x0, a4=0x0): id=79
HLE: ! {PPU[1] Thread (CPUThread)[0x010bd058]} sys_lwmutex: *** lwmutex created [_spuPrv] (attribute=0x22): sq_id = 80
HLE: W {PPU[1] Thread (CPUThread)[0x010bd058]} sys_lwcond warning: *** lwcond created [_spuPrv] (lwmutex_addr=0xab66b0): id = 81
HLE: W {PPU[1] Thread (CPUThread)[0x010bd058]} sys_event warning: *** event_queue created [_spuPrv] (protocol=0x1, type=0x1, key=0x0, size=0x2a): id = 82
HLE: W {PPU[1] Thread (CPUThread)[0x010bd058]} sys_spu warning: sys_spu_thread_group_connect_event_all_threads(id=73, eq_id=82, req=0xffffffffffff0000, spup_addr=0xab59c9)
HLE: W {PPU[1] Thread (CPUThread)[0x010bd058]} sys_spu warning: *** spup -> 16
HLE: W {PPU[1] Thread (CPUThread)[0x010bd058]} sys_event warning: *** sys_event_port created: id = 83
HLE: W {PPU[1] Thread (CPUThread)[0x010bd058]} sys_event warning: sys_event_port_connect_local(eport_id=83, equeue_id=82)
HLE: ! {PPU[1] Thread (CPUThread)[0x010bd058]} sys_ppu_thread: *** New PPU Thread [GeneralSPURSSpursHdlr0] (joinable, entry=0x0): id = 84
HLE: ! {PPU[1] Thread (CPUThread)[0x010bd058]} sys_ppu_thread: *** New PPU Thread [GeneralSPURSSpursHdlr1] (joinable, entry=0x0): id = 85
HLE: E {PPU[1] Thread (CPUThread)[0x010bd058]} sys_spu TODO: sys_spu_thread_group_connect_event(id=73, eq=82, et=0x2)
HLE: W {PPU[1] Thread (CPUThread)[0x010ad010]} cellSysmodule warning: cellSysmoduleLoadModule(CELL_SYSMODULE_SPURS_JQ)
HLE: W {PPU[1] Thread (CPUThread)[0x010c10e8]} sys_mmapper warning: sys_mmapper_allocate_memory(size=0x400000, flags=0x400, mem_id_addr=0xd000f060)
HLE: W {PPU[1] Thread (CPUThread)[0x010c110c]} sys_mmapper warning: sys_mmapper_map_memory(start_addr=0xb0000000, mem_id=0x56, flags=0x40000)
MEM: W {PPU[1] Thread (CPUThread)[0x010c110c]} MemoryBase::Map(0xb0000000, 0x400000)
HLE: W {PPU[1] Thread (CPUThread)[0x010ad010]} cellSysmodule warning: cellSysmoduleLoadModule(CELL_SYSMODULE_SPURS_JQ)
HLE: E {PPU[1] Thread (CPUThread)[0x010bf028]} cellSpursJq TODO: cellSpursJobQueueAttributeInitialize
HLE: E {PPU[1] Thread (CPUThread)[0x010bf07c]} cellSpursJq TODO: cellSpursJobQueueAttributeSetGrabParameters
HLE: E {PPU[1] Thread (CPUThread)[0x010bf01c]} cellSpursJq TODO: cellSpursJobQueueAttributeSetMaxSizeJobDescriptor
HLE: E {PPU[1] Thread (CPUThread)[0x010bf010]} cellSpursJq TODO: cellSpursJobQueueAttributeSetSubmitWithEntryLock
HLE: E {PPU[1] Thread (CPUThread)[0x010bf004]} cellSpursJq TODO: cellSpursJobQueueAttributeSetDoBusyWaiting
HLE: E {PPU[1] Thread (CPUThread)[0x010bf0a0]} cellSpursJq TODO: cellSpursJobQueueAttributeSetIsHaltOnError
HLE: E {PPU[1] Thread (CPUThread)[0x010bf034]} cellSpursJq TODO: cellSpursJobQueueAttributeSetIsJobTypeMemoryCheck
HLE: E {PPU[1] Thread (CPUThread)[0x010bf058]} cellSpursJq TODO: _cellSpursCreateJobQueueWithJobDescriptorPool
HLE: E {PPU[1] Thread (CPUThread)[0x010bf088]} cellSpursJq TODO: cellSpursJobQueuePort2Create
HLE: E {PPU[1] Thread (CPUThread)[0x010bf088]} cellSpursJq TODO: cellSpursJobQueuePort2Create
HLE: E {PPU[1] Thread (CPUThread)[0x010bf088]} cellSpursJq TODO: cellSpursJobQueuePort2Create
HLE: E {PPU[1] Thread (CPUThread)[0x010bf088]} cellSpursJq TODO: cellSpursJobQueuePort2Create
HLE: E {PPU[1] Thread (CPUThread)[0x010bf088]} cellSpursJq TODO: cellSpursJobQueuePort2Create
HLE: E {PPU[1] Thread (CPUThread)[0x010bf088]} cellSpursJq TODO: cellSpursJobQueuePort2Create
HLE: E {PPU[1] Thread (CPUThread)[0x010bf088]} cellSpursJq TODO: cellSpursJobQueuePort2Create
HLE: E {PPU[1] Thread (CPUThread)[0x010bf088]} cellSpursJq TODO: cellSpursJobQueuePort2Create
HLE: E {PPU[1] Thread (CPUThread)[0x010bf088]} cellSpursJq TODO: cellSpursJobQueuePort2Create
HLE: E {PPU[1] Thread (CPUThread)[0x010bf088]} cellSpursJq TODO: cellSpursJobQueuePort2Create
HLE: E {PPU[1] Thread (CPUThread)[0x010bf088]} cellSpursJq TODO: cellSpursJobQueuePort2Create
HLE: E {PPU[1] Thread (CPUThread)[0x010bf088]} cellSpursJq TODO: cellSpursJobQueuePort2Create
HLE: E {PPU[1] Thread (CPUThread)[0x010bf088]} cellSpursJq TODO: cellSpursJobQueuePort2Create
HLE: E {PPU[1] Thread (CPUThread)[0x010bf088]} cellSpursJq TODO: cellSpursJobQueuePort2Create
HLE: E {PPU[1] Thread (CPUThread)[0x010bf088]} cellSpursJq TODO: cellSpursJobQueuePort2Create
HLE: E {PPU[1] Thread (CPUThread)[0x010bf088]} cellSpursJq TODO: cellSpursJobQueuePort2Create
G: E {PPU[1] Thread (CPUThread)[0x00026f68]} Exception: Access violation: addr = 0xcffe6d50 (is_alive=1, last_syscall=0x0 (Unknown func id: 0x00000000))
PPU: ! {PPULLVMRecompiler} Removed 4 old versions
PPU: ! {PPULLVMRecompiler} Removed 12 old versions
HLE: W {PPU[39] Thread (worker_thread#2)[0x0003f628]} sys_event warning: sys_event_queue_receive(equeue=29) aborted
HLE: W {PPU[38] Thread (worker_thread#1)[0x0003f628]} sys_event warning: sys_event_queue_receive(equeue=29) aborted
PPU: ! {PPULLVMRecompiler} PPU LLVM compiler thread exiting.
HLE: ! All threads stopped...
MEM: ! Closing memory...
