HLE: ! path: /dev_hdd0/game/
HLE: W No pause.bin found, Auto Pause will not work.
HLE: W No pause.bin found, Auto Pause will not work.
LDR: ! Loading 'D:\Emulateurs\Rpcs3\dev_hdd0\game\NPEB00527/USRDIR/BOOT.BIN'...
LDR: !  
LDR: ! Mount info:
LDR: ! /dev_hdd0/ -> ./dev_hdd0/
LDR: ! /dev_hdd1/ -> ./dev_hdd1/
LDR: ! /dev_flash/ -> ./dev_flash/
LDR: ! /dev_usb000/ -> ./dev_usb000/
LDR: ! /dev_usb/ -> ./dev_usb000/
LDR: ! /app_home/ -> D:\Emulateurs\Rpcs3\dev_hdd0\game\NPEB00527/
LDR: ! /dev_bdvd/ -> D:\Emulateurs\Rpcs3\dev_hdd0\game\NPEB00527//../
LDR: ! /host_root/ -> 
LDR: ! /app_home/PS3_GAME/USRDIR/ -> D:\Emulateurs\Rpcs3\dev_hdd0\game\NPEB00527//USRDIR/
LDR: ! /dev_flash2/ -> ./dev_flash2/
LDR: ! /app_home/Game/PS3_GAME/USRDIR/ -> D:\Emulateurs\Rpcs3\dev_hdd0\game\NPEB00527//USRDIR/
LDR: ! //dev_hdd0/ -> ./dev_hdd0/
LDR: ! / -> D:\Emulateurs\Rpcs3\dev_hdd0\game\NPEB00527//USRDIR/
LDR: !  
LDR: ! Title: Tom Clancy's™ Splinter Cell® HD
LDR: ! Serial: NPEB00527
LDR: !  
MEM: ! Initializing memory: m_base_addr = 0x5494c80000
MEM: ! Memory initialized.
LDR: ! Imported function 'cellPadInit' in 'sys_io' module
LDR: ! Imported function 'cellPadEnd' in 'sys_io' module
LDR: ! Imported function 'cellPadSetPortSetting' in 'sys_io' module
LDR: ! Imported function 'cellPadGetData' in 'sys_io' module
LDR: ! Imported function 'cellPadGetInfo2' in 'sys_io' module
LDR: ! Imported function 'cellPadSetActDirect' in 'sys_io' module
LDR: ! Imported function 'sys_lwmutex_lock' in 'sysPrxForUser' module
LDR: ! Imported function 'sys_lwmutex_unlock' in 'sysPrxForUser' module
LDR: ! Imported function 'sys_ppu_thread_create' in 'sysPrxForUser' module
LDR: ! Imported function '_sys_process_atexitspawn' in 'sysPrxForUser' module
LDR: ! Imported function 'sys_lwmutex_create' in 'sysPrxForUser' module
LDR: ! Imported function 'sys_ppu_thread_get_id' in 'sysPrxForUser' module
LDR: ! Imported function 'sys_prx_register_library' in 'sysPrxForUser' module
LDR: ! Imported function 'sys_initialize_tls' in 'sysPrxForUser' module
LDR: ! Imported function 'sys_time_get_system_time' in 'sysPrxForUser' module
LDR: ! Imported function '_sys_process_at_Exitspawn' in 'sysPrxForUser' module
LDR: ! Imported function 'sys_prx_exitspawn_with_level' in 'sysPrxForUser' module
LDR: ! Imported function 'sys_ppu_thread_exit' in 'sysPrxForUser' module
LDR: ! Imported function 'sys_lwmutex_destroy' in 'sysPrxForUser' module
LDR: ! Imported function 'sys_spu_image_close' in 'sysPrxForUser' module
LDR: ! Imported function 'sys_process_exit' in 'sysPrxForUser' module
LDR: ! Imported function 'sys_spu_image_import' in 'sysPrxForUser' module
LDR: ! Imported function 'sys_lwmutex_trylock' in 'sysPrxForUser' module
LDR: ! Imported function 'cellFsRmdir' in 'sys_fs' module
LDR: ! Imported function 'cellFsClose' in 'sys_fs' module
LDR: ! Imported function 'cellFsOpendir' in 'sys_fs' module
LDR: ! Imported function 'cellFsRead' in 'sys_fs' module
LDR: ! Imported function 'cellFsReaddir' in 'sys_fs' module
LDR: ! Imported function 'cellFsOpen' in 'sys_fs' module
LDR: ! Imported function 'cellFsStat' in 'sys_fs' module
LDR: W Unimplemented function 'cellFsAioCancel' in 'sys_fs' module
LDR: ! Imported function 'cellFsUnlink' in 'sys_fs' module
LDR: ! Imported function 'cellFsLseek' in 'sys_fs' module
LDR: ! Imported function 'cellFsMkdir' in 'sys_fs' module
LDR: ! Imported function 'cellFsAioRead' in 'sys_fs' module
LDR: ! Imported function 'cellFsWrite' in 'sys_fs' module
LDR: ! Imported function 'cellFsFstat' in 'sys_fs' module
LDR: ! Imported function 'cellFsClosedir' in 'sys_fs' module
LDR: ! Imported function 'cellFsSdataOpen' in 'sys_fs' module
LDR: ! Imported function 'cellFsChmod' in 'sys_fs' module
LDR: ! Imported function 'cellFsAioFinish' in 'sys_fs' module
LDR: W Unimplemented function 'cellFsUtime' in 'sys_fs' module
LDR: ! Imported function 'cellFsStReadFinish' in 'sys_fs' module
LDR: ! Imported function 'cellFsAioInit' in 'sys_fs' module
LDR: ! Imported function 'cellFsRename' in 'sys_fs' module
LDR: ! Imported function 'cellSysutilUnregisterCallback' in 'cellSysutil' module
LDR: ! Imported function 'cellVideoOutConfigure' in 'cellSysutil' module
LDR: ! Imported function 'cellSysutilCheckCallback' in 'cellSysutil' module
LDR: ! Imported function 'cellMsgDialogClose' in 'cellSysutil' module
LDR: ! Imported function 'cellSysutilGetSystemParamInt' in 'cellSysutil' module
LDR: ! Imported function 'cellAudioOutConfigure' in 'cellSysutil' module
LDR: ! Imported function 'cellMsgDialogOpen2' in 'cellSysutil' module
LDR: ! Imported function 'cellVideoOutGetState' in 'cellSysutil' module
LDR: ! Imported function 'cellSaveDataAutoSave2' in 'cellSysutil' module
LDR: ! Imported function 'cellSysutilRegisterCallback' in 'cellSysutil' module
LDR: ! Imported function 'cellVideoOutGetResolutionAvailability' in 'cellSysutil' module
LDR: ! Imported function 'cellAudioOutGetSoundAvailability' in 'cellSysutil' module
LDR: ! Imported function 'cellVideoOutGetResolution' in 'cellSysutil' module
LDR: ! Imported function 'cellSaveDataAutoLoad2' in 'cellSysutil' module
LDR: ! Imported function 'cellAudioOutGetState' in 'cellSysutil' module
LDR: ! Imported function 'cellAudioOutGetDeviceInfo' in 'cellSysutil' module
LDR: ! Imported function 'cellAudioOutGetNumberOfDevice' in 'cellSysutil' module
LDR: ! Imported function 'cellAudioOutGetConfiguration' in 'cellSysutil' module
LDR: ! Imported function 'cellUserInfoGetStat' in 'cellUserInfo' module
LDR: ! Imported function 'cellSysmoduleUnloadModule' in 'cellSysmodule' module
LDR: ! Imported function 'cellSysmoduleLoadModule' in 'cellSysmodule' module
LDR: ! Imported function 'cellSysmoduleIsLoaded' in 'cellSysmodule' module
LDR: ! Imported function 'cellGcmGetTiledPitchSize' in 'cellGcmSys' module
LDR: ! Imported function 'cellGcmSetUserHandler' in 'cellGcmSys' module
LDR: ! Imported function '_cellGcmInitBody' in 'cellGcmSys' module
LDR: ! Imported function '_cellGcmSetFlipCommand' in 'cellGcmSys' module
LDR: ! Imported function 'cellGcmAddressToOffset' in 'cellGcmSys' module
LDR: ! Imported function '_cellGcmFunc15' in 'cellGcmSys' module
LDR: ! Imported function 'cellGcmBindTile' in 'cellGcmSys' module
LDR: ! Imported function 'cellGcmSetFlipMode' in 'cellGcmSys' module
LDR: ! Imported function 'cellGcmGetTimeStamp' in 'cellGcmSys' module
LDR: ! Imported function 'cellGcmGetDefaultCommandWordSize' in 'cellGcmSys' module
LDR: ! Imported function 'cellGcmGetFlipStatus' in 'cellGcmSys' module
LDR: ! Imported function 'cellGcmGetDefaultSegmentWordSize' in 'cellGcmSys' module
LDR: ! Imported function 'cellGcmGetReport' in 'cellGcmSys' module
LDR: ! Imported function 'cellGcmSetDefaultFifoSize' in 'cellGcmSys' module
LDR: ! Imported function 'cellGcmBindZcull' in 'cellGcmSys' module
LDR: ! Imported function 'cellGcmSetFlipHandler' in 'cellGcmSys' module
LDR: ! Imported function 'cellGcmSetDisplayBuffer' in 'cellGcmSys' module
LDR: ! Imported function 'cellGcmGetControlRegister' in 'cellGcmSys' module
LDR: ! Imported function 'cellGcmUnbindZcull' in 'cellGcmSys' module
LDR: ! Imported function 'cellGcmSetVBlankHandler' in 'cellGcmSys' module
LDR: ! Imported function 'cellGcmResetFlipStatus' in 'cellGcmSys' module
LDR: ! Imported function 'cellGcmSetTileInfo' in 'cellGcmSys' module
LDR: ! Imported function '_cellGcmSetFlipCommandWithWaitLabel' in 'cellGcmSys' module
LDR: ! Imported function 'cellGcmUnbindTile' in 'cellGcmSys' module
LDR: ! Imported function 'cellGcmGetConfiguration' in 'cellGcmSys' module
LDR: ! Imported function 'cellGcmGetLabelAddress' in 'cellGcmSys' module
LDR: ! Imported function 'cellSyncMutexLock' in 'cellSync' module
LDR: ! Imported function 'cellSyncMutexUnlock' in 'cellSync' module
LDR: ! Imported function 'cellSyncMutexInitialize' in 'cellSync' module
LDR: ! Imported function 'cellAudioInit' in 'cellAudio' module
LDR: ! Imported function 'cellAudioQuit' in 'cellAudio' module
LDR: ! Imported function 'cellAudioPortClose' in 'cellAudio' module
LDR: ! Imported function 'cellAudioPortStop' in 'cellAudio' module
LDR: ! Imported function 'cellAudioGetPortConfig' in 'cellAudio' module
LDR: ! Imported function 'cellAudioPortStart' in 'cellAudio' module
LDR: ! Imported function 'cellAudioPortOpen' in 'cellAudio' module
LDR: ! Imported function '_cellSpursTasksetAttributeInitialize' in 'cellSpurs' module
LDR: ! Imported function 'cellSpursEventFlagDetachLv2EventQueue' in 'cellSpurs' module
LDR: ! Imported function 'cellSpursEventFlagWait' in 'cellSpurs' module
LDR: ! Imported function '_cellSpursEventFlagInitialize' in 'cellSpurs' module
LDR: ! Imported function 'cellSpursTasksetAttributeSetName' in 'cellSpurs' module
LDR: ! Imported function 'cellSpursEventFlagAttachLv2EventQueue' in 'cellSpurs' module
LDR: ! Imported function 'cellSpursJoinTaskset' in 'cellSpurs' module
LDR: ! Imported function 'cellSpursShutdownTaskset' in 'cellSpurs' module
LDR: ! Imported function 'cellSpursInitialize' in 'cellSpurs' module
LDR: ! Imported function 'cellSpursCreateTasksetWithAttribute' in 'cellSpurs' module
LDR: ! Imported function 'cellSpursFinalize' in 'cellSpurs' module
LDR: ! Imported function '_cellSpursLFQueueInitialize' in 'cellSpurs' module
LDR: ! Imported function 'cellSpursLFQueueAttachLv2EventQueue' in 'cellSpurs' module
LDR: ! Imported function 'cellSpursLFQueueDetachLv2EventQueue' in 'cellSpurs' module
LDR: ! Imported function '_cellSpursLFQueuePushBody' in 'cellSpurs' module
LDR: ! Imported function 'cellSpursCreateTask' in 'cellSpurs' module
LDR: ! Imported function 'cellSpursDetachLv2EventQueue' in 'cellSpurs' module
LDR: ! Imported function 'cellSpursAttachLv2EventQueue' in 'cellSpurs' module
LDR: ! Imported function '_cellSpursSendSignal' in 'cellSpurs' module
LDR: ! Imported function 'sceNpTerm' in 'sceNp' module
LDR: ! Imported function 'sceNpDrmIsAvailable' in 'sceNp' module
LDR: ! Imported function 'sceNpInit' in 'sceNp' module
LDR: ! Imported function 'sceNpTrophyRegisterContext' in 'sceNpTrophy' module
LDR: ! Imported function 'sceNpTrophyCreateHandle' in 'sceNpTrophy' module
LDR: ! Imported function 'sceNpTrophyGetRequiredDiskSpace' in 'sceNpTrophy' module
LDR: ! Imported function 'sceNpTrophyDestroyContext' in 'sceNpTrophy' module
LDR: ! Imported function 'sceNpTrophyInit' in 'sceNpTrophy' module
LDR: ! Imported function 'sceNpTrophyAbortHandle' in 'sceNpTrophy' module
LDR: ! Imported function 'sceNpTrophyDestroyHandle' in 'sceNpTrophy' module
LDR: ! Imported function 'sceNpTrophyUnlockTrophy' in 'sceNpTrophy' module
LDR: ! Imported function 'sceNpTrophyTerm' in 'sceNpTrophy' module
LDR: ! Imported function 'sceNpTrophyGetTrophyUnlockState' in 'sceNpTrophy' module
LDR: ! Imported function 'sceNpTrophyCreateContext' in 'sceNpTrophy' module
LDR: W Unknown module 'cellSysutilAvconfExt'
LDR: ! Imported function 'cellVideoOutGetScreenSize' in 'cellSysutilAvconfExt' module
LDR: ! Imported function 'cellGameContentPermit' in 'cellGame' module
LDR: ! Imported function 'cellGameBootCheck' in 'cellGame' module
LDR: ! Imported function 'sys_net_initialize_network_ex' in 'sys_net' module
LDR: W Unimplemented function 'getsockname' in 'sys_net' module
LDR: ! Imported function 'recvfrom' in 'sys_net' module
LDR: ! Imported function 'listen' in 'sys_net' module
LDR: W Unimplemented function 'socketselect' in 'sys_net' module
LDR: W Unimplemented function 'getsockopt' in 'sys_net' module
LDR: ! Imported function '_sys_net_errno_loc' in 'sys_net' module
LDR: ! Imported function 'connect' in 'sys_net' module
LDR: ! Imported function 'socketclose' in 'sys_net' module
LDR: W Unimplemented function 'gethostbyname' in 'sys_net' module
LDR: W Unimplemented function 'inet_ntoa' in 'sys_net' module
LDR: ! Imported function 'setsockopt' in 'sys_net' module
LDR: ! Imported function 'sendto' in 'sys_net' module
LDR: ! Imported function 'socket' in 'sys_net' module
LDR: ! Imported function 'bind' in 'sys_net' module
LDR: ! Imported function 'sys_net_finalize_network' in 'sys_net' module
LDR: ! Imported function '_sys_net_h_errno_loc' in 'sys_net' module
LDR: ! Imported function 'accept' in 'sys_net' module
LDR: ! Imported function 'inet_addr' in 'sys_net' module
LDR: ! Imported function 'send' in 'sys_net' module
LDR: W Unimplemented function 'gethostbyaddr' in 'sys_net' module
LDR: ! Imported function 'recv' in 'sys_net' module
LDR: ! Imported function 'cellNetCtlTerm' in 'cellNetCtl' module
LDR: ! Imported function 'cellNetCtlGetInfo' in 'cellNetCtl' module
LDR: ! Imported function 'cellNetCtlGetState' in 'cellNetCtl' module
LDR: ! Imported function 'cellNetCtlInit' in 'cellNetCtl' module
LDR: ! Imported function 'cellRtcGetCurrentClockLocalTime' in 'cellRtc' module
LDR: ! Imported function 'cellRtcGetDayOfWeek' in 'cellRtc' module
HLE: W {PPU[1] Thread (CPUThread)[0x0053e034]} sys_lwmutex warning: sys_lwmutex_create(lwmutex_addr=0x74a738, attr_addr=0x4cc520)
HLE: ! {PPU[1] Thread (CPUThread)[0x0053e034]} sys_lwmutex: *** lwmutex created [_lc_mtx] (attribute=0x12): sq_id = 3
HLE: W {PPU[1] Thread (CPUThread)[0x002d1038]} sys_memory warning: sys_memory_get_user_memory_size(mem_info_addr=0xd000fc04)
HLE: W {PPU[1] Thread (CPUThread)[0x0053e034]} sys_lwmutex warning: sys_lwmutex_create(lwmutex_addr=0x74a538, attr_addr=0x4cc520)
HLE: ! {PPU[1] Thread (CPUThread)[0x0053e034]} sys_lwmutex: *** lwmutex created [_lc_mtx] (attribute=0x12): sq_id = 4
HLE: W {PPU[1] Thread (CPUThread)[0x0053e034]} sys_lwmutex warning: sys_lwmutex_create(lwmutex_addr=0x749cc0, attr_addr=0x4cc520)
HLE: ! {PPU[1] Thread (CPUThread)[0x0053e034]} sys_lwmutex: *** lwmutex created [_lc_mtx] (attribute=0x12): sq_id = 5
HLE: W {PPU[1] Thread (CPUThread)[0x0053e034]} sys_lwmutex warning: sys_lwmutex_create(lwmutex_addr=0x749ce8, attr_addr=0x4cc520)
HLE: ! {PPU[1] Thread (CPUThread)[0x0053e034]} sys_lwmutex: *** lwmutex created [_lc_mtx] (attribute=0x12): sq_id = 6
HLE: W {PPU[1] Thread (CPUThread)[0x0053e034]} sys_lwmutex warning: sys_lwmutex_create(lwmutex_addr=0x749d10, attr_addr=0x4cc520)
HLE: ! {PPU[1] Thread (CPUThread)[0x0053e034]} sys_lwmutex: *** lwmutex created [_lc_mtx] (attribute=0x12): sq_id = 7
HLE: W {PPU[1] Thread (CPUThread)[0x0053e034]} sys_lwmutex warning: sys_lwmutex_create(lwmutex_addr=0x749bf8, attr_addr=0x4cc520)
HLE: ! {PPU[1] Thread (CPUThread)[0x0053e034]} sys_lwmutex: *** lwmutex created [_lc_mtx] (attribute=0x12): sq_id = 8
HLE: W {PPU[1] Thread (CPUThread)[0x0053e034]} sys_lwmutex warning: sys_lwmutex_create(lwmutex_addr=0x749c20, attr_addr=0x4cc520)
HLE: ! {PPU[1] Thread (CPUThread)[0x0053e034]} sys_lwmutex: *** lwmutex created [_lc_mtx] (attribute=0x12): sq_id = 9
HLE: W {PPU[1] Thread (CPUThread)[0x0053e034]} sys_lwmutex warning: sys_lwmutex_create(lwmutex_addr=0x749c48, attr_addr=0x4cc520)
HLE: ! {PPU[1] Thread (CPUThread)[0x0053e034]} sys_lwmutex: *** lwmutex created [_lc_mtx] (attribute=0x12): sq_id = 10
HLE: W {PPU[1] Thread (CPUThread)[0x0053e034]} sys_lwmutex warning: sys_lwmutex_create(lwmutex_addr=0x749c70, attr_addr=0x4cc520)
HLE: ! {PPU[1] Thread (CPUThread)[0x0053e034]} sys_lwmutex: *** lwmutex created [_lc_mtx] (attribute=0x12): sq_id = 11
HLE: W {PPU[1] Thread (CPUThread)[0x0053e034]} sys_lwmutex warning: sys_lwmutex_create(lwmutex_addr=0x749c98, attr_addr=0x4cc520)
HLE: ! {PPU[1] Thread (CPUThread)[0x0053e034]} sys_lwmutex: *** lwmutex created [_lc_mtx] (attribute=0x12): sq_id = 12
HLE: W {PPU[1] Thread (CPUThread)[0x0053e034]} sys_lwmutex warning: sys_lwmutex_create(lwmutex_addr=0x663238, attr_addr=0xd000fb80)
HLE: ! {PPU[1] Thread (CPUThread)[0x0053e034]} sys_lwmutex: *** lwmutex created [] (attribute=0x12): sq_id = 13
HLE: W {PPU[1] Thread (CPUThread)[0x0053e034]} sys_lwmutex warning: sys_lwmutex_create(lwmutex_addr=0x662610, attr_addr=0xd000fb80)
HLE: ! {PPU[1] Thread (CPUThread)[0x0053e034]} sys_lwmutex: *** lwmutex created [] (attribute=0x12): sq_id = 14
HLE: W {PPU[1] Thread (CPUThread)[0x0053e034]} sys_lwmutex warning: sys_lwmutex_create(lwmutex_addr=0x5bb760, attr_addr=0xd000fb60)
HLE: ! {PPU[1] Thread (CPUThread)[0x0053e034]} sys_lwmutex: *** lwmutex created [] (attribute=0x12): sq_id = 15
TTY: 
TTY: [Loading Modutes - DEBUG_OUTPUT]
TTY: 
TTY: [Loading Modutes - DEBUG_OUTPUT]
HLE: W {PPU[1] Thread (CPUThread)[0x007a5010]} cellSysmodule warning: cellSysmoduleLoadModule(CELL_SYSMODULE_NET)
HLE: W {PPU[1] Thread (CPUThread)[0x007a5010]} cellSysmodule warning: cellSysmoduleLoadModule(CELL_SYSMODULE_HTTP)
HLE: W {PPU[1] Thread (CPUThread)[0x007a5010]} cellSysmodule warning: cellSysmoduleLoadModule(CELL_SYSMODULE_HTTP_UTIL)
HLE: W {PPU[1] Thread (CPUThread)[0x007a5010]} cellSysmodule warning: cellSysmoduleLoadModule(CELL_SYSMODULE_SSL)
HLE: W {PPU[1] Thread (CPUThread)[0x007a5010]} cellSysmodule warning: cellSysmoduleLoadModule(CELL_SYSMODULE_HTTPS)
HLE: W {PPU[1] Thread (CPUThread)[0x007a5010]} cellSysmodule warning: cellSysmoduleLoadModule(CELL_SYSMODULE_VDEC)
HLE: W {PPU[1] Thread (CPUThread)[0x007a5010]} cellSysmodule warning: cellSysmoduleLoadModule(CELL_SYSMODULE_ADEC)
HLE: W {PPU[1] Thread (CPUThread)[0x007a5010]} cellSysmodule warning: cellSysmoduleLoadModule(CELL_SYSMODULE_DMUX)
HLE: W {PPU[1] Thread (CPUThread)[0x007a5010]} cellSysmodule warning: cellSysmoduleLoadModule(CELL_SYSMODULE_VPOST)
HLE: W {PPU[1] Thread (CPUThread)[0x007a5010]} cellSysmodule warning: cellSysmoduleLoadModule(CELL_SYSMODULE_RTC)
HLE: W {PPU[1] Thread (CPUThread)[0x007a5010]} cellSysmodule warning: cellSysmoduleLoadModule(CELL_SYSMODULE_SPURS)
HLE: W {PPU[1] Thread (CPUThread)[0x007a5010]} cellSysmodule warning: cellSysmoduleLoadModule(CELL_SYSMODULE_OVIS)
HLE: W {PPU[1] Thread (CPUThread)[0x007a5010]} cellSysmodule warning: cellSysmoduleLoadModule(CELL_SYSMODULE_SHEAP)
HLE: W {PPU[1] Thread (CPUThread)[0x007a5010]} cellSysmodule warning: cellSysmoduleLoadModule(CELL_SYSMODULE_SYNC)
HLE: W {PPU[1] Thread (CPUThread)[0x007a5010]} cellSysmodule warning: cellSysmoduleLoadModule(CELL_SYSMODULE_FS)
HLE: W {PPU[1] Thread (CPUThread)[0x007a5010]} cellSysmodule warning: cellSysmoduleLoadModule(CELL_SYSMODULE_JPGDEC)
HLE: W {PPU[1] Thread (CPUThread)[0x007a5010]} cellSysmodule warning: cellSysmoduleLoadModule(CELL_SYSMODULE_GCM_SYS)
HLE: W {PPU[1] Thread (CPUThread)[0x007a5010]} cellSysmodule warning: cellSysmoduleLoadModule(CELL_SYSMODULE_GCM_SYS)
HLE: W {PPU[1] Thread (CPUThread)[0x007a5010]} cellSysmodule warning: cellSysmoduleLoadModule(CELL_SYSMODULE_AUDIO)
HLE: W {PPU[1] Thread (CPUThread)[0x007a5010]} cellSysmodule warning: cellSysmoduleLoadModule(CELL_SYSMODULE_PAMF)
HLE: W {PPU[1] Thread (CPUThread)[0x007a5010]} cellSysmodule warning: cellSysmoduleLoadModule(CELL_SYSMODULE_ATRAC3PLUS)
HLE: W {PPU[1] Thread (CPUThread)[0x007a5010]} cellSysmodule warning: cellSysmoduleLoadModule(CELL_SYSMODULE_NETCTL)
HLE: W {PPU[1] Thread (CPUThread)[0x007a5010]} cellSysmodule warning: cellSysmoduleLoadModule(CELL_SYSMODULE_SYSUTIL)
HLE: W {PPU[1] Thread (CPUThread)[0x007a5010]} cellSysmodule warning: cellSysmoduleLoadModule(CELL_SYSMODULE_SYSUTIL_NP)
HLE: W {PPU[1] Thread (CPUThread)[0x007a5010]} cellSysmodule warning: cellSysmoduleLoadModule(CELL_SYSMODULE_IO)
HLE: W {PPU[1] Thread (CPUThread)[0x007a5010]} cellSysmodule warning: cellSysmoduleLoadModule(CELL_SYSMODULE_PNGDEC)
HLE: W {PPU[1] Thread (CPUThread)[0x007a5010]} cellSysmodule warning: cellSysmoduleLoadModule(CELL_SYSMODULE_FONT)
HLE: W {PPU[1] Thread (CPUThread)[0x007a5010]} cellSysmodule warning: cellSysmoduleLoadModule(CELL_SYSMODULE_FONTFT)
HLE: W {PPU[1] Thread (CPUThread)[0x007a5010]} cellSysmodule warning: cellSysmoduleLoadModule(CELL_SYSMODULE_FREETYPE)
HLE: W {PPU[1] Thread (CPUThread)[0x007a5010]} cellSysmodule warning: cellSysmoduleLoadModule(CELL_SYSMODULE_USBD)
HLE: W {PPU[1] Thread (CPUThread)[0x007a5010]} cellSysmodule warning: cellSysmoduleLoadModule(CELL_SYSMODULE_SAIL)
HLE: W {PPU[1] Thread (CPUThread)[0x007a5010]} cellSysmodule warning: cellSysmoduleLoadModule(CELL_SYSMODULE_L10N)
HLE: W {PPU[1] Thread (CPUThread)[0x007a5010]} cellSysmodule warning: cellSysmoduleLoadModule(CELL_SYSMODULE_RESC)
HLE: W {PPU[1] Thread (CPUThread)[0x007a5010]} cellSysmodule warning: cellSysmoduleLoadModule(CELL_SYSMODULE_DAISY)
HLE: W {PPU[1] Thread (CPUThread)[0x007a5010]} cellSysmodule warning: cellSysmoduleLoadModule(CELL_SYSMODULE_SYSUTIL)
HLE: W {PPU[1] Thread (CPUThread)[0x007a5010]} cellSysmodule warning: cellSysmoduleLoadModule(CELL_SYSMODULE_SYSUTIL_GAME)
HLE: W {PPU[1] Thread (CPUThread)[0x007a5010]} cellSysmodule warning: cellSysmoduleLoadModule(CELL_SYSMODULE_SYSUTIL_USERINFO)
HLE: W {PPU[1] Thread (CPUThread)[0x007a5010]} cellSysmodule warning: cellSysmoduleLoadModule(CELL_SYSMODULE_SYSUTIL_SAVEDATA)
HLE: W {PPU[1] Thread (CPUThread)[0x007a5010]} cellSysmodule warning: cellSysmoduleLoadModule(CELL_SYSMODULE_SYSUTIL_GAME_EXEC)
HLE: W {PPU[1] Thread (CPUThread)[0x007a5010]} cellSysmodule warning: cellSysmoduleLoadModule(CELL_SYSMODULE_SYSUTIL_NP2)
HLE: W {PPU[1] Thread (CPUThread)[0x007a5010]} cellSysmodule warning: cellSysmoduleLoadModule(CELL_SYSMODULE_SYSUTIL_NP_TROPHY)
HLE: W {PPU[1] Thread (CPUThread)[0x007a5010]} cellSysmodule warning: cellSysmoduleLoadModule(CELL_SYSMODULE_AVCONF_EXT)
TTY: arg[0] = /app_home/PS3_GAME/USRDIR/BOOT.BIN
HLE: W {PPU[1] Thread (CPUThread)[0x0001c204]} sys_memory warning: sys_memory_get_user_memory_size(mem_info_addr=0xd000faa0)
HLE: W {PPU[1] Thread (CPUThread)[0x0053e034]} sys_lwmutex warning: sys_lwmutex_create(lwmutex_addr=0x30110028, attr_addr=0xd000fa90)
HLE: ! {PPU[1] Thread (CPUThread)[0x0053e034]} sys_lwmutex: *** lwmutex created [] (attribute=0x12): sq_id = 16
HLE: W {PPU[1] Thread (CPUThread)[0x007a1034]} cellSysutil warning: cellSysutilGetSystemParamInt: CELL_SYSUTIL_SYSTEMPARAM_ID_LANG
HLE: W {PPU[1] Thread (CPUThread)[0x0053c004]} sys_io warning: cellPadInit(max_connect=7)
HLE: ! {PPU[1] Thread (CPUThread)[0x0053e01c]} sys_ppu_thread: *** New PPU Thread [Certification Thread] (joinable, entry=0x58b290): id = 17
TTY: 
TTY: [Loading Saved Game Files]
HLE: W {PPU[1] Thread (CPUThread)[0x007b5010]} cellGame warning: cellGameBootCheck(type_addr=0xd000e610, attributes_addr=0xd000e614, size_addr=0xd000e618, dirName_addr=0xd000e628)
HLE: W {PPU[1] Thread (CPUThread)[0x007b5004]} cellGame warning: cellGameContentPermit(contentInfoPath_addr=0x5ec760, usrdirPath_addr=0x5ec7e0)
TTY: [PS3CertificationTool] --- Thread #17 is starting!
HLE: W {PPU[17] Thread (Certification Thread)[0x007a1070]} cellSysutil warning: cellSysutilRegisterCallback(slot=0, func_addr=0x564dc8, userdata=0x0)
HLE: ! {PPU[1] Thread (CPUThread)[0x0079f040]} sys_fs: "/dev_hdd0/game/NPEB00527/USRDIR/Data_SC/System/SplinterCellUser_def.ixx" opened: fd = 18
HLE: W {PPU[1] Thread (CPUThread)[0x0079f0a0]} sys_fs warning: cellFsFstat(fd=18, sb_addr=0xd000e780)
HLE: W {PPU[1] Thread (CPUThread)[0x0079f010]} sys_fs warning: cellFsClose(fd=18)
HLE: ! {PPU[1] Thread (CPUThread)[0x0079f040]} sys_fs: "/dev_hdd0/game/NPEB00527/USRDIR/Data_SC/System/SplinterCellUser_def.ixx" opened: fd = 19
HLE: W {PPU[1] Thread (CPUThread)[0x0079f040]} vfsLocalFile::Create('D:\Emulateurs\Rpcs3\dev_hdd0\game\NPEB00527\USRDIR\Data_SC\System\SplinterCellUser.ixx')
HLE: ! {PPU[1] Thread (CPUThread)[0x0079f040]} sys_fs: "/dev_hdd0/game/NPEB00527/USRDIR/Data_SC/System/SplinterCellUser.ixx" opened: fd = 20
HLE: W {PPU[1] Thread (CPUThread)[0x0079f010]} sys_fs warning: cellFsClose(fd=20)
HLE: W {PPU[1] Thread (CPUThread)[0x0079f010]} sys_fs warning: cellFsClose(fd=19)
HLE: E {PPU[1] Thread (CPUThread)[0x0079f040]} sys_fs error: "/dev_hdd0/game/NPEB00527/USRDIR/Data_SC/System/USERINFO" not found! flags: 0x00000000
HLE: W {PPU[1] Thread (CPUThread)[0x007a3004]} cellUserInfo warning: cellUserInfoGetStat(id=0, stat_addr=0xd000f88c)
HLE: ! {PPU[1] Thread (CPUThread)[0x0053e01c]} sys_ppu_thread: *** New PPU Thread [SaveInitThread] (non-joinable, entry=0x563e00): id = 21
HLE: W {PPU[21] Thread (SaveInitThread)[0x007a1034]} cellSysutil warning: cellSysutilGetSystemParamInt: CELL_SYSUTIL_SYSTEMPARAM_ID_LANG
HLE: ! {PPU[1] Thread (CPUThread)[0x0053e01c]} sys_ppu_thread: *** New PPU Thread [RenderingThread] (non-joinable, entry=0x5583e8): id = 22
TTY: 
TTY: 
HLE: ! {PPU[1] Thread (CPUThread)[0x0053e01c]} sys_ppu_thread: *** New PPU Thread [MAINTHREAD] (joinable, entry=0x558468): id = 23
HLE: W {PPU[21] Thread (SaveInitThread)[0x0079f04c]} sys_fs warning: cellFsStat(path="/dev_hdd0/game/NPEB00527/ICON0.PNG", sb_addr=0xd003fc10)
HLE: W {PPU[22] Thread (RenderingThread)[0x007a701c]} cellGcmSys warning: _cellGcmInitBody(context_addr=0x71b2e8, cmdSize=0x200000, ioSize=0x1800000, ioAddress=0x30200000)
HLE: W {PPU[1] Thread (CPUThread)[0x002d9758]} sys_ppu_thread warning: sys_ppu_thread_join(thread_id=23, vptr_addr=0xd000fcc0)
HLE: W {PPU[21] Thread (SaveInitThread)[0x0079f04c]} sys_fs warning: cellFsStat(path="/dev_hdd0/game/NPEB00527/USRDIR/Data_SC/Save/BIGSAVE", sb_addr=0xd003fc10)
HLE: W {PPU[22] Thread (RenderingThread)[0x007a701c]} cellGcmSys warning: *** local memory(addr=0xc0000000, size=0xf900000)
HLE: W {PPU[22] Thread (RenderingThread)[0x007a701c]} cellGcmSys warning: cellGcmInit(): 256MB io address space used
HLE: W {PPU[22] Thread (RenderingThread)[0x007a701c]} cellGcmSys warning: cellGcmMapEaIoAddress(ea=0x30200000, io=0x0, size=0x1800000)
HLE: W {PPU[21] Thread (SaveInitThread)[0x0079f04c]} sys_fs warning: cellFsStat(path="/dev_hdd0/game/NPEB00527/USRDIR/Data_SC/Save/USR-DATA", sb_addr=0xd003fc10)
HLE: W {PPU[21] Thread (SaveInitThread)[0x0079f04c]} sys_fs warning: cellFsStat: "/dev_hdd0/game/NPEB00527/USRDIR/Data_SC/Save/USR-DATA" not found.
HLE: ! {PPU[21] Thread (SaveInitThread)[0x0053e01c]} sys_ppu_thread: *** New PPU Thread [Splinter_Cell_2_Load] (non-joinable, entry=0x563de8): id = 24
HLE: W {PPU[24] Thread (Splinter_Cell_2_Load)[0x007a10a0]} cellSysutil warning: cellSaveDataAutoLoad2(version=0, dirName_addr=0xd006fda0, errDialog=0, setBuf=0xd006fdc0, funcList=0x563e68, funcStat=0x563dc8, funcFile=0xffffffff, container=0x2, userdata_addr=0x9856f940)
HLE: W {PPU[24] Thread (Splinter_Cell_2_Load)[0x007a10a0]} cellSysutil warning: cellSaveDataAutoLoad2: Couldn't find save entry (NPEB00527-SPLINTE)
RSX: ! {RSXThread} RSX thread started
HLE: W {PPU[22] Thread (RenderingThread)[0x007a7118]} cellGcmSys warning: cellGcmUnbindTile(index=0)
HLE: W {PPU[22] Thread (RenderingThread)[0x007a7118]} cellGcmSys warning: cellGcmUnbindTile(index=1)
HLE: W {PPU[22] Thread (RenderingThread)[0x007a7118]} cellGcmSys warning: cellGcmUnbindTile(index=2)
HLE: W {PPU[22] Thread (RenderingThread)[0x007a7118]} cellGcmSys warning: cellGcmUnbindTile(index=3)
HLE: W {PPU[22] Thread (RenderingThread)[0x007a7118]} cellGcmSys warning: cellGcmUnbindTile(index=4)
HLE: W {PPU[22] Thread (RenderingThread)[0x007a7118]} cellGcmSys warning: cellGcmUnbindTile(index=5)
HLE: W {PPU[22] Thread (RenderingThread)[0x007a7118]} cellGcmSys warning: cellGcmUnbindTile(index=6)
HLE: W {PPU[22] Thread (RenderingThread)[0x007a7118]} cellGcmSys warning: cellGcmUnbindTile(index=7)
HLE: W {PPU[22] Thread (RenderingThread)[0x007a7118]} cellGcmSys warning: cellGcmUnbindTile(index=8)
HLE: W {PPU[22] Thread (RenderingThread)[0x007a7118]} cellGcmSys warning: cellGcmUnbindTile(index=9)
HLE: W {PPU[22] Thread (RenderingThread)[0x007a7118]} cellGcmSys warning: cellGcmUnbindTile(index=10)
HLE: W {PPU[22] Thread (RenderingThread)[0x007a7118]} cellGcmSys warning: cellGcmUnbindTile(index=11)
HLE: W {PPU[22] Thread (RenderingThread)[0x007a7118]} cellGcmSys warning: cellGcmUnbindTile(index=12)
HLE: W {PPU[22] Thread (RenderingThread)[0x007a7118]} cellGcmSys warning: cellGcmUnbindTile(index=13)
HLE: W {PPU[22] Thread (RenderingThread)[0x007a7118]} cellGcmSys warning: cellGcmUnbindTile(index=14)
HLE: W {PPU[22] Thread (RenderingThread)[0x0053e034]} sys_lwmutex warning: sys_lwmutex_create(lwmutex_addr=0x6ea038, attr_addr=0xd004f8e0)
HLE: ! {PPU[22] Thread (RenderingThread)[0x0053e034]} sys_lwmutex: *** lwmutex created [] (attribute=0x21): sq_id = 25
HLE: W {PPU[22] Thread (RenderingThread)[0x007a107c]} cellSysutil warning: cellVideoOutGetResolutionAvailability(videoOut=0, resolutionId=0x81, option_addr=0x0, aspect=0x0, option=0x96b952b0)
HLE: W {PPU[22] Thread (RenderingThread)[0x007a1010]} cellSysutil warning: cellVideoOutConfigure(videoOut=0, config_addr=0xd004fa28, option_addr=0x0, waitForEvent=0x0)
HLE: W {PPU[22] Thread (RenderingThread)[0x00359650]} sys_semaphore warning: sys_semaphore_create(sem_addr=0x70a220, attr_addr=0xd004f950, initial_count=1, max_count=2)
HLE: ! {PPU[22] Thread (RenderingThread)[0x00359650]} sys_semaphore: *** semaphore created [] (protocol=0x2): id = 26
HLE: W {PPU[22] Thread (RenderingThread)[0x007a70b8]} cellGcmSys warning: cellGcmSetFlipHandler(handler_addr=5764912)
HLE: W {PPU[22] Thread (RenderingThread)[0x007a7058]} cellGcmSys warning: cellGcmSetFlipMode(mode=2)
HLE: W {PPU[22] Thread (RenderingThread)[0x007a70e8]} cellGcmSys warning: cellGcmSetVBlankHandler(handler_addr=0x0)
HLE: E {PPU[21] Thread (SaveInitThread)[0x0079f040]} sys_fs error: "/dev_hdd0/game/NPEB00527/USRDIR/Data_SC/System/../saveBackUp" not found! flags: 0x00000000
HLE: W {PPU[21] Thread (SaveInitThread)[0x0079f07c]} sys_fs warning: cellFsMkdir(path="/dev_hdd0/game/NPEB00527/USRDIR/Data_SC/System/../saveBackUp", mode=0x1c0)
HLE: ! {PPU[21] Thread (SaveInitThread)[0x0079f040]} sys_fs: "/dev_hdd0/game/NPEB00527/USRDIR/Data_SC/Save/BIGSAVE" opened: fd = 27
HLE: W {PPU[21] Thread (SaveInitThread)[0x0079f0a0]} sys_fs warning: cellFsFstat(fd=27, sb_addr=0xd003fc20)
HLE: W {PPU[21] Thread (SaveInitThread)[0x0079f010]} sys_fs warning: cellFsClose(fd=27)
HLE: W {PPU[21] Thread (SaveInitThread)[0x007a1034]} cellSysutil warning: cellSysutilGetSystemParamInt: CELL_SYSUTIL_SYSTEMPARAM_ID_LANG
HLE: W {PPU[21] Thread (SaveInitThread)[0x0079f01c]} sys_fs warning: cellFsOpendir(path="/dev_hdd0/game/NPEB00527/USRDIR/Data_SC/System/../Save/Default", fd_addr=0xd003ef70)
HLE: W {PPU[21] Thread (SaveInitThread)[0x0079f01c]} sys_fs warning: cellFsOpendir(path="/dev_hdd0/game/NPEB00527/USRDIR/Data_SC/System/../Save/Default", fd_addr=0xd003ef70)
HLE: W {PPU[21] Thread (SaveInitThread)[0x0079f004]} sys_fs warning: cellFsRmdir(path="/dev_hdd0/game/NPEB00527/USRDIR/Data_SC/System/../Save/Default")
HLE: E {PPU[21] Thread (SaveInitThread)[0x0079f040]} sys_fs error: "/dev_hdd0/game/NPEB00527/USRDIR/Data_SC/System/../Save/Default" not found! flags: 0x00000000
HLE: W {PPU[21] Thread (SaveInitThread)[0x0079f07c]} sys_fs warning: cellFsMkdir(path="/dev_hdd0/game/NPEB00527/USRDIR/Data_SC/System/../Save/Default", mode=0x1c0)
HLE: W {PPU[21] Thread (SaveInitThread)[0x0079f01c]} sys_fs warning: cellFsOpendir(path="/dev_hdd0/game/NPEB00527/USRDIR/Data_SC/System/../Save/PS3", fd_addr=0xd003ef70)
HLE: W {PPU[21] Thread (SaveInitThread)[0x0079f01c]} sys_fs warning: cellFsOpendir(path="/dev_hdd0/game/NPEB00527/USRDIR/Data_SC/System/../Save/PS3", fd_addr=0xd003ef70)
HLE: W {PPU[21] Thread (SaveInitThread)[0x0079f004]} sys_fs warning: cellFsRmdir(path="/dev_hdd0/game/NPEB00527/USRDIR/Data_SC/System/../Save/PS3")
HLE: E {PPU[21] Thread (SaveInitThread)[0x0079f040]} sys_fs error: "/dev_hdd0/game/NPEB00527/USRDIR/Data_SC/System/../Save/PS3" not found! flags: 0x00000000
HLE: W {PPU[21] Thread (SaveInitThread)[0x0079f07c]} sys_fs warning: cellFsMkdir(path="/dev_hdd0/game/NPEB00527/USRDIR/Data_SC/System/../Save/PS3", mode=0x1c0)
HLE: W {PPU[21] Thread (SaveInitThread)[0x0079f040]} vfsLocalFile::Create('D:\Emulateurs\Rpcs3\dev_hdd0\game\NPEB00527\USRDIR\Data_SC\System\SplinterCellUser.ixx')
HLE: ! {PPU[21] Thread (SaveInitThread)[0x0079f040]} sys_fs: "/dev_hdd0/game/NPEB00527/USRDIR/Data_SC/System/SplinterCellUser.ixx" opened: fd = 28
HLE: W {PPU[21] Thread (SaveInitThread)[0x0079f010]} sys_fs warning: cellFsClose(fd=28)
HLE: W {PPU[22] Thread (RenderingThread)[0x007a7100]} cellGcmSys warning: cellGcmSetTileInfo(index=0, location=0, offset=252116992, size=8912896, pitch=8192, comp=0, base=0, bank=0)
HLE: W {PPU[22] Thread (RenderingThread)[0x007a704c]} cellGcmSys warning: cellGcmBindTile(index=0)
RSX: W {RSXThread} NV406E_SEMAPHORE_ACQUIRE: 2
HLE: W {PPU[21] Thread (SaveInitThread)[0x0079f040]} vfsLocalFile::Create('D:\Emulateurs\Rpcs3\dev_hdd0\game\NPEB00527\USRDIR\Data_SC\Save\Default\Config.ixx')
HLE: W {PPU[22] Thread (RenderingThread)[0x007a7100]} cellGcmSys warning: cellGcmSetTileInfo(index=0, location=0, offset=243204096, size=17825792, pitch=8192, comp=0, base=0, bank=0)
HLE: W {PPU[22] Thread (RenderingThread)[0x007a704c]} cellGcmSys warning: cellGcmBindTile(index=0)
G: E {PPU[22] Thread (RenderingThread)[0x001cffec]} Exception: Access violation: addr = 0x7 (is_alive=1, last_syscall=0x0 (Unknown func id: 0x00000000))
HLE: ! {PPU[21] Thread (SaveInitThread)[0x0079f040]} sys_fs: "/dev_hdd0/game/NPEB00527/USRDIR/Data_SC/Save/Default/Config.ixx" opened: fd = 29
PPU: ! {PPULLVMRecompiler} Removed 4 old versions
PPU: ! {PPULLVMRecompiler} Removed 27 old versions
RSX: W {RSXThread} RSX thread aborted
RSX: W {VBlank thread} VBlank thread aborted
HLE: W {PPU[1] Thread (CPUThread)[0x002d9758]} sys_ppu_thread warning: sys_ppu_thread_join(23) aborted
PPU: ! {PPULLVMRecompiler} PPU LLVM compiler thread exiting.
HLE: W {PPU[17] Thread (Certification Thread)[0x0004c6d0]} sys_timer warning: sys_timer_usleep(sleep_time=281474976710655) aborted
HLE: W {PPU[23] Thread (MAINTHREAD)[0x0004c6d0]} sys_timer warning: sys_timer_usleep(sleep_time=281474976710655) aborted
HLE: ! All threads stopped...
MEM: ! Closing memory...
