HLE: ! path: /dev_hdd0/game/
HLE: W No pause.bin found, Auto Pause will not work.
HLE: W No pause.bin found, Auto Pause will not work.
LDR: ! Loading 'D:\Emulateurs\Rpcs3\dev_hdd0\game\BLJM61146-[Infinite Stratos 2 Ignition Hearts]/PS3_GAME/USRDIR/BOOT.BIN'...
LDR: !  
LDR: ! Mount info:
LDR: ! /dev_hdd0/ -> ./dev_hdd0/
LDR: ! /dev_hdd1/ -> ./dev_hdd1/
LDR: ! /dev_flash/ -> ./dev_flash/
LDR: ! /dev_usb000/ -> ./dev_usb000/
LDR: ! /dev_usb/ -> ./dev_usb000/
LDR: ! /app_home/ -> D:\Emulateurs\Rpcs3\dev_hdd0\game\BLJM61146-[Infinite Stratos 2 Ignition Hearts]/PS3_GAME/
LDR: ! /dev_bdvd/ -> D:\Emulateurs\Rpcs3\dev_hdd0\game\BLJM61146-[Infinite Stratos 2 Ignition Hearts]/PS3_GAME//../
LDR: ! /host_root/ -> 
LDR: ! /app_home/PS3_GAME/USRDIR/ -> D:\Emulateurs\Rpcs3\dev_hdd0\game\BLJM61146-[Infinite Stratos 2 Ignition Hearts]/PS3_GAME//USRDIR/
LDR: ! /dev_flash2/ -> ./dev_flash2/
LDR: ! /app_home/Game/PS3_GAME/USRDIR/ -> D:\Emulateurs\Rpcs3\dev_hdd0\game\BLJM61146-[Infinite Stratos 2 Ignition Hearts]/PS3_GAME//USRDIR/
LDR: ! //dev_hdd0/ -> ./dev_hdd0/
LDR: ! / -> D:\Emulateurs\Rpcs3\dev_hdd0\game\BLJM61146-[Infinite Stratos 2 Ignition Hearts]/PS3_GAME//USRDIR/
LDR: !  
LDR: ! Title: Infinite Stratos 2 Ignition Hearts
LDR: ! Serial: BLJM61146
LDR: !  
MEM: ! Initializing memory: m_base_addr = 0x13b9b00000
MEM: ! Memory initialized.
LDR: ! Imported function 'cellFsClose' in 'sys_fs' module
LDR: ! Imported function 'cellFsOpendir' in 'sys_fs' module
LDR: ! Imported function 'cellFsRead' in 'sys_fs' module
LDR: ! Imported function 'cellFsReaddir' in 'sys_fs' module
LDR: ! Imported function 'cellFsOpen' in 'sys_fs' module
LDR: ! Imported function 'cellFsStat' in 'sys_fs' module
LDR: ! Imported function 'cellFsAioRead' in 'sys_fs' module
LDR: ! Imported function 'cellFsAioInit' in 'sys_fs' module
LDR: ! Imported function 'cellFsFstat' in 'sys_fs' module
LDR: ! Imported function 'cellFsClosedir' in 'sys_fs' module
LDR: ! Imported function 'cellPadInit' in 'sys_io' module
LDR: ! Imported function 'cellPadSetPortSetting' in 'sys_io' module
LDR: ! Imported function 'cellPadGetData' in 'sys_io' module
LDR: ! Imported function 'cellPadGetInfo2' in 'sys_io' module
LDR: ! Imported function 'cellPadSetActDirect' in 'sys_io' module
LDR: ! Imported function 'cellSysmoduleUnloadModule' in 'cellSysmodule' module
LDR: ! Imported function 'cellSysmoduleLoadModule' in 'cellSysmodule' module
LDR: ! Imported function 'cellRescGcmSurface2RescSrc' in 'cellResc' module
LDR: ! Imported function 'cellRescSetWaitFlip' in 'cellResc' module
LDR: ! Imported function 'cellRescSetDsts' in 'cellResc' module
LDR: ! Imported function 'cellRescSetDisplayMode' in 'cellResc' module
LDR: ! Imported function 'cellRescSetConvertAndFlip' in 'cellResc' module
LDR: ! Imported function 'cellRescExit' in 'cellResc' module
LDR: ! Imported function 'cellRescSetFlipHandler' in 'cellResc' module
LDR: ! Imported function 'cellRescInit' in 'cellResc' module
LDR: ! Imported function 'cellRescGetBufferSize' in 'cellResc' module
LDR: ! Imported function 'cellRescSetSrc' in 'cellResc' module
LDR: ! Imported function 'cellRescSetBufferAddress' in 'cellResc' module
LDR: ! Imported function 'cellRescVideoOutResolutionId2RescBufferMode' in 'cellResc' module
LDR: ! Imported function 'cellRescSetVBlankHandler' in 'cellResc' module
LDR: ! Imported function 'cellSysutilUnregisterCallback' in 'cellSysutil' module
LDR: ! Imported function 'cellVideoOutConfigure' in 'cellSysutil' module
LDR: ! Imported function 'cellSysutilCheckCallback' in 'cellSysutil' module
LDR: ! Imported function 'cellSaveDataListLoad2' in 'cellSysutil' module
LDR: ! Imported function 'cellSaveDataListAutoLoad' in 'cellSysutil' module
LDR: ! Imported function 'cellSaveDataFixedLoad2' in 'cellSysutil' module
LDR: ! Imported function 'cellSaveDataFixedSave2' in 'cellSysutil' module
LDR: ! Imported function 'cellSaveDataListSave2' in 'cellSysutil' module
LDR: ! Imported function 'cellMsgDialogOpenErrorCode' in 'cellSysutil' module
LDR: ! Imported function 'cellSysutilGetSystemParamInt' in 'cellSysutil' module
LDR: ! Imported function 'cellSaveDataListAutoSave' in 'cellSysutil' module
LDR: ! Imported function 'cellMsgDialogAbort' in 'cellSysutil' module
LDR: ! Imported function 'cellMsgDialogOpen2' in 'cellSysutil' module
LDR: ! Imported function 'cellVideoOutGetState' in 'cellSysutil' module
LDR: ! Imported function 'cellSaveDataAutoSave2' in 'cellSysutil' module
LDR: ! Imported function 'cellSysutilRegisterCallback' in 'cellSysutil' module
LDR: ! Imported function 'cellVideoOutGetResolutionAvailability' in 'cellSysutil' module
LDR: W Unimplemented function 'cellSaveDataFixedDelete' in 'cellSysutil' module
LDR: ! Imported function 'cellVideoOutGetResolution' in 'cellSysutil' module
LDR: W Unimplemented function 'cellSaveDataEnableOverlay' in 'cellSysutil' module
LDR: W Unimplemented function 'cellSaveDataDelete2' in 'cellSysutil' module
LDR: ! Imported function 'cellSaveDataAutoLoad2' in 'cellSysutil' module
LDR: ! Imported function 'cellGameContentPermit' in 'cellGame' module
LDR: ! Imported function 'cellGameContentErrorDialog' in 'cellGame' module
LDR: ! Imported function 'cellGamePatchCheck' in 'cellGame' module
LDR: ! Imported function 'cellGameDataCheck' in 'cellGame' module
LDR: ! Imported function 'cellGameBootCheck' in 'cellGame' module
LDR: W Unknown module 'cellSaveData'
LDR: ! Imported function 'cellSaveDataListDelete' in 'cellSaveData' module
LDR: ! Imported function 'sceNpBasicSendMessageGui' in 'sceNp' module
LDR: ! Imported function 'sceNpBasicGetFriendListEntry' in 'sceNp' module
LDR: ! Imported function 'sceNpLookupNpId' in 'sceNp' module
LDR: ! Imported function 'sceNpManagerGetAccountAge' in 'sceNp' module
LDR: ! Imported function 'sceNpScoreGetRankingByRangeAsync' in 'sceNp' module
LDR: ! Imported function 'sceNpScoreDestroyTitleCtx' in 'sceNp' module
LDR: ! Imported function 'sceNpScoreInit' in 'sceNp' module
LDR: ! Imported function 'sceNpScoreGetRankingByNpIdAsync' in 'sceNp' module
LDR: ! Imported function 'sceNpTerm' in 'sceNp' module
LDR: ! Imported function 'sceNpManagerUnregisterCallback' in 'sceNp' module
LDR: ! Imported function 'sceNpLookupDestroyTitleCtx' in 'sceNp' module
LDR: ! Imported function 'sceNpLookupInit' in 'sceNp' module
LDR: ! Imported function 'sceNpBasicRecvMessageAttachmentLoad' in 'sceNp' module
LDR: ! Imported function 'sceNpManagerGetContentRatingFlag' in 'sceNp' module
LDR: ! Imported function 'sceNpScoreCreateTransactionCtx' in 'sceNp' module
LDR: ! Imported function 'sceNpBasicGetBlockListEntryCount' in 'sceNp' module
LDR: ! Imported function 'sceNpLookupPollAsync' in 'sceNp' module
LDR: ! Imported function 'sceNpBasicRecvMessageCustom' in 'sceNp' module
LDR: ! Imported function 'sceNpLookupTerm' in 'sceNp' module
LDR: ! Imported function 'sceNpLookupTitleSmallStorageAsync' in 'sceNp' module
LDR: ! Imported function 'sceNpScoreTerm' in 'sceNp' module
LDR: ! Imported function 'sceNpScorePollAsync' in 'sceNp' module
LDR: ! Imported function 'sceNpManagerGetStatus' in 'sceNp' module
LDR: ! Imported function 'sceNpDrmIsAvailable' in 'sceNp' module
LDR: ! Imported function 'sceNpBasicGetFriendListEntryCount' in 'sceNp' module
LDR: ! Imported function 'sceNpManagerGetAccountRegion' in 'sceNp' module
LDR: ! Imported function 'sceNpScoreCreateTitleCtx' in 'sceNp' module
LDR: ! Imported function 'sceNpInit' in 'sceNp' module
LDR: ! Imported function 'sceNpScoreDestroyTransactionCtx' in 'sceNp' module
LDR: ! Imported function 'sceNpLookupCreateTitleCtx' in 'sceNp' module
LDR: ! Imported function 'sceNpProfileCallGui' in 'sceNp' module
LDR: ! Imported function 'sceNpUtilCmpNpId' in 'sceNp' module
LDR: ! Imported function 'sceNpScoreGetGameDataAsync' in 'sceNp' module
LDR: ! Imported function 'sceNpLookupUserProfile' in 'sceNp' module
LDR: ! Imported function 'sceNpManagerRegisterCallback' in 'sceNp' module
LDR: ! Imported function 'sceNpLookupCreateTransactionCtx' in 'sceNp' module
LDR: ! Imported function 'sceNpManagerGetChatRestrictionFlag' in 'sceNp' module
LDR: ! Imported function 'sceNpScoreAbortTransaction' in 'sceNp' module
LDR: ! Imported function 'sceNpScoreRecordScoreAsync' in 'sceNp' module
LDR: ! Imported function 'sceNpBasicGetBlockListEntry' in 'sceNp' module
LDR: ! Imported function 'sceNpScoreRecordGameDataAsync' in 'sceNp' module
LDR: ! Imported function 'sceNpLookupDestroyTransactionCtx' in 'sceNp' module
LDR: ! Imported function 'sceNpManagerGetNpId' in 'sceNp' module
LDR: ! Imported function 'cellAudioCreateNotifyEventQueue' in 'cellAudio' module
LDR: ! Imported function 'cellAudioInit' in 'cellAudio' module
LDR: ! Imported function 'cellAudioSetNotifyEventQueue' in 'cellAudio' module
LDR: ! Imported function 'cellAudioGetPortTimestamp' in 'cellAudio' module
LDR: ! Imported function 'cellAudioPortClose' in 'cellAudio' module
LDR: ! Imported function 'cellAudioGetPortConfig' in 'cellAudio' module
LDR: W Unimplemented function 'cellAudioAdd6chData' in 'cellAudio' module
LDR: ! Imported function 'cellAudioPortStart' in 'cellAudio' module
LDR: ! Imported function 'cellAudioAdd2chData' in 'cellAudio' module
LDR: ! Imported function 'cellAudioQuit' in 'cellAudio' module
LDR: ! Imported function 'cellAudioPortOpen' in 'cellAudio' module
LDR: ! Imported function 'cellAudioAddData' in 'cellAudio' module
LDR: ! Imported function 'cellAudioGetPortBlockTag' in 'cellAudio' module
LDR: ! Imported function 'cellAudioRemoveNotifyEventQueue' in 'cellAudio' module
LDR: ! Imported function 'cellGcmGetTiledPitchSize' in 'cellGcmSys' module
LDR: ! Imported function 'cellGcmSetPrepareFlip' in 'cellGcmSys' module
LDR: ! Imported function '_cellGcmInitBody' in 'cellGcmSys' module
LDR: ! Imported function '_cellGcmSetFlipCommand' in 'cellGcmSys' module
LDR: ! Imported function 'cellGcmAddressToOffset' in 'cellGcmSys' module
LDR: ! Imported function '_cellGcmFunc15' in 'cellGcmSys' module
LDR: ! Imported function 'cellGcmBindTile' in 'cellGcmSys' module
LDR: ! Imported function 'cellGcmSetFlipMode' in 'cellGcmSys' module
LDR: ! Imported function 'cellGcmGetDefaultCommandWordSize' in 'cellGcmSys' module
LDR: ! Imported function 'cellGcmGetLastFlipTime' in 'cellGcmSys' module
LDR: ! Imported function 'cellGcmGetDefaultSegmentWordSize' in 'cellGcmSys' module
LDR: ! Imported function 'cellGcmSetDefaultFifoSize' in 'cellGcmSys' module
LDR: ! Imported function 'cellGcmMapMainMemory' in 'cellGcmSys' module
LDR: ! Imported function 'cellGcmSetFlipHandler' in 'cellGcmSys' module
LDR: ! Imported function 'cellGcmSetDisplayBuffer' in 'cellGcmSys' module
LDR: ! Imported function 'cellGcmGetControlRegister' in 'cellGcmSys' module
LDR: ! Imported function 'cellGcmSetVBlankHandler' in 'cellGcmSys' module
LDR: ! Imported function 'cellGcmSetFlipImmediate' in 'cellGcmSys' module
LDR: ! Imported function 'cellGcmSetTileInfo' in 'cellGcmSys' module
LDR: ! Imported function '_cellGcmSetFlipCommandWithWaitLabel' in 'cellGcmSys' module
LDR: ! Imported function 'cellGcmUnbindTile' in 'cellGcmSys' module
LDR: ! Imported function 'cellGcmUnmapIoAddress' in 'cellGcmSys' module
LDR: ! Imported function 'cellGcmGetConfiguration' in 'cellGcmSys' module
LDR: ! Imported function 'cellGcmGetLabelAddress' in 'cellGcmSys' module
LDR: W Unimplemented function 'cellPngEncClose' in 'cellPngEnc' module
LDR: W Unimplemented function 'cellPngEncOpen' in 'cellPngEnc' module
LDR: W Unimplemented function 'cellPngEncQueryAttr' in 'cellPngEnc' module
LDR: W Unimplemented function 'cellPngEncGetStreamInfo' in 'cellPngEnc' module
LDR: W Unimplemented function 'cellPngEncEncodePicture' in 'cellPngEnc' module
LDR: W Unimplemented function 'cellPngEncWaitForInput' in 'cellPngEnc' module
LDR: W Unimplemented function 'cellPngEncWaitForOutput' in 'cellPngEnc' module
LDR: ! Imported function 'cellRtcSetTick' in 'cellRtc' module
LDR: ! Imported function 'cellRtcGetCurrentTick' in 'cellRtc' module
LDR: ! Imported function 'cellRtcConvertUtcToLocalTime' in 'cellRtc' module
LDR: W Unknown module 'cellSysutilAvconfExt'
LDR: ! Imported function 'cellVideoOutGetScreenSize' in 'cellSysutilAvconfExt' module
LDR: ! Imported function 'sceNpTrophyRegisterContext' in 'sceNpTrophy' module
LDR: ! Imported function 'sceNpTrophyCreateHandle' in 'sceNpTrophy' module
LDR: ! Imported function 'sceNpTrophyGetRequiredDiskSpace' in 'sceNpTrophy' module
LDR: ! Imported function 'sceNpTrophyDestroyContext' in 'sceNpTrophy' module
LDR: ! Imported function 'sceNpTrophyInit' in 'sceNpTrophy' module
LDR: ! Imported function 'sceNpTrophyAbortHandle' in 'sceNpTrophy' module
LDR: ! Imported function 'sceNpTrophyDestroyHandle' in 'sceNpTrophy' module
LDR: ! Imported function 'sceNpTrophyUnlockTrophy' in 'sceNpTrophy' module
LDR: ! Imported function 'sceNpTrophyTerm' in 'sceNpTrophy' module
LDR: ! Imported function 'sceNpTrophyCreateContext' in 'sceNpTrophy' module
LDR: W Unknown module 'cellRemotePlay'
LDR: ! Imported function 'cellRemotePlayGetStatus' in 'cellRemotePlay' module
LDR: W Unknown module 'sceNpTus'
LDR: ! Imported function 'sceNpTusCreateTransactionCtx' in 'sceNpTus' module
LDR: ! Imported function 'sceNpTusPollAsync' in 'sceNpTus' module
LDR: ! Imported function 'sceNpTusTerm' in 'sceNpTus' module
LDR: ! Imported function 'sceNpTusDestroyTitleCtx' in 'sceNpTus' module
LDR: ! Imported function 'sceNpTusDestroyTransactionCtx' in 'sceNpTus' module
LDR: ! Imported function 'sceNpTusGetDataAsync' in 'sceNpTus' module
LDR: ! Imported function 'sceNpTusCreateTitleCtx' in 'sceNpTus' module
LDR: ! Imported function 'sceNpTusInit' in 'sceNpTus' module
LDR: ! Imported function 'sceNpTusSetDataAsync' in 'sceNpTus' module
LDR: ! Imported function 'cellJpgDecReadHeader' in 'cellJpgDec' module
LDR: ! Imported function 'cellJpgDecClose' in 'cellJpgDec' module
LDR: ! Imported function 'cellJpgDecOpen' in 'cellJpgDec' module
LDR: ! Imported function 'cellJpgDecCreate' in 'cellJpgDec' module
LDR: ! Imported function 'cellJpgDecDecodeData' in 'cellJpgDec' module
LDR: ! Imported function 'cellJpgDecDestroy' in 'cellJpgDec' module
LDR: ! Imported function 'cellJpgDecSetParameter' in 'cellJpgDec' module
LDR: ! Imported function 'cellAtracGetChannel' in 'cellAtrac' module
LDR: ! Imported function 'cellAtracGetMaxSample' in 'cellAtrac' module
LDR: ! Imported function 'cellAtracSetDataAndGetMemSize' in 'cellAtrac' module
LDR: ! Imported function 'cellAtracDeleteDecoder' in 'cellAtrac' module
LDR: ! Imported function 'cellAtracSetLoopNum' in 'cellAtrac' module
LDR: ! Imported function 'cellAtracDecode' in 'cellAtrac' module
LDR: ! Imported function 'cellAtracGetInternalErrorInfo' in 'cellAtrac' module
LDR: ! Imported function 'cellAtracCreateDecoder' in 'cellAtrac' module
LDR: ! Imported function 'cellSpursAttributeSetNamePrefix' in 'cellSpurs' module
LDR: ! Imported function 'cellSpursAttributeEnableSpuPrintfIfAvailable' in 'cellSpurs' module
LDR: ! Imported function '_cellSpursAttributeInitialize' in 'cellSpurs' module
LDR: ! Imported function 'cellSpursInitializeWithAttribute' in 'cellSpurs' module
LDR: ! Imported function 'cellSpursFinalize' in 'cellSpurs' module
LDR: ! Imported function 'cellPamfReaderGetPresentationStartTime' in 'cellPamf' module
LDR: ! Imported function 'cellPamfReaderGetPresentationEndTime' in 'cellPamf' module
LDR: ! Imported function 'cellSailGraphicsAdapterGetFrame' in 'cellSail' module
LDR: ! Imported function 'cellSailDescriptorCreateDatabase' in 'cellSail' module
LDR: ! Imported function 'cellSailFutureReset' in 'cellSail' module
LDR: ! Imported function 'cellSailPlayerSetSoundAdapter' in 'cellSail' module
LDR: ! Imported function 'cellSailGraphicsAdapterPtsToTimePosition' in 'cellSail' module
LDR: ! Imported function 'cellSailPlayerFinalize' in 'cellSail' module
LDR: ! Imported function 'cellSailPlayerSetGraphicsAdapter' in 'cellSail' module
LDR: ! Imported function 'cellSailGraphicsAdapterInitialize' in 'cellSail' module
LDR: ! Imported function 'cellSailSoundAdapterSetPreferredFormat' in 'cellSail' module
LDR: ! Imported function 'cellSailPlayerInitialize2' in 'cellSail' module
LDR: ! Imported function 'cellSailDescriptorDestroyDatabase' in 'cellSail' module
LDR: ! Imported function 'cellSailGraphicsAdapterSetPreferredFormat' in 'cellSail' module
LDR: ! Imported function 'cellSailMemAllocatorInitialize' in 'cellSail' module
LDR: ! Imported function 'cellSailPlayerOpenStream' in 'cellSail' module
LDR: ! Imported function 'cellSailFutureGet' in 'cellSail' module
LDR: ! Imported function 'cellSailSoundAdapterInitialize' in 'cellSail' module
LDR: ! Imported function 'cellSailGraphicsAdapterUpdateAvSync' in 'cellSail' module
LDR: ! Imported function 'cellSailSoundAdapterPtsToTimePosition' in 'cellSail' module
LDR: ! Imported function 'cellSailFutureInitialize' in 'cellSail' module
LDR: ! Imported function 'cellSailMp4MovieGetMovieInfo' in 'cellSail' module
LDR: ! Imported function 'cellSailPlayerSetParameter' in 'cellSail' module
LDR: ! Imported function 'cellSailAviMovieGetMovieInfo' in 'cellSail' module
LDR: ! Imported function 'cellSailGraphicsAdapterFinalize' in 'cellSail' module
LDR: ! Imported function 'cellSailPlayerAddDescriptor' in 'cellSail' module
LDR: ! Imported function 'cellSailSoundAdapterGetFrame' in 'cellSail' module
LDR: ! Imported function 'cellSailFutureFinalize' in 'cellSail' module
LDR: ! Imported function 'cellSailFutureSet' in 'cellSail' module
LDR: ! Imported function 'cellSailPlayerBoot' in 'cellSail' module
LDR: ! Imported function 'cellSailSoundAdapterFinalize' in 'cellSail' module
LDR: ! Imported function 'cellSailPlayerSetPaused' in 'cellSail' module
LDR: ! Imported function 'cellSailPlayerCreateDescriptor' in 'cellSail' module
LDR: ! Imported function 'cellSailPlayerStart' in 'cellSail' module
LDR: ! Imported function 'cellSailPlayerStop' in 'cellSail' module
LDR: ! Imported function 'cellSailSoundAdapterUpdateAvSync' in 'cellSail' module
LDR: ! Imported function 'cellSailSoundAdapterGetFormat' in 'cellSail' module
LDR: ! Imported function 'cellSailPlayerSetRepeatMode' in 'cellSail' module
LDR: ! Imported function 'cellSailPlayerDestroyDescriptor' in 'cellSail' module
LDR: ! Imported function 'cellSailGraphicsAdapterGetFormat' in 'cellSail' module
LDR: W Unimplemented function 'sceNpMatching2DestroyContext' in 'sceNp2' module
LDR: W Unimplemented function 'sceNpMatching2GetWorldInfoList' in 'sceNp2' module
LDR: W Unimplemented function 'sceNpMatching2SearchRoom' in 'sceNp2' module
LDR: W Unimplemented function 'sceNpMatching2SetUserInfo' in 'sceNp2' module
LDR: W Unimplemented function 'sceNpMatching2LeaveRoom' in 'sceNp2' module
LDR: W Unimplemented function 'sceNpMatching2Term2' in 'sceNp2' module
LDR: W Unimplemented function 'sceNpMatching2SignalingGetConnectionInfo' in 'sceNp2' module
LDR: W Unimplemented function 'sceNpMatching2AbortRequest' in 'sceNp2' module
LDR: W Unimplemented function 'sceNpMatching2GetServerInfo' in 'sceNp2' module
LDR: W Unimplemented function 'sceNpMatching2GetEventData' in 'sceNp2' module
LDR: W Unimplemented function 'sceNp2Init' in 'sceNp2' module
LDR: W Unimplemented function 'sceNpMatching2AbortContextStart' in 'sceNp2' module
LDR: W Unimplemented function 'sceNpMatching2GetRoomMemberIdListLocal' in 'sceNp2' module
LDR: W Unimplemented function 'sceNpMatching2JoinRoom' in 'sceNp2' module
LDR: W Unimplemented function 'sceNpMatching2GetRoomMemberDataInternalLocal' in 'sceNp2' module
LDR: W Unimplemented function 'sceNpMatching2ContextStartAsync' in 'sceNp2' module
LDR: W Unimplemented function 'sceNpMatching2RegisterContextCallback' in 'sceNp2' module
LDR: W Unimplemented function 'sceNpMatching2SetRoomDataInternal' in 'sceNp2' module
LDR: W Unimplemented function 'sceNpMatching2SignalingGetPingInfo' in 'sceNp2' module
LDR: W Unimplemented function 'sceNpMatching2GetServerIdListLocal' in 'sceNp2' module
LDR: W Unimplemented function 'sceNpMatching2CreateContext' in 'sceNp2' module
LDR: W Unimplemented function 'sceNpMatching2RegisterSignalingCallback' in 'sceNp2' module
LDR: W Unimplemented function 'sceNpMatching2ClearEventData' in 'sceNp2' module
LDR: W Unimplemented function 'sceNp2Term' in 'sceNp2' module
LDR: W Unimplemented function 'sceNpMatching2SetRoomMemberDataInternal' in 'sceNp2' module
LDR: W Unimplemented function 'sceNpMatching2SetDefaultRequestOptParam' in 'sceNp2' module
LDR: W Unimplemented function 'sceNpMatching2RegisterRoomEventCallback' in 'sceNp2' module
LDR: W Unimplemented function 'sceNpMatching2GetRoomDataExternalList' in 'sceNp2' module
LDR: W Unimplemented function 'sceNpMatching2CreateJoinRoom' in 'sceNp2' module
LDR: W Unimplemented function 'sceNpMatching2ContextStop' in 'sceNp2' module
LDR: W Unimplemented function 'cellRudpSetOption' in 'cellRudp' module
LDR: W Unimplemented function 'cellRudpWrite' in 'cellRudp' module
LDR: W Unimplemented function 'cellRudpTerminate' in 'cellRudp' module
LDR: W Unimplemented function 'cellRudpInit' in 'cellRudp' module
LDR: W Unimplemented function 'cellRudpEnableInternalIOThread' in 'cellRudp' module
LDR: W Unimplemented function 'cellRudpCreateContext' in 'cellRudp' module
LDR: W Unimplemented function 'cellRudpSetEventHandler' in 'cellRudp' module
LDR: W Unimplemented function 'cellRudpRead' in 'cellRudp' module
LDR: W Unimplemented function 'cellRudpEnd' in 'cellRudp' module
LDR: W Unimplemented function 'cellRudpInitiate' in 'cellRudp' module
LDR: W Unimplemented function 'cellRudpBind' in 'cellRudp' module
LDR: ! Imported function 'sys_net_initialize_network_ex' in 'sys_net' module
LDR: ! Imported function 'recvfrom' in 'sys_net' module
LDR: ! Imported function 'listen' in 'sys_net' module
LDR: W Unimplemented function 'socketselect' in 'sys_net' module
LDR: ! Imported function '_sys_net_errno_loc' in 'sys_net' module
LDR: ! Imported function 'connect' in 'sys_net' module
LDR: ! Imported function 'socketclose' in 'sys_net' module
LDR: ! Imported function 'setsockopt' in 'sys_net' module
LDR: ! Imported function 'sys_net_abort_socket' in 'sys_net' module
LDR: ! Imported function 'sendto' in 'sys_net' module
LDR: ! Imported function 'socket' in 'sys_net' module
LDR: ! Imported function 'shutdown' in 'sys_net' module
LDR: ! Imported function 'bind' in 'sys_net' module
LDR: ! Imported function 'sys_net_finalize_network' in 'sys_net' module
LDR: ! Imported function 'accept' in 'sys_net' module
LDR: ! Imported function 'send' in 'sys_net' module
LDR: ! Imported function 'recv' in 'sys_net' module
LDR: ! Imported function 'cellNetCtlNetStartDialogLoadAsync' in 'cellNetCtl' module
LDR: ! Imported function 'cellNetCtlNetStartDialogUnloadAsync' in 'cellNetCtl' module
LDR: ! Imported function 'cellNetCtlTerm' in 'cellNetCtl' module
LDR: ! Imported function 'cellNetCtlNetStartDialogAbortAsync' in 'cellNetCtl' module
LDR: ! Imported function 'cellNetCtlInit' in 'cellNetCtl' module
LDR: ! Imported function 'sys_lwmutex_lock' in 'sysPrxForUser' module
LDR: ! Imported function 'sys_lwmutex_unlock' in 'sysPrxForUser' module
LDR: ! Imported function 'sys_ppu_thread_create' in 'sysPrxForUser' module
LDR: ! Imported function '_sys_process_atexitspawn' in 'sysPrxForUser' module
LDR: ! Imported function 'sys_lwmutex_create' in 'sysPrxForUser' module
LDR: ! Imported function 'sys_ppu_thread_get_id' in 'sysPrxForUser' module
LDR: ! Imported function 'sys_prx_register_library' in 'sysPrxForUser' module
LDR: ! Imported function '_sys_heap_memalign' in 'sysPrxForUser' module
LDR: ! Imported function 'sys_initialize_tls' in 'sysPrxForUser' module
LDR: ! Imported function 'sys_time_get_system_time' in 'sysPrxForUser' module
LDR: W Unimplemented function '_sys_heap_free' in 'sysPrxForUser' module
LDR: ! Imported function '_sys_process_at_Exitspawn' in 'sysPrxForUser' module
LDR: ! Imported function 'sys_prx_exitspawn_with_level' in 'sysPrxForUser' module
LDR: W Unimplemented function '_sys_heap_delete_heap' in 'sysPrxForUser' module
LDR: ! Imported function 'sys_ppu_thread_exit' in 'sysPrxForUser' module
LDR: ! Imported function '_sys_heap_create_heap' in 'sysPrxForUser' module
LDR: ! Imported function 'sys_lwmutex_destroy' in 'sysPrxForUser' module
LDR: ! Imported function 'sys_spu_image_close' in 'sysPrxForUser' module
LDR: ! Imported function 'sys_process_exit' in 'sysPrxForUser' module
LDR: ! Imported function 'sys_spu_image_import' in 'sysPrxForUser' module
HLE: W {PPU[1] Thread (CPUThread)[0x0040b034]} sys_lwmutex warning: sys_lwmutex_create(lwmutex_addr=0x33fc90, attr_addr=0x255fa8)
HLE: ! {PPU[1] Thread (CPUThread)[0x0040b034]} sys_lwmutex: *** lwmutex created [_lc_mtx] (attribute=0x12): sq_id = 3
HLE: W {PPU[1] Thread (CPUThread)[0x0002f474]} sys_memory warning: sys_memory_get_user_memory_size(mem_info_addr=0xd000fc04)
HLE: W {PPU[1] Thread (CPUThread)[0x0040b034]} sys_lwmutex warning: sys_lwmutex_create(lwmutex_addr=0x33fa90, attr_addr=0x255fa8)
HLE: ! {PPU[1] Thread (CPUThread)[0x0040b034]} sys_lwmutex: *** lwmutex created [_lc_mtx] (attribute=0x12): sq_id = 4
HLE: W {PPU[1] Thread (CPUThread)[0x0040b034]} sys_lwmutex warning: sys_lwmutex_create(lwmutex_addr=0x33f220, attr_addr=0x255fa8)
HLE: ! {PPU[1] Thread (CPUThread)[0x0040b034]} sys_lwmutex: *** lwmutex created [_lc_mtx] (attribute=0x12): sq_id = 5
HLE: W {PPU[1] Thread (CPUThread)[0x0040b034]} sys_lwmutex warning: sys_lwmutex_create(lwmutex_addr=0x33f248, attr_addr=0x255fa8)
HLE: ! {PPU[1] Thread (CPUThread)[0x0040b034]} sys_lwmutex: *** lwmutex created [_lc_mtx] (attribute=0x12): sq_id = 6
HLE: W {PPU[1] Thread (CPUThread)[0x0040b034]} sys_lwmutex warning: sys_lwmutex_create(lwmutex_addr=0x33f270, attr_addr=0x255fa8)
HLE: ! {PPU[1] Thread (CPUThread)[0x0040b034]} sys_lwmutex: *** lwmutex created [_lc_mtx] (attribute=0x12): sq_id = 7
HLE: W {PPU[1] Thread (CPUThread)[0x0040b034]} sys_lwmutex warning: sys_lwmutex_create(lwmutex_addr=0x33f158, attr_addr=0x255fa8)
HLE: ! {PPU[1] Thread (CPUThread)[0x0040b034]} sys_lwmutex: *** lwmutex created [_lc_mtx] (attribute=0x12): sq_id = 8
HLE: W {PPU[1] Thread (CPUThread)[0x0040b034]} sys_lwmutex warning: sys_lwmutex_create(lwmutex_addr=0x33f180, attr_addr=0x255fa8)
HLE: ! {PPU[1] Thread (CPUThread)[0x0040b034]} sys_lwmutex: *** lwmutex created [_lc_mtx] (attribute=0x12): sq_id = 9
HLE: W {PPU[1] Thread (CPUThread)[0x0040b034]} sys_lwmutex warning: sys_lwmutex_create(lwmutex_addr=0x33f1a8, attr_addr=0x255fa8)
HLE: ! {PPU[1] Thread (CPUThread)[0x0040b034]} sys_lwmutex: *** lwmutex created [_lc_mtx] (attribute=0x12): sq_id = 10
HLE: W {PPU[1] Thread (CPUThread)[0x0040b034]} sys_lwmutex warning: sys_lwmutex_create(lwmutex_addr=0x33f1d0, attr_addr=0x255fa8)
HLE: ! {PPU[1] Thread (CPUThread)[0x0040b034]} sys_lwmutex: *** lwmutex created [_lc_mtx] (attribute=0x12): sq_id = 11
HLE: W {PPU[1] Thread (CPUThread)[0x0040b034]} sys_lwmutex warning: sys_lwmutex_create(lwmutex_addr=0x33f1f8, attr_addr=0x255fa8)
HLE: ! {PPU[1] Thread (CPUThread)[0x0040b034]} sys_lwmutex: *** lwmutex created [_lc_mtx] (attribute=0x12): sq_id = 12
HLE: W {PPU[1] Thread (CPUThread)[0x0040b034]} sys_lwmutex warning: sys_lwmutex_create(lwmutex_addr=0x30100020, attr_addr=0x255fa8)
HLE: ! {PPU[1] Thread (CPUThread)[0x0040b034]} sys_lwmutex: *** lwmutex created [_lc_mtx] (attribute=0x12): sq_id = 13
HLE: W {PPU[1] Thread (CPUThread)[0x0040b034]} sys_lwmutex warning: sys_lwmutex_create(lwmutex_addr=0x301000a0, attr_addr=0x255fa8)
HLE: ! {PPU[1] Thread (CPUThread)[0x0040b034]} sys_lwmutex: *** lwmutex created [_lc_mtx] (attribute=0x12): sq_id = 14
HLE: W {PPU[1] Thread (CPUThread)[0x0040b034]} sys_lwmutex warning: sys_lwmutex_create(lwmutex_addr=0x30100130, attr_addr=0x255fa8)
HLE: ! {PPU[1] Thread (CPUThread)[0x0040b034]} sys_lwmutex: *** lwmutex created [_lc_mtx] (attribute=0x12): sq_id = 15
HLE: W {PPU[1] Thread (CPUThread)[0x0040b034]} sys_lwmutex warning: sys_lwmutex_create(lwmutex_addr=0x30100190, attr_addr=0x255fa8)
HLE: ! {PPU[1] Thread (CPUThread)[0x0040b034]} sys_lwmutex: *** lwmutex created [_lc_mtx] (attribute=0x12): sq_id = 16
HLE: W {PPU[1] Thread (CPUThread)[0x0040b034]} sys_lwmutex warning: sys_lwmutex_create(lwmutex_addr=0x301001d0, attr_addr=0x255fa8)
HLE: ! {PPU[1] Thread (CPUThread)[0x0040b034]} sys_lwmutex: *** lwmutex created [_lc_mtx] (attribute=0x12): sq_id = 17
HLE: W {PPU[1] Thread (CPUThread)[0x0040b034]} sys_lwmutex warning: sys_lwmutex_create(lwmutex_addr=0x30100210, attr_addr=0x255fa8)
HLE: ! {PPU[1] Thread (CPUThread)[0x0040b034]} sys_lwmutex: *** lwmutex created [_lc_mtx] (attribute=0x12): sq_id = 18
HLE: W {PPU[1] Thread (CPUThread)[0x0040b034]} sys_lwmutex warning: sys_lwmutex_create(lwmutex_addr=0x301002d0, attr_addr=0x255fa8)
HLE: ! {PPU[1] Thread (CPUThread)[0x0040b034]} sys_lwmutex: *** lwmutex created [_lc_mtx] (attribute=0x12): sq_id = 19
HLE: W {PPU[1] Thread (CPUThread)[0x0040b034]} sys_lwmutex warning: sys_lwmutex_create(lwmutex_addr=0x30100300, attr_addr=0x255fa8)
HLE: ! {PPU[1] Thread (CPUThread)[0x0040b034]} sys_lwmutex: *** lwmutex created [_lc_mtx] (attribute=0x12): sq_id = 20
HLE: W {PPU[1] Thread (CPUThread)[0x0040b034]} sys_lwmutex warning: sys_lwmutex_create(lwmutex_addr=0x30100330, attr_addr=0x255fa8)
HLE: ! {PPU[1] Thread (CPUThread)[0x0040b034]} sys_lwmutex: *** lwmutex created [_lc_mtx] (attribute=0x12): sq_id = 21
HLE: W {PPU[1] Thread (CPUThread)[0x0040b034]} sys_lwmutex warning: sys_lwmutex_create(lwmutex_addr=0x30100360, attr_addr=0x255fa8)
HLE: ! {PPU[1] Thread (CPUThread)[0x0040b034]} sys_lwmutex: *** lwmutex created [_lc_mtx] (attribute=0x12): sq_id = 22
HLE: W {PPU[1] Thread (CPUThread)[0x0040b034]} sys_lwmutex warning: sys_lwmutex_create(lwmutex_addr=0x30100390, attr_addr=0x255fa8)
HLE: ! {PPU[1] Thread (CPUThread)[0x0040b034]} sys_lwmutex: *** lwmutex created [_lc_mtx] (attribute=0x12): sq_id = 23
HLE: W {PPU[1] Thread (CPUThread)[0x0040b034]} sys_lwmutex warning: sys_lwmutex_create(lwmutex_addr=0x301003c0, attr_addr=0x255fa8)
HLE: ! {PPU[1] Thread (CPUThread)[0x0040b034]} sys_lwmutex: *** lwmutex created [_lc_mtx] (attribute=0x12): sq_id = 24
HLE: W {PPU[1] Thread (CPUThread)[0x0022b12c]} sys_mutex warning: *** mutex created [] (protocol=0x1, recursive=true): id = 25
HLE: W {PPU[1] Thread (CPUThread)[0x0021a950]} sys_mutex warning: *** mutex created [] (protocol=0x1, recursive=true): id = 26
HLE: W {PPU[1] Thread (CPUThread)[0x0020d0c8]} sys_mutex warning: *** mutex created [] (protocol=0x1, recursive=true): id = 27
HLE: W {PPU[1] Thread (CPUThread)[0x001e5440]} sys_mutex warning: *** mutex created [] (protocol=0x1, recursive=true): id = 28
HLE: W {PPU[1] Thread (CPUThread)[0x001e5480]} sys_mutex warning: *** mutex created [] (protocol=0x1, recursive=true): id = 29
HLE: W {PPU[1] Thread (CPUThread)[0x00162640]} sys_mutex warning: *** mutex created [] (protocol=0x1, recursive=true): id = 30
HLE: W {PPU[1] Thread (CPUThread)[0x0022aef4]} sys_event_flag warning: sys_event_flag_create(eflag_id_addr=0x2b6f5c, attr_addr=0xd000fc40, init=0x0)
HLE: W {PPU[1] Thread (CPUThread)[0x0022aef4]} sys_event_flag warning: *** event_flag created [] (protocol=0x2, type=0x20000): id = 31
HLE: W {PPU[1] Thread (CPUThread)[0x0027d070]} cellSysutil warning: cellSysutilGetSystemParamInt: CELL_SYSUTIL_SYSTEMPARAM_ID_DATE_FORMAT
HLE: W {PPU[1] Thread (CPUThread)[0x0027d0b8]} cellSysutil warning: cellSysutilRegisterCallback(slot=0, func_addr=0x28a598, userdata=0x0)
HLE: W {PPU[1] Thread (CPUThread)[0x001eafd8]} sys_mutex warning: *** mutex created [] (protocol=0x1, recursive=true): id = 32
HLE: W {PPU[1] Thread (CPUThread)[0x001eb158]} sys_mutex warning: *** mutex created [] (protocol=0x1, recursive=true): id = 33
HLE: W {PPU[1] Thread (CPUThread)[0x001eb1a8]} sys_mutex warning: *** mutex created [] (protocol=0x1, recursive=true): id = 34
HLE: W {PPU[1] Thread (CPUThread)[0x001eb1f8]} sys_mutex warning: *** mutex created [] (protocol=0x1, recursive=true): id = 35
HLE: W {PPU[1] Thread (CPUThread)[0x001eb108]} sys_mutex warning: *** mutex created [] (protocol=0x1, recursive=true): id = 36
HLE: W {PPU[1] Thread (CPUThread)[0x003eb01c]} cellGcmSys warning: _cellGcmInitBody(context_addr=0x2b72b0, cmdSize=0x20000, ioSize=0x200000, ioAddress=0x30200000)
HLE: W {PPU[1] Thread (CPUThread)[0x003eb01c]} cellGcmSys warning: *** local memory(addr=0xc0000000, size=0xf900000)
HLE: W {PPU[1] Thread (CPUThread)[0x003eb01c]} cellGcmSys warning: cellGcmInit(): 256MB io address space used
HLE: W {PPU[1] Thread (CPUThread)[0x003eb01c]} cellGcmSys warning: cellGcmMapEaIoAddress(ea=0x30200000, io=0x0, size=0x200000)
RSX: ! {RSXThread} RSX thread started
HLE: W {PPU[1] Thread (CPUThread)[0x0027d0c4]} cellSysutil warning: cellVideoOutGetResolutionAvailability(videoOut=0, resolutionId=0x1, option_addr=0x0, aspect=0x0, option=0xbc4b9f70)
HLE: W {PPU[1] Thread (CPUThread)[0x0027d0c4]} cellSysutil warning: cellVideoOutGetResolutionAvailability(videoOut=0, resolutionId=0x81, option_addr=0x0, aspect=0x0, option=0xbc4b8a30)
HLE: W {PPU[1] Thread (CPUThread)[0x0027d010]} cellSysutil warning: cellVideoOutConfigure(videoOut=0, config_addr=0xd000fac4, option_addr=0x0, waitForEvent=0x0)
HLE: W {PPU[1] Thread (CPUThread)[0x00279010]} cellSysmodule warning: cellSysmoduleLoadModule(CELL_SYSMODULE_RESC)
HLE: W {PPU[1] Thread (CPUThread)[0x0027b058]} cellResc warning: cellRescInit(initConfig_addr=0xd000fad4)
HLE: W {PPU[1] Thread (CPUThread)[0x0027b028]} cellResc warning: cellRescSetDisplayMode(displayMode=8)
HLE: W {PPU[1] Thread (CPUThread)[0x0027b028]} cellSysutil warning: cellVideoOutConfigure(videoOut=0, config_addr=0x30016000, option_addr=0x0, waitForEvent=0x0)
HLE: W {PPU[1] Thread (CPUThread)[0x0027b028]} cellGcmSys warning: cellGcmSetFlipMode(mode=2)
HLE: W {PPU[1] Thread (CPUThread)[0x0027b064]} cellResc warning: cellRescGetBufferSize(colorBuffers_addr=0xd000faa0, vertexArray_addr=0xd000faa4, fragmentShader_addr=0xd000faa8)
HLE: W {PPU[1] Thread (CPUThread)[0x003eb0dc]} cellGcmSys warning: cellGcmSetTileInfo(index=0, location=0, offset=0, size=8912896, pitch=8192, comp=7, base=0, bank=0)
HLE: E {PPU[1] Thread (CPUThread)[0x003eb0dc]} cellGcmSys error: cellGcmSetTileInfo: bad compression mode! (7)
HLE: W {PPU[1] Thread (CPUThread)[0x003eb04c]} cellGcmSys warning: cellGcmBindTile(index=0)
HLE: W {PPU[1] Thread (CPUThread)[0x003eb0dc]} cellGcmSys warning: cellGcmSetTileInfo(index=1, location=0, offset=8912896, size=8912896, pitch=8192, comp=9, base=136, bank=1)
HLE: E {PPU[1] Thread (CPUThread)[0x003eb0dc]} cellGcmSys error: cellGcmSetTileInfo: bad compression mode! (9)
HLE: W {PPU[1] Thread (CPUThread)[0x003eb04c]} cellGcmSys warning: cellGcmBindTile(index=1)
HLE: W {PPU[1] Thread (CPUThread)[0x0027b07c]} cellResc warning: cellRescSetBufferAddress(colorBuffers_addr=0xc1100000, vertexArray_addr=0xc2200000, fragmentShader_addr=0xc2200180)
HLE: W {PPU[1] Thread (CPUThread)[0x003eb0dc]} cellGcmSys warning: cellGcmSetTileInfo(index=2, location=0, offset=17825792, size=17825792, pitch=8192, comp=7, base=272, bank=0)
HLE: E {PPU[1] Thread (CPUThread)[0x003eb0dc]} cellGcmSys error: cellGcmSetTileInfo: bad compression mode! (7)
HLE: W {PPU[1] Thread (CPUThread)[0x003eb04c]} cellGcmSys warning: cellGcmBindTile(index=2)
HLE: W {PPU[1] Thread (CPUThread)[0x0040b034]} sys_lwmutex warning: sys_lwmutex_create(lwmutex_addr=0x3e3548, attr_addr=0xd000fa40)
HLE: ! {PPU[1] Thread (CPUThread)[0x0040b034]} sys_lwmutex: *** lwmutex created [] (attribute=0x22): sq_id = 37
HLE: W {PPU[1] Thread (CPUThread)[0x00222080]} sys_event_flag warning: sys_event_flag_create(eflag_id_addr=0x2b6cd4, attr_addr=0xd000fc40, init=0x0)
HLE: W {PPU[1] Thread (CPUThread)[0x00222080]} sys_event_flag warning: *** event_flag created [] (protocol=0x2, type=0x20000): id = 38
HLE: W {PPU[1] Thread (CPUThread)[0x00277004]} sys_io warning: cellPadInit(max_connect=7)
HLE: W {PPU[1] Thread (CPUThread)[0x00279010]} cellSysmodule warning: cellSysmoduleLoadModule(CELL_SYSMODULE_SYSUTIL_NP)
HLE: W {PPU[1] Thread (CPUThread)[0x003e7148]} sceNp warning: sceNpInit(mem_size=0x20000, mem_addr=0x3a2648)
HLE: W {PPU[1] Thread (CPUThread)[0x00279010]} cellSysmodule warning: cellSysmoduleLoadModule(CELL_SYSMODULE_SYSUTIL_GAME)
HLE: W {PPU[1] Thread (CPUThread)[0x0027f034]} cellGame warning: cellGameBootCheck(type_addr=0xd000f810, attributes_addr=0xd000f814, size_addr=0xd000f818, dirName_addr=0xd000f9f0)
HLE: W {PPU[1] Thread (CPUThread)[0x0027f004]} cellGame warning: cellGameContentPermit(contentInfoPath_addr=0xd000fb90, usrdirPath_addr=0xd000fa10)
HLE: W {PPU[1] Thread (CPUThread)[0x00279004]} cellSysmodule warning: cellSysmoduleUnloadModule(CELL_SYSMODULE_SYSUTIL_GAME)
HLE: W {PPU[1] Thread (CPUThread)[0x00279010]} cellSysmodule warning: cellSysmoduleLoadModule(CELL_SYSMODULE_NET)
HLE: W {PPU[1] Thread (CPUThread)[0x00407004]} sys_net warning: sys_net_initialize_network_ex(param_addr=0xd000f770)
HLE: W {PPU[1] Thread (CPUThread)[0x00279010]} cellSysmodule warning: cellSysmoduleLoadModule(CELL_SYSMODULE_RUDP)
HLE: E {PPU[1] Thread (CPUThread)[0x00405028]} TODO: cellRudpInit
HLE: E {PPU[1] Thread (CPUThread)[0x0040504c]} TODO: cellRudpSetEventHandler
HLE: E {PPU[1] Thread (CPUThread)[0x00405034]} TODO: cellRudpEnableInternalIOThread
HLE: W {PPU[1] Thread (CPUThread)[0x00279010]} cellSysmodule warning: cellSysmoduleLoadModule(CELL_SYSMODULE_SYSUTIL_NP)
HLE: W {PPU[1] Thread (CPUThread)[0x003e7148]} sceNp warning: sceNpInit(mem_size=0x20000, mem_addr=0x382420)
HLE: W {PPU[1] Thread (CPUThread)[0x003e7088]} sceNp warning: sceNpLookupInit()
HLE: W {PPU[1] Thread (CPUThread)[0x00279010]} cellSysmodule warning: cellSysmoduleLoadModule(CELL_SYSMODULE_SYSUTIL_NP2)
HLE: W {PPU[1] Thread (CPUThread)[0x0040307c]} sceNp warning: sceNp2Init(mem_size=0x20000, mem_addr=0x362420)
HLE: W {PPU[1] Thread (CPUThread)[0x00279010]} cellSysmodule warning: cellSysmoduleLoadModule(CELL_SYSMODULE_SYSUTIL_NP_TUS)
HLE: E {PPU[1] Thread (CPUThread)[0x003f7058]} cellNpTus TODO: sceNpTusInit
HLE: W {PPU[1] Thread (CPUThread)[0x00409034]} cellNetCtl warning: cellNetCtlInit()
HLE: W {PPU[1] Thread (CPUThread)[0x0027d0b8]} cellSysutil warning: cellSysutilRegisterCallback(slot=2, func_addr=0x289af8, userdata=0x0)
HLE: E {PPU[1] Thread (CPUThread)[0x003e719c]} sceNp TODO: sceNpManagerRegisterCallback
HLE: W {PPU[1] Thread (CPUThread)[0x003e9010]} cellAudio warning: cellAudioInit()
HLE: ! {Audio Thread} cellAudio: Audio thread started
HLE: W {PPU[1] Thread (CPUThread)[0x003e907c]} cellAudio warning: cellAudioPortOpen(audioParam_addr=0xd000f200, portNum_addr=0x340830)
HLE: W {PPU[1] Thread (CPUThread)[0x003e907c]} cellAudio warning: *** audio port opened(nChannel=8, nBlock=8, attr=0x0, level=1.000000): port = 0
HLE: W {PPU[1] Thread (CPUThread)[0x003e9040]} cellAudio warning: cellAudioGetPortConfig(portNum=0x0, portConfig_addr=0x340858)
HLE: W {PPU[1] Thread (CPUThread)[0x003e9004]} cellAudio warning: cellAudioCreateNotifyEventQueue(id_addr=0x340844, key_addr=0x340838)
HLE: W {PPU[1] Thread (CPUThread)[0x0040b034]} sys_lwmutex warning: sys_lwmutex_create(lwmutex_addr=0x340818, attr_addr=0xd000f1f0)
HLE: ! {PPU[1] Thread (CPUThread)[0x0040b034]} sys_lwmutex: *** lwmutex created [aud-cal] (attribute=0x22): sq_id = 40
HLE: W {PPU[1] Thread (CPUThread)[0x00279010]} cellSysmodule warning: cellSysmoduleLoadModule(CELL_SYSMODULE_ATRAC3PLUS)
HLE: W {PPU[1] Thread (CPUThread)[0x0016096c]} sys_mutex warning: *** mutex created [] (protocol=0x2, recursive=false): id = 41
HLE: W {PPU[1] Thread (CPUThread)[0x0015fe94]} sys_mutex warning: *** mutex created [] (protocol=0x2, recursive=false): id = 42
HLE: W {PPU[1] Thread (CPUThread)[0x000175c0]} sys_mutex warning: *** mutex created [] (protocol=0x2, recursive=false): id = 43
HLE: W {PPU[1] Thread (CPUThread)[0x00017734]} sys_spu warning: sys_spu_thread_group_create(id_addr=0x33e990, num=1, prio=100, attr_addr=0x33ea84)
HLE: ! {PPU[1] Thread (CPUThread)[0x00017734]} sys_spu: *** SPU Thread Group created [_synth2 Group] (num=1, prio=100, type=0x0, container=0): id=44
HLE: W {PPU[1] Thread (CPUThread)[0x0040b0e8]} sysPrxForUser warning: sys_spu_image_import(img=0x33e994, src=0x269380, type=1)
LDR: W {PPU[1] Thread (CPUThread)[0x0040b0e8]} LoadShdr32 error: shstrndx too big!
LDR: W {PPU[1] Thread (CPUThread)[0x0040b0e8]} desc = 'synth2.elf'
HLE: W {PPU[1] Thread (CPUThread)[0x00017834]} sys_spu warning: sys_spu_thread_initialize(thread_addr=0x33e98c, group=0x2c, spu_num=0, img_addr=0x33e994, attr_addr=0x33ea94, arg_addr=0x33eaa0)
HLE: W {PPU[1] Thread (CPUThread)[0x00017834]} sys_spu warning: *** New SPU Thread [_synth2 Thread] (ep=0xf0, opt=0x0, a1=0x33ea00, a2=0x0, a3=0x0, a4=0x0): id=45
HLE: W {PPU[1] Thread (CPUThread)[0x00017ab4]} sys_event warning: sys_event_queue_create(equeue_id_addr=0x2b7328, attr_addr=0x2b7330, event_queue_key=0x0, size=32)
HLE: W {PPU[1] Thread (CPUThread)[0x00017ab4]} sys_event warning: *** event_queue created [] (protocol=0x2, type=0x1, key=0x0, size=0x20): id = 46
HLE: W {PPU[1] Thread (CPUThread)[0x00017ad0]} sys_spu warning: sys_spu_thread_connect_event(id=45, eq_id=46, event_type=0x1, spup=58)
HLE: W {PPU[1] Thread (CPUThread)[0x00017af0]} sys_event warning: sys_event_queue_create(equeue_id_addr=0x2b732c, attr_addr=0x2b7330, event_queue_key=0x0, size=32)
HLE: W {PPU[1] Thread (CPUThread)[0x00017af0]} sys_event warning: *** event_queue created [] (protocol=0x2, type=0x2, key=0x0, size=0x20): id = 47
HLE: W {PPU[1] Thread (CPUThread)[0x00017b08]} sys_event warning: sys_event_port_create(eport_id_addr=0x2b7340, port_type=0x1, name=0x0)
HLE: W {PPU[1] Thread (CPUThread)[0x00017b08]} sys_event warning: *** sys_event_port created: id = 48
HLE: W {PPU[1] Thread (CPUThread)[0x00017b18]} sys_event warning: sys_event_port_connect_local(eport_id=48, equeue_id=47)
HLE: W {PPU[1] Thread (CPUThread)[0x00017b30]} sys_spu warning: sys_spu_thread_bind_queue(id=45, equeue_id=47, spuq_num=0x1012000)
HLE: W {PPU[1] Thread (CPUThread)[0x00017868]} sys_spu warning: sys_spu_thread_group_start(id=44)
HLE: ! {PPU[1] Thread (CPUThread)[0x0040b01c]} sys_ppu_thread: *** New PPU Thread [synth] (joinable, entry=0x289790): id = 49
HLE: W {PPU[49] Thread (synth)[0x003e9058]} cellAudio warning: cellAudioPortStart(portNum=0x0)
HLE: W {PPU[49] Thread (synth)[0x003e901c]} cellAudio warning: cellAudioSetNotifyEventQueue(key=0x80004d494f323221)
HLE: W {PPU[1] Thread (CPUThread)[0x0027b094]} cellResc warning: cellRescSetVBlankHandler(handler_addr=0x28a8d0)
HLE: W {PPU[1] Thread (CPUThread)[0x0027b04c]} cellResc warning: cellRescSetFlipHandler(handler_addr=0x28a910)
RSX: W {RSXThread} TODO: NV4097_SET_WINDOW_OFFSET: x=0, y=0
RSX: W {RSXThread} TODO: NV4097_SET_WINDOW_OFFSET: x=0, y=0
RSX: W {RSXThread} New FBO (1280x720)
HLE: W {PPU[1] Thread (CPUThread)[0x001e5730]} sys_mutex warning: *** mutex created [] (protocol=0x1, recursive=true): id = 50
HLE: W {PPU[1] Thread (CPUThread)[0x00279010]} cellSysmodule warning: cellSysmoduleLoadModule(CELL_SYSMODULE_FS)
HLE: W {PPU[1] Thread (CPUThread)[0x00275058]} sys_fs warning: cellFsAioInit(mount_point_addr=0x263850 (/dev_hdd0))
HLE: W {PPU[1] Thread (CPUThread)[0x00275058]} sys_fs warning: cellFsAioInit(mount_point_addr=0x263880 (/dev_bdvd))
HLE: W {PPU[1] Thread (CPUThread)[0x00237a80]} sys_event_flag warning: sys_event_flag_create(eflag_id_addr=0x30116acc, attr_addr=0xd000f188, init=0x0)
HLE: W {PPU[1] Thread (CPUThread)[0x00237a80]} sys_event_flag warning: *** event_flag created [] (protocol=0x2, type=0x20000): id = 51
RSX: W {RSXThread} TODO: NV4097_SET_WINDOW_OFFSET: x=0, y=0
RSX: W {RSXThread} TODO: NV4097_SET_WINDOW_OFFSET: x=0, y=0
HLE: W {PPU[1] Thread (CPUThread)[0x001e5730]} sys_mutex warning: *** mutex created [] (protocol=0x1, recursive=true): id = 52
HLE: W {PPU[1] Thread (CPUThread)[0x00237a80]} sys_event_flag warning: sys_event_flag_create(eflag_id_addr=0x3017338c, attr_addr=0xd000ef08, init=0x0)
HLE: W {PPU[1] Thread (CPUThread)[0x00237a80]} sys_event_flag warning: *** event_flag created [] (protocol=0x2, type=0x20000): id = 53
HLE: W {PPU[1] Thread (CPUThread)[0x002293d4]} sys_mutex warning: *** mutex created [] (protocol=0x1, recursive=true): id = 54
HLE: W {PPU[1] Thread (CPUThread)[0x00229198]} sys_mutex warning: *** mutex created [] (protocol=0x1, recursive=true): id = 55
HLE: W {PPU[1] Thread (CPUThread)[0x002291d4]} sys_mutex warning: *** mutex created [] (protocol=0x2, recursive=false): id = 56
HLE: W {PPU[1] Thread (CPUThread)[0x00229208]} sys_cond warning: *** condition created [] (mutex_id=56): id = 57
HLE: ! {PPU[1] Thread (CPUThread)[0x0040b01c]} sys_ppu_thread: *** New PPU Thread [MBgTaskManager] (non-joinable, entry=0x28a9a0): id = 58
HLE: W {PPU[1] Thread (CPUThread)[0x00229198]} sys_mutex warning: *** mutex created [] (protocol=0x1, recursive=true): id = 59
HLE: W {PPU[1] Thread (CPUThread)[0x002291d4]} sys_mutex warning: *** mutex created [] (protocol=0x2, recursive=false): id = 60
HLE: W {PPU[1] Thread (CPUThread)[0x00229208]} sys_cond warning: *** condition created [] (mutex_id=60): id = 61
HLE: ! {PPU[1] Thread (CPUThread)[0x0040b01c]} sys_ppu_thread: *** New PPU Thread [MBgTaskManager] (non-joinable, entry=0x28a9a0): id = 62
HLE: W {PPU[1] Thread (CPUThread)[0x00229198]} sys_mutex warning: *** mutex created [] (protocol=0x1, recursive=true): id = 63
HLE: W {PPU[1] Thread (CPUThread)[0x002291d4]} sys_mutex warning: *** mutex created [] (protocol=0x2, recursive=false): id = 64
HLE: W {PPU[1] Thread (CPUThread)[0x00229208]} sys_cond warning: *** condition created [] (mutex_id=64): id = 65
HLE: ! {PPU[1] Thread (CPUThread)[0x0040b01c]} sys_ppu_thread: *** New PPU Thread [MBgTaskManager] (non-joinable, entry=0x28a9a0): id = 66
HLE: ! {PPU[62] Thread (MBgTaskManager)[0x00275034]} sys_fs: "/dev_bdvd/PS3_GAME/USRDIR/script_info.psb.m" opened: fd = 67
HLE: W {PPU[62] Thread (MBgTaskManager)[0x00275064]} sys_fs warning: cellFsFstat(fd=67, sb_addr=0xd005f960)
HLE: W {PPU[62] Thread (MBgTaskManager)[0x0027504c]} sys_fs warning: cellFsAioRead(aio_addr=0x30173360, id_addr=0x30173388, func_addr=0x28ace8)
HLE: W {PPU[62] Thread (MBgTaskManager)[0x00275004]} sys_fs warning: cellFsClose(fd=67)
RSX: W {RSXThread} TODO: NV4097_SET_WINDOW_OFFSET: x=0, y=0
RSX: W {RSXThread} TODO: NV4097_SET_WINDOW_OFFSET: x=0, y=0
HLE: W {PPU[1] Thread (CPUThread)[0x001e5730]} sys_mutex warning: *** mutex created [] (protocol=0x1, recursive=true): id = 68
HLE: W {PPU[1] Thread (CPUThread)[0x00237a80]} sys_event_flag warning: sys_event_flag_create(eflag_id_addr=0x3017662c, attr_addr=0xd000ea78, init=0x0)
HLE: W {PPU[1] Thread (CPUThread)[0x00237a80]} sys_event_flag warning: *** event_flag created [] (protocol=0x2, type=0x20000): id = 69
RSX: W {RSXThread} TODO: NV4097_SET_WINDOW_OFFSET: x=0, y=0
RSX: W {RSXThread} TODO: NV4097_SET_WINDOW_OFFSET: x=0, y=0
HLE: W {PPU[1] Thread (CPUThread)[0x00229464]} sys_mutex warning: sys_mutex_destroy(mutex_id=54)
HLE: ! {PPU[1] Thread (CPUThread)[0x00229464]} sys_mutex: Mutex(54) was owned by thread -1 (recursive=0)
RSX: W {RSXThread} TODO: NV4097_SET_WINDOW_OFFSET: x=0, y=0
RSX: W {RSXThread} TODO: NV4097_SET_WINDOW_OFFSET: x=0, y=0
HLE: W {PPU[1] Thread (CPUThread)[0x00236594]} sys_event_flag warning: sys_event_flag_destroy(eflag_id=53)
HLE: W {PPU[1] Thread (CPUThread)[0x001e1ed8]} sys_mutex warning: sys_mutex_destroy(mutex_id=52)
HLE: ! {PPU[1] Thread (CPUThread)[0x001e1ed8]} sys_mutex: Mutex(52) was owned by thread -1 (recursive=0)
RSX: W {RSXThread} TODO: NV4097_SET_WINDOW_OFFSET: x=0, y=0
RSX: W {RSXThread} TODO: NV4097_SET_WINDOW_OFFSET: x=0, y=0
RSX: W {RSXThread} TODO: NV4097_SET_WINDOW_OFFSET: x=0, y=0
RSX: W {RSXThread} TODO: NV4097_SET_WINDOW_OFFSET: x=0, y=0
HLE: W {PPU[1] Thread (CPUThread)[0x002293d4]} sys_mutex warning: *** mutex created [] (protocol=0x1, recursive=true): id = 70
HLE: ! {PPU[62] Thread (MBgTaskManager)[0x00275034]} sys_fs: "/dev_bdvd/PS3_GAME/USRDIR/script_body.bin" opened: fd = 71
HLE: W {PPU[62] Thread (MBgTaskManager)[0x0027504c]} sys_fs warning: cellFsAioRead(aio_addr=0x30176600, id_addr=0x30176628, func_addr=0x28ace8)
HLE: W {PPU[62] Thread (MBgTaskManager)[0x00275004]} sys_fs warning: cellFsClose(fd=71)
RSX: W {RSXThread} TODO: NV4097_SET_WINDOW_OFFSET: x=0, y=0
RSX: W {RSXThread} TODO: NV4097_SET_WINDOW_OFFSET: x=0, y=0
HLE: W {PPU[1] Thread (CPUThread)[0x00229464]} sys_mutex warning: sys_mutex_destroy(mutex_id=70)
HLE: ! {PPU[1] Thread (CPUThread)[0x00229464]} sys_mutex: Mutex(70) was owned by thread -1 (recursive=0)
RSX: W {RSXThread} TODO: NV4097_SET_WINDOW_OFFSET: x=0, y=0
RSX: W {RSXThread} TODO: NV4097_SET_WINDOW_OFFSET: x=0, y=0
HLE: W {PPU[1] Thread (CPUThread)[0x00236594]} sys_event_flag warning: sys_event_flag_destroy(eflag_id=69)
HLE: W {PPU[1] Thread (CPUThread)[0x001e1ed8]} sys_mutex warning: sys_mutex_destroy(mutex_id=68)
HLE: ! {PPU[1] Thread (CPUThread)[0x001e1ed8]} sys_mutex: Mutex(68) was owned by thread -1 (recursive=0)
RSX: W {RSXThread} TODO: NV4097_SET_WINDOW_OFFSET: x=0, y=0
RSX: W {RSXThread} TODO: NV4097_SET_WINDOW_OFFSET: x=0, y=0
HLE: W {PPU[1] Thread (CPUThread)[0x00020af8]} sys_time warning: sys_time_get_timezone(timezone_addr=0xd000eaf0, summertime_addr=0xd000eaf4)
HLE: W {PPU[1] Thread (CPUThread)[0x00020af8]} cellSysutil warning: cellSysutilGetSystemParamInt: CELL_SYSUTIL_SYSTEMPARAM_ID_TIMEZONE
HLE: W {PPU[1] Thread (CPUThread)[0x00020af8]} cellSysutil warning: cellSysutilGetSystemParamInt: CELL_SYSUTIL_SYSTEMPARAM_ID_SUMMERTIME
HLE: W {PPU[1] Thread (CPUThread)[0x0002764c]} sys_time warning: sys_time_get_timezone(timezone_addr=0xd000ea40, summertime_addr=0xd000ea44)
HLE: W {PPU[1] Thread (CPUThread)[0x0002764c]} cellSysutil warning: cellSysutilGetSystemParamInt: CELL_SYSUTIL_SYSTEMPARAM_ID_TIMEZONE
HLE: W {PPU[1] Thread (CPUThread)[0x0002764c]} cellSysutil warning: cellSysutilGetSystemParamInt: CELL_SYSUTIL_SYSTEMPARAM_ID_SUMMERTIME
HLE: W {PPU[1] Thread (CPUThread)[0x001e5730]} sys_mutex warning: *** mutex created [] (protocol=0x1, recursive=true): id = 72
HLE: W {PPU[1] Thread (CPUThread)[0x00237a80]} sys_event_flag warning: sys_event_flag_create(eflag_id_addr=0x3017660c, attr_addr=0xd000e3e8, init=0x0)
HLE: W {PPU[1] Thread (CPUThread)[0x00237a80]} sys_event_flag warning: *** event_flag created [] (protocol=0x2, type=0x20000): id = 73
HLE: W {PPU[1] Thread (CPUThread)[0x002293d4]} sys_mutex warning: *** mutex created [] (protocol=0x1, recursive=true): id = 74
HLE: W {PPU[1] Thread (CPUThread)[0x002293d4]} sys_mutex warning: *** mutex created [] (protocol=0x1, recursive=true): id = 75
HLE: W {PPU[66] Thread (MBgTaskManager)[0x00279010]} cellSysmodule warning: cellSysmoduleLoadModule(CELL_SYSMODULE_SYSUTIL_GAME)
HLE: W {PPU[66] Thread (MBgTaskManager)[0x0027f028]} cellGame warning: cellGameDataCheck(type=0x3, dirName_addr=0xd006f780, size_addr=0xd006f770)
HLE: W {PPU[66] Thread (MBgTaskManager)[0x0027f028]} cellGame warning: cellGameDataCheck(): '/dev_hdd0/game/NPJB00530' directory not found
HLE: W {PPU[66] Thread (MBgTaskManager)[0x0027f004]} cellGame warning: cellGameContentPermit(contentInfoPath_addr=0x301768d0, usrdirPath_addr=0x30176960)
HLE: W {PPU[66] Thread (MBgTaskManager)[0x0027f004]} cellGame warning: cellGameContentPermit(): CELL_GAME_ERROR_FAILURE (no permission given)
HLE: W {PPU[66] Thread (MBgTaskManager)[0x0027f028]} cellGame warning: cellGameDataCheck(type=0x2, dirName_addr=0xd006f780, size_addr=0xd006f770)
HLE: W {PPU[66] Thread (MBgTaskManager)[0x0027f028]} cellGame warning: cellGameDataCheck(): '/dev_hdd0/game/NPJB00530' directory not found
HLE: W {PPU[66] Thread (MBgTaskManager)[0x0027f004]} cellGame warning: cellGameContentPermit(contentInfoPath_addr=0x301768d0, usrdirPath_addr=0x30176960)
HLE: W {PPU[66] Thread (MBgTaskManager)[0x0027f004]} cellGame warning: cellGameContentPermit(): CELL_GAME_ERROR_FAILURE (no permission given)
HLE: W {PPU[66] Thread (MBgTaskManager)[0x00279004]} cellSysmodule warning: cellSysmoduleUnloadModule(CELL_SYSMODULE_SYSUTIL_GAME)
HLE: ! {PPU[62] Thread (MBgTaskManager)[0x00275034]} sys_fs: "/dev_bdvd/PS3_GAME/USRDIR/script_body.bin" opened: fd = 76
HLE: W {PPU[62] Thread (MBgTaskManager)[0x0027504c]} sys_fs warning: cellFsAioRead(aio_addr=0x301765e0, id_addr=0x30176608, func_addr=0x28ace8)
HLE: W {PPU[62] Thread (MBgTaskManager)[0x00275004]} sys_fs warning: cellFsClose(fd=76)
HLE: W {PPU[1] Thread (CPUThread)[0x00229464]} sys_mutex warning: sys_mutex_destroy(mutex_id=74)
HLE: ! {PPU[1] Thread (CPUThread)[0x00229464]} sys_mutex: Mutex(74) was owned by thread -1 (recursive=0)
HLE: W {PPU[1] Thread (CPUThread)[0x00229464]} sys_mutex warning: sys_mutex_destroy(mutex_id=75)
HLE: ! {PPU[1] Thread (CPUThread)[0x00229464]} sys_mutex: Mutex(75) was owned by thread -1 (recursive=0)
RSX: W {RSXThread} TODO: NV4097_SET_WINDOW_OFFSET: x=0, y=0
RSX: W {RSXThread} TODO: NV4097_SET_WINDOW_OFFSET: x=0, y=0
RSX: W {RSXThread} TODO: NV4097_SET_WINDOW_OFFSET: x=0, y=0
RSX: W {RSXThread} TODO: NV4097_SET_WINDOW_OFFSET: x=0, y=0
HLE: W {PPU[1] Thread (CPUThread)[0x00236594]} sys_event_flag warning: sys_event_flag_destroy(eflag_id=73)
HLE: W {PPU[1] Thread (CPUThread)[0x001e1ed8]} sys_mutex warning: sys_mutex_destroy(mutex_id=72)
HLE: ! {PPU[1] Thread (CPUThread)[0x001e1ed8]} sys_mutex: Mutex(72) was owned by thread -1 (recursive=0)
RSX: W {RSXThread} TODO: NV4097_SET_WINDOW_OFFSET: x=0, y=0
RSX: W {RSXThread} TODO: NV4097_SET_WINDOW_OFFSET: x=0, y=0
RSX: W {RSXThread} TODO: NV4097_SET_WINDOW_OFFSET: x=0, y=0
RSX: W {RSXThread} TODO: NV4097_SET_WINDOW_OFFSET: x=0, y=0
RSX: W {RSXThread} TODO: NV4097_SET_WINDOW_OFFSET: x=0, y=0
RSX: W {RSXThread} TODO: NV4097_SET_WINDOW_OFFSET: x=0, y=0
HLE: W {PPU[1] Thread (CPUThread)[0x001e5730]} sys_mutex warning: *** mutex created [] (protocol=0x1, recursive=true): id = 77
HLE: W {PPU[1] Thread (CPUThread)[0x00237a80]} sys_event_flag warning: sys_event_flag_create(eflag_id_addr=0x3013cdec, attr_addr=0xd000e4b8, init=0x0)
HLE: W {PPU[1] Thread (CPUThread)[0x00237a80]} sys_event_flag warning: *** event_flag created [] (protocol=0x2, type=0x20000): id = 78
HLE: W {PPU[1] Thread (CPUThread)[0x002293d4]} sys_mutex warning: *** mutex created [] (protocol=0x1, recursive=true): id = 79
HLE: ! {PPU[62] Thread (MBgTaskManager)[0x00275034]} sys_fs: "/dev_bdvd/PS3_GAME/USRDIR/script_body.bin" opened: fd = 80
HLE: W {PPU[62] Thread (MBgTaskManager)[0x0027504c]} sys_fs warning: cellFsAioRead(aio_addr=0x3013cdc0, id_addr=0x3013cde8, func_addr=0x28ace8)
HLE: W {PPU[62] Thread (MBgTaskManager)[0x00275004]} sys_fs warning: cellFsClose(fd=80)
HLE: W {PPU[1] Thread (CPUThread)[0x00229464]} sys_mutex warning: sys_mutex_destroy(mutex_id=79)
HLE: ! {PPU[1] Thread (CPUThread)[0x00229464]} sys_mutex: Mutex(79) was owned by thread -1 (recursive=0)
RSX: W {RSXThread} TODO: NV4097_SET_WINDOW_OFFSET: x=0, y=0
RSX: W {RSXThread} TODO: NV4097_SET_WINDOW_OFFSET: x=0, y=0
RSX: W {RSXThread} TODO: NV4097_SET_WINDOW_OFFSET: x=0, y=0
RSX: W {RSXThread} TODO: NV4097_SET_WINDOW_OFFSET: x=0, y=0
HLE: W {PPU[1] Thread (CPUThread)[0x00236594]} sys_event_flag warning: sys_event_flag_destroy(eflag_id=78)
HLE: W {PPU[1] Thread (CPUThread)[0x001e1ed8]} sys_mutex warning: sys_mutex_destroy(mutex_id=77)
HLE: ! {PPU[1] Thread (CPUThread)[0x001e1ed8]} sys_mutex: Mutex(77) was owned by thread -1 (recursive=0)
RSX: W {RSXThread} TODO: NV4097_SET_WINDOW_OFFSET: x=0, y=0
RSX: W {RSXThread} TODO: NV4097_SET_WINDOW_OFFSET: x=0, y=0
RSX: W {RSXThread} TODO: NV4097_SET_WINDOW_OFFSET: x=0, y=0
RSX: W {RSXThread} TODO: NV4097_SET_WINDOW_OFFSET: x=0, y=0
HLE: W {PPU[1] Thread (CPUThread)[0x001e5730]} sys_mutex warning: *** mutex created [] (protocol=0x1, recursive=true): id = 81
HLE: W {PPU[1] Thread (CPUThread)[0x00237a80]} sys_event_flag warning: sys_event_flag_create(eflag_id_addr=0x3013cdec, attr_addr=0xd000e4b8, init=0x0)
HLE: W {PPU[1] Thread (CPUThread)[0x00237a80]} sys_event_flag warning: *** event_flag created [] (protocol=0x2, type=0x20000): id = 82
HLE: W {PPU[1] Thread (CPUThread)[0x002293d4]} sys_mutex warning: *** mutex created [] (protocol=0x1, recursive=true): id = 83
HLE: ! {PPU[62] Thread (MBgTaskManager)[0x00275034]} sys_fs: "/dev_bdvd/PS3_GAME/USRDIR/script_body.bin" opened: fd = 84
HLE: W {PPU[62] Thread (MBgTaskManager)[0x0027504c]} sys_fs warning: cellFsAioRead(aio_addr=0x3013cdc0, id_addr=0x3013cde8, func_addr=0x28ace8)
HLE: W {PPU[62] Thread (MBgTaskManager)[0x00275004]} sys_fs warning: cellFsClose(fd=84)
RSX: W {RSXThread} TODO: NV4097_SET_WINDOW_OFFSET: x=0, y=0
RSX: W {RSXThread} TODO: NV4097_SET_WINDOW_OFFSET: x=0, y=0
RSX: W {RSXThread} TODO: NV4097_SET_WINDOW_OFFSET: x=0, y=0
RSX: W {RSXThread} TODO: NV4097_SET_WINDOW_OFFSET: x=0, y=0
RSX: W {RSXThread} TODO: NV4097_SET_WINDOW_OFFSET: x=0, y=0
RSX: W {RSXThread} TODO: NV4097_SET_WINDOW_OFFSET: x=0, y=0
RSX: W {RSXThread} TODO: NV4097_SET_WINDOW_OFFSET: x=0, y=0
RSX: W {RSXThread} TODO: NV4097_SET_WINDOW_OFFSET: x=0, y=0
HLE: W {PPU[1] Thread (CPUThread)[0x00229464]} sys_mutex warning: sys_mutex_destroy(mutex_id=83)
HLE: ! {PPU[1] Thread (CPUThread)[0x00229464]} sys_mutex: Mutex(83) was owned by thread -1 (recursive=0)
HLE: W {PPU[1] Thread (CPUThread)[0x00236594]} sys_event_flag warning: sys_event_flag_destroy(eflag_id=82)
HLE: W {PPU[1] Thread (CPUThread)[0x001e1ed8]} sys_mutex warning: sys_mutex_destroy(mutex_id=81)
HLE: ! {PPU[1] Thread (CPUThread)[0x001e1ed8]} sys_mutex: Mutex(81) was owned by thread -1 (recursive=0)
RSX: W {RSXThread} TODO: NV4097_SET_WINDOW_OFFSET: x=0, y=0
RSX: W {RSXThread} TODO: NV4097_SET_WINDOW_OFFSET: x=0, y=0
RSX: W {RSXThread} TODO: NV4097_SET_WINDOW_OFFSET: x=0, y=0
RSX: W {RSXThread} TODO: NV4097_SET_WINDOW_OFFSET: x=0, y=0
HLE: W {PPU[1] Thread (CPUThread)[0x001e5730]} sys_mutex warning: *** mutex created [] (protocol=0x1, recursive=true): id = 85
HLE: W {PPU[1] Thread (CPUThread)[0x00237a80]} sys_event_flag warning: sys_event_flag_create(eflag_id_addr=0x3013cdec, attr_addr=0xd000ef08, init=0x0)
HLE: W {PPU[1] Thread (CPUThread)[0x00237a80]} sys_event_flag warning: *** event_flag created [] (protocol=0x2, type=0x20000): id = 86
HLE: W {PPU[1] Thread (CPUThread)[0x002293d4]} sys_mutex warning: *** mutex created [] (protocol=0x1, recursive=true): id = 87
HLE: ! {PPU[62] Thread (MBgTaskManager)[0x00275034]} sys_fs: "/dev_bdvd/PS3_GAME/USRDIR/config_info.psb.m" opened: fd = 88
HLE: W {PPU[62] Thread (MBgTaskManager)[0x00275064]} sys_fs warning: cellFsFstat(fd=88, sb_addr=0xd005f960)
HLE: W {PPU[62] Thread (MBgTaskManager)[0x0027504c]} sys_fs warning: cellFsAioRead(aio_addr=0x3013cdc0, id_addr=0x3013cde8, func_addr=0x28ace8)
HLE: W {PPU[62] Thread (MBgTaskManager)[0x00275004]} sys_fs warning: cellFsClose(fd=88)
RSX: W {RSXThread} TODO: NV4097_SET_WINDOW_OFFSET: x=0, y=0
RSX: W {RSXThread} TODO: NV4097_SET_WINDOW_OFFSET: x=0, y=0
HLE: W {PPU[1] Thread (CPUThread)[0x00229464]} sys_mutex warning: sys_mutex_destroy(mutex_id=87)
HLE: ! {PPU[1] Thread (CPUThread)[0x00229464]} sys_mutex: Mutex(87) was owned by thread -1 (recursive=0)
RSX: W {RSXThread} TODO: NV4097_SET_WINDOW_OFFSET: x=0, y=0
RSX: W {RSXThread} TODO: NV4097_SET_WINDOW_OFFSET: x=0, y=0
HLE: W {PPU[1] Thread (CPUThread)[0x00236594]} sys_event_flag warning: sys_event_flag_destroy(eflag_id=86)
HLE: W {PPU[1] Thread (CPUThread)[0x001e1ed8]} sys_mutex warning: sys_mutex_destroy(mutex_id=85)
HLE: ! {PPU[1] Thread (CPUThread)[0x001e1ed8]} sys_mutex: Mutex(85) was owned by thread -1 (recursive=0)
RSX: W {RSXThread} TODO: NV4097_SET_WINDOW_OFFSET: x=0, y=0
RSX: W {RSXThread} TODO: NV4097_SET_WINDOW_OFFSET: x=0, y=0
HLE: W {PPU[1] Thread (CPUThread)[0x002293d4]} sys_mutex warning: *** mutex created [] (protocol=0x1, recursive=true): id = 89
RSX: W {RSXThread} TODO: NV4097_SET_WINDOW_OFFSET: x=0, y=0
RSX: W {RSXThread} TODO: NV4097_SET_WINDOW_OFFSET: x=0, y=0
HLE: ! {PPU[62] Thread (MBgTaskManager)[0x00275034]} sys_fs: "/dev_bdvd/PS3_GAME/USRDIR/config_body.bin" opened: fd = 90
HLE: W {PPU[62] Thread (MBgTaskManager)[0x0027504c]} sys_fs warning: cellFsAioRead(aio_addr=0x30116aa0, id_addr=0x30116ac8, func_addr=0x28ace8)
HLE: W {PPU[62] Thread (MBgTaskManager)[0x00275004]} sys_fs warning: cellFsClose(fd=90)
RSX: W {RSXThread} TODO: NV4097_SET_WINDOW_OFFSET: x=0, y=0
RSX: W {RSXThread} TODO: NV4097_SET_WINDOW_OFFSET: x=0, y=0
RSX: W {RSXThread} TODO: NV4097_SET_WINDOW_OFFSET: x=0, y=0
RSX: W {RSXThread} TODO: NV4097_SET_WINDOW_OFFSET: x=0, y=0
HLE: W {PPU[1] Thread (CPUThread)[0x001e5730]} sys_mutex warning: *** mutex created [] (protocol=0x1, recursive=true): id = 91
HLE: W {PPU[1] Thread (CPUThread)[0x00237a80]} sys_event_flag warning: sys_event_flag_create(eflag_id_addr=0x301770ac, attr_addr=0xd000e4b8, init=0x0)
HLE: W {PPU[1] Thread (CPUThread)[0x00237a80]} sys_event_flag warning: *** event_flag created [] (protocol=0x2, type=0x20000): id = 92
HLE: W {PPU[1] Thread (CPUThread)[0x00229464]} sys_mutex warning: sys_mutex_destroy(mutex_id=89)
HLE: ! {PPU[1] Thread (CPUThread)[0x00229464]} sys_mutex: Mutex(89) was owned by thread -1 (recursive=0)
HLE: W {PPU[1] Thread (CPUThread)[0x001e5730]} sys_mutex warning: *** mutex created [] (protocol=0x1, recursive=true): id = 93
HLE: W {PPU[1] Thread (CPUThread)[0x00237a80]} sys_event_flag warning: sys_event_flag_create(eflag_id_addr=0x3013cdec, attr_addr=0xd000f058, init=0x0)
HLE: W {PPU[1] Thread (CPUThread)[0x00237a80]} sys_event_flag warning: *** event_flag created [] (protocol=0x2, type=0x20000): id = 94
HLE: W {PPU[1] Thread (CPUThread)[0x002293d4]} sys_mutex warning: *** mutex created [] (protocol=0x1, recursive=true): id = 95
HLE: ! {PPU[62] Thread (MBgTaskManager)[0x00275034]} sys_fs: "/dev_bdvd/PS3_GAME/USRDIR/font_info.psb.m" opened: fd = 96
HLE: W {PPU[62] Thread (MBgTaskManager)[0x00275064]} sys_fs warning: cellFsFstat(fd=96, sb_addr=0xd005f960)
HLE: W {PPU[62] Thread (MBgTaskManager)[0x0027504c]} sys_fs warning: cellFsAioRead(aio_addr=0x3013cdc0, id_addr=0x3013cde8, func_addr=0x28ace8)
HLE: W {PPU[62] Thread (MBgTaskManager)[0x00275004]} sys_fs warning: cellFsClose(fd=96)
HLE: ! {PPU[62] Thread (MBgTaskManager)[0x00275034]} sys_fs: "/dev_bdvd/PS3_GAME/USRDIR/image_info.psb.m" opened: fd = 97
HLE: W {PPU[62] Thread (MBgTaskManager)[0x00275064]} sys_fs warning: cellFsFstat(fd=97, sb_addr=0xd005f960)
HLE: W {PPU[62] Thread (MBgTaskManager)[0x0027504c]} sys_fs warning: cellFsAioRead(aio_addr=0x3013cdc0, id_addr=0x3013cde8, func_addr=0x28ace8)
RSX: W {RSXThread} TODO: NV4097_SET_WINDOW_OFFSET: x=0, y=0
RSX: W {RSXThread} TODO: NV4097_SET_WINDOW_OFFSET: x=0, y=0
HLE: W {PPU[62] Thread (MBgTaskManager)[0x00275004]} sys_fs warning: cellFsClose(fd=97)
HLE: ! {PPU[62] Thread (MBgTaskManager)[0x00275034]} sys_fs: "/dev_bdvd/PS3_GAME/USRDIR/motion_info.psb.m" opened: fd = 98
HLE: W {PPU[62] Thread (MBgTaskManager)[0x00275064]} sys_fs warning: cellFsFstat(fd=98, sb_addr=0xd005f960)
HLE: W {PPU[62] Thread (MBgTaskManager)[0x0027504c]} sys_fs warning: cellFsAioRead(aio_addr=0x3013cdc0, id_addr=0x3013cde8, func_addr=0x28ace8)
RSX: W {RSXThread} TODO: NV4097_SET_WINDOW_OFFSET: x=0, y=0
RSX: W {RSXThread} TODO: NV4097_SET_WINDOW_OFFSET: x=0, y=0
RSX: W {RSXThread} TODO: NV4097_SET_WINDOW_OFFSET: x=0, y=0
RSX: W {RSXThread} TODO: NV4097_SET_WINDOW_OFFSET: x=0, y=0
RSX: W {RSXThread} TODO: NV4097_SET_WINDOW_OFFSET: x=0, y=0
RSX: W {RSXThread} TODO: NV4097_SET_WINDOW_OFFSET: x=0, y=0
RSX: W {RSXThread} TODO: NV4097_SET_WINDOW_OFFSET: x=0, y=0
RSX: W {RSXThread} TODO: NV4097_SET_WINDOW_OFFSET: x=0, y=0
RSX: W {RSXThread} TODO: NV4097_SET_WINDOW_OFFSET: x=0, y=0
RSX: W {RSXThread} TODO: NV4097_SET_WINDOW_OFFSET: x=0, y=0
HLE: W {PPU[62] Thread (MBgTaskManager)[0x00275004]} sys_fs warning: cellFsClose(fd=98)
HLE: ! {PPU[62] Thread (MBgTaskManager)[0x00275034]} sys_fs: "/dev_bdvd/PS3_GAME/USRDIR/scenario_info.psb.m" opened: fd = 99
HLE: W {PPU[62] Thread (MBgTaskManager)[0x00275064]} sys_fs warning: cellFsFstat(fd=99, sb_addr=0xd005f960)
HLE: W {PPU[62] Thread (MBgTaskManager)[0x0027504c]} sys_fs warning: cellFsAioRead(aio_addr=0x3013cdc0, id_addr=0x3013cde8, func_addr=0x28ace8)
RSX: W {RSXThread} TODO: NV4097_SET_WINDOW_OFFSET: x=0, y=0
RSX: W {RSXThread} TODO: NV4097_SET_WINDOW_OFFSET: x=0, y=0
HLE: W {PPU[62] Thread (MBgTaskManager)[0x00275004]} sys_fs warning: cellFsClose(fd=99)
HLE: ! {PPU[62] Thread (MBgTaskManager)[0x00275034]} sys_fs: "/dev_bdvd/PS3_GAME/USRDIR/sound_info.psb.m" opened: fd = 100
HLE: W {PPU[62] Thread (MBgTaskManager)[0x00275064]} sys_fs warning: cellFsFstat(fd=100, sb_addr=0xd005f960)
HLE: W {PPU[62] Thread (MBgTaskManager)[0x0027504c]} sys_fs warning: cellFsAioRead(aio_addr=0x3013cdc0, id_addr=0x3013cde8, func_addr=0x28ace8)
RSX: W {RSXThread} TODO: NV4097_SET_WINDOW_OFFSET: x=0, y=0
RSX: W {RSXThread} TODO: NV4097_SET_WINDOW_OFFSET: x=0, y=0
HLE: W {PPU[62] Thread (MBgTaskManager)[0x00275004]} sys_fs warning: cellFsClose(fd=100)
HLE: ! {PPU[62] Thread (MBgTaskManager)[0x00275034]} sys_fs: "/dev_bdvd/PS3_GAME/USRDIR/voice_info.psb.m" opened: fd = 101
HLE: W {PPU[62] Thread (MBgTaskManager)[0x00275064]} sys_fs warning: cellFsFstat(fd=101, sb_addr=0xd005f960)
HLE: W {PPU[62] Thread (MBgTaskManager)[0x0027504c]} sys_fs warning: cellFsAioRead(aio_addr=0x3013cdc0, id_addr=0x3013cde8, func_addr=0x28ace8)
RSX: W {RSXThread} TODO: NV4097_SET_WINDOW_OFFSET: x=0, y=0
RSX: W {RSXThread} TODO: NV4097_SET_WINDOW_OFFSET: x=0, y=0
HLE: W {PPU[62] Thread (MBgTaskManager)[0x00275004]} sys_fs warning: cellFsClose(fd=101)
RSX: W {RSXThread} TODO: NV4097_SET_WINDOW_OFFSET: x=0, y=0
RSX: W {RSXThread} TODO: NV4097_SET_WINDOW_OFFSET: x=0, y=0
RSX: W {RSXThread} TODO: NV4097_SET_WINDOW_OFFSET: x=0, y=0
RSX: W {RSXThread} TODO: NV4097_SET_WINDOW_OFFSET: x=0, y=0
RSX: W {RSXThread} TODO: NV4097_SET_WINDOW_OFFSET: x=0, y=0
RSX: W {RSXThread} TODO: NV4097_SET_WINDOW_OFFSET: x=0, y=0
RSX: W {RSXThread} TODO: NV4097_SET_WINDOW_OFFSET: x=0, y=0
RSX: W {RSXThread} TODO: NV4097_SET_WINDOW_OFFSET: x=0, y=0
RSX: W {RSXThread} TODO: NV4097_SET_WINDOW_OFFSET: x=0, y=0
RSX: W {RSXThread} TODO: NV4097_SET_WINDOW_OFFSET: x=0, y=0
RSX: W {RSXThread} TODO: NV4097_SET_WINDOW_OFFSET: x=0, y=0
RSX: W {RSXThread} TODO: NV4097_SET_WINDOW_OFFSET: x=0, y=0
RSX: W {RSXThread} TODO: NV4097_SET_WINDOW_OFFSET: x=0, y=0
RSX: W {RSXThread} TODO: NV4097_SET_WINDOW_OFFSET: x=0, y=0
RSX: W {RSXThread} TODO: NV4097_SET_WINDOW_OFFSET: x=0, y=0
RSX: W {RSXThread} TODO: NV4097_SET_WINDOW_OFFSET: x=0, y=0
RSX: W {RSXThread} TODO: NV4097_SET_WINDOW_OFFSET: x=0, y=0
RSX: W {RSXThread} TODO: NV4097_SET_WINDOW_OFFSET: x=0, y=0
RSX: W {RSXThread} TODO: NV4097_SET_WINDOW_OFFSET: x=0, y=0
RSX: W {RSXThread} TODO: NV4097_SET_WINDOW_OFFSET: x=0, y=0
RSX: W {RSXThread} TODO: NV4097_SET_WINDOW_OFFSET: x=0, y=0
RSX: W {RSXThread} TODO: NV4097_SET_WINDOW_OFFSET: x=0, y=0
HLE: W {PPU[1] Thread (CPUThread)[0x00229464]} sys_mutex warning: sys_mutex_destroy(mutex_id=95)
HLE: ! {PPU[1] Thread (CPUThread)[0x00229464]} sys_mutex: Mutex(95) was owned by thread -1 (recursive=0)
RSX: W {RSXThread} TODO: NV4097_SET_WINDOW_OFFSET: x=0, y=0
RSX: W {RSXThread} TODO: NV4097_SET_WINDOW_OFFSET: x=0, y=0
HLE: W {PPU[1] Thread (CPUThread)[0x00236594]} sys_event_flag warning: sys_event_flag_destroy(eflag_id=94)
HLE: W {PPU[1] Thread (CPUThread)[0x001e1ed8]} sys_mutex warning: sys_mutex_destroy(mutex_id=93)
HLE: ! {PPU[1] Thread (CPUThread)[0x001e1ed8]} sys_mutex: Mutex(93) was owned by thread -1 (recursive=0)
RSX: W {RSXThread} TODO: NV4097_SET_WINDOW_OFFSET: x=0, y=0
RSX: W {RSXThread} TODO: NV4097_SET_WINDOW_OFFSET: x=0, y=0
RSX: W {RSXThread} TODO: NV4097_SET_WINDOW_OFFSET: x=0, y=0
RSX: W {RSXThread} TODO: NV4097_SET_WINDOW_OFFSET: x=0, y=0
HLE: W {PPU[1] Thread (CPUThread)[0x002293d4]} sys_mutex warning: *** mutex created [] (protocol=0x1, recursive=true): id = 102
HLE: ! {PPU[62] Thread (MBgTaskManager)[0x00275034]} sys_fs: "/dev_bdvd/PS3_GAME/USRDIR/script_body.bin" opened: fd = 103
HLE: W {PPU[62] Thread (MBgTaskManager)[0x0027504c]} sys_fs warning: cellFsAioRead(aio_addr=0x30177080, id_addr=0x301770a8, func_addr=0x28ace8)
HLE: W {PPU[62] Thread (MBgTaskManager)[0x00275004]} sys_fs warning: cellFsClose(fd=103)
HLE: W {PPU[1] Thread (CPUThread)[0x00229464]} sys_mutex warning: sys_mutex_destroy(mutex_id=102)
HLE: ! {PPU[1] Thread (CPUThread)[0x00229464]} sys_mutex: Mutex(102) was owned by thread -1 (recursive=0)
RSX: W {RSXThread} TODO: NV4097_SET_WINDOW_OFFSET: x=0, y=0
RSX: W {RSXThread} TODO: NV4097_SET_WINDOW_OFFSET: x=0, y=0
RSX: W {RSXThread} TODO: NV4097_SET_WINDOW_OFFSET: x=0, y=0
RSX: W {RSXThread} TODO: NV4097_SET_WINDOW_OFFSET: x=0, y=0
HLE: W {PPU[1] Thread (CPUThread)[0x00236594]} sys_event_flag warning: sys_event_flag_destroy(eflag_id=92)
HLE: W {PPU[1] Thread (CPUThread)[0x001e1ed8]} sys_mutex warning: sys_mutex_destroy(mutex_id=91)
HLE: ! {PPU[1] Thread (CPUThread)[0x001e1ed8]} sys_mutex: Mutex(91) was owned by thread -1 (recursive=0)
RSX: W {RSXThread} TODO: NV4097_SET_WINDOW_OFFSET: x=0, y=0
RSX: W {RSXThread} TODO: NV4097_SET_WINDOW_OFFSET: x=0, y=0
RSX: W {RSXThread} TODO: NV4097_SET_WINDOW_OFFSET: x=0, y=0
RSX: W {RSXThread} TODO: NV4097_SET_WINDOW_OFFSET: x=0, y=0
HLE: W {PPU[1] Thread (CPUThread)[0x002293d4]} sys_mutex warning: *** mutex created [] (protocol=0x1, recursive=true): id = 104
HLE: ! {PPU[62] Thread (MBgTaskManager)[0x00275034]} sys_fs: "/dev_bdvd/PS3_GAME/USRDIR/motion_body.bin" opened: fd = 105
HLE: W {PPU[62] Thread (MBgTaskManager)[0x0027504c]} sys_fs warning: cellFsAioRead(aio_addr=0x30116aa0, id_addr=0x30116ac8, func_addr=0x28ace8)
RSX: W {RSXThread} TODO: NV4097_SET_WINDOW_OFFSET: x=0, y=0
RSX: W {RSXThread} TODO: NV4097_SET_WINDOW_OFFSET: x=0, y=0
RSX: W {RSXThread} TODO: NV4097_SET_WINDOW_OFFSET: x=0, y=0
RSX: W {RSXThread} TODO: NV4097_SET_WINDOW_OFFSET: x=0, y=0
HLE: W {PPU[62] Thread (MBgTaskManager)[0x00275004]} sys_fs warning: cellFsClose(fd=105)
RSX: W {RSXThread} TODO: NV4097_SET_WINDOW_OFFSET: x=0, y=0
RSX: W {RSXThread} TODO: NV4097_SET_WINDOW_OFFSET: x=0, y=0
RSX: W {RSXThread} TODO: NV4097_SET_WINDOW_OFFSET: x=0, y=0
RSX: W {RSXThread} TODO: NV4097_SET_WINDOW_OFFSET: x=0, y=0
RSX: W {RSXThread} TODO: NV4097_SET_WINDOW_OFFSET: x=0, y=0
RSX: W {RSXThread} TODO: NV4097_SET_WINDOW_OFFSET: x=0, y=0
RSX: W {RSXThread} TODO: NV4097_SET_WINDOW_OFFSET: x=0, y=0
RSX: W {RSXThread} TODO: NV4097_SET_WINDOW_OFFSET: x=0, y=0
RSX: W {RSXThread} TODO: NV4097_SET_WINDOW_OFFSET: x=0, y=0
RSX: W {RSXThread} TODO: NV4097_SET_WINDOW_OFFSET: x=0, y=0
RSX: W {RSXThread} TODO: NV4097_SET_WINDOW_OFFSET: x=0, y=0
RSX: W {RSXThread} TODO: NV4097_SET_WINDOW_OFFSET: x=0, y=0
RSX: W {RSXThread} TODO: NV4097_SET_WINDOW_OFFSET: x=0, y=0
RSX: W {RSXThread} TODO: NV4097_SET_WINDOW_OFFSET: x=0, y=0
RSX: W {RSXThread} TODO: NV4097_SET_WINDOW_OFFSET: x=0, y=0
RSX: W {RSXThread} TODO: NV4097_SET_WINDOW_OFFSET: x=0, y=0
RSX: W {RSXThread} TODO: NV4097_SET_WINDOW_OFFSET: x=0, y=0
RSX: W {RSXThread} TODO: NV4097_SET_WINDOW_OFFSET: x=0, y=0
RSX: W {RSXThread} TODO: NV4097_SET_WINDOW_OFFSET: x=0, y=0
RSX: W {RSXThread} TODO: NV4097_SET_WINDOW_OFFSET: x=0, y=0
RSX: W {RSXThread} TODO: NV4097_SET_WINDOW_OFFSET: x=0, y=0
RSX: W {RSXThread} TODO: NV4097_SET_WINDOW_OFFSET: x=0, y=0
RSX: W {RSXThread} TODO: NV4097_SET_WINDOW_OFFSET: x=0, y=0
RSX: W {RSXThread} TODO: NV4097_SET_WINDOW_OFFSET: x=0, y=0
RSX: W {RSXThread} TODO: NV4097_SET_WINDOW_OFFSET: x=0, y=0
RSX: W {RSXThread} TODO: NV4097_SET_WINDOW_OFFSET: x=0, y=0
RSX: W {RSXThread} TODO: NV4097_SET_WINDOW_OFFSET: x=0, y=0
RSX: W {RSXThread} TODO: NV4097_SET_WINDOW_OFFSET: x=0, y=0
RSX: W {RSXThread} TODO: NV4097_SET_WINDOW_OFFSET: x=0, y=0
RSX: W {RSXThread} TODO: NV4097_SET_WINDOW_OFFSET: x=0, y=0
RSX: W {RSXThread} TODO: NV4097_SET_WINDOW_OFFSET: x=0, y=0
RSX: W {RSXThread} TODO: NV4097_SET_WINDOW_OFFSET: x=0, y=0
RSX: W {RSXThread} TODO: NV4097_SET_WINDOW_OFFSET: x=0, y=0
RSX: W {RSXThread} TODO: NV4097_SET_WINDOW_OFFSET: x=0, y=0
RSX: W {RSXThread} TODO: NV4097_SET_WINDOW_OFFSET: x=0, y=0
RSX: W {RSXThread} TODO: NV4097_SET_WINDOW_OFFSET: x=0, y=0
RSX: W {RSXThread} TODO: NV4097_SET_WINDOW_OFFSET: x=0, y=0
RSX: W {RSXThread} TODO: NV4097_SET_WINDOW_OFFSET: x=0, y=0
RSX: W {RSXThread} TODO: NV4097_SET_WINDOW_OFFSET: x=0, y=0
RSX: W {RSXThread} TODO: NV4097_SET_WINDOW_OFFSET: x=0, y=0
RSX: W {RSXThread} TODO: NV4097_SET_WINDOW_OFFSET: x=0, y=0
RSX: W {RSXThread} TODO: NV4097_SET_WINDOW_OFFSET: x=0, y=0
RSX: W {RSXThread} TODO: NV4097_SET_WINDOW_OFFSET: x=0, y=0
RSX: W {RSXThread} TODO: NV4097_SET_WINDOW_OFFSET: x=0, y=0
RSX: W {RSXThread} TODO: NV4097_SET_WINDOW_OFFSET: x=0, y=0
RSX: W {RSXThread} TODO: NV4097_SET_WINDOW_OFFSET: x=0, y=0
RSX: W {RSXThread} TODO: NV4097_SET_WINDOW_OFFSET: x=0, y=0
RSX: W {RSXThread} TODO: NV4097_SET_WINDOW_OFFSET: x=0, y=0
RSX: W {RSXThread} TODO: NV4097_SET_WINDOW_OFFSET: x=0, y=0
RSX: W {RSXThread} TODO: NV4097_SET_WINDOW_OFFSET: x=0, y=0
RSX: W {RSXThread} TODO: NV4097_SET_WINDOW_OFFSET: x=0, y=0
RSX: W {RSXThread} TODO: NV4097_SET_WINDOW_OFFSET: x=0, y=0
RSX: W {RSXThread} TODO: NV4097_SET_WINDOW_OFFSET: x=0, y=0
RSX: W {RSXThread} TODO: NV4097_SET_WINDOW_OFFSET: x=0, y=0
RSX: W {RSXThread} TODO: NV4097_SET_WINDOW_OFFSET: x=0, y=0
RSX: W {RSXThread} TODO: NV4097_SET_WINDOW_OFFSET: x=0, y=0
RSX: W {RSXThread} TODO: NV4097_SET_WINDOW_OFFSET: x=0, y=0
RSX: W {RSXThread} TODO: NV4097_SET_WINDOW_OFFSET: x=0, y=0
RSX: W {RSXThread} TODO: NV4097_SET_WINDOW_OFFSET: x=0, y=0
RSX: W {RSXThread} TODO: NV4097_SET_WINDOW_OFFSET: x=0, y=0
RSX: W {RSXThread} TODO: NV4097_SET_WINDOW_OFFSET: x=0, y=0
RSX: W {RSXThread} TODO: NV4097_SET_WINDOW_OFFSET: x=0, y=0
RSX: W {RSXThread} TODO: NV4097_SET_WINDOW_OFFSET: x=0, y=0
RSX: W {RSXThread} TODO: NV4097_SET_WINDOW_OFFSET: x=0, y=0
RSX: W {RSXThread} TODO: NV4097_SET_WINDOW_OFFSET: x=0, y=0
RSX: W {RSXThread} TODO: NV4097_SET_WINDOW_OFFSET: x=0, y=0
RSX: W {RSXThread} TODO: NV4097_SET_WINDOW_OFFSET: x=0, y=0
RSX: W {RSXThread} TODO: NV4097_SET_WINDOW_OFFSET: x=0, y=0
RSX: W {RSXThread} TODO: NV4097_SET_WINDOW_OFFSET: x=0, y=0
RSX: W {RSXThread} TODO: NV4097_SET_WINDOW_OFFSET: x=0, y=0
RSX: W {RSXThread} TODO: NV4097_SET_WINDOW_OFFSET: x=0, y=0
RSX: W {RSXThread} TODO: NV4097_SET_WINDOW_OFFSET: x=0, y=0
RSX: W {RSXThread} TODO: NV4097_SET_WINDOW_OFFSET: x=0, y=0
RSX: W {RSXThread} TODO: NV4097_SET_WINDOW_OFFSET: x=0, y=0
RSX: W {RSXThread} TODO: NV4097_SET_WINDOW_OFFSET: x=0, y=0
RSX: W {RSXThread} TODO: NV4097_SET_WINDOW_OFFSET: x=0, y=0
RSX: W {RSXThread} TODO: NV4097_SET_WINDOW_OFFSET: x=0, y=0
RSX: W {RSXThread} TODO: NV4097_SET_WINDOW_OFFSET: x=0, y=0
RSX: W {RSXThread} TODO: NV4097_SET_WINDOW_OFFSET: x=0, y=0
RSX: W {RSXThread} TODO: NV4097_SET_WINDOW_OFFSET: x=0, y=0
RSX: W {RSXThread} TODO: NV4097_SET_WINDOW_OFFSET: x=0, y=0
RSX: W {RSXThread} TODO: NV4097_SET_WINDOW_OFFSET: x=0, y=0
RSX: W {RSXThread} TODO: NV4097_SET_WINDOW_OFFSET: x=0, y=0
RSX: W {RSXThread} TODO: NV4097_SET_WINDOW_OFFSET: x=0, y=0
RSX: W {RSXThread} TODO: NV4097_SET_WINDOW_OFFSET: x=0, y=0
RSX: W {RSXThread} TODO: NV4097_SET_WINDOW_OFFSET: x=0, y=0
RSX: W {RSXThread} TODO: NV4097_SET_WINDOW_OFFSET: x=0, y=0
RSX: W {RSXThread} TODO: NV4097_SET_WINDOW_OFFSET: x=0, y=0
RSX: W {RSXThread} TODO: NV4097_SET_WINDOW_OFFSET: x=0, y=0
RSX: W {RSXThread} TODO: NV4097_SET_WINDOW_OFFSET: x=0, y=0
HLE: W {PPU[1] Thread (CPUThread)[0x001e5730]} sys_mutex warning: *** mutex created [] (protocol=0x1, recursive=true): id = 106
HLE: W {PPU[1] Thread (CPUThread)[0x00237a80]} sys_event_flag warning: sys_event_flag_create(eflag_id_addr=0x30176bac, attr_addr=0xd000e4b8, init=0x0)
HLE: W {PPU[1] Thread (CPUThread)[0x00237a80]} sys_event_flag warning: *** event_flag created [] (protocol=0x2, type=0x20000): id = 107
HLE: W {PPU[1] Thread (CPUThread)[0x00229464]} sys_mutex warning: sys_mutex_destroy(mutex_id=104)
HLE: ! {PPU[1] Thread (CPUThread)[0x00229464]} sys_mutex: Mutex(104) was owned by thread -1 (recursive=0)
HLE: W {PPU[1] Thread (CPUThread)[0x002293d4]} sys_mutex warning: *** mutex created [] (protocol=0x1, recursive=true): id = 108
HLE: ! {PPU[62] Thread (MBgTaskManager)[0x00275034]} sys_fs: "/dev_bdvd/PS3_GAME/USRDIR/script_body.bin" opened: fd = 109
HLE: W {PPU[62] Thread (MBgTaskManager)[0x0027504c]} sys_fs warning: cellFsAioRead(aio_addr=0x30176b80, id_addr=0x30176ba8, func_addr=0x28ace8)
HLE: W {PPU[62] Thread (MBgTaskManager)[0x00275004]} sys_fs warning: cellFsClose(fd=109)
RSX: W {RSXThread} TODO: NV4097_SET_WINDOW_OFFSET: x=0, y=0
RSX: W {RSXThread} TODO: NV4097_SET_WINDOW_OFFSET: x=0, y=0
HLE: W {PPU[1] Thread (CPUThread)[0x00229464]} sys_mutex warning: sys_mutex_destroy(mutex_id=108)
HLE: ! {PPU[1] Thread (CPUThread)[0x00229464]} sys_mutex: Mutex(108) was owned by thread -1 (recursive=0)
RSX: W {RSXThread} NV4097_SET_VERTEX_ATTRIB_INPUT_MASK: 109
RSX: W {RSXThread} NV4097_SET_VERTEX_ATTRIB_OUTPUT_MASK: 4025
RSX: W {RSXThread} NV4097_SET_TEX_COORD_CONTROL
RSX: W {RSXThread} FP not found in buffer!
RSX: W {RSXThread} VP not found in buffer!
RSX: ! {RSXThread} Add program (0):
RSX: ! {RSXThread} *** prog id = 3
RSX: ! {RSXThread} *** vp id = 2
RSX: ! {RSXThread} *** fp id = 1
RSX: ! {RSXThread} *** vp data size = 96
RSX: ! {RSXThread} *** fp data size = 64
RSX: ! {RSXThread} *** vp shader = 
#version 330

uniform mat4 scaleOffsetMat = mat4(1.0);
vec4 dst_reg1 = vec4(0.0);
vec4 tmp0;
vec4 dst_reg7 = vec4(0.0);
vec4 dst_reg0 = vec4(0.0f, 0.0f, 0.0f, 1.0f);
layout (location = 3) in vec4 in_diff_color;
layout (location = 0) in vec4 in_pos;
layout (location = 8) in vec4 in_tc0;
uniform vec4 vc[468];
out vec4 diff_color;
out vec4 tc0;

void func0();

void main()
{
	func0();
	gl_Position = dst_reg0;
	diff_color = dst_reg1;
	tc0 = dst_reg7;
	gl_Position = gl_Position * scaleOffsetMat;
}

void func0()
{
	dst_reg1 = in_diff_color;
	tmp0 = (in_pos.yyyy * vc[257]);
	dst_reg7.xy = in_tc0.xyxx.xy;
	tmp0 = (in_pos.xxxx * vc[256] + tmp0);
	tmp0 = (in_pos.zzzz * vc[258] + tmp0);
	dst_reg0 = (vc[259] + tmp0);
}

RSX: ! {RSXThread} *** fp shader = 
#version 330

vec4 r0 = vec4(0.0, 0.0, 0.0, 0.0);
vec4 h0 = vec4(0.0, 0.0, 0.0, 0.0);
uniform sampler2D tex0;
in vec4 tc0;
in vec4 diff_color;
uniform vec4 fc48 = vec4(2.000000, 1.000000, 0.000000, 0.000000);
layout (location = 0) out vec4 ocol0;

void main()
{
	r0 = texture(tex0, tc0.xy);
	r0 = (r0 * diff_color);
	h0 = (r0 * fc48.xxxy);
	ocol0 = h0;
}

RSX: W {RSXThread} TODO: NV4097_SET_WINDOW_OFFSET: x=0, y=0
RSX: W {RSXThread} TODO: NV4097_SET_WINDOW_OFFSET: x=0, y=0
HLE: W {PPU[1] Thread (CPUThread)[0x00236594]} sys_event_flag warning: sys_event_flag_destroy(eflag_id=107)
HLE: W {PPU[1] Thread (CPUThread)[0x001e1ed8]} sys_mutex warning: sys_mutex_destroy(mutex_id=106)
HLE: ! {PPU[1] Thread (CPUThread)[0x001e1ed8]} sys_mutex: Mutex(106) was owned by thread -1 (recursive=0)
RSX: W {RSXThread} NV4097_SET_VERTEX_ATTRIB_INPUT_MASK: 109
RSX: W {RSXThread} NV4097_SET_VERTEX_ATTRIB_OUTPUT_MASK: 4025
RSX: W {RSXThread} NV4097_SET_TEX_COORD_CONTROL
RSX: W {RSXThread} TODO: NV4097_SET_WINDOW_OFFSET: x=0, y=0
RSX: W {RSXThread} TODO: NV4097_SET_WINDOW_OFFSET: x=0, y=0
G: E {PPU[1] Thread (CPUThread)[0x00080ca8]} Exception: Access violation: addr = 0x0 (is_alive=1, last_syscall=0x0 (Unknown func id: 0x00000000))
PPU: ! {PPULLVMRecompiler} Removed 23 old versions
PPU: ! {PPULLVMRecompiler} Removed 116 old versions
RSX: W {RSXThread} RSX thread aborted
HLE: W {PPU[58] Thread (MBgTaskManager)[0x00229500]} sys_cond warning: sys_cond_wait(id=57) aborted
HLE: W {PPU[66] Thread (MBgTaskManager)[0x00229500]} sys_cond warning: sys_cond_wait(id=65) aborted
HLE: W {PPU[49] Thread (synth)[0x000179ec]} sys_event warning: sys_event_queue_receive(equeue=46) aborted
HLE: W {Audio Thread} cellAudio warning: Audio thread aborted
RSX: W {VBlank thread} VBlank thread aborted
HLE: W {PPU[62] Thread (MBgTaskManager)[0x00229500]} sys_cond warning: sys_cond_wait(id=61) aborted
PPU: ! {PPULLVMRecompiler} PPU LLVM compiler thread exiting.
HLE: ! All threads stopped...
RSX: W GLVertexProgram::Delete(): glDeleteShader(2) avoided
RSX: W GLShaderProgram::Delete(): glDeleteShader(1) avoided
HLE: ! sys_mutex: Mutex(42) was owned by thread 49 (recursive=1)
MEM: ! Closing memory...
