HLE: ! path: /dev_hdd0/game/
HLE: W No pause.bin found, Auto Pause will not work.
HLE: W No pause.bin found, Auto Pause will not work.
LDR: ! Loading 'D:\Emulateurs\Rpcs3\dev_hdd0\game\BLJM60081-[Tears to Tiara  Kakan no Daichi]/PS3_GAME/USRDIR/BOOT.BIN'...
LDR: !  
LDR: ! Mount info:
LDR: ! /dev_hdd0/ -> ./dev_hdd0/
LDR: ! /dev_hdd1/ -> ./dev_hdd1/
LDR: ! /dev_flash/ -> ./dev_flash/
LDR: ! /dev_usb000/ -> ./dev_usb000/
LDR: ! /dev_usb/ -> ./dev_usb000/
LDR: ! /app_home/ -> D:\Emulateurs\Rpcs3\dev_hdd0\game\BLJM60081-[Tears to Tiara  Kakan no Daichi]/PS3_GAME/
LDR: ! /dev_bdvd/ -> D:\Emulateurs\Rpcs3\dev_hdd0\game\BLJM60081-[Tears to Tiara  Kakan no Daichi]/PS3_GAME//../
LDR: ! /host_root/ -> 
LDR: ! /app_home/PS3_GAME/USRDIR/ -> D:\Emulateurs\Rpcs3\dev_hdd0\game\BLJM60081-[Tears to Tiara  Kakan no Daichi]/PS3_GAME//USRDIR/
LDR: ! /dev_flash2/ -> ./dev_flash2/
LDR: ! /app_home/Game/PS3_GAME/USRDIR/ -> D:\Emulateurs\Rpcs3\dev_hdd0\game\BLJM60081-[Tears to Tiara  Kakan no Daichi]/PS3_GAME//USRDIR/
LDR: ! //dev_hdd0/ -> ./dev_hdd0/
LDR: ! / -> D:\Emulateurs\Rpcs3\dev_hdd0\game\BLJM60081-[Tears to Tiara  Kakan no Daichi]/PS3_GAME//USRDIR/
LDR: ! /app_home//dev_bdvd/PS3_GAME/USRDIR/data/gos/ -> D:\Emulateurs\Rpcs3\dev_hdd0\game\BLJM60081-[Tears to Tiara  Kakan no Daichi]/PS3_GAME//USRDIR/
LDR: !  
LDR: ! Title: Tears to Tiara : Kakan no Daichi
LDR: ! Serial: BLJM60081
LDR: !  
MEM: ! Initializing memory: m_base_addr = 0x1c86fe0000
MEM: ! Memory initialized.
LDR: ! Function 'cellAANAddData' hooked (addr=0x2a47a0)
LDR: ! Function 'cellSurMixerGetAANHandle' hooked (addr=0x2a4928)
LDR: ! Function 'cellSurMixerSetNotifyCallback' hooked (addr=0x2a4960)
LDR: ! Function 'cellSurMixerRemoveNotifyCallback' hooked (addr=0x2a49f8)
LDR: ! Function 'cellSurMixerSurBusAddData' hooked (addr=0x2a4a90)
LDR: ! Function 'cellSurMixerGetCurrentBlockTag' hooked (addr=0x2a4b50)
LDR: ! Function 'cellSurMixerChStripGetAANPortNo' hooked (addr=0x2a5430)
LDR: ! Function 'cellSurMixerBeep' hooked (addr=0x2a5470)
LDR: ! Function 'cellSurMixerChStripSetParameter' hooked (addr=0x2a5860)
LDR: ! Function 'cellSurMixerPause' hooked (addr=0x2a5b08)
LDR: ! Function 'cellSurMixerGetTimestamp' hooked (addr=0x2a71b0)
LDR: ! Function 'cellSurMixerSetParameter' hooked (addr=0x2a7218)
LDR: ! Function 'cellSurMixerStart' hooked (addr=0x2a72e8)
LDR: ! Function 'cellSurMixerFinalize' hooked (addr=0x2a75f0)
LDR: ! Function 'cellSurMixerCreate' hooked (addr=0x2a7ea8)
LDR: E Function 'cellAANConnect' not found
LDR: E Function 'cellAANDisconnect' not found
LDR: E Function group [surmxAAN] failed: missing;
LDR: S Function group [surmixer] successfully hooked
LDR: ! Imported function 'cellPadClearBuf' in 'sys_io' module
LDR: ! Imported function 'cellPadInit' in 'sys_io' module
LDR: ! Imported function 'cellPadGetInfo' in 'sys_io' module
LDR: ! Imported function 'cellPadEnd' in 'sys_io' module
LDR: ! Imported function 'cellPadGetData' in 'sys_io' module
LDR: ! Imported function 'cellPadGetCapabilityInfo' in 'sys_io' module
LDR: ! Imported function 'cellFontCreateRenderer' in 'cellFont' module
LDR: ! Imported function 'cellFontOpenFontsetOnMemory' in 'cellFont' module
LDR: ! Imported function 'cellFontOpenFontFile' in 'cellFont' module
LDR: ! Imported function 'cellFontGetHorizontalLayout' in 'cellFont' module
LDR: ! Imported function 'cellFontDestroyRenderer' in 'cellFont' module
LDR: ! Imported function 'cellFontSetupRenderScalePixel' in 'cellFont' module
LDR: ! Imported function 'cellFontSetEffectWeight' in 'cellFont' module
LDR: ! Imported function 'cellFontSetScalePixel' in 'cellFont' module
LDR: ! Imported function 'cellFontGetRenderCharGlyphMetrics' in 'cellFont' module
LDR: ! Imported function 'cellFontEndLibrary' in 'cellFont' module
LDR: ! Imported function 'cellFontBindRenderer' in 'cellFont' module
LDR: ! Imported function 'cellFontEnd' in 'cellFont' module
LDR: ! Imported function 'cellFontSetEffectSlant' in 'cellFont' module
LDR: ! Imported function 'cellFontRenderCharGlyphImage' in 'cellFont' module
LDR: ! Imported function 'cellFontRenderSurfaceInit' in 'cellFont' module
LDR: ! Imported function 'cellFontGetFontIdCode' in 'cellFont' module
LDR: ! Imported function 'cellFontOpenFontMemory' in 'cellFont' module
LDR: ! Imported function 'cellFontOpenFontset' in 'cellFont' module
LDR: ! Imported function 'cellFontCloseFont' in 'cellFont' module
LDR: ! Imported function 'cellFontRenderSurfaceSetScissor' in 'cellFont' module
LDR: ! Imported function 'cellFontInitializeWithRevision' in 'cellFont' module
LDR: ! Imported function 'cellFontUnbindRenderer' in 'cellFont' module
LDR: ! Imported function 'cellFontInitLibraryFreeTypeWithRevision' in 'cellFontFT' module
LDR: W Unknown module 'cellOskExtUtility'
LDR: W Unimplemented function 'cellOskDialogExtRegisterConfirmWordFilterCallback' in 'cellOskExtUtility' module
LDR: W Unimplemented function 'sys_mempool_try_allocate_block' in 'sysPrxForUser' module
LDR: ! Imported function 'sys_ppu_thread_create' in 'sysPrxForUser' module
LDR: ! Imported function '_sys_process_atexitspawn' in 'sysPrxForUser' module
LDR: ! Imported function 'sys_ppu_thread_get_id' in 'sysPrxForUser' module
LDR: W Unimplemented function 'sys_mempool_free_block' in 'sysPrxForUser' module
LDR: ! Imported function 'sys_initialize_tls' in 'sysPrxForUser' module
LDR: ! Imported function 'sys_time_get_system_time' in 'sysPrxForUser' module
LDR: W Unimplemented function 'sys_mempool_destroy' in 'sysPrxForUser' module
LDR: ! Imported function 'sys_prx_exitspawn_with_level' in 'sysPrxForUser' module
LDR: ! Imported function 'sys_ppu_thread_exit' in 'sysPrxForUser' module
LDR: W Unimplemented function 'sys_mempool_create' in 'sysPrxForUser' module
LDR: ! Imported function 'sys_process_exit' in 'sysPrxForUser' module
LDR: ! Imported function 'sys_lwmutex_lock' in 'sysPrxForUser' module
LDR: ! Imported function 'sys_lwmutex_unlock' in 'sysPrxForUser' module
LDR: ! Imported function 'sys_lwmutex_create' in 'sysPrxForUser' module
LDR: ! Imported function '_sys_heap_malloc' in 'sysPrxForUser' module
LDR: ! Imported function '_sys_heap_memalign' in 'sysPrxForUser' module
LDR: W Unimplemented function '_sys_heap_free' in 'sysPrxForUser' module
LDR: ! Imported function 'sys_lwmutex_trylock' in 'sysPrxForUser' module
LDR: W Unimplemented function '_sys_heap_delete_heap' in 'sysPrxForUser' module
LDR: ! Imported function '_sys_heap_create_heap' in 'sysPrxForUser' module
LDR: ! Imported function 'sys_lwmutex_destroy' in 'sysPrxForUser' module
LDR: ! Imported function 'sys_spu_image_close' in 'sysPrxForUser' module
LDR: ! Imported function 'sys_spu_image_import' in 'sysPrxForUser' module
LDR: ! Imported function 'cellFsRmdir' in 'sys_fs' module
LDR: ! Imported function 'cellFsClose' in 'sys_fs' module
LDR: ! Imported function 'cellFsOpendir' in 'sys_fs' module
LDR: ! Imported function 'cellFsReaddir' in 'sys_fs' module
LDR: ! Imported function 'cellFsOpen' in 'sys_fs' module
LDR: ! Imported function 'cellFsUnlink' in 'sys_fs' module
LDR: ! Imported function 'cellFsMkdir' in 'sys_fs' module
LDR: ! Imported function 'cellFsWrite' in 'sys_fs' module
LDR: ! Imported function 'cellFsClosedir' in 'sys_fs' module
LDR: ! Imported function 'cellFsRead' in 'sys_fs' module
LDR: ! Imported function 'cellFsStat' in 'sys_fs' module
LDR: ! Imported function 'cellFsLseek' in 'sys_fs' module
LDR: ! Imported function 'cellFsFstat' in 'sys_fs' module
LDR: ! Imported function 'cellFsRename' in 'sys_fs' module
LDR: ! Imported function '_cellGcmInitBody' in 'cellGcmSys' module
LDR: ! Imported function '_cellGcmSetFlipCommand' in 'cellGcmSys' module
LDR: ! Imported function 'cellGcmAddressToOffset' in 'cellGcmSys' module
LDR: ! Imported function '_cellGcmFunc15' in 'cellGcmSys' module
LDR: ! Imported function 'cellGcmBindTile' in 'cellGcmSys' module
LDR: ! Imported function 'cellGcmSetFlipMode' in 'cellGcmSys' module
LDR: ! Imported function 'cellGcmSetDebugOutputLevel' in 'cellGcmSys' module
LDR: ! Imported function 'cellGcmGetLastFlipTime' in 'cellGcmSys' module
LDR: ! Imported function 'cellGcmGetFlipStatus' in 'cellGcmSys' module
LDR: ! Imported function 'cellGcmGetReport' in 'cellGcmSys' module
LDR: ! Imported function 'cellGcmSetFlipHandler' in 'cellGcmSys' module
LDR: ! Imported function 'cellGcmSetDisplayBuffer' in 'cellGcmSys' module
LDR: ! Imported function 'cellGcmGetControlRegister' in 'cellGcmSys' module
LDR: ! Imported function 'cellGcmSetVBlankHandler' in 'cellGcmSys' module
LDR: ! Imported function 'cellGcmResetFlipStatus' in 'cellGcmSys' module
LDR: ! Imported function 'cellGcmSetTileInfo' in 'cellGcmSys' module
LDR: ! Imported function 'cellGcmSetInvalidateTile' in 'cellGcmSys' module
LDR: ! Imported function 'cellGcmSetGraphicsHandler' in 'cellGcmSys' module
LDR: ! Imported function 'cellGcmSetZcull' in 'cellGcmSys' module
LDR: ! Imported function 'cellGcmUnbindTile' in 'cellGcmSys' module
LDR: ! Imported function 'cellGcmGetConfiguration' in 'cellGcmSys' module
LDR: ! Imported function 'cellGcmGetLabelAddress' in 'cellGcmSys' module
LDR: ! Imported function 'cellSysutilUnregisterCallback' in 'cellSysutil' module
LDR: ! Imported function 'cellVideoOutConfigure' in 'cellSysutil' module
LDR: ! Imported function 'cellSysutilCheckCallback' in 'cellSysutil' module
LDR: ! Imported function 'cellSaveDataListLoad2' in 'cellSysutil' module
LDR: ! Imported function 'cellSysCacheMount' in 'cellSysutil' module
LDR: ! Imported function 'cellVideoOutGetDeviceInfo' in 'cellSysutil' module
LDR: ! Imported function 'cellMsgDialogClose' in 'cellSysutil' module
LDR: ! Imported function 'cellSaveDataListAutoLoad' in 'cellSysutil' module
LDR: ! Imported function 'cellSaveDataFixedLoad2' in 'cellSysutil' module
LDR: ! Imported function 'cellSaveDataFixedSave2' in 'cellSysutil' module
LDR: ! Imported function 'cellSaveDataListSave2' in 'cellSysutil' module
LDR: W Unimplemented function 'cellOskDialogUnloadAsync' in 'cellSysutil' module
LDR: ! Imported function 'cellMsgDialogOpenErrorCode' in 'cellSysutil' module
LDR: ! Imported function 'cellSysutilGetSystemParamInt' in 'cellSysutil' module
LDR: ! Imported function 'cellAudioOutConfigure' in 'cellSysutil' module
LDR: ! Imported function 'cellSaveDataListAutoSave' in 'cellSysutil' module
LDR: ! Imported function 'cellMsgDialogAbort' in 'cellSysutil' module
LDR: ! Imported function 'cellSysCacheClear' in 'cellSysutil' module
LDR: ! Imported function 'cellVideoOutGetNumberOfDevice' in 'cellSysutil' module
LDR: ! Imported function 'cellMsgDialogOpen2' in 'cellSysutil' module
LDR: ! Imported function 'cellMsgDialogProgressBarReset' in 'cellSysutil' module
LDR: W Unimplemented function 'cellOskDialogLoadAsync' in 'cellSysutil' module
LDR: ! Imported function 'cellVideoOutGetState' in 'cellSysutil' module
LDR: ! Imported function 'cellSaveDataAutoSave2' in 'cellSysutil' module
LDR: ! Imported function 'cellMsgDialogProgressBarInc' in 'cellSysutil' module
LDR: W Unimplemented function 'cellGameDataExitBroken' in 'cellSysutil' module
LDR: ! Imported function 'cellMsgDialogProgressBarSetMsg' in 'cellSysutil' module
LDR: ! Imported function 'cellSysutilRegisterCallback' in 'cellSysutil' module
LDR: ! Imported function 'cellVideoOutGetResolutionAvailability' in 'cellSysutil' module
LDR: W Unimplemented function 'cellOskDialogSetKeyLayoutOption' in 'cellSysutil' module
LDR: W Unimplemented function 'cellOskDialogSetInitialKeyLayout' in 'cellSysutil' module
LDR: ! Imported function 'cellGameDataCheckCreate2' in 'cellSysutil' module
LDR: W Unimplemented function 'cellDiscGameRegisterDiscChangeCallback' in 'cellSysutil' module
LDR: ! Imported function 'cellVideoOutGetResolution' in 'cellSysutil' module
LDR: W Unimplemented function 'cellSaveDataDelete2' in 'cellSysutil' module
LDR: W Unimplemented function 'cellOskDialogSetLayoutMode' in 'cellSysutil' module
LDR: W Unimplemented function 'cellOskDialogSetInitialInputDevice' in 'cellSysutil' module
LDR: ! Imported function 'cellSaveDataAutoLoad2' in 'cellSysutil' module
LDR: ! Imported function 'cellAudioOutGetSoundAvailability' in 'cellSysutil' module
LDR: ! Imported function 'cellAudioOutGetState' in 'cellSysutil' module
LDR: ! Imported function 'cellRescGetNumColorBuffers' in 'cellResc' module
LDR: ! Imported function 'cellRescSetWaitFlip' in 'cellResc' module
LDR: ! Imported function 'cellRescSetDsts' in 'cellResc' module
LDR: ! Imported function 'cellRescAdjustAspectRatio' in 'cellResc' module
LDR: ! Imported function 'cellRescSetDisplayMode' in 'cellResc' module
LDR: ! Imported function 'cellRescSetConvertAndFlip' in 'cellResc' module
LDR: ! Imported function 'cellRescExit' in 'cellResc' module
LDR: ! Imported function 'cellRescSetFlipHandler' in 'cellResc' module
LDR: ! Imported function 'cellRescInit' in 'cellResc' module
LDR: ! Imported function 'cellRescGetBufferSize' in 'cellResc' module
LDR: ! Imported function 'cellRescSetSrc' in 'cellResc' module
LDR: ! Imported function 'cellRescSetBufferAddress' in 'cellResc' module
LDR: ! Imported function 'cellRescSetVBlankHandler' in 'cellResc' module
LDR: ! Imported function 'cellRescCreateInterlaceTable' in 'cellResc' module
LDR: ! Imported function 'cellSysmoduleUnloadModule' in 'cellSysmodule' module
LDR: ! Imported function 'cellSysmoduleLoadModule' in 'cellSysmodule' module
LDR: ! Imported function 'cellAudioInit' in 'cellAudio' module
LDR: ! Imported function 'cellAudioSetNotifyEventQueue' in 'cellAudio' module
LDR: ! Imported function 'cellAudioGetPortTimestamp' in 'cellAudio' module
LDR: ! Imported function 'cellAudioPortClose' in 'cellAudio' module
LDR: ! Imported function 'cellAudioPortStop' in 'cellAudio' module
LDR: ! Imported function 'cellAudioGetPortConfig' in 'cellAudio' module
LDR: ! Imported function 'cellAudioPortStart' in 'cellAudio' module
LDR: ! Imported function 'cellAudioQuit' in 'cellAudio' module
LDR: ! Imported function 'cellAudioPortOpen' in 'cellAudio' module
LDR: ! Imported function 'cellAudioGetPortBlockTag' in 'cellAudio' module
LDR: ! Imported function 'cellAudioRemoveNotifyEventQueue' in 'cellAudio' module
LDR: ! Imported function 'cellSailGraphicsAdapterGetFrame' in 'cellSail' module
LDR: ! Imported function 'cellSailPlayerSetSoundAdapter' in 'cellSail' module
LDR: ! Imported function 'cellSailPlayerInitialize' in 'cellSail' module
LDR: ! Imported function 'cellSailGraphicsAdapterPtsToTimePosition' in 'cellSail' module
LDR: ! Imported function 'cellSailPlayerFinalize' in 'cellSail' module
LDR: ! Imported function 'cellSailPlayerSetGraphicsAdapter' in 'cellSail' module
LDR: ! Imported function 'cellSailGraphicsAdapterInitialize' in 'cellSail' module
LDR: ! Imported function 'cellSailGraphicsAdapterSetPreferredFormat' in 'cellSail' module
LDR: ! Imported function 'cellSailMemAllocatorInitialize' in 'cellSail' module
LDR: ! Imported function 'cellSailPlayerOpenStream' in 'cellSail' module
LDR: ! Imported function 'cellSailFutureGet' in 'cellSail' module
LDR: ! Imported function 'cellSailSoundAdapterInitialize' in 'cellSail' module
LDR: ! Imported function 'cellSailGraphicsAdapterUpdateAvSync' in 'cellSail' module
LDR: ! Imported function 'cellSailPlayerReplaceEventHandler' in 'cellSail' module
LDR: ! Imported function 'cellSailSoundAdapterPtsToTimePosition' in 'cellSail' module
LDR: ! Imported function 'cellSailFutureInitialize' in 'cellSail' module
LDR: ! Imported function 'cellSailPlayerSetParameter' in 'cellSail' module
LDR: ! Imported function 'cellSailPlayerGetDescriptorCount' in 'cellSail' module
LDR: ! Imported function 'cellSailGraphicsAdapterFinalize' in 'cellSail' module
LDR: ! Imported function 'cellSailPlayerAddDescriptor' in 'cellSail' module
LDR: ! Imported function 'cellSailSoundAdapterGetFrame' in 'cellSail' module
LDR: ! Imported function 'cellSailPlayerCloseStream' in 'cellSail' module
LDR: ! Imported function 'cellSailFutureFinalize' in 'cellSail' module
LDR: ! Imported function 'cellSailFutureSet' in 'cellSail' module
LDR: ! Imported function 'cellSailPlayerBoot' in 'cellSail' module
LDR: ! Imported function 'cellSailSoundAdapterFinalize' in 'cellSail' module
LDR: ! Imported function 'cellSailPlayerCreateDescriptor' in 'cellSail' module
LDR: ! Imported function 'cellSailPlayerStart' in 'cellSail' module
LDR: ! Imported function 'cellSailPlayerStop' in 'cellSail' module
LDR: ! Imported function 'cellSailSoundAdapterUpdateAvSync' in 'cellSail' module
LDR: ! Imported function 'cellSailPlayerDestroyDescriptor' in 'cellSail' module
LDR: ! Imported function '_cellSpursAttributeInitialize' in 'cellSpurs' module
LDR: ! Imported function 'cellSpursInitializeWithAttribute' in 'cellSpurs' module
LDR: ! Imported function 'cellSpursFinalize' in 'cellSpurs' module
LDR: ! Imported function 'cellSpursEventFlagDetachLv2EventQueue' in 'cellSpurs' module
LDR: ! Imported function 'cellSpursEventFlagWait' in 'cellSpurs' module
LDR: ! Imported function 'cellSpursDetachLv2EventQueue' in 'cellSpurs' module
LDR: ! Imported function 'cellSpursCreateTaskset' in 'cellSpurs' module
LDR: ! Imported function '_cellSpursEventFlagInitialize' in 'cellSpurs' module
LDR: ! Imported function 'cellSpursEventFlagAttachLv2EventQueue' in 'cellSpurs' module
LDR: ! Imported function 'cellSpursJoinTaskset' in 'cellSpurs' module
LDR: ! Imported function 'cellSpursShutdownTaskset' in 'cellSpurs' module
LDR: ! Imported function 'cellSpursAttachLv2EventQueue' in 'cellSpurs' module
LDR: ! Imported function 'cellSpursCreateTask' in 'cellSpurs' module
LDR: ! Imported function '_cellSpursSendSignal' in 'cellSpurs' module
LDR: ! Imported function 'sys_net_initialize_network_ex' in 'sys_net' module
LDR: ! Imported function 'listen' in 'sys_net' module
LDR: W Unimplemented function 'socketselect' in 'sys_net' module
LDR: ! Imported function 'connect' in 'sys_net' module
LDR: ! Imported function 'socketclose' in 'sys_net' module
LDR: ! Imported function 'setsockopt' in 'sys_net' module
LDR: ! Imported function 'socket' in 'sys_net' module
LDR: ! Imported function 'bind' in 'sys_net' module
LDR: ! Imported function 'sys_net_show_ifconfig' in 'sys_net' module
LDR: ! Imported function 'sys_net_finalize_network' in 'sys_net' module
LDR: ! Imported function 'accept' in 'sys_net' module
LDR: ! Imported function 'inet_addr' in 'sys_net' module
LDR: ! Imported function 'send' in 'sys_net' module
LDR: ! Imported function 'recv' in 'sys_net' module
LDR: ! Imported function 'cellNetCtlTerm' in 'cellNetCtl' module
LDR: ! Imported function 'cellNetCtlGetState' in 'cellNetCtl' module
LDR: ! Imported function 'cellNetCtlInit' in 'cellNetCtl' module
LDR: ! Imported function 'cellSyncMutexUnlock' in 'cellSync' module
LDR: ! Imported function 'cellSyncMutexInitialize' in 'cellSync' module
LDR: ! Imported function 'cellSyncMutexTryLock' in 'cellSync' module
HLE: W {PPU[1] Thread (CPUThread)[0x00afc0ac]} sys_lwmutex warning: sys_lwmutex_create(lwmutex_addr=0x9f9990, attr_addr=0x6a1aa8)
HLE: ! {PPU[1] Thread (CPUThread)[0x00afc0ac]} sys_lwmutex : *** lwmutex created [_lc_mtx] (attribute=0x12): sq_id = 3
HLE: W {PPU[1] Thread (CPUThread)[0x0033e6f4]} sys_memory warning: sys_memory_get_user_memory_size(mem_info_addr=0xd000fc34)
HLE: W {PPU[1] Thread (CPUThread)[0x00afc0ac]} sys_lwmutex warning: sys_lwmutex_create(lwmutex_addr=0x9f9968, attr_addr=0x6a1aa8)
HLE: ! {PPU[1] Thread (CPUThread)[0x00afc0ac]} sys_lwmutex : *** lwmutex created [_lc_mtx] (attribute=0x12): sq_id = 4
HLE: W {PPU[1] Thread (CPUThread)[0x00afc0ac]} sys_lwmutex warning: sys_lwmutex_create(lwmutex_addr=0x9f90f0, attr_addr=0x6a1aa8)
HLE: ! {PPU[1] Thread (CPUThread)[0x00afc0ac]} sys_lwmutex : *** lwmutex created [_lc_mtx] (attribute=0x12): sq_id = 5
HLE: W {PPU[1] Thread (CPUThread)[0x00afc0ac]} sys_lwmutex warning: sys_lwmutex_create(lwmutex_addr=0x9f9118, attr_addr=0x6a1aa8)
HLE: ! {PPU[1] Thread (CPUThread)[0x00afc0ac]} sys_lwmutex : *** lwmutex created [_lc_mtx] (attribute=0x12): sq_id = 6
HLE: W {PPU[1] Thread (CPUThread)[0x00afc0ac]} sys_lwmutex warning: sys_lwmutex_create(lwmutex_addr=0x9f9140, attr_addr=0x6a1aa8)
HLE: ! {PPU[1] Thread (CPUThread)[0x00afc0ac]} sys_lwmutex : *** lwmutex created [_lc_mtx] (attribute=0x12): sq_id = 7
HLE: W {PPU[1] Thread (CPUThread)[0x00afc0ac]} sys_lwmutex warning: sys_lwmutex_create(lwmutex_addr=0x9f9028, attr_addr=0x6a1aa8)
HLE: ! {PPU[1] Thread (CPUThread)[0x00afc0ac]} sys_lwmutex : *** lwmutex created [_lc_mtx] (attribute=0x12): sq_id = 8
HLE: W {PPU[1] Thread (CPUThread)[0x00afc0ac]} sys_lwmutex warning: sys_lwmutex_create(lwmutex_addr=0x9f9078, attr_addr=0x6a1aa8)
HLE: ! {PPU[1] Thread (CPUThread)[0x00afc0ac]} sys_lwmutex : *** lwmutex created [_lc_mtx] (attribute=0x12): sq_id = 9
HLE: W {PPU[1] Thread (CPUThread)[0x00afc0ac]} sys_lwmutex warning: sys_lwmutex_create(lwmutex_addr=0x9f90a0, attr_addr=0x6a1aa8)
HLE: ! {PPU[1] Thread (CPUThread)[0x00afc0ac]} sys_lwmutex : *** lwmutex created [_lc_mtx] (attribute=0x12): sq_id = 10
HLE: W {PPU[1] Thread (CPUThread)[0x00afc0ac]} sys_lwmutex warning: sys_lwmutex_create(lwmutex_addr=0x9f90c8, attr_addr=0x6a1aa8)
HLE: ! {PPU[1] Thread (CPUThread)[0x00afc0ac]} sys_lwmutex : *** lwmutex created [_lc_mtx] (attribute=0x12): sq_id = 11
HLE: W {PPU[1] Thread (CPUThread)[0x00afc0ac]} sys_lwmutex warning: sys_lwmutex_create(lwmutex_addr=0x30100020, attr_addr=0x6a1aa8)
HLE: ! {PPU[1] Thread (CPUThread)[0x00afc0ac]} sys_lwmutex : *** lwmutex created [_lc_mtx] (attribute=0x12): sq_id = 12
HLE: W {PPU[1] Thread (CPUThread)[0x00afc0ac]} sys_lwmutex warning: sys_lwmutex_create(lwmutex_addr=0x301000a0, attr_addr=0x6a1aa8)
HLE: ! {PPU[1] Thread (CPUThread)[0x00afc0ac]} sys_lwmutex : *** lwmutex created [_lc_mtx] (attribute=0x12): sq_id = 13
HLE: W {PPU[1] Thread (CPUThread)[0x00afc0ac]} sys_lwmutex warning: sys_lwmutex_create(lwmutex_addr=0x30100130, attr_addr=0x6a1aa8)
HLE: ! {PPU[1] Thread (CPUThread)[0x00afc0ac]} sys_lwmutex : *** lwmutex created [_lc_mtx] (attribute=0x12): sq_id = 14
HLE: W {PPU[1] Thread (CPUThread)[0x00afc0ac]} sys_lwmutex warning: sys_lwmutex_create(lwmutex_addr=0x30100190, attr_addr=0x6a1aa8)
HLE: ! {PPU[1] Thread (CPUThread)[0x00afc0ac]} sys_lwmutex : *** lwmutex created [_lc_mtx] (attribute=0x12): sq_id = 15
HLE: W {PPU[1] Thread (CPUThread)[0x00afc0ac]} sys_lwmutex warning: sys_lwmutex_create(lwmutex_addr=0x301001d0, attr_addr=0x6a1aa8)
HLE: ! {PPU[1] Thread (CPUThread)[0x00afc0ac]} sys_lwmutex : *** lwmutex created [_lc_mtx] (attribute=0x12): sq_id = 16
HLE: W {PPU[1] Thread (CPUThread)[0x00afc0ac]} sys_lwmutex warning: sys_lwmutex_create(lwmutex_addr=0x30100210, attr_addr=0x6a1aa8)
HLE: ! {PPU[1] Thread (CPUThread)[0x00afc0ac]} sys_lwmutex : *** lwmutex created [_lc_mtx] (attribute=0x12): sq_id = 17
HLE: W {PPU[1] Thread (CPUThread)[0x00afc0ac]} sys_lwmutex warning: sys_lwmutex_create(lwmutex_addr=0x301002d0, attr_addr=0x6a1aa8)
HLE: ! {PPU[1] Thread (CPUThread)[0x00afc0ac]} sys_lwmutex : *** lwmutex created [_lc_mtx] (attribute=0x12): sq_id = 18
HLE: W {PPU[1] Thread (CPUThread)[0x00afc0ac]} sys_lwmutex warning: sys_lwmutex_create(lwmutex_addr=0x30100300, attr_addr=0x6a1aa8)
HLE: ! {PPU[1] Thread (CPUThread)[0x00afc0ac]} sys_lwmutex : *** lwmutex created [_lc_mtx] (attribute=0x12): sq_id = 19
HLE: W {PPU[1] Thread (CPUThread)[0x00afc0ac]} sys_lwmutex warning: sys_lwmutex_create(lwmutex_addr=0x30100330, attr_addr=0x6a1aa8)
HLE: ! {PPU[1] Thread (CPUThread)[0x00afc0ac]} sys_lwmutex : *** lwmutex created [_lc_mtx] (attribute=0x12): sq_id = 20
HLE: W {PPU[1] Thread (CPUThread)[0x00afc0ac]} sys_lwmutex warning: sys_lwmutex_create(lwmutex_addr=0x30100360, attr_addr=0x6a1aa8)
HLE: ! {PPU[1] Thread (CPUThread)[0x00afc0ac]} sys_lwmutex : *** lwmutex created [_lc_mtx] (attribute=0x12): sq_id = 21
HLE: W {PPU[1] Thread (CPUThread)[0x00afc0ac]} sys_lwmutex warning: sys_lwmutex_create(lwmutex_addr=0x30100390, attr_addr=0x6a1aa8)
HLE: ! {PPU[1] Thread (CPUThread)[0x00afc0ac]} sys_lwmutex : *** lwmutex created [_lc_mtx] (attribute=0x12): sq_id = 22
HLE: W {PPU[1] Thread (CPUThread)[0x00afc0ac]} sys_lwmutex warning: sys_lwmutex_create(lwmutex_addr=0x301003c0, attr_addr=0x6a1aa8)
HLE: ! {PPU[1] Thread (CPUThread)[0x00afc0ac]} sys_lwmutex : *** lwmutex created [_lc_mtx] (attribute=0x12): sq_id = 23
HLE: W {PPU[1] Thread (CPUThread)[0x003ac10c]} sys_mutex warning: *** mutex created [] (protocol=0x2, recursive=false): id = 24
HLE: W {PPU[1] Thread (CPUThread)[0x00118df4]} sys_memory warning: sys_memory_get_user_memory_size(mem_info_addr=0xd000fc10)
HLE: W {PPU[1] Thread (CPUThread)[0x0019c294]} sys_mutex warning: *** mutex created [] (protocol=0x2, recursive=true): id = 25
HLE: W {PPU[1] Thread (CPUThread)[0x00117ad8]} sys_memory warning: sys_memory_container_create(cid_addr=0x95846c, yield_size=0x2c00000)
HLE: W {PPU[1] Thread (CPUThread)[0x00117ad8]} sys_memory warning: *** memory_container created(addr=0x30200000): id = 26
HLE: W {PPU[1] Thread (CPUThread)[0x00117af0]} sys_memory warning: sys_memory_container_get_size(mem_info_addr=0xd000fad4, cid=26)
HLE: W {PPU[1] Thread (CPUThread)[0x0019c294]} sys_mutex warning: *** mutex created [] (protocol=0x2, recursive=true): id = 27
HLE: W {PPU[1] Thread (CPUThread)[0x00117ad8]} sys_memory warning: sys_memory_container_create(cid_addr=0x9584d8, yield_size=0x400000)
HLE: W {PPU[1] Thread (CPUThread)[0x00117ad8]} sys_memory warning: *** memory_container created(addr=0x35a00000): id = 28
HLE: W {PPU[1] Thread (CPUThread)[0x00117af0]} sys_memory warning: sys_memory_container_get_size(mem_info_addr=0xd000fad4, cid=28)
HLE: W {PPU[1] Thread (CPUThread)[0x0019c294]} sys_mutex warning: *** mutex created [] (protocol=0x2, recursive=true): id = 29
HLE: W {PPU[1] Thread (CPUThread)[0x00117ad8]} sys_memory warning: sys_memory_container_create(cid_addr=0x958544, yield_size=0x200000)
HLE: W {PPU[1] Thread (CPUThread)[0x00117ad8]} sys_memory warning: *** memory_container created(addr=0x36200000): id = 30
HLE: W {PPU[1] Thread (CPUThread)[0x00117af0]} sys_memory warning: sys_memory_container_get_size(mem_info_addr=0xd000fad4, cid=30)
HLE: W {PPU[1] Thread (CPUThread)[0x0019c294]} sys_mutex warning: *** mutex created [] (protocol=0x2, recursive=true): id = 31
HLE: W {PPU[1] Thread (CPUThread)[0x00117ad8]} sys_memory warning: sys_memory_container_create(cid_addr=0x9585b0, yield_size=0x1500000)
HLE: W {PPU[1] Thread (CPUThread)[0x00117ad8]} sys_memory warning: *** memory_container created(addr=0x36600000): id = 32
HLE: W {PPU[1] Thread (CPUThread)[0x00117af0]} sys_memory warning: sys_memory_container_get_size(mem_info_addr=0xd000fad4, cid=32)
HLE: W {PPU[1] Thread (CPUThread)[0x0019c294]} sys_mutex warning: *** mutex created [] (protocol=0x2, recursive=true): id = 33
HLE: W {PPU[1] Thread (CPUThread)[0x00117ad8]} sys_memory warning: sys_memory_container_create(cid_addr=0x95861c, yield_size=0x100000)
HLE: W {PPU[1] Thread (CPUThread)[0x00117ad8]} sys_memory warning: *** memory_container created(addr=0x39000000): id = 34
HLE: W {PPU[1] Thread (CPUThread)[0x00117af0]} sys_memory warning: sys_memory_container_get_size(mem_info_addr=0xd000fad4, cid=34)
HLE: W {PPU[1] Thread (CPUThread)[0x0019c294]} sys_mutex warning: *** mutex created [] (protocol=0x2, recursive=true): id = 35
HLE: W {PPU[1] Thread (CPUThread)[0x00117ad8]} sys_memory warning: sys_memory_container_create(cid_addr=0x958688, yield_size=0x1000000)
HLE: W {PPU[1] Thread (CPUThread)[0x00117ad8]} sys_memory warning: *** memory_container created(addr=0x39200000): id = 36
HLE: W {PPU[1] Thread (CPUThread)[0x00117af0]} sys_memory warning: sys_memory_container_get_size(mem_info_addr=0xd000fad4, cid=36)
HLE: W {PPU[1] Thread (CPUThread)[0x0019c294]} sys_mutex warning: *** mutex created [] (protocol=0x2, recursive=true): id = 37
HLE: W {PPU[1] Thread (CPUThread)[0x00117ad8]} sys_memory warning: sys_memory_container_create(cid_addr=0x9586f4, yield_size=0x400000)
HLE: W {PPU[1] Thread (CPUThread)[0x00117ad8]} sys_memory warning: *** memory_container created(addr=0x3b200000): id = 38
HLE: W {PPU[1] Thread (CPUThread)[0x00117af0]} sys_memory warning: sys_memory_container_get_size(mem_info_addr=0xd000fad4, cid=38)
HLE: W {PPU[1] Thread (CPUThread)[0x0019c294]} sys_mutex warning: *** mutex created [] (protocol=0x2, recursive=true): id = 39
HLE: W {PPU[1] Thread (CPUThread)[0x00117ad8]} sys_memory warning: sys_memory_container_create(cid_addr=0x958760, yield_size=0x4800000)
HLE: W {PPU[1] Thread (CPUThread)[0x0019c294]} sys_mutex warning: *** mutex created [] (protocol=0x2, recursive=true): id = 40
HLE: W {PPU[1] Thread (CPUThread)[0x00117ad8]} sys_memory warning: sys_memory_container_create(cid_addr=0x958760, yield_size=0x1800000)
HLE: W {PPU[1] Thread (CPUThread)[0x00117ad8]} sys_memory warning: *** memory_container created(addr=0x3ba00000): id = 41
HLE: W {PPU[1] Thread (CPUThread)[0x00117af0]} sys_memory warning: sys_memory_container_get_size(mem_info_addr=0xd000fad4, cid=41)
HLE: W {PPU[1] Thread (CPUThread)[0x00118e4c]} sys_memory warning: sys_memory_get_user_memory_size(mem_info_addr=0xd000fc10)
HLE: W {PPU[1] Thread (CPUThread)[0x0019c294]} sys_mutex warning: *** mutex created [] (protocol=0x2, recursive=true): id = 42
HLE: W {PPU[1] Thread (CPUThread)[0x00b020a0]} cellSysutil warning: cellSysutilGetSystemParamInt: CELL_SYSUTIL_SYSTEMPARAM_ID_ENTER_BUTTON_ASSIGN
HLE: W {PPU[1] Thread (CPUThread)[0x0019c294]} sys_mutex warning: *** mutex created [] (protocol=0x2, recursive=false): id = 43
HLE: W {PPU[1] Thread (CPUThread)[0x0019c214]} sys_cond warning: *** condition created [] (mutex_id=43): id = 44
HLE: W {PPU[1] Thread (CPUThread)[0x00b06010]} cellSysmodule warning: cellSysmoduleLoadModule(CELL_SYSMODULE_FS)
HLE: W {PPU[1] Thread (CPUThread)[0x00b06010]} cellSysmodule warning: cellSysmoduleLoadModule(CELL_SYSMODULE_USBD)
HLE: W {PPU[1] Thread (CPUThread)[0x00b06010]} cellSysmodule warning: cellSysmoduleLoadModule(CELL_SYSMODULE_SYNC)
HLE: W {PPU[1] Thread (CPUThread)[0x00b06010]} cellSysmodule warning: cellSysmoduleLoadModule(CELL_SYSMODULE_AUDIO)
HLE: W {PPU[1] Thread (CPUThread)[0x00b06010]} cellSysmodule warning: cellSysmoduleLoadModule(CELL_SYSMODULE_PAMF)
HLE: W {PPU[1] Thread (CPUThread)[0x00b06010]} cellSysmodule warning: cellSysmoduleLoadModule(CELL_SYSMODULE_SAIL)
HLE: W {PPU[1] Thread (CPUThread)[0x00b06010]} cellSysmodule warning: cellSysmoduleLoadModule(CELL_SYSMODULE_SYSUTIL_OSK_EXT)
HLE: W {PPU[1] Thread (CPUThread)[0x00b06010]} cellSysmodule warning: cellSysmoduleLoadModule(CELL_SYSMODULE_RESC)
HLE: W {PPU[1] Thread (CPUThread)[0x00b06010]} cellSysmodule warning: cellSysmoduleLoadModule(CELL_SYSMODULE_SPURS)
HLE: E {PPU[1] Thread (CPUThread)[0x00afc07c]} TODO: sys_mempool_create
HLE: E {PPU[1] Thread (CPUThread)[0x00afc004]} TODO: sys_mempool_try_allocate_block
G: E {PPU[1] Thread (CPUThread)[0x0019d270]} Exception: Access violation: addr = 0x4 (is_alive=1, last_syscall=0x0 (Unknown func id: 0x00000000))
PPU: ! {PPULLVMRecompiler} PPU LLVM compiler thread exiting.
HLE: ! All threads stopped...
MEM: ! Closing memory...
