HLE: ! path: /dev_hdd0/game/
HLE: W No pause.bin found, Auto Pause will not work.
HLE: W No pause.bin found, Auto Pause will not work.
LDR: ! Loading 'd:/emulateurs/rpcs3/dev_hdd0/game/bljs10289-[guilty gear xrd sign]/PS3_GAME/USRDIR/BOOT.BIN'...
LDR: !  
LDR: ! Mount info:
LDR: ! dev_usb000/ -> d:/emulateurs/rpcs3/dev_usb000/
LDR: ! dev_flash/ -> d:/emulateurs/rpcs3/dev_flash/
LDR: ! host_root/ -> 
LDR: ! dev_hdd0/ -> d:/emulateurs/rpcs3/dev_hdd0/
LDR: ! dev_hdd1/ -> d:/emulateurs/rpcs3/dev_hdd1/
LDR: ! dev_bdvd/ -> d:/emulateurs/rpcs3/dev_hdd0/game/bljs10289-[guilty gear xrd sign]/ps3_game/../
LDR: ! dev_usb/ -> d:/emulateurs/rpcs3/dev_usb000/
LDR: !  
LDR: ! Title: GUILTY GEAR Xrd -SIGN-
LDR: ! Serial: BLJS10289
LDR: !  
MEM: ! Initializing memory: base_addr = 0x6e5de30000
MEM: ! Memory initialized.
LDR: ! Imported function 'sys_net_initialize_network_ex' in 'sys_net' module  (HLE)
LDR: W Unimplemented function 'getsockname' in 'sys_net' module (HLE)
LDR: ! Imported function 'recvfrom' in 'sys_net' module  (HLE)
LDR: ! Imported function 'listen' in 'sys_net' module  (HLE)
LDR: ! Imported function 'sys_net_get_sockinfo' in 'sys_net' module  (HLE)
LDR: W Unimplemented function 'socketselect' in 'sys_net' module (HLE)
LDR: W Unimplemented function 'getsockopt' in 'sys_net' module (HLE)
LDR: ! Imported function '_sys_net_errno_loc' in 'sys_net' module  (HLE)
LDR: ! Imported function 'connect' in 'sys_net' module  (HLE)
LDR: ! Imported function 'socketclose' in 'sys_net' module  (HLE)
LDR: W Unimplemented function 'gethostbyname' in 'sys_net' module (HLE)
LDR: ! Imported function 'setsockopt' in 'sys_net' module  (HLE)
LDR: ! Imported function 'sendto' in 'sys_net' module  (HLE)
LDR: ! Imported function 'socket' in 'sys_net' module  (HLE)
LDR: ! Imported function 'bind' in 'sys_net' module  (HLE)
LDR: ! Imported function 'accept' in 'sys_net' module  (HLE)
LDR: ! Imported function 'inet_addr' in 'sys_net' module  (HLE)
LDR: ! Imported function 'send' in 'sys_net' module  (HLE)
LDR: ! Imported function 'recv' in 'sys_net' module  (HLE)
LDR: ! Imported function 'shutdown' in 'sys_net' module  (HLE)
LDR: ! Imported function 'cellNetCtlNetStartDialogLoadAsync' in 'cellNetCtl' module  (HLE)
LDR: ! Imported function 'cellNetCtlAddHandler' in 'cellNetCtl' module  (HLE)
LDR: ! Imported function 'cellNetCtlNetStartDialogUnloadAsync' in 'cellNetCtl' module  (HLE)
LDR: ! Imported function 'cellNetCtlGetInfo' in 'cellNetCtl' module  (HLE)
LDR: ! Imported function 'cellNetCtlGetState' in 'cellNetCtl' module  (HLE)
LDR: ! Imported function 'cellNetCtlInit' in 'cellNetCtl' module  (HLE)
LDR: ! Imported function 'cellPadInit' in 'sys_io' module  (HLE)
LDR: ! Imported function 'cellPadSetPortSetting' in 'sys_io' module  (HLE)
LDR: ! Imported function 'cellPadGetData' in 'sys_io' module  (HLE)
LDR: ! Imported function 'cellPadGetInfo2' in 'sys_io' module  (HLE)
LDR: ! Imported function 'cellPadSetActDirect' in 'sys_io' module  (HLE)
LDR: ! Imported function 'cellFsRmdir' in 'sys_fs' module  (HLE)
LDR: ! Imported function 'cellFsClose' in 'sys_fs' module  (HLE)
LDR: ! Imported function 'cellFsOpendir' in 'sys_fs' module  (HLE)
LDR: ! Imported function 'cellFsRead' in 'sys_fs' module  (HLE)
LDR: ! Imported function 'cellFsReaddir' in 'sys_fs' module  (HLE)
LDR: ! Imported function 'cellFsSdataOpenByFd' in 'sys_fs' module  (HLE)
LDR: ! Imported function 'cellFsOpen' in 'sys_fs' module  (HLE)
LDR: ! Imported function 'cellFsStat' in 'sys_fs' module  (HLE)
LDR: ! Imported function 'cellFsUnlink' in 'sys_fs' module  (HLE)
LDR: ! Imported function 'cellFsFsync' in 'sys_fs' module  (HLE)
LDR: ! Imported function 'cellFsLseek' in 'sys_fs' module  (HLE)
LDR: ! Imported function 'cellFsGetFreeSize' in 'sys_fs' module  (HLE)
LDR: ! Imported function 'cellFsSdataOpen' in 'sys_fs' module  (HLE)
LDR: ! Imported function 'cellFsMkdir' in 'sys_fs' module  (HLE)
LDR: W Unimplemented function 'cellFsUtime' in 'sys_fs' module (HLE)
LDR: ! Imported function 'cellFsWrite' in 'sys_fs' module  (HLE)
LDR: ! Imported function 'cellFsFstat' in 'sys_fs' module  (HLE)
LDR: ! Imported function 'cellFsRename' in 'sys_fs' module  (HLE)
LDR: ! Imported function 'cellFsClosedir' in 'sys_fs' module  (HLE)
LDR: ! Imported function 'cellSysutilUnregisterCallback' in 'cellSysutil' module  (HLE)
LDR: ! Imported function 'cellVideoOutConfigure' in 'cellSysutil' module  (HLE)
LDR: W Unimplemented function 'cellWebBrowserGetUsrdataOnGameExit' in 'cellSysutil' module (HLE)
LDR: ! Imported function 'cellSysutilCheckCallback' in 'cellSysutil' module  (HLE)
LDR: ! Imported function 'cellSysCacheMount' in 'cellSysutil' module  (HLE)
LDR: ! Imported function 'cellVideoOutGetDeviceInfo' in 'cellSysutil' module  (HLE)
LDR: ! Imported function 'cellMsgDialogClose' in 'cellSysutil' module  (HLE)
LDR: W Unimplemented function 'cellWebBrowserWakeupWithGameExit' in 'cellSysutil' module (HLE)
LDR: W Unimplemented function 'cellOskDialogUnloadAsync' in 'cellSysutil' module (HLE)
LDR: ! Imported function 'cellSysutilGetSystemParamInt' in 'cellSysutil' module  (HLE)
LDR: ! Imported function 'cellAudioOutConfigure' in 'cellSysutil' module  (HLE)
LDR: ! Imported function 'cellMsgDialogAbort' in 'cellSysutil' module  (HLE)
LDR: ! Imported function 'cellVideoOutGetNumberOfDevice' in 'cellSysutil' module  (HLE)
LDR: ! Imported function 'cellMsgDialogOpen2' in 'cellSysutil' module  (HLE)
LDR: ! Imported function 'cellAudioOutGetDeviceInfo' in 'cellSysutil' module  (HLE)
LDR: W Unimplemented function 'cellOskDialogLoadAsync' in 'cellSysutil' module (HLE)
LDR: ! Imported function 'cellSaveDataAutoSave2' in 'cellSysutil' module  (HLE)
LDR: W Unimplemented function 'cellStorageDataImport' in 'cellSysutil' module (HLE)
LDR: ! Imported function 'cellSysutilGetSystemParamString' in 'cellSysutil' module  (HLE)
LDR: ! Imported function 'cellMsgDialogProgressBarInc' in 'cellSysutil' module  (HLE)
LDR: ! Imported function 'cellSysutilRegisterCallback' in 'cellSysutil' module  (HLE)
LDR: ! Imported function 'cellVideoOutGetResolutionAvailability' in 'cellSysutil' module  (HLE)
LDR: W Unimplemented function 'cellOskDialogSetKeyLayoutOption' in 'cellSysutil' module (HLE)
LDR: W Unimplemented function 'cellOskDialogAbort' in 'cellSysutil' module (HLE)
LDR: ! Imported function 'cellAudioOutGetSoundAvailability' in 'cellSysutil' module  (HLE)
LDR: W Unimplemented function 'cellOskDialogSetInitialKeyLayout' in 'cellSysutil' module (HLE)
LDR: W Unimplemented function 'cellOskDialogSetDeviceMask' in 'cellSysutil' module (HLE)
LDR: ! Imported function 'cellVideoOutGetResolution' in 'cellSysutil' module  (HLE)
LDR: ! Imported function 'cellAudioOutGetNumberOfDevice' in 'cellSysutil' module  (HLE)
LDR: ! Imported function 'cellAudioOutGetConfiguration' in 'cellSysutil' module  (HLE)
LDR: W Unimplemented function 'cellSaveDataDelete2' in 'cellSysutil' module (HLE)
LDR: W Unimplemented function 'cellOskDialogSetLayoutMode' in 'cellSysutil' module (HLE)
LDR: ! Imported function 'cellAudioOutGetState' in 'cellSysutil' module  (HLE)
LDR: ! Imported function 'cellSaveDataAutoLoad2' in 'cellSysutil' module  (HLE)
LDR: W Unimplemented function 'cellOskDialogAddSupportLanguage' in 'cellSysutil' module (HLE)
LDR: ! Imported function '_cellSpursLFQueueInitialize' in 'cellSpurs' module  (HLE)
LDR: ! Imported function 'cellSpursAttributeSetNamePrefix' in 'cellSpurs' module  (HLE)
LDR: ! Imported function 'cellSpursAttributeEnableSpuPrintfIfAvailable' in 'cellSpurs' module  (HLE)
LDR: ! Imported function '_cellSpursTasksetAttributeInitialize' in 'cellSpurs' module  (HLE)
LDR: ! Imported function 'cellSpursLFQueueAttachLv2EventQueue' in 'cellSpurs' module  (HLE)
LDR: ! Imported function 'cellSpursEventFlagDetachLv2EventQueue' in 'cellSpurs' module  (HLE)
LDR: ! Imported function 'cellSpursCreateJobChainWithAttribute' in 'cellSpurs' module  (HLE)
LDR: ! Imported function '_cellSpursJobChainAttributeInitialize' in 'cellSpurs' module  (HLE)
LDR: ! Imported function 'cellSpursEventFlagWait' in 'cellSpurs' module  (HLE)
LDR: ! Imported function 'cellSpursEventFlagClear' in 'cellSpurs' module  (HLE)
LDR: ! Imported function 'cellSpursDetachLv2EventQueue' in 'cellSpurs' module  (HLE)
LDR: ! Imported function 'cellSpursCreateTaskset' in 'cellSpurs' module  (HLE)
LDR: ! Imported function '_cellSpursEventFlagInitialize' in 'cellSpurs' module  (HLE)
LDR: ! Imported function 'cellSpursTasksetAttributeSetName' in 'cellSpurs' module  (HLE)
LDR: ! Imported function 'cellSpursLFQueueDetachLv2EventQueue' in 'cellSpurs' module  (HLE)
LDR: ! Imported function 'cellSpursEventFlagAttachLv2EventQueue' in 'cellSpurs' module  (HLE)
LDR: ! Imported function '_cellSpursLFQueuePushBody' in 'cellSpurs' module  (HLE)
LDR: ! Imported function '_cellSpursAttributeInitialize' in 'cellSpurs' module  (HLE)
LDR: ! Imported function 'cellSpursJoinTaskset' in 'cellSpurs' module  (HLE)
LDR: ! Imported function 'cellSpursJobChainAttributeSetName' in 'cellSpurs' module  (HLE)
LDR: ! Imported function 'cellSpursShutdownTaskset' in 'cellSpurs' module  (HLE)
LDR: ! Imported function 'cellSpursAttributeSetSpuThreadGroupType' in 'cellSpurs' module  (HLE)
LDR: ! Imported function 'cellSpursInitializeWithAttribute' in 'cellSpurs' module  (HLE)
LDR: ! Imported function 'cellSpursAttachLv2EventQueue' in 'cellSpurs' module  (HLE)
LDR: ! Imported function 'cellSpursCreateTask' in 'cellSpurs' module  (HLE)
LDR: ! Imported function 'cellSpursCreateTasksetWithAttribute' in 'cellSpurs' module  (HLE)
LDR: ! Imported function 'cellSpursFinalize' in 'cellSpurs' module  (HLE)
LDR: ! Imported function '_cellSpursSendSignal' in 'cellSpurs' module  (HLE)
LDR: ! Imported function 'cellSpursRunJobChain' in 'cellSpurs' module  (HLE)
LDR: ! Imported function 'cellSpursCreateTaskWithAttribute' in 'cellSpurs' module  (HLE)
LDR: ! Imported function '_cellSpursTaskAttributeInitialize' in 'cellSpurs' module  (HLE)
LDR: ! Imported function 'cellSpursEventFlagSet' in 'cellSpurs' module  (HLE)
LDR: ! Imported function 'cellSysmoduleUnloadModule' in 'cellSysmodule' module  (HLE)
LDR: ! Imported function 'cellSysmoduleLoadModule' in 'cellSysmodule' module  (HLE)
LDR: ! Imported function 'cellSysmoduleInitialize' in 'cellSysmodule' module  (HLE)
LDR: ! Imported function 'cellRtcGetCurrentClockLocalTime' in 'cellRtc' module  (HLE)
LDR: ! Imported function 'cellRtcGetCurrentClock' in 'cellRtc' module  (HLE)
LDR: ! Imported function 'cellRtcSetTime_t' in 'cellRtc' module  (HLE)
LDR: ! Imported function 'cellRtcGetDayOfWeek' in 'cellRtc' module  (HLE)
LDR: ! Imported function 'cellRtcGetTick' in 'cellRtc' module  (HLE)
LDR: ! Imported function 'cellRtcGetTime_t' in 'cellRtc' module  (HLE)
LDR: ! Imported function 'cellRtcGetCurrentTick' in 'cellRtc' module  (HLE)
LDR: ! Imported function 'cellRtcConvertUtcToLocalTime' in 'cellRtc' module  (HLE)
LDR: ! Imported function 'cellRtcSetTick' in 'cellRtc' module  (HLE)
LDR: ! Imported function 'cellAudioInit' in 'cellAudio' module  (HLE)
LDR: ! Imported function 'cellAudioPortStop' in 'cellAudio' module  (HLE)
LDR: ! Imported function 'cellAudioGetPortConfig' in 'cellAudio' module  (HLE)
LDR: ! Imported function 'cellAudioPortStart' in 'cellAudio' module  (HLE)
LDR: ! Imported function 'cellAudioQuit' in 'cellAudio' module  (HLE)
LDR: ! Imported function 'cellAudioPortOpen' in 'cellAudio' module  (HLE)
LDR: ! Imported function 'cellAudioPortClose' in 'cellAudio' module  (HLE)
LDR: ! Imported function 'sceNpManagerGetContentRatingFlag' in 'sceNp' module  (HLE)
LDR: ! Imported function 'sceNpDrmIsAvailable' in 'sceNp' module  (HLE)
LDR: ! Imported function 'sceNpManagerGetOnlineId' in 'sceNp' module  (HLE)
LDR: ! Imported function 'sceNpDrmIsAvailable2' in 'sceNp' module  (HLE)
LDR: ! Imported function 'sceNpManagerGetNpId' in 'sceNp' module  (HLE)
LDR: ! Imported function 'sceNpBasicSendMessageGui' in 'sceNp' module  (HLE)
LDR: ! Imported function 'sceNpBasicGetFriendListEntry' in 'sceNp' module  (HLE)
LDR: ! Imported function 'sceNpScoreGetRankingByNpId' in 'sceNp' module  (HLE)
LDR: ! Imported function 'sceNpScoreRecordScore' in 'sceNp' module  (HLE)
LDR: ! Imported function 'sceNpScoreWaitAsync' in 'sceNp' module  (HLE)
LDR: ! Imported function 'sceNpScoreDestroyTitleCtx' in 'sceNp' module  (HLE)
LDR: ! Imported function 'sceNpScoreInit' in 'sceNp' module  (HLE)
LDR: ! Imported function 'sceNpScoreGetRankingByNpIdAsync' in 'sceNp' module  (HLE)
LDR: ! Imported function 'sceNpBasicRegisterContextSensitiveHandler' in 'sceNp' module  (HLE)
LDR: ! Imported function 'sceNpBasicRecvMessageAttachmentLoad' in 'sceNp' module  (HLE)
LDR: ! Imported function 'sceNpScoreCreateTransactionCtx' in 'sceNp' module  (HLE)
LDR: ! Imported function 'sceNpBasicRecvMessageCustom' in 'sceNp' module  (HLE)
LDR: ! Imported function 'sceNpManagerGetStatus' in 'sceNp' module  (HLE)
LDR: ! Imported function 'sceNpBasicGetFriendListEntryCount' in 'sceNp' module  (HLE)
LDR: ! Imported function 'sceNpScoreCreateTitleCtx' in 'sceNp' module  (HLE)
LDR: ! Imported function 'sceNpManagerGetNetworkTime' in 'sceNp' module  (HLE)
LDR: ! Imported function 'sceNpScoreDestroyTransactionCtx' in 'sceNp' module  (HLE)
LDR: ! Imported function 'sceNpProfileCallGui' in 'sceNp' module  (HLE)
LDR: ! Imported function 'sceNpBasicGetEvent' in 'sceNp' module  (HLE)
LDR: ! Imported function 'sceNpManagerRegisterCallback' in 'sceNp' module  (HLE)
LDR: ! Imported function 'sceNpManagerGetChatRestrictionFlag' in 'sceNp' module  (HLE)
LDR: ! Imported function 'sceNpScoreSanitizeComment' in 'sceNp' module  (HLE)
LDR: ! Imported function 'sceNpScoreGetRankingByRange' in 'sceNp' module  (HLE)
LDR: ! Imported function 'cellGameGetParamString' in 'cellGame' module  (HLE)
LDR: ! Imported function 'cellGameCreateGameData' in 'cellGame' module  (HLE)
LDR: ! Imported function 'cellGameContentPermit' in 'cellGame' module  (HLE)
LDR: ! Imported function 'cellGameContentErrorDialog' in 'cellGame' module  (HLE)
LDR: ! Imported function 'cellGameDataCheck' in 'cellGame' module  (HLE)
LDR: ! Imported function 'cellGameBootCheck' in 'cellGame' module  (HLE)
LDR: ! Imported function 'cellFontInitLibraryFreeTypeWithRevision' in 'cellFontFT' module  (HLE)
LDR: ! Imported function 'cellFontCreateRenderer' in 'cellFont' module  (HLE)
LDR: ! Imported function 'cellFontGetHorizontalLayout' in 'cellFont' module  (HLE)
LDR: ! Imported function 'cellFontDestroyRenderer' in 'cellFont' module  (HLE)
LDR: ! Imported function 'cellFontSetupRenderScalePixel' in 'cellFont' module  (HLE)
LDR: ! Imported function 'cellFontSetScalePixel' in 'cellFont' module  (HLE)
LDR: ! Imported function 'cellFontEndLibrary' in 'cellFont' module  (HLE)
LDR: ! Imported function 'cellFontBindRenderer' in 'cellFont' module  (HLE)
LDR: ! Imported function 'cellFontEnd' in 'cellFont' module  (HLE)
LDR: ! Imported function 'cellFontRenderCharGlyphImage' in 'cellFont' module  (HLE)
LDR: ! Imported function 'cellFontRenderSurfaceInit' in 'cellFont' module  (HLE)
LDR: ! Imported function 'cellFontOpenFontset' in 'cellFont' module  (HLE)
LDR: ! Imported function 'cellFontCloseFont' in 'cellFont' module  (HLE)
LDR: ! Imported function 'cellFontRenderSurfaceSetScissor' in 'cellFont' module  (HLE)
LDR: ! Imported function 'cellFontGetCharGlyphMetrics' in 'cellFont' module  (HLE)
LDR: ! Imported function 'cellFontInitializeWithRevision' in 'cellFont' module  (HLE)
LDR: ! Imported function 'cellFontUnbindRenderer' in 'cellFont' module  (HLE)
LDR: ! Imported function 'cellRescSetWaitFlip' in 'cellResc' module  (HLE)
LDR: ! Imported function 'cellRescSetDsts' in 'cellResc' module  (HLE)
LDR: ! Imported function 'cellRescResetFlipStatus' in 'cellResc' module  (HLE)
LDR: ! Imported function 'cellRescAdjustAspectRatio' in 'cellResc' module  (HLE)
LDR: ! Imported function 'cellRescSetDisplayMode' in 'cellResc' module  (HLE)
LDR: ! Imported function 'cellRescSetConvertAndFlip' in 'cellResc' module  (HLE)
LDR: ! Imported function 'cellRescSetFlipHandler' in 'cellResc' module  (HLE)
LDR: ! Imported function 'cellRescInit' in 'cellResc' module  (HLE)
LDR: ! Imported function 'cellRescGetBufferSize' in 'cellResc' module  (HLE)
LDR: ! Imported function 'cellRescSetSrc' in 'cellResc' module  (HLE)
LDR: ! Imported function 'cellRescSetBufferAddress' in 'cellResc' module  (HLE)
LDR: ! Imported function 'cellRescGetFlipStatus' in 'cellResc' module  (HLE)
LDR: ! Imported function 'cellRescVideoOutResolutionId2RescBufferMode' in 'cellResc' module  (HLE)
LDR: ! Imported function 'cellRescSetVBlankHandler' in 'cellResc' module  (HLE)
LDR: W Unknown module 'sceNpCommerce2'
LDR: ! Imported function 'sceNpCommerce2Init' in 'sceNpCommerce2' module  (HLE)
LDR: ! Imported function 'sceNpCommerce2Term' in 'sceNpCommerce2' module  (HLE)
LDR: ! Imported function 'sceNpCommerce2ExecuteStoreBrowse' in 'sceNpCommerce2' module  (HLE)
LDR: ! Imported function 'cellGcmGetTiledPitchSize' in 'cellGcmSys' module  (HLE)
LDR: ! Imported function 'cellGcmSetUserHandler' in 'cellGcmSys' module  (HLE)
LDR: ! Imported function 'cellGcmSetPrepareFlip' in 'cellGcmSys' module  (HLE)
LDR: ! Imported function '_cellGcmInitBody' in 'cellGcmSys' module  (HLE)
LDR: ! Imported function 'cellGcmAddressToOffset' in 'cellGcmSys' module  (HLE)
LDR: ! Imported function 'cellGcmSortRemapEaIoAddress' in 'cellGcmSys' module  (HLE)
LDR: ! Imported function 'cellGcmIoOffsetToAddress' in 'cellGcmSys' module  (HLE)
LDR: ! Imported function '_cellGcmFunc15' in 'cellGcmSys' module  (HLE)
LDR: ! Imported function 'cellGcmBindTile' in 'cellGcmSys' module  (HLE)
LDR: ! Imported function 'cellGcmSetFlipMode' in 'cellGcmSys' module  (HLE)
LDR: ! Imported function 'cellGcmGetTimeStamp' in 'cellGcmSys' module  (HLE)
LDR: ! Imported function 'cellGcmGetDefaultCommandWordSize' in 'cellGcmSys' module  (HLE)
LDR: ! Imported function 'cellGcmGetDefaultSegmentWordSize' in 'cellGcmSys' module  (HLE)
LDR: ! Imported function 'cellGcmSetDefaultFifoSize' in 'cellGcmSys' module  (HLE)
LDR: ! Imported function 'cellGcmBindZcull' in 'cellGcmSys' module  (HLE)
LDR: ! Imported function 'cellGcmMapMainMemory' in 'cellGcmSys' module  (HLE)
LDR: ! Imported function 'cellGcmSetFlipHandler' in 'cellGcmSys' module  (HLE)
LDR: ! Imported function 'cellGcmSetDisplayBuffer' in 'cellGcmSys' module  (HLE)
LDR: ! Imported function 'cellGcmGetControlRegister' in 'cellGcmSys' module  (HLE)
LDR: ! Imported function 'cellGcmUnbindZcull' in 'cellGcmSys' module  (HLE)
LDR: ! Imported function 'cellGcmSetVBlankHandler' in 'cellGcmSys' module  (HLE)
LDR: ! Imported function 'cellGcmSetFlipImmediate' in 'cellGcmSys' module  (HLE)
LDR: ! Imported function 'cellGcmSetTileInfo' in 'cellGcmSys' module  (HLE)
LDR: ! Imported function 'cellGcmSetGraphicsHandler' in 'cellGcmSys' module  (HLE)
LDR: ! Imported function 'cellGcmUnbindTile' in 'cellGcmSys' module  (HLE)
LDR: ! Imported function 'cellGcmUnmapIoAddress' in 'cellGcmSys' module  (HLE)
LDR: ! Imported function 'cellGcmGetConfiguration' in 'cellGcmSys' module  (HLE)
LDR: ! Imported function 'cellGcmGetLabelAddress' in 'cellGcmSys' module  (HLE)
LDR: W Unknown module 'sceNpTus'
LDR: ! Imported function 'sceNpTusCreateTransactionCtx' in 'sceNpTus' module  (HLE)
LDR: ! Imported function 'sceNpTusDestroyTitleCtx' in 'sceNpTus' module  (HLE)
LDR: ! Imported function 'sceNpTusDestroyTransactionCtx' in 'sceNpTus' module  (HLE)
LDR: ! Imported function 'Unknown func id: 0x56d3a5ab' in 'sceNpTus' module  (HLE)
LDR: ! Imported function 'sceNpTusCreateTitleCtx' in 'sceNpTus' module  (HLE)
LDR: ! Imported function 'sceNpTusSetData' in 'sceNpTus' module  (HLE)
LDR: ! Imported function 'sceNpTusGetData' in 'sceNpTus' module  (HLE)
LDR: ! Imported function 'sceNpTusInit' in 'sceNpTus' module  (HLE)
LDR: ! Imported function 'sys_lwmutex_lock' in 'sysPrxForUser' module  (HLE)
LDR: ! Imported function 'sys_lwmutex_unlock' in 'sysPrxForUser' module  (HLE)
LDR: ! Imported function 'sys_lwcond_destroy' in 'sysPrxForUser' module  (HLE)
LDR: ! Imported function 'sys_ppu_thread_create' in 'sysPrxForUser' module  (HLE)
LDR: ! Imported function 'sys_prx_load_module' in 'sysPrxForUser' module  (HLE)
LDR: ! Imported function 'sys_lwcond_wait' in 'sysPrxForUser' module  (HLE)
LDR: ! Imported function '_sys_process_atexitspawn' in 'sysPrxForUser' module  (HLE)
LDR: ! Imported function 'sys_lwmutex_create' in 'sysPrxForUser' module  (HLE)
LDR: ! Imported function 'sys_ppu_thread_get_id' in 'sysPrxForUser' module  (HLE)
LDR: ! Imported function 'sys_mmapper_free_memory' in 'sysPrxForUser' module  (HLE)
LDR: ! Imported function 'sys_prx_register_library' in 'sysPrxForUser' module  (HLE)
LDR: ! Imported function '_sys_spu_printf_initialize' in 'sysPrxForUser' module  (HLE)
LDR: ! Imported function 'sys_mmapper_unmap_memory' in 'sysPrxForUser' module  (HLE)
LDR: ! Imported function 'Unknown func id: 0x4f7172c9' in 'sysPrxForUser' module  (HLE)
LDR: ! Imported function 'sys_initialize_tls' in 'sysPrxForUser' module  (HLE)
LDR: ! Imported function 'sys_time_get_system_time' in 'sysPrxForUser' module  (HLE)
LDR: ! Imported function '_sys_process_at_Exitspawn' in 'sysPrxForUser' module  (HLE)
LDR: ! Imported function 'sys_prx_exitspawn_with_level' in 'sysPrxForUser' module  (HLE)
LDR: W Unimplemented function 'sys_prx_load_module_on_memcontainer_by_fd' in 'sysPrxForUser' module (HLE)
LDR: ! Imported function 'sys_ppu_thread_once' in 'sysPrxForUser' module  (HLE)
LDR: ! Imported function 'sys_prx_load_module_on_memcontainer' in 'sysPrxForUser' module  (HLE)
LDR: ! Imported function 'sys_lwmutex_trylock' in 'sysPrxForUser' module  (HLE)
LDR: ! Imported function 'sys_ppu_thread_exit' in 'sysPrxForUser' module  (HLE)
LDR: ! Imported function 'sys_mmapper_allocate_memory' in 'sysPrxForUser' module  (HLE)
LDR: ! Imported function 'sys_lwmutex_destroy' in 'sysPrxForUser' module  (HLE)
LDR: ! Imported function 'sys_lwcond_create' in 'sysPrxForUser' module  (HLE)
LDR: ! Imported function 'sys_mmapper_map_memory' in 'sysPrxForUser' module  (HLE)
LDR: ! Imported function '_sys_spu_printf_finalize' in 'sysPrxForUser' module  (HLE)
LDR: ! Imported function 'sys_spu_image_close' in 'sysPrxForUser' module  (HLE)
LDR: ! Imported function 'sys_process_exit' in 'sysPrxForUser' module  (HLE)
LDR: ! Imported function 'sys_lwcond_signal_all' in 'sysPrxForUser' module  (HLE)
LDR: W Unimplemented function 'sys_prx_load_module_by_fd' in 'sysPrxForUser' module (HLE)
LDR: ! Imported function 'sys_lwcond_signal' in 'sysPrxForUser' module  (HLE)
LDR: ! Imported function 'sceNpTrophyRegisterContext' in 'sceNpTrophy' module  (HLE)
LDR: ! Imported function 'sceNpTrophyCreateHandle' in 'sceNpTrophy' module  (HLE)
LDR: ! Imported function 'sceNpTrophyGetRequiredDiskSpace' in 'sceNpTrophy' module  (HLE)
LDR: ! Imported function 'sceNpTrophyInit' in 'sceNpTrophy' module  (HLE)
LDR: ! Imported function 'sceNpTrophyUnlockTrophy' in 'sceNpTrophy' module  (HLE)
LDR: ! Imported function 'sceNpTrophyCreateContext' in 'sceNpTrophy' module  (HLE)
LDR: W Unimplemented function 'UCS2stoUTF8s' in 'cellL10n' module (HLE)
LDR: W Unimplemented function 'UTF16toUTF8' in 'cellL10n' module (HLE)
LDR: W Unimplemented function 'UTF8toUTF16' in 'cellL10n' module (HLE)
LDR: W Unimplemented function 'cellVoiceStart' in 'cellVoice' module (HLE)
LDR: W Unimplemented function 'cellVoiceDisconnectIPortFromOPort' in 'cellVoice' module (HLE)
LDR: W Unimplemented function 'cellVoiceCreatePort' in 'cellVoice' module (HLE)
LDR: W Unimplemented function 'cellVoiceReadFromOPort' in 'cellVoice' module (HLE)
LDR: W Unimplemented function 'cellVoiceWriteToIPort' in 'cellVoice' module (HLE)
LDR: W Unimplemented function 'cellVoiceGetPortInfo' in 'cellVoice' module (HLE)
LDR: W Unimplemented function 'cellVoiceDeletePort' in 'cellVoice' module (HLE)
LDR: W Unimplemented function 'cellVoiceConnectIPortToOPort' in 'cellVoice' module (HLE)
LDR: W Unimplemented function 'cellVoiceInit' in 'cellVoice' module (HLE)
LDR: W Unimplemented function 'cellVoiceEnd' in 'cellVoice' module (HLE)
LDR: W Unimplemented function 'sceNpMatching2LeaveLobby' in 'sceNp2' module (HLE)
LDR: W Unimplemented function 'sceNpMatching2RegisterLobbyMessageCallback' in 'sceNp2' module (HLE)
LDR: W Unimplemented function 'sceNpMatching2GetWorldInfoList' in 'sceNp2' module (HLE)
LDR: W Unimplemented function 'sceNpMatching2RegisterLobbyEventCallback' in 'sceNp2' module (HLE)
LDR: W Unimplemented function 'sceNpMatching2GetLobbyMemberDataInternalList' in 'sceNp2' module (HLE)
LDR: W Unimplemented function 'sceNpMatching2SearchRoom' in 'sceNp2' module (HLE)
LDR: W Unimplemented function 'sceNpMatching2SignalingGetConnectionStatus' in 'sceNp2' module (HLE)
LDR: W Unimplemented function 'sceNpMatching2LeaveRoom' in 'sceNp2' module (HLE)
LDR: W Unimplemented function 'sceNpMatching2SetRoomDataExternal' in 'sceNp2' module (HLE)
LDR: W Unimplemented function 'sceNpMatching2Term2' in 'sceNp2' module (HLE)
LDR: W Unimplemented function 'sceNpMatching2JoinLobby' in 'sceNp2' module (HLE)
LDR: W Unimplemented function 'sceNpMatching2GetServerInfo' in 'sceNp2' module (HLE)
LDR: W Unimplemented function 'sceNpMatching2GetEventData' in 'sceNp2' module (HLE)
LDR: W Unimplemented function 'sceNpMatching2SendLobbyChatMessage' in 'sceNp2' module (HLE)
LDR: W Unimplemented function 'sceNp2Init' in 'sceNp2' module (HLE)
LDR: W Unimplemented function 'sceNpMatching2JoinRoom' in 'sceNp2' module (HLE)
LDR: W Unimplemented function 'sceNpMatching2KickoutRoomMember' in 'sceNp2' module (HLE)
LDR: W Unimplemented function 'sceNpMatching2ContextStartAsync' in 'sceNp2' module (HLE)
LDR: W Unimplemented function 'sceNpMatching2RegisterContextCallback' in 'sceNp2' module (HLE)
LDR: W Unimplemented function 'sceNpMatching2SetRoomDataInternal' in 'sceNp2' module (HLE)
LDR: W Unimplemented function 'sceNpMatching2GetRoomDataInternal' in 'sceNp2' module (HLE)
LDR: W Unimplemented function 'sceNpMatching2SignalingGetPingInfo' in 'sceNp2' module (HLE)
LDR: W Unimplemented function 'sceNpMatching2GetServerIdListLocal' in 'sceNp2' module (HLE)
LDR: W Unimplemented function 'sceNpMatching2CreateContext' in 'sceNp2' module (HLE)
LDR: W Unimplemented function 'sceNpMatching2RegisterSignalingCallback' in 'sceNp2' module (HLE)
LDR: W Unimplemented function 'sceNpMatching2GetRoomMemberDataInternal' in 'sceNp2' module (HLE)
LDR: W Unimplemented function 'sceNpMatching2SetDefaultRequestOptParam' in 'sceNp2' module (HLE)
LDR: W Unimplemented function 'sceNpMatching2RegisterRoomEventCallback' in 'sceNp2' module (HLE)
LDR: W Unimplemented function 'sceNpMatching2CreateJoinRoom' in 'sceNp2' module (HLE)
LDR: W Unimplemented function 'sceNpMatching2GetLobbyInfoList' in 'sceNp2' module (HLE)
LDR: W Unimplemented function 'sceNpMatching2Init2' in 'sceNp2' module (HLE)
LDR: W Unimplemented function 'sceNpMatching2SetLobbyMemberDataInternal' in 'sceNp2' module (HLE)
LDR: W Unimplemented function 'sceNpMatching2RegisterRoomMessageCallback' in 'sceNp2' module (HLE)
HLE: W {PPU[1] Thread (main_thread)[0x02786058]} sys_lwmutex warning: sys_lwmutex_create(lwmutex_addr=0x26cdbc0, attr_addr=0x1753218)
HLE: ! {PPU[1] Thread (main_thread)[0x02786058]} sys_lwmutex : *** lwmutex created [_lc_mtx] (attribute=0x12): sq_id = 3
HLE: W {PPU[1] Thread (main_thread)[0x00ecadf4]} sys_memory warning: sys_memory_get_user_memory_size(mem_info_addr=0xd000fc04)
HLE: W {PPU[1] Thread (main_thread)[0x02786058]} sys_lwmutex warning: sys_lwmutex_create(lwmutex_addr=0x26cd9c0, attr_addr=0x1753218)
HLE: ! {PPU[1] Thread (main_thread)[0x02786058]} sys_lwmutex : *** lwmutex created [_lc_mtx] (attribute=0x12): sq_id = 4
HLE: W {PPU[1] Thread (main_thread)[0x02786058]} sys_lwmutex warning: sys_lwmutex_create(lwmutex_addr=0x26ccd10, attr_addr=0x1753218)
HLE: ! {PPU[1] Thread (main_thread)[0x02786058]} sys_lwmutex : *** lwmutex created [_lc_mtx] (attribute=0x12): sq_id = 5
HLE: W {PPU[1] Thread (main_thread)[0x02786058]} sys_lwmutex warning: sys_lwmutex_create(lwmutex_addr=0x26ccd38, attr_addr=0x1753218)
HLE: ! {PPU[1] Thread (main_thread)[0x02786058]} sys_lwmutex : *** lwmutex created [_lc_mtx] (attribute=0x12): sq_id = 6
HLE: W {PPU[1] Thread (main_thread)[0x02786058]} sys_lwmutex warning: sys_lwmutex_create(lwmutex_addr=0x26ccd60, attr_addr=0x1753218)
HLE: ! {PPU[1] Thread (main_thread)[0x02786058]} sys_lwmutex : *** lwmutex created [_lc_mtx] (attribute=0x12): sq_id = 7
HLE: W {PPU[1] Thread (main_thread)[0x02786058]} sys_lwmutex warning: sys_lwmutex_create(lwmutex_addr=0x26ccc48, attr_addr=0x1753218)
HLE: ! {PPU[1] Thread (main_thread)[0x02786058]} sys_lwmutex : *** lwmutex created [_lc_mtx] (attribute=0x12): sq_id = 8
HLE: W {PPU[1] Thread (main_thread)[0x02786058]} sys_lwmutex warning: sys_lwmutex_create(lwmutex_addr=0x26ccc70, attr_addr=0x1753218)
HLE: ! {PPU[1] Thread (main_thread)[0x02786058]} sys_lwmutex : *** lwmutex created [_lc_mtx] (attribute=0x12): sq_id = 9
HLE: W {PPU[1] Thread (main_thread)[0x02786058]} sys_lwmutex warning: sys_lwmutex_create(lwmutex_addr=0x26ccc98, attr_addr=0x1753218)
HLE: ! {PPU[1] Thread (main_thread)[0x02786058]} sys_lwmutex : *** lwmutex created [_lc_mtx] (attribute=0x12): sq_id = 10
HLE: W {PPU[1] Thread (main_thread)[0x02786058]} sys_lwmutex warning: sys_lwmutex_create(lwmutex_addr=0x26cccc0, attr_addr=0x1753218)
HLE: ! {PPU[1] Thread (main_thread)[0x02786058]} sys_lwmutex : *** lwmutex created [_lc_mtx] (attribute=0x12): sq_id = 11
HLE: W {PPU[1] Thread (main_thread)[0x02786058]} sys_lwmutex warning: sys_lwmutex_create(lwmutex_addr=0x26ccce8, attr_addr=0x1753218)
HLE: ! {PPU[1] Thread (main_thread)[0x02786058]} sys_lwmutex : *** lwmutex created [_lc_mtx] (attribute=0x12): sq_id = 12
HLE: W {PPU[1] Thread (main_thread)[0x02786058]} sys_lwmutex warning: sys_lwmutex_create(lwmutex_addr=0x268caa8, attr_addr=0xd000fb60)
HLE: ! {PPU[1] Thread (main_thread)[0x02786058]} sys_lwmutex : *** lwmutex created [pacnoti] (attribute=0x12): sq_id = 13
HLE: W {PPU[1] Thread (main_thread)[0x02786058]} sys_lwmutex warning: sys_lwmutex_create(lwmutex_addr=0x268cae0, attr_addr=0xd000fb60)
HLE: ! {PPU[1] Thread (main_thread)[0x02786058]} sys_lwmutex : *** lwmutex created [matching] (attribute=0x12): sq_id = 14
HLE: W {PPU[1] Thread (main_thread)[0x02786058]} sys_lwmutex warning: sys_lwmutex_create(lwmutex_addr=0x268ca20, attr_addr=0xd000fb60)
HLE: ! {PPU[1] Thread (main_thread)[0x02786058]} sys_lwmutex : *** lwmutex created [mnp:thm] (attribute=0x12): sq_id = 15
HLE: W {PPU[1] Thread (main_thread)[0x02786058]} sys_lwmutex warning: sys_lwmutex_create(lwmutex_addr=0x268c9f0, attr_addr=0xd000fb60)
HLE: ! {PPU[1] Thread (main_thread)[0x02786058]} sys_lwmutex : *** lwmutex created [memmap] (attribute=0x12): sq_id = 16
HLE: W {PPU[1] Thread (main_thread)[0x00ebd8ac]} sys_time warning: sys_time_get_timezone(timezone_addr=0xd000fb20, summertime_addr=0xd000fb24)
HLE: W {PPU[1] Thread (main_thread)[0x00ebd8ac]} cellSysutil warning: cellSysutilGetSystemParamInt: CELL_SYSUTIL_SYSTEMPARAM_ID_TIMEZONE
HLE: W {PPU[1] Thread (main_thread)[0x00ebd8ac]} cellSysutil warning: cellSysutilGetSystemParamInt: CELL_SYSUTIL_SYSTEMPARAM_ID_SUMMERTIME
HLE: W {PPU[1] Thread (main_thread)[0x00ec4bd0]} sys_time warning: sys_time_get_timezone(timezone_addr=0xd000fa70, summertime_addr=0xd000fa74)
HLE: W {PPU[1] Thread (main_thread)[0x00ec4bd0]} cellSysutil warning: cellSysutilGetSystemParamInt: CELL_SYSUTIL_SYSTEMPARAM_ID_TIMEZONE
HLE: W {PPU[1] Thread (main_thread)[0x00ec4bd0]} cellSysutil warning: cellSysutilGetSystemParamInt: CELL_SYSUTIL_SYSTEMPARAM_ID_SUMMERTIME
HLE: W {PPU[1] Thread (main_thread)[0x00ebf31c]} sys_time warning: sys_time_get_timezone(timezone_addr=0xd000fb20, summertime_addr=0xd000fb24)
HLE: W {PPU[1] Thread (main_thread)[0x00ebf31c]} cellSysutil warning: cellSysutilGetSystemParamInt: CELL_SYSUTIL_SYSTEMPARAM_ID_TIMEZONE
HLE: W {PPU[1] Thread (main_thread)[0x00ebf31c]} cellSysutil warning: cellSysutilGetSystemParamInt: CELL_SYSUTIL_SYSTEMPARAM_ID_SUMMERTIME
HLE: W {PPU[1] Thread (main_thread)[0x00ec4bd0]} sys_time warning: sys_time_get_timezone(timezone_addr=0xd000fa70, summertime_addr=0xd000fa74)
HLE: W {PPU[1] Thread (main_thread)[0x00ec4bd0]} cellSysutil warning: cellSysutilGetSystemParamInt: CELL_SYSUTIL_SYSTEMPARAM_ID_TIMEZONE
HLE: W {PPU[1] Thread (main_thread)[0x00ec4bd0]} cellSysutil warning: cellSysutilGetSystemParamInt: CELL_SYSUTIL_SYSTEMPARAM_ID_SUMMERTIME
HLE: W {PPU[1] Thread (main_thread)[0x00ebd850]} sys_time warning: sys_time_get_timezone(timezone_addr=0xd000fb20, summertime_addr=0xd000fb24)
HLE: W {PPU[1] Thread (main_thread)[0x00ebd850]} cellSysutil warning: cellSysutilGetSystemParamInt: CELL_SYSUTIL_SYSTEMPARAM_ID_TIMEZONE
HLE: W {PPU[1] Thread (main_thread)[0x00ebd850]} cellSysutil warning: cellSysutilGetSystemParamInt: CELL_SYSUTIL_SYSTEMPARAM_ID_SUMMERTIME
HLE: W {PPU[1] Thread (main_thread)[0x00ebf31c]} sys_time warning: sys_time_get_timezone(timezone_addr=0xd000fb20, summertime_addr=0xd000fb24)
HLE: W {PPU[1] Thread (main_thread)[0x00ebf31c]} cellSysutil warning: cellSysutilGetSystemParamInt: CELL_SYSUTIL_SYSTEMPARAM_ID_TIMEZONE
HLE: W {PPU[1] Thread (main_thread)[0x00ebf31c]} cellSysutil warning: cellSysutilGetSystemParamInt: CELL_SYSUTIL_SYSTEMPARAM_ID_SUMMERTIME
HLE: W {PPU[1] Thread (main_thread)[0x02786058]} sys_lwmutex warning: sys_lwmutex_create(lwmutex_addr=0x2682fe8, attr_addr=0xd000fb50)
HLE: ! {PPU[1] Thread (main_thread)[0x02786058]} sys_lwmutex : *** lwmutex created [ps3HDDL] (attribute=0x12): sq_id = 17
HLE: W {PPU[1] Thread (main_thread)[0x02786058]} sys_lwmutex warning: sys_lwmutex_create(lwmutex_addr=0x266fef8, attr_addr=0xd000fb60)
HLE: ! {PPU[1] Thread (main_thread)[0x02786058]} sys_lwmutex : *** lwmutex created [] (attribute=0x12): sq_id = 18
HLE: W {PPU[1] Thread (main_thread)[0x0087394c]} sys_memory warning: sys_memory_get_user_memory_size(mem_info_addr=0xd000f8a4)
HLE: W {PPU[1] Thread (main_thread)[0x0087398c]} sys_memory warning: sys_memory_get_user_memory_size(mem_info_addr=0xd000f8a4)
HLE: W {PPU[1] Thread (main_thread)[0x02786058]} sys_lwmutex warning: sys_lwmutex_create(lwmutex_addr=0x30030010, attr_addr=0xd000f930)
HLE: ! {PPU[1] Thread (main_thread)[0x02786058]} sys_lwmutex : *** lwmutex created [] (attribute=0x12): sq_id = 19
HLE: W {PPU[1] Thread (main_thread)[0x02786058]} sys_lwmutex warning: sys_lwmutex_create(lwmutex_addr=0x1bb0288, attr_addr=0xd000fbc0)
HLE: ! {PPU[1] Thread (main_thread)[0x02786058]} sys_lwmutex : *** lwmutex created [] (attribute=0x12): sq_id = 20
HLE: W {PPU[1] Thread (main_thread)[0x02786058]} sys_lwmutex warning: sys_lwmutex_create(lwmutex_addr=0x1a60ac0, attr_addr=0xd000fb40)
HLE: ! {PPU[1] Thread (main_thread)[0x02786058]} sys_lwmutex : *** lwmutex created [] (attribute=0x12): sq_id = 21
HLE: W {PPU[1] Thread (main_thread)[0x02786058]} sys_lwmutex warning: sys_lwmutex_create(lwmutex_addr=0x1a3f980, attr_addr=0xd000efa0)
HLE: ! {PPU[1] Thread (main_thread)[0x02786058]} sys_lwmutex : *** lwmutex created [] (attribute=0x12): sq_id = 22
HLE: W {PPU[1] Thread (main_thread)[0x02786058]} sys_lwmutex warning: sys_lwmutex_create(lwmutex_addr=0x1a3f9a8, attr_addr=0xd000ef90)
HLE: ! {PPU[1] Thread (main_thread)[0x02786058]} sys_lwmutex : *** lwmutex created [] (attribute=0x12): sq_id = 23
HLE: W {PPU[1] Thread (main_thread)[0x02786058]} sys_lwmutex warning: sys_lwmutex_create(lwmutex_addr=0x1a3b3a8, attr_addr=0xd000fb50)
HLE: ! {PPU[1] Thread (main_thread)[0x02786058]} sys_lwmutex : *** lwmutex created [] (attribute=0x12): sq_id = 24
HLE: W {PPU[1] Thread (main_thread)[0x02786058]} sys_lwmutex warning: sys_lwmutex_create(lwmutex_addr=0x1a3ad90, attr_addr=0xd000fbc0)
HLE: ! {PPU[1] Thread (main_thread)[0x02786058]} sys_lwmutex : *** lwmutex created [] (attribute=0x12): sq_id = 25
HLE: W {PPU[1] Thread (main_thread)[0x02786058]} sys_lwmutex warning: sys_lwmutex_create(lwmutex_addr=0x1a3adb0, attr_addr=0xd000fbb0)
HLE: ! {PPU[1] Thread (main_thread)[0x02786058]} sys_lwmutex : *** lwmutex created [] (attribute=0x12): sq_id = 26
HLE: W {PPU[1] Thread (main_thread)[0x02786058]} sys_lwmutex warning: sys_lwmutex_create(lwmutex_addr=0x1a0fee0, attr_addr=0xd000fbb0)
HLE: ! {PPU[1] Thread (main_thread)[0x02786058]} sys_lwmutex : *** lwmutex created [] (attribute=0x12): sq_id = 27
HLE: W {PPU[1] Thread (main_thread)[0x02786058]} sys_lwmutex warning: sys_lwmutex_create(lwmutex_addr=0x1a3aa50, attr_addr=0xd000fba0)
HLE: ! {PPU[1] Thread (main_thread)[0x02786058]} sys_lwmutex : *** lwmutex created [] (attribute=0x12): sq_id = 28
HLE: W {PPU[1] Thread (main_thread)[0x02786058]} sys_lwmutex warning: sys_lwmutex_create(lwmutex_addr=0x19fb678, attr_addr=0xd000fb40)
HLE: ! {PPU[1] Thread (main_thread)[0x02786058]} sys_lwmutex : *** lwmutex created [] (attribute=0x12): sq_id = 29
HLE: W {PPU[1] Thread (main_thread)[0x02786058]} sys_lwmutex warning: sys_lwmutex_create(lwmutex_addr=0x19eac40, attr_addr=0xd000fba0)
HLE: ! {PPU[1] Thread (main_thread)[0x02786058]} sys_lwmutex : *** lwmutex created [] (attribute=0x12): sq_id = 30
HLE: W {PPU[1] Thread (main_thread)[0x02786058]} sys_lwmutex warning: sys_lwmutex_create(lwmutex_addr=0x19e3938, attr_addr=0xd000fac0)
HLE: ! {PPU[1] Thread (main_thread)[0x02786058]} sys_lwmutex : *** lwmutex created [] (attribute=0x12): sq_id = 31
HLE: W {PPU[1] Thread (main_thread)[0x02786058]} sys_lwmutex warning: sys_lwmutex_create(lwmutex_addr=0x1997628, attr_addr=0xd000fb50)
HLE: ! {PPU[1] Thread (main_thread)[0x02786058]} sys_lwmutex : *** lwmutex created [] (attribute=0x12): sq_id = 32
HLE: W {PPU[1] Thread (main_thread)[0x02786058]} sys_lwmutex warning: sys_lwmutex_create(lwmutex_addr=0x197b648, attr_addr=0xd000fab0)
HLE: ! {PPU[1] Thread (main_thread)[0x02786058]} sys_lwmutex : *** lwmutex created [] (attribute=0x12): sq_id = 33
HLE: W {PPU[1] Thread (main_thread)[0x018bf010]} cellSysmodule warning: cellSysmoduleLoadModule(CELL_SYSMODULE_FS)
HLE: W {PPU[1] Thread (main_thread)[0x018bf010]} cellSysmodule warning: cellSysmoduleLoadModule(CELL_SYSMODULE_SPURS)
HLE: W {PPU[1] Thread (main_thread)[0x018bf010]} cellSysmodule warning: cellSysmoduleLoadModule(CELL_SYSMODULE_SYSUTIL)
HLE: W {PPU[1] Thread (main_thread)[0x018bf010]} cellSysmodule warning: cellSysmoduleLoadModule(CELL_SYSMODULE_RTC)
HLE: W {PPU[1] Thread (main_thread)[0x018bf010]} cellSysmodule warning: cellSysmoduleLoadModule(CELL_SYSMODULE_GCM_SYS)
HLE: W {PPU[1] Thread (main_thread)[0x018bf010]} cellSysmodule warning: cellSysmoduleLoadModule(CELL_SYSMODULE_AUDIO)
HLE: W {PPU[1] Thread (main_thread)[0x018bf010]} cellSysmodule warning: cellSysmoduleLoadModule(CELL_SYSMODULE_IO)
HLE: W {PPU[1] Thread (main_thread)[0x018bf010]} cellSysmodule warning: cellSysmoduleLoadModule(CELL_SYSMODULE_SYSUTIL_SAVEDATA)
HLE: W {PPU[1] Thread (main_thread)[0x018bf010]} cellSysmodule warning: cellSysmoduleLoadModule(CELL_SYSMODULE_SYSUTIL_GAME)
HLE: W {PPU[1] Thread (main_thread)[0x018bf010]} cellSysmodule warning: cellSysmoduleLoadModule(CELL_SYSMODULE_SYSUTIL_NP)
HLE: W {PPU[1] Thread (main_thread)[0x018bf010]} cellSysmodule warning: cellSysmoduleLoadModule(CELL_SYSMODULE_SYSUTIL_NP_TROPHY)
HLE: W {PPU[1] Thread (main_thread)[0x018bf010]} cellSysmodule warning: cellSysmoduleLoadModule(CELL_SYSMODULE_RESC)
HLE: W {PPU[1] Thread (main_thread)[0x0087e4c4]} sys_memory warning: sys_memory_get_user_memory_size(mem_info_addr=0xd000f9ec)
HLE: W {PPU[1] Thread (main_thread)[0x02778040]} cellGame warning: cellGameBootCheck(type_addr=0xd000f450, attributes_addr=0xd000f454, size_addr=0xd000f458, dirName_addr=0x0)
HLE: W {PPU[1] Thread (main_thread)[0x02778004]} cellGame warning: cellGameGetParamString(id=100, buf_addr=0x1a3add4, bufsize=10)
HLE: W {PPU[1] Thread (main_thread)[0x0277801c]} cellGame warning: cellGameContentPermit(contentInfoPath_addr=0xd000f468, usrdirPath_addr=0xd000f4e8)
HLE: W {PPU[1] Thread (main_thread)[0x00853910]} sys_mmapper warning: sys_mmapper_allocate_address(size=0x10000000, flags=0x40f, alignment=0x10000000, alloc_addr=0x30059610)
HLE: W {PPU[1] Thread (main_thread)[0x00853910]} sys_mmapper warning: sys_mmapper_allocate_address(size=0x10000000, flags=0x40f, alignment=0x10000000, alloc_addr=0x3005f930)
HLE: W {PPU[1] Thread (main_thread)[0x02782028]} cellGcmSys warning: _cellGcmInitBody(context_addr=0x26842a4, cmdSize=0x2ff000, ioSize=0x300000, ioAddress=0x30100000)
HLE: W {PPU[1] Thread (main_thread)[0x02782028]} cellGcmSys warning: *** local memory(addr=0xc0000000, size=0xf900000)
HLE: W {PPU[1] Thread (main_thread)[0x02782028]} cellGcmSys warning: cellGcmInit(): 256MB io address space used
HLE: W {PPU[1] Thread (main_thread)[0x02782028]} cellGcmSys warning: cellGcmMapEaIoAddress(ea=0x30100000, io=0x0, size=0x300000)
RSX: ! {RSXThread} RSX thread started
HLE: W {PPU[1] Thread (main_thread)[0x018bb094]} cellSysutil warning: cellVideoOutGetNumberOfDevice(videoOut=0)
HLE: W {PPU[1] Thread (main_thread)[0x018bb040]} cellSysutil warning: cellVideoOutGetDeviceInfo(videoOut=0, deviceIndex=0, info_addr=0xd000f300)
HLE: W {PPU[1] Thread (main_thread)[0x018bb100]} cellSysutil warning: cellVideoOutGetResolutionAvailability(videoOut=0, resolutionId=0x0, option_addr=0x0, aspect=0x0, option=0x601ae170)
HLE: W {PPU[1] Thread (main_thread)[0x018bb010]} cellSysutil warning: cellVideoOutConfigure(videoOut=0, config_addr=0xd000f1f0, option_addr=0x0, waitForEvent=0x0)
HLE: W {PPU[1] Thread (main_thread)[0x02782070]} cellGcmSys warning: cellGcmSetFlipMode(mode=1)
HLE: W {PPU[1] Thread (main_thread)[0x027820f4]} cellGcmSys warning: cellGcmSetVBlankHandler(handler_addr=0x18f6130)
HLE: W {PPU[1] Thread (main_thread)[0x027820c4]} cellGcmSys warning: cellGcmSetFlipHandler(handler_addr=26173736)
HLE: W {PPU[1] Thread (main_thread)[0x02782010]} cellGcmSys warning: cellGcmSetUserHandler(handler_addr=0x18f6138)
HLE: E {PPU[1] Thread (main_thread)[0x02782118]} cellGcmSys TODO: cellGcmSetGraphicsHandler
HLE: W {PPU[1] Thread (main_thread)[0x02786118]} sys_mmapper warning: sys_mmapper_allocate_memory(size=0x100000, flags=0x400, mem_id_addr=0xd000efe4)
HLE: W {PPU[1] Thread (main_thread)[0x0278613c]} sys_mmapper warning: sys_mmapper_map_memory(start_addr=0x0, mem_id=0x22, flags=0x40000)
HLE: E {PPU[1] Thread (main_thread)[0x0278613c]} sys_mmapper error: sys_mmapper_map_memory failed!
HLE: W {PPU[1] Thread (main_thread)[0x02786118]} sys_mmapper warning: sys_mmapper_allocate_memory(size=0x100000, flags=0x400, mem_id_addr=0xd000efe4)
HLE: W {PPU[1] Thread (main_thread)[0x0278613c]} sys_mmapper warning: sys_mmapper_map_memory(start_addr=0x100000, mem_id=0x23, flags=0x40000)
HLE: E {PPU[1] Thread (main_thread)[0x0278613c]} sys_mmapper error: sys_mmapper_map_memory failed!
HLE: W {PPU[1] Thread (main_thread)[0x02786118]} sys_mmapper warning: sys_mmapper_allocate_memory(size=0x100000, flags=0x400, mem_id_addr=0xd000efe4)
HLE: W {PPU[1] Thread (main_thread)[0x0278613c]} sys_mmapper warning: sys_mmapper_map_memory(start_addr=0x200000, mem_id=0x24, flags=0x40000)
HLE: E {PPU[1] Thread (main_thread)[0x0278613c]} sys_mmapper error: sys_mmapper_map_memory failed!
HLE: W {PPU[1] Thread (main_thread)[0x02786118]} sys_mmapper warning: sys_mmapper_allocate_memory(size=0x100000, flags=0x400, mem_id_addr=0xd000efe4)
HLE: W {PPU[1] Thread (main_thread)[0x0278613c]} sys_mmapper warning: sys_mmapper_map_memory(start_addr=0x300000, mem_id=0x25, flags=0x40000)
HLE: E {PPU[1] Thread (main_thread)[0x0278613c]} sys_mmapper error: sys_mmapper_map_memory failed!
HLE: W {PPU[1] Thread (main_thread)[0x02786118]} sys_mmapper warning: sys_mmapper_allocate_memory(size=0x100000, flags=0x400, mem_id_addr=0xd000efe4)
HLE: W {PPU[1] Thread (main_thread)[0x0278613c]} sys_mmapper warning: sys_mmapper_map_memory(start_addr=0x400000, mem_id=0x26, flags=0x40000)
HLE: E {PPU[1] Thread (main_thread)[0x0278613c]} sys_mmapper error: sys_mmapper_map_memory failed!
HLE: W {PPU[1] Thread (main_thread)[0x02786118]} sys_mmapper warning: sys_mmapper_allocate_memory(size=0x100000, flags=0x400, mem_id_addr=0xd000efe4)
HLE: W {PPU[1] Thread (main_thread)[0x0278613c]} sys_mmapper warning: sys_mmapper_map_memory(start_addr=0x500000, mem_id=0x27, flags=0x40000)
HLE: E {PPU[1] Thread (main_thread)[0x0278613c]} sys_mmapper error: sys_mmapper_map_memory failed!
HLE: W {PPU[1] Thread (main_thread)[0x02786118]} sys_mmapper warning: sys_mmapper_allocate_memory(size=0x100000, flags=0x400, mem_id_addr=0xd000efe4)
HLE: W {PPU[1] Thread (main_thread)[0x0278613c]} sys_mmapper warning: sys_mmapper_map_memory(start_addr=0x600000, mem_id=0x28, flags=0x40000)
HLE: E {PPU[1] Thread (main_thread)[0x0278613c]} sys_mmapper error: sys_mmapper_map_memory failed!
HLE: W {PPU[1] Thread (main_thread)[0x02786118]} sys_mmapper warning: sys_mmapper_allocate_memory(size=0x100000, flags=0x400, mem_id_addr=0xd000efe4)
HLE: W {PPU[1] Thread (main_thread)[0x0278613c]} sys_mmapper warning: sys_mmapper_map_memory(start_addr=0x700000, mem_id=0x29, flags=0x40000)
HLE: E {PPU[1] Thread (main_thread)[0x0278613c]} sys_mmapper error: sys_mmapper_map_memory failed!
HLE: W {PPU[1] Thread (main_thread)[0x02786118]} sys_mmapper warning: sys_mmapper_allocate_memory(size=0x100000, flags=0x400, mem_id_addr=0xd000efe4)
HLE: W {PPU[1] Thread (main_thread)[0x0278613c]} sys_mmapper warning: sys_mmapper_map_memory(start_addr=0x800000, mem_id=0x2a, flags=0x40000)
HLE: E {PPU[1] Thread (main_thread)[0x0278613c]} sys_mmapper error: sys_mmapper_map_memory failed!
HLE: W {PPU[1] Thread (main_thread)[0x02786118]} sys_mmapper warning: sys_mmapper_allocate_memory(size=0x100000, flags=0x400, mem_id_addr=0xd000efe4)
HLE: W {PPU[1] Thread (main_thread)[0x0278613c]} sys_mmapper warning: sys_mmapper_map_memory(start_addr=0x900000, mem_id=0x2b, flags=0x40000)
HLE: E {PPU[1] Thread (main_thread)[0x0278613c]} sys_mmapper error: sys_mmapper_map_memory failed!
HLE: W {PPU[1] Thread (main_thread)[0x027820b8]} cellGcmSys warning: cellGcmMapMainMemory(ea=0x0,size=0xa00000,offset_addr=0xd000efe0)
G: E {PPU[1] Thread (main_thread)[0x00852940]} Exception: Access violation: addr = 0xfa0 (is_alive=1, last_syscall=0x0 (Unknown func id: 0x00000000))
RSX: W {RSXThread} RSX thread aborted
RSX: W {VBlank thread} VBlank thread aborted
PPU: ! {PPU Recompilation Engine} PPU LLVM Recompilation thread exiting.
HLE: ! All threads stopped...
MEM: ! Closing memory...
