HLE: ! path: /dev_hdd0/game/
HLE: W No pause.bin found, Auto Pause will not work.
HLE: W No pause.bin found, Auto Pause will not work.
LDR: ! Loading 'D:\Emulateurs\Rpcs3\dev_hdd0\game\BCES00009-[RIDGE RACER 7]/PS3_GAME/USRDIR/BOOT.BIN'...
LDR: !  
LDR: ! Mount info:
LDR: ! /dev_hdd0/ -> ./dev_hdd0/
LDR: ! /dev_hdd1/ -> ./dev_hdd1/
LDR: ! /dev_flash/ -> ./dev_flash/
LDR: ! /dev_usb000/ -> ./dev_usb000/
LDR: ! /dev_usb/ -> ./dev_usb000/
LDR: ! /app_home/ -> D:\Emulateurs\Rpcs3\dev_hdd0\game\BCES00009-[RIDGE RACER 7]/PS3_GAME/
LDR: ! /dev_bdvd/ -> D:\Emulateurs\Rpcs3\dev_hdd0\game\BCES00009-[RIDGE RACER 7]/PS3_GAME//../
LDR: ! /host_root/ -> 
LDR: ! /app_home/PS3_GAME/USRDIR/ -> D:\Emulateurs\Rpcs3\dev_hdd0\game\BCES00009-[RIDGE RACER 7]/PS3_GAME//USRDIR/
LDR: ! /dev_flash2/ -> ./dev_flash2/
LDR: ! /app_home/Game/PS3_GAME/USRDIR/ -> D:\Emulateurs\Rpcs3\dev_hdd0\game\BCES00009-[RIDGE RACER 7]/PS3_GAME//USRDIR/
LDR: ! //dev_hdd0/ -> ./dev_hdd0/
LDR: ! / -> D:\Emulateurs\Rpcs3\dev_hdd0\game\BCES00009-[RIDGE RACER 7]/PS3_GAME//USRDIR/
LDR: !  
LDR: ! Title: RIDGE RACER 7
LDR: ! Serial: BCES00009
LDR: !  
MEM: ! Initializing memory: m_base_addr = 0xa0d24c0000
MEM: ! Memory initialized.
LDR: ! Imported function 'cellGcmGetTiledPitchSize' in 'cellGcmSys' module
LDR: ! Imported function '_cellGcmInitBody' in 'cellGcmSys' module
LDR: ! Imported function 'cellGcmAddressToOffset' in 'cellGcmSys' module
LDR: ! Imported function '_cellGcmFunc15' in 'cellGcmSys' module
LDR: ! Imported function 'cellGcmSetFlipMode' in 'cellGcmSys' module
LDR: ! Imported function 'cellGcmSetWaitFlip' in 'cellGcmSys' module
LDR: ! Imported function 'cellGcmSetDisplayBuffer' in 'cellGcmSys' module
LDR: ! Imported function 'cellGcmGetControlRegister' in 'cellGcmSys' module
LDR: ! Imported function 'cellGcmSetVBlankHandler' in 'cellGcmSys' module
LDR: ! Imported function 'cellGcmSetInvalidateTile' in 'cellGcmSys' module
LDR: ! Imported function 'cellGcmSetTile' in 'cellGcmSys' module
LDR: ! Imported function 'cellGcmSetZcull' in 'cellGcmSys' module
LDR: ! Imported function 'cellGcmSetFlip' in 'cellGcmSys' module
LDR: ! Imported function 'cellGcmGetConfiguration' in 'cellGcmSys' module
LDR: ! Imported function 'cellGcmGetLabelAddress' in 'cellGcmSys' module
LDR: ! Imported function 'cellRescGcmSurface2RescSrc' in 'cellResc' module
LDR: ! Imported function 'cellRescSetWaitFlip' in 'cellResc' module
LDR: ! Imported function 'cellRescSetDsts' in 'cellResc' module
LDR: ! Imported function 'cellRescSetPalInterpolateDropFlexRatio' in 'cellResc' module
LDR: ! Imported function 'cellRescSetDisplayMode' in 'cellResc' module
LDR: ! Imported function 'cellRescSetConvertAndFlip' in 'cellResc' module
LDR: ! Imported function 'cellRescExit' in 'cellResc' module
LDR: ! Imported function 'cellRescInit' in 'cellResc' module
LDR: ! Imported function 'cellRescGetBufferSize' in 'cellResc' module
LDR: ! Imported function 'cellRescSetSrc' in 'cellResc' module
LDR: ! Imported function 'cellRescSetBufferAddress' in 'cellResc' module
LDR: ! Imported function 'cellRescSetVBlankHandler' in 'cellResc' module
LDR: W Unknown module 'sceNpMatchingInt'
LDR: ! Imported function 'sceNpMatchingJoinRoomGUI' in 'sceNpMatchingInt' module
LDR: ! Imported function 'sceNpMatchingSetRoomInfoNoLimit' in 'sceNpMatchingInt' module
LDR: ! Imported function 'Unknown func id: 0x92d5c77b' in 'sceNpMatchingInt' module
LDR: ! Imported function 'Unknown func id: 0xb00f408a' in 'sceNpMatchingInt' module
LDR: ! Imported function 'sceNpMatchingGetRoomInfoNoLimit' in 'sceNpMatchingInt' module
LDR: ! Imported function 'sceNpMatchingGetResult' in 'sceNp' module
LDR: ! Imported function 'sceNpScoreRecordGameData' in 'sceNp' module
LDR: ! Imported function 'sceNpScoreGetRankingByNpId' in 'sceNp' module
LDR: ! Imported function 'sceNpSignalingGetConnectionInfo' in 'sceNp' module
LDR: ! Imported function 'sceNpScoreRecordScore' in 'sceNp' module
LDR: ! Imported function 'sceNpBasicAddPlayersHistory' in 'sceNp' module
LDR: ! Imported function 'sceNpScoreDestroyTitleCtx' in 'sceNp' module
LDR: ! Imported function 'sceNpMatchingGetResultGUI' in 'sceNp' module
LDR: ! Imported function 'sceNpBasicAddFriend' in 'sceNp' module
LDR: ! Imported function 'sceNpMatchingAcceptInvitationGUI' in 'sceNp' module
LDR: ! Imported function 'sceNpMatchingDestroyCtx' in 'sceNp' module
LDR: ! Imported function 'sceNpScoreInit' in 'sceNp' module
LDR: ! Imported function 'sceNpMatchingSearchJoinRoomGUI' in 'sceNp' module
LDR: ! Imported function 'sceNpScoreGetGameData' in 'sceNp' module
LDR: ! Imported function 'sceNpMatchingCreateRoomGUI' in 'sceNp' module
LDR: ! Imported function 'sceNpBasicSetPresence' in 'sceNp' module
LDR: ! Imported function 'sceNpBasicSendMessageAttachment' in 'sceNp' module
LDR: ! Imported function 'sceNpTerm' in 'sceNp' module
LDR: ! Imported function 'sceNpSignalingActivateConnection' in 'sceNp' module
LDR: ! Imported function 'sceNpSignalingCreateCtx' in 'sceNp' module
LDR: ! Imported function 'sceNpBasicRecvMessageAttachmentLoad' in 'sceNp' module
LDR: ! Imported function 'sceNpScoreCreateTransactionCtx' in 'sceNp' module
LDR: ! Imported function 'sceNpMatchingSendInvitationGUI' in 'sceNp' module
LDR: ! Imported function 'sceNpScoreTerm' in 'sceNp' module
LDR: ! Imported function 'sceNpMatchingSetRoomSearchFlag' in 'sceNp' module
LDR: ! Imported function 'sceNpManagerGetStatus' in 'sceNp' module
LDR: ! Imported function 'sceNpSignalingDestroyCtx' in 'sceNp' module
LDR: ! Imported function 'sceNpMatchingCreateCtx' in 'sceNp' module
LDR: ! Imported function 'sceNpBasicUnregisterHandler' in 'sceNp' module
LDR: ! Imported function 'sceNpDrmIsAvailable' in 'sceNp' module
LDR: ! Imported function 'sceNpBasicRecvMessageAttachment' in 'sceNp' module
LDR: ! Imported function 'sceNpScoreCreateTitleCtx' in 'sceNp' module
LDR: ! Imported function 'sceNpBasicRegisterHandler' in 'sceNp' module
LDR: ! Imported function 'sceNpInit' in 'sceNp' module
LDR: ! Imported function 'sceNpManagerGetNetworkTime' in 'sceNp' module
LDR: ! Imported function 'sceNpScoreDestroyTransactionCtx' in 'sceNp' module
LDR: ! Imported function 'sceNpSignalingGetConnectionStatus' in 'sceNp' module
LDR: ! Imported function 'sceNpUtilCmpNpId' in 'sceNp' module
LDR: ! Imported function 'sceNpMatchingKickRoomMemberWithOpt' in 'sceNp' module
LDR: ! Imported function 'sceNpBasicGetEvent' in 'sceNp' module
LDR: ! Imported function 'sceNpScoreAbortTransaction' in 'sceNp' module
LDR: ! Imported function 'sceNpManagerGetOnlineName' in 'sceNp' module
LDR: ! Imported function 'sceNpMatchingLeaveRoom' in 'sceNp' module
LDR: ! Imported function 'sceNpScoreGetRankingByRange' in 'sceNp' module
LDR: ! Imported function 'sceNpSignalingDeactivateConnection' in 'sceNp' module
LDR: ! Imported function 'sceNpManagerGetNpId' in 'sceNp' module
LDR: W Unimplemented function 'UCS2stoUTF8s' in 'cellL10n' module
LDR: W Unimplemented function 'UTF16toUTF8' in 'cellL10n' module
LDR: ! Imported function 'cellFontCreateRenderer' in 'cellFont' module
LDR: ! Imported function 'cellFontGetHorizontalLayout' in 'cellFont' module
LDR: ! Imported function 'cellFontDestroyRenderer' in 'cellFont' module
LDR: ! Imported function 'cellFontSetScalePixel' in 'cellFont' module
LDR: ! Imported function 'cellFontGetRenderCharGlyphMetrics' in 'cellFont' module
LDR: ! Imported function 'cellFontEndLibrary' in 'cellFont' module
LDR: ! Imported function 'cellFontBindRenderer' in 'cellFont' module
LDR: ! Imported function 'cellFontEnd' in 'cellFont' module
LDR: ! Imported function 'cellFontRenderCharGlyphImage' in 'cellFont' module
LDR: ! Imported function 'cellFontRenderSurfaceInit' in 'cellFont' module
LDR: ! Imported function 'cellFontGetFontIdCode' in 'cellFont' module
LDR: ! Imported function 'cellFontOpenFontMemory' in 'cellFont' module
LDR: ! Imported function 'cellFontOpenFontset' in 'cellFont' module
LDR: ! Imported function 'cellFontCloseFont' in 'cellFont' module
LDR: ! Imported function 'cellFontRenderSurfaceSetScissor' in 'cellFont' module
LDR: ! Imported function 'cellFontGetCharGlyphMetrics' in 'cellFont' module
LDR: ! Imported function 'cellFontInitializeWithRevision' in 'cellFont' module
LDR: ! Imported function 'cellFontUnbindRenderer' in 'cellFont' module
LDR: ! Imported function 'cellFontInitLibraryFreeTypeWithRevision' in 'cellFontFT' module
LDR: W Unimplemented function 'cellUsbdInterruptTransfer' in 'cellUsbd' module
LDR: W Unimplemented function 'cellUsbdOpenPipe' in 'cellUsbd' module
LDR: W Unimplemented function 'cellUsbdScanStaticDescriptor' in 'cellUsbd' module
LDR: W Unimplemented function 'cellUsbdGetPrivateData' in 'cellUsbd' module
LDR: W Unimplemented function 'cellUsbdSetPrivateData' in 'cellUsbd' module
LDR: W Unimplemented function 'cellUsbdRegisterExtraLdd' in 'cellUsbd' module
LDR: W Unimplemented function 'cellUsbdUnregisterExtraLdd' in 'cellUsbd' module
LDR: W Unimplemented function 'cellUsbdClosePipe' in 'cellUsbd' module
LDR: W Unimplemented function 'cellUsbdControlTransfer' in 'cellUsbd' module
LDR: W Unimplemented function 'cellUsbdInit' in 'cellUsbd' module
LDR: W Unimplemented function 'cellUsbdGetDeviceLocation' in 'cellUsbd' module
LDR: ! Imported function 'cellNetCtlNetStartDialogLoadAsync' in 'cellNetCtl' module
LDR: ! Imported function 'cellNetCtlNetStartDialogUnloadAsync' in 'cellNetCtl' module
LDR: ! Imported function 'cellNetCtlTerm' in 'cellNetCtl' module
LDR: ! Imported function 'cellNetCtlInit' in 'cellNetCtl' module
LDR: ! Imported function 'sys_net_initialize_network_ex' in 'sys_net' module
LDR: ! Imported function 'recvfrom' in 'sys_net' module
LDR: ! Imported function 'socketclose' in 'sys_net' module
LDR: ! Imported function 'sendto' in 'sys_net' module
LDR: ! Imported function 'socket' in 'sys_net' module
LDR: ! Imported function 'bind' in 'sys_net' module
LDR: ! Imported function 'sys_net_finalize_network' in 'sys_net' module
LDR: ! Imported function 'cellPadClearBuf' in 'sys_io' module
LDR: ! Imported function 'cellPadInfoPressMode' in 'sys_io' module
LDR: ! Imported function 'cellPadInit' in 'sys_io' module
LDR: ! Imported function 'cellPadGetInfo' in 'sys_io' module
LDR: ! Imported function 'cellPadEnd' in 'sys_io' module
LDR: ! Imported function 'cellPadInfoSensorMode' in 'sys_io' module
LDR: ! Imported function 'cellPadGetData' in 'sys_io' module
LDR: ! Imported function 'cellPadSetSensorMode' in 'sys_io' module
LDR: ! Imported function 'cellPadSetPressMode' in 'sys_io' module
LDR: ! Imported function 'cellFsClose' in 'sys_fs' module
LDR: ! Imported function 'cellFsOpendir' in 'sys_fs' module
LDR: ! Imported function 'cellFsRead' in 'sys_fs' module
LDR: ! Imported function 'cellFsReaddir' in 'sys_fs' module
LDR: ! Imported function 'cellFsOpen' in 'sys_fs' module
LDR: ! Imported function 'cellFsUnlink' in 'sys_fs' module
LDR: ! Imported function 'cellFsLseek' in 'sys_fs' module
LDR: ! Imported function 'cellFsWrite' in 'sys_fs' module
LDR: ! Imported function 'cellFsFstat' in 'sys_fs' module
LDR: ! Imported function 'cellFsClosedir' in 'sys_fs' module
LDR: ! Imported function 'cellSpursEventFlagDetachLv2EventQueue' in 'cellSpurs' module
LDR: ! Imported function 'cellSpursEventFlagWait' in 'cellSpurs' module
LDR: ! Imported function 'cellSpursDetachLv2EventQueue' in 'cellSpurs' module
LDR: ! Imported function 'cellSpursCreateTaskset' in 'cellSpurs' module
LDR: ! Imported function '_cellSpursEventFlagInitialize' in 'cellSpurs' module
LDR: ! Imported function 'cellSpursEventFlagAttachLv2EventQueue' in 'cellSpurs' module
LDR: ! Imported function 'cellSpursJoinTaskset' in 'cellSpurs' module
LDR: ! Imported function 'cellSpursShutdownTaskset' in 'cellSpurs' module
LDR: ! Imported function 'cellSpursInitialize' in 'cellSpurs' module
LDR: ! Imported function 'cellSpursAttachLv2EventQueue' in 'cellSpurs' module
LDR: ! Imported function 'cellSpursCreateTask' in 'cellSpurs' module
LDR: ! Imported function 'cellSpursFinalize' in 'cellSpurs' module
LDR: ! Imported function 'cellSpursEventFlagSet' in 'cellSpurs' module
LDR: ! Imported function 'cellSysutilUnregisterCallback' in 'cellSysutil' module
LDR: ! Imported function 'cellVideoOutConfigure' in 'cellSysutil' module
LDR: ! Imported function 'cellSysutilCheckCallback' in 'cellSysutil' module
LDR: ! Imported function 'cellVideoOutGetDeviceInfo' in 'cellSysutil' module
LDR: W Unimplemented function 'cellOskDialogUnloadAsync' in 'cellSysutil' module
LDR: W Unimplemented function 'cellSaveDataListSave' in 'cellSysutil' module
LDR: ! Imported function 'cellMsgDialogOpenErrorCode' in 'cellSysutil' module
LDR: ! Imported function 'cellSysutilGetSystemParamInt' in 'cellSysutil' module
LDR: W Unimplemented function 'cellSaveDataFixedSave' in 'cellSysutil' module
LDR: ! Imported function 'cellAudioOutConfigure' in 'cellSysutil' module
LDR: ! Imported function 'cellMsgDialogAbort' in 'cellSysutil' module
LDR: ! Imported function 'cellVideoOutGetNumberOfDevice' in 'cellSysutil' module
LDR: W Unimplemented function 'cellOskDialogLoadAsync' in 'cellSysutil' module
LDR: ! Imported function 'cellVideoOutGetState' in 'cellSysutil' module
LDR: ! Imported function 'cellSysutilGetSystemParamString' in 'cellSysutil' module
LDR: ! Imported function 'cellSysutilRegisterCallback' in 'cellSysutil' module
LDR: ! Imported function 'cellVideoOutGetResolutionAvailability' in 'cellSysutil' module
LDR: W Unimplemented function 'cellSaveDataDelete' in 'cellSysutil' module
LDR: W Unimplemented function 'cellDiscGameGetBootDiscInfo' in 'cellSysutil' module
LDR: ! Imported function 'cellAudioOutGetSoundAvailability' in 'cellSysutil' module
LDR: W Unimplemented function 'cellSaveDataAutoLoad' in 'cellSysutil' module
LDR: ! Imported function 'cellGameDataCheckCreate2' in 'cellSysutil' module
LDR: ! Imported function 'cellVideoOutGetResolution' in 'cellSysutil' module
LDR: W Unimplemented function 'cellSaveDataListLoad' in 'cellSysutil' module
LDR: W Unimplemented function 'cellMsgDialogOpen' in 'cellSysutil' module
LDR: W Unimplemented function 'cellSaveDataAutoSave' in 'cellSysutil' module
LDR: ! Imported function 'cellRtcGetCurrentClockLocalTime' in 'cellRtc' module
LDR: ! Imported function 'cellRtcTickAddMinutes' in 'cellRtc' module
LDR: ! Imported function 'cellRtcSetTick' in 'cellRtc' module
LDR: ! Imported function 'cellRtcGetCurrentTick' in 'cellRtc' module
LDR: ! Imported function 'cellRtcConvertUtcToLocalTime' in 'cellRtc' module
LDR: ! Imported function 'cellAudioInit' in 'cellAudio' module
LDR: ! Imported function 'cellAudioSetNotifyEventQueue' in 'cellAudio' module
LDR: ! Imported function 'cellAudioPortClose' in 'cellAudio' module
LDR: ! Imported function 'cellAudioPortStop' in 'cellAudio' module
LDR: ! Imported function 'cellAudioGetPortConfig' in 'cellAudio' module
LDR: ! Imported function 'cellAudioPortStart' in 'cellAudio' module
LDR: ! Imported function 'cellAudioQuit' in 'cellAudio' module
LDR: ! Imported function 'cellAudioPortOpen' in 'cellAudio' module
LDR: ! Imported function 'cellAudioRemoveNotifyEventQueue' in 'cellAudio' module
LDR: ! Imported function 'cellAtracSetSecondBuffer' in 'cellAtrac' module
LDR: ! Imported function 'cellAtracGetChannel' in 'cellAtrac' module
LDR: ! Imported function 'cellAtracGetStreamDataInfo' in 'cellAtrac' module
LDR: ! Imported function 'cellAtracAddStreamData' in 'cellAtrac' module
LDR: ! Imported function 'cellAtracGetMaxSample' in 'cellAtrac' module
LDR: ! Imported function 'cellAtracSetDataAndGetMemSize' in 'cellAtrac' module
LDR: ! Imported function 'cellAtracDeleteDecoder' in 'cellAtrac' module
LDR: ! Imported function 'cellAtracSetLoopNum' in 'cellAtrac' module
LDR: ! Imported function 'cellAtracDecode' in 'cellAtrac' module
LDR: ! Imported function 'cellAtracIsSecondBufferNeeded' in 'cellAtrac' module
LDR: ! Imported function 'cellAtracGetLoopInfo' in 'cellAtrac' module
LDR: ! Imported function 'cellAtracGetInternalErrorInfo' in 'cellAtrac' module
LDR: ! Imported function 'cellAtracGetSecondBufferInfo' in 'cellAtrac' module
LDR: ! Imported function 'cellAtracCreateDecoder' in 'cellAtrac' module
LDR: ! Imported function 'cellVdecClose' in 'libvdec' module
LDR: ! Imported function 'cellVdecGetPicItem' in 'libvdec' module
LDR: ! Imported function 'cellVdecDecodeAu' in 'libvdec' module
LDR: ! Imported function 'cellVdecGetPicture' in 'libvdec' module
LDR: ! Imported function 'cellVdecEndSeq' in 'libvdec' module
LDR: ! Imported function 'cellVdecOpen' in 'libvdec' module
LDR: ! Imported function 'cellVdecStartSeq' in 'libvdec' module
LDR: ! Imported function 'cellVdecQueryAttr' in 'libvdec' module
LDR: ! Imported function 'cellAdecDecodeAu' in 'cellAdec' module
LDR: ! Imported function 'cellAdecStartSeq' in 'cellAdec' module
LDR: ! Imported function 'cellAdecQueryAttr' in 'cellAdec' module
LDR: ! Imported function 'cellAdecClose' in 'cellAdec' module
LDR: ! Imported function 'cellAdecGetPcm' in 'cellAdec' module
LDR: ! Imported function 'cellAdecGetPcmItem' in 'cellAdec' module
LDR: ! Imported function 'cellAdecOpen' in 'cellAdec' module
LDR: ! Imported function 'cellAdecEndSeq' in 'cellAdec' module
LDR: ! Imported function 'cellPamfStreamTypeToEsFilterId' in 'cellPamf' module
LDR: ! Imported function 'cellPamfReaderSetStreamWithTypeAndIndex' in 'cellPamf' module
LDR: ! Imported function 'cellPamfGetStreamOffsetAndSize' in 'cellPamf' module
LDR: ! Imported function 'cellPamfReaderGetPresentationStartTime' in 'cellPamf' module
LDR: ! Imported function 'cellPamfReaderGetStreamInfo' in 'cellPamf' module
LDR: ! Imported function 'cellPamfReaderGetStreamTypeAndChannel' in 'cellPamf' module
LDR: ! Imported function 'cellPamfReaderInitialize' in 'cellPamf' module
LDR: ! Imported function 'cellPamfGetHeaderSize' in 'cellPamf' module
LDR: ! Imported function 'cellPamfReaderGetNumberOfSpecificStreams' in 'cellPamf' module
LDR: ! Imported function 'cellPamfReaderGetPresentationEndTime' in 'cellPamf' module
LDR: ! Imported function 'cellDmuxQueryEsAttr' in 'cellDmux' module
LDR: ! Imported function 'cellDmuxSetStream' in 'cellDmux' module
LDR: ! Imported function 'cellDmuxDisableEs' in 'cellDmux' module
LDR: ! Imported function 'cellDmuxResetEs' in 'cellDmux' module
LDR: ! Imported function 'cellDmuxReleaseAu' in 'cellDmux' module
LDR: ! Imported function 'cellDmuxGetAu' in 'cellDmux' module
LDR: ! Imported function 'cellDmuxOpen' in 'cellDmux' module
LDR: ! Imported function 'cellDmuxEnableEs' in 'cellDmux' module
LDR: ! Imported function 'cellDmuxClose' in 'cellDmux' module
LDR: ! Imported function 'cellDmuxQueryAttr' in 'cellDmux' module
LDR: ! Imported function 'cellSysmoduleUnloadModule' in 'cellSysmodule' module
LDR: ! Imported function 'cellSysmoduleLoadModule' in 'cellSysmodule' module
LDR: W Unimplemented function 'sys_mempool_try_allocate_block' in 'sysPrxForUser' module
LDR: ! Imported function 'sys_lwmutex_lock' in 'sysPrxForUser' module
LDR: ! Imported function 'sys_lwmutex_unlock' in 'sysPrxForUser' module
LDR: ! Imported function 'sys_ppu_thread_create' in 'sysPrxForUser' module
LDR: ! Imported function 'sys_lwmutex_create' in 'sysPrxForUser' module
LDR: ! Imported function 'sys_ppu_thread_get_id' in 'sysPrxForUser' module
LDR: W Unimplemented function 'sys_mempool_free_block' in 'sysPrxForUser' module
LDR: ! Imported function 'sys_initialize_tls' in 'sysPrxForUser' module
LDR: ! Imported function 'sys_time_get_system_time' in 'sysPrxForUser' module
LDR: W Unimplemented function 'sys_mempool_destroy' in 'sysPrxForUser' module
LDR: ! Imported function 'sys_prx_exitspawn_with_level' in 'sysPrxForUser' module
LDR: ! Imported function 'sys_ppu_thread_exit' in 'sysPrxForUser' module
LDR: ! Imported function 'sys_lwmutex_destroy' in 'sysPrxForUser' module
LDR: W Unimplemented function 'sys_mempool_create' in 'sysPrxForUser' module
LDR: ! Imported function 'sys_spu_image_close' in 'sysPrxForUser' module
LDR: ! Imported function 'sys_process_exit' in 'sysPrxForUser' module
LDR: ! Imported function 'sys_spu_image_import' in 'sysPrxForUser' module
HLE: W {PPU[1] Thread (CPUThread)[0x00509034]} sys_lwmutex warning: sys_lwmutex_create(lwmutex_addr=0x10655ab8, attr_addr=0x10052aa0)
HLE: ! {PPU[1] Thread (CPUThread)[0x00509034]} sys_lwmutex: *** lwmutex created [] (attribute=0x12): sq_id = 3
HLE: W {PPU[1] Thread (CPUThread)[0x00509034]} sys_lwmutex warning: sys_lwmutex_create(lwmutex_addr=0x10655ad0, attr_addr=0x10052aa0)
HLE: ! {PPU[1] Thread (CPUThread)[0x00509034]} sys_lwmutex: *** lwmutex created [] (attribute=0x12): sq_id = 4
HLE: W {PPU[1] Thread (CPUThread)[0x00509034]} sys_lwmutex warning: sys_lwmutex_create(lwmutex_addr=0x30100020, attr_addr=0x10052aa0)
HLE: ! {PPU[1] Thread (CPUThread)[0x00509034]} sys_lwmutex: *** lwmutex created [] (attribute=0x12): sq_id = 5
HLE: W {PPU[1] Thread (CPUThread)[0x00509034]} sys_lwmutex warning: sys_lwmutex_create(lwmutex_addr=0x30100050, attr_addr=0x10052aa0)
HLE: ! {PPU[1] Thread (CPUThread)[0x00509034]} sys_lwmutex: *** lwmutex created [] (attribute=0x12): sq_id = 6
HLE: W {PPU[1] Thread (CPUThread)[0x00509034]} sys_lwmutex warning: sys_lwmutex_create(lwmutex_addr=0x30100080, attr_addr=0x10052aa0)
HLE: ! {PPU[1] Thread (CPUThread)[0x00509034]} sys_lwmutex: *** lwmutex created [] (attribute=0x12): sq_id = 7
HLE: W {PPU[1] Thread (CPUThread)[0x00509034]} sys_lwmutex warning: sys_lwmutex_create(lwmutex_addr=0x301000b0, attr_addr=0x10052aa0)
HLE: ! {PPU[1] Thread (CPUThread)[0x00509034]} sys_lwmutex: *** lwmutex created [] (attribute=0x12): sq_id = 8
HLE: W {PPU[1] Thread (CPUThread)[0x00509034]} sys_lwmutex warning: sys_lwmutex_create(lwmutex_addr=0x301000e0, attr_addr=0x10052aa0)
HLE: ! {PPU[1] Thread (CPUThread)[0x00509034]} sys_lwmutex: *** lwmutex created [] (attribute=0x12): sq_id = 9
HLE: W {PPU[1] Thread (CPUThread)[0x00509034]} sys_lwmutex warning: sys_lwmutex_create(lwmutex_addr=0x30100110, attr_addr=0x10052aa0)
HLE: ! {PPU[1] Thread (CPUThread)[0x00509034]} sys_lwmutex: *** lwmutex created [] (attribute=0x12): sq_id = 10
HLE: W {PPU[1] Thread (CPUThread)[0x00509034]} sys_lwmutex warning: sys_lwmutex_create(lwmutex_addr=0x30100140, attr_addr=0x10052aa0)
HLE: ! {PPU[1] Thread (CPUThread)[0x00509034]} sys_lwmutex: *** lwmutex created [] (attribute=0x12): sq_id = 11
HLE: W {PPU[1] Thread (CPUThread)[0x00509034]} sys_lwmutex warning: sys_lwmutex_create(lwmutex_addr=0x30100170, attr_addr=0x10052aa0)
HLE: ! {PPU[1] Thread (CPUThread)[0x00509034]} sys_lwmutex: *** lwmutex created [] (attribute=0x12): sq_id = 12
HLE: W {PPU[1] Thread (CPUThread)[0x00509034]} sys_lwmutex warning: sys_lwmutex_create(lwmutex_addr=0x301001b0, attr_addr=0x10052aa0)
HLE: ! {PPU[1] Thread (CPUThread)[0x00509034]} sys_lwmutex: *** lwmutex created [] (attribute=0x12): sq_id = 13
HLE: W {PPU[1] Thread (CPUThread)[0x00509034]} sys_lwmutex warning: sys_lwmutex_create(lwmutex_addr=0x30100240, attr_addr=0x10052aa0)
HLE: ! {PPU[1] Thread (CPUThread)[0x00509034]} sys_lwmutex: *** lwmutex created [] (attribute=0x12): sq_id = 14
HLE: W {PPU[1] Thread (CPUThread)[0x00509034]} sys_lwmutex warning: sys_lwmutex_create(lwmutex_addr=0x301002e0, attr_addr=0x10052aa0)
HLE: ! {PPU[1] Thread (CPUThread)[0x00509034]} sys_lwmutex: *** lwmutex created [] (attribute=0x12): sq_id = 15
HLE: W {PPU[1] Thread (CPUThread)[0x00509034]} sys_lwmutex warning: sys_lwmutex_create(lwmutex_addr=0x30100350, attr_addr=0x10052aa0)
HLE: ! {PPU[1] Thread (CPUThread)[0x00509034]} sys_lwmutex: *** lwmutex created [] (attribute=0x12): sq_id = 16
HLE: W {PPU[1] Thread (CPUThread)[0x00509034]} sys_lwmutex warning: sys_lwmutex_create(lwmutex_addr=0x301003a0, attr_addr=0x10052aa0)
HLE: ! {PPU[1] Thread (CPUThread)[0x00509034]} sys_lwmutex: *** lwmutex created [] (attribute=0x12): sq_id = 17
HLE: W {PPU[1] Thread (CPUThread)[0x00509034]} sys_lwmutex warning: sys_lwmutex_create(lwmutex_addr=0x301003f0, attr_addr=0x10052aa0)
HLE: ! {PPU[1] Thread (CPUThread)[0x00509034]} sys_lwmutex: *** lwmutex created [] (attribute=0x12): sq_id = 18
HLE: W {PPU[1] Thread (CPUThread)[0x00509034]} sys_lwmutex warning: sys_lwmutex_create(lwmutex_addr=0x301004c0, attr_addr=0x10052aa0)
HLE: ! {PPU[1] Thread (CPUThread)[0x00509034]} sys_lwmutex: *** lwmutex created [] (attribute=0x12): sq_id = 19
HLE: W {PPU[1] Thread (CPUThread)[0x00509034]} sys_lwmutex warning: sys_lwmutex_create(lwmutex_addr=0x30100500, attr_addr=0x10052aa0)
HLE: ! {PPU[1] Thread (CPUThread)[0x00509034]} sys_lwmutex: *** lwmutex created [] (attribute=0x12): sq_id = 20
HLE: W {PPU[1] Thread (CPUThread)[0x00509034]} sys_lwmutex warning: sys_lwmutex_create(lwmutex_addr=0x30100540, attr_addr=0x10052aa0)
HLE: ! {PPU[1] Thread (CPUThread)[0x00509034]} sys_lwmutex: *** lwmutex created [] (attribute=0x12): sq_id = 21
HLE: W {PPU[1] Thread (CPUThread)[0x00509034]} sys_lwmutex warning: sys_lwmutex_create(lwmutex_addr=0x30100580, attr_addr=0x10052aa0)
HLE: ! {PPU[1] Thread (CPUThread)[0x00509034]} sys_lwmutex: *** lwmutex created [] (attribute=0x12): sq_id = 22
HLE: W {PPU[1] Thread (CPUThread)[0x00509034]} sys_lwmutex warning: sys_lwmutex_create(lwmutex_addr=0x301005c0, attr_addr=0x10052aa0)
HLE: ! {PPU[1] Thread (CPUThread)[0x00509034]} sys_lwmutex: *** lwmutex created [] (attribute=0x12): sq_id = 23
HLE: W {PPU[1] Thread (CPUThread)[0x00509034]} sys_lwmutex warning: sys_lwmutex_create(lwmutex_addr=0x30100600, attr_addr=0x10052aa0)
HLE: ! {PPU[1] Thread (CPUThread)[0x00509034]} sys_lwmutex: *** lwmutex created [] (attribute=0x12): sq_id = 24
HLE: W {PPU[1] Thread (CPUThread)[0x0038bb68]} sys_mutex warning: *** mutex created [] (protocol=0x2, recursive=false): id = 25
HLE: W {PPU[1] Thread (CPUThread)[0x00393d8c]} sys_cond warning: *** condition created [] (mutex_id=25): id = 26
HLE: W {PPU[1] Thread (CPUThread)[0x0038bb68]} sys_mutex warning: *** mutex created [] (protocol=0x2, recursive=false): id = 27
HLE: W {PPU[1] Thread (CPUThread)[0x00393d8c]} sys_cond warning: *** condition created [] (mutex_id=27): id = 28
HLE: W {PPU[1] Thread (CPUThread)[0x0038bb68]} sys_mutex warning: *** mutex created [] (protocol=0x2, recursive=false): id = 29
HLE: W {PPU[1] Thread (CPUThread)[0x00393d8c]} sys_cond warning: *** condition created [] (mutex_id=29): id = 30
HLE: W {PPU[1] Thread (CPUThread)[0x0038bb68]} sys_mutex warning: *** mutex created [] (protocol=0x2, recursive=false): id = 31
HLE: W {PPU[1] Thread (CPUThread)[0x00393d8c]} sys_cond warning: *** condition created [] (mutex_id=31): id = 32
HLE: W {PPU[1] Thread (CPUThread)[0x0038bb68]} sys_mutex warning: *** mutex created [] (protocol=0x2, recursive=false): id = 33
HLE: W {PPU[1] Thread (CPUThread)[0x00393d8c]} sys_cond warning: *** condition created [] (mutex_id=33): id = 34
HLE: W {PPU[1] Thread (CPUThread)[0x0038bb68]} sys_mutex warning: *** mutex created [] (protocol=0x2, recursive=false): id = 35
HLE: W {PPU[1] Thread (CPUThread)[0x00393d8c]} sys_cond warning: *** condition created [] (mutex_id=35): id = 36
HLE: W {PPU[1] Thread (CPUThread)[0x0038bb68]} sys_mutex warning: *** mutex created [] (protocol=0x2, recursive=false): id = 37
HLE: W {PPU[1] Thread (CPUThread)[0x00393d8c]} sys_cond warning: *** condition created [] (mutex_id=37): id = 38
HLE: W {PPU[1] Thread (CPUThread)[0x0038bb68]} sys_mutex warning: *** mutex created [] (protocol=0x2, recursive=false): id = 39
HLE: W {PPU[1] Thread (CPUThread)[0x00393d8c]} sys_cond warning: *** condition created [] (mutex_id=39): id = 40
HLE: W {PPU[1] Thread (CPUThread)[0x0038bb68]} sys_mutex warning: *** mutex created [] (protocol=0x2, recursive=false): id = 41
HLE: W {PPU[1] Thread (CPUThread)[0x0038bb68]} sys_mutex warning: *** mutex created [] (protocol=0x2, recursive=false): id = 42
HLE: W {PPU[1] Thread (CPUThread)[0x0038bb68]} sys_mutex warning: *** mutex created [] (protocol=0x2, recursive=false): id = 43
HLE: W {PPU[1] Thread (CPUThread)[0x0038bb68]} sys_mutex warning: *** mutex created [] (protocol=0x2, recursive=false): id = 44
HLE: W {PPU[1] Thread (CPUThread)[0x0038bb68]} sys_mutex warning: *** mutex created [] (protocol=0x2, recursive=false): id = 45
HLE: W {PPU[1] Thread (CPUThread)[0x0038bb68]} sys_mutex warning: *** mutex created [] (protocol=0x2, recursive=false): id = 46
HLE: W {PPU[1] Thread (CPUThread)[0x0038bb68]} sys_mutex warning: *** mutex created [] (protocol=0x2, recursive=false): id = 47
HLE: W {PPU[1] Thread (CPUThread)[0x0038bb68]} sys_mutex warning: *** mutex created [] (protocol=0x2, recursive=false): id = 48
HLE: W {PPU[1] Thread (CPUThread)[0x004f70ac]} cellSysutil warning: cellSysutilGetSystemParamString: CELL_SYSUTIL_SYSTEMPARAM_ID_CURRENT_USERNAME
HLE: W {PPU[1] Thread (CPUThread)[0x00037eb0]} sys_mutex warning: *** mutex created [] (protocol=0x2, recursive=false): id = 49
HLE: W {PPU[1] Thread (CPUThread)[0x00507010]} cellSysmodule warning: cellSysmoduleLoadModule(CELL_SYSMODULE_L10N)
HLE: W {PPU[1] Thread (CPUThread)[0x00507010]} cellSysmodule warning: cellSysmoduleLoadModule(CELL_SYSMODULE_FONT)
HLE: W {PPU[1] Thread (CPUThread)[0x00507010]} cellSysmodule warning: cellSysmoduleLoadModule(CELL_SYSMODULE_FREETYPE)
HLE: W {PPU[1] Thread (CPUThread)[0x00507010]} cellSysmodule warning: cellSysmoduleLoadModule(CELL_SYSMODULE_FONTFT)
HLE: W {PPU[1] Thread (CPUThread)[0x00507010]} cellSysmodule warning: cellSysmoduleLoadModule(CELL_SYSMODULE_USBD)
HLE: W {PPU[1] Thread (CPUThread)[0x00507010]} cellSysmodule warning: cellSysmoduleLoadModule(CELL_SYSMODULE_RTC)
HLE: W {PPU[1] Thread (CPUThread)[0x00507010]} cellSysmodule warning: cellSysmoduleLoadModule(CELL_SYSMODULE_NET)
HLE: W {PPU[1] Thread (CPUThread)[0x00507010]} cellSysmodule warning: cellSysmoduleLoadModule(CELL_SYSMODULE_SYSUTIL_NP)
HLE: W {PPU[1] Thread (CPUThread)[0x00507010]} cellSysmodule warning: cellSysmoduleLoadModule(CELL_SYSMODULE_RESC)
HLE: E {PPU[1] Thread (CPUThread)[0x004f70dc]} TODO: cellDiscGameGetBootDiscInfo
HLE: W {PPU[1] Thread (CPUThread)[0x004f101c]} sys_io warning: cellPadInit(max_connect=2)
HLE: E {PPU[1] Thread (CPUThread)[0x004eb070]} TODO: cellUsbdInit
TTY: 
TTY: 
TTY: liblgFF library version 0.93.000 (built on Sep 20 2006 at 14:32:03)
TTY: 
HLE: E {PPU[1] Thread (CPUThread)[0x005090a0]} TODO: sys_mempool_create
HLE: E {PPU[1] Thread (CPUThread)[0x005090a0]} TODO: sys_mempool_create
HLE: E {PPU[1] Thread (CPUThread)[0x005090a0]} TODO: sys_mempool_create
HLE: E {PPU[1] Thread (CPUThread)[0x005090a0]} TODO: sys_mempool_create
HLE: W {PPU[1] Thread (CPUThread)[0x003a0504]} sys_semaphore warning: sys_semaphore_create(sem_addr=0x1065a5a4, attr_addr=0xd000f3d0, initial_count=1, max_count=1)
HLE: ! {PPU[1] Thread (CPUThread)[0x003a0504]} sys_semaphore: *** semaphore created [] (protocol=0x2): id = 50
HLE: W {PPU[1] Thread (CPUThread)[0x003a056c]} sys_semaphore warning: sys_semaphore_create(sem_addr=0x1065a5a8, attr_addr=0xd000f3d0, initial_count=1, max_count=1)
HLE: ! {PPU[1] Thread (CPUThread)[0x003a056c]} sys_semaphore: *** semaphore created [] (protocol=0x2): id = 51
HLE: W {PPU[1] Thread (CPUThread)[0x003a060c]} sys_semaphore warning: sys_semaphore_create(sem_addr=0x1065a5c4, attr_addr=0xd000f3d0, initial_count=1, max_count=1)
HLE: ! {PPU[1] Thread (CPUThread)[0x003a060c]} sys_semaphore: *** semaphore created [] (protocol=0x2): id = 52
HLE: W {PPU[1] Thread (CPUThread)[0x003a0640]} sys_event warning: sys_event_queue_create(equeue_id_addr=0x1065a59c, attr_addr=0xd000f3c0, event_queue_key=0x0, size=40)
HLE: W {PPU[1] Thread (CPUThread)[0x003a0640]} sys_event warning: *** event_queue created [] (protocol=0x2, type=0x1, key=0x0, size=0x28): id = 53
HLE: W {PPU[1] Thread (CPUThread)[0x003a0664]} sys_event warning: sys_event_port_create(eport_id_addr=0x1065a5a0, port_type=0x1, name=0x4c444556)
HLE: W {PPU[1] Thread (CPUThread)[0x003a0664]} sys_event warning: *** sys_event_port created: id = 54
HLE: W {PPU[1] Thread (CPUThread)[0x003a0684]} sys_event warning: sys_event_port_connect_local(eport_id=54, equeue_id=53)
HLE: W {PPU[1] Thread (CPUThread)[0x003a069c]} sys_timer warning: sys_timer_create(timer_id_addr=0x1065a598)
HLE: W {PPU[1] Thread (CPUThread)[0x003a06c4]} sys_timer warning: sys_timer_connect_event_queue(timer_id=55, queue_id=53, name=0, data1=5, data2=8000)
TTY: sys_timer_connect_event_queue failed: 80010005
HLE: W {PPU[1] Thread (CPUThread)[0x003a0284]} sys_semaphore warning: sys_semaphore_destroy(sem_id=50)
HLE: W {PPU[1] Thread (CPUThread)[0x003a0284]} sys_semaphore warning: sys_semaphore_destroy(sem_id=51)
HLE: E {PPU[1] Thread (CPUThread)[0x003a02bc]} sys_timer TODO: sys_timer_stop()
HLE: E {PPU[1] Thread (CPUThread)[0x003a02c8]} sys_timer TODO: sys_timer_disconnect_event_queue(timer_id=55)
HLE: E {PPU[1] Thread (CPUThread)[0x003a02e0]} sys_timer TODO: sys_timer_destroy(timer_id=55)
HLE: W {PPU[1] Thread (CPUThread)[0x003a0328]} sys_event warning: sys_event_port_disconnect(eport_id=54)
HLE: W {PPU[1] Thread (CPUThread)[0x003a0334]} sys_event warning: sys_event_port_destroy(eport_id=54)
HLE: E {PPU[1] Thread (CPUThread)[0x003a0358]} sys_event TODO: sys_event_queue_destroy(equeue_id=53, mode=0x0)
HLE: W {PPU[1] Thread (CPUThread)[0x003a0384]} sys_semaphore warning: sys_semaphore_destroy(sem_id=52)
HLE: W {PPU[1] Thread (CPUThread)[0x00493010]} cellGcmSys warning: _cellGcmInitBody(context_addr=0x10655120, cmdSize=0x10000, ioSize=0x3100000, ioAddress=0x30200000)
HLE: W {PPU[1] Thread (CPUThread)[0x00493010]} cellGcmSys warning: *** local memory(addr=0xc0000000, size=0xf900000)
HLE: W {PPU[1] Thread (CPUThread)[0x00493010]} cellGcmSys warning: cellGcmInit(): 256MB io address space used
HLE: W {PPU[1] Thread (CPUThread)[0x00493010]} cellGcmSys warning: cellGcmMapEaIoAddress(ea=0x30200000, io=0x0, size=0x3100000)
RSX: ! {RSXThread} RSX thread started
HLE: W {PPU[1] Thread (CPUThread)[0x004f7088]} cellSysutil warning: cellVideoOutGetNumberOfDevice(videoOut=0)
HLE: W {PPU[1] Thread (CPUThread)[0x004f7028]} cellSysutil warning: cellVideoOutGetDeviceInfo(videoOut=0, deviceIndex=0, info_addr=0xd000f150)
HLE: W {PPU[1] Thread (CPUThread)[0x004f70c4]} cellSysutil warning: cellVideoOutGetResolutionAvailability(videoOut=0, resolutionId=0x4, option_addr=0x1, aspect=0x0, option=0xd5c50e50)
HLE: W {PPU[1] Thread (CPUThread)[0x004f7010]} cellSysutil warning: cellVideoOutConfigure(videoOut=0, config_addr=0xd000f1d4, option_addr=0x0, waitForEvent=0x0)
HLE: W {PPU[1] Thread (CPUThread)[0x00493034]} cellGcmSys warning: cellGcmSetFlipMode(mode=2)
HLE: W {PPU[1] Thread (CPUThread)[0x0049307c]} cellGcmSys warning: cellGcmSetTile(index=1, location=0, offset=0, size=8912896, pitch=8192, comp=0, base=0, bank=0)
HLE: W {PPU[1] Thread (CPUThread)[0x0049307c]} cellGcmSys warning: cellGcmSetTile(index=2, location=1, offset=65536, size=8912896, pitch=8192, comp=0, base=136, bank=0)
HLE: W {PPU[1] Thread (CPUThread)[0x0049307c]} cellGcmSys warning: cellGcmSetTile(index=3, location=0, offset=8912896, size=8912896, pitch=8192, comp=0, base=272, bank=0)
HLE: W {PPU[1] Thread (CPUThread)[0x0049307c]} cellGcmSys warning: cellGcmSetTile(index=0, location=0, offset=17825792, size=8912896, pitch=8192, comp=10, base=408, bank=1)
HLE: E {PPU[1] Thread (CPUThread)[0x0049307c]} cellGcmSys error: cellGcmSetTile: bad compression mode! (10)
HLE: W {PPU[1] Thread (CPUThread)[0x0049307c]} cellGcmSys warning: cellGcmSetTile(index=5, location=0, offset=26804224, size=131072, pitch=1024, comp=0, base=544, bank=0)
HLE: W {PPU[1] Thread (CPUThread)[0x0049307c]} cellGcmSys warning: cellGcmSetTile(index=6, location=0, offset=27000832, size=262144, pitch=2048, comp=0, base=546, bank=0)
HLE: W {PPU[1] Thread (CPUThread)[0x0049307c]} cellGcmSys warning: cellGcmSetTile(index=7, location=0, offset=27262976, size=262144, pitch=2048, comp=0, base=550, bank=0)
HLE: W {PPU[1] Thread (CPUThread)[0x0049307c]} cellGcmSys warning: cellGcmSetTile(index=8, location=0, offset=27525120, size=65536, pitch=512, comp=0, base=554, bank=0)
HLE: W {PPU[1] Thread (CPUThread)[0x0049307c]} cellGcmSys warning: cellGcmSetTile(index=9, location=0, offset=27590656, size=1572864, pitch=1024, comp=0, base=555, bank=0)
HLE: E {PPU[1] Thread (CPUThread)[0x00493088]} cellGcmSys TODO: cellGcmSetZcull(index=0, offset=0x1100000, width=1920, height=1088, cullStart=0x0, zFormat=0x2, aaFormat=0x0, zCullDir=0x0, zCullFormat=0x1, sFunc=0x0, sRef=0x80, sMask=0xff)
RSX: W {RSXThread} TODO: NV4097_SET_WINDOW_OFFSET: x=0, y=0
HLE: W {PPU[1] Thread (CPUThread)[0x000c1a5c]} sys_mutex warning: *** mutex created [] (protocol=0x2, recursive=false): id = 56
HLE: W {PPU[1] Thread (CPUThread)[0x0049d0c4]} cellFont warning: cellFontInitializeWithRevision(revisionFlags=0x5, config=0xd000f218)
HLE: W {PPU[1] Thread (CPUThread)[0x0049f004]} cellFontFT warning: cellFontInitLibraryFreeTypeWithRevision(revisionFlags=0x5, config_addr=0xd000f240, lib_addr_addr=0x1055da50
HLE: W {PPU[1] Thread (CPUThread)[0x0049d004]} cellFont warning: cellFontCreateRenderer(library_addr=0x30016000, config_addr=0xd000f22c, Renderer_addr=0x1055d950)
HLE: W {PPU[1] Thread (CPUThread)[0x002d215c]} sys_semaphore warning: sys_semaphore_create(sem_addr=0x1055d948, attr_addr=0xd000f258, initial_count=0, max_count=1)
HLE: ! {PPU[1] Thread (CPUThread)[0x002d215c]} sys_semaphore: *** semaphore created [] (protocol=0x2): id = 57
HLE: ! {PPU[1] Thread (CPUThread)[0x00509028]} sys_ppu_thread: *** New PPU Thread [TTFontRender Thread] (joinable, entry=0x4dd2a8): id = 58
HLE: W {PPU[1] Thread (CPUThread)[0x0049d094]} cellFont warning: cellFontOpenFontset: fontType->type = 16842752 not supported yet. RD-R-LATIN.TTF will be used instead.
HLE: W {PPU[1] Thread (CPUThread)[0x0049d094]} cellFont warning: cellFontOpenFontFile(library_addr=0x30016000, fontPath="/dev_flash/data/font/SCE-PS3-RD-R-LATIN.TTF", subNum=0, uniqueId=0, font_addr=0x1055da54)
HLE: W {PPU[1] Thread (CPUThread)[0x0049d094]} cellFont warning: cellFontOpenFontMemory(library_addr=0x30016000, fontAddr=0x30018000, fontSize=38388, subNum=0, uniqueId=0, font_addr=0x1055da54)
HLE: W {PPU[1] Thread (CPUThread)[0x0049d04c]} cellFont warning: cellFontBindRenderer(font_addr=0x1055da54, renderer_addr=0x1055d950)
HLE: W {PPU[1] Thread (CPUThread)[0x000bdd50]} sys_semaphore warning: sys_semaphore_create(sem_addr=0x104a0cf0, attr_addr=0xd000f3b0, initial_count=0, max_count=1)
HLE: ! {PPU[1] Thread (CPUThread)[0x000bdd50]} sys_semaphore: *** semaphore created [] (protocol=0x2): id = 59
HLE: W {PPU[1] Thread (CPUThread)[0x000bdd6c]} sys_semaphore warning: sys_semaphore_create(sem_addr=0x104a0cec, attr_addr=0xd000f3b0, initial_count=0, max_count=1)
HLE: ! {PPU[1] Thread (CPUThread)[0x000bdd6c]} sys_semaphore: *** semaphore created [] (protocol=0x2): id = 60
HLE: ! {PPU[1] Thread (CPUThread)[0x00509028]} sys_ppu_thread: *** New PPU Thread [Draw Thread] (joinable, entry=0x4d00d0): id = 61
HLE: W {PPU[1] Thread (CPUThread)[0x000bddb8]} sys_semaphore warning: sys_semaphore_create(sem_addr=0x104a0cf4, attr_addr=0xd000f3b0, initial_count=0, max_count=1)
HLE: ! {PPU[1] Thread (CPUThread)[0x000bddb8]} sys_semaphore: *** semaphore created [] (protocol=0x2): id = 62
HLE: W {PPU[1] Thread (CPUThread)[0x00493064]} cellGcmSys warning: cellGcmSetVBlankHandler(handler_addr=0x4d00c0)
HLE: W {PPU[1] Thread (CPUThread)[0x0011e230]} sys_spu warning: sys_spu_initialize(max_usable_spu=6, max_raw_spu=0)
HLE: W {PPU[1] Thread (CPUThread)[0x004f5064]} cellSpurs warning: cellSpursInitialize(spurs_addr=0x301c5480, nSpus=4, spuPriority=250, ppuPriority=78, exitIfNoWork=1)
HLE: ! {PPU[1] Thread (CPUThread)[0x004f5064]} sys_semaphore: *** semaphore created [_spuWkl] (protocol=0x2): id = 63
HLE: ! {PPU[1] Thread (CPUThread)[0x004f5064]} sys_semaphore: *** semaphore created [_spuWkl] (protocol=0x2): id = 64
HLE: ! {PPU[1] Thread (CPUThread)[0x004f5064]} sys_semaphore: *** semaphore created [_spuWkl] (protocol=0x2): id = 65
HLE: ! {PPU[1] Thread (CPUThread)[0x004f5064]} sys_semaphore: *** semaphore created [_spuWkl] (protocol=0x2): id = 66
HLE: ! {PPU[1] Thread (CPUThread)[0x004f5064]} sys_semaphore: *** semaphore created [_spuWkl] (protocol=0x2): id = 67
HLE: ! {PPU[1] Thread (CPUThread)[0x004f5064]} sys_semaphore: *** semaphore created [_spuWkl] (protocol=0x2): id = 68
HLE: ! {PPU[1] Thread (CPUThread)[0x004f5064]} sys_semaphore: *** semaphore created [_spuWkl] (protocol=0x2): id = 69
HLE: ! {PPU[1] Thread (CPUThread)[0x004f5064]} sys_semaphore: *** semaphore created [_spuWkl] (protocol=0x2): id = 70
HLE: ! {PPU[1] Thread (CPUThread)[0x004f5064]} sys_semaphore: *** semaphore created [_spuWkl] (protocol=0x2): id = 71
HLE: ! {PPU[1] Thread (CPUThread)[0x004f5064]} sys_semaphore: *** semaphore created [_spuWkl] (protocol=0x2): id = 72
HLE: ! {PPU[1] Thread (CPUThread)[0x004f5064]} sys_semaphore: *** semaphore created [_spuWkl] (protocol=0x2): id = 73
HLE: ! {PPU[1] Thread (CPUThread)[0x004f5064]} sys_semaphore: *** semaphore created [_spuWkl] (protocol=0x2): id = 74
HLE: ! {PPU[1] Thread (CPUThread)[0x004f5064]} sys_semaphore: *** semaphore created [_spuWkl] (protocol=0x2): id = 75
HLE: ! {PPU[1] Thread (CPUThread)[0x004f5064]} sys_semaphore: *** semaphore created [_spuWkl] (protocol=0x2): id = 76
HLE: ! {PPU[1] Thread (CPUThread)[0x004f5064]} sys_semaphore: *** semaphore created [_spuWkl] (protocol=0x2): id = 77
HLE: ! {PPU[1] Thread (CPUThread)[0x004f5064]} sys_semaphore: *** semaphore created [_spuWkl] (protocol=0x2): id = 78
HLE: ! {PPU[1] Thread (CPUThread)[0x004f5064]} sys_semaphore: *** semaphore created [_spuPrv] (protocol=0x2): id = 79
HLE: ! {PPU[1] Thread (CPUThread)[0x004f5064]} sys_spu: *** SPU Thread Group created [CellSpursKernelGroup] (num=4, prio=250, type=0x0, container=0): id=80
HLE: E {PPU[1] Thread (CPUThread)[0x004f5064]} sys_spu TODO: Unsupported SPU Thread options (0x2)
HLE: W {PPU[1] Thread (CPUThread)[0x004f5064]} sys_spu warning: *** New SPU Thread [CellSpursKernel0] (ep=0x0, opt=0x2, a1=0x0, a2=0x0, a3=0x0, a4=0x0): id=81
HLE: E {PPU[1] Thread (CPUThread)[0x004f5064]} sys_spu TODO: Unsupported SPU Thread options (0x2)
HLE: W {PPU[1] Thread (CPUThread)[0x004f5064]} sys_spu warning: *** New SPU Thread [CellSpursKernel1] (ep=0x0, opt=0x2, a1=0x0, a2=0x0, a3=0x0, a4=0x0): id=82
HLE: E {PPU[1] Thread (CPUThread)[0x004f5064]} sys_spu TODO: Unsupported SPU Thread options (0x2)
HLE: W {PPU[1] Thread (CPUThread)[0x004f5064]} sys_spu warning: *** New SPU Thread [CellSpursKernel2] (ep=0x0, opt=0x2, a1=0x0, a2=0x0, a3=0x0, a4=0x0): id=83
HLE: E {PPU[1] Thread (CPUThread)[0x004f5064]} sys_spu TODO: Unsupported SPU Thread options (0x2)
HLE: W {PPU[1] Thread (CPUThread)[0x004f5064]} sys_spu warning: *** New SPU Thread [CellSpursKernel3] (ep=0x0, opt=0x2, a1=0x0, a2=0x0, a3=0x0, a4=0x0): id=84
HLE: ! {PPU[1] Thread (CPUThread)[0x004f5064]} sys_lwmutex: *** lwmutex created [_spuPrv] (attribute=0x22): sq_id = 85
HLE: W {PPU[1] Thread (CPUThread)[0x004f5064]} sys_lwcond warning: *** lwcond created [_spuPrv] (lwmutex_addr=0x301c6230): id = 86
HLE: W {PPU[1] Thread (CPUThread)[0x004f5064]} sys_event warning: *** event_queue created [_spuPrv] (protocol=0x1, type=0x1, key=0x0, size=0x2a): id = 87
HLE: W {PPU[1] Thread (CPUThread)[0x004f5064]} sys_spu warning: sys_spu_thread_group_connect_event_all_threads(id=80, eq_id=87, req=0xffffffffffff0000, spup_addr=0x301c5549)
HLE: W {PPU[1] Thread (CPUThread)[0x004f5064]} sys_spu warning: *** spup -> 16
HLE: W {PPU[1] Thread (CPUThread)[0x004f5064]} sys_event warning: *** sys_event_port created: id = 88
HLE: W {PPU[1] Thread (CPUThread)[0x004f5064]} sys_event warning: sys_event_port_connect_local(eport_id=88, equeue_id=87)
HLE: ! {PPU[1] Thread (CPUThread)[0x004f5064]} sys_ppu_thread: *** New PPU Thread [SpursHdlr0] (joinable, entry=0x0): id = 89
HLE: ! {PPU[1] Thread (CPUThread)[0x004f5064]} sys_ppu_thread: *** New PPU Thread [SpursHdlr1] (joinable, entry=0x0): id = 90
HLE: E {PPU[1] Thread (CPUThread)[0x004f5064]} sys_spu TODO: sys_spu_thread_group_connect_event(id=80, eq=87, et=0x2)
HLE: W {PPU[1] Thread (CPUThread)[0x002e190c]} sys_event warning: sys_event_queue_create(equeue_id_addr=0x1061dbc0, attr_addr=0xd000f394, event_queue_key=0x0, size=8)
HLE: W {PPU[1] Thread (CPUThread)[0x002e190c]} sys_event warning: *** event_queue created [] (protocol=0x2, type=0x1, key=0x0, size=0x8): id = 91
HLE: ! {PPU[1] Thread (CPUThread)[0x00509028]} sys_ppu_thread: *** New PPU Thread [spu_printf_handler] (joinable, entry=0x4dd9c8): id = 92
HLE: W {PPU[1] Thread (CPUThread)[0x002e19a4]} sys_event warning: sys_event_port_create(eport_id_addr=0x1061dbd0, port_type=0x1, name=0xfee1dead)
HLE: W {PPU[1] Thread (CPUThread)[0x002e19a4]} sys_event warning: *** sys_event_port created: id = 93
HLE: W {PPU[1] Thread (CPUThread)[0x002e19c0]} sys_event warning: sys_event_port_connect_local(eport_id=93, equeue_id=91)
HLE: W {PPU[1] Thread (CPUThread)[0x004f5070]} cellSpurs warning: cellSpursAttachLv2EventQueue(spurs_addr=0x301c5480, queue=91, port_addr=0xd000f390, isDynamic=0)
HLE: W {PPU[1] Thread (CPUThread)[0x004f5070]} sys_spu warning: sys_spu_thread_group_connect_event_all_threads(id=80, eq_id=91, req=0x2, spup_addr=0xd000f390)
HLE: W {PPU[1] Thread (CPUThread)[0x004f5070]} sys_spu warning: *** spup -> 1
HLE: W {PPU[1] Thread (CPUThread)[0x004f5028]} cellSpurs warning: cellSpursCreateTaskset(spurs_addr=0x301c5480, taskset_addr=0x301c6500, args=0x301c6500, priority_addr=0x301c53cc, maxContention=4)
HLE: W {PPU[1] Thread (CPUThread)[0x004f5028]} cellSpurs warning: cellSpursCreateTaskset(spurs_addr=0x301c5480, taskset_addr=0x301c7e80, args=0x301c7e80, priority_addr=0x301c53e4, maxContention=4)
HLE: W {PPU[1] Thread (CPUThread)[0x004f5028]} cellSpurs warning: cellSpursCreateTaskset(spurs_addr=0x301c5480, taskset_addr=0x301c9800, args=0x301c9800, priority_addr=0x301c53fc, maxContention=4)
HLE: W {PPU[1] Thread (CPUThread)[0x004f5028]} cellSpurs warning: cellSpursCreateTaskset(spurs_addr=0x301c5480, taskset_addr=0x301cb180, args=0x301cb180, priority_addr=0x301c5414, maxContention=4)
HLE: W {PPU[1] Thread (CPUThread)[0x00012774]} sys_semaphore warning: sys_semaphore_create(sem_addr=0x10295764, attr_addr=0xd000f4b0, initial_count=0, max_count=1)
HLE: ! {PPU[1] Thread (CPUThread)[0x00012774]} sys_semaphore: *** semaphore created [] (protocol=0x2): id = 94
HLE: W {PPU[1] Thread (CPUThread)[0x000127a8]} sys_mutex warning: *** mutex created [] (protocol=0x2, recursive=false): id = 95
HLE: ! {PPU[1] Thread (CPUThread)[0x00509028]} sys_ppu_thread: *** New PPU Thread [File Thread] (joinable, entry=0x4cb6f0): id = 96
HLE: W {PPU[1] Thread (CPUThread)[0x004f7058]} cellSysutil warning: cellSysutilGetSystemParamInt: CELL_SYSUTIL_SYSTEMPARAM_ID_LANG
HLE: W {PPU[1] Thread (CPUThread)[0x004f7058]} cellSysutil warning: cellSysutilGetSystemParamInt: CELL_SYSUTIL_SYSTEMPARAM_ID_ENTER_BUTTON_ASSIGN
HLE: W {PPU[1] Thread (CPUThread)[0x004f7058]} cellSysutil warning: cellSysutilGetSystemParamInt: CELL_SYSUTIL_SYSTEMPARAM_ID_DATE_FORMAT
HLE: W {PPU[1] Thread (CPUThread)[0x004f7058]} cellSysutil warning: cellSysutilGetSystemParamInt: CELL_SYSUTIL_SYSTEMPARAM_ID_TIME_FORMAT
HLE: W {PPU[1] Thread (CPUThread)[0x004f7058]} cellSysutil warning: cellSysutilGetSystemParamInt: CELL_SYSUTIL_SYSTEMPARAM_ID_GAME_PARENTAL_LEVEL
HLE: ! {PPU[1] Thread (CPUThread)[0x00509028]} sys_ppu_thread: *** New PPU Thread [sample_game_data] (non-joinable, entry=0x4cbb28): id = 97
TTY: System warning: no callback registered
HLE: W {PPU[97] Thread (sample_game_data)[0x0001ac2c]} sys_memory warning: sys_memory_container_create(cid_addr=0x102b23f8, yield_size=0x300000)
TTY: System warning: no callback registered
TTY: System warning: no callback registered
TTY: System warning: no callback registered
TTY: System warning: no callback registered
TTY: System warning: no callback registered
TTY: System warning: no callback registered
TTY: System warning: no callback registered
TTY: System warning: no callback registered
TTY: System warning: no callback registered
TTY: System warning: no callback registered
TTY: System warning: no callback registered
TTY: System warning: no callback registered
TTY: System warning: no callback registered
TTY: System warning: no callback registered
TTY: System warning: no callback registered
TTY: System warning: no callback registered
TTY: System warning: no callback registered
TTY: System warning: no callback registered
TTY: System warning: no callback registered
TTY: System warning: no callback registered
TTY: System warning: no callback registered
TTY: System warning: no callback registered
TTY: System warning: no callback registered
TTY: System warning: no callback registered
TTY: System warning: no callback registered
TTY: System warning: no callback registered
TTY: System warning: no callback registered
TTY: System warning: no callback registered
TTY: System warning: no callback registered
TTY: System warning: no callback registered
TTY: System warning: no callback registered
TTY: System warning: no callback registered
TTY: System warning: no callback registered
TTY: System warning: no callback registered
TTY: System warning: no callback registered
TTY: System warning: no callback registered
TTY: System warning: no callback registered
TTY: System warning: no callback registered
TTY: System warning: no callback registered
TTY: System warning: no callback registered
TTY: System warning: no callback registered
TTY: System warning: no callback registered
TTY: System warning: no callback registered
TTY: System warning: no callback registered
TTY: System warning: no callback registered
TTY: System warning: no callback registered
TTY: System warning: no callback registered
TTY: System warning: no callback registered
TTY: System warning: no callback registered
TTY: System warning: no callback registered
TTY: System warning: no callback registered
TTY: System warning: no callback registered
TTY: System warning: no callback registered
HLE: W {PPU[97] Thread (sample_game_data)[0x0001ac2c]} sys_memory warning: *** memory_container created(addr=0x33900000): id = 98
TTY: System warning: no callback registered
TTY: System warning: no callback registered
HLE: W {PPU[97] Thread (sample_game_data)[0x004f7100]} cellGame warning: cellGameDataCheckCreate(2)(version=0x0, dirName_addr=0x102af8e8, errDialog=0x0, funcStat_addr=0x4cba88, container=98)
TTY: System warning: no callback registered
TTY: System warning: no callback registered
TTY: System warning: no callback registered
TTY: System warning: no callback registered
TTY: System warning: no callback registered
TTY: System warning: no callback registered
TTY: System warning: no callback registered
TTY: System warning: no callback registered
TTY: System warning: no callback registered
TTY: System warning: no callback registered
TTY: System warning: no callback registered
TTY: System warning: no callback registered
TTY: System warning: no callback registered
TTY: System warning: no callback registered
TTY: System warning: no callback registered
TTY: System warning: no callback registered
TTY: System warning: no callback registered
TTY: System warning: no callback registered
HLE: E {PPU[97] Thread (sample_game_data)[0x004f7100]} cellGame TODO: cellGameDataCheckCreate(2)(): creating directory '/dev_hdd0/game/BLJS10001'
TTY: System warning: no callback registered
HLE: W {PPU[97] Thread (sample_game_data)[0x0001ac74]} sys_memory warning: sys_memory_container_destroy(cid=98)
TTY: System warning: no callback registered
TTY: System warning: no callback registered
TTY: System warning: no callback registered
TTY: System warning: no callback registered
TTY: System warning: no callback registered
TTY: System warning: no callback registered
TTY: System warning: no callback registered
TTY: System warning: no callback registered
HLE: W {PPU[96] Thread (File Thread)[0x004f3010]} sys_fs warning: cellFsOpendir(path="/", fd_addr=0xd00bf350)
HLE: W {PPU[96] Thread (File Thread)[0x004f3028]} sys_fs warning: cellFsReaddir(fd=99, dir_addr=0xd00bfc08, nread_addr=0xd00bfc00)
HLE: W {PPU[96] Thread (File Thread)[0x004f3028]} sys_fs warning: cellFsReaddir(fd=99, dir_addr=0xd00bfc08, nread_addr=0xd00bfc00)
HLE: W {PPU[96] Thread (File Thread)[0x004f3028]} sys_fs warning: cellFsReaddir(fd=99, dir_addr=0xd00bfc08, nread_addr=0xd00bfc00)
HLE: W {PPU[96] Thread (File Thread)[0x004f3028]} sys_fs warning: cellFsReaddir(fd=99, dir_addr=0xd00bfc08, nread_addr=0xd00bfc00)
HLE: W {PPU[96] Thread (File Thread)[0x004f3028]} sys_fs warning: cellFsReaddir(fd=99, dir_addr=0xd00bfc08, nread_addr=0xd00bfc00)
HLE: W {PPU[96] Thread (File Thread)[0x004f3028]} sys_fs warning: cellFsReaddir(fd=99, dir_addr=0xd00bfc08, nread_addr=0xd00bfc00)
HLE: W {PPU[96] Thread (File Thread)[0x004f3070]} sys_fs warning: cellFsClosedir(fd=99)
HLE: ! {PPU[1] Thread (CPUThread)[0x004f3034]} sys_fs: "/RR7.DAT" opened: fd = 100
HLE: W {PPU[1] Thread (CPUThread)[0x004f3064]} sys_fs warning: cellFsFstat(fd=100, sb_addr=0xd000f2a0)
HLE: W {PPU[1] Thread (CPUThread)[0x004ef004]} sys_net warning: sys_net_initialize_network_ex(param_addr=0xd000e5a0)
HLE: W {PPU[1] Thread (CPUThread)[0x004ed028]} cellNetCtl warning: cellNetCtlInit()
HLE: W {PPU[1] Thread (CPUThread)[0x00499190]} sceNp warning: sceNpInit(mem_size=0x20000, mem_addr=0x10447ef0)
HLE: W {PPU[1] Thread (CPUThread)[0x00507010]} cellSysmodule warning: cellSysmoduleLoadModule(CELL_SYSMODULE_AUDIO)
HLE: W {PPU[1] Thread (CPUThread)[0x00507010]} cellSysmodule warning: cellSysmoduleLoadModule(CELL_SYSMODULE_ATRAC3PLUS)
HLE: W {PPU[1] Thread (CPUThread)[0x004f70e8]} cellSysutil warning: cellAudioOutGetSoundAvailability(audioOut=0, type=0, fs=0x4, option=0)
HLE: W {PPU[1] Thread (CPUThread)[0x004f70e8]} cellSysutil warning: cellAudioOutGetSoundAvailability(audioOut=0, type=1, fs=0x4, option=0)
HLE: W {PPU[1] Thread (CPUThread)[0x004f7070]} cellSysutil warning: cellAudioOutConfigure(audioOut=0, config_addr=0xd000e9b8, option_addr=0x0, waitForEvent=0)
HLE: W {PPU[1] Thread (CPUThread)[0x004fb004]} cellAudio warning: cellAudioInit()
HLE: ! {Audio Thread} cellAudio: Audio thread started
HLE: W {PPU[1] Thread (CPUThread)[0x004fb058]} cellAudio warning: cellAudioPortOpen(audioParam_addr=0xd000ea08, portNum_addr=0x10654a84)
HLE: W {PPU[1] Thread (CPUThread)[0x004fb058]} cellAudio warning: *** audio port opened(nChannel=8, nBlock=8, attr=0x0, level=1.000000): port = 0
HLE: W {PPU[1] Thread (CPUThread)[0x004fb034]} cellAudio warning: cellAudioGetPortConfig(portNum=0x0, portConfig_addr=0xd000e9e8)
HLE: W {PPU[1] Thread (CPUThread)[0x00396f28]} sys_event warning: sys_event_queue_create(equeue_id_addr=0x10654a90, attr_addr=0xd000e9c8, event_queue_key=0x6e754149, size=4)
HLE: W {PPU[1] Thread (CPUThread)[0x00396f28]} sys_event warning: *** event_queue created [] (protocol=0x1, type=0x1, key=0x6e754149, size=0x4): id = 101
HLE: W {PPU[1] Thread (CPUThread)[0x004fb010]} cellAudio warning: cellAudioSetNotifyEventQueue(key=0x6e754149)
HLE: W {PPU[1] Thread (CPUThread)[0x00396f68]} sys_spu warning: sys_spu_thread_group_create(id_addr=0x10654aa8, num=1, prio=16, attr_addr=0xd000e990)
HLE: ! {PPU[1] Thread (CPUThread)[0x00396f68]} sys_spu: *** SPU Thread Group created [bnusCore] (num=1, prio=16, type=0x0, container=0): id=102
HLE: W {PPU[1] Thread (CPUThread)[0x005090c4]} sysPrxForUser warning: sys_spu_image_import(img=0xd000e9a8, src=0x10136980, type=1)
LDR: W {PPU[1] Thread (CPUThread)[0x005090c4]} desc = 'bnusCoreSpu.elf'
HLE: W {PPU[1] Thread (CPUThread)[0x00396fe4]} sys_spu warning: sys_spu_thread_initialize(thread_addr=0x10654aa4, group=0x66, spu_num=1, img_addr=0xd000e9a8, attr_addr=0xd000e99c, arg_addr=0xd000ea28)
HLE: W {PPU[1] Thread (CPUThread)[0x00396fe4]} sys_spu warning: *** New SPU Thread [bnusCoreMain] (ep=0x90, opt=0x0, a1=0x6e754153, a2=0x7, a3=0x10654b00, a4=0x0): id=103
HLE: W {PPU[1] Thread (CPUThread)[0x0039d600]} sys_event warning: sys_event_queue_create(equeue_id_addr=0x301c5448, attr_addr=0xd000e900, event_queue_key=0x0, size=127)
HLE: W {PPU[1] Thread (CPUThread)[0x0039d600]} sys_event warning: *** event_queue created [] (protocol=0x2, type=0x1, key=0x0, size=0x7f): id = 104
HLE: W {PPU[1] Thread (CPUThread)[0x0039d618]} sys_event warning: sys_event_port_create(eport_id_addr=0x301c544c, port_type=0x1, name=0x0)
HLE: W {PPU[1] Thread (CPUThread)[0x0039d618]} sys_event warning: *** sys_event_port created: id = 105
HLE: W {PPU[1] Thread (CPUThread)[0x0039d628]} sys_event warning: sys_event_port_connect_local(eport_id=105, equeue_id=104)
HLE: W {PPU[1] Thread (CPUThread)[0x0039d640]} sys_spu warning: sys_spu_thread_connect_event(id=103, eq_id=104, event_type=0x1, spup=3)
HLE: ! {PPU[1] Thread (CPUThread)[0x00509028]} sys_ppu_thread: *** New PPU Thread [bnusCoreDecoderServerThread] (joinable, entry=0x4e4100): id = 106
HLE: W {PPU[1] Thread (CPUThread)[0x0039e4f8]} sys_event warning: sys_event_queue_create(equeue_id_addr=0x10654d8c, attr_addr=0x10654d7c, event_queue_key=0x1, size=127)
HLE: W {PPU[1] Thread (CPUThread)[0x0039e4f8]} sys_event warning: *** event_queue created [] (protocol=0x2, type=0x1, key=0x1, size=0x7f): id = 107
HLE: ! {PPU[1] Thread (CPUThread)[0x00509028]} sys_ppu_thread: *** New PPU Thread [spu_printf_server] (joinable, entry=0x4e4188): id = 108
HLE: W {PPU[1] Thread (CPUThread)[0x0039e558]} sys_event warning: sys_event_port_create(eport_id_addr=0x10654d78, port_type=0x1, name=0xfee1dead)
HLE: W {PPU[1] Thread (CPUThread)[0x0039e558]} sys_event warning: *** sys_event_port created: id = 109
HLE: W {PPU[1] Thread (CPUThread)[0x0039e578]} sys_event warning: sys_event_port_connect_local(eport_id=109, equeue_id=107)
HLE: W {PPU[1] Thread (CPUThread)[0x0039e75c]} sys_spu warning: sys_spu_thread_connect_event(id=103, eq_id=107, event_type=0x1, spup=1)
HLE: W {PPU[1] Thread (CPUThread)[0x00397068]} sys_event warning: sys_event_queue_create(equeue_id_addr=0x10654aac, attr_addr=0xd000e9d8, event_queue_key=0x0, size=127)
HLE: W {PPU[1] Thread (CPUThread)[0x00397068]} sys_event warning: *** event_queue created [] (protocol=0x2, type=0x2, key=0x0, size=0x7f): id = 110
HLE: W {PPU[1] Thread (CPUThread)[0x00397080]} sys_event warning: sys_event_port_create(eport_id_addr=0x10654ab0, port_type=0x1, name=0x0)
HLE: W {PPU[1] Thread (CPUThread)[0x00397080]} sys_event warning: *** sys_event_port created: id = 111
HLE: W {PPU[1] Thread (CPUThread)[0x00397090]} sys_event warning: sys_event_port_connect_local(eport_id=111, equeue_id=110)
HLE: W {PPU[1] Thread (CPUThread)[0x003970b8]} sys_event warning: sys_event_queue_create(equeue_id_addr=0x10654ab4, attr_addr=0xd000e9d8, event_queue_key=0x0, size=127)
HLE: W {PPU[1] Thread (CPUThread)[0x003970b8]} sys_event warning: *** event_queue created [] (protocol=0x2, type=0x1, key=0x0, size=0x7f): id = 112
HLE: W {PPU[1] Thread (CPUThread)[0x003970d0]} sys_event warning: sys_event_port_create(eport_id_addr=0x10654ab8, port_type=0x1, name=0x0)
HLE: W {PPU[1] Thread (CPUThread)[0x003970d0]} sys_event warning: *** sys_event_port created: id = 113
HLE: W {PPU[1] Thread (CPUThread)[0x003970e0]} sys_event warning: sys_event_port_connect_local(eport_id=113, equeue_id=112)
HLE: W {PPU[1] Thread (CPUThread)[0x003970f8]} sys_spu warning: sys_spu_thread_bind_queue(id=103, equeue_id=110, spuq_num=0x6e754153)
HLE: W {PPU[1] Thread (CPUThread)[0x00397110]} sys_spu warning: sys_spu_thread_connect_event(id=103, eq_id=112, event_type=0x1, spup=7)
HLE: W {PPU[1] Thread (CPUThread)[0x0039711c]} sys_spu warning: sys_spu_thread_group_start(id=102)
HLE: W {PPU[1] Thread (CPUThread)[0x005090ac]} sysPrxForUser warning: sys_spu_image_close(img=0xd000e9a8)
HLE: ! {PPU[1] Thread (CPUThread)[0x00509028]} sys_ppu_thread: *** New PPU Thread [bnusCoreUpdateThread] (joinable, entry=0x4e3e40): id = 114
HLE: W {PPU[114] Thread (bnusCoreUpdateThread)[0x004fb040]} cellAudio warning: cellAudioPortStart(portNum=0x0)
HLE: W {PPU[1] Thread (CPUThread)[0x00507010]} cellSysmodule warning: cellSysmoduleLoadModule(CELL_SYSMODULE_VDEC)
HLE: W {PPU[1] Thread (CPUThread)[0x00507010]} cellSysmodule warning: cellSysmoduleLoadModule(CELL_SYSMODULE_ADEC)
HLE: W {PPU[1] Thread (CPUThread)[0x00507010]} cellSysmodule warning: cellSysmoduleLoadModule(CELL_SYSMODULE_DMUX)
HLE: W {PPU[1] Thread (CPUThread)[0x00507010]} cellSysmodule warning: cellSysmoduleLoadModule(CELL_SYSMODULE_PAMF)
HLE: W {PPU[1] Thread (CPUThread)[0x000fcfd8]} sys_mutex warning: *** mutex created [] (protocol=0x2, recursive=false): id = 115
HLE: W {PPU[1] Thread (CPUThread)[0x000fcfd8]} sys_mutex warning: *** mutex created [] (protocol=0x2, recursive=false): id = 116
HLE: W {PPU[1] Thread (CPUThread)[0x000fcfd8]} sys_mutex warning: *** mutex created [] (protocol=0x2, recursive=false): id = 117
HLE: W {PPU[1] Thread (CPUThread)[0x000fcfd8]} sys_mutex warning: *** mutex created [] (protocol=0x2, recursive=false): id = 118
HLE: W {PPU[1] Thread (CPUThread)[0x000fcfd8]} sys_mutex warning: *** mutex created [] (protocol=0x2, recursive=false): id = 119
HLE: W {PPU[1] Thread (CPUThread)[0x000fcfd8]} sys_mutex warning: *** mutex created [] (protocol=0x2, recursive=false): id = 120
HLE: W {PPU[1] Thread (CPUThread)[0x000fcfd8]} sys_mutex warning: *** mutex created [] (protocol=0x2, recursive=false): id = 121
HLE: W {PPU[1] Thread (CPUThread)[0x000fcfd8]} sys_mutex warning: *** mutex created [] (protocol=0x2, recursive=false): id = 122
HLE: W {PPU[1] Thread (CPUThread)[0x00038228]} sys_cond warning: *** condition created [] (mutex_id=49): id = 123
HLE: W {PPU[1] Thread (CPUThread)[0x00038228]} sys_cond warning: *** condition created [C@] (mutex_id=49): id = 124
HLE: ! {PPU[1] Thread (CPUThread)[0x00509028]} sys_ppu_thread: *** New PPU Thread [Initialize Thread] (joinable, entry=0x4ccbd0): id = 125
HLE: W {PPU[1] Thread (CPUThread)[0x0049d0d0]} cellFont warning: cellFontBindRenderer(font_addr=0x1055da54)
HLE: W {PPU[1] Thread (CPUThread)[0x0049d04c]} cellFont warning: cellFontBindRenderer(font_addr=0x1055da54, renderer_addr=0x1055d950)
HLE: W {PPU[1] Thread (CPUThread)[0x004f70ac]} cellSysutil warning: cellSysutilGetSystemParamString: CELL_SYSUTIL_SYSTEMPARAM_ID_CURRENT_USERNAME
HLE: W {PPU[1] Thread (CPUThread)[0x004f70b8]} cellSysutil warning: cellSysutilRegisterCallback(slot=0, func_addr=0x4cb358, userdata=0x0)
PPU: ! {PPULLVMRecompiler} Removed 13 old versions
PPU: ! {PPULLVMRecompiler} Removed 64 old versions
PPU: ! {PPULLVMRecompiler} Removed 4 old versions
PPU: ! {PPULLVMRecompiler} Removed 3 old versions
PPU: ! {PPULLVMRecompiler} Removed 12 old versions
PPU: ! {PPULLVMRecompiler} Removed 2 old versions
PPU: ! {PPULLVMRecompiler} Removed 2 old versions
PPU: ! {PPULLVMRecompiler} Removed 16 old versions
PPU: ! {PPULLVMRecompiler} Removed 7 old versions
PPU: ! {PPULLVMRecompiler} Removed 8 old versions
PPU: ! {PPULLVMRecompiler} Removed 1 old versions
PPU: ! {PPULLVMRecompiler} Removed 2 old versions
PPU: ! {PPULLVMRecompiler} Removed 2 old versions
PPU: ! {PPULLVMRecompiler} Removed 9 old versions
PPU: ! {PPULLVMRecompiler} Removed 1 old versions
PPU: ! {PPULLVMRecompiler} Removed 10 old versions
PPU: ! {PPULLVMRecompiler} Removed 1 old versions
PPU: ! {PPULLVMRecompiler} Removed 12 old versions
HLE: W {PPU[96] Thread (File Thread)[0x00014bac]} sys_semaphore warning: sys_semaphore_wait(94) aborted
RSX: W {RSXThread} RSX thread aborted
HLE: W {PPU[58] Thread (TTFontRender Thread)[0x002d154c]} sys_semaphore warning: sys_semaphore_wait(57) aborted
HLE: W {PPU[125] Thread (Initialize Thread)[0x0003815c]} sys_cond warning: sys_cond_wait(id=123) aborted
RSX: W {VBlank thread} VBlank thread aborted
SPU: W {SPU[103] Thread (bnusCoreMain)[0x00011564]} sys_spu_thread_receive_event(spuq=0x6e754153) aborted
HLE: W {PPU[61] Thread (Draw Thread)[0x000bda40]} sys_semaphore warning: sys_semaphore_wait(59) aborted
HLE: W {PPU[106] Thread (bnusCoreDecoderServerThread)[0x0039d890]} sys_event warning: sys_event_queue_receive(equeue=104) aborted
HLE: W {PPU[92] Thread (spu_printf_handler)[0x002e17f8]} sys_event warning: sys_event_queue_receive(equeue=91) aborted
HLE: W {PPU[108] Thread (spu_printf_server)[0x0039e828]} sys_event warning: sys_event_queue_receive(equeue=107) aborted
HLE: W {PPU[114] Thread (bnusCoreUpdateThread)[0x00397274]} sys_event warning: sys_event_queue_receive(equeue=112) aborted
HLE: W {Audio Thread} cellAudio warning: Audio thread aborted
PPU: ! {PPULLVMRecompiler} PPU LLVM compiler thread exiting.
