HLE: ! path: /dev_hdd0/game/
HLE: W No pause.bin found, Auto Pause will not work.
HLE: W No pause.bin found, Auto Pause will not work.
LDR: ! Loading 'd:/emulateurs/rpcs3/dev_hdd0/game/bces01186-[ape escape]/PS3_GAME/USRDIR/BOOT.BIN'...
LDR: !  
LDR: ! Mount info:
LDR: ! dev_usb000/ -> d:/emulateurs/rpcs3/dev_usb000/
LDR: ! dev_flash/ -> d:/emulateurs/rpcs3/dev_flash/
LDR: ! host_root/ -> 
LDR: ! dev_hdd0/ -> d:/emulateurs/rpcs3/dev_hdd0/
LDR: ! dev_hdd1/ -> d:/emulateurs/rpcs3/dev_hdd1/
LDR: ! dev_bdvd/ -> d:/emulateurs/rpcs3/dev_hdd0/game/bces01186-[ape escape]/ps3_game/../
LDR: ! dev_usb/ -> d:/emulateurs/rpcs3/dev_usb000/
LDR: !  
LDR: ! Title: Ape Escape™
LDR: ! Serial: BCES01186
LDR: !  
LDR: E loader::init() failed: Broken file
MEM: ! Initializing memory: base_addr = 0x5f024d0000
MEM: ! Memory initialized.
LDR: ! Imported function 'cellGcmSetUserHandler' in 'cellGcmSys' module  (HLE)
LDR: ! Imported function 'cellGcmSetQueueHandler' in 'cellGcmSys' module  (HLE)
LDR: ! Imported function '_cellGcmInitBody' in 'cellGcmSys' module  (HLE)
LDR: ! Imported function '_cellGcmSetFlipCommand' in 'cellGcmSys' module  (HLE)
LDR: ! Imported function 'cellGcmAddressToOffset' in 'cellGcmSys' module  (HLE)
LDR: ! Imported function 'cellGcmSortRemapEaIoAddress' in 'cellGcmSys' module  (HLE)
LDR: ! Imported function 'cellGcmGetOffsetTable' in 'cellGcmSys' module  (HLE)
LDR: ! Imported function '_cellGcmFunc15' in 'cellGcmSys' module  (HLE)
LDR: ! Imported function 'cellGcmBindTile' in 'cellGcmSys' module  (HLE)
LDR: ! Imported function 'cellGcmSetFlipMode' in 'cellGcmSys' module  (HLE)
LDR: ! Imported function 'cellGcmSetDebugOutputLevel' in 'cellGcmSys' module  (HLE)
LDR: ! Imported function 'cellGcmBindZcull' in 'cellGcmSys' module  (HLE)
LDR: ! Imported function 'cellGcmMapMainMemory' in 'cellGcmSys' module  (HLE)
LDR: ! Imported function 'cellGcmSetFlipHandler' in 'cellGcmSys' module  (HLE)
LDR: ! Imported function 'cellGcmSetDisplayBuffer' in 'cellGcmSys' module  (HLE)
LDR: ! Imported function 'cellGcmGetControlRegister' in 'cellGcmSys' module  (HLE)
LDR: ! Imported function 'cellGcmUnbindZcull' in 'cellGcmSys' module  (HLE)
LDR: ! Imported function 'cellGcmSetVBlankHandler' in 'cellGcmSys' module  (HLE)
LDR: ! Imported function 'cellGcmSetFlipImmediate' in 'cellGcmSys' module  (HLE)
LDR: ! Imported function 'cellGcmSetTileInfo' in 'cellGcmSys' module  (HLE)
LDR: ! Imported function 'cellGcmSetInvalidateTile' in 'cellGcmSys' module  (HLE)
LDR: ! Imported function 'cellGcmSetGraphicsHandler' in 'cellGcmSys' module  (HLE)
LDR: ! Imported function '_cellGcmSetFlipCommandWithWaitLabel' in 'cellGcmSys' module  (HLE)
LDR: ! Imported function 'cellGcmUnbindTile' in 'cellGcmSys' module  (HLE)
LDR: ! Imported function 'cellGcmUnmapIoAddress' in 'cellGcmSys' module  (HLE)
LDR: ! Imported function 'cellGcmGetConfiguration' in 'cellGcmSys' module  (HLE)
LDR: ! Imported function 'cellGcmGetLabelAddress' in 'cellGcmSys' module  (HLE)
LDR: ! Imported function 'sys_lwmutex_lock' in 'sysPrxForUser' module  (HLE)
LDR: ! Imported function 'sys_lwmutex_unlock' in 'sysPrxForUser' module  (HLE)
LDR: ! Imported function 'sys_ppu_thread_create' in 'sysPrxForUser' module  (HLE)
LDR: ! Imported function '_sys_process_atexitspawn' in 'sysPrxForUser' module  (HLE)
LDR: ! Imported function 'sys_lwmutex_create' in 'sysPrxForUser' module  (HLE)
LDR: ! Imported function 'sys_ppu_thread_get_id' in 'sysPrxForUser' module  (HLE)
LDR: ! Imported function 'sys_prx_register_library' in 'sysPrxForUser' module  (HLE)
LDR: ! Imported function 'Unknown func id: 0x4f7172c9' in 'sysPrxForUser' module  (HLE)
LDR: ! Imported function 'sys_initialize_tls' in 'sysPrxForUser' module  (HLE)
LDR: ! Imported function 'sys_time_get_system_time' in 'sysPrxForUser' module  (HLE)
LDR: ! Imported function '_sys_process_at_Exitspawn' in 'sysPrxForUser' module  (HLE)
LDR: ! Imported function 'sys_prx_exitspawn_with_level' in 'sysPrxForUser' module  (HLE)
LDR: ! Imported function 'sys_ppu_thread_exit' in 'sysPrxForUser' module  (HLE)
LDR: ! Imported function 'sys_lwmutex_destroy' in 'sysPrxForUser' module  (HLE)
LDR: ! Imported function 'sys_process_exit' in 'sysPrxForUser' module  (HLE)
LDR: ! Imported function 'sys_lwcond_destroy' in 'sysPrxForUser' module  (HLE)
LDR: ! Imported function 'sys_prx_load_module' in 'sysPrxForUser' module  (HLE)
LDR: ! Imported function 'sys_lwcond_wait' in 'sysPrxForUser' module  (HLE)
LDR: ! Imported function 'sys_game_process_exitspawn2' in 'sysPrxForUser' module  (HLE)
LDR: W Unimplemented function 'sys_prx_load_module_on_memcontainer_by_fd' in 'sysPrxForUser' module (HLE)
LDR: ! Imported function 'sys_prx_load_module_on_memcontainer' in 'sysPrxForUser' module  (HLE)
LDR: ! Imported function 'sys_lwcond_create' in 'sysPrxForUser' module  (HLE)
LDR: ! Imported function 'sys_lwcond_signal_all' in 'sysPrxForUser' module  (HLE)
LDR: W Unimplemented function 'sys_prx_load_module_by_fd' in 'sysPrxForUser' module (HLE)
LDR: ! Imported function 'sys_lwcond_signal' in 'sysPrxForUser' module  (HLE)
LDR: ! Imported function 'cellRtcFormatRfc3339LocalTime' in 'cellRtc' module  (HLE)
LDR: ! Imported function 'cellRtcGetCurrentClockLocalTime' in 'cellRtc' module  (HLE)
LDR: ! Imported function 'cellFsRmdir' in 'sys_fs' module  (HLE)
LDR: ! Imported function 'cellFsClose' in 'sys_fs' module  (HLE)
LDR: ! Imported function 'cellFsOpendir' in 'sys_fs' module  (HLE)
LDR: ! Imported function 'cellFsRead' in 'sys_fs' module  (HLE)
LDR: ! Imported function 'cellFsReaddir' in 'sys_fs' module  (HLE)
LDR: ! Imported function 'cellFsOpen' in 'sys_fs' module  (HLE)
LDR: ! Imported function 'cellFsStat' in 'sys_fs' module  (HLE)
LDR: ! Imported function 'cellFsUnlink' in 'sys_fs' module  (HLE)
LDR: ! Imported function 'cellFsFsync' in 'sys_fs' module  (HLE)
LDR: ! Imported function 'cellFsLseek' in 'sys_fs' module  (HLE)
LDR: ! Imported function 'cellFsSdataOpen' in 'sys_fs' module  (HLE)
LDR: ! Imported function 'cellFsMkdir' in 'sys_fs' module  (HLE)
LDR: ! Imported function 'cellFsWrite' in 'sys_fs' module  (HLE)
LDR: ! Imported function 'cellFsRename' in 'sys_fs' module  (HLE)
LDR: ! Imported function 'cellFsClosedir' in 'sys_fs' module  (HLE)
LDR: ! Imported function 'cellFsSdataOpenByFd' in 'sys_fs' module  (HLE)
LDR: ! Imported function 'cellFsGetFreeSize' in 'sys_fs' module  (HLE)
LDR: ! Imported function 'cellFsFstat' in 'sys_fs' module  (HLE)
LDR: ! Imported function 'cellPadInit' in 'sys_io' module  (HLE)
LDR: ! Imported function 'cellPadEnd' in 'sys_io' module  (HLE)
LDR: ! Imported function 'cellPadSetPortSetting' in 'sys_io' module  (HLE)
LDR: ! Imported function 'cellPadGetData' in 'sys_io' module  (HLE)
LDR: ! Imported function 'cellPadGetInfo2' in 'sys_io' module  (HLE)
LDR: ! Imported function 'cellPadSetActDirect' in 'sys_io' module  (HLE)
LDR: ! Imported function 'cellSysmoduleUnloadModule' in 'cellSysmodule' module  (HLE)
LDR: ! Imported function 'cellSysmoduleLoadModule' in 'cellSysmodule' module  (HLE)
LDR: ! Imported function 'cellSysmoduleIsLoaded' in 'cellSysmodule' module  (HLE)
LDR: ! Imported function 'cellSysmoduleInitialize' in 'cellSysmodule' module  (HLE)
LDR: ! Imported function 'cellGameGetParamString' in 'cellGame' module  (HLE)
LDR: ! Imported function 'cellGameContentPermit' in 'cellGame' module  (HLE)
LDR: ! Imported function 'cellGameGetParamInt' in 'cellGame' module  (HLE)
LDR: ! Imported function 'cellGameBootCheck' in 'cellGame' module  (HLE)
LDR: ! Imported function 'sceNpBasicGetFriendListEntry' in 'sceNp' module  (HLE)
LDR: ! Imported function 'sceNpScoreGetRankingByNpId' in 'sceNp' module  (HLE)
LDR: ! Imported function 'sceNpScoreRecordScore' in 'sceNp' module  (HLE)
LDR: ! Imported function 'sceNpScoreDestroyTitleCtx' in 'sceNp' module  (HLE)
LDR: ! Imported function 'sceNpScoreInit' in 'sceNp' module  (HLE)
LDR: ! Imported function 'sceNpLookupAbortTransaction' in 'sceNp' module  (HLE)
LDR: ! Imported function 'sceNpTerm' in 'sceNp' module  (HLE)
LDR: ! Imported function 'sceNpLookupDestroyTitleCtx' in 'sceNp' module  (HLE)
LDR: ! Imported function 'sceNpLookupInit' in 'sceNp' module  (HLE)
LDR: ! Imported function 'sceNpManagerGetContentRatingFlag' in 'sceNp' module  (HLE)
LDR: ! Imported function 'sceNpScoreCreateTransactionCtx' in 'sceNp' module  (HLE)
LDR: ! Imported function 'sceNpBasicGetBlockListEntryCount' in 'sceNp' module  (HLE)
LDR: ! Imported function 'sceNpLookupPollAsync' in 'sceNp' module  (HLE)
LDR: ! Imported function 'sceNpLookupTerm' in 'sceNp' module  (HLE)
LDR: ! Imported function 'sceNpLookupTitleSmallStorageAsync' in 'sceNp' module  (HLE)
LDR: ! Imported function 'sceNpScoreTerm' in 'sceNp' module  (HLE)
LDR: ! Imported function 'sceNpManagerGetStatus' in 'sceNp' module  (HLE)
LDR: ! Imported function 'sceNpBasicGetFriendListEntryCount' in 'sceNp' module  (HLE)
LDR: ! Imported function 'sceNpManagerGetAccountRegion' in 'sceNp' module  (HLE)
LDR: ! Imported function 'sceNpScoreCreateTitleCtx' in 'sceNp' module  (HLE)
LDR: ! Imported function 'sceNpScoreDestroyTransactionCtx' in 'sceNp' module  (HLE)
LDR: ! Imported function 'sceNpLookupCreateTitleCtx' in 'sceNp' module  (HLE)
LDR: ! Imported function 'sceNpProfileCallGui' in 'sceNp' module  (HLE)
LDR: ! Imported function 'sceNpUtilCmpNpId' in 'sceNp' module  (HLE)
LDR: ! Imported function 'sceNpLookupCreateTransactionCtx' in 'sceNp' module  (HLE)
LDR: ! Imported function 'sceNpScoreAbortTransaction' in 'sceNp' module  (HLE)
LDR: ! Imported function 'sceNpFriendlist' in 'sceNp' module  (HLE)
LDR: ! Imported function 'sceNpBasicGetBlockListEntry' in 'sceNp' module  (HLE)
LDR: ! Imported function 'sceNpScoreGetRankingByRange' in 'sceNp' module  (HLE)
LDR: ! Imported function 'sceNpManagerGetNpId' in 'sceNp' module  (HLE)
LDR: ! Imported function 'sceNpDrmIsAvailable2' in 'sceNp' module  (HLE)
LDR: ! Imported function 'cellSysutilUnregisterCallback' in 'cellSysutil' module  (HLE)
LDR: ! Imported function 'cellVideoOutConfigure' in 'cellSysutil' module  (HLE)
LDR: ! Imported function 'cellSysutilCheckCallback' in 'cellSysutil' module  (HLE)
LDR: ! Imported function 'cellSysCacheMount' in 'cellSysutil' module  (HLE)
LDR: ! Imported function 'cellMsgDialogOpenErrorCode' in 'cellSysutil' module  (HLE)
LDR: ! Imported function 'cellSysutilGetSystemParamInt' in 'cellSysutil' module  (HLE)
LDR: ! Imported function 'cellAudioOutConfigure' in 'cellSysutil' module  (HLE)
LDR: ! Imported function 'cellMsgDialogAbort' in 'cellSysutil' module  (HLE)
LDR: ! Imported function 'cellMsgDialogOpen2' in 'cellSysutil' module  (HLE)
LDR: ! Imported function 'cellAudioOutGetDeviceInfo' in 'cellSysutil' module  (HLE)
LDR: W Unimplemented function 'cellSysconfAbort' in 'cellSysutil' module (HLE)
LDR: ! Imported function 'cellVideoOutGetState' in 'cellSysutil' module  (HLE)
LDR: ! Imported function 'cellSaveDataAutoSave2' in 'cellSysutil' module  (HLE)
LDR: ! Imported function 'cellSysutilRegisterCallback' in 'cellSysutil' module  (HLE)
LDR: ! Imported function 'cellVideoOutGetResolutionAvailability' in 'cellSysutil' module  (HLE)
LDR: W Unimplemented function 'cellSysconfOpen' in 'cellSysutil' module (HLE)
LDR: ! Imported function 'cellAudioOutGetSoundAvailability' in 'cellSysutil' module  (HLE)
LDR: ! Imported function 'cellAudioOutSetCopyControl' in 'cellSysutil' module  (HLE)
LDR: ! Imported function 'cellVideoOutGetResolution' in 'cellSysutil' module  (HLE)
LDR: ! Imported function 'cellSaveDataAutoLoad2' in 'cellSysutil' module  (HLE)
LDR: ! Imported function 'sys_net_initialize_network_ex' in 'sys_net' module  (HLE)
LDR: ! Imported function 'listen' in 'sys_net' module  (HLE)
LDR: W Unimplemented function 'socketselect' in 'sys_net' module (HLE)
LDR: ! Imported function 'connect' in 'sys_net' module  (HLE)
LDR: ! Imported function 'socketclose' in 'sys_net' module  (HLE)
LDR: ! Imported function 'setsockopt' in 'sys_net' module  (HLE)
LDR: ! Imported function 'socket' in 'sys_net' module  (HLE)
LDR: ! Imported function 'shutdown' in 'sys_net' module  (HLE)
LDR: ! Imported function 'bind' in 'sys_net' module  (HLE)
LDR: ! Imported function 'sys_net_show_ifconfig' in 'sys_net' module  (HLE)
LDR: ! Imported function 'sys_net_finalize_network' in 'sys_net' module  (HLE)
LDR: ! Imported function 'accept' in 'sys_net' module  (HLE)
LDR: ! Imported function 'inet_addr' in 'sys_net' module  (HLE)
LDR: ! Imported function 'send' in 'sys_net' module  (HLE)
LDR: ! Imported function 'recv' in 'sys_net' module  (HLE)
LDR: ! Imported function 'sys_net_free_thread_context' in 'sys_net' module  (HLE)
LDR: ! Imported function 'cellNetCtlNetStartDialogLoadAsync' in 'cellNetCtl' module  (HLE)
LDR: ! Imported function 'cellNetCtlAddHandler' in 'cellNetCtl' module  (HLE)
LDR: ! Imported function 'cellNetCtlNetStartDialogUnloadAsync' in 'cellNetCtl' module  (HLE)
LDR: ! Imported function 'cellNetCtlTerm' in 'cellNetCtl' module  (HLE)
LDR: ! Imported function 'cellNetCtlGetInfo' in 'cellNetCtl' module  (HLE)
LDR: ! Imported function 'cellNetCtlGetState' in 'cellNetCtl' module  (HLE)
LDR: ! Imported function 'cellNetCtlDelHandler' in 'cellNetCtl' module  (HLE)
LDR: ! Imported function 'cellNetCtlInit' in 'cellNetCtl' module  (HLE)
LDR: ! Imported function 'cellAudioInit' in 'cellAudio' module  (HLE)
LDR: ! Imported function 'cellAudioSetNotifyEventQueue' in 'cellAudio' module  (HLE)
LDR: ! Imported function 'cellAudioGetPortTimestamp' in 'cellAudio' module  (HLE)
LDR: ! Imported function 'cellAudioPortClose' in 'cellAudio' module  (HLE)
LDR: ! Imported function 'cellAudioPortStop' in 'cellAudio' module  (HLE)
LDR: ! Imported function 'cellAudioGetPortConfig' in 'cellAudio' module  (HLE)
LDR: ! Imported function 'cellAudioPortStart' in 'cellAudio' module  (HLE)
LDR: ! Imported function 'cellAudioQuit' in 'cellAudio' module  (HLE)
LDR: ! Imported function 'cellAudioPortOpen' in 'cellAudio' module  (HLE)
LDR: ! Imported function 'cellAudioGetPortBlockTag' in 'cellAudio' module  (HLE)
LDR: ! Imported function 'cellAudioRemoveNotifyEventQueue' in 'cellAudio' module  (HLE)
LDR: ! Imported function 'cellAdecDecodeAu' in 'cellAdec' module  (HLE)
LDR: ! Imported function 'cellAdecStartSeq' in 'cellAdec' module  (HLE)
LDR: ! Imported function 'cellAdecQueryAttr' in 'cellAdec' module  (HLE)
LDR: ! Imported function 'cellAdecClose' in 'cellAdec' module  (HLE)
LDR: ! Imported function 'cellAdecOpenEx' in 'cellAdec' module  (HLE)
LDR: ! Imported function 'cellAdecGetPcm' in 'cellAdec' module  (HLE)
LDR: ! Imported function 'cellAdecGetPcmItem' in 'cellAdec' module  (HLE)
LDR: ! Imported function '_cellSpursLFQueueInitialize' in 'cellSpurs' module  (HLE)
LDR: ! Imported function 'cellSpursAttributeSetNamePrefix' in 'cellSpurs' module  (HLE)
LDR: ! Imported function 'cellSpursTaskExitCodeGet' in 'cellSpurs' module  (HLE)
LDR: ! Imported function '_cellSpursTasksetAttributeInitialize' in 'cellSpurs' module  (HLE)
LDR: ! Imported function 'cellSpursLFQueueAttachLv2EventQueue' in 'cellSpurs' module  (HLE)
LDR: ! Imported function 'cellSpursRequestIdleSpu' in 'cellSpurs' module  (HLE)
LDR: ! Imported function 'cellSpursCreateTaskWithAttribute' in 'cellSpurs' module  (HLE)
LDR: ! Imported function 'cellSpursGetInfo' in 'cellSpurs' module  (HLE)
LDR: ! Imported function 'cellSpursEventFlagDetachLv2EventQueue' in 'cellSpurs' module  (HLE)
LDR: ! Imported function 'cellSpursCreateJobChainWithAttribute' in 'cellSpurs' module  (HLE)
LDR: ! Imported function 'cellSpursTaskExitCodeInitialize' in 'cellSpurs' module  (HLE)
LDR: ! Imported function '_cellSpursJobChainAttributeInitialize' in 'cellSpurs' module  (HLE)
LDR: ! Imported function 'cellSpursEventFlagWait' in 'cellSpurs' module  (HLE)
LDR: ! Imported function 'cellSpursWorkloadAttributeSetName' in 'cellSpurs' module  (HLE)
LDR: ! Imported function 'cellSpursEventFlagClear' in 'cellSpurs' module  (HLE)
LDR: ! Imported function 'cellSpursGetWorkloadInfo' in 'cellSpurs' module  (HLE)
LDR: ! Imported function 'cellSpursDetachLv2EventQueue' in 'cellSpurs' module  (HLE)
LDR: ! Imported function 'cellSpursRemoveWorkload' in 'cellSpurs' module  (HLE)
LDR: ! Imported function '_cellSpursEventFlagInitialize' in 'cellSpurs' module  (HLE)
LDR: ! Imported function 'cellSpursWaitForWorkloadShutdown' in 'cellSpurs' module  (HLE)
LDR: ! Imported function 'cellSpursTasksetAttributeSetName' in 'cellSpurs' module  (HLE)
LDR: ! Imported function 'cellSpursJobGuardInitialize' in 'cellSpurs' module  (HLE)
LDR: ! Imported function 'cellSpursShutdownJobChain' in 'cellSpurs' module  (HLE)
LDR: ! Imported function 'cellSpursLFQueueDetachLv2EventQueue' in 'cellSpurs' module  (HLE)
LDR: ! Imported function 'cellSpursSetPriorities' in 'cellSpurs' module  (HLE)
LDR: ! Imported function 'cellSpursEventFlagAttachLv2EventQueue' in 'cellSpurs' module  (HLE)
LDR: ! Imported function '_cellSpursLFQueuePushBody' in 'cellSpurs' module  (HLE)
LDR: ! Imported function 'cellSpursTasksetAttributeSetTasksetSize' in 'cellSpurs' module  (HLE)
LDR: ! Imported function '_cellSpursAttributeInitialize' in 'cellSpurs' module  (HLE)
LDR: ! Imported function 'cellSpursShutdownWorkload' in 'cellSpurs' module  (HLE)
LDR: ! Imported function 'cellSpursJoinTaskset' in 'cellSpurs' module  (HLE)
LDR: ! Imported function 'cellSpursJobChainAttributeSetName' in 'cellSpurs' module  (HLE)
LDR: ! Imported function 'cellSpursTaskAttributeSetExitCodeContainer' in 'cellSpurs' module  (HLE)
LDR: ! Imported function 'cellSpursShutdownTaskset' in 'cellSpurs' module  (HLE)
LDR: ! Imported function 'cellSpursJoinJobChain' in 'cellSpurs' module  (HLE)
LDR: ! Imported function 'cellSpursInitializeWithAttribute' in 'cellSpurs' module  (HLE)
LDR: ! Imported function '_cellSpursTaskAttributeInitialize' in 'cellSpurs' module  (HLE)
LDR: ! Imported function 'cellSpursAttachLv2EventQueue' in 'cellSpurs' module  (HLE)
LDR: ! Imported function 'cellSpursAddWorkloadWithAttribute' in 'cellSpurs' module  (HLE)
LDR: ! Imported function 'cellSpursCreateTasksetWithAttribute' in 'cellSpurs' module  (HLE)
LDR: ! Imported function 'cellSpursFinalize' in 'cellSpurs' module  (HLE)
LDR: ! Imported function 'cellSpursSetExceptionEventHandler' in 'cellSpurs' module  (HLE)
LDR: ! Imported function 'cellSpursJobGuardNotify' in 'cellSpurs' module  (HLE)
LDR: ! Imported function '_cellSpursWorkloadAttributeInitialize' in 'cellSpurs' module  (HLE)
LDR: ! Imported function 'cellSpursRunJobChain' in 'cellSpurs' module  (HLE)
LDR: ! Imported function 'cellSpursReadyCountStore' in 'cellSpurs' module  (HLE)
LDR: ! Imported function 'cellSpursCreateTask' in 'cellSpurs' module  (HLE)
LDR: ! Imported function 'cellSyncLFQueueSize' in 'cellSync' module  (HLE)
LDR: ! Imported function 'cellSyncMutexUnlock' in 'cellSync' module  (HLE)
LDR: ! Imported function 'cellSyncMutexInitialize' in 'cellSync' module  (HLE)
LDR: ! Imported function 'cellSyncMutexTryLock' in 'cellSync' module  (HLE)
LDR: ! Imported function 'cellFontCreateRenderer' in 'cellFont' module  (HLE)
LDR: ! Imported function 'cellFontGetHorizontalLayout' in 'cellFont' module  (HLE)
LDR: ! Imported function 'cellFontDestroyRenderer' in 'cellFont' module  (HLE)
LDR: ! Imported function 'cellFontSetupRenderScalePixel' in 'cellFont' module  (HLE)
LDR: ! Imported function 'cellFontSetEffectWeight' in 'cellFont' module  (HLE)
LDR: ! Imported function 'cellFontSetScalePixel' in 'cellFont' module  (HLE)
LDR: ! Imported function 'cellFontGetRenderCharGlyphMetrics' in 'cellFont' module  (HLE)
LDR: ! Imported function 'cellFontEndLibrary' in 'cellFont' module  (HLE)
LDR: ! Imported function 'cellFontBindRenderer' in 'cellFont' module  (HLE)
LDR: ! Imported function 'cellFontSetScalePoint' in 'cellFont' module  (HLE)
LDR: ! Imported function 'cellFontEnd' in 'cellFont' module  (HLE)
LDR: ! Imported function 'cellFontSetEffectSlant' in 'cellFont' module  (HLE)
LDR: ! Imported function 'cellFontRenderCharGlyphImage' in 'cellFont' module  (HLE)
LDR: ! Imported function 'cellFontRenderSurfaceInit' in 'cellFont' module  (HLE)
LDR: ! Imported function 'cellFontOpenFontMemory' in 'cellFont' module  (HLE)
LDR: ! Imported function 'cellFontCloseFont' in 'cellFont' module  (HLE)
LDR: ! Imported function 'cellFontRenderSurfaceSetScissor' in 'cellFont' module  (HLE)
LDR: ! Imported function 'cellFontInitializeWithRevision' in 'cellFont' module  (HLE)
LDR: ! Imported function 'cellFontUnbindRenderer' in 'cellFont' module  (HLE)
LDR: ! Imported function 'cellFontSetResolutionDpi' in 'cellFont' module  (HLE)
LDR: ! Imported function 'cellFontInitLibraryFreeTypeWithRevision' in 'cellFontFT' module  (HLE)
LDR: ! Imported function 'cellCameraStop' in 'cellCamera' module  (HLE)
LDR: ! Imported function 'cellCameraReadEx' in 'cellCamera' module  (HLE)
LDR: ! Imported function 'cellCameraClose' in 'cellCamera' module  (HLE)
LDR: ! Imported function 'cellCameraRemoveNotifyEventQueue2' in 'cellCamera' module  (HLE)
LDR: ! Imported function 'cellCameraStart' in 'cellCamera' module  (HLE)
LDR: ! Imported function 'cellCameraGetType' in 'cellCamera' module  (HLE)
LDR: ! Imported function 'cellCameraEnd' in 'cellCamera' module  (HLE)
LDR: ! Imported function 'cellCameraOpenEx' in 'cellCamera' module  (HLE)
LDR: ! Imported function 'cellCameraIsStarted' in 'cellCamera' module  (HLE)
LDR: ! Imported function 'cellCameraIsAttached' in 'cellCamera' module  (HLE)
LDR: ! Imported function 'cellCameraReset' in 'cellCamera' module  (HLE)
LDR: ! Imported function 'cellCameraSetAttribute' in 'cellCamera' module  (HLE)
LDR: ! Imported function 'cellCameraSetNotifyEventQueue2' in 'cellCamera' module  (HLE)
LDR: ! Imported function 'cellCameraInit' in 'cellCamera' module  (HLE)
LDR: ! Imported function 'cellCameraIsOpen' in 'cellCamera' module  (HLE)
LDR: W Unknown module 'libgem'
LDR: ! Imported function 'cellGemUpdateStart' in 'libgem' module  (HLE)
LDR: ! Imported function 'cellGemInit' in 'libgem' module  (HLE)
LDR: ! Imported function 'cellGemGetTrackerHue' in 'libgem' module  (HLE)
LDR: ! Imported function 'cellGemConvertVideoFinish' in 'libgem' module  (HLE)
LDR: ! Imported function 'cellGemEnableMagnetometer' in 'libgem' module  (HLE)
LDR: ! Imported function 'cellGemGetRGB' in 'libgem' module  (HLE)
LDR: ! Imported function 'cellGemGetMemorySize' in 'libgem' module  (HLE)
LDR: ! Imported function 'cellGemUpdateFinish' in 'libgem' module  (HLE)
LDR: ! Imported function 'cellGemSetRumble' in 'libgem' module  (HLE)
LDR: ! Imported function 'cellGemGetState' in 'libgem' module  (HLE)
LDR: ! Imported function 'cellGemGetRumble' in 'libgem' module  (HLE)
LDR: ! Imported function 'cellGemConvertVideoStart' in 'libgem' module  (HLE)
LDR: ! Imported function 'cellGemSetYaw' in 'libgem' module  (HLE)
LDR: ! Imported function 'cellGemTrackHues' in 'libgem' module  (HLE)
LDR: ! Imported function 'cellGemGetImageState' in 'libgem' module  (HLE)
LDR: ! Imported function 'cellGemClearStatusFlags' in 'libgem' module  (HLE)
LDR: ! Imported function 'cellGemGetInfo' in 'libgem' module  (HLE)
LDR: ! Imported function 'cellGemPrepareCamera' in 'libgem' module  (HLE)
LDR: ! Imported function 'cellGemCalibrate' in 'libgem' module  (HLE)
LDR: ! Imported function 'cellGemPrepareVideoConvert' in 'libgem' module  (HLE)
LDR: ! Imported function 'cellGemHSVtoRGB' in 'libgem' module  (HLE)
LDR: ! Imported function 'cellGemForceRGB' in 'libgem' module  (HLE)
LDR: ! Imported function 'cellGemGetInertialState' in 'libgem' module  (HLE)
LDR: ! Imported function 'cellGemEnd' in 'libgem' module  (HLE)
LDR: ! Imported function 'cellGemInvalidateCalibration' in 'libgem' module  (HLE)
LDR: ! Imported function 'cellGemIsTrackableHue' in 'libgem' module  (HLE)
LDR: ! Imported function 'cellGemGetStatusFlags' in 'libgem' module  (HLE)
LDR: ! Imported function 'sceNpTrophyRegisterContext' in 'sceNpTrophy' module  (HLE)
LDR: ! Imported function 'sceNpTrophyCreateHandle' in 'sceNpTrophy' module  (HLE)
LDR: ! Imported function 'sceNpTrophySetSoundLevel' in 'sceNpTrophy' module  (HLE)
LDR: ! Imported function 'sceNpTrophyGetRequiredDiskSpace' in 'sceNpTrophy' module  (HLE)
LDR: ! Imported function 'sceNpTrophyInit' in 'sceNpTrophy' module  (HLE)
LDR: ! Imported function 'sceNpTrophyAbortHandle' in 'sceNpTrophy' module  (HLE)
LDR: ! Imported function 'sceNpTrophyUnlockTrophy' in 'sceNpTrophy' module  (HLE)
LDR: ! Imported function 'sceNpTrophyTerm' in 'sceNpTrophy' module  (HLE)
LDR: ! Imported function 'sceNpTrophyGetTrophyUnlockState' in 'sceNpTrophy' module  (HLE)
LDR: ! Imported function 'sceNpTrophyCreateContext' in 'sceNpTrophy' module  (HLE)
LDR: ! Imported function 'cellDmuxQueryEsAttr' in 'cellDmux' module  (HLE)
LDR: ! Imported function 'cellDmuxSetStream' in 'cellDmux' module  (HLE)
LDR: ! Imported function 'cellDmuxDisableEs' in 'cellDmux' module  (HLE)
LDR: ! Imported function 'cellDmuxReleaseAu' in 'cellDmux' module  (HLE)
LDR: ! Imported function 'cellDmuxGetAu' in 'cellDmux' module  (HLE)
LDR: ! Imported function 'cellDmuxResetStream' in 'cellDmux' module  (HLE)
LDR: ! Imported function 'cellDmuxEnableEs' in 'cellDmux' module  (HLE)
LDR: ! Imported function 'cellDmuxClose' in 'cellDmux' module  (HLE)
LDR: ! Imported function 'cellDmuxQueryAttr' in 'cellDmux' module  (HLE)
LDR: ! Imported function 'cellDmuxOpenEx' in 'cellDmux' module  (HLE)
LDR: W Unimplemented function 'sceNp2Init' in 'sceNp2' module (HLE)
LDR: ! Imported function 'cellPamfStreamTypeToEsFilterId' in 'cellPamf' module  (HLE)
LDR: ! Imported function 'cellPamfReaderSetStreamWithTypeAndIndex' in 'cellPamf' module  (HLE)
LDR: ! Imported function 'cellPamfGetStreamOffsetAndSize' in 'cellPamf' module  (HLE)
LDR: ! Imported function 'cellPamfReaderGetStreamInfo' in 'cellPamf' module  (HLE)
LDR: ! Imported function 'cellPamfReaderGetStreamTypeAndChannel' in 'cellPamf' module  (HLE)
LDR: ! Imported function 'cellPamfReaderInitialize' in 'cellPamf' module  (HLE)
LDR: ! Imported function 'cellPamfGetHeaderSize' in 'cellPamf' module  (HLE)
LDR: ! Imported function 'cellPamfReaderGetNumberOfSpecificStreams' in 'cellPamf' module  (HLE)
LDR: ! Imported function 'cellVdecOpenEx' in 'libvdec' module  (HLE)
LDR: ! Imported function 'cellVdecClose' in 'libvdec' module  (HLE)
LDR: ! Imported function 'cellVdecGetPicItem' in 'libvdec' module  (HLE)
LDR: ! Imported function 'cellVdecDecodeAu' in 'libvdec' module  (HLE)
LDR: ! Imported function 'cellVdecGetPicture' in 'libvdec' module  (HLE)
LDR: ! Imported function 'cellVdecStartSeq' in 'libvdec' module  (HLE)
LDR: ! Imported function 'cellVdecQueryAttrEx' in 'libvdec' module  (HLE)
LDR: ! Imported function 'cellMicOpenEx' in 'cellMic' module  (HLE)
LDR: ! Imported function 'cellMicIsAttached' in 'cellMic' module  (HLE)
LDR: ! Imported function 'cellMicRemoveNotifyEventQueue' in 'cellMic' module  (HLE)
LDR: ! Imported function 'cellMicGetDeviceAttr' in 'cellMic' module  (HLE)
LDR: ! Imported function 'cellMicReset' in 'cellMic' module  (HLE)
LDR: ! Imported function 'cellMicSetNotifyEventQueue' in 'cellMic' module  (HLE)
LDR: ! Imported function 'cellMicInit' in 'cellMic' module  (HLE)
LDR: ! Imported function 'cellMicClose' in 'cellMic' module  (HLE)
LDR: ! Imported function 'cellMicGetType' in 'cellMic' module  (HLE)
LDR: ! Imported function 'cellMicSetDeviceAttr' in 'cellMic' module  (HLE)
LDR: ! Imported function 'cellMicGetSignalState' in 'cellMic' module  (HLE)
LDR: ! Imported function 'cellMicReadDsp' in 'cellMic' module  (HLE)
LDR: ! Imported function 'cellMicEnd' in 'cellMic' module  (HLE)
LDR: ! Imported function 'cellMicStart' in 'cellMic' module  (HLE)
LDR: ! Imported function 'cellMicStop' in 'cellMic' module  (HLE)
HLE: W {PPU[1] Thread (main_thread)[0x00aca034]} sys_lwmutex warning: sys_lwmutex_create(lwmutex_addr=0xde9080, attr_addr=0x779110)
HLE: ! {PPU[1] Thread (main_thread)[0x00aca034]} sys_lwmutex : *** lwmutex created [_lc_mtx] (attribute=0x12): sq_id = 3
HLE: W {PPU[1] Thread (main_thread)[0x003518ac]} sys_memory warning: sys_memory_get_user_memory_size(mem_info_addr=0xd000fc04)
HLE: W {PPU[1] Thread (main_thread)[0x00aca034]} sys_lwmutex warning: sys_lwmutex_create(lwmutex_addr=0xde8e80, attr_addr=0x779110)
HLE: ! {PPU[1] Thread (main_thread)[0x00aca034]} sys_lwmutex : *** lwmutex created [_lc_mtx] (attribute=0x12): sq_id = 4
HLE: W {PPU[1] Thread (main_thread)[0x00aca034]} sys_lwmutex warning: sys_lwmutex_create(lwmutex_addr=0xde8610, attr_addr=0x779110)
HLE: ! {PPU[1] Thread (main_thread)[0x00aca034]} sys_lwmutex : *** lwmutex created [_lc_mtx] (attribute=0x12): sq_id = 5
HLE: W {PPU[1] Thread (main_thread)[0x00aca034]} sys_lwmutex warning: sys_lwmutex_create(lwmutex_addr=0xde8638, attr_addr=0x779110)
HLE: ! {PPU[1] Thread (main_thread)[0x00aca034]} sys_lwmutex : *** lwmutex created [_lc_mtx] (attribute=0x12): sq_id = 6
HLE: W {PPU[1] Thread (main_thread)[0x00aca034]} sys_lwmutex warning: sys_lwmutex_create(lwmutex_addr=0xde8660, attr_addr=0x779110)
HLE: ! {PPU[1] Thread (main_thread)[0x00aca034]} sys_lwmutex : *** lwmutex created [_lc_mtx] (attribute=0x12): sq_id = 7
HLE: W {PPU[1] Thread (main_thread)[0x00aca034]} sys_lwmutex warning: sys_lwmutex_create(lwmutex_addr=0xde8548, attr_addr=0x779110)
HLE: ! {PPU[1] Thread (main_thread)[0x00aca034]} sys_lwmutex : *** lwmutex created [_lc_mtx] (attribute=0x12): sq_id = 8
HLE: W {PPU[1] Thread (main_thread)[0x00aca034]} sys_lwmutex warning: sys_lwmutex_create(lwmutex_addr=0xde8570, attr_addr=0x779110)
HLE: ! {PPU[1] Thread (main_thread)[0x00aca034]} sys_lwmutex : *** lwmutex created [_lc_mtx] (attribute=0x12): sq_id = 9
HLE: W {PPU[1] Thread (main_thread)[0x00aca034]} sys_lwmutex warning: sys_lwmutex_create(lwmutex_addr=0xde8598, attr_addr=0x779110)
HLE: ! {PPU[1] Thread (main_thread)[0x00aca034]} sys_lwmutex : *** lwmutex created [_lc_mtx] (attribute=0x12): sq_id = 10
HLE: W {PPU[1] Thread (main_thread)[0x00aca034]} sys_lwmutex warning: sys_lwmutex_create(lwmutex_addr=0xde85c0, attr_addr=0x779110)
HLE: ! {PPU[1] Thread (main_thread)[0x00aca034]} sys_lwmutex : *** lwmutex created [_lc_mtx] (attribute=0x12): sq_id = 11
HLE: W {PPU[1] Thread (main_thread)[0x00aca034]} sys_lwmutex warning: sys_lwmutex_create(lwmutex_addr=0xde85e8, attr_addr=0x779110)
HLE: ! {PPU[1] Thread (main_thread)[0x00aca034]} sys_lwmutex : *** lwmutex created [_lc_mtx] (attribute=0x12): sq_id = 12
HLE: W {PPU[1] Thread (main_thread)[0x00aca034]} sys_lwmutex warning: sys_lwmutex_create(lwmutex_addr=0xde91c8, attr_addr=0xbe10d8)
HLE: ! {PPU[1] Thread (main_thread)[0x00aca034]} sys_lwmutex : *** lwmutex created [_lgcmtx] (attribute=0x12): sq_id = 13
HLE: W {PPU[1] Thread (main_thread)[0x00aca034]} sys_lwmutex warning: sys_lwmutex_create(lwmutex_addr=0xde9148, attr_addr=0xbe10d8)
HLE: ! {PPU[1] Thread (main_thread)[0x00aca034]} sys_lwmutex : *** lwmutex created [_lgcmtx] (attribute=0x12): sq_id = 14
HLE: E {PPU[1] Thread (main_thread)[0x0023c880]} sys_vm error: sys_vm_memory_map(vsize=0x4000000, psize=0x1b70000, cidr=0xffffffff, flags=0x200, policy=0x1, addr_addr=0xd98f64)
MEM: W {PPU[1] Thread (main_thread)[0x0023c880]} Memory mapped at 0x60000000: size=0x4000000
HLE: W {PPU[1] Thread (main_thread)[0x00aca034]} sys_lwmutex warning: sys_lwmutex_create(lwmutex_addr=0xdd51e0, attr_addr=0xd000f920)
HLE: ! {PPU[1] Thread (main_thread)[0x00aca034]} sys_lwmutex : *** lwmutex created [] (attribute=0x22): sq_id = 15
HLE: W {PPU[1] Thread (main_thread)[0x00aca034]} sys_lwmutex warning: sys_lwmutex_create(lwmutex_addr=0x30100030, attr_addr=0xd000f960)
HLE: ! {PPU[1] Thread (main_thread)[0x00aca034]} sys_lwmutex : *** lwmutex created [] (attribute=0x22): sq_id = 16
HLE: W {PPU[1] Thread (main_thread)[0x00aca034]} sys_lwmutex warning: sys_lwmutex_create(lwmutex_addr=0x60000030, attr_addr=0xd000f960)
HLE: ! {PPU[1] Thread (main_thread)[0x00aca034]} sys_lwmutex : *** lwmutex created [] (attribute=0x22): sq_id = 17
HLE: W {PPU[1] Thread (main_thread)[0x00aca034]} sys_lwmutex warning: sys_lwmutex_create(lwmutex_addr=0x61500030, attr_addr=0xd000f960)
HLE: ! {PPU[1] Thread (main_thread)[0x00aca034]} sys_lwmutex : *** lwmutex created [] (attribute=0x22): sq_id = 18
HLE: W {PPU[1] Thread (main_thread)[0x00aca034]} sys_lwmutex warning: sys_lwmutex_create(lwmutex_addr=0x61f00030, attr_addr=0xd000f960)
HLE: ! {PPU[1] Thread (main_thread)[0x00aca034]} sys_lwmutex : *** lwmutex created [] (attribute=0x22): sq_id = 19
HLE: E {PPU[1] Thread (main_thread)[0x0023c584]} sys_vm TODO: sys_vm_unlock(addr=0x61f00000,size=0x670000)
HLE: E {PPU[1] Thread (main_thread)[0x0023c594]} sys_vm TODO: sys_vm_unlock(addr=0x61500000,size=0xa00000)
HLE: E {PPU[1] Thread (main_thread)[0x0023c5a4]} sys_vm TODO: sys_vm_lock(addr=0x60000000,size=0x1500000)
HLE: E {PPU[1] Thread (main_thread)[0x0023c5b4]} sys_vm TODO: sys_vm_touch(addr=0x60000000,size=0x1500000)
HLE: W {PPU[1] Thread (main_thread)[0x00aca034]} sys_lwmutex warning: sys_lwmutex_create(lwmutex_addr=0x30500018, attr_addr=0xd000fa54)
HLE: ! {PPU[1] Thread (main_thread)[0x00aca034]} sys_lwmutex : *** lwmutex created [] (attribute=0x22): sq_id = 20
HLE: W {PPU[1] Thread (main_thread)[0x00aca034]} sys_lwmutex warning: sys_lwmutex_create(lwmutex_addr=0x30500298, attr_addr=0xd000fa00)
HLE: ! {PPU[1] Thread (main_thread)[0x00aca034]} sys_lwmutex : *** lwmutex created [] (attribute=0x22): sq_id = 21
HLE: W {PPU[1] Thread (main_thread)[0x00aca034]} sys_lwmutex warning: sys_lwmutex_create(lwmutex_addr=0x30501018, attr_addr=0xd000fa00)
HLE: ! {PPU[1] Thread (main_thread)[0x00aca034]} sys_lwmutex : *** lwmutex created [] (attribute=0x22): sq_id = 22
HLE: W {PPU[1] Thread (main_thread)[0x00aca034]} sys_lwmutex warning: sys_lwmutex_create(lwmutex_addr=0x30500b98, attr_addr=0xd000fa00)
HLE: ! {PPU[1] Thread (main_thread)[0x00aca034]} sys_lwmutex : *** lwmutex created [] (attribute=0x22): sq_id = 23
HLE: W {PPU[1] Thread (main_thread)[0x00aca034]} sys_lwmutex warning: sys_lwmutex_create(lwmutex_addr=0x30500718, attr_addr=0xd000fa00)
HLE: ! {PPU[1] Thread (main_thread)[0x00aca034]} sys_lwmutex : *** lwmutex created [] (attribute=0x22): sq_id = 24
HLE: W {PPU[1] Thread (main_thread)[0x00aca034]} sys_lwmutex warning: sys_lwmutex_create(lwmutex_addr=0x30501498, attr_addr=0xd000fa00)
HLE: ! {PPU[1] Thread (main_thread)[0x00aca034]} sys_lwmutex : *** lwmutex created [] (attribute=0x22): sq_id = 25
HLE: W {PPU[1] Thread (main_thread)[0x00aca034]} sys_lwmutex warning: sys_lwmutex_create(lwmutex_addr=0xde9188, attr_addr=0xbe10e8)
HLE: ! {PPU[1] Thread (main_thread)[0x00aca034]} sys_lwmutex : *** lwmutex created [_lgcmtx] (attribute=0x22): sq_id = 26
HLE: W {PPU[1] Thread (main_thread)[0x00343784]} sys_time warning: sys_time_get_timezone(timezone_addr=0xd000fb20, summertime_addr=0xd000fb24)
HLE: W {PPU[1] Thread (main_thread)[0x00343784]} cellSysutil warning: cellSysutilGetSystemParamInt: CELL_SYSUTIL_SYSTEMPARAM_ID_TIMEZONE
HLE: W {PPU[1] Thread (main_thread)[0x00343784]} cellSysutil warning: cellSysutilGetSystemParamInt: CELL_SYSUTIL_SYSTEMPARAM_ID_SUMMERTIME
HLE: W {PPU[1] Thread (main_thread)[0x0034a674]} sys_time warning: sys_time_get_timezone(timezone_addr=0xd000fa70, summertime_addr=0xd000fa74)
HLE: W {PPU[1] Thread (main_thread)[0x0034a674]} cellSysutil warning: cellSysutilGetSystemParamInt: CELL_SYSUTIL_SYSTEMPARAM_ID_TIMEZONE
HLE: W {PPU[1] Thread (main_thread)[0x0034a674]} cellSysutil warning: cellSysutilGetSystemParamInt: CELL_SYSUTIL_SYSTEMPARAM_ID_SUMMERTIME
HLE: W {PPU[1] Thread (main_thread)[0x003451f4]} sys_time warning: sys_time_get_timezone(timezone_addr=0xd000fb20, summertime_addr=0xd000fb24)
HLE: W {PPU[1] Thread (main_thread)[0x003451f4]} cellSysutil warning: cellSysutilGetSystemParamInt: CELL_SYSUTIL_SYSTEMPARAM_ID_TIMEZONE
HLE: W {PPU[1] Thread (main_thread)[0x003451f4]} cellSysutil warning: cellSysutilGetSystemParamInt: CELL_SYSUTIL_SYSTEMPARAM_ID_SUMMERTIME
HLE: W {PPU[1] Thread (main_thread)[0x0034a674]} sys_time warning: sys_time_get_timezone(timezone_addr=0xd000fa70, summertime_addr=0xd000fa74)
HLE: W {PPU[1] Thread (main_thread)[0x0034a674]} cellSysutil warning: cellSysutilGetSystemParamInt: CELL_SYSUTIL_SYSTEMPARAM_ID_TIMEZONE
HLE: W {PPU[1] Thread (main_thread)[0x0034a674]} cellSysutil warning: cellSysutilGetSystemParamInt: CELL_SYSUTIL_SYSTEMPARAM_ID_SUMMERTIME
HLE: W {PPU[1] Thread (main_thread)[0x00343730]} sys_time warning: sys_time_get_timezone(timezone_addr=0xd000fb20, summertime_addr=0xd000fb24)
HLE: W {PPU[1] Thread (main_thread)[0x00343730]} cellSysutil warning: cellSysutilGetSystemParamInt: CELL_SYSUTIL_SYSTEMPARAM_ID_TIMEZONE
HLE: W {PPU[1] Thread (main_thread)[0x00343730]} cellSysutil warning: cellSysutilGetSystemParamInt: CELL_SYSUTIL_SYSTEMPARAM_ID_SUMMERTIME
HLE: W {PPU[1] Thread (main_thread)[0x003451f4]} sys_time warning: sys_time_get_timezone(timezone_addr=0xd000fb20, summertime_addr=0xd000fb24)
HLE: W {PPU[1] Thread (main_thread)[0x003451f4]} cellSysutil warning: cellSysutilGetSystemParamInt: CELL_SYSUTIL_SYSTEMPARAM_ID_TIMEZONE
HLE: W {PPU[1] Thread (main_thread)[0x003451f4]} cellSysutil warning: cellSysutilGetSystemParamInt: CELL_SYSUTIL_SYSTEMPARAM_ID_SUMMERTIME
HLE: W {PPU[1] Thread (main_thread)[0x00aca034]} sys_lwmutex warning: sys_lwmutex_create(lwmutex_addr=0xde83e8, attr_addr=0xd000fb50)
HLE: ! {PPU[1] Thread (main_thread)[0x00aca034]} sys_lwmutex : *** lwmutex created [ps3HDDL] (attribute=0x12): sq_id = 27
HLE: W {PPU[1] Thread (main_thread)[0x00aca034]} sys_lwmutex warning: sys_lwmutex_create(lwmutex_addr=0xec86b0, attr_addr=0xd000fbd0)
HLE: ! {PPU[1] Thread (main_thread)[0x00aca034]} sys_lwmutex : *** lwmutex created [] (attribute=0x22): sq_id = 28
HLE: W {PPU[1] Thread (main_thread)[0x00ecb010]} cellSysmodule warning: cellSysmoduleLoadModule(CELL_SYSMODULE_NET)
HLE: W {PPU[1] Thread (main_thread)[0x00ecb010]} cellSysmodule warning: cellSysmoduleLoadModule(CELL_SYSMODULE_ADEC)
HLE: W {PPU[1] Thread (main_thread)[0x00ecb010]} cellSysmodule warning: cellSysmoduleLoadModule(CELL_SYSMODULE_RTC)
HLE: W {PPU[1] Thread (main_thread)[0x00ecb010]} cellSysmodule warning: cellSysmoduleLoadModule(CELL_SYSMODULE_FS)
HLE: W {PPU[1] Thread (main_thread)[0x00ecb010]} cellSysmodule warning: cellSysmoduleLoadModule(CELL_SYSMODULE_ATRAC3PLUS)
HLE: W {PPU[1] Thread (main_thread)[0x00ecb010]} cellSysmodule warning: cellSysmoduleLoadModule(CELL_SYSMODULE_NETCTL)
HLE: W {PPU[1] Thread (main_thread)[0x00ecb010]} cellSysmodule warning: cellSysmoduleLoadModule(CELL_SYSMODULE_FONT)
HLE: W {PPU[1] Thread (main_thread)[0x00ecb010]} cellSysmodule warning: cellSysmoduleLoadModule(CELL_SYSMODULE_FREETYPE)
HLE: W {PPU[1] Thread (main_thread)[0x00ecb010]} cellSysmodule warning: cellSysmoduleLoadModule(CELL_SYSMODULE_FONTFT)
HLE: W {PPU[1] Thread (main_thread)[0x00ecb010]} cellSysmodule warning: cellSysmoduleLoadModule(CELL_SYSMODULE_SYSUTIL_NP)
HLE: W {PPU[1] Thread (main_thread)[0x00ecb010]} cellSysmodule warning: cellSysmoduleLoadModule(CELL_SYSMODULE_SYSUTIL_GAME)
HLE: W {PPU[1] Thread (main_thread)[0x00ecb010]} cellSysmodule warning: cellSysmoduleLoadModule(CELL_SYSMODULE_CAMERA)
HLE: W {PPU[1] Thread (main_thread)[0x00ecb010]} cellSysmodule warning: cellSysmoduleLoadModule(CELL_SYSMODULE_GEM)
HLE: W {PPU[1] Thread (main_thread)[0x00ecb010]} cellSysmodule warning: cellSysmoduleLoadModule(CELL_SYSMODULE_L10N)
HLE: W {PPU[1] Thread (main_thread)[0x00ecb010]} cellSysmodule warning: cellSysmoduleLoadModule(CELL_SYSMODULE_SYSUTIL_NP2)
HLE: W {PPU[1] Thread (main_thread)[0x00ecb010]} cellSysmodule warning: cellSysmoduleLoadModule(CELL_SYSMODULE_SYSUTIL_NP_TROPHY)
HLE: W {PPU[1] Thread (main_thread)[0x00ecb010]} cellSysmodule warning: cellSysmoduleLoadModule(CELL_SYSMODULE_VDEC_MPEG2)
HLE: W {PPU[1] Thread (main_thread)[0x00ecb010]} cellSysmodule warning: cellSysmoduleLoadModule(CELL_SYSMODULE_ADEC)
HLE: W {PPU[1] Thread (main_thread)[0x00ecb010]} cellSysmodule warning: cellSysmoduleLoadModule(CELL_SYSMODULE_DMUX_PAMF)
HLE: W {PPU[1] Thread (main_thread)[0x00ecb010]} cellSysmodule warning: cellSysmoduleLoadModule(CELL_SYSMODULE_PAMF)
HLE: W {PPU[1] Thread (main_thread)[0x00ecb010]} cellSysmodule warning: cellSysmoduleLoadModule(CELL_SYSMODULE_MIC)
HLE: W {PPU[1] Thread (main_thread)[0x00ed10a0]} cellSysutil warning: cellSysutilRegisterCallback(slot=0, func_addr=0xb5e6a8, userdata=0x0)
HLE: W {PPU[1] Thread (main_thread)[0x00ecd028]} cellGame warning: cellGameBootCheck(type_addr=0xd000fa70, attributes_addr=0xd000fa74, size_addr=0xd000fa78, dirName_addr=0xd000fa88)
HLE: W {PPU[1] Thread (main_thread)[0x00ecd01c]} cellGame warning: cellGameGetParamInt(id=102, value_addr=0xd9990c)
HLE: W {PPU[1] Thread (main_thread)[0x00ecd004]} cellGame warning: cellGameGetParamString(id=0, buf_addr=0xd99a36, bufsize=128)
HLE: W {PPU[1] Thread (main_thread)[0x00ecd004]} cellGame warning: cellGameGetParamString(id=100, buf_addr=0xd99a2c, bufsize=10)
HLE: W {PPU[1] Thread (main_thread)[0x00ecd010]} cellGame warning: cellGameContentPermit(contentInfoPath_addr=0xd000faa8, usrdirPath_addr=0xd000fb28)
HLE: W {PPU[1] Thread (main_thread)[0x00ed1040]} cellSysutil warning: cellSysutilGetSystemParamInt: CELL_SYSUTIL_SYSTEMPARAM_ID_LANG
HLE: W {PPU[1] Thread (main_thread)[0x00ed1028]} cellSysutil warning: cellSysCacheMount(param_addr=0xd994b8)
HLE: W {PPU[1] Thread (main_thread)[0x00263398]} sys_spu warning: sys_spu_initialize(max_usable_spu=6, max_raw_spu=0)
HLE: W {PPU[1] Thread (main_thread)[0x00edb154]} cellSpurs warning: _cellSpursAttributeInitialize(attr_addr=0xd000fa30, revision=2, sdkVersion=0x330000, nSpus=5, spuPriority=30, ppuPriority=1000, exitIfNoWork=0)
HLE: W {PPU[1] Thread (main_thread)[0x00edb1a8]} cellSpurs warning: cellSpursInitializeWithAttribute(spurs_addr=0x30503280, attr_addr=0xd000fa30)
HLE: ! {PPU[1] Thread (main_thread)[0x00edb1a8]} sys_semaphore : *** semaphore created [_spuWkl] (protocol=0x2): id = 29
HLE: ! {PPU[1] Thread (main_thread)[0x00edb1a8]} sys_semaphore : *** semaphore created [_spuWkl] (protocol=0x2): id = 30
HLE: ! {PPU[1] Thread (main_thread)[0x00edb1a8]} sys_semaphore : *** semaphore created [_spuWkl] (protocol=0x2): id = 31
HLE: ! {PPU[1] Thread (main_thread)[0x00edb1a8]} sys_semaphore : *** semaphore created [_spuWkl] (protocol=0x2): id = 32
HLE: ! {PPU[1] Thread (main_thread)[0x00edb1a8]} sys_semaphore : *** semaphore created [_spuWkl] (protocol=0x2): id = 33
HLE: ! {PPU[1] Thread (main_thread)[0x00edb1a8]} sys_semaphore : *** semaphore created [_spuWkl] (protocol=0x2): id = 34
HLE: ! {PPU[1] Thread (main_thread)[0x00edb1a8]} sys_semaphore : *** semaphore created [_spuWkl] (protocol=0x2): id = 35
HLE: ! {PPU[1] Thread (main_thread)[0x00edb1a8]} sys_semaphore : *** semaphore created [_spuWkl] (protocol=0x2): id = 36
HLE: ! {PPU[1] Thread (main_thread)[0x00edb1a8]} sys_semaphore : *** semaphore created [_spuWkl] (protocol=0x2): id = 37
HLE: ! {PPU[1] Thread (main_thread)[0x00edb1a8]} sys_semaphore : *** semaphore created [_spuWkl] (protocol=0x2): id = 38
HLE: ! {PPU[1] Thread (main_thread)[0x00edb1a8]} sys_semaphore : *** semaphore created [_spuWkl] (protocol=0x2): id = 39
HLE: ! {PPU[1] Thread (main_thread)[0x00edb1a8]} sys_semaphore : *** semaphore created [_spuWkl] (protocol=0x2): id = 40
HLE: ! {PPU[1] Thread (main_thread)[0x00edb1a8]} sys_semaphore : *** semaphore created [_spuWkl] (protocol=0x2): id = 41
HLE: ! {PPU[1] Thread (main_thread)[0x00edb1a8]} sys_semaphore : *** semaphore created [_spuWkl] (protocol=0x2): id = 42
HLE: ! {PPU[1] Thread (main_thread)[0x00edb1a8]} sys_semaphore : *** semaphore created [_spuWkl] (protocol=0x2): id = 43
HLE: ! {PPU[1] Thread (main_thread)[0x00edb1a8]} sys_semaphore : *** semaphore created [_spuWkl] (protocol=0x2): id = 44
HLE: ! {PPU[1] Thread (main_thread)[0x00edb1a8]} sys_semaphore : *** semaphore created [_spuPrv] (protocol=0x2): id = 45
HLE: ! {PPU[1] Thread (main_thread)[0x00edb1a8]} sys_spu : *** SPU Thread Group created [CellSpursKernelGroup] (num=5, prio=30, type=0x0, container=0): id=46
HLE: E {PPU[1] Thread (main_thread)[0x00edb1a8]} sys_spu TODO: Unsupported SPU Thread options (0x2)
HLE: W {PPU[1] Thread (main_thread)[0x00edb1a8]} sys_spu warning: *** New SPU Thread [CellSpursKernel0] (ep=0x0, opt=0x2, a1=0x0, a2=0x0, a3=0x0, a4=0x0): id=47, spu_offset=0x300b0000
HLE: E {PPU[1] Thread (main_thread)[0x00edb1a8]} sys_spu TODO: Unsupported SPU Thread options (0x2)
HLE: W {PPU[1] Thread (main_thread)[0x00edb1a8]} sys_spu warning: *** New SPU Thread [CellSpursKernel1] (ep=0x0, opt=0x2, a1=0x0, a2=0x0, a3=0x0, a4=0x0): id=48, spu_offset=0x31400000
HLE: E {PPU[1] Thread (main_thread)[0x00edb1a8]} sys_spu TODO: Unsupported SPU Thread options (0x2)
HLE: W {PPU[1] Thread (main_thread)[0x00edb1a8]} sys_spu warning: *** New SPU Thread [CellSpursKernel2] (ep=0x0, opt=0x2, a1=0x0, a2=0x0, a3=0x0, a4=0x0): id=49, spu_offset=0x31440000
HLE: E {PPU[1] Thread (main_thread)[0x00edb1a8]} sys_spu TODO: Unsupported SPU Thread options (0x2)
HLE: W {PPU[1] Thread (main_thread)[0x00edb1a8]} sys_spu warning: *** New SPU Thread [CellSpursKernel3] (ep=0x0, opt=0x2, a1=0x0, a2=0x0, a3=0x0, a4=0x0): id=50, spu_offset=0x31480000
HLE: E {PPU[1] Thread (main_thread)[0x00edb1a8]} sys_spu TODO: Unsupported SPU Thread options (0x2)
HLE: W {PPU[1] Thread (main_thread)[0x00edb1a8]} sys_spu warning: *** New SPU Thread [CellSpursKernel4] (ep=0x0, opt=0x2, a1=0x0, a2=0x0, a3=0x0, a4=0x0): id=51, spu_offset=0x314c0000
HLE: ! {PPU[1] Thread (main_thread)[0x00edb1a8]} sys_lwmutex : *** lwmutex created [_spuPrv] (attribute=0x22): sq_id = 52
HLE: W {PPU[1] Thread (main_thread)[0x00edb1a8]} sys_lwcond warning: *** lwcond created [_spuPrv] (lwmutex_addr=0x30504030): id = 53
HLE: W {PPU[1] Thread (main_thread)[0x00edb1a8]} sys_event warning: *** event_queue created [_spuPrv] (protocol=0x1, type=0x1, key=0x0, size=0x2a): id = 54
HLE: W {PPU[1] Thread (main_thread)[0x00edb1a8]} sys_spu warning: sys_spu_thread_group_connect_event_all_threads(id=46, eq_id=54, req=0xffffffffffff0000, spup_addr=0x30503349)
HLE: W {PPU[1] Thread (main_thread)[0x00edb1a8]} sys_spu warning: *** spup -> 16
HLE: W {PPU[1] Thread (main_thread)[0x00edb1a8]} sys_event warning: *** sys_event_port created: id = 55
HLE: W {PPU[1] Thread (main_thread)[0x00edb1a8]} sys_event warning: sys_event_port_connect_local(eport_id=55, equeue_id=54)
HLE: ! {PPU[1] Thread (main_thread)[0x00edb1a8]} sys_ppu_thread : *** New PPU Thread [SpursHdlr0] (joinable, entry=0x0): id = 56
HLE: W {PPU[56] Thread (SpursHdlr0)[0x00000000]} sys_spu warning: sys_spu_thread_group_start(id=46)
HLE: ! {PPU[1] Thread (main_thread)[0x00edb1a8]} sys_ppu_thread : *** New PPU Thread [SpursHdlr1] (joinable, entry=0x0): id = 57
HLE: E {PPU[1] Thread (main_thread)[0x00edb1a8]} sys_spu TODO: sys_spu_thread_group_connect_event(id=46, eq=54, et=0x2)
HLE: W {PPU[1] Thread (main_thread)[0x0028fcf8]} sys_event warning: sys_event_queue_create(equeue_id_addr=0xdbab30, attr_addr=0xd000f974, event_queue_key=0x0, size=127)
HLE: W {PPU[1] Thread (main_thread)[0x0028fcf8]} sys_event warning: *** event_queue created [] (protocol=0x2, type=0x1, key=0x0, size=0x7f): id = 58
HLE: ! {PPU[1] Thread (main_thread)[0x00aca01c]} sys_ppu_thread : *** New PPU Thread [Job Manager Event Handler] (joinable, entry=0xb5f368): id = 59
HLE: W {PPU[56] Thread (SpursHdlr0)[0x00000000]} sys_spu warning: sys_spu_thread_group_join(id=46, cause_addr=0x0, status_addr=0x0)
HLE: W {PPU[1] Thread (main_thread)[0x0028fd3c]} sys_event warning: sys_event_port_create(eport_id_addr=0xdbab44, port_type=0x1, name=0xd0a77)
HLE: W {PPU[1] Thread (main_thread)[0x0028fd3c]} sys_event warning: *** sys_event_port created: id = 60
HLE: W {PPU[1] Thread (main_thread)[0x0028fd4c]} sys_event warning: sys_event_port_connect_local(eport_id=60, equeue_id=58)
HLE: W {PPU[1] Thread (main_thread)[0x00edb1c0]} cellSpurs warning: cellSpursAttachLv2EventQueue(spurs_addr=0x30503280, queue=58, port_addr=0xd000f970, isDynamic=0)
HLE: W {PPU[1] Thread (main_thread)[0x00edb1c0]} sys_spu warning: sys_spu_thread_group_connect_event_all_threads(id=46, eq_id=58, req=0x2, spup_addr=0xd000f970)
HLE: W {PPU[1] Thread (main_thread)[0x00edb1c0]} sys_spu warning: *** spup -> 1
HLE: W {PPU[1] Thread (main_thread)[0x00ed3004]} sys_net warning: sys_net_initialize_network_ex(param_addr=0xd000fc30)
HLE: W {PPU[1] Thread (main_thread)[0x00ed5058]} cellNetCtl warning: cellNetCtlInit()
HLE: W {PPU[1] Thread (main_thread)[0x00eeb004]} sceNp warning: sceNp2Init(mem_size=0x20000, mem_addr=0x306071f0)
HLE: W {PPU[1] Thread (main_thread)[0x0025a984]} sys_mutex warning: *** mutex created [] (protocol=0x2, recursive=false): id = 61
HLE: W {PPU[1] Thread (main_thread)[0x0025a9f4]} sys_cond warning: *** condition created [] (mutex_id=61): id = 62
HLE: ! {PPU[1] Thread (main_thread)[0x00aca01c]} sys_ppu_thread : *** New PPU Thread [TrophyThread] (detached, entry=0xb5eab8): id = 63
HLE: W {PPU[1] Thread (main_thread)[0x00ecb010]} cellSysmodule warning: cellSysmoduleLoadModule(CELL_SYSMODULE_IO)
HLE: W {PPU[1] Thread (main_thread)[0x00ecb010]} cellSysmodule warning: cellSysmoduleLoadModule(CELL_SYSMODULE_FS)
HLE: W {PPU[1] Thread (main_thread)[0x00aca034]} sys_lwmutex warning: sys_lwmutex_create(lwmutex_addr=0x30c00020, attr_addr=0xd000f810)
HLE: ! {PPU[1] Thread (main_thread)[0x00aca034]} sys_lwmutex : *** lwmutex created [opWait] (attribute=0x12): sq_id = 64
HLE: W {PPU[1] Thread (main_thread)[0x00aca100]} sys_lwcond warning: *** lwcond created [opWait] (lwmutex_addr=0x30c00020): id = 65
HLE: W {PPU[1] Thread (main_thread)[0x00aca034]} sys_lwmutex warning: sys_lwmutex_create(lwmutex_addr=0x30d000a0, attr_addr=0xd000f7a0)
HLE: ! {PPU[1] Thread (main_thread)[0x00aca034]} sys_lwmutex : *** lwmutex created [s_media] (attribute=0x12): sq_id = 66
HLE: W {PPU[1] Thread (main_thread)[0x00aca034]} sys_lwmutex warning: sys_lwmutex_create(lwmutex_addr=0x30d000e0, attr_addr=0xd000f820)
HLE: ! {PPU[1] Thread (main_thread)[0x00aca034]} sys_lwmutex : *** lwmutex created [media.m] (attribute=0x12): sq_id = 67
HLE: W {PPU[1] Thread (main_thread)[0x00aca034]} sys_lwmutex warning: sys_lwmutex_create(lwmutex_addr=0x30d00168, attr_addr=0xd000f8c0)
HLE: ! {PPU[1] Thread (main_thread)[0x00aca034]} sys_lwmutex : *** lwmutex created [ps3medi] (attribute=0x12): sq_id = 68
HLE: W {PPU[1] Thread (main_thread)[0x0033cd94]} sys_rwlock warning: sys_rwlock_create(rw_lock_id_addr=0x30d0019c, attr_addr=0xd000f8b0)
HLE: E {PPU[1] Thread (main_thread)[0x0033cd94]} sys_rwlock TODO: SYS_SYNC_PRIORITY
HLE: W {PPU[1] Thread (main_thread)[0x0033cd94]} sys_rwlock warning: *** rwlock created [] (protocol=0x2): id = 69
HLE: W {PPU[1] Thread (main_thread)[0x00aca034]} sys_lwmutex warning: sys_lwmutex_create(lwmutex_addr=0x30d001b8, attr_addr=0xd000f8c0)
HLE: ! {PPU[1] Thread (main_thread)[0x00aca034]} sys_lwmutex : *** lwmutex created [media.m] (attribute=0x12): sq_id = 70
HLE: W {PPU[1] Thread (main_thread)[0x00aca100]} sys_lwcond warning: *** lwcond created [media.m] (lwmutex_addr=0x30d001b8): id = 71
HLE: W {PPU[1] Thread (main_thread)[0x0033cd94]} sys_rwlock warning: sys_rwlock_create(rw_lock_id_addr=0x30d0053c, attr_addr=0xd000f8b0)
HLE: E {PPU[1] Thread (main_thread)[0x0033cd94]} sys_rwlock TODO: SYS_SYNC_PRIORITY
HLE: W {PPU[1] Thread (main_thread)[0x0033cd94]} sys_rwlock warning: *** rwlock created [] (protocol=0x2): id = 72
HLE: W {PPU[1] Thread (main_thread)[0x00aca034]} sys_lwmutex warning: sys_lwmutex_create(lwmutex_addr=0x30d00570, attr_addr=0xd000f780)
HLE: ! {PPU[1] Thread (main_thread)[0x00aca034]} sys_lwmutex : *** lwmutex created [media.m] (attribute=0x12): sq_id = 73
HLE: W {PPU[1] Thread (main_thread)[0x0033cd94]} sys_rwlock warning: sys_rwlock_create(rw_lock_id_addr=0x30d005f4, attr_addr=0xd000f8a0)
HLE: E {PPU[1] Thread (main_thread)[0x0033cd94]} sys_rwlock TODO: SYS_SYNC_PRIORITY
HLE: W {PPU[1] Thread (main_thread)[0x0033cd94]} sys_rwlock warning: *** rwlock created [] (protocol=0x2): id = 74
HLE: W {PPU[1] Thread (main_thread)[0x0033cd94]} sys_rwlock warning: sys_rwlock_create(rw_lock_id_addr=0x30d00e74, attr_addr=0xd000f8a0)
HLE: E {PPU[1] Thread (main_thread)[0x0033cd94]} sys_rwlock TODO: SYS_SYNC_PRIORITY
HLE: W {PPU[1] Thread (main_thread)[0x0033cd94]} sys_rwlock warning: *** rwlock created [] (protocol=0x2): id = 75
HLE: W {PPU[1] Thread (main_thread)[0x00aca034]} sys_lwmutex warning: sys_lwmutex_create(lwmutex_addr=0x30d01040, attr_addr=0xd000f820)
HLE: ! {PPU[1] Thread (main_thread)[0x00aca034]} sys_lwmutex : *** lwmutex created [media.m] (attribute=0x12): sq_id = 76
HLE: W {PPU[1] Thread (main_thread)[0x00aca034]} sys_lwmutex warning: sys_lwmutex_create(lwmutex_addr=0x30d010c8, attr_addr=0xd000f8c0)
HLE: ! {PPU[1] Thread (main_thread)[0x00aca034]} sys_lwmutex : *** lwmutex created [ps3medi] (attribute=0x12): sq_id = 77
HLE: W {PPU[1] Thread (main_thread)[0x0033cd94]} sys_rwlock warning: sys_rwlock_create(rw_lock_id_addr=0x30d010fc, attr_addr=0xd000f8b0)
HLE: E {PPU[1] Thread (main_thread)[0x0033cd94]} sys_rwlock TODO: SYS_SYNC_PRIORITY
HLE: W {PPU[1] Thread (main_thread)[0x0033cd94]} sys_rwlock warning: *** rwlock created [] (protocol=0x2): id = 78
HLE: W {PPU[1] Thread (main_thread)[0x00aca034]} sys_lwmutex warning: sys_lwmutex_create(lwmutex_addr=0x30d01118, attr_addr=0xd000f8c0)
HLE: ! {PPU[1] Thread (main_thread)[0x00aca034]} sys_lwmutex : *** lwmutex created [media.m] (attribute=0x12): sq_id = 79
HLE: W {PPU[1] Thread (main_thread)[0x00aca100]} sys_lwcond warning: *** lwcond created [media.m] (lwmutex_addr=0x30d01118): id = 80
HLE: W {PPU[1] Thread (main_thread)[0x00aca034]} sys_lwmutex warning: sys_lwmutex_create(lwmutex_addr=0x30d014d0, attr_addr=0xd000f7b0)
HLE: ! {PPU[1] Thread (main_thread)[0x00aca034]} sys_lwmutex : *** lwmutex created [schedul] (attribute=0x12): sq_id = 81
HLE: W {PPU[1] Thread (main_thread)[0x00aca034]} sys_lwmutex warning: sys_lwmutex_create(lwmutex_addr=0x30d014f8, attr_addr=0xd000f7b0)
HLE: ! {PPU[1] Thread (main_thread)[0x00aca034]} sys_lwmutex : *** lwmutex created [schedul] (attribute=0x12): sq_id = 82
HLE: W {PPU[1] Thread (main_thread)[0x0033cd94]} sys_rwlock warning: sys_rwlock_create(rw_lock_id_addr=0x30d0151c, attr_addr=0xd000f7a0)
HLE: E {PPU[1] Thread (main_thread)[0x0033cd94]} sys_rwlock TODO: SYS_SYNC_PRIORITY
HLE: W {PPU[1] Thread (main_thread)[0x0033cd94]} sys_rwlock warning: *** rwlock created [] (protocol=0x2): id = 83
HLE: W {PPU[1] Thread (main_thread)[0x00aca034]} sys_lwmutex warning: sys_lwmutex_create(lwmutex_addr=0x30d01538, attr_addr=0xd000f7b0)
HLE: ! {PPU[1] Thread (main_thread)[0x00aca034]} sys_lwmutex : *** lwmutex created [schedul] (attribute=0x12): sq_id = 84
HLE: W {PPU[1] Thread (main_thread)[0x00aca034]} sys_lwmutex warning: sys_lwmutex_create(lwmutex_addr=0x30d015a0, attr_addr=0xd000f7b0)
HLE: ! {PPU[1] Thread (main_thread)[0x00aca034]} sys_lwmutex : *** lwmutex created [schedul] (attribute=0x12): sq_id = 85
HLE: W {PPU[1] Thread (main_thread)[0x00aca100]} sys_lwcond warning: *** lwcond created [schedul] (lwmutex_addr=0x30d015a0): id = 86
SPU: E {SPU[50] Thread (CellSpursKernel3)[0x00000a00]} SPURecompilerCore::Compile(ls_addr=0xa00): branch to 0x0 opcode
SPU: E {SPU[48] Thread (CellSpursKernel1)[0x00000a00]} SPURecompilerCore::Compile(ls_addr=0xa00): branch to 0x0 opcode
SPU: E {SPU[47] Thread (CellSpursKernel0)[0x00000a00]} SPURecompilerCore::Compile(ls_addr=0xa00): branch to 0x0 opcode
SPU: E {SPU[49] Thread (CellSpursKernel2)[0x00000a00]} SPURecompilerCore::Compile(ls_addr=0xa00): branch to 0x0 opcode
SPU: E {SPU[51] Thread (CellSpursKernel4)[0x00000a00]} SPURecompilerCore::Compile(ls_addr=0xa00): branch to 0x0 opcode
HLE: W {PPU[1] Thread (main_thread)[0x00aca100]} sys_lwcond warning: *** lwcond created [schedul] (lwmutex_addr=0x30d015a0): id = 87
HLE: W {PPU[1] Thread (main_thread)[0x00aca034]} sys_lwmutex warning: sys_lwmutex_create(lwmutex_addr=0x30d015f8, attr_addr=0xd000f7b0)
HLE: ! {PPU[1] Thread (main_thread)[0x00aca034]} sys_lwmutex : *** lwmutex created [schedul] (attribute=0x12): sq_id = 88
HLE: W {PPU[1] Thread (main_thread)[0x00aca034]} sys_lwmutex warning: sys_lwmutex_create(lwmutex_addr=0x30d01648, attr_addr=0xd000f7b0)
HLE: ! {PPU[1] Thread (main_thread)[0x00aca034]} sys_lwmutex : *** lwmutex created [schedul] (attribute=0x12): sq_id = 89
HLE: W {PPU[1] Thread (main_thread)[0x00aca100]} sys_lwcond warning: *** lwcond created [fios wo] (lwmutex_addr=0x30d01648): id = 90
HLE: W {PPU[1] Thread (main_thread)[0x00aca100]} sys_lwcond warning: *** lwcond created [fios wo] (lwmutex_addr=0x30d01648): id = 91
HLE: ! {PPU[1] Thread (main_thread)[0x00aca01c]} sys_ppu_thread : *** New PPU Thread [fios mediathread 2] (joinable, entry=0xb671d0): id = 92
HLE: ! {PPU[1] Thread (main_thread)[0x00aca01c]} sys_ppu_thread : *** New PPU Thread [fios mediathread 3] (joinable, entry=0xb671d0): id = 93
HLE: ! {PPU[1] Thread (main_thread)[0x00aca01c]} sys_ppu_thread : *** New PPU Thread [fios scheduler 1] (joinable, entry=0xb671d0): id = 94
HLE: W {PPU[1] Thread (main_thread)[0x00aca034]} sys_lwmutex warning: sys_lwmutex_create(lwmutex_addr=0x30d163b0, attr_addr=0xd000f6c0)
HLE: ! {PPU[1] Thread (main_thread)[0x00aca034]} sys_lwmutex : *** lwmutex created [media.m] (attribute=0x12): sq_id = 95
HLE: W {PPU[1] Thread (main_thread)[0x0033cd94]} sys_rwlock warning: sys_rwlock_create(rw_lock_id_addr=0x30d16434, attr_addr=0xd000f7e0)
HLE: E {PPU[1] Thread (main_thread)[0x0033cd94]} sys_rwlock TODO: SYS_SYNC_PRIORITY
HLE: W {PPU[1] Thread (main_thread)[0x0033cd94]} sys_rwlock warning: *** rwlock created [] (protocol=0x2): id = 96
HLE: W {PPU[1] Thread (main_thread)[0x00aca034]} sys_lwmutex warning: sys_lwmutex_create(lwmutex_addr=0x30d16450, attr_addr=0xd000f7f0)
HLE: ! {PPU[1] Thread (main_thread)[0x00aca034]} sys_lwmutex : *** lwmutex created [cache_f] (attribute=0x12): sq_id = 97
HLE: W {PPU[1] Thread (main_thread)[0x00aca034]} sys_lwmutex warning: sys_lwmutex_create(lwmutex_addr=0x30d165d8, attr_addr=0xd000f890)
HLE: ! {PPU[1] Thread (main_thread)[0x00aca034]} sys_lwmutex : *** lwmutex created [schedul] (attribute=0x12): sq_id = 98
HLE: W {PPU[63] Thread (TrophyThread)[0x00ee7070]} sceNpTrophy warning: sceNpTrophyCreateContext(context_addr=0xd993dc, commID_addr=0xba72b9, commSign_addr=0xba7345, options=0x0)
HLE: W {PPU[92] Thread (fios mediathread 2)[0x00ace04c]} sys_fs warning: cellFsStat(path="/dev_hdd1/cache/BCES01186/CacheFios", sb_addr=0xd00bf704)
HLE: W {PPU[92] Thread (fios mediathread 2)[0x00ace04c]} sys_fs warning: cellFsStat: "/dev_hdd1/cache/BCES01186/CacheFios" not found.
HLE: W {PPU[92] Thread (fios mediathread 2)[0x00ace04c]} sys_fs warning: cellFsStat(path="/dev_hdd1/cache/BCES01186/CacheFios", sb_addr=0xd00bf704)
HLE: W {PPU[92] Thread (fios mediathread 2)[0x00ace04c]} sys_fs warning: cellFsStat: "/dev_hdd1/cache/BCES01186/CacheFios" not found.
HLE: W {PPU[92] Thread (fios mediathread 2)[0x00ace088]} sys_fs warning: cellFsMkdir(path="/dev_hdd1/cache/BCES01186/CacheFios", mode=0x1c0)
HLE: W {PPU[92] Thread (fios mediathread 2)[0x00ace040]} vfsLocalFile::Create('d:/emulateurs/rpcs3/dev_hdd1/cache/bces01186/cachefios/cache.idx')
HLE: ! {PPU[92] Thread (fios mediathread 2)[0x00ace040]} sys_fs : "/dev_hdd1/cache/BCES01186/CacheFios/cache.idx" opened: fd = 99
HLE: W {PPU[92] Thread (fios mediathread 2)[0x00ace0d0]} sys_fs warning: cellFsFstat(fd=99, sb_addr=0xd00bf704)
HLE: W {PPU[63] Thread (TrophyThread)[0x00ee7010]} sceNpTrophy warning: sceNpTrophyCreateHandle(handle_addr=0xd993d8)
HLE: W {PPU[63] Thread (TrophyThread)[0x00ed10e8]} cellSysutil warning: cellSaveDataAutoLoad2(version=0, dirName_addr=0xd00afcd0, errDialog=1, setBuf=0xd00afcf0, funcList=0xb5ea30, funcStat=0xb5ea18, funcFile=0xffffffff, container=0x0, userdata_addr=0x61df210)
HLE: W {PPU[63] Thread (TrophyThread)[0x00aca0a0]} sys_lwmutex warning: sys_lwmutex_destroy(lwmutex_addr=0xd00afae0)
HLE: E {PPU[63] Thread (TrophyThread)[0x0023c690]} sys_vm TODO: sys_vm_invalidate(addr=0x61f00000,size=0x670000)
HLE: E {PPU[63] Thread (TrophyThread)[0x0023c6a0]} sys_vm TODO: sys_vm_sync(addr=0x61f00000,size=0x670000)
HLE: W {PPU[63] Thread (TrophyThread)[0x00aca034]} sys_lwmutex warning: sys_lwmutex_create(lwmutex_addr=0x61f00030, attr_addr=0xd00afa50)
HLE: ! {PPU[63] Thread (TrophyThread)[0x00aca034]} sys_lwmutex : *** lwmutex created [] (attribute=0x22): sq_id = 100
HLE: E {PPU[63] Thread (TrophyThread)[0x0023c584]} sys_vm TODO: sys_vm_unlock(addr=0x61f00000,size=0x670000)
HLE: E {PPU[63] Thread (TrophyThread)[0x0023c594]} sys_vm TODO: sys_vm_unlock(addr=0x61500000,size=0xa00000)
HLE: E {PPU[63] Thread (TrophyThread)[0x0023c5a4]} sys_vm TODO: sys_vm_lock(addr=0x60000000,size=0x1500000)
HLE: E {PPU[63] Thread (TrophyThread)[0x0023c5b4]} sys_vm TODO: sys_vm_touch(addr=0x60000000,size=0x1500000)
HLE: W {PPU[63] Thread (TrophyThread)[0x00ee7028]} sceNpTrophy warning: sceNpTrophyGetRequiredDiskSpace(context=0, handle=0, reqspace_addr=0xd00afd30, options=0x0)
HLE: W {PPU[92] Thread (fios mediathread 2)[0x00ace040]} vfsLocalFile::Create('d:/emulateurs/rpcs3/dev_hdd1/cache/bces01186/cachefios/cache.dat')
HLE: ! {PPU[92] Thread (fios mediathread 2)[0x00ace040]} sys_fs : "/dev_hdd1/cache/BCES01186/CacheFios/cache.dat" opened: fd = 101
HLE: W {PPU[92] Thread (fios mediathread 2)[0x00ace0d0]} sys_fs warning: cellFsFstat(fd=101, sb_addr=0xd00bf704)
HLE: W {PPU[1] Thread (main_thread)[0x00ace0c4]} sys_fs warning: cellFsGetFreeSize(path="/dev_hdd1", block_size_addr=0xd000f2a0, block_count_addr=0xd000f2a8)
HLE: W {PPU[63] Thread (TrophyThread)[0x00ee7004]} sceNpTrophy warning: sceNpTrophyRegisterContext(context=0, handle=0, statusCb_addr=0xb5eaa0, arg_addr=0x0, options=0x0)
HLE: W {PPU[63] Thread (TrophyThread)[0x00ee7004]} vfsLocalFile::Create('d:/emulateurs/rpcs3/dev_hdd0/home/00000001/trophy/npwr00927_00/tropconf.sfm')
HLE: W {PPU[1] Thread (main_thread)[0x00aca034]} sys_lwmutex warning: sys_lwmutex_create(lwmutex_addr=0x30d24670, attr_addr=0xd000f700)
HLE: ! {PPU[1] Thread (main_thread)[0x00aca034]} sys_lwmutex : *** lwmutex created [media.m] (attribute=0x12): sq_id = 102
HLE: W {PPU[1] Thread (main_thread)[0x0033cd94]} sys_rwlock warning: sys_rwlock_create(rw_lock_id_addr=0x30d246f4, attr_addr=0xd000f820)
HLE: E {PPU[1] Thread (main_thread)[0x0033cd94]} sys_rwlock TODO: SYS_SYNC_PRIORITY
HLE: W {PPU[1] Thread (main_thread)[0x0033cd94]} sys_rwlock warning: *** rwlock created [] (protocol=0x2): id = 103
HLE: W {PPU[1] Thread (main_thread)[0x00aca034]} sys_lwmutex warning: sys_lwmutex_create(lwmutex_addr=0x30d24710, attr_addr=0xd000f830)
HLE: ! {PPU[1] Thread (main_thread)[0x00aca034]} sys_lwmutex : *** lwmutex created [cache_f] (attribute=0x12): sq_id = 104
HLE: E {PPU[1] Thread (main_thread)[0x00edb028]} cellSpurs TODO: _cellSpursTasksetAttributeInitialize
HLE: E {PPU[1] Thread (main_thread)[0x00edb0f4]} cellSpurs TODO: cellSpursTasksetAttributeSetName
HLE: E {PPU[1] Thread (main_thread)[0x00edb1d8]} cellSpurs TODO: cellSpursCreateTasksetWithAttribute
HLE: E {PPU[1] Thread (main_thread)[0x00edb0dc]} cellSpurs TODO: _cellSpursEventFlagInitialize
HLE: E {PPU[1] Thread (main_thread)[0x00edb130]} cellSpurs TODO: cellSpursEventFlagAttachLv2EventQueue
HLE: E {PPU[1] Thread (main_thread)[0x00edb004]} cellSpurs TODO: _cellSpursLFQueueInitialize
HLE: E {PPU[1] Thread (main_thread)[0x00edb034]} cellSpurs TODO: cellSpursLFQueueAttachLv2EventQueue
HLE: E {PPU[1] Thread (main_thread)[0x00edb22c]} cellSpurs TODO: cellSpursCreateTask
HLE: W {PPU[1] Thread (main_thread)[0x00aca034]} sys_lwmutex warning: sys_lwmutex_create(lwmutex_addr=0x30d47040, attr_addr=0xd000f760)
HLE: ! {PPU[1] Thread (main_thread)[0x00aca034]} sys_lwmutex : *** lwmutex created [media.m] (attribute=0x12): sq_id = 105
HLE: W {PPU[1] Thread (main_thread)[0x0033cd94]} sys_rwlock warning: sys_rwlock_create(rw_lock_id_addr=0x30d470c4, attr_addr=0xd000f880)
HLE: E {PPU[1] Thread (main_thread)[0x0033cd94]} sys_rwlock TODO: SYS_SYNC_PRIORITY
HLE: W {PPU[1] Thread (main_thread)[0x0033cd94]} sys_rwlock warning: *** rwlock created [] (protocol=0x2): id = 106
HLE: W {PPU[1] Thread (main_thread)[0x00aca034]} sys_lwmutex warning: sys_lwmutex_create(lwmutex_addr=0x30d470e0, attr_addr=0xd000f890)
HLE: ! {PPU[1] Thread (main_thread)[0x00aca034]} sys_lwmutex : *** lwmutex created [dearchi] (attribute=0x12): sq_id = 107
HLE: W {PPU[1] Thread (main_thread)[0x00aca034]} sys_lwmutex warning: sys_lwmutex_create(lwmutex_addr=0x30d47108, attr_addr=0xd000f890)
HLE: ! {PPU[1] Thread (main_thread)[0x00aca034]} sys_lwmutex : *** lwmutex created [dearchi] (attribute=0x12): sq_id = 108
HLE: W {PPU[1] Thread (main_thread)[0x00aca034]} sys_lwmutex warning: sys_lwmutex_create(lwmutex_addr=0x30d471a0, attr_addr=0xd000f890)
HLE: ! {PPU[1] Thread (main_thread)[0x00aca034]} sys_lwmutex : *** lwmutex created [dearchi] (attribute=0x12): sq_id = 109
HLE: W {PPU[1] Thread (main_thread)[0x00aca100]} sys_lwcond warning: *** lwcond created [dearchi] (lwmutex_addr=0x30d471a0): id = 110
HLE: W {PPU[1] Thread (main_thread)[0x00aca034]} sys_lwmutex warning: sys_lwmutex_create(lwmutex_addr=0x30d47270, attr_addr=0xd000f890)
HLE: ! {PPU[1] Thread (main_thread)[0x00aca034]} sys_lwmutex : *** lwmutex created [dearchi] (attribute=0x12): sq_id = 111
HLE: W {PPU[92] Thread (fios mediathread 2)[0x00ace0d0]} sys_fs warning: cellFsFstat(fd=99, sb_addr=0xd00bf704)
HLE: W {PPU[63] Thread (TrophyThread)[0x00ee7004]} vfsLocalFile::Create('d:/emulateurs/rpcs3/dev_hdd0/home/00000001/trophy/npwr00927_00/icon0.png')
HLE: W {PPU[63] Thread (TrophyThread)[0x00ee7004]} vfsLocalFile::Create('d:/emulateurs/rpcs3/dev_hdd0/home/00000001/trophy/npwr00927_00/trop000.png')
HLE: W {PPU[63] Thread (TrophyThread)[0x00ee7004]} vfsLocalFile::Create('d:/emulateurs/rpcs3/dev_hdd0/home/00000001/trophy/npwr00927_00/trop001.png')
HLE: W {PPU[63] Thread (TrophyThread)[0x00ee7004]} vfsLocalFile::Create('d:/emulateurs/rpcs3/dev_hdd0/home/00000001/trophy/npwr00927_00/trop002.png')
HLE: W {PPU[63] Thread (TrophyThread)[0x00ee7004]} vfsLocalFile::Create('d:/emulateurs/rpcs3/dev_hdd0/home/00000001/trophy/npwr00927_00/trop003.png')
HLE: W {PPU[63] Thread (TrophyThread)[0x00ee7004]} vfsLocalFile::Create('d:/emulateurs/rpcs3/dev_hdd0/home/00000001/trophy/npwr00927_00/trop004.png')
HLE: W {PPU[63] Thread (TrophyThread)[0x00ee7004]} vfsLocalFile::Create('d:/emulateurs/rpcs3/dev_hdd0/home/00000001/trophy/npwr00927_00/trop005.png')
HLE: W {PPU[63] Thread (TrophyThread)[0x00ee7004]} vfsLocalFile::Create('d:/emulateurs/rpcs3/dev_hdd0/home/00000001/trophy/npwr00927_00/trop006.png')
HLE: W {PPU[63] Thread (TrophyThread)[0x00ee7004]} vfsLocalFile::Create('d:/emulateurs/rpcs3/dev_hdd0/home/00000001/trophy/npwr00927_00/trop007.png')
HLE: W {PPU[63] Thread (TrophyThread)[0x00ee7004]} vfsLocalFile::Create('d:/emulateurs/rpcs3/dev_hdd0/home/00000001/trophy/npwr00927_00/trop008.png')
HLE: W {PPU[63] Thread (TrophyThread)[0x00ee7004]} vfsLocalFile::Create('d:/emulateurs/rpcs3/dev_hdd0/home/00000001/trophy/npwr00927_00/trop009.png')
HLE: W {PPU[63] Thread (TrophyThread)[0x00ee7004]} vfsLocalFile::Create('d:/emulateurs/rpcs3/dev_hdd0/home/00000001/trophy/npwr00927_00/trop010.png')
HLE: W {PPU[63] Thread (TrophyThread)[0x00ee7004]} vfsLocalFile::Create('d:/emulateurs/rpcs3/dev_hdd0/home/00000001/trophy/npwr00927_00/trop011.png')
HLE: W {PPU[63] Thread (TrophyThread)[0x00ee7004]} vfsLocalFile::Create('d:/emulateurs/rpcs3/dev_hdd0/home/00000001/trophy/npwr00927_00/tropusr.dat')
HLE: W {PPU[63] Thread (TrophyThread)[0x00ee7064]} sceNpTrophy warning: sceNpTrophyGetTrophyUnlockState(context=0, handle=0, flags_addr=0xd993e0, count_addr=0xd993f0)
HLE: E {PPU[63] Thread (TrophyThread)[0x00ee701c]} sceNpTrophy TODO: sceNpTrophySetSoundLevel
HLE: W {PPU[1] Thread (main_thread)[0x00aca034]} sys_lwmutex warning: sys_lwmutex_create(lwmutex_addr=0x30d24ba0, attr_addr=0xd000f7b0)
HLE: ! {PPU[1] Thread (main_thread)[0x00aca034]} sys_lwmutex : *** lwmutex created [schedul] (attribute=0x12): sq_id = 112
HLE: W {PPU[1] Thread (main_thread)[0x00aca034]} sys_lwmutex warning: sys_lwmutex_create(lwmutex_addr=0x30d24bc8, attr_addr=0xd000f7b0)
HLE: ! {PPU[1] Thread (main_thread)[0x00aca034]} sys_lwmutex : *** lwmutex created [schedul] (attribute=0x12): sq_id = 113
HLE: W {PPU[1] Thread (main_thread)[0x0033cd94]} sys_rwlock warning: sys_rwlock_create(rw_lock_id_addr=0x30d24bec, attr_addr=0xd000f7a0)
HLE: E {PPU[1] Thread (main_thread)[0x0033cd94]} sys_rwlock TODO: SYS_SYNC_PRIORITY
HLE: W {PPU[1] Thread (main_thread)[0x0033cd94]} sys_rwlock warning: *** rwlock created [] (protocol=0x2): id = 114
HLE: W {PPU[1] Thread (main_thread)[0x00aca034]} sys_lwmutex warning: sys_lwmutex_create(lwmutex_addr=0x30d24c08, attr_addr=0xd000f7b0)
HLE: ! {PPU[1] Thread (main_thread)[0x00aca034]} sys_lwmutex : *** lwmutex created [schedul] (attribute=0x12): sq_id = 115
HLE: W {PPU[1] Thread (main_thread)[0x00aca034]} sys_lwmutex warning: sys_lwmutex_create(lwmutex_addr=0x30d24c70, attr_addr=0xd000f7b0)
HLE: ! {PPU[1] Thread (main_thread)[0x00aca034]} sys_lwmutex : *** lwmutex created [schedul] (attribute=0x12): sq_id = 116
HLE: W {PPU[1] Thread (main_thread)[0x00aca100]} sys_lwcond warning: *** lwcond created [schedul] (lwmutex_addr=0x30d24c70): id = 117
HLE: W {PPU[1] Thread (main_thread)[0x00aca100]} sys_lwcond warning: *** lwcond created [schedul] (lwmutex_addr=0x30d24c70): id = 118
HLE: W {PPU[1] Thread (main_thread)[0x00aca034]} sys_lwmutex warning: sys_lwmutex_create(lwmutex_addr=0x30d24cc8, attr_addr=0xd000f7b0)
HLE: ! {PPU[1] Thread (main_thread)[0x00aca034]} sys_lwmutex : *** lwmutex created [schedul] (attribute=0x12): sq_id = 119
HLE: W {PPU[1] Thread (main_thread)[0x00aca034]} sys_lwmutex warning: sys_lwmutex_create(lwmutex_addr=0x30d24d18, attr_addr=0xd000f7b0)
HLE: ! {PPU[1] Thread (main_thread)[0x00aca034]} sys_lwmutex : *** lwmutex created [schedul] (attribute=0x12): sq_id = 120
HLE: W {PPU[1] Thread (main_thread)[0x00aca100]} sys_lwcond warning: *** lwcond created [fios wo] (lwmutex_addr=0x30d24d18): id = 121
HLE: W {PPU[1] Thread (main_thread)[0x00aca100]} sys_lwcond warning: *** lwcond created [fios wo] (lwmutex_addr=0x30d24d18): id = 122
HLE: W {PPU[1] Thread (main_thread)[0x00aca100]} sys_lwcond warning: *** lwcond created [fios wo] (lwmutex_addr=0x30d24d18): id = 123
HLE: ! {PPU[1] Thread (main_thread)[0x00aca01c]} sys_ppu_thread : *** New PPU Thread [fios mediathread 5] (joinable, entry=0xb671d0): id = 124
HLE: ! {PPU[1] Thread (main_thread)[0x00aca01c]} sys_ppu_thread : *** New PPU Thread [fios mediathread 6] (joinable, entry=0xb671d0): id = 125
HLE: ! {PPU[1] Thread (main_thread)[0x00aca01c]} sys_ppu_thread : *** New PPU Thread [fios mediathread 7] (joinable, entry=0xb671d0): id = 126
HLE: ! {PPU[1] Thread (main_thread)[0x00aca01c]} sys_ppu_thread : *** New PPU Thread [fios scheduler 4] (joinable, entry=0xb671d0): id = 127
HLE: W {PPU[124] Thread (fios mediathread 5)[0x00ace07c]} sys_fs warning: cellFsSdataOpen(path="/dev_bdvd/PS3_GAME/USRDIR/target/lang/fr_scripts.psarc.sdat", flags=0x0, fd_addr=0xd00eeb84, arg_addr=0x0, size=0x0) -> cellFsOpen()
HLE: ! {PPU[124] Thread (fios mediathread 5)[0x00ace07c]} sys_fs : "/dev_bdvd/PS3_GAME/USRDIR/target/lang/fr_scripts.psarc.sdat" opened: fd = 128
HLE: W {PPU[124] Thread (fios mediathread 5)[0x00ace0d0]} sys_fs warning: cellFsFstat(fd=128, sb_addr=0xd00eec44)
HLE: W {PPU[124] Thread (fios mediathread 5)[0x00ace010]} sys_fs warning: cellFsClose(fd=128)
HLE: W {PPU[124] Thread (fios mediathread 5)[0x00ace07c]} sys_fs warning: cellFsSdataOpen(path="/dev_bdvd/PS3_GAME/USRDIR/target/lua/scripts.psarc.sdat", flags=0x0, fd_addr=0xd00eeb84, arg_addr=0x0, size=0x0) -> cellFsOpen()
HLE: ! {PPU[124] Thread (fios mediathread 5)[0x00ace07c]} sys_fs : "/dev_bdvd/PS3_GAME/USRDIR/target/lua/scripts.psarc.sdat" opened: fd = 129
HLE: W {PPU[124] Thread (fios mediathread 5)[0x00ace0d0]} sys_fs warning: cellFsFstat(fd=129, sb_addr=0xd00eec44)
HLE: W {PPU[124] Thread (fios mediathread 5)[0x00ace010]} sys_fs warning: cellFsClose(fd=129)
HLE: ! {PPU[124] Thread (fios mediathread 5)[0x00ace040]} sys_fs : "/dev_bdvd/PS3_GAME/USRDIR/target/lang/fr.psarc" opened: fd = 130
HLE: W {PPU[124] Thread (fios mediathread 5)[0x00ace0d0]} sys_fs warning: cellFsFstat(fd=130, sb_addr=0xd00eec44)
HLE: W {PPU[124] Thread (fios mediathread 5)[0x00ace04c]} sys_fs warning: cellFsStat(path="/dev_bdvd/PS3_GAME/USRDIR/target/lang/fr.psarc", sb_addr=0xd00eec34)
HLE: W {PPU[124] Thread (fios mediathread 5)[0x00343730]} sys_time warning: sys_time_get_timezone(timezone_addr=0xd00eead0, summertime_addr=0xd00eead4)
HLE: W {PPU[124] Thread (fios mediathread 5)[0x00343730]} cellSysutil warning: cellSysutilGetSystemParamInt: CELL_SYSUTIL_SYSTEMPARAM_ID_TIMEZONE
HLE: W {PPU[124] Thread (fios mediathread 5)[0x00343730]} cellSysutil warning: cellSysutilGetSystemParamInt: CELL_SYSUTIL_SYSTEMPARAM_ID_SUMMERTIME
HLE: W {PPU[124] Thread (fios mediathread 5)[0x003451f4]} sys_time warning: sys_time_get_timezone(timezone_addr=0xd00eea20, summertime_addr=0xd00eea24)
HLE: W {PPU[124] Thread (fios mediathread 5)[0x003451f4]} cellSysutil warning: cellSysutilGetSystemParamInt: CELL_SYSUTIL_SYSTEMPARAM_ID_TIMEZONE
HLE: W {PPU[124] Thread (fios mediathread 5)[0x003451f4]} cellSysutil warning: cellSysutilGetSystemParamInt: CELL_SYSUTIL_SYSTEMPARAM_ID_SUMMERTIME
HLE: W {PPU[124] Thread (fios mediathread 5)[0x00343730]} sys_time warning: sys_time_get_timezone(timezone_addr=0xd00eead0, summertime_addr=0xd00eead4)
HLE: W {PPU[124] Thread (fios mediathread 5)[0x00343730]} cellSysutil warning: cellSysutilGetSystemParamInt: CELL_SYSUTIL_SYSTEMPARAM_ID_TIMEZONE
HLE: W {PPU[124] Thread (fios mediathread 5)[0x00343730]} cellSysutil warning: cellSysutilGetSystemParamInt: CELL_SYSUTIL_SYSTEMPARAM_ID_SUMMERTIME
HLE: W {PPU[124] Thread (fios mediathread 5)[0x003451f4]} sys_time warning: sys_time_get_timezone(timezone_addr=0xd00eea20, summertime_addr=0xd00eea24)
HLE: W {PPU[124] Thread (fios mediathread 5)[0x003451f4]} cellSysutil warning: cellSysutilGetSystemParamInt: CELL_SYSUTIL_SYSTEMPARAM_ID_TIMEZONE
HLE: W {PPU[124] Thread (fios mediathread 5)[0x003451f4]} cellSysutil warning: cellSysutilGetSystemParamInt: CELL_SYSUTIL_SYSTEMPARAM_ID_SUMMERTIME
HLE: W {PPU[124] Thread (fios mediathread 5)[0x00343730]} sys_time warning: sys_time_get_timezone(timezone_addr=0xd00eead0, summertime_addr=0xd00eead4)
HLE: W {PPU[124] Thread (fios mediathread 5)[0x00343730]} cellSysutil warning: cellSysutilGetSystemParamInt: CELL_SYSUTIL_SYSTEMPARAM_ID_TIMEZONE
HLE: W {PPU[124] Thread (fios mediathread 5)[0x00343730]} cellSysutil warning: cellSysutilGetSystemParamInt: CELL_SYSUTIL_SYSTEMPARAM_ID_SUMMERTIME
HLE: W {PPU[124] Thread (fios mediathread 5)[0x003451f4]} sys_time warning: sys_time_get_timezone(timezone_addr=0xd00eea20, summertime_addr=0xd00eea24)
HLE: W {PPU[124] Thread (fios mediathread 5)[0x003451f4]} cellSysutil warning: cellSysutilGetSystemParamInt: CELL_SYSUTIL_SYSTEMPARAM_ID_TIMEZONE
HLE: W {PPU[124] Thread (fios mediathread 5)[0x003451f4]} cellSysutil warning: cellSysutilGetSystemParamInt: CELL_SYSUTIL_SYSTEMPARAM_ID_SUMMERTIME
HLE: ! {PPU[124] Thread (fios mediathread 5)[0x00ace040]} sys_fs : "/dev_bdvd/PS3_GAME/USRDIR/target/target.psarc" opened: fd = 131
HLE: W {PPU[124] Thread (fios mediathread 5)[0x00ace0d0]} sys_fs warning: cellFsFstat(fd=131, sb_addr=0xd00eec44)
HLE: W {PPU[124] Thread (fios mediathread 5)[0x00ace04c]} sys_fs warning: cellFsStat(path="/dev_bdvd/PS3_GAME/USRDIR/target/target.psarc", sb_addr=0xd00eec34)
HLE: W {PPU[124] Thread (fios mediathread 5)[0x00343730]} sys_time warning: sys_time_get_timezone(timezone_addr=0xd00eead0, summertime_addr=0xd00eead4)
HLE: W {PPU[124] Thread (fios mediathread 5)[0x00343730]} cellSysutil warning: cellSysutilGetSystemParamInt: CELL_SYSUTIL_SYSTEMPARAM_ID_TIMEZONE
HLE: W {PPU[124] Thread (fios mediathread 5)[0x00343730]} cellSysutil warning: cellSysutilGetSystemParamInt: CELL_SYSUTIL_SYSTEMPARAM_ID_SUMMERTIME
HLE: W {PPU[124] Thread (fios mediathread 5)[0x003451f4]} sys_time warning: sys_time_get_timezone(timezone_addr=0xd00eea20, summertime_addr=0xd00eea24)
HLE: W {PPU[124] Thread (fios mediathread 5)[0x003451f4]} cellSysutil warning: cellSysutilGetSystemParamInt: CELL_SYSUTIL_SYSTEMPARAM_ID_TIMEZONE
HLE: W {PPU[124] Thread (fios mediathread 5)[0x003451f4]} cellSysutil warning: cellSysutilGetSystemParamInt: CELL_SYSUTIL_SYSTEMPARAM_ID_SUMMERTIME
HLE: W {PPU[124] Thread (fios mediathread 5)[0x00343730]} sys_time warning: sys_time_get_timezone(timezone_addr=0xd00eead0, summertime_addr=0xd00eead4)
HLE: W {PPU[124] Thread (fios mediathread 5)[0x00343730]} cellSysutil warning: cellSysutilGetSystemParamInt: CELL_SYSUTIL_SYSTEMPARAM_ID_TIMEZONE
HLE: W {PPU[124] Thread (fios mediathread 5)[0x00343730]} cellSysutil warning: cellSysutilGetSystemParamInt: CELL_SYSUTIL_SYSTEMPARAM_ID_SUMMERTIME
HLE: W {PPU[124] Thread (fios mediathread 5)[0x003451f4]} sys_time warning: sys_time_get_timezone(timezone_addr=0xd00eea20, summertime_addr=0xd00eea24)
HLE: W {PPU[124] Thread (fios mediathread 5)[0x003451f4]} cellSysutil warning: cellSysutilGetSystemParamInt: CELL_SYSUTIL_SYSTEMPARAM_ID_TIMEZONE
HLE: W {PPU[124] Thread (fios mediathread 5)[0x003451f4]} cellSysutil warning: cellSysutilGetSystemParamInt: CELL_SYSUTIL_SYSTEMPARAM_ID_SUMMERTIME
HLE: W {PPU[124] Thread (fios mediathread 5)[0x00343730]} sys_time warning: sys_time_get_timezone(timezone_addr=0xd00eead0, summertime_addr=0xd00eead4)
HLE: W {PPU[124] Thread (fios mediathread 5)[0x00343730]} cellSysutil warning: cellSysutilGetSystemParamInt: CELL_SYSUTIL_SYSTEMPARAM_ID_TIMEZONE
HLE: W {PPU[124] Thread (fios mediathread 5)[0x00343730]} cellSysutil warning: cellSysutilGetSystemParamInt: CELL_SYSUTIL_SYSTEMPARAM_ID_SUMMERTIME
HLE: W {PPU[124] Thread (fios mediathread 5)[0x003451f4]} sys_time warning: sys_time_get_timezone(timezone_addr=0xd00eea20, summertime_addr=0xd00eea24)
HLE: W {PPU[124] Thread (fios mediathread 5)[0x003451f4]} cellSysutil warning: cellSysutilGetSystemParamInt: CELL_SYSUTIL_SYSTEMPARAM_ID_TIMEZONE
HLE: W {PPU[124] Thread (fios mediathread 5)[0x003451f4]} cellSysutil warning: cellSysutilGetSystemParamInt: CELL_SYSUTIL_SYSTEMPARAM_ID_SUMMERTIME
HLE: ! {PPU[124] Thread (fios mediathread 5)[0x00ace040]} sys_fs : "/dev_bdvd/PS3_GAME/USRDIR/target/sound.psarc" opened: fd = 132
HLE: W {PPU[124] Thread (fios mediathread 5)[0x00ace0d0]} sys_fs warning: cellFsFstat(fd=132, sb_addr=0xd00eec44)
HLE: W {PPU[124] Thread (fios mediathread 5)[0x00ace04c]} sys_fs warning: cellFsStat(path="/dev_bdvd/PS3_GAME/USRDIR/target/sound.psarc", sb_addr=0xd00eec34)
HLE: W {PPU[124] Thread (fios mediathread 5)[0x00343730]} sys_time warning: sys_time_get_timezone(timezone_addr=0xd00eead0, summertime_addr=0xd00eead4)
HLE: W {PPU[124] Thread (fios mediathread 5)[0x00343730]} cellSysutil warning: cellSysutilGetSystemParamInt: CELL_SYSUTIL_SYSTEMPARAM_ID_TIMEZONE
HLE: W {PPU[124] Thread (fios mediathread 5)[0x00343730]} cellSysutil warning: cellSysutilGetSystemParamInt: CELL_SYSUTIL_SYSTEMPARAM_ID_SUMMERTIME
HLE: W {PPU[124] Thread (fios mediathread 5)[0x003451f4]} sys_time warning: sys_time_get_timezone(timezone_addr=0xd00eea20, summertime_addr=0xd00eea24)
HLE: W {PPU[124] Thread (fios mediathread 5)[0x003451f4]} cellSysutil warning: cellSysutilGetSystemParamInt: CELL_SYSUTIL_SYSTEMPARAM_ID_TIMEZONE
HLE: W {PPU[124] Thread (fios mediathread 5)[0x003451f4]} cellSysutil warning: cellSysutilGetSystemParamInt: CELL_SYSUTIL_SYSTEMPARAM_ID_SUMMERTIME
HLE: W {PPU[124] Thread (fios mediathread 5)[0x00343730]} sys_time warning: sys_time_get_timezone(timezone_addr=0xd00eead0, summertime_addr=0xd00eead4)
HLE: W {PPU[124] Thread (fios mediathread 5)[0x00343730]} cellSysutil warning: cellSysutilGetSystemParamInt: CELL_SYSUTIL_SYSTEMPARAM_ID_TIMEZONE
HLE: W {PPU[124] Thread (fios mediathread 5)[0x00343730]} cellSysutil warning: cellSysutilGetSystemParamInt: CELL_SYSUTIL_SYSTEMPARAM_ID_SUMMERTIME
HLE: W {PPU[124] Thread (fios mediathread 5)[0x003451f4]} sys_time warning: sys_time_get_timezone(timezone_addr=0xd00eea20, summertime_addr=0xd00eea24)
HLE: W {PPU[124] Thread (fios mediathread 5)[0x003451f4]} cellSysutil warning: cellSysutilGetSystemParamInt: CELL_SYSUTIL_SYSTEMPARAM_ID_TIMEZONE
HLE: W {PPU[124] Thread (fios mediathread 5)[0x003451f4]} cellSysutil warning: cellSysutilGetSystemParamInt: CELL_SYSUTIL_SYSTEMPARAM_ID_SUMMERTIME
HLE: W {PPU[124] Thread (fios mediathread 5)[0x00343730]} sys_time warning: sys_time_get_timezone(timezone_addr=0xd00eead0, summertime_addr=0xd00eead4)
HLE: W {PPU[124] Thread (fios mediathread 5)[0x00343730]} cellSysutil warning: cellSysutilGetSystemParamInt: CELL_SYSUTIL_SYSTEMPARAM_ID_TIMEZONE
HLE: W {PPU[124] Thread (fios mediathread 5)[0x00343730]} cellSysutil warning: cellSysutilGetSystemParamInt: CELL_SYSUTIL_SYSTEMPARAM_ID_SUMMERTIME
HLE: W {PPU[124] Thread (fios mediathread 5)[0x003451f4]} sys_time warning: sys_time_get_timezone(timezone_addr=0xd00eea20, summertime_addr=0xd00eea24)
HLE: W {PPU[124] Thread (fios mediathread 5)[0x003451f4]} cellSysutil warning: cellSysutilGetSystemParamInt: CELL_SYSUTIL_SYSTEMPARAM_ID_TIMEZONE
HLE: W {PPU[124] Thread (fios mediathread 5)[0x003451f4]} cellSysutil warning: cellSysutilGetSystemParamInt: CELL_SYSUTIL_SYSTEMPARAM_ID_SUMMERTIME
HLE: ! {PPU[1] Thread (main_thread)[0x00aca01c]} sys_ppu_thread : *** New PPU Thread [CPrefetchFrame] (detached, entry=0xb5ec18): id = 133
HLE: ! {PPU[124] Thread (fios mediathread 5)[0x00ace040]} sys_fs : "/dev_bdvd/PS3_GAME/USRDIR/target/lang/fr.psarc" opened: fd = 134
HLE: W {PPU[124] Thread (fios mediathread 5)[0x00ace0d0]} sys_fs warning: cellFsFstat(fd=134, sb_addr=0xd00eeed4)
HLE: W {PPU[124] Thread (fios mediathread 5)[0x00ace04c]} sys_fs warning: cellFsStat(path="/dev_bdvd/PS3_GAME/USRDIR/target/lang/fr.psarc", sb_addr=0xd00ee8a4)
HLE: W {PPU[124] Thread (fios mediathread 5)[0x00343730]} sys_time warning: sys_time_get_timezone(timezone_addr=0xd00ee740, summertime_addr=0xd00ee744)
HLE: W {PPU[124] Thread (fios mediathread 5)[0x00343730]} cellSysutil warning: cellSysutilGetSystemParamInt: CELL_SYSUTIL_SYSTEMPARAM_ID_TIMEZONE
HLE: W {PPU[124] Thread (fios mediathread 5)[0x00343730]} cellSysutil warning: cellSysutilGetSystemParamInt: CELL_SYSUTIL_SYSTEMPARAM_ID_SUMMERTIME
HLE: W {PPU[124] Thread (fios mediathread 5)[0x003451f4]} sys_time warning: sys_time_get_timezone(timezone_addr=0xd00ee690, summertime_addr=0xd00ee694)
HLE: W {PPU[124] Thread (fios mediathread 5)[0x003451f4]} cellSysutil warning: cellSysutilGetSystemParamInt: CELL_SYSUTIL_SYSTEMPARAM_ID_TIMEZONE
HLE: W {PPU[124] Thread (fios mediathread 5)[0x003451f4]} cellSysutil warning: cellSysutilGetSystemParamInt: CELL_SYSUTIL_SYSTEMPARAM_ID_SUMMERTIME
HLE: W {PPU[124] Thread (fios mediathread 5)[0x00343730]} sys_time warning: sys_time_get_timezone(timezone_addr=0xd00ee740, summertime_addr=0xd00ee744)
HLE: W {PPU[124] Thread (fios mediathread 5)[0x00343730]} cellSysutil warning: cellSysutilGetSystemParamInt: CELL_SYSUTIL_SYSTEMPARAM_ID_TIMEZONE
HLE: W {PPU[124] Thread (fios mediathread 5)[0x00343730]} cellSysutil warning: cellSysutilGetSystemParamInt: CELL_SYSUTIL_SYSTEMPARAM_ID_SUMMERTIME
HLE: W {PPU[124] Thread (fios mediathread 5)[0x003451f4]} sys_time warning: sys_time_get_timezone(timezone_addr=0xd00ee690, summertime_addr=0xd00ee694)
HLE: W {PPU[124] Thread (fios mediathread 5)[0x003451f4]} cellSysutil warning: cellSysutilGetSystemParamInt: CELL_SYSUTIL_SYSTEMPARAM_ID_TIMEZONE
HLE: W {PPU[124] Thread (fios mediathread 5)[0x003451f4]} cellSysutil warning: cellSysutilGetSystemParamInt: CELL_SYSUTIL_SYSTEMPARAM_ID_SUMMERTIME
HLE: W {PPU[124] Thread (fios mediathread 5)[0x00343730]} sys_time warning: sys_time_get_timezone(timezone_addr=0xd00ee740, summertime_addr=0xd00ee744)
HLE: W {PPU[124] Thread (fios mediathread 5)[0x00343730]} cellSysutil warning: cellSysutilGetSystemParamInt: CELL_SYSUTIL_SYSTEMPARAM_ID_TIMEZONE
HLE: W {PPU[124] Thread (fios mediathread 5)[0x00343730]} cellSysutil warning: cellSysutilGetSystemParamInt: CELL_SYSUTIL_SYSTEMPARAM_ID_SUMMERTIME
HLE: W {PPU[124] Thread (fios mediathread 5)[0x003451f4]} sys_time warning: sys_time_get_timezone(timezone_addr=0xd00ee690, summertime_addr=0xd00ee694)
HLE: W {PPU[124] Thread (fios mediathread 5)[0x003451f4]} cellSysutil warning: cellSysutilGetSystemParamInt: CELL_SYSUTIL_SYSTEMPARAM_ID_TIMEZONE
HLE: W {PPU[124] Thread (fios mediathread 5)[0x003451f4]} cellSysutil warning: cellSysutilGetSystemParamInt: CELL_SYSUTIL_SYSTEMPARAM_ID_SUMMERTIME
HLE: E {PPU[92] Thread (fios mediathread 2)[0x00ace064]} sys_fs TODO: cellFsFsync(fd=0x65)
HLE: W {PPU[126] Thread (fios mediathread 7)[0x00ace04c]} sys_fs warning: cellFsStat(path="/dev_bdvd/PS3_GAME/USRDIR/target/lua/scripts/system/init.lua", sb_addr=0xd010eec4)
HLE: W {PPU[126] Thread (fios mediathread 7)[0x00ace04c]} sys_fs warning: cellFsStat: "/dev_bdvd/PS3_GAME/USRDIR/target/lua/scripts/system/init.lua" not found.
HLE: E {PPU[92] Thread (fios mediathread 2)[0x00ace064]} sys_fs TODO: cellFsFsync(fd=0x63)
HLE: E {PPU[92] Thread (fios mediathread 2)[0x00ace064]} sys_fs TODO: cellFsFsync(fd=0x65)
HLE: E {PPU[92] Thread (fios mediathread 2)[0x00ace064]} sys_fs TODO: cellFsFsync(fd=0x63)
HLE: E {PPU[92] Thread (fios mediathread 2)[0x00ace064]} sys_fs TODO: cellFsFsync(fd=0x65)
HLE: E {PPU[92] Thread (fios mediathread 2)[0x00ace064]} sys_fs TODO: cellFsFsync(fd=0x63)
HLE: E {PPU[92] Thread (fios mediathread 2)[0x00ace064]} sys_fs TODO: cellFsFsync(fd=0x65)
HLE: E {PPU[92] Thread (fios mediathread 2)[0x00ace064]} sys_fs TODO: cellFsFsync(fd=0x63)
HLE: E {PPU[92] Thread (fios mediathread 2)[0x00ace064]} sys_fs TODO: cellFsFsync(fd=0x65)
HLE: E {PPU[92] Thread (fios mediathread 2)[0x00ace064]} sys_fs TODO: cellFsFsync(fd=0x63)
HLE: E {PPU[92] Thread (fios mediathread 2)[0x00ace064]} sys_fs TODO: cellFsFsync(fd=0x65)
HLE: E {PPU[92] Thread (fios mediathread 2)[0x00ace064]} sys_fs TODO: cellFsFsync(fd=0x63)
HLE: E {PPU[92] Thread (fios mediathread 2)[0x00ace064]} sys_fs TODO: cellFsFsync(fd=0x65)
HLE: E {PPU[92] Thread (fios mediathread 2)[0x00ace064]} sys_fs TODO: cellFsFsync(fd=0x63)
HLE: E {PPU[92] Thread (fios mediathread 2)[0x00ace064]} sys_fs TODO: cellFsFsync(fd=0x65)
HLE: E {PPU[92] Thread (fios mediathread 2)[0x00ace064]} sys_fs TODO: cellFsFsync(fd=0x63)
HLE: E {PPU[92] Thread (fios mediathread 2)[0x00ace064]} sys_fs TODO: cellFsFsync(fd=0x65)
HLE: E {PPU[92] Thread (fios mediathread 2)[0x00ace064]} sys_fs TODO: cellFsFsync(fd=0x63)
HLE: E {PPU[92] Thread (fios mediathread 2)[0x00ace064]} sys_fs TODO: cellFsFsync(fd=0x65)
HLE: E {PPU[92] Thread (fios mediathread 2)[0x00ace064]} sys_fs TODO: cellFsFsync(fd=0x63)
HLE: E {PPU[92] Thread (fios mediathread 2)[0x00ace064]} sys_fs TODO: cellFsFsync(fd=0x65)
HLE: E {PPU[92] Thread (fios mediathread 2)[0x00ace064]} sys_fs TODO: cellFsFsync(fd=0x63)
HLE: E {PPU[92] Thread (fios mediathread 2)[0x00ace064]} sys_fs TODO: cellFsFsync(fd=0x65)
HLE: E {PPU[92] Thread (fios mediathread 2)[0x00ace064]} sys_fs TODO: cellFsFsync(fd=0x63)
HLE: E {PPU[92] Thread (fios mediathread 2)[0x00ace064]} sys_fs TODO: cellFsFsync(fd=0x65)
HLE: E {PPU[92] Thread (fios mediathread 2)[0x00ace064]} sys_fs TODO: cellFsFsync(fd=0x63)
HLE: E {PPU[92] Thread (fios mediathread 2)[0x00ace064]} sys_fs TODO: cellFsFsync(fd=0x65)
HLE: E {PPU[92] Thread (fios mediathread 2)[0x00ace064]} sys_fs TODO: cellFsFsync(fd=0x63)
HLE: E {PPU[92] Thread (fios mediathread 2)[0x00ace064]} sys_fs TODO: cellFsFsync(fd=0x65)
HLE: E {PPU[92] Thread (fios mediathread 2)[0x00ace064]} sys_fs TODO: cellFsFsync(fd=0x63)
HLE: E {PPU[92] Thread (fios mediathread 2)[0x00ace064]} sys_fs TODO: cellFsFsync(fd=0x65)
HLE: E {PPU[92] Thread (fios mediathread 2)[0x00ace064]} sys_fs TODO: cellFsFsync(fd=0x63)
HLE: E {PPU[92] Thread (fios mediathread 2)[0x00ace064]} sys_fs TODO: cellFsFsync(fd=0x65)
HLE: E {PPU[92] Thread (fios mediathread 2)[0x00ace064]} sys_fs TODO: cellFsFsync(fd=0x63)
HLE: E {PPU[92] Thread (fios mediathread 2)[0x00ace064]} sys_fs TODO: cellFsFsync(fd=0x65)
HLE: E {PPU[92] Thread (fios mediathread 2)[0x00ace064]} sys_fs TODO: cellFsFsync(fd=0x63)
HLE: W {PPU[124] Thread (fios mediathread 5)[0x00ace0d0]} sys_fs warning: cellFsFstat(fd=134, sb_addr=0xd00ee8a4)
HLE: E {PPU[92] Thread (fios mediathread 2)[0x00ace064]} sys_fs TODO: cellFsFsync(fd=0x65)
HLE: E {PPU[92] Thread (fios mediathread 2)[0x00ace064]} sys_fs TODO: cellFsFsync(fd=0x63)
HLE: W {PPU[124] Thread (fios mediathread 5)[0x00ace010]} sys_fs warning: cellFsClose(fd=134)
HLE: ! {PPU[124] Thread (fios mediathread 5)[0x00ace040]} sys_fs : "/dev_bdvd/PS3_GAME/USRDIR/target/target.psarc" opened: fd = 135
HLE: W {PPU[124] Thread (fios mediathread 5)[0x00ace0d0]} sys_fs warning: cellFsFstat(fd=135, sb_addr=0xd00eeed4)
HLE: W {PPU[124] Thread (fios mediathread 5)[0x00ace04c]} sys_fs warning: cellFsStat(path="/dev_bdvd/PS3_GAME/USRDIR/target/target.psarc", sb_addr=0xd00ee8a4)
HLE: W {PPU[124] Thread (fios mediathread 5)[0x00343730]} sys_time warning: sys_time_get_timezone(timezone_addr=0xd00ee740, summertime_addr=0xd00ee744)
HLE: W {PPU[124] Thread (fios mediathread 5)[0x00343730]} cellSysutil warning: cellSysutilGetSystemParamInt: CELL_SYSUTIL_SYSTEMPARAM_ID_TIMEZONE
HLE: W {PPU[124] Thread (fios mediathread 5)[0x00343730]} cellSysutil warning: cellSysutilGetSystemParamInt: CELL_SYSUTIL_SYSTEMPARAM_ID_SUMMERTIME
HLE: W {PPU[124] Thread (fios mediathread 5)[0x003451f4]} sys_time warning: sys_time_get_timezone(timezone_addr=0xd00ee690, summertime_addr=0xd00ee694)
HLE: W {PPU[124] Thread (fios mediathread 5)[0x003451f4]} cellSysutil warning: cellSysutilGetSystemParamInt: CELL_SYSUTIL_SYSTEMPARAM_ID_TIMEZONE
HLE: W {PPU[124] Thread (fios mediathread 5)[0x003451f4]} cellSysutil warning: cellSysutilGetSystemParamInt: CELL_SYSUTIL_SYSTEMPARAM_ID_SUMMERTIME
HLE: W {PPU[124] Thread (fios mediathread 5)[0x00343730]} sys_time warning: sys_time_get_timezone(timezone_addr=0xd00ee740, summertime_addr=0xd00ee744)
HLE: W {PPU[124] Thread (fios mediathread 5)[0x00343730]} cellSysutil warning: cellSysutilGetSystemParamInt: CELL_SYSUTIL_SYSTEMPARAM_ID_TIMEZONE
HLE: W {PPU[124] Thread (fios mediathread 5)[0x00343730]} cellSysutil warning: cellSysutilGetSystemParamInt: CELL_SYSUTIL_SYSTEMPARAM_ID_SUMMERTIME
HLE: W {PPU[124] Thread (fios mediathread 5)[0x003451f4]} sys_time warning: sys_time_get_timezone(timezone_addr=0xd00ee690, summertime_addr=0xd00ee694)
HLE: W {PPU[124] Thread (fios mediathread 5)[0x003451f4]} cellSysutil warning: cellSysutilGetSystemParamInt: CELL_SYSUTIL_SYSTEMPARAM_ID_TIMEZONE
HLE: W {PPU[124] Thread (fios mediathread 5)[0x003451f4]} cellSysutil warning: cellSysutilGetSystemParamInt: CELL_SYSUTIL_SYSTEMPARAM_ID_SUMMERTIME
HLE: W {PPU[124] Thread (fios mediathread 5)[0x00343730]} sys_time warning: sys_time_get_timezone(timezone_addr=0xd00ee740, summertime_addr=0xd00ee744)
HLE: W {PPU[124] Thread (fios mediathread 5)[0x00343730]} cellSysutil warning: cellSysutilGetSystemParamInt: CELL_SYSUTIL_SYSTEMPARAM_ID_TIMEZONE
HLE: W {PPU[124] Thread (fios mediathread 5)[0x00343730]} cellSysutil warning: cellSysutilGetSystemParamInt: CELL_SYSUTIL_SYSTEMPARAM_ID_SUMMERTIME
HLE: W {PPU[124] Thread (fios mediathread 5)[0x003451f4]} sys_time warning: sys_time_get_timezone(timezone_addr=0xd00ee690, summertime_addr=0xd00ee694)
HLE: W {PPU[124] Thread (fios mediathread 5)[0x003451f4]} cellSysutil warning: cellSysutilGetSystemParamInt: CELL_SYSUTIL_SYSTEMPARAM_ID_TIMEZONE
HLE: W {PPU[124] Thread (fios mediathread 5)[0x003451f4]} cellSysutil warning: cellSysutilGetSystemParamInt: CELL_SYSUTIL_SYSTEMPARAM_ID_SUMMERTIME
HLE: W {PPU[124] Thread (fios mediathread 5)[0x00ace0d0]} sys_fs warning: cellFsFstat(fd=135, sb_addr=0xd00ee8a4)
HLE: W {PPU[124] Thread (fios mediathread 5)[0x00ace04c]} sys_fs warning: cellFsStat(path="/dev_bdvd/PS3_GAME/USRDIR/target", sb_addr=0xd00ee650)
HLE: E {PPU[92] Thread (fios mediathread 2)[0x00ace064]} sys_fs TODO: cellFsFsync(fd=0x65)
HLE: E {PPU[92] Thread (fios mediathread 2)[0x00ace064]} sys_fs TODO: cellFsFsync(fd=0x63)
HLE: W {PPU[124] Thread (fios mediathread 5)[0x00ace010]} sys_fs warning: cellFsClose(fd=135)
HLE: ! {PPU[124] Thread (fios mediathread 5)[0x00ace040]} sys_fs : "/dev_bdvd/PS3_GAME/USRDIR/target/sound.psarc" opened: fd = 136
HLE: W {PPU[124] Thread (fios mediathread 5)[0x00ace0d0]} sys_fs warning: cellFsFstat(fd=136, sb_addr=0xd00eeed4)
HLE: W {PPU[124] Thread (fios mediathread 5)[0x00ace04c]} sys_fs warning: cellFsStat(path="/dev_bdvd/PS3_GAME/USRDIR/target/sound.psarc", sb_addr=0xd00ee8a4)
HLE: W {PPU[124] Thread (fios mediathread 5)[0x00343730]} sys_time warning: sys_time_get_timezone(timezone_addr=0xd00ee740, summertime_addr=0xd00ee744)
HLE: W {PPU[124] Thread (fios mediathread 5)[0x00343730]} cellSysutil warning: cellSysutilGetSystemParamInt: CELL_SYSUTIL_SYSTEMPARAM_ID_TIMEZONE
HLE: W {PPU[124] Thread (fios mediathread 5)[0x00343730]} cellSysutil warning: cellSysutilGetSystemParamInt: CELL_SYSUTIL_SYSTEMPARAM_ID_SUMMERTIME
HLE: W {PPU[124] Thread (fios mediathread 5)[0x003451f4]} sys_time warning: sys_time_get_timezone(timezone_addr=0xd00ee690, summertime_addr=0xd00ee694)
HLE: W {PPU[124] Thread (fios mediathread 5)[0x003451f4]} cellSysutil warning: cellSysutilGetSystemParamInt: CELL_SYSUTIL_SYSTEMPARAM_ID_TIMEZONE
HLE: W {PPU[124] Thread (fios mediathread 5)[0x003451f4]} cellSysutil warning: cellSysutilGetSystemParamInt: CELL_SYSUTIL_SYSTEMPARAM_ID_SUMMERTIME
HLE: W {PPU[124] Thread (fios mediathread 5)[0x00343730]} sys_time warning: sys_time_get_timezone(timezone_addr=0xd00ee740, summertime_addr=0xd00ee744)
HLE: W {PPU[124] Thread (fios mediathread 5)[0x00343730]} cellSysutil warning: cellSysutilGetSystemParamInt: CELL_SYSUTIL_SYSTEMPARAM_ID_TIMEZONE
HLE: W {PPU[124] Thread (fios mediathread 5)[0x00343730]} cellSysutil warning: cellSysutilGetSystemParamInt: CELL_SYSUTIL_SYSTEMPARAM_ID_SUMMERTIME
HLE: W {PPU[124] Thread (fios mediathread 5)[0x003451f4]} sys_time warning: sys_time_get_timezone(timezone_addr=0xd00ee690, summertime_addr=0xd00ee694)
HLE: W {PPU[124] Thread (fios mediathread 5)[0x003451f4]} cellSysutil warning: cellSysutilGetSystemParamInt: CELL_SYSUTIL_SYSTEMPARAM_ID_TIMEZONE
HLE: W {PPU[124] Thread (fios mediathread 5)[0x003451f4]} cellSysutil warning: cellSysutilGetSystemParamInt: CELL_SYSUTIL_SYSTEMPARAM_ID_SUMMERTIME
HLE: W {PPU[124] Thread (fios mediathread 5)[0x00343730]} sys_time warning: sys_time_get_timezone(timezone_addr=0xd00ee740, summertime_addr=0xd00ee744)
HLE: W {PPU[124] Thread (fios mediathread 5)[0x00343730]} cellSysutil warning: cellSysutilGetSystemParamInt: CELL_SYSUTIL_SYSTEMPARAM_ID_TIMEZONE
HLE: W {PPU[124] Thread (fios mediathread 5)[0x00343730]} cellSysutil warning: cellSysutilGetSystemParamInt: CELL_SYSUTIL_SYSTEMPARAM_ID_SUMMERTIME
HLE: W {PPU[124] Thread (fios mediathread 5)[0x003451f4]} sys_time warning: sys_time_get_timezone(timezone_addr=0xd00ee690, summertime_addr=0xd00ee694)
HLE: W {PPU[124] Thread (fios mediathread 5)[0x003451f4]} cellSysutil warning: cellSysutilGetSystemParamInt: CELL_SYSUTIL_SYSTEMPARAM_ID_TIMEZONE
HLE: W {PPU[124] Thread (fios mediathread 5)[0x003451f4]} cellSysutil warning: cellSysutilGetSystemParamInt: CELL_SYSUTIL_SYSTEMPARAM_ID_SUMMERTIME
HLE: W {PPU[124] Thread (fios mediathread 5)[0x00ace0d0]} sys_fs warning: cellFsFstat(fd=136, sb_addr=0xd00ee8a4)
HLE: W {PPU[124] Thread (fios mediathread 5)[0x00ace04c]} sys_fs warning: cellFsStat(path="/dev_bdvd/PS3_GAME/USRDIR/target", sb_addr=0xd00ee650)
HLE: E {PPU[92] Thread (fios mediathread 2)[0x00ace064]} sys_fs TODO: cellFsFsync(fd=0x65)
HLE: E {PPU[92] Thread (fios mediathread 2)[0x00ace064]} sys_fs TODO: cellFsFsync(fd=0x63)
HLE: W {PPU[124] Thread (fios mediathread 5)[0x00ace010]} sys_fs warning: cellFsClose(fd=136)
