HLE: ! path: /dev_hdd0/game/
HLE: W No pause.bin found, Auto Pause will not work.
HLE: W No pause.bin found, Auto Pause will not work.
LDR: ! Loading 'D:\Emulateurs\Rpcs3\dev_hdd0\game\BCES01663-[LittleBigPlanet 3 (EU)]/PS3_GAME/USRDIR/BOOT.BIN'...
LDR: !  
LDR: ! Mount info:
LDR: ! /dev_hdd0/ -> ./dev_hdd0/
LDR: ! /dev_hdd1/ -> ./dev_hdd1/
LDR: ! /dev_flash/ -> ./dev_flash/
LDR: ! /dev_usb000/ -> ./dev_usb000/
LDR: ! /dev_usb/ -> ./dev_usb000/
LDR: ! /app_home/ -> D:\Emulateurs\Rpcs3\dev_hdd0\game\BCES01663-[LittleBigPlanet 3 (EU)]/PS3_GAME/
LDR: ! /dev_bdvd/ -> D:\Emulateurs\Rpcs3\dev_hdd0\game\BCES01663-[LittleBigPlanet 3 (EU)]/PS3_GAME//../
LDR: ! /host_root/ -> 
LDR: ! /app_home/PS3_GAME/USRDIR/ -> D:\Emulateurs\Rpcs3\dev_hdd0\game\BCES01663-[LittleBigPlanet 3 (EU)]/PS3_GAME//USRDIR/
LDR: ! /dev_flash2/ -> ./dev_flash2/
LDR: ! /app_home/Game/PS3_GAME/USRDIR/ -> D:\Emulateurs\Rpcs3\dev_hdd0\game\BCES01663-[LittleBigPlanet 3 (EU)]/PS3_GAME//USRDIR/
LDR: ! //dev_hdd0/ -> ./dev_hdd0/
LDR: ! / -> D:\Emulateurs\Rpcs3\dev_hdd0\game\BCES01663-[LittleBigPlanet 3 (EU)]/PS3_GAME//USRDIR/
LDR: ! /app_home//dev_bdvd/PS3_GAME/USRDIR/data/gos/ -> D:\Emulateurs\Rpcs3\dev_hdd0\game\BCES01663-[LittleBigPlanet 3 (EU)]/PS3_GAME//USRDIR/
LDR: !  
LDR: ! Title: LittleBigPlanet™3 (EU)
LDR: ! Serial: BCES01663
LDR: !  
LDR: W m_ehdr.e_type = 0x2
MEM: ! Initializing memory: base_addr = 0x1856540000
MEM: ! Memory initialized.
LDR: ! Imported function 'cellAudioCreateNotifyEventQueue' in 'cellAudio' module  (HLE)
LDR: ! Imported function 'cellAudioInit' in 'cellAudio' module  (HLE)
LDR: ! Imported function 'cellAudioSetNotifyEventQueue' in 'cellAudio' module  (HLE)
LDR: ! Imported function 'cellAudioPortClose' in 'cellAudio' module  (HLE)
LDR: ! Imported function 'cellAudioPortStop' in 'cellAudio' module  (HLE)
LDR: ! Imported function 'cellAudioGetPortConfig' in 'cellAudio' module  (HLE)
LDR: ! Imported function 'cellAudioPortStart' in 'cellAudio' module  (HLE)
LDR: ! Imported function 'cellAudioQuit' in 'cellAudio' module  (HLE)
LDR: ! Imported function 'cellAudioPortOpen' in 'cellAudio' module  (HLE)
LDR: ! Imported function 'cellAudioRemoveNotifyEventQueue' in 'cellAudio' module  (HLE)
LDR: ! Imported function 'cellCameraStop' in 'cellCamera' module  (HLE)
LDR: ! Imported function 'cellCameraGetBufferInfoEx' in 'cellCamera' module  (HLE)
LDR: ! Imported function 'cellCameraReadEx' in 'cellCamera' module  (HLE)
LDR: ! Imported function 'cellCameraClose' in 'cellCamera' module  (HLE)
LDR: ! Imported function 'cellCameraRemoveNotifyEventQueue2' in 'cellCamera' module  (HLE)
LDR: ! Imported function 'cellCameraStart' in 'cellCamera' module  (HLE)
LDR: ! Imported function 'cellCameraGetAttribute' in 'cellCamera' module  (HLE)
LDR: ! Imported function 'cellCameraGetType' in 'cellCamera' module  (HLE)
LDR: ! Imported function 'cellCameraEnd' in 'cellCamera' module  (HLE)
LDR: ! Imported function 'cellCameraOpenEx' in 'cellCamera' module  (HLE)
LDR: ! Imported function 'cellCameraGetBufferSize' in 'cellCamera' module  (HLE)
LDR: ! Imported function 'cellCameraReset' in 'cellCamera' module  (HLE)
LDR: ! Imported function 'cellCameraIsAvailable' in 'cellCamera' module  (HLE)
LDR: ! Imported function 'cellCameraSetAttribute' in 'cellCamera' module  (HLE)
LDR: ! Imported function 'cellCameraSetNotifyEventQueue2' in 'cellCamera' module  (HLE)
LDR: ! Imported function 'cellCameraInit' in 'cellCamera' module  (HLE)
LDR: ! Imported function 'cellFiberPpuYield' in 'cellFiber' module  (HLE)
LDR: ! Imported function 'cellFiberPpuRunFibers' in 'cellFiber' module  (HLE)
LDR: ! Imported function 'cellFiberPpuWaitSignal' in 'cellFiber' module  (HLE)
LDR: ! Imported function 'cellFiberPpuCreateFiber' in 'cellFiber' module  (HLE)
LDR: ! Imported function 'cellFiberPpuSendSignal' in 'cellFiber' module  (HLE)
LDR: ! Imported function 'cellFiberPpuFinalizeScheduler' in 'cellFiber' module  (HLE)
LDR: ! Imported function '_cellFiberPpuSchedulerAttributeInitialize' in 'cellFiber' module  (HLE)
LDR: ! Imported function 'cellFiberPpuWaitFlag' in 'cellFiber' module  (HLE)
LDR: ! Imported function 'cellFiberPpuJoinFiber' in 'cellFiber' module  (HLE)
LDR: ! Imported function '_cellFiberPpuAttributeInitialize' in 'cellFiber' module  (HLE)
LDR: ! Imported function 'cellFiberPpuInitializeScheduler' in 'cellFiber' module  (HLE)
LDR: ! Imported function 'cellFiberPpuCheckFlags' in 'cellFiber' module  (HLE)
LDR: ! Imported function 'cellFiberPpuExit' in 'cellFiber' module  (HLE)
LDR: ! Imported function '_cellFiberPpuInitialize' in 'cellFiber' module  (HLE)
LDR: ! Imported function 'cellFsFtruncate' in 'sys_fs' module  (HLE)
LDR: ! Imported function 'cellFsRmdir' in 'sys_fs' module  (HLE)
LDR: ! Imported function 'cellFsClose' in 'sys_fs' module  (HLE)
LDR: ! Imported function 'cellFsOpendir' in 'sys_fs' module  (HLE)
LDR: ! Imported function 'cellFsRead' in 'sys_fs' module  (HLE)
LDR: ! Imported function 'cellFsReaddir' in 'sys_fs' module  (HLE)
LDR: ! Imported function 'cellFsOpen' in 'sys_fs' module  (HLE)
LDR: W Unimplemented function 'cellFsAllocateFileAreaWithoutZeroFill' in 'sys_fs' module (HLE)
LDR: ! Imported function 'cellFsStat' in 'sys_fs' module  (HLE)
LDR: ! Imported function 'cellFsUnlink' in 'sys_fs' module  (HLE)
LDR: ! Imported function 'cellFsFsync' in 'sys_fs' module  (HLE)
LDR: ! Imported function 'cellFsGetDirectoryEntries' in 'sys_fs' module  (HLE)
LDR: ! Imported function 'cellFsLseek' in 'sys_fs' module  (HLE)
LDR: ! Imported function 'cellFsGetFreeSize' in 'sys_fs' module  (HLE)
LDR: ! Imported function 'cellFsSdataOpen' in 'sys_fs' module  (HLE)
LDR: ! Imported function 'cellFsMkdir' in 'sys_fs' module  (HLE)
LDR: ! Imported function 'cellFsWrite' in 'sys_fs' module  (HLE)
LDR: ! Imported function 'cellFsFstat' in 'sys_fs' module  (HLE)
LDR: ! Imported function 'cellFsRename' in 'sys_fs' module  (HLE)
LDR: ! Imported function 'cellFsClosedir' in 'sys_fs' module  (HLE)
LDR: ! Imported function 'cellFsSdataOpenByFd' in 'sys_fs' module  (HLE)
LDR: ! Imported function 'cellGcmGetTiledPitchSize' in 'cellGcmSys' module  (HLE)
LDR: ! Imported function 'cellGcmSetUserHandler' in 'cellGcmSys' module  (HLE)
LDR: ! Imported function 'cellGcmAddressToOffset' in 'cellGcmSys' module  (HLE)
LDR: ! Imported function 'cellGcmSetFlipMode' in 'cellGcmSys' module  (HLE)
LDR: ! Imported function 'cellGcmSetDebugOutputLevel' in 'cellGcmSys' module  (HLE)
LDR: ! Imported function 'cellGcmGetTimeStamp' in 'cellGcmSys' module  (HLE)
LDR: ! Imported function 'cellGcmMapEaIoAddress' in 'cellGcmSys' module  (HLE)
LDR: ! Imported function 'cellGcmGetFlipStatus' in 'cellGcmSys' module  (HLE)
LDR: ! Imported function 'cellGcmGetReport' in 'cellGcmSys' module  (HLE)
LDR: ! Imported function 'cellGcmMapMainMemory' in 'cellGcmSys' module  (HLE)
LDR: ! Imported function 'cellGcmSetDisplayBuffer' in 'cellGcmSys' module  (HLE)
LDR: ! Imported function 'cellGcmGetControlRegister' in 'cellGcmSys' module  (HLE)
LDR: ! Imported function 'cellGcmSetVBlankHandler' in 'cellGcmSys' module  (HLE)
LDR: ! Imported function 'cellGcmResetFlipStatus' in 'cellGcmSys' module  (HLE)
LDR: ! Imported function 'cellGcmSetInvalidateTile' in 'cellGcmSys' module  (HLE)
LDR: ! Imported function 'cellGcmSetTile' in 'cellGcmSys' module  (HLE)
LDR: ! Imported function 'cellGcmSetZcull' in 'cellGcmSys' module  (HLE)
LDR: ! Imported function 'cellGcmGetConfiguration' in 'cellGcmSys' module  (HLE)
LDR: ! Imported function 'cellGcmUnmapEaIoAddress' in 'cellGcmSys' module  (HLE)
LDR: ! Imported function 'cellGcmGetLabelAddress' in 'cellGcmSys' module  (HLE)
LDR: ! Imported function '_cellGcmInitBody' in 'cellGcmSys' module  (HLE)
LDR: ! Imported function '_cellGcmSetFlipCommand' in 'cellGcmSys' module  (HLE)
LDR: ! Imported function '_cellGcmFunc15' in 'cellGcmSys' module  (HLE)
LDR: ! Imported function 'cellGcmGetDefaultCommandWordSize' in 'cellGcmSys' module  (HLE)
LDR: ! Imported function 'cellGcmGetDefaultSegmentWordSize' in 'cellGcmSys' module  (HLE)
LDR: ! Imported function 'cellGcmSetDefaultFifoSize' in 'cellGcmSys' module  (HLE)
LDR: ! Imported function '_cellGcmSetFlipCommandWithWaitLabel' in 'cellGcmSys' module  (HLE)
LDR: W Unknown module 'cellHttp'
LDR: ! Imported function 'cellHttpCreateTransaction' in 'cellHttp' module  (HLE)
LDR: ! Imported function 'cellHttpResponseGetStatusCode' in 'cellHttp' module  (HLE)
LDR: ! Imported function 'cellHttpClientSetSslCallback' in 'cellHttp' module  (HLE)
LDR: ! Imported function 'cellHttpClientSetRecvTimeout' in 'cellHttp' module  (HLE)
LDR: ! Imported function 'cellHttpInit' in 'cellHttp' module  (HLE)
LDR: ! Imported function 'cellHttpTransactionAbortConnection' in 'cellHttp' module  (HLE)
LDR: ! Imported function 'cellHttpDestroyTransaction' in 'cellHttp' module  (HLE)
LDR: ! Imported function 'cellHttpClientSetVersion' in 'cellHttp' module  (HLE)
LDR: ! Imported function 'cellHttpClientSetCookieStatus' in 'cellHttp' module  (HLE)
LDR: ! Imported function 'cellHttpResponseGetContentLength' in 'cellHttp' module  (HLE)
LDR: ! Imported function 'cellHttpClientSetRedirectCallback' in 'cellHttp' module  (HLE)
LDR: ! Imported function 'cellHttpCreateClient' in 'cellHttp' module  (HLE)
LDR: ! Imported function 'cellHttpResponseGetHeader' in 'cellHttp' module  (HLE)
LDR: ! Imported function 'cellHttpsInit' in 'cellHttp' module  (HLE)
LDR: ! Imported function 'cellHttpRequestSetHeader' in 'cellHttp' module  (HLE)
LDR: ! Imported function 'cellHttpClientSetPerHostKeepAliveMax' in 'cellHttp' module  (HLE)
LDR: ! Imported function 'cellHttpClientSetKeepAlive' in 'cellHttp' module  (HLE)
LDR: ! Imported function 'cellHttpRecvResponse' in 'cellHttp' module  (HLE)
LDR: ! Imported function 'cellHttpClientSetAuthenticationCallback' in 'cellHttp' module  (HLE)
LDR: ! Imported function 'cellHttpClientSetSendTimeout' in 'cellHttp' module  (HLE)
LDR: ! Imported function 'cellHttpInitCookie' in 'cellHttp' module  (HLE)
LDR: ! Imported function 'cellHttpDestroyClient' in 'cellHttp' module  (HLE)
LDR: ! Imported function 'cellHttpSendRequest' in 'cellHttp' module  (HLE)
LDR: ! Imported function 'cellHttpRequestSetContentLength' in 'cellHttp' module  (HLE)
LDR: ! Imported function 'cellHttpClientSetTransactionStateCallback' in 'cellHttp' module  (HLE)
LDR: ! Imported function 'cellHttpClientSetUserAgent' in 'cellHttp' module  (HLE)
LDR: ! Imported function 'cellHttpEnd' in 'cellHttp' module  (HLE)
LDR: ! Imported function 'cellHttpsEnd' in 'cellHttp' module  (HLE)
LDR: W Unimplemented function 'cellHttpUtilBuildUri' in 'cellHttpUtil' module (HLE)
LDR: ! Imported function 'cellPadInit' in 'sys_io' module  (HLE)
LDR: ! Imported function 'cellKbGetConfiguration' in 'sys_io' module  (HLE)
LDR: ! Imported function 'cellKbGetInfo' in 'sys_io' module  (HLE)
LDR: ! Imported function 'cellKbInit' in 'sys_io' module  (HLE)
LDR: W Unimplemented function 'cellPadPeriphGetInfo' in 'sys_io' module (HLE)
LDR: ! Imported function 'cellPadEnd' in 'sys_io' module  (HLE)
LDR: ! Imported function 'cellPadSetPortSetting' in 'sys_io' module  (HLE)
LDR: ! Imported function 'cellMouseGetInfo' in 'sys_io' module  (HLE)
LDR: ! Imported function 'cellMouseGetDataList' in 'sys_io' module  (HLE)
LDR: ! Imported function 'cellPadGetData' in 'sys_io' module  (HLE)
LDR: ! Imported function 'cellKbSetCodeType' in 'sys_io' module  (HLE)
LDR: ! Imported function 'cellKbEnd' in 'sys_io' module  (HLE)
LDR: ! Imported function 'cellMouseInit' in 'sys_io' module  (HLE)
LDR: ! Imported function 'cellKbSetReadMode' in 'sys_io' module  (HLE)
LDR: ! Imported function 'cellMouseEnd' in 'sys_io' module  (HLE)
LDR: ! Imported function 'cellPadSetActDirect' in 'sys_io' module  (HLE)
LDR: ! Imported function 'cellKbRead' in 'sys_io' module  (HLE)
LDR: ! Imported function 'cellJpgDecReadHeader' in 'cellJpgDec' module  (HLE)
LDR: ! Imported function 'cellJpgDecClose' in 'cellJpgDec' module  (HLE)
LDR: ! Imported function 'cellJpgDecOpen' in 'cellJpgDec' module  (HLE)
LDR: ! Imported function 'cellJpgDecCreate' in 'cellJpgDec' module  (HLE)
LDR: ! Imported function 'cellJpgDecDecodeData' in 'cellJpgDec' module  (HLE)
LDR: ! Imported function 'cellJpgDecDestroy' in 'cellJpgDec' module  (HLE)
LDR: ! Imported function 'cellJpgDecSetParameter' in 'cellJpgDec' module  (HLE)
LDR: W Unimplemented function 'cellKey2CharClose' in 'cellKey2char' module (HLE)
LDR: W Unimplemented function 'cellKey2CharGetChar' in 'cellKey2char' module (HLE)
LDR: W Unimplemented function 'cellKey2CharOpen' in 'cellKey2char' module (HLE)
LDR: W Unimplemented function 'cellKey2CharSetMode' in 'cellKey2char' module (HLE)
LDR: ! Imported function 'sys_lwmutex_lock' in 'sysPrxForUser' module  (HLE)
LDR: ! Imported function 'sys_lwmutex_unlock' in 'sysPrxForUser' module  (HLE)
LDR: ! Imported function 'sys_ppu_thread_create' in 'sysPrxForUser' module  (HLE)
LDR: ! Imported function '_sys_process_atexitspawn' in 'sysPrxForUser' module  (HLE)
LDR: ! Imported function 'sys_lwmutex_create' in 'sysPrxForUser' module  (HLE)
LDR: ! Imported function 'sys_ppu_thread_get_id' in 'sysPrxForUser' module  (HLE)
LDR: ! Imported function 'sys_prx_register_library' in 'sysPrxForUser' module  (HLE)
LDR: ! Imported function 'sys_initialize_tls' in 'sysPrxForUser' module  (HLE)
LDR: ! Imported function 'sys_time_get_system_time' in 'sysPrxForUser' module  (HLE)
LDR: ! Imported function '_sys_process_at_Exitspawn' in 'sysPrxForUser' module  (HLE)
LDR: ! Imported function 'sys_prx_exitspawn_with_level' in 'sysPrxForUser' module  (HLE)
LDR: ! Imported function 'sys_ppu_thread_exit' in 'sysPrxForUser' module  (HLE)
LDR: ! Imported function 'sys_lwmutex_destroy' in 'sysPrxForUser' module  (HLE)
LDR: ! Imported function 'sys_spu_image_close' in 'sysPrxForUser' module  (HLE)
LDR: ! Imported function 'sys_process_exit' in 'sysPrxForUser' module  (HLE)
LDR: ! Imported function 'sys_spu_image_import' in 'sysPrxForUser' module  (HLE)
LDR: ! Imported function 'sys_lwcond_destroy' in 'sysPrxForUser' module  (HLE)
LDR: ! Imported function 'sys_lwcond_wait' in 'sysPrxForUser' module  (HLE)
LDR: ! Imported function 'Unknown func id: 0x4f7172c9' in 'sysPrxForUser' module  (HLE)
LDR: ! Imported function 'sys_lwmutex_trylock' in 'sysPrxForUser' module  (HLE)
LDR: ! Imported function 'sys_lwcond_create' in 'sysPrxForUser' module  (HLE)
LDR: ! Imported function 'sys_lwcond_signal_all' in 'sysPrxForUser' module  (HLE)
LDR: ! Imported function 'sys_lwcond_signal' in 'sysPrxForUser' module  (HLE)
LDR: ! Imported function 'sys_prx_load_module' in 'sysPrxForUser' module  (HLE)
LDR: W Unimplemented function 'sys_prx_load_module_on_memcontainer_by_fd' in 'sysPrxForUser' module (HLE)
LDR: ! Imported function 'sys_prx_load_module_on_memcontainer' in 'sysPrxForUser' module  (HLE)
LDR: W Unimplemented function 'sys_prx_load_module_by_fd' in 'sysPrxForUser' module (HLE)
LDR: ! Imported function 'sys_game_process_exitspawn2' in 'sysPrxForUser' module  (HLE)
LDR: ! Imported function 'cellMicRead' in 'cellMic' module  (HLE)
LDR: ! Imported function 'cellMicRemoveNotifyEventQueue' in 'cellMic' module  (HLE)
LDR: ! Imported function 'cellMicSetNotifyEventQueue2' in 'cellMic' module  (HLE)
LDR: ! Imported function 'cellMicInit' in 'cellMic' module  (HLE)
LDR: ! Imported function 'cellMicClose' in 'cellMic' module  (HLE)
LDR: ! Imported function 'cellMicGetType' in 'cellMic' module  (HLE)
LDR: ! Imported function 'cellMicEnd' in 'cellMic' module  (HLE)
LDR: ! Imported function 'cellMicOpen' in 'cellMic' module  (HLE)
LDR: ! Imported function 'cellMicStart' in 'cellMic' module  (HLE)
LDR: ! Imported function 'sys_net_initialize_network_ex' in 'sys_net' module  (HLE)
LDR: ! Imported function 'recvfrom' in 'sys_net' module  (HLE)
LDR: ! Imported function 'listen' in 'sys_net' module  (HLE)
LDR: W Unimplemented function 'socketselect' in 'sys_net' module (HLE)
LDR: ! Imported function '_sys_net_errno_loc' in 'sys_net' module  (HLE)
LDR: ! Imported function 'connect' in 'sys_net' module  (HLE)
LDR: ! Imported function 'socketclose' in 'sys_net' module  (HLE)
LDR: W Unimplemented function 'gethostbyname' in 'sys_net' module (HLE)
LDR: W Unimplemented function 'inet_ntoa' in 'sys_net' module (HLE)
LDR: ! Imported function 'setsockopt' in 'sys_net' module  (HLE)
LDR: ! Imported function 'sendto' in 'sys_net' module  (HLE)
LDR: ! Imported function 'socket' in 'sys_net' module  (HLE)
LDR: ! Imported function 'shutdown' in 'sys_net' module  (HLE)
LDR: ! Imported function 'bind' in 'sys_net' module  (HLE)
LDR: ! Imported function 'sys_net_finalize_network' in 'sys_net' module  (HLE)
LDR: ! Imported function 'accept' in 'sys_net' module  (HLE)
LDR: ! Imported function 'inet_addr' in 'sys_net' module  (HLE)
LDR: ! Imported function 'send' in 'sys_net' module  (HLE)
LDR: ! Imported function 'recv' in 'sys_net' module  (HLE)
LDR: ! Imported function 'sys_net_free_thread_context' in 'sys_net' module  (HLE)
LDR: W Unimplemented function 'getpeername' in 'sys_net' module (HLE)
LDR: ! Imported function 'cellNetCtlNetStartDialogLoadAsync' in 'cellNetCtl' module  (HLE)
LDR: ! Imported function 'cellNetCtlNetStartDialogUnloadAsync' in 'cellNetCtl' module  (HLE)
LDR: ! Imported function 'cellNetCtlTerm' in 'cellNetCtl' module  (HLE)
LDR: ! Imported function 'cellNetCtlGetInfo' in 'cellNetCtl' module  (HLE)
LDR: ! Imported function 'cellNetCtlGetNatInfo' in 'cellNetCtl' module  (HLE)
LDR: ! Imported function 'cellNetCtlGetState' in 'cellNetCtl' module  (HLE)
LDR: ! Imported function 'cellNetCtlInit' in 'cellNetCtl' module  (HLE)
LDR: ! Imported function 'cellRtcGetCurrentClockLocalTime' in 'cellRtc' module  (HLE)
LDR: ! Imported function 'cellRtcGetCurrentClock' in 'cellRtc' module  (HLE)
LDR: ! Imported function 'cellRtcSetTick' in 'cellRtc' module  (HLE)
LDR: ! Imported function 'cellRtcGetCurrentTick' in 'cellRtc' module  (HLE)
LDR: ! Imported function 'cellRtcSetTime_t' in 'cellRtc' module  (HLE)
LDR: ! Imported function 'cellRtcGetDayOfWeek' in 'cellRtc' module  (HLE)
LDR: ! Imported function 'cellRtcGetTick' in 'cellRtc' module  (HLE)
LDR: ! Imported function 'cellRtcGetTime_t' in 'cellRtc' module  (HLE)
LDR: ! Imported function 'cellSpursAttributeSetNamePrefix' in 'cellSpurs' module  (HLE)
LDR: ! Imported function '_cellSpursQueueInitialize' in 'cellSpurs' module  (HLE)
LDR: ! Imported function 'cellSpursJobChainGetError' in 'cellSpurs' module  (HLE)
LDR: ! Imported function '_cellSpursTasksetAttributeInitialize' in 'cellSpurs' module  (HLE)
LDR: ! Imported function 'cellSpursAddUrgentCommand' in 'cellSpurs' module  (HLE)
LDR: ! Imported function 'cellSpursCreateTaskWithAttribute' in 'cellSpurs' module  (HLE)
LDR: ! Imported function 'cellSpursGetInfo' in 'cellSpurs' module  (HLE)
LDR: ! Imported function 'cellSpursEventFlagDetachLv2EventQueue' in 'cellSpurs' module  (HLE)
LDR: ! Imported function 'cellSpursQueueClear' in 'cellSpurs' module  (HLE)
LDR: ! Imported function 'cellSpursCreateJobChainWithAttribute' in 'cellSpurs' module  (HLE)
LDR: ! Imported function 'cellSpursInitializeWithAttribute2' in 'cellSpurs' module  (HLE)
LDR: ! Imported function '_cellSpursJobChainAttributeInitialize' in 'cellSpurs' module  (HLE)
LDR: ! Imported function 'cellSpursEventFlagWait' in 'cellSpurs' module  (HLE)
LDR: ! Imported function 'cellSpursGetWorkloadInfo' in 'cellSpurs' module  (HLE)
LDR: ! Imported function 'cellSpursCreateTaskset' in 'cellSpurs' module  (HLE)
LDR: ! Imported function '_cellSpursEventFlagInitialize' in 'cellSpurs' module  (HLE)
LDR: ! Imported function 'cellSpursTasksetAttributeSetName' in 'cellSpurs' module  (HLE)
LDR: ! Imported function 'cellSpursShutdownJobChain' in 'cellSpurs' module  (HLE)
LDR: ! Imported function 'cellSpursSetPriorities' in 'cellSpurs' module  (HLE)
LDR: ! Imported function 'cellSpursEventFlagAttachLv2EventQueue' in 'cellSpurs' module  (HLE)
LDR: ! Imported function '_cellSpursAttributeInitialize' in 'cellSpurs' module  (HLE)
LDR: ! Imported function 'cellSpursAttributeEnableSystemWorkload' in 'cellSpurs' module  (HLE)
LDR: ! Imported function 'cellSpursJoinTaskset' in 'cellSpurs' module  (HLE)
LDR: ! Imported function 'cellSpursJobChainAttributeSetName' in 'cellSpurs' module  (HLE)
LDR: ! Imported function 'cellSpursShutdownTaskset' in 'cellSpurs' module  (HLE)
LDR: ! Imported function 'cellSpursJoinJobChain' in 'cellSpurs' module  (HLE)
LDR: ! Imported function '_cellSpursTaskAttributeInitialize' in 'cellSpurs' module  (HLE)
LDR: ! Imported function 'cellSpursCreateTask' in 'cellSpurs' module  (HLE)
LDR: ! Imported function 'cellSpursCreateTasksetWithAttribute' in 'cellSpurs' module  (HLE)
LDR: ! Imported function 'cellSpursFinalize' in 'cellSpurs' module  (HLE)
LDR: ! Imported function 'cellSpursRunJobChain' in 'cellSpurs' module  (HLE)
LDR: ! Imported function 'cellSpursEventFlagSet' in 'cellSpurs' module  (HLE)
LDR: ! Imported function 'cellSpursRequestIdleSpu' in 'cellSpurs' module  (HLE)
LDR: ! Imported function 'cellSpursWorkloadAttributeSetName' in 'cellSpurs' module  (HLE)
LDR: ! Imported function 'cellSpursDetachLv2EventQueue' in 'cellSpurs' module  (HLE)
LDR: ! Imported function 'cellSpursRemoveWorkload' in 'cellSpurs' module  (HLE)
LDR: ! Imported function 'cellSpursWaitForWorkloadShutdown' in 'cellSpurs' module  (HLE)
LDR: ! Imported function 'cellSpursBarrierInitialize' in 'cellSpurs' module  (HLE)
LDR: ! Imported function 'cellSpursTaskGetContextSaveAreaSize' in 'cellSpurs' module  (HLE)
LDR: ! Imported function 'cellSpursShutdownWorkload' in 'cellSpurs' module  (HLE)
LDR: ! Imported function 'cellSpursGetTasksetInfo' in 'cellSpurs' module  (HLE)
LDR: ! Imported function 'cellSpursAttachLv2EventQueue' in 'cellSpurs' module  (HLE)
LDR: ! Imported function 'cellSpursAddWorkloadWithAttribute' in 'cellSpurs' module  (HLE)
LDR: ! Imported function 'cellSpursSetExceptionEventHandler' in 'cellSpurs' module  (HLE)
LDR: ! Imported function '_cellSpursSendSignal' in 'cellSpurs' module  (HLE)
LDR: ! Imported function '_cellSpursWorkloadAttributeInitialize' in 'cellSpurs' module  (HLE)
LDR: ! Imported function 'cellSpursReadyCountStore' in 'cellSpurs' module  (HLE)
LDR: W Unimplemented function 'cellSslEnd' in 'cellSsl' module (HLE)
LDR: W Unimplemented function 'cellSslCertificateLoader' in 'cellSsl' module (HLE)
LDR: W Unimplemented function 'cellSslInit' in 'cellSsl' module (HLE)
LDR: ! Imported function 'cellSysmoduleUnloadModule' in 'cellSysmodule' module  (HLE)
LDR: ! Imported function 'cellSysmoduleLoadModule' in 'cellSysmodule' module  (HLE)
LDR: ! Imported function 'cellSysmoduleIsLoaded' in 'cellSysmodule' module  (HLE)
LDR: ! Imported function 'cellSysmoduleInitialize' in 'cellSysmodule' module  (HLE)
LDR: W Unknown module 'cellSysutilAvconfExt'
LDR: ! Imported function 'cellVideoOutSetGamma' in 'cellSysutilAvconfExt' module  (HLE)
LDR: W Unimplemented function 'cellGameGetHomeLaunchOptionPath' in 'cellGameExec' module (HLE)
LDR: ! Imported function 'cellGameGetParamString' in 'cellGame' module  (HLE)
LDR: ! Imported function 'cellGameCreateGameData' in 'cellGame' module  (HLE)
LDR: ! Imported function 'cellGameContentPermit' in 'cellGame' module  (HLE)
LDR: ! Imported function 'cellGameContentErrorDialog' in 'cellGame' module  (HLE)
LDR: ! Imported function 'cellGameGetParamInt' in 'cellGame' module  (HLE)
LDR: ! Imported function 'cellGamePatchCheck' in 'cellGame' module  (HLE)
LDR: ! Imported function 'cellGameSetParamString' in 'cellGame' module  (HLE)
LDR: ! Imported function 'cellGameDataCheck' in 'cellGame' module  (HLE)
LDR: ! Imported function 'cellGameBootCheck' in 'cellGame' module  (HLE)
LDR: W Unknown module 'cellImeJpUtility'
LDR: ! Imported function 'cellImeJpGetFocusTop' in 'cellImeJpUtility' module  (HLE)
LDR: ! Imported function 'cellImeJpConvertForward' in 'cellImeJpUtility' module  (HLE)
LDR: ! Imported function 'cellImeJpMoveFocusClause' in 'cellImeJpUtility' module  (HLE)
LDR: ! Imported function 'cellImeJpSetKanaInputMode' in 'cellImeJpUtility' module  (HLE)
LDR: ! Imported function 'cellImeJpReset' in 'cellImeJpUtility' module  (HLE)
LDR: ! Imported function 'cellImeJpExtendConvertArea' in 'cellImeJpUtility' module  (HLE)
LDR: ! Imported function 'cellImeJpClose' in 'cellImeJpUtility' module  (HLE)
LDR: ! Imported function 'cellImeJpOpen2' in 'cellImeJpUtility' module  (HLE)
LDR: ! Imported function 'cellImeJpEnterCharExt' in 'cellImeJpUtility' module  (HLE)
LDR: ! Imported function 'cellImeJpGetFocusLength' in 'cellImeJpUtility' module  (HLE)
LDR: ! Imported function 'cellImeJpGetStatus' in 'cellImeJpUtility' module  (HLE)
LDR: ! Imported function 'cellImeJpAllConfirm' in 'cellImeJpUtility' module  (HLE)
LDR: ! Imported function 'cellImeJpDeleteWord' in 'cellImeJpUtility' module  (HLE)
LDR: ! Imported function 'cellImeJpPostConvert' in 'cellImeJpUtility' module  (HLE)
LDR: ! Imported function 'cellImeJpBackspaceWord' in 'cellImeJpUtility' module  (HLE)
LDR: ! Imported function 'cellImeJpShortenConvertArea' in 'cellImeJpUtility' module  (HLE)
LDR: ! Imported function 'cellImeJpModeCaretRight' in 'cellImeJpUtility' module  (HLE)
LDR: ! Imported function 'cellImeJpTemporalConfirm' in 'cellImeJpUtility' module  (HLE)
LDR: ! Imported function 'cellImeJpConvertBackward' in 'cellImeJpUtility' module  (HLE)
LDR: ! Imported function 'cellImeJpGetCandidateListSize' in 'cellImeJpUtility' module  (HLE)
LDR: ! Imported function 'cellImeJpGetConfirmString' in 'cellImeJpUtility' module  (HLE)
LDR: ! Imported function 'cellImeJpGetCandidateList' in 'cellImeJpUtility' module  (HLE)
LDR: ! Imported function 'cellImeJpModeCaretLeft' in 'cellImeJpUtility' module  (HLE)
LDR: ! Imported function 'cellImeJpGetConvertString' in 'cellImeJpUtility' module  (HLE)
LDR: W Unknown module 'cellMusicUtility'
LDR: ! Imported function 'cellMusicSetSelectionContext2' in 'cellMusicUtility' module  (HLE)
LDR: ! Imported function 'cellMusicSetVolume2' in 'cellMusicUtility' module  (HLE)
LDR: ! Imported function 'cellMusicInitialize2SystemWorkload' in 'cellMusicUtility' module  (HLE)
LDR: ! Imported function 'cellMusicGetContentsId2' in 'cellMusicUtility' module  (HLE)
LDR: ! Imported function 'cellMusicFinalize2' in 'cellMusicUtility' module  (HLE)
LDR: ! Imported function 'cellMusicGetSelectionContext2' in 'cellMusicUtility' module  (HLE)
LDR: ! Imported function 'cellMusicSetPlaybackCommand2' in 'cellMusicUtility' module  (HLE)
LDR: ! Imported function 'cellMusicSelectContents2' in 'cellMusicUtility' module  (HLE)
LDR: W Unimplemented function 'sceNp2Init' in 'sceNp2' module (HLE)
LDR: W Unimplemented function 'sceNp2Term' in 'sceNp2' module (HLE)
LDR: W Unknown module 'sceNpCommerce2'
LDR: ! Imported function 'sceNpCommerce2DoCheckoutStartAsync' in 'sceNpCommerce2' module  (HLE)
LDR: ! Imported function 'sceNpCommerce2GetProductInfoListGetResult' in 'sceNpCommerce2' module  (HLE)
LDR: ! Imported function 'Unknown func id: 0x1c153e5c' in 'sceNpCommerce2' module  (HLE)
LDR: ! Imported function 'sceNpCommerce2DestroyReq' in 'sceNpCommerce2' module  (HLE)
LDR: ! Imported function 'sceNpCommerce2Init' in 'sceNpCommerce2' module  (HLE)
LDR: ! Imported function 'sceNpCommerce2DoDlListFinishAsync' in 'sceNpCommerce2' module  (HLE)
LDR: ! Imported function 'sceNpCommerce2Term' in 'sceNpCommerce2' module  (HLE)
LDR: ! Imported function 'Unknown func id: 0x542b74cc' in 'sceNpCommerce2' module  (HLE)
LDR: ! Imported function 'sceNpCommerce2CreateSessionAbort' in 'sceNpCommerce2' module  (HLE)
LDR: ! Imported function 'sceNpCommerce2DoDlListStartAsync' in 'sceNpCommerce2' module  (HLE)
LDR: ! Imported function 'sceNpCommerce2DestroyCtx' in 'sceNpCommerce2' module  (HLE)
LDR: ! Imported function 'sceNpCommerce2AbortReq' in 'sceNpCommerce2' module  (HLE)
LDR: ! Imported function 'sceNpCommerce2GetProductInfoStart' in 'sceNpCommerce2' module  (HLE)
LDR: ! Imported function 'sceNpCommerce2CreateSessionFinish' in 'sceNpCommerce2' module  (HLE)
LDR: ! Imported function 'sceNpCommerce2GetProductInfoListStart' in 'sceNpCommerce2' module  (HLE)
LDR: ! Imported function 'sceNpCommerce2SetBGDLAvailability' in 'sceNpCommerce2' module  (HLE)
LDR: ! Imported function 'sceNpCommerce2GetProductInfoCreateReq' in 'sceNpCommerce2' module  (HLE)
LDR: ! Imported function 'sceNpCommerce2GetProductInfoGetResult' in 'sceNpCommerce2' module  (HLE)
LDR: ! Imported function 'Unknown func id: 0xc1eb3b92' in 'sceNpCommerce2' module  (HLE)
LDR: ! Imported function 'sceNpCommerce2CreateSessionStart' in 'sceNpCommerce2' module  (HLE)
LDR: ! Imported function 'sceNpCommerce2DoCheckoutFinishAsync' in 'sceNpCommerce2' module  (HLE)
LDR: ! Imported function 'sceNpCommerce2GetGameProductInfoFromGetProductInfoListResult' in 'sceNpCommerce2' module  (HLE)
LDR: ! Imported function 'sceNpCommerce2CreateCtx' in 'sceNpCommerce2' module  (HLE)
LDR: ! Imported function 'sceNpCommerce2GetGameSkuInfoFromGameProductInfo' in 'sceNpCommerce2' module  (HLE)
LDR: ! Imported function 'sceNpCommerce2InitGetProductInfoListResult' in 'sceNpCommerce2' module  (HLE)
LDR: ! Imported function 'sceNpCommerce2GetProductInfoListCreateReq' in 'sceNpCommerce2' module  (HLE)
LDR: ! Imported function 'sceNpCommerce2GetGameProductInfo' in 'sceNpCommerce2' module  (HLE)
LDR: ! Imported function 'sceNpCommerce2DestroyGetProductInfoResult' in 'sceNpCommerce2' module  (HLE)
LDR: ! Imported function 'sceNpCommerce2DestroyGetProductInfoListResult' in 'sceNpCommerce2' module  (HLE)
LDR: ! Imported function 'sceNpCommerce2InitGetProductInfoResult' in 'sceNpCommerce2' module  (HLE)
LDR: ! Imported function 'sceNpManagerSubSignout' in 'sceNp' module  (HLE)
LDR: ! Imported function 'sceNpBasicSendMessageGui' in 'sceNp' module  (HLE)
LDR: ! Imported function 'sceNpManagerGetTicket' in 'sceNp' module  (HLE)
LDR: ! Imported function 'sceNpSignalingGetConnectionInfo' in 'sceNp' module  (HLE)
LDR: ! Imported function 'sceNpLookupNpId' in 'sceNp' module  (HLE)
LDR: ! Imported function 'sceNpBasicAddPlayersHistory' in 'sceNp' module  (HLE)
LDR: ! Imported function 'sceNpBasicAddFriend' in 'sceNp' module  (HLE)
LDR: ! Imported function 'sceNpBasicRegisterContextSensitiveHandler' in 'sceNp' module  (HLE)
LDR: ! Imported function 'sceNpManagerSubSignin' in 'sceNp' module  (HLE)
LDR: ! Imported function 'sceNpManagerGetCachedInfo' in 'sceNp' module  (HLE)
LDR: ! Imported function 'sceNpSignalingAddExtendedHandler' in 'sceNp' module  (HLE)
LDR: ! Imported function 'sceNpManagerUnregisterCallback' in 'sceNp' module  (HLE)
LDR: ! Imported function 'sceNpManagerGetTicketParam' in 'sceNp' module  (HLE)
LDR: ! Imported function 'sceNpLookupDestroyTitleCtx' in 'sceNp' module  (HLE)
LDR: ! Imported function 'sceNpLookupInit' in 'sceNp' module  (HLE)
LDR: ! Imported function 'sceNpSignalingActivateConnection' in 'sceNp' module  (HLE)
LDR: ! Imported function 'sceNpSignalingCreateCtx' in 'sceNp' module  (HLE)
LDR: ! Imported function 'sceNpBasicRecvMessageAttachmentLoad' in 'sceNp' module  (HLE)
LDR: ! Imported function 'sceNpManagerGetContentRatingFlag' in 'sceNp' module  (HLE)
LDR: ! Imported function 'sceNpBasicGetBlockListEntryCount' in 'sceNp' module  (HLE)
LDR: ! Imported function 'sceNpManagerRequestTicket2' in 'sceNp' module  (HLE)
LDR: ! Imported function 'sceNpLookupTerm' in 'sceNp' module  (HLE)
LDR: ! Imported function 'sceNpSignalingTerminateConnection' in 'sceNp' module  (HLE)
LDR: ! Imported function 'sceNpManagerGetStatus' in 'sceNp' module  (HLE)
LDR: ! Imported function 'sceNpSignalingDestroyCtx' in 'sceNp' module  (HLE)
LDR: ! Imported function 'sceNpBasicUnregisterHandler' in 'sceNp' module  (HLE)
LDR: ! Imported function 'sceNpDrmIsAvailable' in 'sceNp' module  (HLE)
LDR: ! Imported function 'sceNpManagerGetAccountRegion' in 'sceNp' module  (HLE)
LDR: ! Imported function 'sceNpBasicRecvMessageAttachment' in 'sceNp' module  (HLE)
LDR: ! Imported function 'sceNpManagerGetNetworkTime' in 'sceNp' module  (HLE)
LDR: ! Imported function 'sceNpBasicSetPresenceDetails' in 'sceNp' module  (HLE)
LDR: ! Imported function 'sceNpSignalingGetConnectionStatus' in 'sceNp' module  (HLE)
LDR: ! Imported function 'sceNpLookupCreateTitleCtx' in 'sceNp' module  (HLE)
LDR: ! Imported function 'sceNpUtilCmpNpId' in 'sceNp' module  (HLE)
LDR: ! Imported function 'sceNpLookupUserProfile' in 'sceNp' module  (HLE)
LDR: ! Imported function 'sceNpBasicGetEvent' in 'sceNp' module  (HLE)
LDR: ! Imported function 'sceNpManagerRegisterCallback' in 'sceNp' module  (HLE)
LDR: ! Imported function 'sceNpLookupCreateTransactionCtx' in 'sceNp' module  (HLE)
LDR: ! Imported function 'sceNpManagerGetChatRestrictionFlag' in 'sceNp' module  (HLE)
LDR: ! Imported function 'sceNpBasicSendMessage' in 'sceNp' module  (HLE)
LDR: ! Imported function 'sceNpFriendlist' in 'sceNp' module  (HLE)
LDR: ! Imported function 'sceNpBasicGetBlockListEntry' in 'sceNp' module  (HLE)
LDR: ! Imported function 'sceNpLookupDestroyTransactionCtx' in 'sceNp' module  (HLE)
LDR: ! Imported function 'sceNpManagerGetNpId' in 'sceNp' module  (HLE)
LDR: ! Imported function 'sceNpDrmIsAvailable2' in 'sceNp' module  (HLE)
LDR: ! Imported function 'sceNpTrophyRegisterContext' in 'sceNpTrophy' module  (HLE)
LDR: ! Imported function 'sceNpTrophyCreateHandle' in 'sceNpTrophy' module  (HLE)
LDR: ! Imported function 'sceNpTrophyGetRequiredDiskSpace' in 'sceNpTrophy' module  (HLE)
LDR: ! Imported function 'sceNpTrophyDestroyContext' in 'sceNpTrophy' module  (HLE)
LDR: ! Imported function 'sceNpTrophyInit' in 'sceNpTrophy' module  (HLE)
LDR: ! Imported function 'sceNpTrophyDestroyHandle' in 'sceNpTrophy' module  (HLE)
LDR: ! Imported function 'sceNpTrophyUnlockTrophy' in 'sceNpTrophy' module  (HLE)
LDR: ! Imported function 'sceNpTrophyTerm' in 'sceNpTrophy' module  (HLE)
LDR: ! Imported function 'sceNpTrophyGetTrophyUnlockState' in 'sceNpTrophy' module  (HLE)
LDR: ! Imported function 'sceNpTrophyCreateContext' in 'sceNpTrophy' module  (HLE)
LDR: W Unknown module 'cellPhotoDecodeUtil'
LDR: ! Imported function 'cellPhotoDecodeInitialize2' in 'cellPhotoDecodeUtil' module  (HLE)
LDR: ! Imported function 'cellPhotoDecodeFromFile' in 'cellPhotoDecodeUtil' module  (HLE)
LDR: ! Imported function 'cellPhotoDecodeFinalize' in 'cellPhotoDecodeUtil' module  (HLE)
LDR: W Unknown module 'cellPhotoUtility'
LDR: ! Imported function 'cellPhotoExportInitialize2' in 'cellPhotoUtility' module  (HLE)
LDR: ! Imported function 'cellPhotoExportFromFile' in 'cellPhotoUtility' module  (HLE)
LDR: ! Imported function 'cellPhotoExportFinalize' in 'cellPhotoUtility' module  (HLE)
LDR: W Unknown module 'cellPhotoImportUtil'
LDR: ! Imported function 'cellPhotoImport2' in 'cellPhotoImportUtil' module  (HLE)
LDR: W Unknown module 'cellSaveData'
LDR: ! Imported function 'cellSaveDataUserListDelete' in 'cellSaveData' module  (HLE)
LDR: W Unknown module 'cellSearchUtility'
LDR: ! Imported function 'cellSearchGetContentInfoByContentId' in 'cellSearchUtility' module  (HLE)
LDR: ! Imported function 'cellSearchFinalize' in 'cellSearchUtility' module  (HLE)
LDR: ! Imported function 'cellSearchInitialize' in 'cellSearchUtility' module  (HLE)
LDR: W Unknown module 'cellCrossController'
LDR: ! Imported function 'Unknown func id: 0x37e1f502' in 'cellCrossController' module  (HLE)
LDR: ! Imported function 'cellVideoOutConfigure' in 'cellSysutil' module  (HLE)
LDR: W Unimplemented function 'cellSaveDataUserListSave' in 'cellSysutil' module (HLE)
LDR: ! Imported function 'cellSysutilCheckCallback' in 'cellSysutil' module  (HLE)
LDR: ! Imported function 'cellSysCacheMount' in 'cellSysutil' module  (HLE)
LDR: ! Imported function 'cellMsgDialogClose' in 'cellSysutil' module  (HLE)
LDR: ! Imported function 'cellSaveDataListAutoLoad' in 'cellSysutil' module  (HLE)
LDR: W Unimplemented function 'cellSaveDataUserListLoad' in 'cellSysutil' module (HLE)
LDR: W Unimplemented function 'cellOskDialogUnloadAsync' in 'cellSysutil' module (HLE)
LDR: ! Imported function 'cellMsgDialogOpenErrorCode' in 'cellSysutil' module  (HLE)
LDR: ! Imported function 'cellSysutilGetSystemParamInt' in 'cellSysutil' module  (HLE)
LDR: ! Imported function 'cellAudioOutConfigure' in 'cellSysutil' module  (HLE)
LDR: W Unimplemented function 'cellSaveDataUserAutoSave' in 'cellSysutil' module (HLE)
LDR: W Unimplemented function 'cellOskDialogAddSupportLanguage' in 'cellSysutil' module (HLE)
LDR: W Unimplemented function 'cellOskDialogLoadAsync' in 'cellSysutil' module (HLE)
LDR: ! Imported function 'cellVideoOutGetState' in 'cellSysutil' module  (HLE)
LDR: ! Imported function 'cellSysutilRegisterCallback' in 'cellSysutil' module  (HLE)
LDR: ! Imported function 'cellSysutilGetBgmPlaybackStatus' in 'cellSysutil' module  (HLE)
LDR: W Unimplemented function 'cellSysconfOpen' in 'cellSysutil' module (HLE)
LDR: W Unimplemented function 'cellOskDialogSetKeyLayoutOption' in 'cellSysutil' module (HLE)
LDR: W Unimplemented function 'cellOskDialogAbort' in 'cellSysutil' module (HLE)
LDR: ! Imported function 'cellAudioOutGetSoundAvailability' in 'cellSysutil' module  (HLE)
LDR: W Unimplemented function 'cellSaveDataUserAutoLoad' in 'cellSysutil' module (HLE)
LDR: ! Imported function 'cellVideoOutGetResolution' in 'cellSysutil' module  (HLE)
LDR: ! Imported function 'cellUserInfoGetStat' in 'cellUserInfo' module  (HLE)
LDR: ! Imported function 'cellUserInfoGetList' in 'cellUserInfo' module  (HLE)
LDR: W Unknown module 'libgem'
LDR: ! Imported function 'cellGemUpdateStart' in 'libgem' module  (HLE)
LDR: ! Imported function 'cellGemInit' in 'libgem' module  (HLE)
LDR: ! Imported function 'cellGemGetRGB' in 'libgem' module  (HLE)
LDR: ! Imported function 'cellGemUpdateFinish' in 'libgem' module  (HLE)
LDR: ! Imported function 'cellGemSetRumble' in 'libgem' module  (HLE)
LDR: ! Imported function 'cellGemGetState' in 'libgem' module  (HLE)
LDR: ! Imported function 'cellGemTrackHues' in 'libgem' module  (HLE)
LDR: ! Imported function 'cellGemGetInfo' in 'libgem' module  (HLE)
LDR: ! Imported function 'cellGemPrepareCamera' in 'libgem' module  (HLE)
LDR: ! Imported function 'cellGemCalibrate' in 'libgem' module  (HLE)
LDR: ! Imported function 'cellGemForceRGB' in 'libgem' module  (HLE)
LDR: ! Imported function 'cellGemEnd' in 'libgem' module  (HLE)
LDR: W Unknown module 'sys_crashdump'
LDR: ! Imported function 'Unknown func id: 0xb20f87b3' in 'sys_crashdump' module  (HLE)
HLE: W {PPU[1] Thread (main_thread)[0x00fbd034]} sys_lwmutex warning: sys_lwmutex_create(lwmutex_addr=0xf856a8, attr_addr=0xd9de40)
HLE: ! {PPU[1] Thread (main_thread)[0x00fbd034]} sys_lwmutex : *** lwmutex created [_lc_mtx] (attribute=0x12): sq_id = 3
HLE: W {PPU[1] Thread (main_thread)[0x009724a0]} sys_memory warning: sys_memory_get_user_memory_size(mem_info_addr=0xd000fc04)
HLE: W {PPU[1] Thread (main_thread)[0x00fbd034]} sys_lwmutex warning: sys_lwmutex_create(lwmutex_addr=0xf854a8, attr_addr=0xd9de40)
HLE: ! {PPU[1] Thread (main_thread)[0x00fbd034]} sys_lwmutex : *** lwmutex created [_lc_mtx] (attribute=0x12): sq_id = 4
HLE: W {PPU[1] Thread (main_thread)[0x00fbd034]} sys_lwmutex warning: sys_lwmutex_create(lwmutex_addr=0xf84c30, attr_addr=0xd9de40)
HLE: ! {PPU[1] Thread (main_thread)[0x00fbd034]} sys_lwmutex : *** lwmutex created [_lc_mtx] (attribute=0x12): sq_id = 5
HLE: W {PPU[1] Thread (main_thread)[0x00fbd034]} sys_lwmutex warning: sys_lwmutex_create(lwmutex_addr=0xf84c58, attr_addr=0xd9de40)
HLE: ! {PPU[1] Thread (main_thread)[0x00fbd034]} sys_lwmutex : *** lwmutex created [_lc_mtx] (attribute=0x12): sq_id = 6
HLE: W {PPU[1] Thread (main_thread)[0x00fbd034]} sys_lwmutex warning: sys_lwmutex_create(lwmutex_addr=0xf84c80, attr_addr=0xd9de40)
HLE: ! {PPU[1] Thread (main_thread)[0x00fbd034]} sys_lwmutex : *** lwmutex created [_lc_mtx] (attribute=0x12): sq_id = 7
HLE: W {PPU[1] Thread (main_thread)[0x00fbd034]} sys_lwmutex warning: sys_lwmutex_create(lwmutex_addr=0xf84b68, attr_addr=0xd9de40)
HLE: ! {PPU[1] Thread (main_thread)[0x00fbd034]} sys_lwmutex : *** lwmutex created [_lc_mtx] (attribute=0x12): sq_id = 8
HLE: W {PPU[1] Thread (main_thread)[0x00fbd034]} sys_lwmutex warning: sys_lwmutex_create(lwmutex_addr=0xf84b90, attr_addr=0xd9de40)
HLE: ! {PPU[1] Thread (main_thread)[0x00fbd034]} sys_lwmutex : *** lwmutex created [_lc_mtx] (attribute=0x12): sq_id = 9
HLE: W {PPU[1] Thread (main_thread)[0x00fbd034]} sys_lwmutex warning: sys_lwmutex_create(lwmutex_addr=0xf84bb8, attr_addr=0xd9de40)
HLE: ! {PPU[1] Thread (main_thread)[0x00fbd034]} sys_lwmutex : *** lwmutex created [_lc_mtx] (attribute=0x12): sq_id = 10
HLE: W {PPU[1] Thread (main_thread)[0x00fbd034]} sys_lwmutex warning: sys_lwmutex_create(lwmutex_addr=0xf84be0, attr_addr=0xd9de40)
HLE: ! {PPU[1] Thread (main_thread)[0x00fbd034]} sys_lwmutex : *** lwmutex created [_lc_mtx] (attribute=0x12): sq_id = 11
HLE: W {PPU[1] Thread (main_thread)[0x00fbd034]} sys_lwmutex warning: sys_lwmutex_create(lwmutex_addr=0xf84c08, attr_addr=0xd9de40)
HLE: ! {PPU[1] Thread (main_thread)[0x00fbd034]} sys_lwmutex : *** lwmutex created [_lc_mtx] (attribute=0x12): sq_id = 12
HLE: W {PPU[1] Thread (main_thread)[0x00021138]} sys_memory warning: sys_memory_get_user_memory_size(mem_info_addr=0xd000fb08)
HLE: W {PPU[1] Thread (main_thread)[0x00020edc]} sys_memory warning: sys_memory_container_create(cid_addr=0xe7c518, yield_size=0x2400000)
HLE: W {PPU[1] Thread (main_thread)[0x00020edc]} sys_memory warning: *** memory_container created(addr=0x30100000): id = 13
HLE: W {PPU[1] Thread (main_thread)[0x00021160]} sys_memory warning: sys_memory_get_user_memory_size(mem_info_addr=0xd000fb08)
HLE: W {PPU[1] Thread (main_thread)[0x00021170]} sys_memory warning: sys_memory_get_user_memory_size(mem_info_addr=0xd000fb08)
HLE: W {PPU[1] Thread (main_thread)[0x000214f0]} sys_memory warning: sys_memory_get_user_memory_size(mem_info_addr=0xd000fb08)
HLE: W {PPU[1] Thread (main_thread)[0x00021508]} sys_memory warning: sys_memory_get_user_memory_size(mem_info_addr=0xd000fb08)
HLE: W {PPU[1] Thread (main_thread)[0x00fbd034]} sys_lwmutex warning: sys_lwmutex_create(lwmutex_addr=0x3dce0f70, attr_addr=0xd000f9c0)
HLE: ! {PPU[1] Thread (main_thread)[0x00fbd034]} sys_lwmutex : *** lwmutex created [] (attribute=0x22): sq_id = 14
HLE: W {PPU[1] Thread (main_thread)[0x00fbd034]} sys_lwmutex warning: sys_lwmutex_create(lwmutex_addr=0x3dce1300, attr_addr=0xd000f9c0)
HLE: ! {PPU[1] Thread (main_thread)[0x00fbd034]} sys_lwmutex : *** lwmutex created [] (attribute=0x22): sq_id = 15
HLE: W {PPU[1] Thread (main_thread)[0x00fbd034]} sys_lwmutex warning: sys_lwmutex_create(lwmutex_addr=0x3dce1410, attr_addr=0xd000f9d0)
HLE: ! {PPU[1] Thread (main_thread)[0x00fbd034]} sys_lwmutex : *** lwmutex created [] (attribute=0x22): sq_id = 16
HLE: W {PPU[1] Thread (main_thread)[0x000216ec]} sys_memory warning: sys_memory_get_user_memory_size(mem_info_addr=0xd000fb08)
HLE: W {PPU[1] Thread (main_thread)[0x000221a8]} sys_memory warning: sys_memory_get_user_memory_size(mem_info_addr=0xd000fb08)
HLE: W {PPU[1] Thread (main_thread)[0x00fbd034]} sys_lwmutex warning: sys_lwmutex_create(lwmutex_addr=0xf85740, attr_addr=0xe6edd0)
HLE: ! {PPU[1] Thread (main_thread)[0x00fbd034]} sys_lwmutex : *** lwmutex created [_lgcmtx] (attribute=0x12): sq_id = 17
HLE: W {PPU[1] Thread (main_thread)[0x00fbd034]} sys_lwmutex warning: sys_lwmutex_create(lwmutex_addr=0xf85700, attr_addr=0xe6ede0)
HLE: ! {PPU[1] Thread (main_thread)[0x00fbd034]} sys_lwmutex : *** lwmutex created [_lgcmtx] (attribute=0x22): sq_id = 18
HLE: W {PPU[1] Thread (main_thread)[0x00fbd034]} sys_lwmutex warning: sys_lwmutex_create(lwmutex_addr=0xf82ff8, attr_addr=0xd000fb50)
HLE: ! {PPU[1] Thread (main_thread)[0x00fbd034]} sys_lwmutex : *** lwmutex created [ps3HDDL] (attribute=0x12): sq_id = 19
HLE: W {PPU[1] Thread (main_thread)[0x00963aa0]} sys_time warning: sys_time_get_timezone(timezone_addr=0xd000fb20, summertime_addr=0xd000fb24)
HLE: W {PPU[1] Thread (main_thread)[0x00963aa0]} cellSysutil warning: cellSysutilGetSystemParamInt: CELL_SYSUTIL_SYSTEMPARAM_ID_TIMEZONE
HLE: W {PPU[1] Thread (main_thread)[0x00963aa0]} cellSysutil warning: cellSysutilGetSystemParamInt: CELL_SYSUTIL_SYSTEMPARAM_ID_SUMMERTIME
HLE: W {PPU[1] Thread (main_thread)[0x0096a9b4]} sys_time warning: sys_time_get_timezone(timezone_addr=0xd000fa70, summertime_addr=0xd000fa74)
HLE: W {PPU[1] Thread (main_thread)[0x0096a9b4]} cellSysutil warning: cellSysutilGetSystemParamInt: CELL_SYSUTIL_SYSTEMPARAM_ID_TIMEZONE
HLE: W {PPU[1] Thread (main_thread)[0x0096a9b4]} cellSysutil warning: cellSysutilGetSystemParamInt: CELL_SYSUTIL_SYSTEMPARAM_ID_SUMMERTIME
HLE: W {PPU[1] Thread (main_thread)[0x00965510]} sys_time warning: sys_time_get_timezone(timezone_addr=0xd000fb20, summertime_addr=0xd000fb24)
HLE: W {PPU[1] Thread (main_thread)[0x00965510]} cellSysutil warning: cellSysutilGetSystemParamInt: CELL_SYSUTIL_SYSTEMPARAM_ID_TIMEZONE
HLE: W {PPU[1] Thread (main_thread)[0x00965510]} cellSysutil warning: cellSysutilGetSystemParamInt: CELL_SYSUTIL_SYSTEMPARAM_ID_SUMMERTIME
HLE: W {PPU[1] Thread (main_thread)[0x0096a9b4]} sys_time warning: sys_time_get_timezone(timezone_addr=0xd000fa70, summertime_addr=0xd000fa74)
HLE: W {PPU[1] Thread (main_thread)[0x0096a9b4]} cellSysutil warning: cellSysutilGetSystemParamInt: CELL_SYSUTIL_SYSTEMPARAM_ID_TIMEZONE
HLE: W {PPU[1] Thread (main_thread)[0x0096a9b4]} cellSysutil warning: cellSysutilGetSystemParamInt: CELL_SYSUTIL_SYSTEMPARAM_ID_SUMMERTIME
HLE: W {PPU[1] Thread (main_thread)[0x00963a4c]} sys_time warning: sys_time_get_timezone(timezone_addr=0xd000fb20, summertime_addr=0xd000fb24)
HLE: W {PPU[1] Thread (main_thread)[0x00963a4c]} cellSysutil warning: cellSysutilGetSystemParamInt: CELL_SYSUTIL_SYSTEMPARAM_ID_TIMEZONE
HLE: W {PPU[1] Thread (main_thread)[0x00963a4c]} cellSysutil warning: cellSysutilGetSystemParamInt: CELL_SYSUTIL_SYSTEMPARAM_ID_SUMMERTIME
HLE: W {PPU[1] Thread (main_thread)[0x00965510]} sys_time warning: sys_time_get_timezone(timezone_addr=0xd000fb20, summertime_addr=0xd000fb24)
HLE: W {PPU[1] Thread (main_thread)[0x00965510]} cellSysutil warning: cellSysutilGetSystemParamInt: CELL_SYSUTIL_SYSTEMPARAM_ID_TIMEZONE
HLE: W {PPU[1] Thread (main_thread)[0x00965510]} cellSysutil warning: cellSysutilGetSystemParamInt: CELL_SYSUTIL_SYSTEMPARAM_ID_SUMMERTIME
HLE: W {PPU[1] Thread (main_thread)[0x00fbd034]} sys_lwmutex warning: sys_lwmutex_create(lwmutex_addr=0xf2de80, attr_addr=0xd000fbe0)
HLE: ! {PPU[1] Thread (main_thread)[0x00fbd034]} sys_lwmutex : *** lwmutex created [Rubbery] (attribute=0x11): sq_id = 20
HLE: W {PPU[1] Thread (main_thread)[0x00fbd034]} sys_lwmutex warning: sys_lwmutex_create(lwmutex_addr=0xf2de30, attr_addr=0xd000fbe0)
HLE: ! {PPU[1] Thread (main_thread)[0x00fbd034]} sys_lwmutex : *** lwmutex created [Squeaky] (attribute=0x11): sq_id = 21
HLE: W {PPU[1] Thread (main_thread)[0x00fbd034]} sys_lwmutex warning: sys_lwmutex_create(lwmutex_addr=0xf23d10, attr_addr=0xd000fb50)
HLE: ! {PPU[1] Thread (main_thread)[0x00fbd034]} sys_lwmutex : *** lwmutex created [CmdList] (attribute=0x11): sq_id = 22
HLE: W {PPU[1] Thread (main_thread)[0x00fbd034]} sys_lwmutex warning: sys_lwmutex_create(lwmutex_addr=0xf23d50, attr_addr=0xd000fb50)
HLE: ! {PPU[1] Thread (main_thread)[0x00fbd034]} sys_lwmutex : *** lwmutex created [CmdList] (attribute=0x11): sq_id = 23
HLE: W {PPU[1] Thread (main_thread)[0x00fbd034]} sys_lwmutex warning: sys_lwmutex_create(lwmutex_addr=0xf23db0, attr_addr=0xd000fb50)
HLE: ! {PPU[1] Thread (main_thread)[0x00fbd034]} sys_lwmutex : *** lwmutex created [CmdList] (attribute=0x11): sq_id = 24
HLE: W {PPU[1] Thread (main_thread)[0x00fbd034]} sys_lwmutex warning: sys_lwmutex_create(lwmutex_addr=0xf23df0, attr_addr=0xd000fb50)
HLE: ! {PPU[1] Thread (main_thread)[0x00fbd034]} sys_lwmutex : *** lwmutex created [CmdList] (attribute=0x11): sq_id = 25
HLE: W {PPU[1] Thread (main_thread)[0x00fbd034]} sys_lwmutex warning: sys_lwmutex_create(lwmutex_addr=0xf213e0, attr_addr=0xd000fbb0)
HLE: ! {PPU[1] Thread (main_thread)[0x00fbd034]} sys_lwmutex : *** lwmutex created [Pad] (attribute=0x11): sq_id = 26
HLE: W {PPU[1] Thread (main_thread)[0x00fbd034]} sys_lwmutex warning: sys_lwmutex_create(lwmutex_addr=0xf14560, attr_addr=0xd000fbe0)
HLE: ! {PPU[1] Thread (main_thread)[0x00fbd034]} sys_lwmutex : *** lwmutex created [PoppetU] (attribute=0x11): sq_id = 27
HLE: W {PPU[1] Thread (main_thread)[0x00fbd034]} sys_lwmutex warning: sys_lwmutex_create(lwmutex_addr=0xf0d998, attr_addr=0xd000fab0)
HLE: ! {PPU[1] Thread (main_thread)[0x00fbd034]} sys_lwmutex : *** lwmutex created [Palette] (attribute=0x11): sq_id = 28
HLE: W {PPU[1] Thread (main_thread)[0x00fbd034]} sys_lwmutex warning: sys_lwmutex_create(lwmutex_addr=0xf0ca08, attr_addr=0xd000fbd0)
HLE: ! {PPU[1] Thread (main_thread)[0x00fbd034]} sys_lwmutex : *** lwmutex created [ProfCac] (attribute=0x11): sq_id = 29
HLE: W {PPU[1] Thread (main_thread)[0x00fbd034]} sys_lwmutex warning: sys_lwmutex_create(lwmutex_addr=0xf07138, attr_addr=0xd000fb80)
HLE: ! {PPU[1] Thread (main_thread)[0x00fbd034]} sys_lwmutex : *** lwmutex created [Drawing] (attribute=0x11): sq_id = 30
HLE: W {PPU[1] Thread (main_thread)[0x00fbd034]} sys_lwmutex warning: sys_lwmutex_create(lwmutex_addr=0xef9e80, attr_addr=0xd000fbe0)
HLE: ! {PPU[1] Thread (main_thread)[0x00fbd034]} sys_lwmutex : *** lwmutex created [MicBuff] (attribute=0x11): sq_id = 31
HLE: W {PPU[1] Thread (main_thread)[0x00fbd034]} sys_lwmutex warning: sys_lwmutex_create(lwmutex_addr=0xef8688, attr_addr=0xd000fbb0)
HLE: ! {PPU[1] Thread (main_thread)[0x00fbd034]} sys_lwmutex : *** lwmutex created [Audio] (attribute=0x11): sq_id = 32
HLE: W {PPU[1] Thread (main_thread)[0x00fbd034]} sys_lwmutex warning: sys_lwmutex_create(lwmutex_addr=0xef76b0, attr_addr=0xd000fbb0)
HLE: ! {PPU[1] Thread (main_thread)[0x00fbd034]} sys_lwmutex : *** lwmutex created [AudEvt] (attribute=0x11): sq_id = 33
HLE: W {PPU[1] Thread (main_thread)[0x00fbd034]} sys_lwmutex warning: sys_lwmutex_create(lwmutex_addr=0xef7720, attr_addr=0xd000fba0)
HLE: ! {PPU[1] Thread (main_thread)[0x00fbd034]} sys_lwmutex : *** lwmutex created [DlgSoun] (attribute=0x11): sq_id = 34
HLE: W {PPU[1] Thread (main_thread)[0x00fbd034]} sys_lwmutex warning: sys_lwmutex_create(lwmutex_addr=0xef7648, attr_addr=0xd000fbe0)
HLE: ! {PPU[1] Thread (main_thread)[0x00fbd034]} sys_lwmutex : *** lwmutex created [RegWorl] (attribute=0x11): sq_id = 35
HLE: W {PPU[1] Thread (main_thread)[0x00fbd034]} sys_lwmutex warning: sys_lwmutex_create(lwmutex_addr=0xef18b0, attr_addr=0xd000fbc0)
HLE: ! {PPU[1] Thread (main_thread)[0x00fbd034]} sys_lwmutex : *** lwmutex created [HostDeb] (attribute=0x11): sq_id = 36
HLE: W {PPU[1] Thread (main_thread)[0x00fbd034]} sys_lwmutex warning: sys_lwmutex_create(lwmutex_addr=0xef1910, attr_addr=0xd000fbb0)
HLE: ! {PPU[1] Thread (main_thread)[0x00fbd034]} sys_lwmutex : *** lwmutex created [LeftHos] (attribute=0x11): sq_id = 37
HLE: W {PPU[1] Thread (main_thread)[0x00fbd034]} sys_lwmutex warning: sys_lwmutex_create(lwmutex_addr=0xef1948, attr_addr=0xd000fba0)
HLE: ! {PPU[1] Thread (main_thread)[0x00fbd034]} sys_lwmutex : *** lwmutex created [LeftCli] (attribute=0x11): sq_id = 38
HLE: W {PPU[1] Thread (main_thread)[0x00fbd034]} sys_lwmutex warning: sys_lwmutex_create(lwmutex_addr=0xef1980, attr_addr=0xd000fb90)
HLE: ! {PPU[1] Thread (main_thread)[0x00fbd034]} sys_lwmutex : *** lwmutex created [HostGID] (attribute=0x11): sq_id = 39
HLE: W {PPU[1] Thread (main_thread)[0x00fbd034]} sys_lwmutex warning: sys_lwmutex_create(lwmutex_addr=0xee93e8, attr_addr=0xd000fbc0)
HLE: ! {PPU[1] Thread (main_thread)[0x00fbd034]} sys_lwmutex : *** lwmutex created [Cookie] (attribute=0x11): sq_id = 40
HLE: W {PPU[1] Thread (main_thread)[0x00fbd034]} sys_lwmutex warning: sys_lwmutex_create(lwmutex_addr=0xee9420, attr_addr=0xd000fbb0)
HLE: ! {PPU[1] Thread (main_thread)[0x00fbd034]} sys_lwmutex : *** lwmutex created [GetCook] (attribute=0x11): sq_id = 41
HLE: W {PPU[1] Thread (main_thread)[0x00fbd034]} sys_lwmutex warning: sys_lwmutex_create(lwmutex_addr=0xee94e8, attr_addr=0xd000fba0)
HLE: ! {PPU[1] Thread (main_thread)[0x00fbd034]} sys_lwmutex : *** lwmutex created [ReAuth] (attribute=0x11): sq_id = 42
HLE: W {PPU[1] Thread (main_thread)[0x00fbd034]} sys_lwmutex warning: sys_lwmutex_create(lwmutex_addr=0xee8a70, attr_addr=0xd000fbc0)
HLE: ! {PPU[1] Thread (main_thread)[0x00fbd034]} sys_lwmutex : *** lwmutex created [Remote ] (attribute=0x11): sq_id = 43
HLE: W {PPU[1] Thread (main_thread)[0x00fbd034]} sys_lwmutex warning: sys_lwmutex_create(lwmutex_addr=0xee8aa8, attr_addr=0xd000fbb0)
HLE: ! {PPU[1] Thread (main_thread)[0x00fbd034]} sys_lwmutex : *** lwmutex created [Remote ] (attribute=0x11): sq_id = 44
HLE: W {PPU[1] Thread (main_thread)[0x00fbd034]} sys_lwmutex warning: sys_lwmutex_create(lwmutex_addr=0xee34f8, attr_addr=0xd000fa80)
HLE: ! {PPU[1] Thread (main_thread)[0x00fbd034]} sys_lwmutex : *** lwmutex created [ShComms] (attribute=0x11): sq_id = 45
HLE: W {PPU[1] Thread (main_thread)[0x00fbd034]} sys_lwmutex warning: sys_lwmutex_create(lwmutex_addr=0xee3558, attr_addr=0xd000fa70)
HLE: ! {PPU[1] Thread (main_thread)[0x00fbd034]} sys_lwmutex : *** lwmutex created [RecPlyr] (attribute=0x11): sq_id = 46
HLE: W {PPU[1] Thread (main_thread)[0x00fbd034]} sys_lwmutex warning: sys_lwmutex_create(lwmutex_addr=0xee3478, attr_addr=0xd000fa90)
HLE: ! {PPU[1] Thread (main_thread)[0x00fbd034]} sys_lwmutex : *** lwmutex created [PrioQ] (attribute=0x11): sq_id = 47
HLE: W {PPU[1] Thread (main_thread)[0x0002c3ac]} sys_semaphore warning: sys_semaphore_create(sem_addr=0xee34b0, attr_addr=0xd000fa00, initial_count=0, max_count=2147483647)
HLE: ! {PPU[1] Thread (main_thread)[0x0002c3ac]} sys_semaphore : *** semaphore created [] (protocol=0x2): id = 48
HLE: W {PPU[1] Thread (main_thread)[0x00fbd034]} sys_lwmutex warning: sys_lwmutex_create(lwmutex_addr=0xee2468, attr_addr=0xd000fbd0)
HLE: ! {PPU[1] Thread (main_thread)[0x00fbd034]} sys_lwmutex : *** lwmutex created [Match2C] (attribute=0x11): sq_id = 49
HLE: W {PPU[1] Thread (main_thread)[0x00fbd034]} sys_lwmutex warning: sys_lwmutex_create(lwmutex_addr=0xee2980, attr_addr=0xd000fbc0)
HLE: ! {PPU[1] Thread (main_thread)[0x00fbd034]} sys_lwmutex : *** lwmutex created [ReqJoin] (attribute=0x11): sq_id = 50
HLE: W {PPU[1] Thread (main_thread)[0x0002c3ac]} sys_semaphore warning: sys_semaphore_create(sem_addr=0xec1718, attr_addr=0xd000fb70, initial_count=0, max_count=1)
HLE: ! {PPU[1] Thread (main_thread)[0x0002c3ac]} sys_semaphore : *** semaphore created [] (protocol=0x2): id = 51
HLE: W {PPU[1] Thread (main_thread)[0x0002c3ac]} sys_semaphore warning: sys_semaphore_create(sem_addr=0xec1720, attr_addr=0xd000fb70, initial_count=0, max_count=1)
HLE: ! {PPU[1] Thread (main_thread)[0x0002c3ac]} sys_semaphore : *** semaphore created [] (protocol=0x2): id = 52
HLE: W {PPU[1] Thread (main_thread)[0x00fbd034]} sys_lwmutex warning: sys_lwmutex_create(lwmutex_addr=0xea3a00, attr_addr=0xd000fb90)
HLE: ! {PPU[1] Thread (main_thread)[0x00fbd034]} sys_lwmutex : *** lwmutex created [Undo] (attribute=0x11): sq_id = 53
HLE: W {PPU[1] Thread (main_thread)[0x00fbd034]} sys_lwmutex warning: sys_lwmutex_create(lwmutex_addr=0xec0e28, attr_addr=0xd000fb80)
HLE: ! {PPU[1] Thread (main_thread)[0x00fbd034]} sys_lwmutex : *** lwmutex created [SharedB] (attribute=0x11): sq_id = 54
HLE: W {PPU[1] Thread (main_thread)[0x00fbd034]} sys_lwmutex warning: sys_lwmutex_create(lwmutex_addr=0xea3790, attr_addr=0xd000fbc0)
HLE: ! {PPU[1] Thread (main_thread)[0x00fbd034]} sys_lwmutex : *** lwmutex created [BrokenR] (attribute=0x11): sq_id = 55
HLE: W {PPU[1] Thread (main_thread)[0x00fbd034]} sys_lwmutex warning: sys_lwmutex_create(lwmutex_addr=0xea37c8, attr_addr=0xd000fbb0)
HLE: ! {PPU[1] Thread (main_thread)[0x00fbd034]} sys_lwmutex : *** lwmutex created [ResStat] (attribute=0x11): sq_id = 56
HLE: W {PPU[1] Thread (main_thread)[0x00fbd034]} sys_lwmutex warning: sys_lwmutex_create(lwmutex_addr=0xea3800, attr_addr=0xd000fba0)
HLE: ! {PPU[1] Thread (main_thread)[0x00fbd034]} sys_lwmutex : *** lwmutex created [ResCoun] (attribute=0x11): sq_id = 57
HLE: W {PPU[1] Thread (main_thread)[0x00fbd034]} sys_lwmutex warning: sys_lwmutex_create(lwmutex_addr=0xea3840, attr_addr=0xd000faf0)
HLE: ! {PPU[1] Thread (main_thread)[0x00fbd034]} sys_lwmutex : *** lwmutex created [Resourc] (attribute=0x11): sq_id = 58
HLE: W {PPU[1] Thread (main_thread)[0x00fbd034]} sys_lwmutex warning: sys_lwmutex_create(lwmutex_addr=0xea3878, attr_addr=0xd000fae0)
HLE: ! {PPU[1] Thread (main_thread)[0x00fbd034]} sys_lwmutex : *** lwmutex created [Resourc] (attribute=0x11): sq_id = 59
HLE: W {PPU[1] Thread (main_thread)[0x00fbd034]} sys_lwmutex warning: sys_lwmutex_create(lwmutex_addr=0xea3700, attr_addr=0xd000fbc0)
HLE: ! {PPU[1] Thread (main_thread)[0x00fbd034]} sys_lwmutex : *** lwmutex created [Backdro] (attribute=0x11): sq_id = 60
HLE: W {PPU[1] Thread (main_thread)[0x00fbd034]} sys_lwmutex warning: sys_lwmutex_create(lwmutex_addr=0xea3738, attr_addr=0xd000fbb0)
HLE: ! {PPU[1] Thread (main_thread)[0x00fbd034]} sys_lwmutex : *** lwmutex created [LoadedS] (attribute=0x11): sq_id = 61
HLE: W {PPU[1] Thread (main_thread)[0x0002c3ac]} sys_semaphore warning: sys_semaphore_create(sem_addr=0xea377c, attr_addr=0xd000fb20, initial_count=1, max_count=1)
HLE: ! {PPU[1] Thread (main_thread)[0x0002c3ac]} sys_semaphore : *** semaphore created [] (protocol=0x2): id = 62
HLE: W {PPU[1] Thread (main_thread)[0x00fbd034]} sys_lwmutex warning: sys_lwmutex_create(lwmutex_addr=0xe83498, attr_addr=0xd000fb60)
HLE: ! {PPU[1] Thread (main_thread)[0x00fbd034]} sys_lwmutex : *** lwmutex created [DepCach] (attribute=0x11): sq_id = 63
HLE: W {PPU[1] Thread (main_thread)[0x00fbd034]} sys_lwmutex warning: sys_lwmutex_create(lwmutex_addr=0xe82f40, attr_addr=0xd000fbe0)
HLE: ! {PPU[1] Thread (main_thread)[0x00fbd034]} sys_lwmutex : *** lwmutex created [InitPol] (attribute=0x11): sq_id = 64
HLE: W {PPU[1] Thread (main_thread)[0x00fbd034]} sys_lwmutex warning: sys_lwmutex_create(lwmutex_addr=0xe812d0, attr_addr=0xd000fb60)
HLE: ! {PPU[1] Thread (main_thread)[0x00fbd034]} sys_lwmutex : *** lwmutex created [Streami] (attribute=0x11): sq_id = 65
HLE: W {PPU[1] Thread (main_thread)[0x00fbd034]} sys_lwmutex warning: sys_lwmutex_create(lwmutex_addr=0xe81320, attr_addr=0xd000fb60)
HLE: ! {PPU[1] Thread (main_thread)[0x00fbd034]} sys_lwmutex : *** lwmutex created [Streami] (attribute=0x11): sq_id = 66
HLE: W {PPU[1] Thread (main_thread)[0x00fbd034]} sys_lwmutex warning: sys_lwmutex_create(lwmutex_addr=0xe81370, attr_addr=0xd000fb60)
HLE: ! {PPU[1] Thread (main_thread)[0x00fbd034]} sys_lwmutex : *** lwmutex created [Streami] (attribute=0x11): sq_id = 67
HLE: W {PPU[1] Thread (main_thread)[0x00fbd034]} sys_lwmutex warning: sys_lwmutex_create(lwmutex_addr=0xe813c0, attr_addr=0xd000fb60)
HLE: ! {PPU[1] Thread (main_thread)[0x00fbd034]} sys_lwmutex : *** lwmutex created [Streami] (attribute=0x11): sq_id = 68
HLE: W {PPU[1] Thread (main_thread)[0x00fbd034]} sys_lwmutex warning: sys_lwmutex_create(lwmutex_addr=0xe81410, attr_addr=0xd000fb60)
HLE: ! {PPU[1] Thread (main_thread)[0x00fbd034]} sys_lwmutex : *** lwmutex created [Streami] (attribute=0x11): sq_id = 69
HLE: W {PPU[1] Thread (main_thread)[0x00fbd034]} sys_lwmutex warning: sys_lwmutex_create(lwmutex_addr=0xe81460, attr_addr=0xd000fb60)
HLE: ! {PPU[1] Thread (main_thread)[0x00fbd034]} sys_lwmutex : *** lwmutex created [GuidIte] (attribute=0x11): sq_id = 70
HLE: W {PPU[1] Thread (main_thread)[0x00fbd034]} sys_lwmutex warning: sys_lwmutex_create(lwmutex_addr=0xe814b0, attr_addr=0xd000fb60)
HLE: ! {PPU[1] Thread (main_thread)[0x00fbd034]} sys_lwmutex : *** lwmutex created [Streami] (attribute=0x11): sq_id = 71
HLE: W {PPU[1] Thread (main_thread)[0x00fbd034]} sys_lwmutex warning: sys_lwmutex_create(lwmutex_addr=0xe81500, attr_addr=0xd000fb60)
HLE: ! {PPU[1] Thread (main_thread)[0x00fbd034]} sys_lwmutex : *** lwmutex created [Streami] (attribute=0x11): sq_id = 72
HLE: W {PPU[1] Thread (main_thread)[0x00fbd034]} sys_lwmutex warning: sys_lwmutex_create(lwmutex_addr=0xe81550, attr_addr=0xd000fb60)
HLE: ! {PPU[1] Thread (main_thread)[0x00fbd034]} sys_lwmutex : *** lwmutex created [Streami] (attribute=0x11): sq_id = 73
HLE: W {PPU[1] Thread (main_thread)[0x00fbd034]} sys_lwmutex warning: sys_lwmutex_create(lwmutex_addr=0xe815a0, attr_addr=0xd000fb60)
HLE: ! {PPU[1] Thread (main_thread)[0x00fbd034]} sys_lwmutex : *** lwmutex created [Streami] (attribute=0x11): sq_id = 74
HLE: W {PPU[1] Thread (main_thread)[0x00fbd034]} sys_lwmutex warning: sys_lwmutex_create(lwmutex_addr=0xe811f8, attr_addr=0xd000fbc0)
HLE: ! {PPU[1] Thread (main_thread)[0x00fbd034]} sys_lwmutex : *** lwmutex created [PrioQ] (attribute=0x11): sq_id = 75
HLE: W {PPU[1] Thread (main_thread)[0x0002c3ac]} sys_semaphore warning: sys_semaphore_create(sem_addr=0xe81230, attr_addr=0xd000fb30, initial_count=0, max_count=2147483647)
HLE: ! {PPU[1] Thread (main_thread)[0x0002c3ac]} sys_semaphore : *** semaphore created [] (protocol=0x2): id = 76
HLE: W {PPU[1] Thread (main_thread)[0x00fbd034]} sys_lwmutex warning: sys_lwmutex_create(lwmutex_addr=0xe81248, attr_addr=0xd000fbc0)
HLE: ! {PPU[1] Thread (main_thread)[0x00fbd034]} sys_lwmutex : *** lwmutex created [PrioQ] (attribute=0x11): sq_id = 77
HLE: W {PPU[1] Thread (main_thread)[0x0002c3ac]} sys_semaphore warning: sys_semaphore_create(sem_addr=0xe81280, attr_addr=0xd000fb30, initial_count=0, max_count=2147483647)
HLE: ! {PPU[1] Thread (main_thread)[0x0002c3ac]} sys_semaphore : *** semaphore created [] (protocol=0x2): id = 78
HLE: W {PPU[1] Thread (main_thread)[0x00fbd034]} sys_lwmutex warning: sys_lwmutex_create(lwmutex_addr=0xe7dfa8, attr_addr=0xd000fb60)
HLE: ! {PPU[1] Thread (main_thread)[0x00fbd034]} sys_lwmutex : *** lwmutex created [DefRayC] (attribute=0x11): sq_id = 79
HLE: W {PPU[1] Thread (main_thread)[0x00fbd034]} sys_lwmutex warning: sys_lwmutex_create(lwmutex_addr=0xe7cf30, attr_addr=0xd000fbe0)
HLE: ! {PPU[1] Thread (main_thread)[0x00fbd034]} sys_lwmutex : *** lwmutex created [HTTP] (attribute=0x11): sq_id = 80
HLE: W {PPU[1] Thread (main_thread)[0x00fbd034]} sys_lwmutex warning: sys_lwmutex_create(lwmutex_addr=0xe7cd60, attr_addr=0xd000fbe0)
HLE: ! {PPU[1] Thread (main_thread)[0x00fbd034]} sys_lwmutex : *** lwmutex created [Visit] (attribute=0x11): sq_id = 81
HLE: W {PPU[1] Thread (main_thread)[0x00fbd034]} sys_lwmutex warning: sys_lwmutex_create(lwmutex_addr=0xe70380, attr_addr=0xd000fbc0)
HLE: ! {PPU[1] Thread (main_thread)[0x00fbd034]} sys_lwmutex : *** lwmutex created [FileDB] (attribute=0x11): sq_id = 82
HLE: W {PPU[1] Thread (main_thread)[0x00fbd034]} sys_lwmutex warning: sys_lwmutex_create(lwmutex_addr=0xe703b8, attr_addr=0xd000fbb0)
HLE: ! {PPU[1] Thread (main_thread)[0x00fbd034]} sys_lwmutex : *** lwmutex created [RemapDB] (attribute=0x11): sq_id = 83
TTY: LittleBigPlanet revision '648021' build date:Oct 13 2014time: 03:57:13
HLE: E {PPU[1] Thread (main_thread)[0x00ff1004]} TODO: Unknown func id: 0xb20f87b3
HLE: W {PPU[1] Thread (main_thread)[0x000107e8]} sys_memory warning: sys_memory_get_user_memory_size(mem_info_addr=0xd000fcc0)
HLE: W {PPU[1] Thread (main_thread)[0x00feb0b8]} cellSysutil warning: cellSysutilRegisterCallback(slot=0, func_addr=0xe576b8, userdata=0x0)
HLE: W {PPU[1] Thread (main_thread)[0x00fbd034]} sys_lwmutex warning: sys_lwmutex_create(lwmutex_addr=0x38fe0580, attr_addr=0xd000fc10)
HLE: ! {PPU[1] Thread (main_thread)[0x00fbd034]} sys_lwmutex : *** lwmutex created [gcmcs] (attribute=0x11): sq_id = 84
HLE: ! {PPU[1] Thread (main_thread)[0x00fbd01c]} sys_ppu_thread : *** New PPU Thread [bringup] (joinable, entry=0xe43e08): id = 85
HLE: W {PPU[85] Thread (bringup)[0x00fcb01c]} cellSysmodule warning: cellSysmoduleIsLoaded(CELL_SYSMODULE_NET)
HLE: W {PPU[85] Thread (bringup)[0x00fcb010]} cellSysmodule warning: cellSysmoduleLoadModule(CELL_SYSMODULE_NET)
HLE: W {PPU[85] Thread (bringup)[0x00fc1004]} sys_net warning: sys_net_initialize_network_ex(param_addr=0xd002fa94)
HLE: W {PPU[85] Thread (bringup)[0x00fc304c]} cellNetCtl warning: cellNetCtlInit()
HLE: W {PPU[85] Thread (bringup)[0x00fc3040]} cellNetCtl warning: cellNetCtlGetState(state_addr=0xd002f9f8)
HLE: W {PPU[85] Thread (bringup)[0x0005c100]} sys_memory warning: sys_memory_get_user_memory_size(mem_info_addr=0xd002fc04)
HLE: W {PPU[85] Thread (bringup)[0x00fcb01c]} cellSysmodule warning: cellSysmoduleIsLoaded(CELL_SYSMODULE_LV2DBG)
HLE: W {PPU[85] Thread (bringup)[0x00fcb010]} cellSysmodule warning: cellSysmoduleLoadModule(CELL_SYSMODULE_LV2DBG)
HLE: W {PPU[85] Thread (bringup)[0x00fcb01c]} cellSysmodule warning: cellSysmoduleIsLoaded(CELL_SYSMODULE_FS)
HLE: W {PPU[85] Thread (bringup)[0x00fcb010]} cellSysmodule warning: cellSysmoduleLoadModule(CELL_SYSMODULE_FS)
HLE: W {PPU[85] Thread (bringup)[0x00fcb01c]} cellSysmodule warning: cellSysmoduleIsLoaded(CELL_SYSMODULE_SPURS)
HLE: W {PPU[85] Thread (bringup)[0x00fcb010]} cellSysmodule warning: cellSysmoduleLoadModule(CELL_SYSMODULE_SPURS)
HLE: W {PPU[85] Thread (bringup)[0x00fcb01c]} cellSysmodule warning: cellSysmoduleIsLoaded(CELL_SYSMODULE_GCM_SYS)
HLE: W {PPU[85] Thread (bringup)[0x00fcb010]} cellSysmodule warning: cellSysmoduleLoadModule(CELL_SYSMODULE_GCM_SYS)
HLE: W {PPU[85] Thread (bringup)[0x00fcb01c]} cellSysmodule warning: cellSysmoduleIsLoaded(CELL_SYSMODULE_NET)
HLE: W {PPU[85] Thread (bringup)[0x00fcb01c]} cellSysmodule warning: cellSysmoduleIsLoaded(CELL_SYSMODULE_SYNC)
HLE: W {PPU[85] Thread (bringup)[0x00fcb010]} cellSysmodule warning: cellSysmoduleLoadModule(CELL_SYSMODULE_SYNC)
HLE: W {PPU[85] Thread (bringup)[0x00fcb01c]} cellSysmodule warning: cellSysmoduleIsLoaded(CELL_SYSMODULE_IO)
HLE: W {PPU[85] Thread (bringup)[0x00fcb010]} cellSysmodule warning: cellSysmoduleLoadModule(CELL_SYSMODULE_IO)
HLE: W {PPU[85] Thread (bringup)[0x00fcb01c]} cellSysmodule warning: cellSysmoduleIsLoaded(CELL_SYSMODULE_HTTP)
HLE: W {PPU[85] Thread (bringup)[0x00fcb010]} cellSysmodule warning: cellSysmoduleLoadModule(CELL_SYSMODULE_HTTP)
HLE: W {PPU[85] Thread (bringup)[0x00fcb01c]} cellSysmodule warning: cellSysmoduleIsLoaded(CELL_SYSMODULE_HTTP_UTIL)
HLE: W {PPU[85] Thread (bringup)[0x00fcb010]} cellSysmodule warning: cellSysmoduleLoadModule(CELL_SYSMODULE_HTTP_UTIL)
HLE: W {PPU[85] Thread (bringup)[0x00fcb01c]} cellSysmodule warning: cellSysmoduleIsLoaded(CELL_SYSMODULE_SSL)
HLE: W {PPU[85] Thread (bringup)[0x00fcb010]} cellSysmodule warning: cellSysmoduleLoadModule(CELL_SYSMODULE_SSL)
HLE: W {PPU[85] Thread (bringup)[0x00fcb01c]} cellSysmodule warning: cellSysmoduleIsLoaded(CELL_SYSMODULE_RTC)
HLE: W {PPU[85] Thread (bringup)[0x00fcb010]} cellSysmodule warning: cellSysmoduleLoadModule(CELL_SYSMODULE_RTC)
HLE: W {PPU[85] Thread (bringup)[0x00fcb01c]} cellSysmodule warning: cellSysmoduleIsLoaded(CELL_SYSMODULE_SYSUTIL_NP)
HLE: W {PPU[85] Thread (bringup)[0x00fcb010]} cellSysmodule warning: cellSysmoduleLoadModule(CELL_SYSMODULE_SYSUTIL_NP)
HLE: W {PPU[85] Thread (bringup)[0x00fcb01c]} cellSysmodule warning: cellSysmoduleIsLoaded(CELL_SYSMODULE_SYSUTIL_NP2)
HLE: W {PPU[85] Thread (bringup)[0x00fcb010]} cellSysmodule warning: cellSysmoduleLoadModule(CELL_SYSMODULE_SYSUTIL_NP2)
HLE: W {PPU[85] Thread (bringup)[0x00fcb01c]} cellSysmodule warning: cellSysmoduleIsLoaded((null))
HLE: E {PPU[85] Thread (bringup)[0x00fc10e8]} sys_net TODO: sys_net_free_thread_context
HLE: W {PPU[1] Thread (main_thread)[0x00029678]} sys_ppu_thread warning: sys_ppu_thread_join(thread_id=85, vptr_addr=0xd000fb90)
HLE: W {PPU[1] Thread (main_thread)[0x00fbd094]} sys_lwmutex warning: sys_lwmutex_destroy(lwmutex_addr=0x38fe0580)
HLE: W {PPU[1] Thread (main_thread)[0x00feb064]} cellSysutil warning: cellMsgDialogOpenErrorCode(errorCode=0x8001002b, callback_addr=0xe576c8, userData=0x0, extParam=0)
HLE: W {PPU[1] Thread (main_thread)[0x00feb064]} cellSysutil warning: cellMsgDialogOpenErrorCode(errorCode=0x8001002b, callback_addr=0xe576c8, userData=0x0, extParam=0)
