HLE: ! path: /dev_hdd0/game/
HLE: W No pause.bin found, Auto Pause will not work.
HLE: W No pause.bin found, Auto Pause will not work.
LDR: ! Loading 'D:\Emulateurs\Rpcs3\dev_hdd0\game\BCES00225-[White Knight Chronicles]\PS3_GAME\USRDIR/BOOT.BIN'...
LDR: !  
LDR: ! Mount info:
LDR: ! /dev_hdd0/ -> ./dev_hdd0/
LDR: ! /dev_hdd1/ -> ./dev_hdd1/
LDR: ! /dev_flash/ -> ./dev_flash/
LDR: ! /dev_usb000/ -> ./dev_usb000/
LDR: ! /dev_usb/ -> ./dev_usb000/
LDR: ! /app_home/ -> D:\Emulateurs\Rpcs3\dev_hdd0\game\BCES00225-[White Knight Chronicles]\PS3_GAME\
LDR: ! /dev_bdvd/ -> D:\Emulateurs\Rpcs3\dev_hdd0\game\BCES00225-[White Knight Chronicles]\PS3_GAME\/../
LDR: ! /host_root/ -> 
LDR: ! /app_home/PS3_GAME/USRDIR/ -> D:\Emulateurs\Rpcs3\dev_hdd0\game\BCES00225-[White Knight Chronicles]\PS3_GAME\/USRDIR/
LDR: ! /dev_flash2/ -> ./dev_flash2/
LDR: ! /app_home/Game/PS3_GAME/USRDIR/ -> D:\Emulateurs\Rpcs3\dev_hdd0\game\BCES00225-[White Knight Chronicles]\PS3_GAME\/USRDIR/
LDR: ! //dev_hdd0/ -> ./dev_hdd0/
LDR: ! / -> D:\Emulateurs\Rpcs3\dev_hdd0\game\BCES00225-[White Knight Chronicles]\PS3_GAME\/USRDIR/
LDR: ! /app_home//dev_bdvd/PS3_GAME/USRDIR/data/gos/ -> D:\Emulateurs\Rpcs3\dev_hdd0\game\BCES00225-[White Knight Chronicles]\PS3_GAME\/USRDIR/
LDR: !  
LDR: ! Title: White Knight Chronicles™
LDR: ! Serial: BCES00225
LDR: !  
MEM: ! Initializing memory: m_base_addr = 0x919bd00000
MEM: ! Memory initialized.
LDR: ! Imported function 'cellSysmoduleUnloadModule' in 'cellSysmodule' module
LDR: ! Imported function 'cellSysmoduleLoadModule' in 'cellSysmodule' module
LDR: ! Imported function 'cellSysmoduleIsLoaded' in 'cellSysmodule' module
LDR: ! Imported function 'cellSysmoduleInitialize' in 'cellSysmodule' module
LDR: ! Imported function 'cellSyncMutexUnlock' in 'cellSync' module
LDR: ! Imported function 'cellSyncMutexInitialize' in 'cellSync' module
LDR: ! Imported function 'cellSyncMutexTryLock' in 'cellSync' module
LDR: ! Imported function 'cellSyncMutexLock' in 'cellSync' module
LDR: ! Imported function 'sceNpManagerGetTicket' in 'sceNp' module
LDR: ! Imported function 'sceNpManagerGetAccountAge' in 'sceNp' module
LDR: ! Imported function 'sceNpLookupAbortTransaction' in 'sceNp' module
LDR: ! Imported function 'sceNpSignalingAddExtendedHandler' in 'sceNp' module
LDR: ! Imported function 'sceNpManagerUnregisterCallback' in 'sceNp' module
LDR: ! Imported function 'sceNpManagerGetTicketParam' in 'sceNp' module
LDR: ! Imported function 'sceNpLookupDestroyTitleCtx' in 'sceNp' module
LDR: ! Imported function 'sceNpLookupInit' in 'sceNp' module
LDR: ! Imported function 'sceNpSignalingActivateConnection' in 'sceNp' module
LDR: ! Imported function 'sceNpSignalingCreateCtx' in 'sceNp' module
LDR: ! Imported function 'sceNpManagerGetContentRatingFlag' in 'sceNp' module
LDR: ! Imported function 'sceNpLookupPollAsync' in 'sceNp' module
LDR: ! Imported function 'sceNpManagerRequestTicket' in 'sceNp' module
LDR: ! Imported function 'sceNpLookupTerm' in 'sceNp' module
LDR: ! Imported function 'sceNpLookupTitleSmallStorageAsync' in 'sceNp' module
LDR: ! Imported function 'sceNpManagerGetEntitlementById' in 'sceNp' module
LDR: ! Imported function 'sceNpManagerGetStatus' in 'sceNp' module
LDR: ! Imported function 'sceNpSignalingDestroyCtx' in 'sceNp' module
LDR: ! Imported function 'sceNpManagerGetAccountRegion' in 'sceNp' module
LDR: ! Imported function 'sceNpManagerGetNetworkTime' in 'sceNp' module
LDR: ! Imported function 'sceNpManagerGetOnlineId' in 'sceNp' module
LDR: ! Imported function 'sceNpSignalingGetConnectionStatus' in 'sceNp' module
LDR: ! Imported function 'sceNpLookupCreateTitleCtx' in 'sceNp' module
LDR: ! Imported function 'sceNpLookupNpIdAsync' in 'sceNp' module
LDR: ! Imported function 'sceNpUtilCmpNpId' in 'sceNp' module
LDR: ! Imported function 'sceNpManagerRegisterCallback' in 'sceNp' module
LDR: ! Imported function 'sceNpLookupCreateTransactionCtx' in 'sceNp' module
LDR: ! Imported function 'sceNpManagerGetChatRestrictionFlag' in 'sceNp' module
LDR: ! Imported function 'sceNpDrmIsAvailable2' in 'sceNp' module
LDR: ! Imported function 'sceNpManagerGetOnlineName' in 'sceNp' module
LDR: ! Imported function 'sceNpLookupDestroyTransactionCtx' in 'sceNp' module
LDR: ! Imported function 'sceNpSignalingDeactivateConnection' in 'sceNp' module
LDR: ! Imported function 'sceNpManagerGetNpId' in 'sceNp' module
LDR: W Unimplemented function 'sceNp2Init' in 'sceNp2' module
LDR: W Unimplemented function 'sceNp2Term' in 'sceNp2' module
LDR: W Unknown module 'sceNpTus'
LDR: ! Imported function 'sceNpTusCreateTransactionCtx' in 'sceNpTus' module
LDR: ! Imported function 'sceNpTusPollAsync' in 'sceNpTus' module
LDR: ! Imported function 'sceNpTusTerm' in 'sceNpTus' module
LDR: ! Imported function 'sceNpTusDestroyTitleCtx' in 'sceNpTus' module
LDR: ! Imported function 'sceNpTusDeleteMultiSlotDataAsync' in 'sceNpTus' module
LDR: ! Imported function 'sceNpTusAbortTransaction' in 'sceNpTus' module
LDR: ! Imported function 'sceNpTusDestroyTransactionCtx' in 'sceNpTus' module
LDR: ! Imported function 'sceNpTusGetDataAsync' in 'sceNpTus' module
LDR: ! Imported function 'sceNpTusCreateTitleCtx' in 'sceNpTus' module
LDR: ! Imported function 'sceNpTusInit' in 'sceNpTus' module
LDR: ! Imported function 'sceNpTusSetDataAsync' in 'sceNpTus' module
LDR: W Unknown module 'cellHttp'
LDR: ! Imported function 'cellHttpCreateTransaction' in 'cellHttp' module
LDR: ! Imported function 'cellHttpResponseGetStatusCode' in 'cellHttp' module
LDR: ! Imported function 'cellHttpRequestDeleteHeader' in 'cellHttp' module
LDR: ! Imported function 'cellHttpClientSetRecvTimeout' in 'cellHttp' module
LDR: ! Imported function 'cellHttpInit' in 'cellHttp' module
LDR: ! Imported function 'cellHttpDestroyTransaction' in 'cellHttp' module
LDR: ! Imported function 'cellHttpResponseGetContentLength' in 'cellHttp' module
LDR: ! Imported function 'cellHttpCreateClient' in 'cellHttp' module
LDR: ! Imported function 'cellHttpsInit' in 'cellHttp' module
LDR: ! Imported function 'cellHttpRequestSetHeader' in 'cellHttp' module
LDR: ! Imported function 'cellHttpEndCookie' in 'cellHttp' module
LDR: ! Imported function 'cellHttpRecvResponse' in 'cellHttp' module
LDR: ! Imported function 'cellHttpClientSetSendTimeout' in 'cellHttp' module
LDR: ! Imported function 'cellHttpInitCookie' in 'cellHttp' module
LDR: ! Imported function 'cellHttpDestroyClient' in 'cellHttp' module
LDR: ! Imported function 'cellHttpSendRequest' in 'cellHttp' module
LDR: ! Imported function 'cellHttpClientPollConnections' in 'cellHttp' module
LDR: ! Imported function 'cellHttpRequestSetContentLength' in 'cellHttp' module
LDR: ! Imported function 'cellHttpClientSetUserAgent' in 'cellHttp' module
LDR: ! Imported function 'cellHttpEnd' in 'cellHttp' module
LDR: ! Imported function 'cellHttpsEnd' in 'cellHttp' module
LDR: ! Imported function 'cellHttpRequestAddHeader' in 'cellHttp' module
LDR: ! Imported function 'cellHttpClientGetUserAgent' in 'cellHttp' module
LDR: W Unimplemented function 'cellHttpUtilParseUri' in 'cellHttpUtil' module
LDR: W Unimplemented function 'cellHttpUtilBase64Encoder' in 'cellHttpUtil' module
LDR: W Unimplemented function 'socketpoll' in 'sys_net' module
LDR: ! Imported function 'sys_net_initialize_network_ex' in 'sys_net' module
LDR: W Unimplemented function 'getsockname' in 'sys_net' module
LDR: ! Imported function 'recvfrom' in 'sys_net' module
LDR: ! Imported function 'listen' in 'sys_net' module
LDR: W Unimplemented function 'socketselect' in 'sys_net' module
LDR: W Unimplemented function 'getsockopt' in 'sys_net' module
LDR: ! Imported function '_sys_net_errno_loc' in 'sys_net' module
LDR: ! Imported function 'connect' in 'sys_net' module
LDR: ! Imported function 'socketclose' in 'sys_net' module
LDR: W Unimplemented function 'gethostbyname' in 'sys_net' module
LDR: ! Imported function 'setsockopt' in 'sys_net' module
LDR: ! Imported function 'sendto' in 'sys_net' module
LDR: ! Imported function 'socket' in 'sys_net' module
LDR: ! Imported function 'shutdown' in 'sys_net' module
LDR: W Unimplemented function 'inet_aton' in 'sys_net' module
LDR: ! Imported function 'bind' in 'sys_net' module
LDR: ! Imported function 'sys_net_finalize_network' in 'sys_net' module
LDR: ! Imported function 'accept' in 'sys_net' module
LDR: ! Imported function 'inet_addr' in 'sys_net' module
LDR: ! Imported function 'send' in 'sys_net' module
LDR: ! Imported function 'recv' in 'sys_net' module
LDR: ! Imported function 'sys_net_show_ifconfig' in 'sys_net' module
LDR: ! Imported function 'cellNetCtlNetStartDialogLoadAsync' in 'cellNetCtl' module
LDR: W Unimplemented function 'cellGameUpdateCheckStartAsyncEx' in 'cellNetCtl' module
LDR: ! Imported function 'cellNetCtlAddHandler' in 'cellNetCtl' module
LDR: ! Imported function 'cellNetCtlNetStartDialogUnloadAsync' in 'cellNetCtl' module
LDR: ! Imported function 'cellNetCtlTerm' in 'cellNetCtl' module
LDR: W Unimplemented function 'cellGameUpdateTerm' in 'cellNetCtl' module
LDR: ! Imported function 'cellNetCtlGetInfo' in 'cellNetCtl' module
LDR: W Unimplemented function 'cellGameUpdateCheckAbort' in 'cellNetCtl' module
LDR: W Unimplemented function 'cellGameUpdateCheckStartWithoutDialogAsyncEx' in 'cellNetCtl' module
LDR: ! Imported function 'cellNetCtlGetState' in 'cellNetCtl' module
LDR: ! Imported function 'cellNetCtlDelHandler' in 'cellNetCtl' module
LDR: W Unimplemented function 'cellGameUpdateInit' in 'cellNetCtl' module
LDR: ! Imported function 'cellNetCtlInit' in 'cellNetCtl' module
LDR: W Unimplemented function 'cellGameUpdateCheckFinishAsyncEx' in 'cellNetCtl' module
LDR: ! Imported function 'cellKbClearBuf' in 'sys_io' module
LDR: ! Imported function 'cellKbGetInfo' in 'sys_io' module
LDR: ! Imported function 'cellKbInit' in 'sys_io' module
LDR: ! Imported function 'cellKbSetCodeType' in 'sys_io' module
LDR: ! Imported function 'cellKbEnd' in 'sys_io' module
LDR: ! Imported function 'cellKbSetReadMode' in 'sys_io' module
LDR: ! Imported function 'cellKbRead' in 'sys_io' module
LDR: ! Imported function 'cellPadInit' in 'sys_io' module
LDR: ! Imported function 'cellPadEnd' in 'sys_io' module
LDR: ! Imported function 'cellPadGetData' in 'sys_io' module
LDR: ! Imported function 'cellPadGetInfo2' in 'sys_io' module
LDR: ! Imported function 'cellFsRmdir' in 'sys_fs' module
LDR: ! Imported function 'cellFsClose' in 'sys_fs' module
LDR: ! Imported function 'cellFsOpendir' in 'sys_fs' module
LDR: ! Imported function 'cellFsRead' in 'sys_fs' module
LDR: ! Imported function 'cellFsReaddir' in 'sys_fs' module
LDR: ! Imported function 'cellFsOpen' in 'sys_fs' module
LDR: ! Imported function 'cellFsStat' in 'sys_fs' module
LDR: ! Imported function 'cellFsUnlink' in 'sys_fs' module
LDR: W Unimplemented function 'cellFsWriteWithOffset' in 'sys_fs' module
LDR: ! Imported function 'cellFsFsync' in 'sys_fs' module
LDR: ! Imported function 'cellFsGetDirectoryEntries' in 'sys_fs' module
LDR: ! Imported function 'cellFsLseek' in 'sys_fs' module
LDR: ! Imported function 'cellFsSdataOpen' in 'sys_fs' module
LDR: ! Imported function 'cellFsMkdir' in 'sys_fs' module
LDR: W Unimplemented function 'cellFsUtime' in 'sys_fs' module
LDR: ! Imported function 'cellFsWrite' in 'sys_fs' module
LDR: ! Imported function 'cellFsRename' in 'sys_fs' module
LDR: ! Imported function 'cellFsClosedir' in 'sys_fs' module
LDR: ! Imported function 'cellFsGetFreeSize' in 'sys_fs' module
LDR: ! Imported function 'cellFsFstat' in 'sys_fs' module
LDR: ! Imported function 'sceNpTrophyRegisterContext' in 'sceNpTrophy' module
LDR: ! Imported function 'sceNpTrophyCreateHandle' in 'sceNpTrophy' module
LDR: ! Imported function 'sceNpTrophySetSoundLevel' in 'sceNpTrophy' module
LDR: ! Imported function 'sceNpTrophyGetRequiredDiskSpace' in 'sceNpTrophy' module
LDR: ! Imported function 'sceNpTrophyDestroyContext' in 'sceNpTrophy' module
LDR: ! Imported function 'sceNpTrophyInit' in 'sceNpTrophy' module
LDR: ! Imported function 'sceNpTrophyAbortHandle' in 'sceNpTrophy' module
LDR: ! Imported function 'sceNpTrophyDestroyHandle' in 'sceNpTrophy' module
LDR: ! Imported function 'sceNpTrophyUnlockTrophy' in 'sceNpTrophy' module
LDR: ! Imported function 'sceNpTrophyTerm' in 'sceNpTrophy' module
LDR: ! Imported function 'sceNpTrophyGetTrophyUnlockState' in 'sceNpTrophy' module
LDR: ! Imported function 'sceNpTrophyCreateContext' in 'sceNpTrophy' module
LDR: ! Imported function '_cellGcmInitBody' in 'cellGcmSys' module
LDR: ! Imported function 'cellGcmAddressToOffset' in 'cellGcmSys' module
LDR: ! Imported function '_cellGcmFunc15' in 'cellGcmSys' module
LDR: ! Imported function 'cellGcmGetControlRegister' in 'cellGcmSys' module
LDR: ! Imported function 'cellGcmGetTiledPitchSize' in 'cellGcmSys' module
LDR: ! Imported function 'cellGcmSetUserHandler' in 'cellGcmSys' module
LDR: ! Imported function 'cellGcmSetPrepareFlip' in 'cellGcmSys' module
LDR: ! Imported function '_cellGcmSetFlipCommand' in 'cellGcmSys' module
LDR: ! Imported function 'cellGcmGetOffsetTable' in 'cellGcmSys' module
LDR: ! Imported function 'cellGcmIoOffsetToAddress' in 'cellGcmSys' module
LDR: ! Imported function 'cellGcmSetFlipMode' in 'cellGcmSys' module
LDR: ! Imported function 'cellGcmSetDebugOutputLevel' in 'cellGcmSys' module
LDR: ! Imported function 'cellGcmGetTimeStamp' in 'cellGcmSys' module
LDR: ! Imported function 'cellGcmGetReport' in 'cellGcmSys' module
LDR: ! Imported function 'cellGcmMapMainMemory' in 'cellGcmSys' module
LDR: ! Imported function 'cellGcmSetFlipHandler' in 'cellGcmSys' module
LDR: ! Imported function 'cellGcmSetDisplayBuffer' in 'cellGcmSys' module
LDR: ! Imported function 'cellGcmSetVBlankHandler' in 'cellGcmSys' module
LDR: ! Imported function 'cellGcmSetInvalidateTile' in 'cellGcmSys' module
LDR: ! Imported function 'cellGcmSetTile' in 'cellGcmSys' module
LDR: ! Imported function 'cellGcmSetZcull' in 'cellGcmSys' module
LDR: ! Imported function '_cellGcmSetFlipCommandWithWaitLabel' in 'cellGcmSys' module
LDR: ! Imported function 'cellGcmGetConfiguration' in 'cellGcmSys' module
LDR: ! Imported function 'cellGcmUnmapEaIoAddress' in 'cellGcmSys' module
LDR: ! Imported function 'cellGcmGetLabelAddress' in 'cellGcmSys' module
LDR: ! Imported function 'cellSysutilUnregisterCallback' in 'cellSysutil' module
LDR: ! Imported function 'cellSysutilCheckCallback' in 'cellSysutil' module
LDR: W Unimplemented function 'cellOskDialogGetInputText' in 'cellSysutil' module
LDR: ! Imported function 'cellSaveDataListLoad2' in 'cellSysutil' module
LDR: ! Imported function 'cellSysCacheMount' in 'cellSysutil' module
LDR: ! Imported function 'cellSaveDataListAutoLoad' in 'cellSysutil' module
LDR: ! Imported function 'cellSaveDataListSave2' in 'cellSysutil' module
LDR: W Unimplemented function 'cellOskDialogUnloadAsync' in 'cellSysutil' module
LDR: ! Imported function 'cellSysutilGetSystemParamInt' in 'cellSysutil' module
LDR: W Unimplemented function 'cellOskDialogDisableDimmer' in 'cellSysutil' module
LDR: ! Imported function 'cellAudioOutConfigure' in 'cellSysutil' module
LDR: W Unimplemented function 'cellOskDialogSetSeparateWindowOption' in 'cellSysutil' module
LDR: ! Imported function 'cellMsgDialogAbort' in 'cellSysutil' module
LDR: ! Imported function 'cellSysCacheClear' in 'cellSysutil' module
LDR: ! Imported function 'cellMsgDialogOpen2' in 'cellSysutil' module
LDR: ! Imported function 'cellAudioOutGetDeviceInfo' in 'cellSysutil' module
LDR: W Unimplemented function 'cellOskDialogLoadAsync' in 'cellSysutil' module
LDR: ! Imported function 'cellSaveDataAutoSave2' in 'cellSysutil' module
LDR: ! Imported function 'cellMsgDialogProgressBarInc' in 'cellSysutil' module
LDR: W Unimplemented function 'cellGameDataExitBroken' in 'cellSysutil' module
LDR: ! Imported function 'cellSysutilRegisterCallback' in 'cellSysutil' module
LDR: W Unimplemented function 'cellOskDialogSetKeyLayoutOption' in 'cellSysutil' module
LDR: W Unimplemented function 'cellOskDialogAbort' in 'cellSysutil' module
LDR: ! Imported function 'cellAudioOutGetSoundAvailability' in 'cellSysutil' module
LDR: ! Imported function 'cellGameDataCheckCreate2' in 'cellSysutil' module
LDR: ! Imported function 'cellAudioOutSetCopyControl' in 'cellSysutil' module
LDR: W Unimplemented function 'cellOskDialogSetDeviceMask' in 'cellSysutil' module
LDR: W Unimplemented function 'cellSaveDataDelete2' in 'cellSysutil' module
LDR: W Unimplemented function 'cellOskDialogSetLayoutMode' in 'cellSysutil' module
LDR: W Unimplemented function 'cellOskDialogSetInitialInputDevice' in 'cellSysutil' module
LDR: ! Imported function 'cellSaveDataAutoLoad2' in 'cellSysutil' module
LDR: ! Imported function 'cellVideoOutConfigure' in 'cellSysutil' module
LDR: ! Imported function 'cellVideoOutGetDeviceInfo' in 'cellSysutil' module
LDR: ! Imported function 'cellVideoOutGetState' in 'cellSysutil' module
LDR: ! Imported function 'cellVideoOutGetResolution' in 'cellSysutil' module
LDR: ! Imported function '_cellSpursLFQueueInitialize' in 'cellSpurs' module
LDR: ! Imported function 'cellSpursAttributeSetNamePrefix' in 'cellSpurs' module
LDR: ! Imported function '_cellSpursTasksetAttributeInitialize' in 'cellSpurs' module
LDR: ! Imported function 'cellSpursLFQueueAttachLv2EventQueue' in 'cellSpurs' module
LDR: ! Imported function 'cellSpursEventFlagDetachLv2EventQueue' in 'cellSpurs' module
LDR: ! Imported function 'cellSpursCreateJobChainWithAttribute' in 'cellSpurs' module
LDR: ! Imported function '_cellSpursJobChainAttributeInitialize' in 'cellSpurs' module
LDR: ! Imported function 'cellSpursEventFlagWait' in 'cellSpurs' module
LDR: ! Imported function 'cellSpursEventFlagClear' in 'cellSpurs' module
LDR: ! Imported function 'cellSpursDetachLv2EventQueue' in 'cellSpurs' module
LDR: ! Imported function '_cellSpursEventFlagInitialize' in 'cellSpurs' module
LDR: ! Imported function 'cellSpursTasksetAttributeSetName' in 'cellSpurs' module
LDR: ! Imported function 'cellSpursJobGuardInitialize' in 'cellSpurs' module
LDR: ! Imported function 'cellSpursShutdownJobChain' in 'cellSpurs' module
LDR: ! Imported function 'cellSpursLFQueueDetachLv2EventQueue' in 'cellSpurs' module
LDR: ! Imported function 'cellSpursEventFlagAttachLv2EventQueue' in 'cellSpurs' module
LDR: ! Imported function '_cellSpursLFQueuePushBody' in 'cellSpurs' module
LDR: ! Imported function '_cellSpursAttributeInitialize' in 'cellSpurs' module
LDR: ! Imported function 'cellSpursJoinTaskset' in 'cellSpurs' module
LDR: ! Imported function 'cellSpursJobChainAttributeSetName' in 'cellSpurs' module
LDR: ! Imported function 'cellSpursShutdownTaskset' in 'cellSpurs' module
LDR: ! Imported function 'cellSpursJoinJobChain' in 'cellSpurs' module
LDR: ! Imported function 'cellSpursInitializeWithAttribute' in 'cellSpurs' module
LDR: ! Imported function 'cellSpursInitialize' in 'cellSpurs' module
LDR: ! Imported function 'cellSpursAttachLv2EventQueue' in 'cellSpurs' module
LDR: ! Imported function 'cellSpursCreateTask' in 'cellSpurs' module
LDR: ! Imported function 'cellSpursCreateTasksetWithAttribute' in 'cellSpurs' module
LDR: ! Imported function 'cellSpursFinalize' in 'cellSpurs' module
LDR: ! Imported function 'cellSpursJobGuardNotify' in 'cellSpurs' module
LDR: ! Imported function 'cellSpursRunJobChain' in 'cellSpurs' module
LDR: ! Imported function 'cellSpursAddUrgentCommand' in 'cellSpurs' module
LDR: ! Imported function 'cellSpursCreateTaskset' in 'cellSpurs' module
LDR: ! Imported function 'cellSpursEventFlagTryWait' in 'cellSpurs' module
LDR: ! Imported function 'cellPamfStreamTypeToEsFilterId' in 'cellPamf' module
LDR: ! Imported function 'cellPamfReaderSetStreamWithTypeAndIndex' in 'cellPamf' module
LDR: ! Imported function 'cellPamfGetStreamOffsetAndSize' in 'cellPamf' module
LDR: ! Imported function 'cellPamfReaderGetPresentationStartTime' in 'cellPamf' module
LDR: ! Imported function 'cellPamfReaderGetStreamInfo' in 'cellPamf' module
LDR: ! Imported function 'cellPamfReaderGetStreamTypeAndChannel' in 'cellPamf' module
LDR: ! Imported function 'cellPamfReaderInitialize' in 'cellPamf' module
LDR: ! Imported function 'cellPamfGetHeaderSize' in 'cellPamf' module
LDR: ! Imported function 'cellPamfReaderGetNumberOfSpecificStreams' in 'cellPamf' module
LDR: ! Imported function 'cellDmuxQueryEsAttr' in 'cellDmux' module
LDR: ! Imported function 'cellDmuxSetStream' in 'cellDmux' module
LDR: ! Imported function 'cellDmuxDisableEs' in 'cellDmux' module
LDR: ! Imported function 'cellDmuxReleaseAu' in 'cellDmux' module
LDR: ! Imported function 'cellDmuxGetAu' in 'cellDmux' module
LDR: ! Imported function 'cellDmuxOpen' in 'cellDmux' module
LDR: ! Imported function 'cellDmuxEnableEs' in 'cellDmux' module
LDR: ! Imported function 'cellDmuxClose' in 'cellDmux' module
LDR: ! Imported function 'cellDmuxQueryAttr' in 'cellDmux' module
LDR: ! Imported function 'cellDmuxFlushEs' in 'cellDmux' module
LDR: ! Imported function 'cellVdecClose' in 'libvdec' module
LDR: ! Imported function 'cellVdecGetPicItem' in 'libvdec' module
LDR: ! Imported function 'cellVdecDecodeAu' in 'libvdec' module
LDR: ! Imported function 'cellVdecGetPicture' in 'libvdec' module
LDR: ! Imported function 'cellVdecEndSeq' in 'libvdec' module
LDR: ! Imported function 'cellVdecOpen' in 'libvdec' module
LDR: ! Imported function 'cellVdecStartSeq' in 'libvdec' module
LDR: ! Imported function 'cellVdecQueryAttr' in 'libvdec' module
LDR: ! Imported function 'cellVpostClose' in 'cellVpost' module
LDR: ! Imported function 'cellVpostQueryAttr' in 'cellVpost' module
LDR: ! Imported function 'cellVpostExec' in 'cellVpost' module
LDR: ! Imported function 'cellVpostOpen' in 'cellVpost' module
LDR: ! Imported function 'cellAdecDecodeAu' in 'cellAdec' module
LDR: ! Imported function 'cellAdecStartSeq' in 'cellAdec' module
LDR: ! Imported function 'cellAdecQueryAttr' in 'cellAdec' module
LDR: ! Imported function 'cellAdecClose' in 'cellAdec' module
LDR: ! Imported function 'cellAdecGetPcm' in 'cellAdec' module
LDR: ! Imported function 'cellAdecGetPcmItem' in 'cellAdec' module
LDR: ! Imported function 'cellAdecOpen' in 'cellAdec' module
LDR: ! Imported function 'cellAdecEndSeq' in 'cellAdec' module
LDR: W Unimplemented function 'UCS2stoSJISs' in 'cellL10n' module
LDR: W Unimplemented function 'UCS2stoUTF8s' in 'cellL10n' module
LDR: W Unimplemented function 'SJISstoUTF8s' in 'cellL10n' module
LDR: W Unimplemented function 'UTF8stoSJISs' in 'cellL10n' module
LDR: W Unimplemented function 'UTF8stoUCS2s' in 'cellL10n' module
LDR: ! Imported function 'cellAudioInit' in 'cellAudio' module
LDR: ! Imported function 'cellAudioSetNotifyEventQueue' in 'cellAudio' module
LDR: ! Imported function 'cellAudioGetPortTimestamp' in 'cellAudio' module
LDR: ! Imported function 'cellAudioPortClose' in 'cellAudio' module
LDR: ! Imported function 'cellAudioPortStop' in 'cellAudio' module
LDR: ! Imported function 'cellAudioGetPortConfig' in 'cellAudio' module
LDR: ! Imported function 'cellAudioPortStart' in 'cellAudio' module
LDR: ! Imported function 'cellAudioQuit' in 'cellAudio' module
LDR: ! Imported function 'cellAudioPortOpen' in 'cellAudio' module
LDR: ! Imported function 'cellAudioGetPortBlockTag' in 'cellAudio' module
LDR: ! Imported function 'cellAudioRemoveNotifyEventQueue' in 'cellAudio' module
LDR: ! Imported function 'cellRtcTickAddMinutes' in 'cellRtc' module
LDR: ! Imported function 'cellRtcTickAddYears' in 'cellRtc' module
LDR: ! Imported function 'cellRtcConvertLocalTimeToUtc' in 'cellRtc' module
LDR: ! Imported function 'cellRtcTickAddDays' in 'cellRtc' module
LDR: ! Imported function 'cellRtcSetTick' in 'cellRtc' module
LDR: ! Imported function 'cellRtcGetCurrentTick' in 'cellRtc' module
LDR: ! Imported function 'cellRtcConvertUtcToLocalTime' in 'cellRtc' module
LDR: ! Imported function 'cellRtcGetTick' in 'cellRtc' module
LDR: ! Imported function 'cellRtcTickAddSeconds' in 'cellRtc' module
LDR: ! Imported function 'cellRtcTickAddHours' in 'cellRtc' module
LDR: ! Imported function 'cellRtcTickAddMonths' in 'cellRtc' module
LDR: W Unimplemented function 'cellJpgEncQueryAttr' in 'cellJpgEnc' module
LDR: W Unimplemented function 'cellJpgEncWaitForInput' in 'cellJpgEnc' module
LDR: W Unimplemented function 'cellJpgEncGetStreamInfo' in 'cellJpgEnc' module
LDR: W Unimplemented function 'cellJpgEncClose' in 'cellJpgEnc' module
LDR: W Unimplemented function 'cellJpgEncWaitForOutput' in 'cellJpgEnc' module
LDR: W Unimplemented function 'cellJpgEncOpen' in 'cellJpgEnc' module
LDR: W Unimplemented function 'cellJpgEncEncodePicture' in 'cellJpgEnc' module
LDR: ! Imported function 'cellJpgDecReadHeader' in 'cellJpgDec' module
LDR: ! Imported function 'cellJpgDecClose' in 'cellJpgDec' module
LDR: ! Imported function 'cellJpgDecOpen' in 'cellJpgDec' module
LDR: ! Imported function 'cellJpgDecCreate' in 'cellJpgDec' module
LDR: ! Imported function 'cellJpgDecDecodeData' in 'cellJpgDec' module
LDR: ! Imported function 'cellJpgDecDestroy' in 'cellJpgDec' module
LDR: ! Imported function 'cellJpgDecSetParameter' in 'cellJpgDec' module
LDR: W Unknown module 'cellSaveData'
LDR: ! Imported function 'cellSaveDataListDelete' in 'cellSaveData' module
LDR: ! Imported function 'cellFiberPpuRunFibers' in 'cellFiber' module
LDR: ! Imported function 'cellFiberPpuFinalizeScheduler' in 'cellFiber' module
LDR: ! Imported function '_cellFiberPpuSchedulerAttributeInitialize' in 'cellFiber' module
LDR: ! Imported function 'cellFiberPpuHasRunnableFiber' in 'cellFiber' module
LDR: ! Imported function 'cellFiberPpuInitializeScheduler' in 'cellFiber' module
LDR: ! Imported function 'cellFiberPpuCheckFlags' in 'cellFiber' module
LDR: ! Imported function '_cellFiberPpuInitialize' in 'cellFiber' module
LDR: W Unknown module 'sceNpCommerce2'
LDR: ! Imported function 'sceNpCommerce2DoCheckoutStartAsync' in 'sceNpCommerce2' module
LDR: ! Imported function 'sceNpCommerce2DestroyReq' in 'sceNpCommerce2' module
LDR: ! Imported function 'sceNpCommerce2Init' in 'sceNpCommerce2' module
LDR: ! Imported function 'sceNpCommerce2GetCategoryContentsStart' in 'sceNpCommerce2' module
LDR: ! Imported function 'sceNpCommerce2DoDlListFinishAsync' in 'sceNpCommerce2' module
LDR: ! Imported function 'sceNpCommerce2Term' in 'sceNpCommerce2' module
LDR: ! Imported function 'sceNpCommerce2CreateSessionAbort' in 'sceNpCommerce2' module
LDR: ! Imported function 'sceNpCommerce2DoDlListStartAsync' in 'sceNpCommerce2' module
LDR: ! Imported function 'sceNpCommerce2DestroyCtx' in 'sceNpCommerce2' module
LDR: ! Imported function 'sceNpCommerce2GetCategoryContentsCreateReq' in 'sceNpCommerce2' module
LDR: ! Imported function 'sceNpCommerce2AbortReq' in 'sceNpCommerce2' module
LDR: ! Imported function 'sceNpCommerce2CreateSessionFinish' in 'sceNpCommerce2' module
LDR: ! Imported function 'sceNpCommerce2GetContentInfo' in 'sceNpCommerce2' module
LDR: ! Imported function 'sceNpCommerce2SetBGDLAvailability' in 'sceNpCommerce2' module
LDR: ! Imported function 'sceNpCommerce2GetCategoryInfo' in 'sceNpCommerce2' module
LDR: ! Imported function 'sceNpCommerce2GetCategoryContentsGetResult' in 'sceNpCommerce2' module
LDR: ! Imported function 'sceNpCommerce2CreateSessionStart' in 'sceNpCommerce2' module
LDR: ! Imported function 'sceNpCommerce2DoCheckoutFinishAsync' in 'sceNpCommerce2' module
LDR: ! Imported function 'sceNpCommerce2InitGetCategoryContentsResult' in 'sceNpCommerce2' module
LDR: ! Imported function 'sceNpCommerce2CreateCtx' in 'sceNpCommerce2' module
LDR: ! Imported function 'sceNpCommerce2GetGameSkuInfoFromGameProductInfo' in 'sceNpCommerce2' module
LDR: ! Imported function 'sceNpCommerce2GetGameProductInfoFromContentInfo' in 'sceNpCommerce2' module
LDR: ! Imported function 'sceNpCommerce2GetCategoryInfoFromContentInfo' in 'sceNpCommerce2' module
LDR: W Unimplemented function 'cellSslEnd' in 'cellSsl' module
LDR: W Unimplemented function 'cellSslCertificateLoader' in 'cellSsl' module
LDR: W Unimplemented function 'cellSslInit' in 'cellSsl' module
LDR: W Unknown module 'cellSysutilAvc2'
LDR: ! Imported function 'cellSysutilAvc2StopStreaming' in 'cellSysutilAvc2' module
LDR: ! Imported function 'cellSysutilAvc2SetVoiceMuting' in 'cellSysutilAvc2' module
LDR: ! Imported function 'cellSysutilAvc2StartVoiceDetection' in 'cellSysutilAvc2' module
LDR: ! Imported function 'cellSysutilAvc2UnloadAsync' in 'cellSysutilAvc2' module
LDR: ! Imported function 'cellSysutilAvc2GetAttribute' in 'cellSysutilAvc2' module
LDR: ! Imported function 'cellSysutilAvc2LoadAsync' in 'cellSysutilAvc2' module
LDR: ! Imported function 'cellSysutilAvc2SetSpeakerVolumeLevel' in 'cellSysutilAvc2' module
LDR: ! Imported function 'cellSysutilAvc2SetStreamingTarget' in 'cellSysutilAvc2' module
LDR: ! Imported function 'cellSysutilAvc2GetSpeakerVolumeLevel' in 'cellSysutilAvc2' module
LDR: ! Imported function 'cellSysutilAvc2JoinChatRequest' in 'cellSysutilAvc2' module
LDR: ! Imported function 'cellSysutilAvc2StartStreaming' in 'cellSysutilAvc2' module
LDR: ! Imported function 'cellSysutilAvc2InitParam' in 'cellSysutilAvc2' module
LDR: ! Imported function 'cellSysutilAvc2SetStreamPriority' in 'cellSysutilAvc2' module
LDR: ! Imported function 'cellSysutilAvc2LeaveChatRequest' in 'cellSysutilAvc2' module
LDR: ! Imported function 'cellSysutilAvc2LeaveChat' in 'cellSysutilAvc2' module
LDR: ! Imported function 'cellSysutilAvc2SetAttribute' in 'cellSysutilAvc2' module
LDR: ! Imported function 'cellSysutilAvc2GetVoiceMuting' in 'cellSysutilAvc2' module
LDR: W Unimplemented function 'cellGameGetHomeDataExportPath' in 'cellGameExec' module
LDR: ! Imported function 'sys_lwmutex_lock' in 'sysPrxForUser' module
LDR: ! Imported function 'sys_lwmutex_unlock' in 'sysPrxForUser' module
LDR: ! Imported function 'sys_lwcond_destroy' in 'sysPrxForUser' module
LDR: ! Imported function 'sys_ppu_thread_create' in 'sysPrxForUser' module
LDR: ! Imported function 'sys_prx_load_module' in 'sysPrxForUser' module
LDR: ! Imported function 'sys_lwcond_wait' in 'sysPrxForUser' module
LDR: ! Imported function '_sys_process_atexitspawn' in 'sysPrxForUser' module
LDR: ! Imported function 'sys_lwmutex_create' in 'sysPrxForUser' module
LDR: ! Imported function 'sys_ppu_thread_get_id' in 'sysPrxForUser' module
LDR: ! Imported function 'sys_prx_register_library' in 'sysPrxForUser' module
LDR: ! Imported function 'Unknown func id: 0x4f7172c9' in 'sysPrxForUser' module
LDR: ! Imported function 'sys_spinlock_unlock' in 'sysPrxForUser' module
LDR: ! Imported function 'sys_initialize_tls' in 'sysPrxForUser' module
LDR: ! Imported function 'sys_time_get_system_time' in 'sysPrxForUser' module
LDR: ! Imported function 'sys_spinlock_initialize' in 'sysPrxForUser' module
LDR: ! Imported function '_sys_process_at_Exitspawn' in 'sysPrxForUser' module
LDR: ! Imported function 'sys_spinlock_lock' in 'sysPrxForUser' module
LDR: ! Imported function 'sys_prx_exitspawn_with_level' in 'sysPrxForUser' module
LDR: ! Imported function 'sys_prx_load_module_on_memcontainer' in 'sysPrxForUser' module
LDR: ! Imported function 'sys_lwmutex_trylock' in 'sysPrxForUser' module
LDR: ! Imported function 'sys_ppu_thread_exit' in 'sysPrxForUser' module
LDR: ! Imported function 'sys_lwmutex_destroy' in 'sysPrxForUser' module
LDR: ! Imported function 'sys_lwcond_create' in 'sysPrxForUser' module
LDR: ! Imported function 'sys_process_exit' in 'sysPrxForUser' module
LDR: ! Imported function 'sys_lwcond_signal_all' in 'sysPrxForUser' module
LDR: ! Imported function 'sys_lwcond_signal' in 'sysPrxForUser' module
HLE: W {PPU[1] Thread (CPUThread)[0x0137c058]} sys_lwmutex warning: sys_lwmutex_create(lwmutex_addr=0x13147e8, attr_addr=0xffd238)
HLE: ! {PPU[1] Thread (CPUThread)[0x0137c058]} sys_lwmutex: *** lwmutex created [_lc_mtx] (attribute=0x12): sq_id = 3
HLE: W {PPU[1] Thread (CPUThread)[0x00a6a788]} sys_memory warning: sys_memory_get_user_memory_size(mem_info_addr=0xd000fc04)
HLE: W {PPU[1] Thread (CPUThread)[0x0137c058]} sys_lwmutex warning: sys_lwmutex_create(lwmutex_addr=0x13145f0, attr_addr=0xffd238)
HLE: ! {PPU[1] Thread (CPUThread)[0x0137c058]} sys_lwmutex: *** lwmutex created [_lc_mtx] (attribute=0x12): sq_id = 4
HLE: W {PPU[1] Thread (CPUThread)[0x0137c058]} sys_lwmutex warning: sys_lwmutex_create(lwmutex_addr=0x1313d78, attr_addr=0xffd238)
HLE: ! {PPU[1] Thread (CPUThread)[0x0137c058]} sys_lwmutex: *** lwmutex created [_lc_mtx] (attribute=0x12): sq_id = 5
HLE: W {PPU[1] Thread (CPUThread)[0x0137c058]} sys_lwmutex warning: sys_lwmutex_create(lwmutex_addr=0x1313da0, attr_addr=0xffd238)
HLE: ! {PPU[1] Thread (CPUThread)[0x0137c058]} sys_lwmutex: *** lwmutex created [_lc_mtx] (attribute=0x12): sq_id = 6
HLE: W {PPU[1] Thread (CPUThread)[0x0137c058]} sys_lwmutex warning: sys_lwmutex_create(lwmutex_addr=0x1313dc8, attr_addr=0xffd238)
HLE: ! {PPU[1] Thread (CPUThread)[0x0137c058]} sys_lwmutex: *** lwmutex created [_lc_mtx] (attribute=0x12): sq_id = 7
HLE: W {PPU[1] Thread (CPUThread)[0x0137c058]} sys_lwmutex warning: sys_lwmutex_create(lwmutex_addr=0x1313cb0, attr_addr=0xffd238)
HLE: ! {PPU[1] Thread (CPUThread)[0x0137c058]} sys_lwmutex: *** lwmutex created [_lc_mtx] (attribute=0x12): sq_id = 8
HLE: W {PPU[1] Thread (CPUThread)[0x0137c058]} sys_lwmutex warning: sys_lwmutex_create(lwmutex_addr=0x1313cd8, attr_addr=0xffd238)
HLE: ! {PPU[1] Thread (CPUThread)[0x0137c058]} sys_lwmutex: *** lwmutex created [_lc_mtx] (attribute=0x12): sq_id = 9
HLE: W {PPU[1] Thread (CPUThread)[0x0137c058]} sys_lwmutex warning: sys_lwmutex_create(lwmutex_addr=0x1313d00, attr_addr=0xffd238)
HLE: ! {PPU[1] Thread (CPUThread)[0x0137c058]} sys_lwmutex: *** lwmutex created [_lc_mtx] (attribute=0x12): sq_id = 10
HLE: W {PPU[1] Thread (CPUThread)[0x0137c058]} sys_lwmutex warning: sys_lwmutex_create(lwmutex_addr=0x1313d28, attr_addr=0xffd238)
HLE: ! {PPU[1] Thread (CPUThread)[0x0137c058]} sys_lwmutex: *** lwmutex created [_lc_mtx] (attribute=0x12): sq_id = 11
HLE: W {PPU[1] Thread (CPUThread)[0x0137c058]} sys_lwmutex warning: sys_lwmutex_create(lwmutex_addr=0x1313d50, attr_addr=0xffd238)
HLE: ! {PPU[1] Thread (CPUThread)[0x0137c058]} sys_lwmutex: *** lwmutex created [_lc_mtx] (attribute=0x12): sq_id = 12
HLE: W {PPU[1] Thread (CPUThread)[0x0137c058]} sys_lwmutex warning: sys_lwmutex_create(lwmutex_addr=0x1314938, attr_addr=0x11ddb18)
HLE: ! {PPU[1] Thread (CPUThread)[0x0137c058]} sys_lwmutex: *** lwmutex created [_lgcmtx] (attribute=0x12): sq_id = 13
HLE: W {PPU[1] Thread (CPUThread)[0x0137c058]} sys_lwmutex warning: sys_lwmutex_create(lwmutex_addr=0x13148b8, attr_addr=0x11ddb18)
HLE: ! {PPU[1] Thread (CPUThread)[0x0137c058]} sys_lwmutex: *** lwmutex created [_lgcmtx] (attribute=0x12): sq_id = 14
HLE: W {PPU[1] Thread (CPUThread)[0x0137c058]} sys_lwmutex warning: sys_lwmutex_create(lwmutex_addr=0x30100020, attr_addr=0xffd238)
HLE: ! {PPU[1] Thread (CPUThread)[0x0137c058]} sys_lwmutex: *** lwmutex created [_lc_mtx] (attribute=0x12): sq_id = 15
HLE: W {PPU[1] Thread (CPUThread)[0x0137c058]} sys_lwmutex warning: sys_lwmutex_create(lwmutex_addr=0x301000a0, attr_addr=0xffd238)
HLE: ! {PPU[1] Thread (CPUThread)[0x0137c058]} sys_lwmutex: *** lwmutex created [_lc_mtx] (attribute=0x12): sq_id = 16
HLE: W {PPU[1] Thread (CPUThread)[0x0137c058]} sys_lwmutex warning: sys_lwmutex_create(lwmutex_addr=0x30100130, attr_addr=0xffd238)
HLE: ! {PPU[1] Thread (CPUThread)[0x0137c058]} sys_lwmutex: *** lwmutex created [_lc_mtx] (attribute=0x12): sq_id = 17
HLE: W {PPU[1] Thread (CPUThread)[0x0137c058]} sys_lwmutex warning: sys_lwmutex_create(lwmutex_addr=0x30100190, attr_addr=0xffd238)
HLE: ! {PPU[1] Thread (CPUThread)[0x0137c058]} sys_lwmutex: *** lwmutex created [_lc_mtx] (attribute=0x12): sq_id = 18
HLE: W {PPU[1] Thread (CPUThread)[0x0137c058]} sys_lwmutex warning: sys_lwmutex_create(lwmutex_addr=0x301001d0, attr_addr=0xffd238)
HLE: ! {PPU[1] Thread (CPUThread)[0x0137c058]} sys_lwmutex: *** lwmutex created [_lc_mtx] (attribute=0x12): sq_id = 19
HLE: W {PPU[1] Thread (CPUThread)[0x0137c058]} sys_lwmutex warning: sys_lwmutex_create(lwmutex_addr=0x30100210, attr_addr=0xffd238)
HLE: ! {PPU[1] Thread (CPUThread)[0x0137c058]} sys_lwmutex: *** lwmutex created [_lc_mtx] (attribute=0x12): sq_id = 20
HLE: W {PPU[1] Thread (CPUThread)[0x0137c058]} sys_lwmutex warning: sys_lwmutex_create(lwmutex_addr=0x301002d0, attr_addr=0xffd238)
HLE: ! {PPU[1] Thread (CPUThread)[0x0137c058]} sys_lwmutex: *** lwmutex created [_lc_mtx] (attribute=0x12): sq_id = 21
HLE: W {PPU[1] Thread (CPUThread)[0x0137c058]} sys_lwmutex warning: sys_lwmutex_create(lwmutex_addr=0x30100300, attr_addr=0xffd238)
HLE: ! {PPU[1] Thread (CPUThread)[0x0137c058]} sys_lwmutex: *** lwmutex created [_lc_mtx] (attribute=0x12): sq_id = 22
HLE: W {PPU[1] Thread (CPUThread)[0x0137c058]} sys_lwmutex warning: sys_lwmutex_create(lwmutex_addr=0x30100330, attr_addr=0xffd238)
HLE: ! {PPU[1] Thread (CPUThread)[0x0137c058]} sys_lwmutex: *** lwmutex created [_lc_mtx] (attribute=0x12): sq_id = 23
HLE: W {PPU[1] Thread (CPUThread)[0x0137c058]} sys_lwmutex warning: sys_lwmutex_create(lwmutex_addr=0x30100360, attr_addr=0xffd238)
HLE: ! {PPU[1] Thread (CPUThread)[0x0137c058]} sys_lwmutex: *** lwmutex created [_lc_mtx] (attribute=0x12): sq_id = 24
HLE: W {PPU[1] Thread (CPUThread)[0x0137c058]} sys_lwmutex warning: sys_lwmutex_create(lwmutex_addr=0x30100390, attr_addr=0xffd238)
HLE: ! {PPU[1] Thread (CPUThread)[0x0137c058]} sys_lwmutex: *** lwmutex created [_lc_mtx] (attribute=0x12): sq_id = 25
HLE: W {PPU[1] Thread (CPUThread)[0x0137c058]} sys_lwmutex warning: sys_lwmutex_create(lwmutex_addr=0x301003c0, attr_addr=0xffd238)
HLE: ! {PPU[1] Thread (CPUThread)[0x0137c058]} sys_lwmutex: *** lwmutex created [_lc_mtx] (attribute=0x12): sq_id = 26
HLE: W {PPU[1] Thread (CPUThread)[0x00b786e0]} sys_mutex warning: *** mutex created [] (protocol=0x2, recursive=false): id = 27
HLE: W {PPU[1] Thread (CPUThread)[0x00a437d4]} sys_mutex warning: *** mutex created [] (protocol=0x2, recursive=false): id = 28
HLE: W {PPU[1] Thread (CPUThread)[0x00a437f8]} sys_cond warning: *** condition created [] (mutex_id=28): id = 29
HLE: W {PPU[1] Thread (CPUThread)[0x00a5a14c]} sys_time warning: sys_time_get_timezone(timezone_addr=0xd000fb20, summertime_addr=0xd000fb24)
HLE: W {PPU[1] Thread (CPUThread)[0x00a5a14c]} cellSysutil warning: cellSysutilGetSystemParamInt: CELL_SYSUTIL_SYSTEMPARAM_ID_TIMEZONE
HLE: W {PPU[1] Thread (CPUThread)[0x00a5a14c]} cellSysutil warning: cellSysutilGetSystemParamInt: CELL_SYSUTIL_SYSTEMPARAM_ID_SUMMERTIME
HLE: W {PPU[1] Thread (CPUThread)[0x00a60eac]} sys_time warning: sys_time_get_timezone(timezone_addr=0xd000fa70, summertime_addr=0xd000fa74)
HLE: W {PPU[1] Thread (CPUThread)[0x00a60eac]} cellSysutil warning: cellSysutilGetSystemParamInt: CELL_SYSUTIL_SYSTEMPARAM_ID_TIMEZONE
HLE: W {PPU[1] Thread (CPUThread)[0x00a60eac]} cellSysutil warning: cellSysutilGetSystemParamInt: CELL_SYSUTIL_SYSTEMPARAM_ID_SUMMERTIME
HLE: W {PPU[1] Thread (CPUThread)[0x00a5bbd4]} sys_time warning: sys_time_get_timezone(timezone_addr=0xd000fb20, summertime_addr=0xd000fb24)
HLE: W {PPU[1] Thread (CPUThread)[0x00a5bbd4]} cellSysutil warning: cellSysutilGetSystemParamInt: CELL_SYSUTIL_SYSTEMPARAM_ID_TIMEZONE
HLE: W {PPU[1] Thread (CPUThread)[0x00a5bbd4]} cellSysutil warning: cellSysutilGetSystemParamInt: CELL_SYSUTIL_SYSTEMPARAM_ID_SUMMERTIME
HLE: W {PPU[1] Thread (CPUThread)[0x00a60eac]} sys_time warning: sys_time_get_timezone(timezone_addr=0xd000fa70, summertime_addr=0xd000fa74)
HLE: W {PPU[1] Thread (CPUThread)[0x00a60eac]} cellSysutil warning: cellSysutilGetSystemParamInt: CELL_SYSUTIL_SYSTEMPARAM_ID_TIMEZONE
HLE: W {PPU[1] Thread (CPUThread)[0x00a60eac]} cellSysutil warning: cellSysutilGetSystemParamInt: CELL_SYSUTIL_SYSTEMPARAM_ID_SUMMERTIME
HLE: W {PPU[1] Thread (CPUThread)[0x00a5a0f0]} sys_time warning: sys_time_get_timezone(timezone_addr=0xd000fb20, summertime_addr=0xd000fb24)
HLE: W {PPU[1] Thread (CPUThread)[0x00a5a0f0]} cellSysutil warning: cellSysutilGetSystemParamInt: CELL_SYSUTIL_SYSTEMPARAM_ID_TIMEZONE
HLE: W {PPU[1] Thread (CPUThread)[0x00a5a0f0]} cellSysutil warning: cellSysutilGetSystemParamInt: CELL_SYSUTIL_SYSTEMPARAM_ID_SUMMERTIME
HLE: W {PPU[1] Thread (CPUThread)[0x00a5bbd4]} sys_time warning: sys_time_get_timezone(timezone_addr=0xd000fb20, summertime_addr=0xd000fb24)
HLE: W {PPU[1] Thread (CPUThread)[0x00a5bbd4]} cellSysutil warning: cellSysutilGetSystemParamInt: CELL_SYSUTIL_SYSTEMPARAM_ID_TIMEZONE
HLE: W {PPU[1] Thread (CPUThread)[0x00a5bbd4]} cellSysutil warning: cellSysutilGetSystemParamInt: CELL_SYSUTIL_SYSTEMPARAM_ID_SUMMERTIME
HLE: W {PPU[1] Thread (CPUThread)[0x0137c058]} sys_lwmutex warning: sys_lwmutex_create(lwmutex_addr=0x1312120, attr_addr=0xd000fb50)
HLE: ! {PPU[1] Thread (CPUThread)[0x0137c058]} sys_lwmutex: *** lwmutex created [ps3HDDL] (attribute=0x12): sq_id = 30
TTY: ***** start shirokishi app *****
HLE: W {PPU[1] Thread (CPUThread)[0x0112f01c]} cellSysmodule warning: cellSysmoduleIsLoaded(CELL_SYSMODULE_L10N)
HLE: W {PPU[1] Thread (CPUThread)[0x0112f010]} cellSysmodule warning: cellSysmoduleLoadModule(CELL_SYSMODULE_L10N)
HLE: W {PPU[1] Thread (CPUThread)[0x0137c058]} sys_lwmutex warning: sys_lwmutex_create(lwmutex_addr=0x13123a0, attr_addr=0xd000f680)
HLE: ! {PPU[1] Thread (CPUThread)[0x0137c058]} sys_lwmutex: *** lwmutex created [] (attribute=0x22): sq_id = 31
HLE: W {PPU[1] Thread (CPUThread)[0x0137c058]} sys_lwmutex warning: sys_lwmutex_create(lwmutex_addr=0x1312b10, attr_addr=0xd000f5f0)
HLE: ! {PPU[1] Thread (CPUThread)[0x0137c058]} sys_lwmutex: *** lwmutex created [] (attribute=0x22): sq_id = 32
HLE: W {PPU[1] Thread (CPUThread)[0x00885d74]} sys_memory warning: sys_memory_get_user_memory_size(mem_info_addr=0xd000f724)
HLE: W {PPU[1] Thread (CPUThread)[0x0002cae0]} sys_memory warning: sys_memory_container_create(cid_addr=0x11fee00, yield_size=0x1800000)
HLE: W {PPU[1] Thread (CPUThread)[0x0002cae0]} sys_memory warning: *** memory_container created(addr=0x34300000): id = 33
HLE: E {PPU[1] Thread (CPUThread)[0x000352b4]} vm TODO: sys_vm_memory_map(vsize=0x10000000,psize=0x100000,cidr=0xffffffff,flags=0x200,policy=0x1,addr=0x11fee2c)
G: E {PPU[1] Thread (CPUThread)[0x00a65850]} Exception: Access violation: addr = 0x39300000 (is_alive=1, last_syscall=0x0 (Unknown func id: 0x00000000))
PPU: ! {PPULLVMRecompiler} Removed 1 old versions
PPU: ! {PPULLVMRecompiler} PPU LLVM compiler thread exiting.
HLE: ! All threads stopped...
MEM: ! Closing memory...
