HLE: ! path: /dev_hdd0/game/
HLE: W No pause.bin found, Auto Pause will not work.
HLE: W No pause.bin found, Auto Pause will not work.
LDR: ! Loading 'D:\Emulateurs\Rpcs3\dev_hdd0\game\BCES01435-[PlayStation All-Stars Battle Royale]/PS3_GAME/USRDIR/BOOT.BIN'...
LDR: !  
LDR: ! Mount info:
LDR: ! /dev_hdd0/ -> ./dev_hdd0/
LDR: ! /dev_hdd1/ -> ./dev_hdd1/
LDR: ! /dev_flash/ -> ./dev_flash/
LDR: ! /dev_usb000/ -> ./dev_usb000/
LDR: ! /dev_usb/ -> ./dev_usb000/
LDR: ! /app_home/ -> D:\Emulateurs\Rpcs3\dev_hdd0\game\BCES01435-[PlayStation All-Stars Battle Royale]/PS3_GAME/
LDR: ! /dev_bdvd/ -> D:\Emulateurs\Rpcs3\dev_hdd0\game\BCES01435-[PlayStation All-Stars Battle Royale]/PS3_GAME//../
LDR: ! /host_root/ -> 
LDR: ! /app_home/PS3_GAME/USRDIR/ -> D:\Emulateurs\Rpcs3\dev_hdd0\game\BCES01435-[PlayStation All-Stars Battle Royale]/PS3_GAME//USRDIR/
LDR: ! /dev_flash2/ -> ./dev_flash2/
LDR: ! /app_home/Game/PS3_GAME/USRDIR/ -> D:\Emulateurs\Rpcs3\dev_hdd0\game\BCES01435-[PlayStation All-Stars Battle Royale]/PS3_GAME//USRDIR/
LDR: ! //dev_hdd0/ -> ./dev_hdd0/
LDR: ! / -> D:\Emulateurs\Rpcs3\dev_hdd0\game\BCES01435-[PlayStation All-Stars Battle Royale]/PS3_GAME//USRDIR/
LDR: !  
LDR: ! Title: PlayStation® All-Stars Battle Royale
LDR: ! Serial: BCES01435
LDR: !  
MEM: ! Initializing memory: m_base_addr = 0xdbf6950000
MEM: ! Memory initialized.
LDR: ! Imported function 'cellFsClose' in 'sys_fs' module
LDR: ! Imported function 'cellFsOpendir' in 'sys_fs' module
LDR: ! Imported function 'cellFsRead' in 'sys_fs' module
LDR: ! Imported function 'cellFsOpen' in 'sys_fs' module
LDR: ! Imported function 'cellFsStat' in 'sys_fs' module
LDR: ! Imported function 'cellFsGetDirectoryEntries' in 'sys_fs' module
LDR: ! Imported function 'cellFsWrite' in 'sys_fs' module
LDR: ! Imported function 'cellFsFstat' in 'sys_fs' module
LDR: ! Imported function 'cellFsClosedir' in 'sys_fs' module
LDR: ! Imported function 'cellFsRmdir' in 'sys_fs' module
LDR: ! Imported function 'cellFsAioWrite' in 'sys_fs' module
LDR: ! Imported function 'cellFsReaddir' in 'sys_fs' module
LDR: ! Imported function 'cellFsSdataOpenByFd' in 'sys_fs' module
LDR: W Unimplemented function 'cellFsAioCancel' in 'sys_fs' module
LDR: ! Imported function 'cellFsUnlink' in 'sys_fs' module
LDR: ! Imported function 'cellFsFsync' in 'sys_fs' module
LDR: ! Imported function 'cellFsAioFinish' in 'sys_fs' module
LDR: ! Imported function 'cellFsLseek' in 'sys_fs' module
LDR: ! Imported function 'cellFsGetFreeSize' in 'sys_fs' module
LDR: ! Imported function 'cellFsSdataOpen' in 'sys_fs' module
LDR: ! Imported function 'cellFsMkdir' in 'sys_fs' module
LDR: ! Imported function 'cellFsAioRead' in 'sys_fs' module
LDR: ! Imported function 'cellFsAioInit' in 'sys_fs' module
LDR: ! Imported function 'cellSysutilUnregisterCallback' in 'cellSysutil' module
LDR: ! Imported function 'cellSysutilCheckCallback' in 'cellSysutil' module
LDR: ! Imported function 'cellSysCacheMount' in 'cellSysutil' module
LDR: ! Imported function 'cellSysutilGetSystemParamInt' in 'cellSysutil' module
LDR: ! Imported function 'cellAudioOutConfigure' in 'cellSysutil' module
LDR: W Unimplemented function 'cellSaveDataUserAutoSave' in 'cellSysutil' module
LDR: ! Imported function 'cellMsgDialogAbort' in 'cellSysutil' module
LDR: ! Imported function 'cellMsgDialogOpen2' in 'cellSysutil' module
LDR: ! Imported function 'cellSaveDataAutoSave2' in 'cellSysutil' module
LDR: ! Imported function 'cellSysutilGetSystemParamString' in 'cellSysutil' module
LDR: ! Imported function 'cellSysutilRegisterCallback' in 'cellSysutil' module
LDR: ! Imported function 'cellAudioOutGetSoundAvailability' in 'cellSysutil' module
LDR: W Unimplemented function 'cellSaveDataUserAutoLoad' in 'cellSysutil' module
LDR: W Unimplemented function 'cellMsgDialogOpen' in 'cellSysutil' module
LDR: ! Imported function 'cellSaveDataAutoLoad2' in 'cellSysutil' module
LDR: ! Imported function 'cellVideoOutConfigure' in 'cellSysutil' module
LDR: ! Imported function 'cellVideoOutGetDeviceInfo' in 'cellSysutil' module
LDR: ! Imported function 'cellVideoOutGetState' in 'cellSysutil' module
LDR: ! Imported function 'cellVideoOutGetResolution' in 'cellSysutil' module
LDR: W Unknown module 'cellSysutilMisc'
LDR: ! Imported function 'cellSysutilGetLicenseArea' in 'cellSysutilMisc' module
LDR: ! Imported function 'cellGameGetParamString' in 'cellGame' module
LDR: ! Imported function 'cellGameCreateGameData' in 'cellGame' module
LDR: ! Imported function 'cellGameContentPermit' in 'cellGame' module
LDR: ! Imported function 'cellGameContentErrorDialog' in 'cellGame' module
LDR: ! Imported function 'cellGameGetParamInt' in 'cellGame' module
LDR: ! Imported function 'cellGamePatchCheck' in 'cellGame' module
LDR: ! Imported function 'cellGameDataCheck' in 'cellGame' module
LDR: ! Imported function 'cellGameBootCheck' in 'cellGame' module
LDR: ! Imported function 'cellAudioInit' in 'cellAudio' module
LDR: ! Imported function 'cellAudioSetNotifyEventQueue' in 'cellAudio' module
LDR: ! Imported function 'cellAudioGetPortTimestamp' in 'cellAudio' module
LDR: ! Imported function 'cellAudioPortClose' in 'cellAudio' module
LDR: ! Imported function 'cellAudioPortStop' in 'cellAudio' module
LDR: ! Imported function 'cellAudioGetPortConfig' in 'cellAudio' module
LDR: ! Imported function 'cellAudioPortStart' in 'cellAudio' module
LDR: ! Imported function 'cellAudioQuit' in 'cellAudio' module
LDR: ! Imported function 'cellAudioPortOpen' in 'cellAudio' module
LDR: ! Imported function 'cellAudioGetPortBlockTag' in 'cellAudio' module
LDR: ! Imported function 'cellAudioRemoveNotifyEventQueue' in 'cellAudio' module
LDR: W Unimplemented function 'cellVoiceStart' in 'cellVoice' module
LDR: W Unimplemented function 'cellVoiceDisconnectIPortFromOPort' in 'cellVoice' module
LDR: W Unimplemented function 'cellVoiceCreateNotifyEventQueue' in 'cellVoice' module
LDR: W Unimplemented function 'cellVoiceCreatePort' in 'cellVoice' module
LDR: W Unimplemented function 'cellVoiceSetNotifyEventQueue' in 'cellVoice' module
LDR: W Unimplemented function 'cellVoiceReadFromOPort' in 'cellVoice' module
LDR: W Unimplemented function 'cellVoiceWriteToIPort' in 'cellVoice' module
LDR: W Unimplemented function 'cellVoiceGetPortInfo' in 'cellVoice' module
LDR: W Unimplemented function 'cellVoiceDeletePort' in 'cellVoice' module
LDR: W Unimplemented function 'cellVoiceConnectIPortToOPort' in 'cellVoice' module
LDR: W Unimplemented function 'cellVoiceInit' in 'cellVoice' module
LDR: W Unimplemented function 'cellVoiceStop' in 'cellVoice' module
LDR: W Unimplemented function 'cellVoiceRemoveNotifyEventQueue' in 'cellVoice' module
LDR: W Unimplemented function 'cellVoiceEnd' in 'cellVoice' module
LDR: W Unimplemented function 'cellVoiceResetPort' in 'cellVoice' module
LDR: ! Imported function 'cellSpursAttributeSetNamePrefix' in 'cellSpurs' module
LDR: ! Imported function 'cellSpursAttributeEnableSpuPrintfIfAvailable' in 'cellSpurs' module
LDR: ! Imported function '_cellSpursTasksetAttributeInitialize' in 'cellSpurs' module
LDR: ! Imported function 'cellSpursEventFlagDetachLv2EventQueue' in 'cellSpurs' module
LDR: ! Imported function 'cellSpursCreateJobChainWithAttribute' in 'cellSpurs' module
LDR: ! Imported function '_cellSpursJobChainAttributeInitialize' in 'cellSpurs' module
LDR: ! Imported function 'cellSpursEventFlagClear' in 'cellSpurs' module
LDR: ! Imported function 'cellSpursCreateTaskset' in 'cellSpurs' module
LDR: ! Imported function '_cellSpursEventFlagInitialize' in 'cellSpurs' module
LDR: ! Imported function 'cellSpursTasksetAttributeSetName' in 'cellSpurs' module
LDR: ! Imported function 'cellSpursShutdownJobChain' in 'cellSpurs' module
LDR: ! Imported function 'cellSpursEventFlagAttachLv2EventQueue' in 'cellSpurs' module
LDR: ! Imported function '_cellSpursAttributeInitialize' in 'cellSpurs' module
LDR: ! Imported function 'cellSpursJoinTaskset' in 'cellSpurs' module
LDR: ! Imported function 'cellSpursShutdownTaskset' in 'cellSpurs' module
LDR: ! Imported function 'cellSpursJoinJobChain' in 'cellSpurs' module
LDR: ! Imported function 'cellSpursAttributeSetSpuThreadGroupType' in 'cellSpurs' module
LDR: ! Imported function 'cellSpursInitializeWithAttribute' in 'cellSpurs' module
LDR: ! Imported function 'cellSpursCreateTask' in 'cellSpurs' module
LDR: ! Imported function 'cellSpursCreateTasksetWithAttribute' in 'cellSpurs' module
LDR: ! Imported function 'cellSpursFinalize' in 'cellSpurs' module
LDR: ! Imported function 'cellSpursRunJobChain' in 'cellSpurs' module
LDR: ! Imported function '_cellSpursLFQueueInitialize' in 'cellSpurs' module
LDR: ! Imported function 'cellSpursLFQueueAttachLv2EventQueue' in 'cellSpurs' module
LDR: ! Imported function 'cellSpursGetInfo' in 'cellSpurs' module
LDR: ! Imported function 'cellSpursLFQueueDetachLv2EventQueue' in 'cellSpurs' module
LDR: ! Imported function '_cellSpursLFQueuePushBody' in 'cellSpurs' module
LDR: ! Imported function 'cellSpursTasksetAttributeSetTasksetSize' in 'cellSpurs' module
LDR: ! Imported function 'cellSpursRequestIdleSpu' in 'cellSpurs' module
LDR: ! Imported function 'cellSpursWorkloadAttributeSetName' in 'cellSpurs' module
LDR: ! Imported function 'cellSpursGetWorkloadInfo' in 'cellSpurs' module
LDR: ! Imported function 'cellSpursRemoveWorkload' in 'cellSpurs' module
LDR: ! Imported function 'cellSpursWaitForWorkloadShutdown' in 'cellSpurs' module
LDR: ! Imported function 'cellSpursSetPriorities' in 'cellSpurs' module
LDR: ! Imported function 'cellSpursShutdownWorkload' in 'cellSpurs' module
LDR: ! Imported function 'cellSpursAddWorkloadWithAttribute' in 'cellSpurs' module
LDR: ! Imported function 'cellSpursSetExceptionEventHandler' in 'cellSpurs' module
LDR: ! Imported function '_cellSpursWorkloadAttributeInitialize' in 'cellSpurs' module
LDR: ! Imported function 'cellSpursReadyCountStore' in 'cellSpurs' module
LDR: ! Imported function 'cellSpursJobQueueAttributeSetDoBusyWaiting' in 'cellSpursJq' module
LDR: ! Imported function 'cellSpursJobQueueAttributeSetSubmitWithEntryLock' in 'cellSpursJq' module
LDR: ! Imported function 'cellSpursJobQueueAttributeSetMaxSizeJobDescriptor' in 'cellSpursJq' module
LDR: ! Imported function 'cellSpursJobQueueAttributeInitialize' in 'cellSpursJq' module
LDR: ! Imported function 'cellSpursJobQueueAttributeSetIsJobTypeMemoryCheck' in 'cellSpursJq' module
LDR: ! Imported function 'cellSpursShutdownJobQueue' in 'cellSpursJq' module
LDR: ! Imported function 'cellSpursJoinJobQueue' in 'cellSpursJq' module
LDR: ! Imported function 'cellSpursJobQueuePort2Destroy' in 'cellSpursJq' module
LDR: ! Imported function '_cellSpursJobQueuePort2PushJobBody' in 'cellSpursJq' module
LDR: ! Imported function 'cellSpursJobQueueAttributeSetGrabParameters' in 'cellSpursJq' module
LDR: ! Imported function 'cellSpursJobQueuePort2Create' in 'cellSpursJq' module
LDR: ! Imported function '_cellSpursCreateJobQueue' in 'cellSpursJq' module
LDR: ! Imported function 'cellSpursJobQueuePort2Sync' in 'cellSpursJq' module
LDR: ! Imported function 'cellSpursJobQueueAttributeSetIsHaltOnError' in 'cellSpursJq' module
LDR: ! Imported function 'sceNpBasicSendMessageGui' in 'sceNp' module
LDR: ! Imported function 'sceNpBasicGetFriendListEntry' in 'sceNp' module
LDR: ! Imported function 'sceNpManagerGetTicket' in 'sceNp' module
LDR: ! Imported function 'sceNpScoreGetRankingByRangeAsync' in 'sceNp' module
LDR: ! Imported function 'sceNpScoreDestroyTitleCtx' in 'sceNp' module
LDR: ! Imported function 'sceNpScoreInit' in 'sceNp' module
LDR: ! Imported function 'sceNpScoreGetRankingByNpIdAsync' in 'sceNp' module
LDR: ! Imported function 'sceNpBasicSetPresence' in 'sceNp' module
LDR: ! Imported function 'sceNpBasicRegisterContextSensitiveHandler' in 'sceNp' module
LDR: ! Imported function 'sceNpTerm' in 'sceNp' module
LDR: ! Imported function 'sceNpSignalingAddExtendedHandler' in 'sceNp' module
LDR: ! Imported function 'sceNpManagerUnregisterCallback' in 'sceNp' module
LDR: ! Imported function 'sceNpManagerGetTicketParam' in 'sceNp' module
LDR: ! Imported function 'sceNpLookupDestroyTitleCtx' in 'sceNp' module
LDR: ! Imported function 'sceNpLookupInit' in 'sceNp' module
LDR: ! Imported function 'sceNpSignalingActivateConnection' in 'sceNp' module
LDR: ! Imported function 'sceNpSignalingCreateCtx' in 'sceNp' module
LDR: ! Imported function 'sceNpBasicRecvMessageAttachmentLoad' in 'sceNp' module
LDR: ! Imported function 'sceNpManagerGetContentRatingFlag' in 'sceNp' module
LDR: ! Imported function 'sceNpScoreCreateTransactionCtx' in 'sceNp' module
LDR: ! Imported function 'sceNpLookupPollAsync' in 'sceNp' module
LDR: ! Imported function 'sceNpBasicRecvMessageCustom' in 'sceNp' module
LDR: ! Imported function 'sceNpManagerRequestTicket2' in 'sceNp' module
LDR: ! Imported function 'sceNpLookupTerm' in 'sceNp' module
LDR: ! Imported function 'sceNpLookupTitleSmallStorageAsync' in 'sceNp' module
LDR: ! Imported function 'sceNpSignalingTerminateConnection' in 'sceNp' module
LDR: ! Imported function 'sceNpScoreTerm' in 'sceNp' module
LDR: ! Imported function 'sceNpScorePollAsync' in 'sceNp' module
LDR: ! Imported function 'sceNpManagerGetStatus' in 'sceNp' module
LDR: ! Imported function 'sceNpSignalingDestroyCtx' in 'sceNp' module
LDR: ! Imported function 'sceNpBasicUnregisterHandler' in 'sceNp' module
LDR: ! Imported function 'sceNpDrmIsAvailable' in 'sceNp' module
LDR: W Unimplemented function 'Unknown func id: 0xafc62605' in 'sceNp' module
LDR: ! Imported function 'sceNpBasicGetFriendListEntryCount' in 'sceNp' module
LDR: ! Imported function 'sceNpManagerGetAccountRegion' in 'sceNp' module
LDR: ! Imported function 'sceNpScoreCreateTitleCtx' in 'sceNp' module
LDR: ! Imported function 'sceNpBasicAddPlayersHistoryAsync' in 'sceNp' module
LDR: ! Imported function 'sceNpInit' in 'sceNp' module
LDR: ! Imported function 'sceNpManagerGetNetworkTime' in 'sceNp' module
LDR: ! Imported function 'sceNpBasicSetPresenceDetails' in 'sceNp' module
LDR: ! Imported function 'sceNpScoreDestroyTransactionCtx' in 'sceNp' module
LDR: W Unimplemented function 'Unknown func id: 0xc611029a' in 'sceNp' module
LDR: ! Imported function 'sceNpSignalingGetConnectionStatus' in 'sceNp' module
LDR: ! Imported function 'sceNpLookupCreateTitleCtx' in 'sceNp' module
LDR: ! Imported function 'sceNpUtilCmpNpId' in 'sceNp' module
LDR: ! Imported function 'sceNpBasicGetEvent' in 'sceNp' module
LDR: ! Imported function 'sceNpManagerRegisterCallback' in 'sceNp' module
LDR: ! Imported function 'sceNpLookupCreateTransactionCtx' in 'sceNp' module
LDR: ! Imported function 'sceNpBasicSendMessage' in 'sceNp' module
LDR: ! Imported function 'sceNpScoreAbortTransaction' in 'sceNp' module
LDR: ! Imported function 'sceNpScoreRecordScoreAsync' in 'sceNp' module
LDR: ! Imported function 'sceNpManagerGetOnlineName' in 'sceNp' module
LDR: ! Imported function 'sceNpLookupDestroyTransactionCtx' in 'sceNp' module
LDR: ! Imported function 'sceNpBasicGetFriendPresenceByNpId' in 'sceNp' module
LDR: ! Imported function 'sceNpManagerGetNpId' in 'sceNp' module
LDR: ! Imported function 'sceNpDrmIsAvailable2' in 'sceNp' module
LDR: ! Imported function 'cellUserInfoGetStat' in 'cellUserInfo' module
LDR: W Unknown module 'sceNpTus'
LDR: ! Imported function 'sceNpTusSetMultiSlotVariableAsync' in 'sceNpTus' module
LDR: ! Imported function 'sceNpTusCreateTransactionCtx' in 'sceNpTus' module
LDR: ! Imported function 'sceNpTusPollAsync' in 'sceNpTus' module
LDR: ! Imported function 'sceNpTusTerm' in 'sceNpTus' module
LDR: ! Imported function 'sceNpTusDestroyTitleCtx' in 'sceNpTus' module
LDR: ! Imported function 'sceNpTusAbortTransaction' in 'sceNpTus' module
LDR: ! Imported function 'sceNpTusDestroyTransactionCtx' in 'sceNpTus' module
LDR: ! Imported function 'sceNpTusGetDataAsync' in 'sceNpTus' module
LDR: ! Imported function 'sceNpTusCreateTitleCtx' in 'sceNpTus' module
LDR: ! Imported function 'sceNpTusInit' in 'sceNpTus' module
LDR: ! Imported function 'sceNpTusGetMultiSlotVariableAsync' in 'sceNpTus' module
LDR: ! Imported function 'sceNpTusTryAndSetVariableAsync' in 'sceNpTus' module
LDR: ! Imported function 'sceNpTusSetDataAsync' in 'sceNpTus' module
LDR: ! Imported function 'cellNetCtlNetStartDialogLoadAsync' in 'cellNetCtl' module
LDR: ! Imported function 'cellNetCtlAddHandler' in 'cellNetCtl' module
LDR: ! Imported function 'cellNetCtlNetStartDialogUnloadAsync' in 'cellNetCtl' module
LDR: ! Imported function 'cellNetCtlTerm' in 'cellNetCtl' module
LDR: ! Imported function 'cellNetCtlGetInfo' in 'cellNetCtl' module
LDR: ! Imported function 'cellNetCtlGetNatInfo' in 'cellNetCtl' module
LDR: ! Imported function 'cellNetCtlNetStartDialogAbortAsync' in 'cellNetCtl' module
LDR: ! Imported function 'cellNetCtlGetState' in 'cellNetCtl' module
LDR: ! Imported function 'cellNetCtlDelHandler' in 'cellNetCtl' module
LDR: ! Imported function 'cellNetCtlInit' in 'cellNetCtl' module
LDR: ! Imported function 'sys_net_initialize_network_ex' in 'sys_net' module
LDR: ! Imported function 'recvfrom' in 'sys_net' module
LDR: ! Imported function '_sys_net_errno_loc' in 'sys_net' module
LDR: ! Imported function 'socketclose' in 'sys_net' module
LDR: ! Imported function 'setsockopt' in 'sys_net' module
LDR: ! Imported function 'sys_net_abort_socket' in 'sys_net' module
LDR: ! Imported function 'sendto' in 'sys_net' module
LDR: ! Imported function 'socket' in 'sys_net' module
LDR: ! Imported function 'bind' in 'sys_net' module
LDR: ! Imported function 'sys_net_finalize_network' in 'sys_net' module
LDR: W Unimplemented function 'getsockname' in 'sys_net' module
LDR: ! Imported function 'listen' in 'sys_net' module
LDR: W Unimplemented function 'socketselect' in 'sys_net' module
LDR: W Unimplemented function 'getsockopt' in 'sys_net' module
LDR: ! Imported function 'connect' in 'sys_net' module
LDR: W Unimplemented function 'gethostbyname' in 'sys_net' module
LDR: ! Imported function 'sys_net_abort_resolver' in 'sys_net' module
LDR: ! Imported function 'shutdown' in 'sys_net' module
LDR: ! Imported function 'accept' in 'sys_net' module
LDR: W Unimplemented function 'inet_ntop' in 'sys_net' module
LDR: ! Imported function 'inet_addr' in 'sys_net' module
LDR: ! Imported function 'send' in 'sys_net' module
LDR: ! Imported function 'recv' in 'sys_net' module
LDR: W Unimplemented function 'inet_aton' in 'sys_net' module
LDR: ! Imported function 'cellRtcGetCurrentClockLocalTime' in 'cellRtc' module
LDR: ! Imported function 'cellRtcSetTick' in 'cellRtc' module
LDR: ! Imported function 'cellRtcGetTick' in 'cellRtc' module
LDR: W Unimplemented function 'cellHttpUtilParseUri' in 'cellHttpUtil' module
LDR: W Unknown module 'cellHttp'
LDR: ! Imported function 'cellHttpCreateTransaction' in 'cellHttp' module
LDR: ! Imported function 'cellHttpResponseGetStatusCode' in 'cellHttp' module
LDR: ! Imported function 'cellHttpInit' in 'cellHttp' module
LDR: ! Imported function 'cellHttpTransactionAbortConnection' in 'cellHttp' module
LDR: ! Imported function 'cellHttpDestroyTransaction' in 'cellHttp' module
LDR: ! Imported function 'cellHttpResponseGetContentLength' in 'cellHttp' module
LDR: ! Imported function 'cellHttpCreateClient' in 'cellHttp' module
LDR: ! Imported function 'cellHttpRecvResponse' in 'cellHttp' module
LDR: ! Imported function 'cellHttpDestroyClient' in 'cellHttp' module
LDR: ! Imported function 'cellHttpSendRequest' in 'cellHttp' module
LDR: ! Imported function 'cellHttpEnd' in 'cellHttp' module
LDR: ! Imported function 'cellSysmoduleUnloadModule' in 'cellSysmodule' module
LDR: ! Imported function 'cellSysmoduleLoadModule' in 'cellSysmodule' module
LDR: ! Imported function 'cellSysmoduleIsLoaded' in 'cellSysmodule' module
LDR: ! Imported function 'cellSysmoduleInitialize' in 'cellSysmodule' module
LDR: ! Imported function '_cellGcmInitBody' in 'cellGcmSys' module
LDR: ! Imported function 'cellGcmAddressToOffset' in 'cellGcmSys' module
LDR: ! Imported function '_cellGcmFunc15' in 'cellGcmSys' module
LDR: ! Imported function 'cellGcmGetLastFlipTime' in 'cellGcmSys' module
LDR: ! Imported function 'cellGcmMapMainMemory' in 'cellGcmSys' module
LDR: ! Imported function 'cellGcmUnmapEaIoAddress' in 'cellGcmSys' module
LDR: ! Imported function 'cellGcmGetLabelAddress' in 'cellGcmSys' module
LDR: ! Imported function 'cellGcmGetTiledPitchSize' in 'cellGcmSys' module
LDR: ! Imported function 'cellGcmSetQueueHandler' in 'cellGcmSys' module
LDR: ! Imported function '_cellGcmSetFlipCommand' in 'cellGcmSys' module
LDR: ! Imported function 'cellGcmBindTile' in 'cellGcmSys' module
LDR: ! Imported function 'cellGcmSetFlipMode' in 'cellGcmSys' module
LDR: ! Imported function 'cellGcmGetDefaultCommandWordSize' in 'cellGcmSys' module
LDR: ! Imported function 'cellGcmGetFlipStatus' in 'cellGcmSys' module
LDR: ! Imported function 'cellGcmGetDefaultSegmentWordSize' in 'cellGcmSys' module
LDR: ! Imported function 'cellGcmSetDefaultFifoSize' in 'cellGcmSys' module
LDR: ! Imported function 'cellGcmBindZcull' in 'cellGcmSys' module
LDR: ! Imported function 'cellGcmSetFlipHandler' in 'cellGcmSys' module
LDR: ! Imported function 'cellGcmSetDisplayBuffer' in 'cellGcmSys' module
LDR: ! Imported function 'cellGcmGetControlRegister' in 'cellGcmSys' module
LDR: ! Imported function 'cellGcmUnbindZcull' in 'cellGcmSys' module
LDR: ! Imported function 'cellGcmSetVBlankHandler' in 'cellGcmSys' module
LDR: ! Imported function 'cellGcmSetFlipImmediate' in 'cellGcmSys' module
LDR: ! Imported function 'cellGcmResetFlipStatus' in 'cellGcmSys' module
LDR: ! Imported function 'cellGcmSetTileInfo' in 'cellGcmSys' module
LDR: ! Imported function '_cellGcmSetFlipCommandWithWaitLabel' in 'cellGcmSys' module
LDR: ! Imported function 'cellGcmUnbindTile' in 'cellGcmSys' module
LDR: ! Imported function 'cellGcmGetConfiguration' in 'cellGcmSys' module
LDR: ! Imported function 'cellSailGraphicsAdapterGetFrame2' in 'cellSail' module
LDR: ! Imported function 'cellSailDescriptorCreateDatabase' in 'cellSail' module
LDR: ! Imported function 'cellSailDescriptorSetEs' in 'cellSail' module
LDR: ! Imported function 'cellSailPlayerSetSoundAdapter' in 'cellSail' module
LDR: ! Imported function 'cellSailPlayerFinalize' in 'cellSail' module
LDR: ! Imported function 'cellSailPlayerSetGraphicsAdapter' in 'cellSail' module
LDR: ! Imported function 'cellSailGraphicsAdapterInitialize' in 'cellSail' module
LDR: ! Imported function 'cellSailPlayerInitialize2' in 'cellSail' module
LDR: ! Imported function 'cellSailDescriptorDestroyDatabase' in 'cellSail' module
LDR: ! Imported function 'cellSailGraphicsAdapterSetPreferredFormat' in 'cellSail' module
LDR: ! Imported function 'cellSailMemAllocatorInitialize' in 'cellSail' module
LDR: ! Imported function 'cellSailPlayerOpenStream' in 'cellSail' module
LDR: ! Imported function 'cellSailSoundAdapterInitialize' in 'cellSail' module
LDR: ! Imported function 'cellSailGraphicsAdapterUpdateAvSync' in 'cellSail' module
LDR: ! Imported function 'cellSailMp4MovieGetMovieInfo' in 'cellSail' module
LDR: ! Imported function 'cellSailPlayerSetParameter' in 'cellSail' module
LDR: ! Imported function 'cellSailAviMovieGetMovieInfo' in 'cellSail' module
LDR: ! Imported function 'cellSailGraphicsAdapterFinalize' in 'cellSail' module
LDR: ! Imported function 'cellSailDescriptorSetAutoSelection' in 'cellSail' module
LDR: ! Imported function 'cellSailPlayerAddDescriptor' in 'cellSail' module
LDR: ! Imported function 'cellSailSoundAdapterGetFrame' in 'cellSail' module
LDR: ! Imported function 'cellSailPlayerCloseStream' in 'cellSail' module
LDR: ! Imported function 'cellSailPlayerBoot' in 'cellSail' module
LDR: ! Imported function 'cellSailDescriptorOpen' in 'cellSail' module
LDR: ! Imported function 'cellSailMp4MovieGetTrackByTypeAndIndex' in 'cellSail' module
LDR: ! Imported function 'cellSailSoundAdapterFinalize' in 'cellSail' module
LDR: ! Imported function 'cellSailPlayerSetPaused' in 'cellSail' module
LDR: ! Imported function 'cellSailPlayerCreateDescriptor' in 'cellSail' module
LDR: ! Imported function 'cellSailAviMovieGetStreamByTypeAndIndex' in 'cellSail' module
LDR: ! Imported function 'cellSailPlayerStart' in 'cellSail' module
LDR: ! Imported function 'cellSailPlayerStop' in 'cellSail' module
LDR: ! Imported function 'cellSailSoundAdapterUpdateAvSync' in 'cellSail' module
LDR: ! Imported function 'cellSailSoundAdapterGetFormat' in 'cellSail' module
LDR: ! Imported function 'cellSailPlayerSetRepeatMode' in 'cellSail' module
LDR: ! Imported function 'cellSailPlayerDestroyDescriptor' in 'cellSail' module
LDR: ! Imported function 'cellSailGraphicsAdapterGetFormat' in 'cellSail' module
LDR: ! Imported function 'cellPamfReaderSetStreamWithTypeAndIndex' in 'cellPamf' module
LDR: ! Imported function 'cellPamfReaderGetPresentationStartTime' in 'cellPamf' module
LDR: ! Imported function 'cellPamfReaderGetNumberOfSpecificStreams' in 'cellPamf' module
LDR: ! Imported function 'cellPamfReaderGetPresentationEndTime' in 'cellPamf' module
LDR: ! Imported function 'sceNpTrophyRegisterContext' in 'sceNpTrophy' module
LDR: ! Imported function 'sceNpTrophyCreateHandle' in 'sceNpTrophy' module
LDR: ! Imported function 'sceNpTrophyGetRequiredDiskSpace' in 'sceNpTrophy' module
LDR: ! Imported function 'sceNpTrophyDestroyContext' in 'sceNpTrophy' module
LDR: ! Imported function 'sceNpTrophyInit' in 'sceNpTrophy' module
LDR: ! Imported function 'sceNpTrophyDestroyHandle' in 'sceNpTrophy' module
LDR: ! Imported function 'sceNpTrophyUnlockTrophy' in 'sceNpTrophy' module
LDR: ! Imported function 'sceNpTrophyTerm' in 'sceNpTrophy' module
LDR: ! Imported function 'sceNpTrophyCreateContext' in 'sceNpTrophy' module
LDR: W Unknown module 'cellSysutilNpEula'
LDR: ! Imported function 'Unknown func id: 0x59d1629a' in 'cellSysutilNpEula' module
LDR: ! Imported function 'Unknown func id: 0x5ec05ad8' in 'cellSysutilNpEula' module
LDR: W Unknown module 'sceNpCommerce2'
LDR: ! Imported function 'sceNpCommerce2Init' in 'sceNpCommerce2' module
LDR: ! Imported function 'sceNpCommerce2ExecuteStoreBrowse' in 'sceNpCommerce2' module
LDR: ! Imported function 'cellPadInit' in 'sys_io' module
LDR: ! Imported function 'cellKbInit' in 'sys_io' module
LDR: ! Imported function 'cellPadEnd' in 'sys_io' module
LDR: ! Imported function 'cellPadSetPortSetting' in 'sys_io' module
LDR: ! Imported function 'cellPadGetData' in 'sys_io' module
LDR: ! Imported function 'cellKbSetCodeType' in 'sys_io' module
LDR: ! Imported function 'cellPadGetInfo2' in 'sys_io' module
LDR: ! Imported function 'cellKbEnd' in 'sys_io' module
LDR: ! Imported function 'cellKbSetReadMode' in 'sys_io' module
LDR: ! Imported function 'cellPadSetActDirect' in 'sys_io' module
LDR: ! Imported function 'cellSyncLFQueueSize' in 'cellSync' module
LDR: ! Imported function 'sys_lwmutex_lock' in 'sysPrxForUser' module
LDR: ! Imported function 'sys_lwmutex_unlock' in 'sysPrxForUser' module
LDR: ! Imported function 'sys_lwcond_destroy' in 'sysPrxForUser' module
LDR: ! Imported function 'sys_ppu_thread_create' in 'sysPrxForUser' module
LDR: ! Imported function 'sys_prx_load_module' in 'sysPrxForUser' module
LDR: ! Imported function 'sys_lwcond_wait' in 'sysPrxForUser' module
LDR: ! Imported function '_sys_process_atexitspawn' in 'sysPrxForUser' module
LDR: ! Imported function 'sys_lwmutex_create' in 'sysPrxForUser' module
LDR: ! Imported function 'sys_ppu_thread_get_id' in 'sysPrxForUser' module
LDR: ! Imported function '_sys_heap_malloc' in 'sysPrxForUser' module
LDR: ! Imported function 'sys_prx_register_library' in 'sysPrxForUser' module
LDR: ! Imported function '_sys_heap_memalign' in 'sysPrxForUser' module
LDR: ! Imported function '_sys_spu_printf_initialize' in 'sysPrxForUser' module
LDR: ! Imported function 'Unknown func id: 0x4f7172c9' in 'sysPrxForUser' module
LDR: ! Imported function 'sys_initialize_tls' in 'sysPrxForUser' module
LDR: ! Imported function 'sys_time_get_system_time' in 'sysPrxForUser' module
LDR: W Unimplemented function '_sys_heap_free' in 'sysPrxForUser' module
LDR: ! Imported function '_sys_process_at_Exitspawn' in 'sysPrxForUser' module
LDR: ! Imported function 'sys_prx_exitspawn_with_level' in 'sysPrxForUser' module
LDR: W Unimplemented function 'sys_prx_load_module_on_memcontainer_by_fd' in 'sysPrxForUser' module
LDR: ! Imported function 'sys_ppu_thread_once' in 'sysPrxForUser' module
LDR: ! Imported function 'sys_prx_load_module_on_memcontainer' in 'sysPrxForUser' module
LDR: ! Imported function 'sys_lwmutex_trylock' in 'sysPrxForUser' module
LDR: W Unimplemented function '_sys_heap_delete_heap' in 'sysPrxForUser' module
LDR: ! Imported function 'sys_ppu_thread_exit' in 'sysPrxForUser' module
LDR: ! Imported function '_sys_heap_create_heap' in 'sysPrxForUser' module
LDR: ! Imported function 'sys_lwmutex_destroy' in 'sysPrxForUser' module
LDR: ! Imported function 'sys_lwcond_create' in 'sysPrxForUser' module
LDR: ! Imported function '_sys_spu_printf_finalize' in 'sysPrxForUser' module
LDR: ! Imported function 'sys_process_exit' in 'sysPrxForUser' module
LDR: ! Imported function 'sys_lwcond_signal_all' in 'sysPrxForUser' module
LDR: W Unimplemented function 'sys_prx_load_module_by_fd' in 'sysPrxForUser' module
LDR: ! Imported function 'sys_lwcond_signal' in 'sysPrxForUser' module
HLE: W {PPU[1] Thread (CPUThread)[0x02a06058]} sys_lwmutex warning: sys_lwmutex_create(lwmutex_addr=0x29a9ec8, attr_addr=0xb31d28)
HLE: ! {PPU[1] Thread (CPUThread)[0x02a06058]} sys_lwmutex: *** lwmutex created [_lc_mtx] (attribute=0x12): sq_id = 3
HLE: W {PPU[1] Thread (CPUThread)[0x009bbd6c]} sys_memory warning: sys_memory_get_user_memory_size(mem_info_addr=0xd000fb94)
HLE: W {PPU[1] Thread (CPUThread)[0x02a06058]} sys_lwmutex warning: sys_lwmutex_create(lwmutex_addr=0x29a9cc8, attr_addr=0xb31d28)
HLE: ! {PPU[1] Thread (CPUThread)[0x02a06058]} sys_lwmutex: *** lwmutex created [_lc_mtx] (attribute=0x12): sq_id = 4
HLE: W {PPU[1] Thread (CPUThread)[0x02a06058]} sys_lwmutex warning: sys_lwmutex_create(lwmutex_addr=0x29a9018, attr_addr=0xb31d28)
HLE: ! {PPU[1] Thread (CPUThread)[0x02a06058]} sys_lwmutex: *** lwmutex created [_lc_mtx] (attribute=0x12): sq_id = 5
HLE: W {PPU[1] Thread (CPUThread)[0x02a06058]} sys_lwmutex warning: sys_lwmutex_create(lwmutex_addr=0x29a9040, attr_addr=0xb31d28)
HLE: ! {PPU[1] Thread (CPUThread)[0x02a06058]} sys_lwmutex: *** lwmutex created [_lc_mtx] (attribute=0x12): sq_id = 6
HLE: W {PPU[1] Thread (CPUThread)[0x02a06058]} sys_lwmutex warning: sys_lwmutex_create(lwmutex_addr=0x29a9068, attr_addr=0xb31d28)
HLE: ! {PPU[1] Thread (CPUThread)[0x02a06058]} sys_lwmutex: *** lwmutex created [_lc_mtx] (attribute=0x12): sq_id = 7
HLE: W {PPU[1] Thread (CPUThread)[0x02a06058]} sys_lwmutex warning: sys_lwmutex_create(lwmutex_addr=0x29a8f50, attr_addr=0xb31d28)
HLE: ! {PPU[1] Thread (CPUThread)[0x02a06058]} sys_lwmutex: *** lwmutex created [_lc_mtx] (attribute=0x12): sq_id = 8
HLE: W {PPU[1] Thread (CPUThread)[0x02a06058]} sys_lwmutex warning: sys_lwmutex_create(lwmutex_addr=0x29a8f78, attr_addr=0xb31d28)
HLE: ! {PPU[1] Thread (CPUThread)[0x02a06058]} sys_lwmutex: *** lwmutex created [_lc_mtx] (attribute=0x12): sq_id = 9
HLE: W {PPU[1] Thread (CPUThread)[0x02a06058]} sys_lwmutex warning: sys_lwmutex_create(lwmutex_addr=0x29a8fa0, attr_addr=0xb31d28)
HLE: ! {PPU[1] Thread (CPUThread)[0x02a06058]} sys_lwmutex: *** lwmutex created [_lc_mtx] (attribute=0x12): sq_id = 10
HLE: W {PPU[1] Thread (CPUThread)[0x02a06058]} sys_lwmutex warning: sys_lwmutex_create(lwmutex_addr=0x29a8fc8, attr_addr=0xb31d28)
HLE: ! {PPU[1] Thread (CPUThread)[0x02a06058]} sys_lwmutex: *** lwmutex created [_lc_mtx] (attribute=0x12): sq_id = 11
HLE: W {PPU[1] Thread (CPUThread)[0x02a06058]} sys_lwmutex warning: sys_lwmutex_create(lwmutex_addr=0x29a8ff0, attr_addr=0xb31d28)
HLE: ! {PPU[1] Thread (CPUThread)[0x02a06058]} sys_lwmutex: *** lwmutex created [_lc_mtx] (attribute=0x12): sq_id = 12
HLE: W {PPU[1] Thread (CPUThread)[0x02a06058]} sys_lwmutex warning: sys_lwmutex_create(lwmutex_addr=0x29aa010, attr_addr=0xcef0c0)
HLE: ! {PPU[1] Thread (CPUThread)[0x02a06058]} sys_lwmutex: *** lwmutex created [_lgcmtx] (attribute=0x12): sq_id = 13
HLE: W {PPU[1] Thread (CPUThread)[0x02a06058]} sys_lwmutex warning: sys_lwmutex_create(lwmutex_addr=0x29a9fd0, attr_addr=0xcef0d0)
HLE: ! {PPU[1] Thread (CPUThread)[0x02a06058]} sys_lwmutex: *** lwmutex created [_lgcmtx] (attribute=0x22): sq_id = 14
HLE: W {PPU[1] Thread (CPUThread)[0x02a06058]} sys_lwmutex warning: sys_lwmutex_create(lwmutex_addr=0x30100020, attr_addr=0xb31d28)
HLE: ! {PPU[1] Thread (CPUThread)[0x02a06058]} sys_lwmutex: *** lwmutex created [_lc_mtx] (attribute=0x12): sq_id = 15
HLE: W {PPU[1] Thread (CPUThread)[0x02a06058]} sys_lwmutex warning: sys_lwmutex_create(lwmutex_addr=0x301000a0, attr_addr=0xb31d28)
HLE: ! {PPU[1] Thread (CPUThread)[0x02a06058]} sys_lwmutex: *** lwmutex created [_lc_mtx] (attribute=0x12): sq_id = 16
HLE: W {PPU[1] Thread (CPUThread)[0x02a06058]} sys_lwmutex warning: sys_lwmutex_create(lwmutex_addr=0x30100130, attr_addr=0xb31d28)
HLE: ! {PPU[1] Thread (CPUThread)[0x02a06058]} sys_lwmutex: *** lwmutex created [_lc_mtx] (attribute=0x12): sq_id = 17
HLE: W {PPU[1] Thread (CPUThread)[0x02a06058]} sys_lwmutex warning: sys_lwmutex_create(lwmutex_addr=0x30100190, attr_addr=0xb31d28)
HLE: ! {PPU[1] Thread (CPUThread)[0x02a06058]} sys_lwmutex: *** lwmutex created [_lc_mtx] (attribute=0x12): sq_id = 18
HLE: W {PPU[1] Thread (CPUThread)[0x02a06058]} sys_lwmutex warning: sys_lwmutex_create(lwmutex_addr=0x301001d0, attr_addr=0xb31d28)
HLE: ! {PPU[1] Thread (CPUThread)[0x02a06058]} sys_lwmutex: *** lwmutex created [_lc_mtx] (attribute=0x12): sq_id = 19
HLE: W {PPU[1] Thread (CPUThread)[0x02a06058]} sys_lwmutex warning: sys_lwmutex_create(lwmutex_addr=0x30100210, attr_addr=0xb31d28)
HLE: ! {PPU[1] Thread (CPUThread)[0x02a06058]} sys_lwmutex: *** lwmutex created [_lc_mtx] (attribute=0x12): sq_id = 20
HLE: W {PPU[1] Thread (CPUThread)[0x02a06058]} sys_lwmutex warning: sys_lwmutex_create(lwmutex_addr=0x301002d0, attr_addr=0xb31d28)
HLE: ! {PPU[1] Thread (CPUThread)[0x02a06058]} sys_lwmutex: *** lwmutex created [_lc_mtx] (attribute=0x12): sq_id = 21
HLE: W {PPU[1] Thread (CPUThread)[0x02a06058]} sys_lwmutex warning: sys_lwmutex_create(lwmutex_addr=0x30100300, attr_addr=0xb31d28)
HLE: ! {PPU[1] Thread (CPUThread)[0x02a06058]} sys_lwmutex: *** lwmutex created [_lc_mtx] (attribute=0x12): sq_id = 22
HLE: W {PPU[1] Thread (CPUThread)[0x02a06058]} sys_lwmutex warning: sys_lwmutex_create(lwmutex_addr=0x30100330, attr_addr=0xb31d28)
HLE: ! {PPU[1] Thread (CPUThread)[0x02a06058]} sys_lwmutex: *** lwmutex created [_lc_mtx] (attribute=0x12): sq_id = 23
HLE: W {PPU[1] Thread (CPUThread)[0x02a06058]} sys_lwmutex warning: sys_lwmutex_create(lwmutex_addr=0x30100360, attr_addr=0xb31d28)
HLE: ! {PPU[1] Thread (CPUThread)[0x02a06058]} sys_lwmutex: *** lwmutex created [_lc_mtx] (attribute=0x12): sq_id = 24
HLE: W {PPU[1] Thread (CPUThread)[0x02a06058]} sys_lwmutex warning: sys_lwmutex_create(lwmutex_addr=0x30100390, attr_addr=0xb31d28)
HLE: ! {PPU[1] Thread (CPUThread)[0x02a06058]} sys_lwmutex: *** lwmutex created [_lc_mtx] (attribute=0x12): sq_id = 25
HLE: W {PPU[1] Thread (CPUThread)[0x02a06058]} sys_lwmutex warning: sys_lwmutex_create(lwmutex_addr=0x301003c0, attr_addr=0xb31d28)
HLE: ! {PPU[1] Thread (CPUThread)[0x02a06058]} sys_lwmutex: *** lwmutex created [_lc_mtx] (attribute=0x12): sq_id = 26
HLE: W {PPU[1] Thread (CPUThread)[0x004899d4]} sys_mutex warning: *** mutex created [] (protocol=0x1, recursive=true): id = 27
HLE: W {PPU[1] Thread (CPUThread)[0x004899d4]} sys_mutex warning: *** mutex created [] (protocol=0x1, recursive=false): id = 28
HLE: W {PPU[1] Thread (CPUThread)[0x02a06058]} sys_lwmutex warning: sys_lwmutex_create(lwmutex_addr=0x263bbc0, attr_addr=0xd000fae0)
HLE: ! {PPU[1] Thread (CPUThread)[0x02a06058]} sys_lwmutex: *** lwmutex created [] (attribute=0x12): sq_id = 29
HLE: W {PPU[1] Thread (CPUThread)[0x004899d4]} sys_mutex warning: *** mutex created [] (protocol=0x1, recursive=true): id = 30
HLE: W {PPU[1] Thread (CPUThread)[0x004899d4]} sys_mutex warning: *** mutex created [] (protocol=0x1, recursive=true): id = 31
HLE: W {PPU[1] Thread (CPUThread)[0x009acb5c]} sys_time warning: sys_time_get_timezone(timezone_addr=0xd000fb20, summertime_addr=0xd000fb24)
HLE: W {PPU[1] Thread (CPUThread)[0x009acb5c]} cellSysutil warning: cellSysutilGetSystemParamInt: CELL_SYSUTIL_SYSTEMPARAM_ID_TIMEZONE
HLE: W {PPU[1] Thread (CPUThread)[0x009acb5c]} cellSysutil warning: cellSysutilGetSystemParamInt: CELL_SYSUTIL_SYSTEMPARAM_ID_SUMMERTIME
HLE: W {PPU[1] Thread (CPUThread)[0x009b4360]} sys_time warning: sys_time_get_timezone(timezone_addr=0xd000fa70, summertime_addr=0xd000fa74)
HLE: W {PPU[1] Thread (CPUThread)[0x009b4360]} cellSysutil warning: cellSysutilGetSystemParamInt: CELL_SYSUTIL_SYSTEMPARAM_ID_TIMEZONE
HLE: W {PPU[1] Thread (CPUThread)[0x009b4360]} cellSysutil warning: cellSysutilGetSystemParamInt: CELL_SYSUTIL_SYSTEMPARAM_ID_SUMMERTIME
HLE: W {PPU[1] Thread (CPUThread)[0x009ae5cc]} sys_time warning: sys_time_get_timezone(timezone_addr=0xd000fb20, summertime_addr=0xd000fb24)
HLE: W {PPU[1] Thread (CPUThread)[0x009ae5cc]} cellSysutil warning: cellSysutilGetSystemParamInt: CELL_SYSUTIL_SYSTEMPARAM_ID_TIMEZONE
HLE: W {PPU[1] Thread (CPUThread)[0x009ae5cc]} cellSysutil warning: cellSysutilGetSystemParamInt: CELL_SYSUTIL_SYSTEMPARAM_ID_SUMMERTIME
HLE: W {PPU[1] Thread (CPUThread)[0x009b4360]} sys_time warning: sys_time_get_timezone(timezone_addr=0xd000fa70, summertime_addr=0xd000fa74)
HLE: W {PPU[1] Thread (CPUThread)[0x009b4360]} cellSysutil warning: cellSysutilGetSystemParamInt: CELL_SYSUTIL_SYSTEMPARAM_ID_TIMEZONE
HLE: W {PPU[1] Thread (CPUThread)[0x009b4360]} cellSysutil warning: cellSysutilGetSystemParamInt: CELL_SYSUTIL_SYSTEMPARAM_ID_SUMMERTIME
HLE: W {PPU[1] Thread (CPUThread)[0x009acb08]} sys_time warning: sys_time_get_timezone(timezone_addr=0xd000fb20, summertime_addr=0xd000fb24)
HLE: W {PPU[1] Thread (CPUThread)[0x009acb08]} cellSysutil warning: cellSysutilGetSystemParamInt: CELL_SYSUTIL_SYSTEMPARAM_ID_TIMEZONE
HLE: W {PPU[1] Thread (CPUThread)[0x009acb08]} cellSysutil warning: cellSysutilGetSystemParamInt: CELL_SYSUTIL_SYSTEMPARAM_ID_SUMMERTIME
HLE: W {PPU[1] Thread (CPUThread)[0x009ae5cc]} sys_time warning: sys_time_get_timezone(timezone_addr=0xd000fb20, summertime_addr=0xd000fb24)
HLE: W {PPU[1] Thread (CPUThread)[0x009ae5cc]} cellSysutil warning: cellSysutilGetSystemParamInt: CELL_SYSUTIL_SYSTEMPARAM_ID_TIMEZONE
HLE: W {PPU[1] Thread (CPUThread)[0x009ae5cc]} cellSysutil warning: cellSysutilGetSystemParamInt: CELL_SYSUTIL_SYSTEMPARAM_ID_SUMMERTIME
HLE: W {PPU[1] Thread (CPUThread)[0x02a06058]} sys_lwmutex warning: sys_lwmutex_create(lwmutex_addr=0x2639f60, attr_addr=0xd000fb50)
HLE: ! {PPU[1] Thread (CPUThread)[0x02a06058]} sys_lwmutex: *** lwmutex created [ps3HDDL] (attribute=0x12): sq_id = 32
HLE: W {PPU[1] Thread (CPUThread)[0x02a06058]} sys_lwmutex warning: sys_lwmutex_create(lwmutex_addr=0xcef360, attr_addr=0xd000fbd0)
HLE: ! {PPU[1] Thread (CPUThread)[0x02a06058]} sys_lwmutex: *** lwmutex created [] (attribute=0x22): sq_id = 33
HLE: W {PPU[1] Thread (CPUThread)[0x02a06058]} sys_lwmutex warning: sys_lwmutex_create(lwmutex_addr=0x2626e48, attr_addr=0xd000fb80)
HLE: ! {PPU[1] Thread (CPUThread)[0x02a06058]} sys_lwmutex: *** lwmutex created [] (attribute=0x12): sq_id = 34
HLE: W {PPU[1] Thread (CPUThread)[0x004899d4]} sys_mutex warning: *** mutex created [] (protocol=0x1, recursive=true): id = 35
HLE: W {PPU[1] Thread (CPUThread)[0x004899d4]} sys_mutex warning: *** mutex created [] (protocol=0x1, recursive=true): id = 36
HLE: W {PPU[1] Thread (CPUThread)[0x004899d4]} sys_mutex warning: *** mutex created [] (protocol=0x1, recursive=true): id = 37
HLE: W {PPU[1] Thread (CPUThread)[0x004899d4]} sys_mutex warning: *** mutex created [] (protocol=0x1, recursive=true): id = 38
HLE: W {PPU[1] Thread (CPUThread)[0x02a06058]} sys_lwmutex warning: sys_lwmutex_create(lwmutex_addr=0x2428fb8, attr_addr=0xd000fb60)
HLE: ! {PPU[1] Thread (CPUThread)[0x02a06058]} sys_lwmutex: *** lwmutex created [] (attribute=0x12): sq_id = 39
HLE: W {PPU[1] Thread (CPUThread)[0x004899d4]} sys_mutex warning: *** mutex created [] (protocol=0x1, recursive=true): id = 40
HLE: W {PPU[1] Thread (CPUThread)[0x004899d4]} sys_mutex warning: *** mutex created [] (protocol=0x1, recursive=true): id = 41
HLE: W {PPU[1] Thread (CPUThread)[0x004899d4]} sys_mutex warning: *** mutex created [] (protocol=0x1, recursive=true): id = 42
HLE: W {PPU[1] Thread (CPUThread)[0x004899d4]} sys_mutex warning: *** mutex created [] (protocol=0x1, recursive=true): id = 43
HLE: W {PPU[1] Thread (CPUThread)[0x004899d4]} sys_mutex warning: *** mutex created [] (protocol=0x1, recursive=true): id = 44
HLE: W {PPU[1] Thread (CPUThread)[0x004899d4]} sys_mutex warning: *** mutex created [] (protocol=0x1, recursive=true): id = 45
HLE: W {PPU[1] Thread (CPUThread)[0x004899d4]} sys_mutex warning: *** mutex created [] (protocol=0x1, recursive=true): id = 46
HLE: W {PPU[1] Thread (CPUThread)[0x004899d4]} sys_mutex warning: *** mutex created [] (protocol=0x1, recursive=true): id = 47
HLE: W {PPU[1] Thread (CPUThread)[0x004899d4]} sys_mutex warning: *** mutex created [] (protocol=0x1, recursive=true): id = 48
HLE: W {PPU[1] Thread (CPUThread)[0x004899d4]} sys_mutex warning: *** mutex created [] (protocol=0x1, recursive=true): id = 49
HLE: W {PPU[1] Thread (CPUThread)[0x004899d4]} sys_mutex warning: *** mutex created [] (protocol=0x1, recursive=true): id = 50
HLE: W {PPU[1] Thread (CPUThread)[0x004899d4]} sys_mutex warning: *** mutex created [] (protocol=0x1, recursive=true): id = 51
HLE: W {PPU[1] Thread (CPUThread)[0x004899d4]} sys_mutex warning: *** mutex created [] (protocol=0x1, recursive=true): id = 52
HLE: W {PPU[1] Thread (CPUThread)[0x004899d4]} sys_mutex warning: *** mutex created [] (protocol=0x1, recursive=true): id = 53
HLE: W {PPU[1] Thread (CPUThread)[0x004899d4]} sys_mutex warning: *** mutex created [] (protocol=0x1, recursive=true): id = 54
HLE: W {PPU[1] Thread (CPUThread)[0x004899d4]} sys_mutex warning: *** mutex created [] (protocol=0x1, recursive=true): id = 55
HLE: W {PPU[1] Thread (CPUThread)[0x004899d4]} sys_mutex warning: *** mutex created [] (protocol=0x1, recursive=true): id = 56
HLE: W {PPU[1] Thread (CPUThread)[0x004899d4]} sys_mutex warning: *** mutex created [] (protocol=0x1, recursive=true): id = 57
HLE: W {PPU[1] Thread (CPUThread)[0x004899d4]} sys_mutex warning: *** mutex created [] (protocol=0x1, recursive=true): id = 58
HLE: W {PPU[1] Thread (CPUThread)[0x004899d4]} sys_mutex warning: *** mutex created [] (protocol=0x1, recursive=true): id = 59
HLE: W {PPU[1] Thread (CPUThread)[0x002b2844]} sys_event_flag warning: sys_event_flag_create(eflag_id_addr=0x2624d30, attr_addr=0xd000fb30, init=0x0)
HLE: W {PPU[1] Thread (CPUThread)[0x002b2844]} sys_event_flag warning: *** event_flag created [] (protocol=0x2, type=0x20000): id = 60
HLE: W {PPU[1] Thread (CPUThread)[0x004899d4]} sys_mutex warning: *** mutex created [] (protocol=0x1, recursive=true): id = 61
HLE: W {PPU[1] Thread (CPUThread)[0x004899d4]} sys_mutex warning: *** mutex created [] (protocol=0x1, recursive=true): id = 62
HLE: W {PPU[1] Thread (CPUThread)[0x004899d4]} sys_mutex warning: *** mutex created [] (protocol=0x1, recursive=true): id = 63
HLE: W {PPU[1] Thread (CPUThread)[0x004899d4]} sys_mutex warning: *** mutex created [] (protocol=0x1, recursive=true): id = 64
HLE: W {PPU[1] Thread (CPUThread)[0x004899d4]} sys_mutex warning: *** mutex created [] (protocol=0x1, recursive=true): id = 65
HLE: W {PPU[1] Thread (CPUThread)[0x004899d4]} sys_mutex warning: *** mutex created [] (protocol=0x1, recursive=true): id = 66
HLE: W {PPU[1] Thread (CPUThread)[0x004899d4]} sys_mutex warning: *** mutex created [] (protocol=0x1, recursive=true): id = 67
HLE: W {PPU[1] Thread (CPUThread)[0x004899d4]} sys_mutex warning: *** mutex created [] (protocol=0x1, recursive=true): id = 68
HLE: W {PPU[1] Thread (CPUThread)[0x004899d4]} sys_mutex warning: *** mutex created [] (protocol=0x1, recursive=true): id = 69
HLE: W {PPU[1] Thread (CPUThread)[0x004899d4]} sys_mutex warning: *** mutex created [] (protocol=0x1, recursive=true): id = 70
HLE: W {PPU[1] Thread (CPUThread)[0x004899d4]} sys_mutex warning: *** mutex created [] (protocol=0x1, recursive=true): id = 71
HLE: W {PPU[1] Thread (CPUThread)[0x029f4010]} cellSysmodule warning: cellSysmoduleLoadModule(CELL_SYSMODULE_SPURS)
HLE: W {PPU[1] Thread (CPUThread)[0x029f4010]} cellSysmodule warning: cellSysmoduleLoadModule(CELL_SYSMODULE_RTC)
HLE: W {PPU[1] Thread (CPUThread)[0x029f4010]} cellSysmodule warning: cellSysmoduleLoadModule(CELL_SYSMODULE_SYSUTIL_NP)
HLE: W {PPU[1] Thread (CPUThread)[0x029f4010]} cellSysmodule warning: cellSysmoduleLoadModule(CELL_SYSMODULE_SYSUTIL_USERINFO)
HLE: W {PPU[1] Thread (CPUThread)[0x029f4010]} cellSysmodule warning: cellSysmoduleLoadModule(CELL_SYSMODULE_SYSUTIL_NP_TUS)
HLE: W {PPU[1] Thread (CPUThread)[0x029f4010]} cellSysmodule warning: cellSysmoduleLoadModule(CELL_SYSMODULE_PAMF)
HLE: W {PPU[1] Thread (CPUThread)[0x029f4010]} cellSysmodule warning: cellSysmoduleLoadModule(CELL_SYSMODULE_SAIL)
HLE: W {PPU[1] Thread (CPUThread)[0x029f4010]} cellSysmodule warning: cellSysmoduleLoadModule(CELL_SYSMODULE_HTTP)
HLE: W {PPU[1] Thread (CPUThread)[0x029f4010]} cellSysmodule warning: cellSysmoduleLoadModule(CELL_SYSMODULE_HTTP_UTIL)
HLE: W {PPU[1] Thread (CPUThread)[0x029f4010]} cellSysmodule warning: cellSysmoduleLoadModule(CELL_SYSMODULE_HTTPS)
HLE: W {PPU[1] Thread (CPUThread)[0x029f4010]} cellSysmodule warning: cellSysmoduleLoadModule(CELL_SYSMODULE_NET)
HLE: W {PPU[1] Thread (CPUThread)[0x029f4010]} cellSysmodule warning: cellSysmoduleLoadModule(CELL_SYSMODULE_SYSUTIL_NP_COMMERCE2)
HLE: W {PPU[1] Thread (CPUThread)[0x029f4010]} cellSysmodule warning: cellSysmoduleLoadModule(CELL_SYSMODULE_SYSUTIL_GAME)
HLE: W {PPU[1] Thread (CPUThread)[0x02a06058]} sys_lwmutex warning: sys_lwmutex_create(lwmutex_addr=0x3011d528, attr_addr=0xd000f8b0)
HLE: ! {PPU[1] Thread (CPUThread)[0x02a06058]} sys_lwmutex: *** lwmutex created [] (attribute=0x12): sq_id = 72
HLE: W {PPU[1] Thread (CPUThread)[0x00059894]} sys_spu warning: sys_spu_initialize(max_usable_spu=6, max_raw_spu=0)
HLE: W {PPU[1] Thread (CPUThread)[0x02a060f4]} sys_ppu_thread warning: sys_ppu_thread_once(once_ctrl_addr=0x29a94c4, init_addr=0xc9cdf8)
HLE: W {PPU[1] Thread (CPUThread)[0x02a06058]} sys_lwmutex warning: sys_lwmutex_create(lwmutex_addr=0x29a9090, attr_addr=0xd000f800)
HLE: ! {PPU[1] Thread (CPUThread)[0x02a06058]} sys_lwmutex: *** lwmutex created [_lc_spf] (attribute=0x22): sq_id = 73
HLE: W {PPU[1] Thread (CPUThread)[0x009b7aac]} sys_event warning: sys_event_queue_create(equeue_id_addr=0x29a90ac, attr_addr=0xd000f880, event_queue_key=0x0, size=127)
HLE: W {PPU[1] Thread (CPUThread)[0x009b7aac]} sys_event warning: *** event_queue created [_lc_spf] (protocol=0x2, type=0x1, key=0x0, size=0x7f): id = 74
HLE: W {PPU[1] Thread (CPUThread)[0x009b7ad0]} sys_event warning: sys_event_port_create(eport_id_addr=0x29a90b0, port_type=0x1, name=0xffffffff0000dead)
HLE: W {PPU[1] Thread (CPUThread)[0x009b7ad0]} sys_event warning: *** sys_event_port created: id = 75
HLE: W {PPU[1] Thread (CPUThread)[0x009b7aec]} sys_event warning: sys_event_port_connect_local(eport_id=75, equeue_id=74)
HLE: ! {PPU[1] Thread (CPUThread)[0x02a06028]} sys_ppu_thread: *** New PPU Thread [_SPU_printf_server] (joinable, entry=0xc9cdf0): id = 76
HLE: W {PPU[1] Thread (CPUThread)[0x02a06094]} sysPrxForUser warning: _sys_spu_printf_initialize(agcb_addr=0xc9cde0, dgcb_addr=0xc9cdd8, atcb_addr=0xc9cdd0, dtcb_addr=0xc9cdc8)
HLE: W {PPU[1] Thread (CPUThread)[0x029e0094]} cellSpurs warning: _cellSpursAttributeInitialize(attr_addr=0xd000f958, revision=2, sdkVersion=0x330000, nSpus=5, spuPriority=250, ppuPriority=78, exitIfNoWork=0)
HLE: W {PPU[1] Thread (CPUThread)[0x029e00c4]} cellSpurs warning: cellSpursAttributeSetSpuThreadGroupType(attr_addr=0xd000f958, type=24)
HLE: W {PPU[1] Thread (CPUThread)[0x029e0004]} cellSpurs warning: cellSpursAttributeSetNamePrefix(attr_addr=0xd000f958, prefix_addr=0xd000f950, size=5)
HLE: W {PPU[1] Thread (CPUThread)[0x029e0010]} cellSpurs warning: cellSpursAttributeEnableSpuPrintfIfAvailable(attr_addr=0xd000f958)
HLE: W {PPU[1] Thread (CPUThread)[0x029e00d0]} cellSpurs warning: cellSpursInitializeWithAttribute(spurs_addr=0x30115100, attr_addr=0xd000f958)
HLE: ! {PPU[1] Thread (CPUThread)[0x029e00d0]} sys_semaphore: *** semaphore created [_spuWkl] (protocol=0x2): id = 77
HLE: ! {PPU[1] Thread (CPUThread)[0x029e00d0]} sys_semaphore: *** semaphore created [_spuWkl] (protocol=0x2): id = 78
HLE: ! {PPU[1] Thread (CPUThread)[0x029e00d0]} sys_semaphore: *** semaphore created [_spuWkl] (protocol=0x2): id = 79
HLE: ! {PPU[1] Thread (CPUThread)[0x029e00d0]} sys_semaphore: *** semaphore created [_spuWkl] (protocol=0x2): id = 80
HLE: ! {PPU[1] Thread (CPUThread)[0x029e00d0]} sys_semaphore: *** semaphore created [_spuWkl] (protocol=0x2): id = 81
HLE: ! {PPU[1] Thread (CPUThread)[0x029e00d0]} sys_semaphore: *** semaphore created [_spuWkl] (protocol=0x2): id = 82
HLE: ! {PPU[1] Thread (CPUThread)[0x029e00d0]} sys_semaphore: *** semaphore created [_spuWkl] (protocol=0x2): id = 83
HLE: ! {PPU[1] Thread (CPUThread)[0x029e00d0]} sys_semaphore: *** semaphore created [_spuWkl] (protocol=0x2): id = 84
HLE: ! {PPU[1] Thread (CPUThread)[0x029e00d0]} sys_semaphore: *** semaphore created [_spuWkl] (protocol=0x2): id = 85
HLE: ! {PPU[1] Thread (CPUThread)[0x029e00d0]} sys_semaphore: *** semaphore created [_spuWkl] (protocol=0x2): id = 86
HLE: ! {PPU[1] Thread (CPUThread)[0x029e00d0]} sys_semaphore: *** semaphore created [_spuWkl] (protocol=0x2): id = 87
HLE: ! {PPU[1] Thread (CPUThread)[0x029e00d0]} sys_semaphore: *** semaphore created [_spuWkl] (protocol=0x2): id = 88
HLE: ! {PPU[1] Thread (CPUThread)[0x029e00d0]} sys_semaphore: *** semaphore created [_spuWkl] (protocol=0x2): id = 89
HLE: ! {PPU[1] Thread (CPUThread)[0x029e00d0]} sys_semaphore: *** semaphore created [_spuWkl] (protocol=0x2): id = 90
HLE: ! {PPU[1] Thread (CPUThread)[0x029e00d0]} sys_semaphore: *** semaphore created [_spuWkl] (protocol=0x2): id = 91
HLE: ! {PPU[1] Thread (CPUThread)[0x029e00d0]} sys_semaphore: *** semaphore created [_spuWkl] (protocol=0x2): id = 92
HLE: ! {PPU[1] Thread (CPUThread)[0x029e00d0]} sys_semaphore: *** semaphore created [_spuPrv] (protocol=0x2): id = 93
HLE: E {PPU[1] Thread (CPUThread)[0x029e00d0]} sys_spu TODO: Unsupported SPU Thread Group type (0x18)
HLE: ! {PPU[1] Thread (CPUThread)[0x029e00d0]} sys_spu: *** SPU Thread Group created [Main] (num=5, prio=250, type=0x18, container=0): id=94
HLE: E {PPU[1] Thread (CPUThread)[0x029e00d0]} sys_spu TODO: Unsupported SPU Thread options (0x2)
HLE: W {PPU[1] Thread (CPUThread)[0x029e00d0]} sys_spu warning: *** New SPU Thread [Main] (ep=0x0, opt=0x2, a1=0x0, a2=0x0, a3=0x0, a4=0x0): id=95
HLE: E {PPU[1] Thread (CPUThread)[0x029e00d0]} sys_spu TODO: Unsupported SPU Thread options (0x2)
HLE: W {PPU[1] Thread (CPUThread)[0x029e00d0]} sys_spu warning: *** New SPU Thread [Main] (ep=0x0, opt=0x2, a1=0x0, a2=0x0, a3=0x0, a4=0x0): id=96
HLE: E {PPU[1] Thread (CPUThread)[0x029e00d0]} sys_spu TODO: Unsupported SPU Thread options (0x2)
HLE: W {PPU[1] Thread (CPUThread)[0x029e00d0]} sys_spu warning: *** New SPU Thread [Main] (ep=0x0, opt=0x2, a1=0x0, a2=0x0, a3=0x0, a4=0x0): id=97
HLE: E {PPU[1] Thread (CPUThread)[0x029e00d0]} sys_spu TODO: Unsupported SPU Thread options (0x2)
HLE: W {PPU[1] Thread (CPUThread)[0x029e00d0]} sys_spu warning: *** New SPU Thread [Main] (ep=0x0, opt=0x2, a1=0x0, a2=0x0, a3=0x0, a4=0x0): id=98
HLE: E {PPU[1] Thread (CPUThread)[0x029e00d0]} sys_spu TODO: Unsupported SPU Thread options (0x2)
HLE: W {PPU[1] Thread (CPUThread)[0x029e00d0]} sys_spu warning: *** New SPU Thread [Main] (ep=0x0, opt=0x2, a1=0x0, a2=0x0, a3=0x0, a4=0x0): id=99
HLE: W {PPU[1] Thread (CPUThread)[0x009b76b8]} sys_spu warning: sys_spu_thread_group_connect_event_all_threads(id=94, eq_id=74, req=0x2, spup_addr=0xd000f890)
HLE: W {PPU[1] Thread (CPUThread)[0x009b76b8]} sys_spu warning: *** spup -> 1
HLE: ! {PPU[1] Thread (CPUThread)[0x029e00d0]} sys_lwmutex: *** lwmutex created [_spuPrv] (attribute=0x22): sq_id = 100
HLE: W {PPU[1] Thread (CPUThread)[0x029e00d0]} sys_lwcond warning: *** lwcond created [_spuPrv] (lwmutex_addr=0x30115eb0): id = 101
HLE: W {PPU[1] Thread (CPUThread)[0x029e00d0]} sys_event warning: *** event_queue created [_spuPrv] (protocol=0x1, type=0x1, key=0x0, size=0x2a): id = 102
HLE: W {PPU[1] Thread (CPUThread)[0x029e00d0]} sys_spu warning: sys_spu_thread_group_connect_event_all_threads(id=94, eq_id=102, req=0xffffffffffff0000, spup_addr=0x301151c9)
HLE: W {PPU[1] Thread (CPUThread)[0x029e00d0]} sys_spu warning: *** spup -> 16
HLE: W {PPU[1] Thread (CPUThread)[0x029e00d0]} sys_event warning: *** sys_event_port created: id = 103
HLE: W {PPU[1] Thread (CPUThread)[0x029e00d0]} sys_event warning: sys_event_port_connect_local(eport_id=103, equeue_id=102)
HLE: ! {PPU[1] Thread (CPUThread)[0x029e00d0]} sys_ppu_thread: *** New PPU Thread [Main] (joinable, entry=0x0): id = 104
HLE: ! {PPU[1] Thread (CPUThread)[0x029e00d0]} sys_ppu_thread: *** New PPU Thread [Main] (joinable, entry=0x0): id = 105
HLE: E {PPU[1] Thread (CPUThread)[0x029e00d0]} sys_spu TODO: sys_spu_thread_group_connect_event(id=94, eq=102, et=0x2)
HLE: W {PPU[1] Thread (CPUThread)[0x029e0094]} cellSpurs warning: _cellSpursAttributeInitialize(attr_addr=0xd000f958, revision=2, sdkVersion=0x330000, nSpus=1, spuPriority=249, ppuPriority=78, exitIfNoWork=0)
HLE: W {PPU[1] Thread (CPUThread)[0x029e0004]} cellSpurs warning: cellSpursAttributeSetNamePrefix(attr_addr=0xd000f958, prefix_addr=0xd000f950, size=7)
HLE: W {PPU[1] Thread (CPUThread)[0x029e0010]} cellSpurs warning: cellSpursAttributeEnableSpuPrintfIfAvailable(attr_addr=0xd000f958)
HLE: W {PPU[1] Thread (CPUThread)[0x029e00d0]} cellSpurs warning: cellSpursInitializeWithAttribute(spurs_addr=0x30116100, attr_addr=0xd000f958)
HLE: ! {PPU[1] Thread (CPUThread)[0x029e00d0]} sys_semaphore: *** semaphore created [_spuWkl] (protocol=0x2): id = 106
HLE: ! {PPU[1] Thread (CPUThread)[0x029e00d0]} sys_semaphore: *** semaphore created [_spuWkl] (protocol=0x2): id = 107
HLE: ! {PPU[1] Thread (CPUThread)[0x029e00d0]} sys_semaphore: *** semaphore created [_spuWkl] (protocol=0x2): id = 108
HLE: ! {PPU[1] Thread (CPUThread)[0x029e00d0]} sys_semaphore: *** semaphore created [_spuWkl] (protocol=0x2): id = 109
HLE: ! {PPU[1] Thread (CPUThread)[0x029e00d0]} sys_semaphore: *** semaphore created [_spuWkl] (protocol=0x2): id = 110
HLE: ! {PPU[1] Thread (CPUThread)[0x029e00d0]} sys_semaphore: *** semaphore created [_spuWkl] (protocol=0x2): id = 111
HLE: ! {PPU[1] Thread (CPUThread)[0x029e00d0]} sys_semaphore: *** semaphore created [_spuWkl] (protocol=0x2): id = 112
HLE: ! {PPU[1] Thread (CPUThread)[0x029e00d0]} sys_semaphore: *** semaphore created [_spuWkl] (protocol=0x2): id = 113
HLE: ! {PPU[1] Thread (CPUThread)[0x029e00d0]} sys_semaphore: *** semaphore created [_spuWkl] (protocol=0x2): id = 114
HLE: ! {PPU[1] Thread (CPUThread)[0x029e00d0]} sys_semaphore: *** semaphore created [_spuWkl] (protocol=0x2): id = 115
HLE: ! {PPU[1] Thread (CPUThread)[0x029e00d0]} sys_semaphore: *** semaphore created [_spuWkl] (protocol=0x2): id = 116
HLE: ! {PPU[1] Thread (CPUThread)[0x029e00d0]} sys_semaphore: *** semaphore created [_spuWkl] (protocol=0x2): id = 117
HLE: ! {PPU[1] Thread (CPUThread)[0x029e00d0]} sys_semaphore: *** semaphore created [_spuWkl] (protocol=0x2): id = 118
HLE: ! {PPU[1] Thread (CPUThread)[0x029e00d0]} sys_semaphore: *** semaphore created [_spuWkl] (protocol=0x2): id = 119
HLE: ! {PPU[1] Thread (CPUThread)[0x029e00d0]} sys_semaphore: *** semaphore created [_spuWkl] (protocol=0x2): id = 120
HLE: ! {PPU[1] Thread (CPUThread)[0x029e00d0]} sys_semaphore: *** semaphore created [_spuWkl] (protocol=0x2): id = 121
HLE: ! {PPU[1] Thread (CPUThread)[0x029e00d0]} sys_semaphore: *** semaphore created [_spuPrv] (protocol=0x2): id = 122
HLE: ! {PPU[1] Thread (CPUThread)[0x029e00d0]} sys_spu: *** SPU Thread Group created [SCREAM] (num=1, prio=249, type=0x0, container=0): id=123
HLE: E {PPU[1] Thread (CPUThread)[0x029e00d0]} sys_spu TODO: Unsupported SPU Thread options (0x2)
HLE: W {PPU[1] Thread (CPUThread)[0x029e00d0]} sys_spu warning: *** New SPU Thread [SCREAM] (ep=0x0, opt=0x2, a1=0x0, a2=0x0, a3=0x0, a4=0x0): id=124
HLE: W {PPU[1] Thread (CPUThread)[0x009b76b8]} sys_spu warning: sys_spu_thread_group_connect_event_all_threads(id=123, eq_id=74, req=0x2, spup_addr=0xd000f890)
HLE: W {PPU[1] Thread (CPUThread)[0x009b76b8]} sys_spu warning: *** spup -> 1
HLE: ! {PPU[1] Thread (CPUThread)[0x029e00d0]} sys_lwmutex: *** lwmutex created [_spuPrv] (attribute=0x22): sq_id = 125
HLE: W {PPU[1] Thread (CPUThread)[0x029e00d0]} sys_lwcond warning: *** lwcond created [_spuPrv] (lwmutex_addr=0x30116eb0): id = 126
HLE: W {PPU[1] Thread (CPUThread)[0x029e00d0]} sys_event warning: *** event_queue created [_spuPrv] (protocol=0x1, type=0x1, key=0x0, size=0x2a): id = 127
HLE: W {PPU[1] Thread (CPUThread)[0x029e00d0]} sys_spu warning: sys_spu_thread_group_connect_event_all_threads(id=123, eq_id=127, req=0xffffffffffff0000, spup_addr=0x301161c9)
HLE: W {PPU[1] Thread (CPUThread)[0x029e00d0]} sys_spu warning: *** spup -> 16
HLE: W {PPU[1] Thread (CPUThread)[0x029e00d0]} sys_event warning: *** sys_event_port created: id = 128
HLE: W {PPU[1] Thread (CPUThread)[0x029e00d0]} sys_event warning: sys_event_port_connect_local(eport_id=128, equeue_id=127)
HLE: ! {PPU[1] Thread (CPUThread)[0x029e00d0]} sys_ppu_thread: *** New PPU Thread [SCREAM] (joinable, entry=0x0): id = 129
HLE: ! {PPU[1] Thread (CPUThread)[0x029e00d0]} sys_ppu_thread: *** New PPU Thread [SCREAM] (joinable, entry=0x0): id = 130
HLE: E {PPU[1] Thread (CPUThread)[0x029e00d0]} sys_spu TODO: sys_spu_thread_group_connect_event(id=123, eq=127, et=0x2)
HLE: W {PPU[1] Thread (CPUThread)[0x029e0058]} cellSpurs warning: cellSpursCreateTaskset(spurs_addr=0x30115100, taskset_addr=0x30117100, args=0x0, priority_addr=0xd000f950, maxContention=1)
HLE: W {PPU[1] Thread (CPUThread)[0x029e0058]} cellSpurs warning: cellSpursCreateTaskset(spurs_addr=0x30115100, taskset_addr=0x30118a00, args=0x0, priority_addr=0xd000f950, maxContention=1)
HLE: W {PPU[1] Thread (CPUThread)[0x029e0058]} cellSpurs warning: cellSpursCreateTaskset(spurs_addr=0x30115100, taskset_addr=0x3011a300, args=0x0, priority_addr=0xd000f950, maxContention=1)
HLE: W {PPU[1] Thread (CPUThread)[0x029e0058]} cellSpurs warning: cellSpursCreateTaskset(spurs_addr=0x30115100, taskset_addr=0x3011bc00, args=0x0, priority_addr=0xd000f950, maxContention=1)
HLE: W {PPU[1] Thread (CPUThread)[0x029f4010]} cellSysmodule warning: cellSysmoduleLoadModule(CELL_SYSMODULE_SPURS_JQ)
HLE: E {PPU[1] Thread (CPUThread)[0x029e2028]} cellSpursJq TODO: cellSpursJobQueueAttributeInitialize
HLE: E {PPU[1] Thread (CPUThread)[0x029e2070]} cellSpursJq TODO: cellSpursJobQueueAttributeSetGrabParameters
HLE: E {PPU[1] Thread (CPUThread)[0x029e201c]} cellSpursJq TODO: cellSpursJobQueueAttributeSetMaxSizeJobDescriptor
HLE: E {PPU[1] Thread (CPUThread)[0x029e2010]} cellSpursJq TODO: cellSpursJobQueueAttributeSetSubmitWithEntryLock
HLE: E {PPU[1] Thread (CPUThread)[0x029e2004]} cellSpursJq TODO: cellSpursJobQueueAttributeSetDoBusyWaiting
HLE: E {PPU[1] Thread (CPUThread)[0x029e20a0]} cellSpursJq TODO: cellSpursJobQueueAttributeSetIsHaltOnError
HLE: E {PPU[1] Thread (CPUThread)[0x029e2034]} cellSpursJq TODO: cellSpursJobQueueAttributeSetIsJobTypeMemoryCheck
HLE: E {PPU[1] Thread (CPUThread)[0x029e2088]} cellSpursJq TODO: _cellSpursCreateJobQueue
HLE: E {PPU[1] Thread (CPUThread)[0x029e207c]} cellSpursJq TODO: cellSpursJobQueuePort2Create
HLE: W {PPU[1] Thread (CPUThread)[0x00c4d058]} cellGame warning: cellGameBootCheck(type_addr=0x2274bb4, attributes_addr=0x2274bb0, size_addr=0x2274bb8, dirName_addr=0x2274bd4)
HLE: W {PPU[1] Thread (CPUThread)[0x00c4d004]} cellGame warning: cellGameGetParamString(id=0, buf_addr=0xd000f1a0, bufsize=512)
HLE: W {PPU[1] Thread (CPUThread)[0x00c4d004]} cellGame warning: cellGameGetParamString(id=100, buf_addr=0xd000f1a0, bufsize=512)
HLE: W {PPU[1] Thread (CPUThread)[0x00c4d004]} cellGame warning: cellGameGetParamString(id=106, buf_addr=0xd000f1a0, bufsize=512)
HLE: W {PPU[1] Thread (CPUThread)[0x00c4d034]} cellGame warning: cellGameGetParamInt(id=102, value_addr=0x2274f54)
HLE: W {PPU[1] Thread (CPUThread)[0x00c4d01c]} cellGame warning: cellGameContentPermit(contentInfoPath_addr=0x2274c54, usrdirPath_addr=0x2274bd4)
HLE: W {PPU[1] Thread (CPUThread)[0x00c4d040]} cellGame warning: cellGamePatchCheck(size_addr=0x2274bc4, reserved_addr=0x0)
HLE: W {PPU[1] Thread (CPUThread)[0x00c4d01c]} cellGame warning: cellGameContentPermit(contentInfoPath_addr=0x2274c54, usrdirPath_addr=0x2274ed4)
HLE: W {PPU[1] Thread (CPUThread)[0x00c4d04c]} cellGame warning: cellGameDataCheck(type=0x3, dirName_addr=0xb33bf0, size_addr=0xd000f440)
HLE: W {PPU[1] Thread (CPUThread)[0x00c4d04c]} cellGame warning: cellGameDataCheck(): '/dev_hdd0/game/BCES01436' directory not found
HLE: W {PPU[1] Thread (CPUThread)[0x00c4d01c]} cellGame warning: cellGameContentPermit(contentInfoPath_addr=0xd000f450, usrdirPath_addr=0x2274e54)
HLE: W {PPU[1] Thread (CPUThread)[0x00c4d01c]} cellGame warning: cellGameContentPermit(): CELL_GAME_ERROR_FAILURE (no permission given)
HLE: W {PPU[1] Thread (CPUThread)[0x029f4010]} cellSysmodule warning: cellSysmoduleLoadModule(CELL_SYSMODULE_IO)
HLE: W {PPU[1] Thread (CPUThread)[0x029f4010]} cellSysmodule warning: cellSysmoduleLoadModule(CELL_SYSMODULE_FS)
HLE: W {PPU[1] Thread (CPUThread)[0x02a06058]} sys_lwmutex warning: sys_lwmutex_create(lwmutex_addr=0x11f0590, attr_addr=0xd000f350)
HLE: ! {PPU[1] Thread (CPUThread)[0x02a06058]} sys_lwmutex: *** lwmutex created [opWait] (attribute=0x12): sq_id = 131
HLE: W {PPU[1] Thread (CPUThread)[0x02a06148]} sys_lwcond warning: *** lwcond created [opWait] (lwmutex_addr=0x11f0590): id = 132
HLE: W {PPU[1] Thread (CPUThread)[0x02a06058]} sys_lwmutex warning: sys_lwmutex_create(lwmutex_addr=0x11f05d0, attr_addr=0xd000f2e0)
HLE: ! {PPU[1] Thread (CPUThread)[0x02a06058]} sys_lwmutex: *** lwmutex created [s_media] (attribute=0x12): sq_id = 133
TTY: FIOS 1.3.5 initialized
HLE: W {PPU[1] Thread (CPUThread)[0x00c4901c]} cellSysutil warning: cellSysCacheMount(param_addr=0x2274714)
HLE: W {PPU[1] Thread (CPUThread)[0x02a06058]} sys_lwmutex warning: sys_lwmutex_create(lwmutex_addr=0x30130ec0, attr_addr=0xd000f360)
HLE: ! {PPU[1] Thread (CPUThread)[0x02a06058]} sys_lwmutex: *** lwmutex created [media.m] (attribute=0x12): sq_id = 134
HLE: W {PPU[1] Thread (CPUThread)[0x02a06058]} sys_lwmutex warning: sys_lwmutex_create(lwmutex_addr=0x30130f48, attr_addr=0xd000f400)
HLE: ! {PPU[1] Thread (CPUThread)[0x02a06058]} sys_lwmutex: *** lwmutex created [ps3medi] (attribute=0x12): sq_id = 135
HLE: W {PPU[1] Thread (CPUThread)[0x004b42ec]} sys_rwlock warning: sys_rwlock_create(rw_lock_id_addr=0x30130f7c, attr_addr=0xd000f3f0)
HLE: E {PPU[1] Thread (CPUThread)[0x004b42ec]} sys_rwlock TODO: SYS_SYNC_PRIORITY
HLE: W {PPU[1] Thread (CPUThread)[0x004b42ec]} sys_rwlock warning: *** rwlock created [] (protocol=0x2): id = 136
HLE: W {PPU[1] Thread (CPUThread)[0x02a06058]} sys_lwmutex warning: sys_lwmutex_create(lwmutex_addr=0x30130f98, attr_addr=0xd000f400)
HLE: ! {PPU[1] Thread (CPUThread)[0x02a06058]} sys_lwmutex: *** lwmutex created [media.m] (attribute=0x12): sq_id = 137
HLE: W {PPU[1] Thread (CPUThread)[0x02a06148]} sys_lwcond warning: *** lwcond created [media.m] (lwmutex_addr=0x30130f98): id = 138
HLE: W {PPU[1] Thread (CPUThread)[0x004b42ec]} sys_rwlock warning: sys_rwlock_create(rw_lock_id_addr=0x107054c, attr_addr=0xd000f3f0)
HLE: E {PPU[1] Thread (CPUThread)[0x004b42ec]} sys_rwlock TODO: SYS_SYNC_PRIORITY
HLE: W {PPU[1] Thread (CPUThread)[0x004b42ec]} sys_rwlock warning: *** rwlock created [] (protocol=0x2): id = 139
HLE: W {PPU[1] Thread (CPUThread)[0x02a06058]} sys_lwmutex warning: sys_lwmutex_create(lwmutex_addr=0x30131300, attr_addr=0xd000f360)
HLE: ! {PPU[1] Thread (CPUThread)[0x02a06058]} sys_lwmutex: *** lwmutex created [media.m] (attribute=0x12): sq_id = 140
HLE: W {PPU[1] Thread (CPUThread)[0x02a06058]} sys_lwmutex warning: sys_lwmutex_create(lwmutex_addr=0x30131388, attr_addr=0xd000f400)
HLE: ! {PPU[1] Thread (CPUThread)[0x02a06058]} sys_lwmutex: *** lwmutex created [ps3medi] (attribute=0x12): sq_id = 141
HLE: W {PPU[1] Thread (CPUThread)[0x004b42ec]} sys_rwlock warning: sys_rwlock_create(rw_lock_id_addr=0x301313bc, attr_addr=0xd000f3f0)
HLE: E {PPU[1] Thread (CPUThread)[0x004b42ec]} sys_rwlock TODO: SYS_SYNC_PRIORITY
HLE: W {PPU[1] Thread (CPUThread)[0x004b42ec]} sys_rwlock warning: *** rwlock created [] (protocol=0x2): id = 142
HLE: W {PPU[1] Thread (CPUThread)[0x02a06058]} sys_lwmutex warning: sys_lwmutex_create(lwmutex_addr=0x301313d8, attr_addr=0xd000f400)
HLE: ! {PPU[1] Thread (CPUThread)[0x02a06058]} sys_lwmutex: *** lwmutex created [media.m] (attribute=0x12): sq_id = 143
HLE: W {PPU[1] Thread (CPUThread)[0x02a06148]} sys_lwcond warning: *** lwcond created [media.m] (lwmutex_addr=0x301313d8): id = 144
HLE: W {PPU[1] Thread (CPUThread)[0x02a06058]} sys_lwmutex warning: sys_lwmutex_create(lwmutex_addr=0x30131740, attr_addr=0xd000f2c0)
HLE: ! {PPU[1] Thread (CPUThread)[0x02a06058]} sys_lwmutex: *** lwmutex created [media.m] (attribute=0x12): sq_id = 145
HLE: W {PPU[1] Thread (CPUThread)[0x004b42ec]} sys_rwlock warning: sys_rwlock_create(rw_lock_id_addr=0x301317c4, attr_addr=0xd000f3e0)
HLE: E {PPU[1] Thread (CPUThread)[0x004b42ec]} sys_rwlock TODO: SYS_SYNC_PRIORITY
HLE: W {PPU[1] Thread (CPUThread)[0x004b42ec]} sys_rwlock warning: *** rwlock created [] (protocol=0x2): id = 146
HLE: W {PPU[1] Thread (CPUThread)[0x004b42ec]} sys_rwlock warning: sys_rwlock_create(rw_lock_id_addr=0x3013205c, attr_addr=0xd000f3e0)
HLE: E {PPU[1] Thread (CPUThread)[0x004b42ec]} sys_rwlock TODO: SYS_SYNC_PRIORITY
HLE: W {PPU[1] Thread (CPUThread)[0x004b42ec]} sys_rwlock warning: *** rwlock created [] (protocol=0x2): id = 147
HLE: W {PPU[1] Thread (CPUThread)[0x02a06058]} sys_lwmutex warning: sys_lwmutex_create(lwmutex_addr=0x301321f0, attr_addr=0xd000f290)
HLE: ! {PPU[1] Thread (CPUThread)[0x02a06058]} sys_lwmutex: *** lwmutex created [media.m] (attribute=0x12): sq_id = 148
HLE: W {PPU[1] Thread (CPUThread)[0x02a06058]} sys_lwmutex warning: sys_lwmutex_create(lwmutex_addr=0x30132278, attr_addr=0xd000f330)
HLE: ! {PPU[1] Thread (CPUThread)[0x02a06058]} sys_lwmutex: *** lwmutex created [ps3medi] (attribute=0x12): sq_id = 149
HLE: W {PPU[1] Thread (CPUThread)[0x004b42ec]} sys_rwlock warning: sys_rwlock_create(rw_lock_id_addr=0x301322ac, attr_addr=0xd000f320)
HLE: E {PPU[1] Thread (CPUThread)[0x004b42ec]} sys_rwlock TODO: SYS_SYNC_PRIORITY
HLE: W {PPU[1] Thread (CPUThread)[0x004b42ec]} sys_rwlock warning: *** rwlock created [] (protocol=0x2): id = 150
HLE: W {PPU[1] Thread (CPUThread)[0x02a06058]} sys_lwmutex warning: sys_lwmutex_create(lwmutex_addr=0x301322c8, attr_addr=0xd000f330)
HLE: ! {PPU[1] Thread (CPUThread)[0x02a06058]} sys_lwmutex: *** lwmutex created [media.m] (attribute=0x12): sq_id = 151
HLE: W {PPU[1] Thread (CPUThread)[0x02a06148]} sys_lwcond warning: *** lwcond created [media.m] (lwmutex_addr=0x301322c8): id = 152
HLE: W {PPU[1] Thread (CPUThread)[0x02a06058]} sys_lwmutex warning: sys_lwmutex_create(lwmutex_addr=0x30132630, attr_addr=0xd000f220)
HLE: ! {PPU[1] Thread (CPUThread)[0x02a06058]} sys_lwmutex: *** lwmutex created [schedul] (attribute=0x12): sq_id = 153
HLE: W {PPU[1] Thread (CPUThread)[0x02a06058]} sys_lwmutex warning: sys_lwmutex_create(lwmutex_addr=0x30132658, attr_addr=0xd000f220)
HLE: ! {PPU[1] Thread (CPUThread)[0x02a06058]} sys_lwmutex: *** lwmutex created [schedul] (attribute=0x12): sq_id = 154
HLE: W {PPU[1] Thread (CPUThread)[0x004b42ec]} sys_rwlock warning: sys_rwlock_create(rw_lock_id_addr=0x3013267c, attr_addr=0xd000f210)
HLE: E {PPU[1] Thread (CPUThread)[0x004b42ec]} sys_rwlock TODO: SYS_SYNC_PRIORITY
HLE: W {PPU[1] Thread (CPUThread)[0x004b42ec]} sys_rwlock warning: *** rwlock created [] (protocol=0x2): id = 155
HLE: W {PPU[1] Thread (CPUThread)[0x02a06058]} sys_lwmutex warning: sys_lwmutex_create(lwmutex_addr=0x30132698, attr_addr=0xd000f220)
HLE: ! {PPU[1] Thread (CPUThread)[0x02a06058]} sys_lwmutex: *** lwmutex created [schedul] (attribute=0x12): sq_id = 156
HLE: W {PPU[1] Thread (CPUThread)[0x02a06058]} sys_lwmutex warning: sys_lwmutex_create(lwmutex_addr=0x30132700, attr_addr=0xd000f220)
HLE: ! {PPU[1] Thread (CPUThread)[0x02a06058]} sys_lwmutex: *** lwmutex created [schedul] (attribute=0x12): sq_id = 157
HLE: W {PPU[1] Thread (CPUThread)[0x02a06148]} sys_lwcond warning: *** lwcond created [schedul] (lwmutex_addr=0x30132700): id = 158
HLE: W {PPU[1] Thread (CPUThread)[0x02a06148]} sys_lwcond warning: *** lwcond created [schedul] (lwmutex_addr=0x30132700): id = 159
HLE: W {PPU[1] Thread (CPUThread)[0x02a06058]} sys_lwmutex warning: sys_lwmutex_create(lwmutex_addr=0x30132758, attr_addr=0xd000f220)
HLE: ! {PPU[1] Thread (CPUThread)[0x02a06058]} sys_lwmutex: *** lwmutex created [schedul] (attribute=0x12): sq_id = 160
HLE: W {PPU[1] Thread (CPUThread)[0x02a06058]} sys_lwmutex warning: sys_lwmutex_create(lwmutex_addr=0x301327a8, attr_addr=0xd000f220)
HLE: ! {PPU[1] Thread (CPUThread)[0x02a06058]} sys_lwmutex: *** lwmutex created [schedul] (attribute=0x12): sq_id = 161
HLE: W {PPU[1] Thread (CPUThread)[0x02a06148]} sys_lwcond warning: *** lwcond created [fios wo] (lwmutex_addr=0x301327a8): id = 162
HLE: W {PPU[1] Thread (CPUThread)[0x02a06148]} sys_lwcond warning: *** lwcond created [fios wo] (lwmutex_addr=0x301327a8): id = 163
HLE: ! {PPU[1] Thread (CPUThread)[0x02a06028]} sys_ppu_thread: *** New PPU Thread [fios mediathread 2] (joinable, entry=0xc88b30): id = 164
HLE: ! {PPU[1] Thread (CPUThread)[0x02a06028]} sys_ppu_thread: *** New PPU Thread [fios mediathread 3] (joinable, entry=0xc88b30): id = 165
HLE: ! {PPU[1] Thread (CPUThread)[0x02a06028]} sys_ppu_thread: *** New PPU Thread [fios scheduler 1] (joinable, entry=0xc88b30): id = 166
HLE: W {PPU[1] Thread (CPUThread)[0x02a06058]} sys_lwmutex warning: sys_lwmutex_create(lwmutex_addr=0x30147470, attr_addr=0xd000f130)
HLE: ! {PPU[1] Thread (CPUThread)[0x02a06058]} sys_lwmutex: *** lwmutex created [media.m] (attribute=0x12): sq_id = 167
HLE: W {PPU[1] Thread (CPUThread)[0x004b42ec]} sys_rwlock warning: sys_rwlock_create(rw_lock_id_addr=0x301474f4, attr_addr=0xd000f250)
HLE: E {PPU[1] Thread (CPUThread)[0x004b42ec]} sys_rwlock TODO: SYS_SYNC_PRIORITY
HLE: W {PPU[1] Thread (CPUThread)[0x004b42ec]} sys_rwlock warning: *** rwlock created [] (protocol=0x2): id = 168
HLE: W {PPU[1] Thread (CPUThread)[0x02a06058]} sys_lwmutex warning: sys_lwmutex_create(lwmutex_addr=0x30147510, attr_addr=0xd000f260)
HLE: ! {PPU[1] Thread (CPUThread)[0x02a06058]} sys_lwmutex: *** lwmutex created [cache_f] (attribute=0x12): sq_id = 169
HLE: W {PPU[1] Thread (CPUThread)[0x02a06058]} sys_lwmutex warning: sys_lwmutex_create(lwmutex_addr=0x30147698, attr_addr=0xd000f300)
HLE: ! {PPU[1] Thread (CPUThread)[0x02a06058]} sys_lwmutex: *** lwmutex created [schedul] (attribute=0x12): sq_id = 170
HLE: W {PPU[164] Thread (fios mediathread 2)[0x00c47034]} sys_fs warning: cellFsStat(path="/dev_hdd1/cache/BCES01435/PSASBRCACHE", sb_addr=0xd00df704)
HLE: W {PPU[164] Thread (fios mediathread 2)[0x00c47028]} vfsLocalFile::Create('D:\Emulateurs\Rpcs3\dev_hdd1\cache\BCES01435\PSASBRCACHE\cache.idx')
HLE: ! {PPU[164] Thread (fios mediathread 2)[0x00c47028]} sys_fs: "/dev_hdd1/cache/BCES01435/PSASBRCACHE/cache.idx" opened: fd = 171
HLE: W {PPU[164] Thread (fios mediathread 2)[0x00c47058]} sys_fs warning: cellFsFstat(fd=171, sb_addr=0xd00df704)
HLE: W {PPU[164] Thread (fios mediathread 2)[0x00c47028]} vfsLocalFile::Create('D:\Emulateurs\Rpcs3\dev_hdd1\cache\BCES01435\PSASBRCACHE\cache.dat')
HLE: ! {PPU[164] Thread (fios mediathread 2)[0x00c47028]} sys_fs: "/dev_hdd1/cache/BCES01435/PSASBRCACHE/cache.dat" opened: fd = 172
HLE: W {PPU[164] Thread (fios mediathread 2)[0x00c47058]} sys_fs warning: cellFsFstat(fd=172, sb_addr=0xd00df704)
TTY: Reusing existing disk-based cache files
HLE: W {PPU[1] Thread (CPUThread)[0x02a06058]} sys_lwmutex warning: sys_lwmutex_create(lwmutex_addr=0x30163490, attr_addr=0xd000f240)
HLE: ! {PPU[1] Thread (CPUThread)[0x02a06058]} sys_lwmutex: *** lwmutex created [media.m] (attribute=0x12): sq_id = 173
HLE: W {PPU[1] Thread (CPUThread)[0x004b42ec]} sys_rwlock warning: sys_rwlock_create(rw_lock_id_addr=0x30163514, attr_addr=0xd000f360)
HLE: E {PPU[1] Thread (CPUThread)[0x004b42ec]} sys_rwlock TODO: SYS_SYNC_PRIORITY
HLE: W {PPU[1] Thread (CPUThread)[0x004b42ec]} sys_rwlock warning: *** rwlock created [] (protocol=0x2): id = 174
HLE: W {PPU[1] Thread (CPUThread)[0x02a06058]} sys_lwmutex warning: sys_lwmutex_create(lwmutex_addr=0x30163530, attr_addr=0xd000f370)
HLE: ! {PPU[1] Thread (CPUThread)[0x02a06058]} sys_lwmutex: *** lwmutex created [cache_f] (attribute=0x12): sq_id = 175
HLE: E {PPU[1] Thread (CPUThread)[0x029e001c]} cellSpurs TODO: _cellSpursTasksetAttributeInitialize
HLE: E {PPU[1] Thread (CPUThread)[0x029e0070]} cellSpurs TODO: cellSpursTasksetAttributeSetName
HLE: E {PPU[1] Thread (CPUThread)[0x029e00e8]} cellSpurs TODO: cellSpursCreateTasksetWithAttribute
HLE: E {PPU[1] Thread (CPUThread)[0x029e0064]} cellSpurs TODO: _cellSpursEventFlagInitialize
HLE: E {PPU[1] Thread (CPUThread)[0x029e0088]} cellSpurs TODO: cellSpursEventFlagAttachLv2EventQueue
HLE: E {PPU[1] Thread (CPUThread)[0x029e010c]} cellSpurs TODO: _cellSpursLFQueueInitialize
HLE: E {PPU[1] Thread (CPUThread)[0x029e0118]} cellSpurs TODO: cellSpursLFQueueAttachLv2EventQueue
HLE: E {PPU[1] Thread (CPUThread)[0x029e00dc]} cellSpurs TODO: cellSpursCreateTask
HLE: W {PPU[1] Thread (CPUThread)[0x02a06058]} sys_lwmutex warning: sys_lwmutex_create(lwmutex_addr=0x30174030, attr_addr=0xd000f2c0)
HLE: ! {PPU[1] Thread (CPUThread)[0x02a06058]} sys_lwmutex: *** lwmutex created [media.m] (attribute=0x12): sq_id = 176
HLE: W {PPU[1] Thread (CPUThread)[0x004b42ec]} sys_rwlock warning: sys_rwlock_create(rw_lock_id_addr=0x301740b4, attr_addr=0xd000f3e0)
HLE: E {PPU[1] Thread (CPUThread)[0x004b42ec]} sys_rwlock TODO: SYS_SYNC_PRIORITY
HLE: W {PPU[1] Thread (CPUThread)[0x004b42ec]} sys_rwlock warning: *** rwlock created [] (protocol=0x2): id = 177
HLE: W {PPU[1] Thread (CPUThread)[0x02a06058]} sys_lwmutex warning: sys_lwmutex_create(lwmutex_addr=0x301740d0, attr_addr=0xd000f3f0)
HLE: ! {PPU[1] Thread (CPUThread)[0x02a06058]} sys_lwmutex: *** lwmutex created [dearchi] (attribute=0x12): sq_id = 178
HLE: W {PPU[1] Thread (CPUThread)[0x02a06058]} sys_lwmutex warning: sys_lwmutex_create(lwmutex_addr=0x301740f8, attr_addr=0xd000f3f0)
HLE: ! {PPU[1] Thread (CPUThread)[0x02a06058]} sys_lwmutex: *** lwmutex created [dearchi] (attribute=0x12): sq_id = 179
HLE: W {PPU[1] Thread (CPUThread)[0x02a06058]} sys_lwmutex warning: sys_lwmutex_create(lwmutex_addr=0x30174120, attr_addr=0xd000f3f0)
HLE: ! {PPU[1] Thread (CPUThread)[0x02a06058]} sys_lwmutex: *** lwmutex created [dearchi] (attribute=0x12): sq_id = 180
HLE: W {PPU[1] Thread (CPUThread)[0x02a06058]} sys_lwmutex warning: sys_lwmutex_create(lwmutex_addr=0x301741b8, attr_addr=0xd000f3f0)
HLE: ! {PPU[1] Thread (CPUThread)[0x02a06058]} sys_lwmutex: *** lwmutex created [dearchi] (attribute=0x12): sq_id = 181
HLE: W {PPU[1] Thread (CPUThread)[0x02a06148]} sys_lwcond warning: *** lwcond created [dearchi] (lwmutex_addr=0x301741b8): id = 182
HLE: W {PPU[1] Thread (CPUThread)[0x02a06058]} sys_lwmutex warning: sys_lwmutex_create(lwmutex_addr=0x30174288, attr_addr=0xd000f3f0)
HLE: ! {PPU[1] Thread (CPUThread)[0x02a06058]} sys_lwmutex: *** lwmutex created [dearchi] (attribute=0x12): sq_id = 183
HLE: W {PPU[1] Thread (CPUThread)[0x02a06058]} sys_lwmutex warning: sys_lwmutex_create(lwmutex_addr=0x30174b30, attr_addr=0xd000f2f0)
HLE: ! {PPU[1] Thread (CPUThread)[0x02a06058]} sys_lwmutex: *** lwmutex created [schedul] (attribute=0x12): sq_id = 184
HLE: W {PPU[1] Thread (CPUThread)[0x02a06058]} sys_lwmutex warning: sys_lwmutex_create(lwmutex_addr=0x30174b58, attr_addr=0xd000f2f0)
HLE: ! {PPU[1] Thread (CPUThread)[0x02a06058]} sys_lwmutex: *** lwmutex created [schedul] (attribute=0x12): sq_id = 185
HLE: W {PPU[1] Thread (CPUThread)[0x004b42ec]} sys_rwlock warning: sys_rwlock_create(rw_lock_id_addr=0x30174b7c, attr_addr=0xd000f2e0)
HLE: E {PPU[1] Thread (CPUThread)[0x004b42ec]} sys_rwlock TODO: SYS_SYNC_PRIORITY
HLE: W {PPU[1] Thread (CPUThread)[0x004b42ec]} sys_rwlock warning: *** rwlock created [] (protocol=0x2): id = 186
HLE: W {PPU[1] Thread (CPUThread)[0x02a06058]} sys_lwmutex warning: sys_lwmutex_create(lwmutex_addr=0x30174b98, attr_addr=0xd000f2f0)
HLE: ! {PPU[1] Thread (CPUThread)[0x02a06058]} sys_lwmutex: *** lwmutex created [schedul] (attribute=0x12): sq_id = 187
HLE: W {PPU[1] Thread (CPUThread)[0x02a06058]} sys_lwmutex warning: sys_lwmutex_create(lwmutex_addr=0x30174c00, attr_addr=0xd000f2f0)
HLE: ! {PPU[1] Thread (CPUThread)[0x02a06058]} sys_lwmutex: *** lwmutex created [schedul] (attribute=0x12): sq_id = 188
HLE: W {PPU[1] Thread (CPUThread)[0x02a06148]} sys_lwcond warning: *** lwcond created [schedul] (lwmutex_addr=0x30174c00): id = 189
HLE: W {PPU[1] Thread (CPUThread)[0x02a06148]} sys_lwcond warning: *** lwcond created [schedul] (lwmutex_addr=0x30174c00): id = 190
HLE: W {PPU[1] Thread (CPUThread)[0x02a06058]} sys_lwmutex warning: sys_lwmutex_create(lwmutex_addr=0x30174c58, attr_addr=0xd000f2f0)
HLE: ! {PPU[1] Thread (CPUThread)[0x02a06058]} sys_lwmutex: *** lwmutex created [schedul] (attribute=0x12): sq_id = 191
HLE: W {PPU[1] Thread (CPUThread)[0x02a06058]} sys_lwmutex warning: sys_lwmutex_create(lwmutex_addr=0x30174ca8, attr_addr=0xd000f2f0)
HLE: ! {PPU[1] Thread (CPUThread)[0x02a06058]} sys_lwmutex: *** lwmutex created [schedul] (attribute=0x12): sq_id = 192
HLE: W {PPU[1] Thread (CPUThread)[0x02a06148]} sys_lwcond warning: *** lwcond created [fios wo] (lwmutex_addr=0x30174ca8): id = 193
HLE: W {PPU[1] Thread (CPUThread)[0x02a06148]} sys_lwcond warning: *** lwcond created [fios wo] (lwmutex_addr=0x30174ca8): id = 194
HLE: W {PPU[1] Thread (CPUThread)[0x02a06148]} sys_lwcond warning: *** lwcond created [fios wo] (lwmutex_addr=0x30174ca8): id = 195
HLE: ! {PPU[1] Thread (CPUThread)[0x02a06028]} sys_ppu_thread: *** New PPU Thread [fios mediathread 5] (joinable, entry=0xc88b30): id = 196
HLE: ! {PPU[1] Thread (CPUThread)[0x02a06028]} sys_ppu_thread: *** New PPU Thread [fios mediathread 6] (joinable, entry=0xc88b30): id = 197
HLE: ! {PPU[1] Thread (CPUThread)[0x02a06028]} sys_ppu_thread: *** New PPU Thread [fios mediathread 7] (joinable, entry=0xc88b30): id = 198
HLE: ! {PPU[1] Thread (CPUThread)[0x02a06028]} sys_ppu_thread: *** New PPU Thread [fios scheduler 4] (joinable, entry=0xc88b30): id = 199
HLE: ! {PPU[1] Thread (CPUThread)[0x02a06028]} sys_ppu_thread: *** New PPU Thread [CreateGameDataIcon] (non-joinable, entry=0xc7c728): id = 200
HLE: E {PPU[200] Thread (CreateGameDataIcon)[0x00c47028]} sys_fs error: "/ICON0.PNG" not found! flags: 0x00000000
HLE: W {PPU[196] Thread (fios mediathread 5)[0x00c47034]} sys_fs warning: cellFsStat(path="/dev_hdd0/game/BCES01435/USRDIR/patch.psarc", sb_addr=0xd010e9e4)
HLE: ! {PPU[200] Thread (CreateGameDataIcon)[0x00c47028]} sys_fs: "/dev_bdvd/PS3_GAME/USRDIR/system/saveicon.png" opened: fd = 201
HLE: W {PPU[200] Thread (CreateGameDataIcon)[0x00c47058]} sys_fs warning: cellFsFstat(fd=201, sb_addr=0xd014fb58)
HLE: W {PPU[196] Thread (fios mediathread 5)[0x00c47034]} sys_fs warning: cellFsStat: "/dev_hdd0/game/BCES01435/USRDIR/patch.psarc" not found.
HLE: W {PPU[200] Thread (CreateGameDataIcon)[0x00c47004]} sys_fs warning: cellFsClose(fd=201)
HLE: W {PPU[196] Thread (fios mediathread 5)[0x00c47034]} sys_fs warning: cellFsStat(path="/dev_bdvd/PS3_GAME/USRDIR/patch.psarc", sb_addr=0xd010eec4)
HLE: W {PPU[196] Thread (fios mediathread 5)[0x00c47034]} sys_fs warning: cellFsStat(path="/dev_hdd0/game/BCES01435/USRDIR/patch.psarc", sb_addr=0xd010e7c4)
HLE: W {PPU[196] Thread (fios mediathread 5)[0x00c47034]} sys_fs warning: cellFsStat: "/dev_hdd0/game/BCES01435/USRDIR/patch.psarc" not found.
HLE: ! {PPU[196] Thread (fios mediathread 5)[0x00c47028]} sys_fs: "/dev_bdvd/PS3_GAME/USRDIR/patch.psarc" opened: fd = 202
HLE: W {PPU[196] Thread (fios mediathread 5)[0x00c47058]} sys_fs warning: cellFsFstat(fd=202, sb_addr=0xd010eca4)
HLE: W {PPU[196] Thread (fios mediathread 5)[0x00c47034]} sys_fs warning: cellFsStat(path="/dev_hdd0/game/BCES01435/USRDIR/patch.psarc", sb_addr=0xd010e754)
HLE: W {PPU[196] Thread (fios mediathread 5)[0x00c47034]} sys_fs warning: cellFsStat: "/dev_hdd0/game/BCES01435/USRDIR/patch.psarc" not found.
HLE: W {PPU[196] Thread (fios mediathread 5)[0x00c47034]} sys_fs warning: cellFsStat(path="/dev_bdvd/PS3_GAME/USRDIR/patch.psarc", sb_addr=0xd010ec34)
HLE: W {PPU[196] Thread (fios mediathread 5)[0x009acb08]} sys_time warning: sys_time_get_timezone(timezone_addr=0xd010ead0, summertime_addr=0xd010ead4)
HLE: W {PPU[196] Thread (fios mediathread 5)[0x009acb08]} cellSysutil warning: cellSysutilGetSystemParamInt: CELL_SYSUTIL_SYSTEMPARAM_ID_TIMEZONE
HLE: W {PPU[196] Thread (fios mediathread 5)[0x009acb08]} cellSysutil warning: cellSysutilGetSystemParamInt: CELL_SYSUTIL_SYSTEMPARAM_ID_SUMMERTIME
HLE: W {PPU[196] Thread (fios mediathread 5)[0x009ae5cc]} sys_time warning: sys_time_get_timezone(timezone_addr=0xd010ea20, summertime_addr=0xd010ea24)
HLE: W {PPU[196] Thread (fios mediathread 5)[0x009ae5cc]} cellSysutil warning: cellSysutilGetSystemParamInt: CELL_SYSUTIL_SYSTEMPARAM_ID_TIMEZONE
HLE: W {PPU[196] Thread (fios mediathread 5)[0x009ae5cc]} cellSysutil warning: cellSysutilGetSystemParamInt: CELL_SYSUTIL_SYSTEMPARAM_ID_SUMMERTIME
HLE: W {PPU[196] Thread (fios mediathread 5)[0x009acb08]} sys_time warning: sys_time_get_timezone(timezone_addr=0xd010ead0, summertime_addr=0xd010ead4)
HLE: W {PPU[196] Thread (fios mediathread 5)[0x009acb08]} cellSysutil warning: cellSysutilGetSystemParamInt: CELL_SYSUTIL_SYSTEMPARAM_ID_TIMEZONE
HLE: W {PPU[196] Thread (fios mediathread 5)[0x009acb08]} cellSysutil warning: cellSysutilGetSystemParamInt: CELL_SYSUTIL_SYSTEMPARAM_ID_SUMMERTIME
HLE: W {PPU[196] Thread (fios mediathread 5)[0x009ae5cc]} sys_time warning: sys_time_get_timezone(timezone_addr=0xd010ea20, summertime_addr=0xd010ea24)
HLE: W {PPU[196] Thread (fios mediathread 5)[0x009ae5cc]} cellSysutil warning: cellSysutilGetSystemParamInt: CELL_SYSUTIL_SYSTEMPARAM_ID_TIMEZONE
HLE: W {PPU[196] Thread (fios mediathread 5)[0x009ae5cc]} cellSysutil warning: cellSysutilGetSystemParamInt: CELL_SYSUTIL_SYSTEMPARAM_ID_SUMMERTIME
HLE: W {PPU[196] Thread (fios mediathread 5)[0x009acb08]} sys_time warning: sys_time_get_timezone(timezone_addr=0xd010ead0, summertime_addr=0xd010ead4)
HLE: W {PPU[196] Thread (fios mediathread 5)[0x009acb08]} cellSysutil warning: cellSysutilGetSystemParamInt: CELL_SYSUTIL_SYSTEMPARAM_ID_TIMEZONE
HLE: W {PPU[196] Thread (fios mediathread 5)[0x009acb08]} cellSysutil warning: cellSysutilGetSystemParamInt: CELL_SYSUTIL_SYSTEMPARAM_ID_SUMMERTIME
HLE: W {PPU[196] Thread (fios mediathread 5)[0x009ae5cc]} sys_time warning: sys_time_get_timezone(timezone_addr=0xd010ea20, summertime_addr=0xd010ea24)
HLE: W {PPU[196] Thread (fios mediathread 5)[0x009ae5cc]} cellSysutil warning: cellSysutilGetSystemParamInt: CELL_SYSUTIL_SYSTEMPARAM_ID_TIMEZONE
HLE: W {PPU[196] Thread (fios mediathread 5)[0x009ae5cc]} cellSysutil warning: cellSysutilGetSystemParamInt: CELL_SYSUTIL_SYSTEMPARAM_ID_SUMMERTIME
TTY: ----------------------------------------------------------------------------
TTY: Build Version: 99732
TTY: ----------------------------------------------------------------------------
HLE: E {PPU[1] Thread (CPUThread)[0x029e0040]} cellSpurs TODO: _cellSpursJobChainAttributeInitialize
HLE: E {PPU[1] Thread (CPUThread)[0x029e0034]} cellSpurs TODO: cellSpursCreateJobChainWithAttribute
HLE: W {PPU[1] Thread (CPUThread)[0x00012700]} sys_event warning: sys_event_queue_create(equeue_id_addr=0x21f0704, attr_addr=0xd000fac0, event_queue_key=0x0, size=4)
HLE: W {PPU[1] Thread (CPUThread)[0x00012700]} sys_event warning: *** event_queue created [] (protocol=0x2, type=0x1, key=0x0, size=0x4): id = 203
HLE: E {PPU[1] Thread (CPUThread)[0x0001270c]} Unknown syscall: 633 - 00000279
HLE: W {PPU[1] Thread (CPUThread)[0x00c4907c]} cellSysutil warning: cellSysutilRegisterCallback(slot=0, func_addr=0xc7bc40, userdata=0x0)
HLE: W {PPU[196] Thread (fios mediathread 5)[0x00c47034]} sys_fs warning: cellFsStat(path="/dev_hdd0/game/BCES01435/USRDIR/global.psarc", sb_addr=0xd010e9e4)
HLE: W {PPU[196] Thread (fios mediathread 5)[0x00c47034]} sys_fs warning: cellFsStat: "/dev_hdd0/game/BCES01435/USRDIR/global.psarc" not found.
HLE: W {PPU[196] Thread (fios mediathread 5)[0x00c47034]} sys_fs warning: cellFsStat(path="/dev_bdvd/PS3_GAME/USRDIR/global.psarc", sb_addr=0xd010eec4)
HLE: W {PPU[196] Thread (fios mediathread 5)[0x00c47034]} sys_fs warning: cellFsStat(path="/dev_hdd0/game/BCES01435/USRDIR/global.psarc", sb_addr=0xd010e7c4)
HLE: W {PPU[196] Thread (fios mediathread 5)[0x00c47034]} sys_fs warning: cellFsStat: "/dev_hdd0/game/BCES01435/USRDIR/global.psarc" not found.
HLE: ! {PPU[196] Thread (fios mediathread 5)[0x00c47028]} sys_fs: "/dev_bdvd/PS3_GAME/USRDIR/global.psarc" opened: fd = 204
HLE: W {PPU[196] Thread (fios mediathread 5)[0x00c47058]} sys_fs warning: cellFsFstat(fd=204, sb_addr=0xd010eca4)
HLE: W {PPU[196] Thread (fios mediathread 5)[0x00c47034]} sys_fs warning: cellFsStat(path="/dev_hdd0/game/BCES01435/USRDIR/global.psarc", sb_addr=0xd010e754)
HLE: W {PPU[196] Thread (fios mediathread 5)[0x00c47034]} sys_fs warning: cellFsStat: "/dev_hdd0/game/BCES01435/USRDIR/global.psarc" not found.
HLE: W {PPU[196] Thread (fios mediathread 5)[0x00c47034]} sys_fs warning: cellFsStat(path="/dev_bdvd/PS3_GAME/USRDIR/global.psarc", sb_addr=0xd010ec34)
HLE: W {PPU[196] Thread (fios mediathread 5)[0x009acb08]} sys_time warning: sys_time_get_timezone(timezone_addr=0xd010ead0, summertime_addr=0xd010ead4)
HLE: W {PPU[196] Thread (fios mediathread 5)[0x009acb08]} cellSysutil warning: cellSysutilGetSystemParamInt: CELL_SYSUTIL_SYSTEMPARAM_ID_TIMEZONE
HLE: W {PPU[196] Thread (fios mediathread 5)[0x009acb08]} cellSysutil warning: cellSysutilGetSystemParamInt: CELL_SYSUTIL_SYSTEMPARAM_ID_SUMMERTIME
HLE: W {PPU[196] Thread (fios mediathread 5)[0x009ae5cc]} sys_time warning: sys_time_get_timezone(timezone_addr=0xd010ea20, summertime_addr=0xd010ea24)
HLE: W {PPU[196] Thread (fios mediathread 5)[0x009ae5cc]} cellSysutil warning: cellSysutilGetSystemParamInt: CELL_SYSUTIL_SYSTEMPARAM_ID_TIMEZONE
HLE: W {PPU[196] Thread (fios mediathread 5)[0x009ae5cc]} cellSysutil warning: cellSysutilGetSystemParamInt: CELL_SYSUTIL_SYSTEMPARAM_ID_SUMMERTIME
HLE: W {PPU[196] Thread (fios mediathread 5)[0x009acb08]} sys_time warning: sys_time_get_timezone(timezone_addr=0xd010ead0, summertime_addr=0xd010ead4)
HLE: W {PPU[196] Thread (fios mediathread 5)[0x009acb08]} cellSysutil warning: cellSysutilGetSystemParamInt: CELL_SYSUTIL_SYSTEMPARAM_ID_TIMEZONE
HLE: W {PPU[196] Thread (fios mediathread 5)[0x009acb08]} cellSysutil warning: cellSysutilGetSystemParamInt: CELL_SYSUTIL_SYSTEMPARAM_ID_SUMMERTIME
HLE: W {PPU[196] Thread (fios mediathread 5)[0x009ae5cc]} sys_time warning: sys_time_get_timezone(timezone_addr=0xd010ea20, summertime_addr=0xd010ea24)
HLE: W {PPU[196] Thread (fios mediathread 5)[0x009ae5cc]} cellSysutil warning: cellSysutilGetSystemParamInt: CELL_SYSUTIL_SYSTEMPARAM_ID_TIMEZONE
HLE: W {PPU[196] Thread (fios mediathread 5)[0x009ae5cc]} cellSysutil warning: cellSysutilGetSystemParamInt: CELL_SYSUTIL_SYSTEMPARAM_ID_SUMMERTIME
HLE: W {PPU[196] Thread (fios mediathread 5)[0x009acb08]} sys_time warning: sys_time_get_timezone(timezone_addr=0xd010ead0, summertime_addr=0xd010ead4)
HLE: W {PPU[196] Thread (fios mediathread 5)[0x009acb08]} cellSysutil warning: cellSysutilGetSystemParamInt: CELL_SYSUTIL_SYSTEMPARAM_ID_TIMEZONE
HLE: W {PPU[196] Thread (fios mediathread 5)[0x009acb08]} cellSysutil warning: cellSysutilGetSystemParamInt: CELL_SYSUTIL_SYSTEMPARAM_ID_SUMMERTIME
HLE: W {PPU[196] Thread (fios mediathread 5)[0x009ae5cc]} sys_time warning: sys_time_get_timezone(timezone_addr=0xd010ea20, summertime_addr=0xd010ea24)
HLE: W {PPU[196] Thread (fios mediathread 5)[0x009ae5cc]} cellSysutil warning: cellSysutilGetSystemParamInt: CELL_SYSUTIL_SYSTEMPARAM_ID_TIMEZONE
HLE: W {PPU[196] Thread (fios mediathread 5)[0x009ae5cc]} cellSysutil warning: cellSysutilGetSystemParamInt: CELL_SYSUTIL_SYSTEMPARAM_ID_SUMMERTIME
TTY: SKU Detected: EUROPE
TTY: 
TTY: 
TTY: TitleID: BCES01435
TTY: Region: SCEE
HLE: W {PPU[1] Thread (CPUThread)[0x029f4010]} cellSysmodule warning: cellSysmoduleLoadModule(CELL_SYSMODULE_SYSUTIL_LICENSEAREA)
HLE: E {PPU[1] Thread (CPUThread)[0x00c4b004]} TODO: cellSysutilGetLicenseArea
HLE: W {PPU[1] Thread (CPUThread)[0x029f4004]} cellSysmodule warning: cellSysmoduleUnloadModule(CELL_SYSMODULE_SYSUTIL_LICENSEAREA)
HLE: W {PPU[1] Thread (CPUThread)[0x00c49028]} cellSysutil warning: cellSysutilGetSystemParamInt: CELL_SYSUTIL_SYSTEMPARAM_ID_LANG
HLE: W {PPU[1] Thread (CPUThread)[0x00c49028]} cellSysutil warning: cellSysutilGetSystemParamInt: CELL_SYSUTIL_SYSTEMPARAM_ID_ENTER_BUTTON_ASSIGN
HLE: W {PPU[196] Thread (fios mediathread 5)[0x00c47034]} sys_fs warning: cellFsStat(path="/dev_hdd0/game/BCES01435/USRDIR/custom_gamescriptvars.txt", sb_addr=0xd010e9e4)
HLE: W {PPU[196] Thread (fios mediathread 5)[0x00c47034]} sys_fs warning: cellFsStat: "/dev_hdd0/game/BCES01435/USRDIR/custom_gamescriptvars.txt" not found.
HLE: W {PPU[196] Thread (fios mediathread 5)[0x00c47034]} sys_fs warning: cellFsStat(path="/dev_bdvd/PS3_GAME/USRDIR/custom_gamescriptvars.txt", sb_addr=0xd010eec4)
HLE: W {PPU[196] Thread (fios mediathread 5)[0x00c47034]} sys_fs warning: cellFsStat: "/dev_bdvd/PS3_GAME/USRDIR/custom_gamescriptvars.txt" not found.
HLE: E {PPU[1] Thread (CPUThread)[0x029e001c]} cellSpurs TODO: _cellSpursTasksetAttributeInitialize
HLE: E {PPU[1] Thread (CPUThread)[0x029e0070]} cellSpurs TODO: cellSpursTasksetAttributeSetName
HLE: E {PPU[1] Thread (CPUThread)[0x029e0148]} cellSpurs TODO: cellSpursTasksetAttributeSetTasksetSize
HLE: E {PPU[1] Thread (CPUThread)[0x029e00e8]} cellSpurs TODO: cellSpursCreateTasksetWithAttribute
HLE: E {PPU[1] Thread (CPUThread)[0x029e010c]} cellSpurs TODO: _cellSpursLFQueueInitialize
HLE: E {PPU[1] Thread (CPUThread)[0x029e0118]} cellSpurs TODO: cellSpursLFQueueAttachLv2EventQueue
HLE: E {PPU[1] Thread (CPUThread)[0x029e00dc]} cellSpurs TODO: cellSpursCreateTask
HLE: W {PPU[1] Thread (CPUThread)[0x029f6004]} cellGcmSys warning: _cellGcmInitBody(context_addr=0x2626ed8, cmdSize=0x400000, ioSize=0x800000, ioAddress=0x35f00000)
PPU: ! {PPULLVMRecompiler} Removed 3 old versions
HLE: W {PPU[1] Thread (CPUThread)[0x029f6004]} cellGcmSys warning: *** local memory(addr=0xc0000000, size=0xf900000)
HLE: W {PPU[1] Thread (CPUThread)[0x029f6004]} cellGcmSys warning: cellGcmInit(): 256MB io address space used
HLE: W {PPU[1] Thread (CPUThread)[0x029f6004]} cellGcmSys warning: cellGcmMapEaIoAddress(ea=0x35f00000, io=0x0, size=0x800000)
RSX: ! {RSXThread} RSX thread started
HLE: E {PPU[1] Thread (CPUThread)[0x029f6064]} cellGcmSys TODO: cellGcmSetQueueHandler
HLE: W {PPU[1] Thread (CPUThread)[0x029f6100]} cellGcmSys warning: cellGcmSetVBlankHandler(handler_addr=0xc89b78)
HLE: W {PPU[1] Thread (CPUThread)[0x029f60d0]} cellGcmSys warning: cellGcmSetFlipHandler(handler_addr=13146984)
TTY: 
TTY: 
TTY: TitleID: BCES01435
TTY: Region: SCEE
HLE: W {PPU[1] Thread (CPUThread)[0x00c490c4]} cellSysutil warning: cellVideoOutGetDeviceInfo(videoOut=0, deviceIndex=0, info_addr=0xd000f798)
HLE: W {PPU[1] Thread (CPUThread)[0x00c490b8]} cellSysutil warning: cellVideoOutConfigure(videoOut=0, config_addr=0xd000f760, option_addr=0x0, waitForEvent=0x0)
HLE: ! {PPU[1] Thread (CPUThread)[0x02a06028]} sys_ppu_thread: *** New PPU Thread [BasicThread] (non-joinable, entry=0xc7bc20): id = 205
HLE: W {PPU[205] Thread (BasicThread)[0x004899d4]} sys_mutex warning: *** mutex created [] (protocol=0x1, recursive=true): id = 206
HLE: E {PPU[196] Thread (fios mediathread 5)[0x029e004c]} cellSpurs TODO: cellSpursEventFlagClear
HLE: E {PPU[196] Thread (fios mediathread 5)[0x029e013c]} cellSpurs TODO: _cellSpursLFQueuePushBody
PPU: ! {PPULLVMRecompiler} Removed 77 old versions
PPU: ! {PPULLVMRecompiler} Removed 9 old versions
RSX: W {RSXThread} RSX thread aborted
HLE: W {PPU[165] Thread (fios mediathread 3)[0x02a06040]} sys_lwcond warning: sys_lwcond_wait(id=163) aborted
RSX: W {VBlank thread} VBlank thread aborted
HLE: W {PPU[166] Thread (fios scheduler 1)[0x02a06040]} sys_lwcond warning: sys_lwcond_wait(id=158) aborted
HLE: W {PPU[164] Thread (fios mediathread 2)[0x02a06040]} sys_lwcond warning: sys_lwcond_wait(id=162) aborted
HLE: W {PPU[197] Thread (fios mediathread 6)[0x02a06040]} sys_lwcond warning: sys_lwcond_wait(id=194) aborted
HLE: W {PPU[198] Thread (fios mediathread 7)[0x02a06040]} sys_lwcond warning: sys_lwcond_wait(id=195) aborted
HLE: W {PPU[199] Thread (fios scheduler 4)[0x02a06040]} sys_lwcond warning: sys_lwcond_wait(id=189) aborted
HLE: W {PPU[76] Thread (_SPU_printf_server)[0x009b7888]} sys_event warning: sys_event_queue_receive(equeue=74) aborted
HLE: W {PPU[1] Thread (CPUThread)[0x00011a00]} sys_timer warning: sys_timer_usleep(sleep_time=281474976710655) aborted
HLE: W {PPU[205] Thread (BasicThread)[0x00011a00]} sys_timer warning: sys_timer_usleep(sleep_time=281474976710655) aborted
PPU: ! {PPULLVMRecompiler} PPU LLVM compiler thread exiting.
HLE: ! All threads stopped...
MEM: ! Closing memory...
