HLE: ! path: /dev_hdd0/game/
HLE: W No pause.bin found, Auto Pause will not work.
HLE: W No pause.bin found, Auto Pause will not work.
LDR: ! Loading 'D:\Emulateurs\Rpcs3\dev_hdd0\game\BCES00463-[The Shoot]/PS3_GAME/USRDIR/BOOT.BIN'...
LDR: !  
LDR: ! Mount info:
LDR: ! /dev_hdd0/ -> ./dev_hdd0/
LDR: ! /dev_hdd1/ -> ./dev_hdd1/
LDR: ! /dev_flash/ -> ./dev_flash/
LDR: ! /dev_usb000/ -> ./dev_usb000/
LDR: ! /dev_usb/ -> ./dev_usb000/
LDR: ! /app_home/ -> D:\Emulateurs\Rpcs3\dev_hdd0\game\BCES00463-[The Shoot]/PS3_GAME/
LDR: ! /dev_bdvd/ -> D:\Emulateurs\Rpcs3\dev_hdd0\game\BCES00463-[The Shoot]/PS3_GAME//../
LDR: ! /host_root/ -> 
LDR: ! /app_home/PS3_GAME/USRDIR/ -> D:\Emulateurs\Rpcs3\dev_hdd0\game\BCES00463-[The Shoot]/PS3_GAME//USRDIR/
LDR: ! /dev_flash2/ -> ./dev_flash2/
LDR: ! /app_home/Game/PS3_GAME/USRDIR/ -> D:\Emulateurs\Rpcs3\dev_hdd0\game\BCES00463-[The Shoot]/PS3_GAME//USRDIR/
LDR: ! //dev_hdd0/ -> ./dev_hdd0/
LDR: ! / -> D:\Emulateurs\Rpcs3\dev_hdd0\game\BCES00463-[The Shoot]/PS3_GAME//USRDIR/
LDR: !  
LDR: ! Title: The Shoot™
LDR: ! Serial: BCES00463
LDR: !  
MEM: ! Initializing memory: m_base_addr = 0x89ebee0000
MEM: ! Memory initialized.
LDR: W Unknown module 'libgem'
LDR: ! Imported function 'cellGemUpdateStart' in 'libgem' module
LDR: ! Imported function 'cellGemInit' in 'libgem' module
LDR: ! Imported function 'cellGemConvertVideoFinish' in 'libgem' module
LDR: ! Imported function 'cellGemEnableMagnetometer' in 'libgem' module
LDR: ! Imported function 'cellGemGetRGB' in 'libgem' module
LDR: ! Imported function 'cellGemGetMemorySize' in 'libgem' module
LDR: ! Imported function 'cellGemUpdateFinish' in 'libgem' module
LDR: ! Imported function 'cellGemSetRumble' in 'libgem' module
LDR: ! Imported function 'cellGemGetState' in 'libgem' module
LDR: ! Imported function 'cellGemConvertVideoStart' in 'libgem' module
LDR: ! Imported function 'cellGemSetYaw' in 'libgem' module
LDR: ! Imported function 'cellGemTrackHues' in 'libgem' module
LDR: ! Imported function 'cellGemGetImageState' in 'libgem' module
LDR: ! Imported function 'cellGemGetInfo' in 'libgem' module
LDR: ! Imported function 'cellGemPrepareCamera' in 'libgem' module
LDR: ! Imported function 'cellGemCalibrate' in 'libgem' module
LDR: ! Imported function 'cellGemPrepareVideoConvert' in 'libgem' module
LDR: ! Imported function 'cellGemForceRGB' in 'libgem' module
LDR: ! Imported function 'cellGemGetInertialState' in 'libgem' module
LDR: ! Imported function 'cellGemReset' in 'libgem' module
LDR: ! Imported function 'cellGemEnd' in 'libgem' module
LDR: ! Imported function 'cellGemInvalidateCalibration' in 'libgem' module
LDR: ! Imported function 'cellGemGetStatusFlags' in 'libgem' module
LDR: ! Imported function 'cellGameContentPermit' in 'cellGame' module
LDR: ! Imported function 'cellGameContentErrorDialog' in 'cellGame' module
LDR: ! Imported function 'cellGameBootCheck' in 'cellGame' module
LDR: ! Imported function 'cellGameCreateGameData' in 'cellGame' module
LDR: ! Imported function 'cellGameDataCheck' in 'cellGame' module
LDR: ! Imported function 'cellPamfReaderGetPresentationStartTime' in 'cellPamf' module
LDR: ! Imported function 'cellPamfReaderGetPresentationEndTime' in 'cellPamf' module
LDR: ! Imported function 'cellSailGraphicsAdapterGetFrame' in 'cellSail' module
LDR: ! Imported function 'cellSailDescriptorCreateDatabase' in 'cellSail' module
LDR: ! Imported function 'cellSailPlayerSetSoundAdapter' in 'cellSail' module
LDR: ! Imported function 'cellSailPlayerFinalize' in 'cellSail' module
LDR: ! Imported function 'cellSailPlayerSetGraphicsAdapter' in 'cellSail' module
LDR: ! Imported function 'cellSailGraphicsAdapterInitialize' in 'cellSail' module
LDR: ! Imported function 'cellSailPlayerInitialize2' in 'cellSail' module
LDR: ! Imported function 'cellSailDescriptorDestroyDatabase' in 'cellSail' module
LDR: ! Imported function 'cellSailGraphicsAdapterSetPreferredFormat' in 'cellSail' module
LDR: ! Imported function 'cellSailMemAllocatorInitialize' in 'cellSail' module
LDR: ! Imported function 'cellSailPlayerOpenStream' in 'cellSail' module
LDR: ! Imported function 'cellSailFutureGet' in 'cellSail' module
LDR: ! Imported function 'cellSailSoundAdapterInitialize' in 'cellSail' module
LDR: ! Imported function 'cellSailGraphicsAdapterUpdateAvSync' in 'cellSail' module
LDR: ! Imported function 'cellSailDescriptorGetUri' in 'cellSail' module
LDR: ! Imported function 'cellSailFutureInitialize' in 'cellSail' module
LDR: ! Imported function 'cellSailMp4MovieGetMovieInfo' in 'cellSail' module
LDR: ! Imported function 'cellSailAviMovieGetMovieInfo' in 'cellSail' module
LDR: ! Imported function 'cellSailPlayerGetDescriptorCount' in 'cellSail' module
LDR: ! Imported function 'cellSailGraphicsAdapterFinalize' in 'cellSail' module
LDR: ! Imported function 'cellSailPlayerAddDescriptor' in 'cellSail' module
LDR: ! Imported function 'cellSailSoundAdapterGetFrame' in 'cellSail' module
LDR: ! Imported function 'cellSailPlayerCloseStream' in 'cellSail' module
LDR: ! Imported function 'cellSailFutureFinalize' in 'cellSail' module
LDR: ! Imported function 'cellSailFutureSet' in 'cellSail' module
LDR: ! Imported function 'cellSailPlayerBoot' in 'cellSail' module
LDR: ! Imported function 'cellSailSoundAdapterFinalize' in 'cellSail' module
LDR: ! Imported function 'cellSailPlayerSetPaused' in 'cellSail' module
LDR: ! Imported function 'cellSailDescriptorGetStreamType' in 'cellSail' module
LDR: ! Imported function 'cellSailPlayerCreateDescriptor' in 'cellSail' module
LDR: ! Imported function 'cellSailPlayerStart' in 'cellSail' module
LDR: ! Imported function 'cellSailPlayerStop' in 'cellSail' module
LDR: ! Imported function 'cellSailSoundAdapterUpdateAvSync' in 'cellSail' module
LDR: ! Imported function 'cellSailSoundAdapterGetFormat' in 'cellSail' module
LDR: ! Imported function 'cellSailPlayerSetRepeatMode' in 'cellSail' module
LDR: ! Imported function 'cellSailPlayerDestroyDescriptor' in 'cellSail' module
LDR: W Unknown module 'cellSysutilAvconfExt'
LDR: ! Imported function 'cellVideoOutGetGamma' in 'cellSysutilAvconfExt' module
LDR: ! Imported function 'cellFsRmdir' in 'sys_fs' module
LDR: ! Imported function 'cellFsClose' in 'sys_fs' module
LDR: ! Imported function 'cellFsOpendir' in 'sys_fs' module
LDR: ! Imported function 'cellFsRead' in 'sys_fs' module
LDR: ! Imported function 'cellFsReaddir' in 'sys_fs' module
LDR: ! Imported function 'cellFsSdataOpenByFd' in 'sys_fs' module
LDR: ! Imported function 'cellFsOpen' in 'sys_fs' module
LDR: ! Imported function 'cellFsStat' in 'sys_fs' module
LDR: ! Imported function 'cellFsUnlink' in 'sys_fs' module
LDR: ! Imported function 'cellFsFsync' in 'sys_fs' module
LDR: ! Imported function 'cellFsGetDirectoryEntries' in 'sys_fs' module
LDR: ! Imported function 'cellFsLseek' in 'sys_fs' module
LDR: ! Imported function 'cellFsGetFreeSize' in 'sys_fs' module
LDR: ! Imported function 'cellFsSdataOpen' in 'sys_fs' module
LDR: ! Imported function 'cellFsMkdir' in 'sys_fs' module
LDR: ! Imported function 'cellFsWrite' in 'sys_fs' module
LDR: ! Imported function 'cellFsFstat' in 'sys_fs' module
LDR: ! Imported function 'cellFsClosedir' in 'sys_fs' module
LDR: ! Imported function 'cellPadInit' in 'sys_io' module
LDR: ! Imported function 'cellKbGetInfo' in 'sys_io' module
LDR: ! Imported function 'cellMouseGetData' in 'sys_io' module
LDR: ! Imported function 'cellPadEnd' in 'sys_io' module
LDR: ! Imported function 'cellPadSetPortSetting' in 'sys_io' module
LDR: ! Imported function 'cellMouseGetInfo' in 'sys_io' module
LDR: ! Imported function 'cellPadGetData' in 'sys_io' module
LDR: ! Imported function 'cellPadGetInfo2' in 'sys_io' module
LDR: ! Imported function 'cellPadSetActDirect' in 'sys_io' module
LDR: ! Imported function 'cellKbRead' in 'sys_io' module
LDR: ! Imported function 'cellSysutilUnregisterCallback' in 'cellSysutil' module
LDR: W Unimplemented function 'cellSaveDataUserListSave' in 'cellSysutil' module
LDR: ! Imported function 'cellVideoOutGetConfiguration' in 'cellSysutil' module
LDR: ! Imported function 'cellSysutilCheckCallback' in 'cellSysutil' module
LDR: ! Imported function 'cellSysCacheMount' in 'cellSysutil' module
LDR: ! Imported function 'cellVideoOutGetDeviceInfo' in 'cellSysutil' module
LDR: ! Imported function 'cellMsgDialogClose' in 'cellSysutil' module
LDR: W Unimplemented function 'cellSaveDataUserListLoad' in 'cellSysutil' module
LDR: ! Imported function 'cellMsgDialogOpenErrorCode' in 'cellSysutil' module
LDR: W Unimplemented function 'cellSaveDataUserFixedSave' in 'cellSysutil' module
LDR: ! Imported function 'cellSysutilGetSystemParamInt' in 'cellSysutil' module
LDR: ! Imported function 'cellAudioOutConfigure' in 'cellSysutil' module
LDR: W Unimplemented function 'cellSaveDataUserAutoSave' in 'cellSysutil' module
LDR: ! Imported function 'cellMsgDialogAbort' in 'cellSysutil' module
LDR: W Unimplemented function 'cellSaveDataUserFixedLoad' in 'cellSysutil' module
LDR: ! Imported function 'cellMsgDialogOpen2' in 'cellSysutil' module
LDR: ! Imported function 'cellAudioOutGetDeviceInfo' in 'cellSysutil' module
LDR: W Unimplemented function 'cellSaveDataUserFixedDelete' in 'cellSysutil' module
LDR: ! Imported function 'cellSysutilRegisterCallback' in 'cellSysutil' module
LDR: ! Imported function 'cellVideoOutGetResolutionAvailability' in 'cellSysutil' module
LDR: ! Imported function 'cellAudioOutGetSoundAvailability' in 'cellSysutil' module
LDR: W Unimplemented function 'cellSaveDataUserAutoLoad' in 'cellSysutil' module
LDR: ! Imported function 'cellVideoOutGetResolution' in 'cellSysutil' module
LDR: ! Imported function 'cellAudioOutGetNumberOfDevice' in 'cellSysutil' module
LDR: W Unimplemented function 'cellSaveDataEnableOverlay' in 'cellSysutil' module
LDR: ! Imported function 'cellAudioOutGetConfiguration' in 'cellSysutil' module
LDR: ! Imported function 'cellAudioOutGetState' in 'cellSysutil' module
LDR: ! Imported function 'cellGcmGetTiledPitchSize' in 'cellGcmSys' module
LDR: ! Imported function 'cellGcmInitCursor' in 'cellGcmSys' module
LDR: ! Imported function '_cellGcmInitBody' in 'cellGcmSys' module
LDR: ! Imported function 'cellGcmSetCursorPosition' in 'cellGcmSys' module
LDR: ! Imported function '_cellGcmSetFlipCommand' in 'cellGcmSys' module
LDR: ! Imported function 'cellGcmAddressToOffset' in 'cellGcmSys' module
LDR: ! Imported function 'cellGcmGetLastSecondVTime' in 'cellGcmSys' module
LDR: ! Imported function '_cellGcmFunc15' in 'cellGcmSys' module
LDR: ! Imported function 'cellGcmBindTile' in 'cellGcmSys' module
LDR: ! Imported function 'cellGcmSetFlipMode' in 'cellGcmSys' module
LDR: ! Imported function 'cellGcmSetSecondVFrequency' in 'cellGcmSys' module
LDR: ! Imported function 'cellGcmGetDefaultCommandWordSize' in 'cellGcmSys' module
LDR: ! Imported function 'cellGcmGetLastFlipTime' in 'cellGcmSys' module
LDR: ! Imported function 'cellGcmSetCursorDisable' in 'cellGcmSys' module
LDR: ! Imported function 'cellGcmGetFlipStatus' in 'cellGcmSys' module
LDR: ! Imported function 'cellGcmGetDefaultSegmentWordSize' in 'cellGcmSys' module
LDR: ! Imported function 'cellGcmSetDefaultFifoSize' in 'cellGcmSys' module
LDR: ! Imported function 'cellGcmBindZcull' in 'cellGcmSys' module
LDR: ! Imported function 'cellGcmMapMainMemory' in 'cellGcmSys' module
LDR: ! Imported function 'cellGcmSetFlipHandler' in 'cellGcmSys' module
LDR: ! Imported function 'cellGcmSetDisplayBuffer' in 'cellGcmSys' module
LDR: ! Imported function 'cellGcmGetControlRegister' in 'cellGcmSys' module
LDR: ! Imported function 'cellGcmSetVBlankHandler' in 'cellGcmSys' module
LDR: ! Imported function 'cellGcmResetFlipStatus' in 'cellGcmSys' module
LDR: ! Imported function 'cellGcmSetTileInfo' in 'cellGcmSys' module
LDR: ! Imported function 'cellGcmUpdateCursor' in 'cellGcmSys' module
LDR: ! Imported function 'cellGcmSetCursorEnable' in 'cellGcmSys' module
LDR: ! Imported function 'cellGcmInitDefaultFifoMode' in 'cellGcmSys' module
LDR: ! Imported function '_cellGcmSetFlipCommandWithWaitLabel' in 'cellGcmSys' module
LDR: ! Imported function 'cellGcmUnbindTile' in 'cellGcmSys' module
LDR: ! Imported function 'cellGcmGetConfiguration' in 'cellGcmSys' module
LDR: ! Imported function 'cellGcmGetLabelAddress' in 'cellGcmSys' module
LDR: ! Imported function 'cellGcmSetCursorImageOffset' in 'cellGcmSys' module
LDR: ! Imported function 'cellSysmoduleUnloadModule' in 'cellSysmodule' module
LDR: ! Imported function 'cellSysmoduleLoadModule' in 'cellSysmodule' module
LDR: ! Imported function 'cellSysmoduleInitialize' in 'cellSysmodule' module
LDR: ! Imported function 'cellSysmoduleIsLoaded' in 'cellSysmodule' module
LDR: ! Imported function '_cellSpursLFQueueInitialize' in 'cellSpurs' module
LDR: ! Imported function 'cellSpursAttributeSetNamePrefix' in 'cellSpurs' module
LDR: ! Imported function '_cellSpursTasksetAttributeInitialize' in 'cellSpurs' module
LDR: ! Imported function 'cellSpursLFQueueAttachLv2EventQueue' in 'cellSpurs' module
LDR: ! Imported function 'cellSpursEventFlagDetachLv2EventQueue' in 'cellSpurs' module
LDR: ! Imported function 'cellSpursCreateJobChainWithAttribute' in 'cellSpurs' module
LDR: ! Imported function '_cellSpursJobChainAttributeInitialize' in 'cellSpurs' module
LDR: ! Imported function 'cellSpursEventFlagWait' in 'cellSpurs' module
LDR: ! Imported function 'cellSpursEventFlagClear' in 'cellSpurs' module
LDR: ! Imported function 'cellSpursDetachLv2EventQueue' in 'cellSpurs' module
LDR: ! Imported function 'cellSpursCreateTaskset' in 'cellSpurs' module
LDR: ! Imported function '_cellSpursEventFlagInitialize' in 'cellSpurs' module
LDR: ! Imported function 'cellSpursTasksetAttributeSetName' in 'cellSpurs' module
LDR: ! Imported function 'cellSpursJobGuardInitialize' in 'cellSpurs' module
LDR: ! Imported function 'cellSpursShutdownJobChain' in 'cellSpurs' module
LDR: ! Imported function 'cellSpursLFQueueDetachLv2EventQueue' in 'cellSpurs' module
LDR: ! Imported function 'cellSpursEventFlagAttachLv2EventQueue' in 'cellSpurs' module
LDR: ! Imported function '_cellSpursLFQueuePushBody' in 'cellSpurs' module
LDR: ! Imported function '_cellSpursAttributeInitialize' in 'cellSpurs' module
LDR: ! Imported function 'cellSpursJoinTaskset' in 'cellSpurs' module
LDR: ! Imported function 'cellSpursJobChainAttributeSetName' in 'cellSpurs' module
LDR: ! Imported function 'cellSpursShutdownTaskset' in 'cellSpurs' module
LDR: ! Imported function 'cellSpursJoinJobChain' in 'cellSpurs' module
LDR: ! Imported function 'cellSpursInitializeWithAttribute' in 'cellSpurs' module
LDR: ! Imported function 'cellSpursAttachLv2EventQueue' in 'cellSpurs' module
LDR: ! Imported function 'cellSpursCreateTask' in 'cellSpurs' module
LDR: ! Imported function 'cellSpursCreateTasksetWithAttribute' in 'cellSpurs' module
LDR: ! Imported function 'cellSpursFinalize' in 'cellSpurs' module
LDR: ! Imported function 'cellSpursJobGuardNotify' in 'cellSpurs' module
LDR: ! Imported function '_cellSpursSendSignal' in 'cellSpurs' module
LDR: ! Imported function 'cellSpursRunJobChain' in 'cellSpurs' module
LDR: ! Imported function 'cellSpursEventFlagSet' in 'cellSpurs' module
LDR: ! Imported function 'cellSpursDestroyTaskset2' in 'cellSpurs' module
LDR: ! Imported function 'cellSpursCreateTaskset2' in 'cellSpurs' module
LDR: ! Imported function 'cellSpursTryJoinTask2' in 'cellSpurs' module
LDR: ! Imported function 'cellSpursJoinTask2' in 'cellSpurs' module
LDR: ! Imported function '_cellSpursTasksetAttribute2Initialize' in 'cellSpurs' module
LDR: ! Imported function 'cellSpursCreateTask2' in 'cellSpurs' module
LDR: ! Imported function 'cellAudioCreateNotifyEventQueue' in 'cellAudio' module
LDR: ! Imported function 'cellAudioInit' in 'cellAudio' module
LDR: ! Imported function 'cellAudioSetNotifyEventQueue' in 'cellAudio' module
LDR: ! Imported function 'cellAudioGetPortTimestamp' in 'cellAudio' module
LDR: ! Imported function 'cellAudioPortClose' in 'cellAudio' module
LDR: ! Imported function 'cellAudioPortStop' in 'cellAudio' module
LDR: ! Imported function 'cellAudioGetPortConfig' in 'cellAudio' module
LDR: ! Imported function 'cellAudioPortStart' in 'cellAudio' module
LDR: ! Imported function 'cellAudioQuit' in 'cellAudio' module
LDR: ! Imported function 'cellAudioPortOpen' in 'cellAudio' module
LDR: ! Imported function 'cellAudioGetPortBlockTag' in 'cellAudio' module
LDR: ! Imported function 'cellAudioRemoveNotifyEventQueue' in 'cellAudio' module
LDR: ! Imported function 'sys_net_initialize_network_ex' in 'sys_net' module
LDR: ! Imported function 'sys_net_finalize_network' in 'sys_net' module
LDR: ! Imported function 'listen' in 'sys_net' module
LDR: W Unimplemented function 'socketselect' in 'sys_net' module
LDR: ! Imported function 'connect' in 'sys_net' module
LDR: ! Imported function 'socketclose' in 'sys_net' module
LDR: ! Imported function 'setsockopt' in 'sys_net' module
LDR: ! Imported function 'socket' in 'sys_net' module
LDR: ! Imported function 'bind' in 'sys_net' module
LDR: ! Imported function 'sys_net_show_ifconfig' in 'sys_net' module
LDR: ! Imported function 'accept' in 'sys_net' module
LDR: ! Imported function 'inet_addr' in 'sys_net' module
LDR: ! Imported function 'send' in 'sys_net' module
LDR: ! Imported function 'recv' in 'sys_net' module
LDR: ! Imported function 'cellNetCtlNetStartDialogLoadAsync' in 'cellNetCtl' module
LDR: ! Imported function 'cellNetCtlNetStartDialogUnloadAsync' in 'cellNetCtl' module
LDR: ! Imported function 'cellNetCtlTerm' in 'cellNetCtl' module
LDR: ! Imported function 'cellNetCtlInit' in 'cellNetCtl' module
LDR: ! Imported function 'cellNetCtlGetState' in 'cellNetCtl' module
LDR: ! Imported function 'sceNpBasicGetFriendListEntry' in 'sceNp' module
LDR: ! Imported function 'sceNpScoreRecordScore' in 'sceNp' module
LDR: ! Imported function 'sceNpScoreWaitAsync' in 'sceNp' module
LDR: ! Imported function 'sceNpScoreGetRankingByRangeAsync' in 'sceNp' module
LDR: ! Imported function 'sceNpScoreDestroyTitleCtx' in 'sceNp' module
LDR: ! Imported function 'sceNpScoreInit' in 'sceNp' module
LDR: ! Imported function 'sceNpScoreGetRankingByNpIdAsync' in 'sceNp' module
LDR: ! Imported function 'sceNpTerm' in 'sceNp' module
LDR: ! Imported function 'sceNpManagerUnregisterCallback' in 'sceNp' module
LDR: ! Imported function 'sceNpBasicSetPresenceDetails2' in 'sceNp' module
LDR: ! Imported function 'sceNpManagerGetContentRatingFlag' in 'sceNp' module
LDR: ! Imported function 'sceNpScoreCreateTransactionCtx' in 'sceNp' module
LDR: ! Imported function 'sceNpScoreTerm' in 'sceNp' module
LDR: ! Imported function 'sceNpManagerGetStatus' in 'sceNp' module
LDR: ! Imported function 'sceNpDrmIsAvailable' in 'sceNp' module
LDR: ! Imported function 'sceNpBasicGetFriendListEntryCount' in 'sceNp' module
LDR: ! Imported function 'sceNpManagerGetAccountRegion' in 'sceNp' module
LDR: ! Imported function 'sceNpScoreCreateTitleCtx' in 'sceNp' module
LDR: ! Imported function 'sceNpInit' in 'sceNp' module
LDR: ! Imported function 'sceNpScoreDestroyTransactionCtx' in 'sceNp' module
LDR: ! Imported function 'sceNpManagerRegisterCallback' in 'sceNp' module
LDR: ! Imported function 'sceNpScoreAbortTransaction' in 'sceNp' module
LDR: ! Imported function 'sceNpDrmIsAvailable2' in 'sceNp' module
LDR: ! Imported function 'sceNpManagerGetNpId' in 'sceNp' module
LDR: ! Imported function 'sceNpTrophyRegisterContext' in 'sceNpTrophy' module
LDR: ! Imported function 'sceNpTrophyCreateHandle' in 'sceNpTrophy' module
LDR: ! Imported function 'sceNpTrophyGetRequiredDiskSpace' in 'sceNpTrophy' module
LDR: ! Imported function 'sceNpTrophyDestroyContext' in 'sceNpTrophy' module
LDR: ! Imported function 'sceNpTrophyInit' in 'sceNpTrophy' module
LDR: ! Imported function 'sceNpTrophyGetGameInfo' in 'sceNpTrophy' module
LDR: ! Imported function 'sceNpTrophyDestroyHandle' in 'sceNpTrophy' module
LDR: ! Imported function 'sceNpTrophyUnlockTrophy' in 'sceNpTrophy' module
LDR: ! Imported function 'sceNpTrophyTerm' in 'sceNpTrophy' module
LDR: ! Imported function 'sceNpTrophyGetTrophyUnlockState' in 'sceNpTrophy' module
LDR: ! Imported function 'sceNpTrophyCreateContext' in 'sceNpTrophy' module
LDR: W Unknown module 'cellSaveData'
LDR: ! Imported function 'cellSaveDataUserListExport' in 'cellSaveData' module
LDR: ! Imported function 'cellSaveDataUserListImport' in 'cellSaveData' module
LDR: ! Imported function 'cellSaveDataUserFixedImport' in 'cellSaveData' module
LDR: ! Imported function 'cellSaveDataUserListDelete' in 'cellSaveData' module
LDR: ! Imported function 'cellSaveDataUserFixedExport' in 'cellSaveData' module
LDR: ! Imported function 'cellCameraReadEx' in 'cellCamera' module
LDR: ! Imported function 'cellCameraClose' in 'cellCamera' module
LDR: ! Imported function 'cellCameraStart' in 'cellCamera' module
LDR: ! Imported function 'cellCameraGetType' in 'cellCamera' module
LDR: ! Imported function 'cellCameraOpenEx' in 'cellCamera' module
LDR: ! Imported function 'cellCameraReset' in 'cellCamera' module
LDR: ! Imported function 'cellCameraInit' in 'cellCamera' module
LDR: W Unknown module 'cellScreenShotUtility'
LDR: ! Imported function 'cellScreenShotEnable' in 'cellScreenShotUtility' module
LDR: ! Imported function 'cellScreenShotSetParameter' in 'cellScreenShotUtility' module
LDR: W Unknown module 'cellPrx_VPE_PRX'
LDR: ! Imported function 'Unknown func id: 0x148ef7e8' in 'cellPrx_VPE_PRX' module
LDR: ! Imported function 'Unknown func id: 0x2b76ad00' in 'cellPrx_VPE_PRX' module
LDR: ! Imported function 'Unknown func id: 0x5db50254' in 'cellPrx_VPE_PRX' module
LDR: ! Imported function 'Unknown func id: 0xe3d3b36b' in 'cellPrx_VPE_PRX' module
LDR: ! Imported function 'cellSyncMutexUnlock' in 'cellSync' module
LDR: ! Imported function 'cellSyncMutexInitialize' in 'cellSync' module
LDR: ! Imported function 'cellSyncMutexTryLock' in 'cellSync' module
LDR: W Unknown module 'cellPrx_SPU_Skinner_PRX'
LDR: ! Imported function 'Unknown func id: 0x2169ada2' in 'cellPrx_SPU_Skinner_PRX' module
LDR: ! Imported function 'Unknown func id: 0x5770a57a' in 'cellPrx_SPU_Skinner_PRX' module
LDR: ! Imported function 'Unknown func id: 0x6d54fbbb' in 'cellPrx_SPU_Skinner_PRX' module
LDR: ! Imported function 'Unknown func id: 0x9b62a4d5' in 'cellPrx_SPU_Skinner_PRX' module
LDR: ! Imported function 'sys_lwmutex_lock' in 'sysPrxForUser' module
LDR: ! Imported function 'sys_lwmutex_unlock' in 'sysPrxForUser' module
LDR: ! Imported function 'sys_lwcond_destroy' in 'sysPrxForUser' module
LDR: ! Imported function 'sys_ppu_thread_create' in 'sysPrxForUser' module
LDR: ! Imported function 'sys_prx_load_module' in 'sysPrxForUser' module
LDR: ! Imported function 'sys_lwcond_wait' in 'sysPrxForUser' module
LDR: ! Imported function '_sys_process_atexitspawn' in 'sysPrxForUser' module
LDR: ! Imported function 'sys_lwmutex_create' in 'sysPrxForUser' module
LDR: ! Imported function 'sys_ppu_thread_get_id' in 'sysPrxForUser' module
LDR: ! Imported function 'sys_prx_register_library' in 'sysPrxForUser' module
LDR: ! Imported function 'Unknown func id: 0x4f7172c9' in 'sysPrxForUser' module
LDR: ! Imported function 'sys_initialize_tls' in 'sysPrxForUser' module
LDR: ! Imported function 'sys_prx_stop_module' in 'sysPrxForUser' module
LDR: ! Imported function 'sys_time_get_system_time' in 'sysPrxForUser' module
LDR: ! Imported function '_sys_process_at_Exitspawn' in 'sysPrxForUser' module
LDR: ! Imported function 'sys_prx_start_module' in 'sysPrxForUser' module
LDR: ! Imported function 'sys_prx_exitspawn_with_level' in 'sysPrxForUser' module
LDR: W Unimplemented function 'sys_prx_load_module_on_memcontainer_by_fd' in 'sysPrxForUser' module
LDR: ! Imported function 'sys_prx_load_module_on_memcontainer' in 'sysPrxForUser' module
LDR: ! Imported function 'sys_lwmutex_trylock' in 'sysPrxForUser' module
LDR: ! Imported function 'sys_ppu_thread_exit' in 'sysPrxForUser' module
LDR: ! Imported function 'sys_lwmutex_destroy' in 'sysPrxForUser' module
LDR: ! Imported function 'sys_lwcond_create' in 'sysPrxForUser' module
LDR: ! Imported function 'sys_spu_image_close' in 'sysPrxForUser' module
LDR: ! Imported function 'sys_process_exit' in 'sysPrxForUser' module
LDR: ! Imported function 'sys_lwcond_signal_all' in 'sysPrxForUser' module
LDR: W Unimplemented function 'sys_prx_load_module_by_fd' in 'sysPrxForUser' module
LDR: ! Imported function 'sys_lwcond_signal' in 'sysPrxForUser' module
LDR: ! Imported function 'sys_prx_unload_module' in 'sysPrxForUser' module
HLE: W {PPU[1] Thread (CPUThread)[0x01561058]} sys_lwmutex warning: sys_lwmutex_create(lwmutex_addr=0x14c6158, attr_addr=0xe57818)
HLE: ! {PPU[1] Thread (CPUThread)[0x01561058]} sys_lwmutex: *** lwmutex created [_lc_mtx] (attribute=0x12): sq_id = 3
HLE: W {PPU[1] Thread (CPUThread)[0x00406a3c]} sys_memory warning: sys_memory_get_user_memory_size(mem_info_addr=0xd000fc04)
HLE: W {PPU[1] Thread (CPUThread)[0x01561058]} sys_lwmutex warning: sys_lwmutex_create(lwmutex_addr=0x14c5f60, attr_addr=0xe57818)
HLE: ! {PPU[1] Thread (CPUThread)[0x01561058]} sys_lwmutex: *** lwmutex created [_lc_mtx] (attribute=0x12): sq_id = 4
HLE: W {PPU[1] Thread (CPUThread)[0x01561058]} sys_lwmutex warning: sys_lwmutex_create(lwmutex_addr=0x14c56e8, attr_addr=0xe57818)
HLE: ! {PPU[1] Thread (CPUThread)[0x01561058]} sys_lwmutex: *** lwmutex created [_lc_mtx] (attribute=0x12): sq_id = 5
HLE: W {PPU[1] Thread (CPUThread)[0x01561058]} sys_lwmutex warning: sys_lwmutex_create(lwmutex_addr=0x14c5710, attr_addr=0xe57818)
HLE: ! {PPU[1] Thread (CPUThread)[0x01561058]} sys_lwmutex: *** lwmutex created [_lc_mtx] (attribute=0x12): sq_id = 6
HLE: W {PPU[1] Thread (CPUThread)[0x01561058]} sys_lwmutex warning: sys_lwmutex_create(lwmutex_addr=0x14c5738, attr_addr=0xe57818)
HLE: ! {PPU[1] Thread (CPUThread)[0x01561058]} sys_lwmutex: *** lwmutex created [_lc_mtx] (attribute=0x12): sq_id = 7
HLE: W {PPU[1] Thread (CPUThread)[0x01561058]} sys_lwmutex warning: sys_lwmutex_create(lwmutex_addr=0x14c5620, attr_addr=0xe57818)
HLE: ! {PPU[1] Thread (CPUThread)[0x01561058]} sys_lwmutex: *** lwmutex created [_lc_mtx] (attribute=0x12): sq_id = 8
HLE: W {PPU[1] Thread (CPUThread)[0x01561058]} sys_lwmutex warning: sys_lwmutex_create(lwmutex_addr=0x14c5648, attr_addr=0xe57818)
HLE: ! {PPU[1] Thread (CPUThread)[0x01561058]} sys_lwmutex: *** lwmutex created [_lc_mtx] (attribute=0x12): sq_id = 9
HLE: W {PPU[1] Thread (CPUThread)[0x01561058]} sys_lwmutex warning: sys_lwmutex_create(lwmutex_addr=0x14c5670, attr_addr=0xe57818)
HLE: ! {PPU[1] Thread (CPUThread)[0x01561058]} sys_lwmutex: *** lwmutex created [_lc_mtx] (attribute=0x12): sq_id = 10
HLE: W {PPU[1] Thread (CPUThread)[0x01561058]} sys_lwmutex warning: sys_lwmutex_create(lwmutex_addr=0x14c5698, attr_addr=0xe57818)
HLE: ! {PPU[1] Thread (CPUThread)[0x01561058]} sys_lwmutex: *** lwmutex created [_lc_mtx] (attribute=0x12): sq_id = 11
HLE: W {PPU[1] Thread (CPUThread)[0x01561058]} sys_lwmutex warning: sys_lwmutex_create(lwmutex_addr=0x14c56c0, attr_addr=0xe57818)
HLE: ! {PPU[1] Thread (CPUThread)[0x01561058]} sys_lwmutex: *** lwmutex created [_lc_mtx] (attribute=0x12): sq_id = 12
HLE: W {PPU[1] Thread (CPUThread)[0x01561058]} sys_lwmutex warning: sys_lwmutex_create(lwmutex_addr=0x14c62a8, attr_addr=0x11c7e60)
HLE: ! {PPU[1] Thread (CPUThread)[0x01561058]} sys_lwmutex: *** lwmutex created [_lgcmtx] (attribute=0x12): sq_id = 13
HLE: W {PPU[1] Thread (CPUThread)[0x01561058]} sys_lwmutex warning: sys_lwmutex_create(lwmutex_addr=0x14c6268, attr_addr=0x11c7e70)
HLE: ! {PPU[1] Thread (CPUThread)[0x01561058]} sys_lwmutex: *** lwmutex created [_lgcmtx] (attribute=0x22): sq_id = 14
HLE: W {PPU[1] Thread (CPUThread)[0x01561058]} sys_lwmutex warning: sys_lwmutex_create(lwmutex_addr=0x301002e0, attr_addr=0xe57818)
HLE: ! {PPU[1] Thread (CPUThread)[0x01561058]} sys_lwmutex: *** lwmutex created [_lc_mtx] (attribute=0x12): sq_id = 15
HLE: W {PPU[1] Thread (CPUThread)[0x01561058]} sys_lwmutex warning: sys_lwmutex_create(lwmutex_addr=0x30100350, attr_addr=0xe57818)
HLE: ! {PPU[1] Thread (CPUThread)[0x01561058]} sys_lwmutex: *** lwmutex created [_lc_mtx] (attribute=0x12): sq_id = 16
HLE: W {PPU[1] Thread (CPUThread)[0x01561058]} sys_lwmutex warning: sys_lwmutex_create(lwmutex_addr=0x301003d0, attr_addr=0xe57818)
HLE: ! {PPU[1] Thread (CPUThread)[0x01561058]} sys_lwmutex: *** lwmutex created [_lc_mtx] (attribute=0x12): sq_id = 17
HLE: W {PPU[1] Thread (CPUThread)[0x01561058]} sys_lwmutex warning: sys_lwmutex_create(lwmutex_addr=0x30100430, attr_addr=0xe57818)
HLE: ! {PPU[1] Thread (CPUThread)[0x01561058]} sys_lwmutex: *** lwmutex created [_lc_mtx] (attribute=0x12): sq_id = 18
HLE: W {PPU[1] Thread (CPUThread)[0x01561058]} sys_lwmutex warning: sys_lwmutex_create(lwmutex_addr=0x30100470, attr_addr=0xe57818)
HLE: ! {PPU[1] Thread (CPUThread)[0x01561058]} sys_lwmutex: *** lwmutex created [_lc_mtx] (attribute=0x12): sq_id = 19
HLE: W {PPU[1] Thread (CPUThread)[0x01561058]} sys_lwmutex warning: sys_lwmutex_create(lwmutex_addr=0x301004b0, attr_addr=0xe57818)
HLE: ! {PPU[1] Thread (CPUThread)[0x01561058]} sys_lwmutex: *** lwmutex created [_lc_mtx] (attribute=0x12): sq_id = 20
HLE: W {PPU[1] Thread (CPUThread)[0x01561058]} sys_lwmutex warning: sys_lwmutex_create(lwmutex_addr=0x30100570, attr_addr=0xe57818)
HLE: ! {PPU[1] Thread (CPUThread)[0x01561058]} sys_lwmutex: *** lwmutex created [_lc_mtx] (attribute=0x12): sq_id = 21
HLE: W {PPU[1] Thread (CPUThread)[0x01561058]} sys_lwmutex warning: sys_lwmutex_create(lwmutex_addr=0x301005a0, attr_addr=0xe57818)
HLE: ! {PPU[1] Thread (CPUThread)[0x01561058]} sys_lwmutex: *** lwmutex created [_lc_mtx] (attribute=0x12): sq_id = 22
HLE: W {PPU[1] Thread (CPUThread)[0x01561058]} sys_lwmutex warning: sys_lwmutex_create(lwmutex_addr=0x301005d0, attr_addr=0xe57818)
HLE: ! {PPU[1] Thread (CPUThread)[0x01561058]} sys_lwmutex: *** lwmutex created [_lc_mtx] (attribute=0x12): sq_id = 23
HLE: W {PPU[1] Thread (CPUThread)[0x01561058]} sys_lwmutex warning: sys_lwmutex_create(lwmutex_addr=0x30100600, attr_addr=0xe57818)
HLE: ! {PPU[1] Thread (CPUThread)[0x01561058]} sys_lwmutex: *** lwmutex created [_lc_mtx] (attribute=0x12): sq_id = 24
HLE: W {PPU[1] Thread (CPUThread)[0x01561058]} sys_lwmutex warning: sys_lwmutex_create(lwmutex_addr=0x30100630, attr_addr=0xe57818)
HLE: ! {PPU[1] Thread (CPUThread)[0x01561058]} sys_lwmutex: *** lwmutex created [_lc_mtx] (attribute=0x12): sq_id = 25
HLE: W {PPU[1] Thread (CPUThread)[0x01561058]} sys_lwmutex warning: sys_lwmutex_create(lwmutex_addr=0x30100660, attr_addr=0xe57818)
HLE: ! {PPU[1] Thread (CPUThread)[0x01561058]} sys_lwmutex: *** lwmutex created [_lc_mtx] (attribute=0x12): sq_id = 26
HLE: W {PPU[1] Thread (CPUThread)[0x01561058]} sys_lwmutex warning: sys_lwmutex_create(lwmutex_addr=0x11c7b30, attr_addr=0xd000fbb0)
HLE: ! {PPU[1] Thread (CPUThread)[0x01561058]} sys_lwmutex: *** lwmutex created [] (attribute=0x22): sq_id = 27
HLE: W {PPU[1] Thread (CPUThread)[0x01561058]} sys_lwmutex warning: sys_lwmutex_create(lwmutex_addr=0x11cc6f8, attr_addr=0xd000fbb0)
HLE: ! {PPU[1] Thread (CPUThread)[0x01561058]} sys_lwmutex: *** lwmutex created [] (attribute=0x22): sq_id = 28
HLE: W {PPU[1] Thread (CPUThread)[0x01561058]} sys_lwmutex warning: sys_lwmutex_create(lwmutex_addr=0x11cc6d0, attr_addr=0xd000fbd0)
HLE: ! {PPU[1] Thread (CPUThread)[0x01561058]} sys_lwmutex: *** lwmutex created [] (attribute=0x22): sq_id = 29
HLE: W {PPU[1] Thread (CPUThread)[0x01561058]} sys_lwmutex warning: sys_lwmutex_create(lwmutex_addr=0x11cc6a8, attr_addr=0xd000fbd0)
HLE: ! {PPU[1] Thread (CPUThread)[0x01561058]} sys_lwmutex: *** lwmutex created [] (attribute=0x22): sq_id = 30
HLE: W {PPU[1] Thread (CPUThread)[0x01561058]} sys_lwmutex warning: sys_lwmutex_create(lwmutex_addr=0x14c7f40, attr_addr=0xd000fbd0)
HLE: ! {PPU[1] Thread (CPUThread)[0x01561058]} sys_lwmutex: *** lwmutex created [] (attribute=0x22): sq_id = 31
HLE: W {PPU[1] Thread (CPUThread)[0x003f3d90]} sys_time warning: sys_time_get_timezone(timezone_addr=0xd000fb20, summertime_addr=0xd000fb24)
HLE: W {PPU[1] Thread (CPUThread)[0x003f3d90]} cellSysutil warning: cellSysutilGetSystemParamInt: CELL_SYSUTIL_SYSTEMPARAM_ID_TIMEZONE
HLE: W {PPU[1] Thread (CPUThread)[0x003f3d90]} cellSysutil warning: cellSysutilGetSystemParamInt: CELL_SYSUTIL_SYSTEMPARAM_ID_SUMMERTIME
HLE: W {PPU[1] Thread (CPUThread)[0x003fc884]} sys_time warning: sys_time_get_timezone(timezone_addr=0xd000fa70, summertime_addr=0xd000fa74)
HLE: W {PPU[1] Thread (CPUThread)[0x003fc884]} cellSysutil warning: cellSysutilGetSystemParamInt: CELL_SYSUTIL_SYSTEMPARAM_ID_TIMEZONE
HLE: W {PPU[1] Thread (CPUThread)[0x003fc884]} cellSysutil warning: cellSysutilGetSystemParamInt: CELL_SYSUTIL_SYSTEMPARAM_ID_SUMMERTIME
HLE: W {PPU[1] Thread (CPUThread)[0x003f5800]} sys_time warning: sys_time_get_timezone(timezone_addr=0xd000fb20, summertime_addr=0xd000fb24)
HLE: W {PPU[1] Thread (CPUThread)[0x003f5800]} cellSysutil warning: cellSysutilGetSystemParamInt: CELL_SYSUTIL_SYSTEMPARAM_ID_TIMEZONE
HLE: W {PPU[1] Thread (CPUThread)[0x003f5800]} cellSysutil warning: cellSysutilGetSystemParamInt: CELL_SYSUTIL_SYSTEMPARAM_ID_SUMMERTIME
HLE: W {PPU[1] Thread (CPUThread)[0x003fc884]} sys_time warning: sys_time_get_timezone(timezone_addr=0xd000fa70, summertime_addr=0xd000fa74)
HLE: W {PPU[1] Thread (CPUThread)[0x003fc884]} cellSysutil warning: cellSysutilGetSystemParamInt: CELL_SYSUTIL_SYSTEMPARAM_ID_TIMEZONE
HLE: W {PPU[1] Thread (CPUThread)[0x003fc884]} cellSysutil warning: cellSysutilGetSystemParamInt: CELL_SYSUTIL_SYSTEMPARAM_ID_SUMMERTIME
HLE: W {PPU[1] Thread (CPUThread)[0x003f3d34]} sys_time warning: sys_time_get_timezone(timezone_addr=0xd000fb20, summertime_addr=0xd000fb24)
HLE: W {PPU[1] Thread (CPUThread)[0x003f3d34]} cellSysutil warning: cellSysutilGetSystemParamInt: CELL_SYSUTIL_SYSTEMPARAM_ID_TIMEZONE
HLE: W {PPU[1] Thread (CPUThread)[0x003f3d34]} cellSysutil warning: cellSysutilGetSystemParamInt: CELL_SYSUTIL_SYSTEMPARAM_ID_SUMMERTIME
HLE: W {PPU[1] Thread (CPUThread)[0x003f5800]} sys_time warning: sys_time_get_timezone(timezone_addr=0xd000fb20, summertime_addr=0xd000fb24)
HLE: W {PPU[1] Thread (CPUThread)[0x003f5800]} cellSysutil warning: cellSysutilGetSystemParamInt: CELL_SYSUTIL_SYSTEMPARAM_ID_TIMEZONE
HLE: W {PPU[1] Thread (CPUThread)[0x003f5800]} cellSysutil warning: cellSysutilGetSystemParamInt: CELL_SYSUTIL_SYSTEMPARAM_ID_SUMMERTIME
HLE: W {PPU[1] Thread (CPUThread)[0x01561058]} sys_lwmutex warning: sys_lwmutex_create(lwmutex_addr=0x120c588, attr_addr=0xd000fb50)
HLE: ! {PPU[1] Thread (CPUThread)[0x01561058]} sys_lwmutex: *** lwmutex created [ps3HDDL] (attribute=0x12): sq_id = 32
HLE: W {PPU[1] Thread (CPUThread)[0x003dee3c]} sys_mutex warning: *** mutex created [] (protocol=0x1, recursive=true): id = 33
HLE: W {PPU[1] Thread (CPUThread)[0x003dee3c]} sys_mutex warning: *** mutex created [] (protocol=0x1, recursive=true): id = 34
HLE: W {PPU[1] Thread (CPUThread)[0x003dee3c]} sys_mutex warning: *** mutex created [] (protocol=0x1, recursive=true): id = 35
HLE: W {PPU[1] Thread (CPUThread)[0x003dee3c]} sys_mutex warning: *** mutex created [] (protocol=0x1, recursive=true): id = 36
TTY: This is not a demo build
TTY: This is a final build
HLE: W {PPU[1] Thread (CPUThread)[0x0012f810]} sys_mutex warning: *** mutex created [] (protocol=0x2, recursive=true): id = 37
HLE: W {PPU[1] Thread (CPUThread)[0x0012f83c]} sys_cond warning: *** condition on recursive mutex(37)
HLE: W {PPU[1] Thread (CPUThread)[0x0012f83c]} sys_cond warning: *** condition created [] (mutex_id=37): id = 38
HLE: W {PPU[1] Thread (CPUThread)[0x0012f854]} sys_spu warning: sys_spu_initialize(max_usable_spu=6, max_raw_spu=0)
HLE: W {PPU[1] Thread (CPUThread)[0x01547010]} cellSysmodule warning: cellSysmoduleLoadModule(CELL_SYSMODULE_SYNC)
HLE: W {PPU[1] Thread (CPUThread)[0x01547010]} cellSysmodule warning: cellSysmoduleLoadModule(CELL_SYSMODULE_SPURS)
HLE: W {PPU[1] Thread (CPUThread)[0x01547010]} cellSysmodule warning: cellSysmoduleLoadModule(CELL_SYSMODULE_NET)
HLE: W {PPU[1] Thread (CPUThread)[0x01547010]} cellSysmodule warning: cellSysmoduleLoadModule(CELL_SYSMODULE_SYSUTIL_NP)
HLE: W {PPU[1] Thread (CPUThread)[0x01547010]} cellSysmodule warning: cellSysmoduleLoadModule(CELL_SYSMODULE_SYSUTIL_NP_TROPHY)
HLE: W {PPU[1] Thread (CPUThread)[0x0154307c]} cellSysutil warning: cellSysutilGetSystemParamInt: CELL_SYSUTIL_SYSTEMPARAM_ID_LANG
HLE: W {PPU[1] Thread (CPUThread)[0x015430dc]} cellSysutil warning: cellSysutilRegisterCallback(slot=0, func_addr=0x114ae60, userdata=0x0)
HLE: W {PPU[1] Thread (CPUThread)[0x0154d004]} sys_net warning: sys_net_initialize_network_ex(param_addr=0xd000f8d0)
HLE: W {PPU[1] Thread (CPUThread)[0x015430e8]} cellSysutil warning: cellVideoOutGetResolutionAvailability(videoOut=0, resolutionId=0x2, option_addr=0x2, aspect=0x0, option=0xecabe870)
HLE: W {PPU[1] Thread (CPUThread)[0x01545148]} cellGcmSys warning: cellGcmInitDefaultFifoMode(mode=1)
HLE: W {PPU[1] Thread (CPUThread)[0x0154501c]} cellGcmSys warning: _cellGcmInitBody(context_addr=0x1411034, cmdSize=0x80000, ioSize=0x100000, ioAddress=0x30200000)
HLE: W {PPU[1] Thread (CPUThread)[0x0154501c]} cellGcmSys warning: *** local memory(addr=0xc0000000, size=0xf900000)
HLE: W {PPU[1] Thread (CPUThread)[0x0154501c]} cellGcmSys warning: cellGcmInit(): 256MB io address space used
HLE: W {PPU[1] Thread (CPUThread)[0x0154501c]} cellGcmSys warning: cellGcmMapEaIoAddress(ea=0x30200000, io=0x0, size=0x100000)
RSX: ! {RSXThread} RSX thread started
HLE: W {PPU[1] Thread (CPUThread)[0x01561058]} sys_lwmutex warning: sys_lwmutex_create(lwmutex_addr=0x11d5290, attr_addr=0xd000f7f0)
HLE: ! {PPU[1] Thread (CPUThread)[0x01561058]} sys_lwmutex: *** lwmutex created [] (attribute=0x12): sq_id = 39
HLE: W {PPU[1] Thread (CPUThread)[0x015450dc]} cellGcmSys warning: cellGcmMapMainMemory(ea=0x30500000,size=0x1500000,offset_addr=0x11f5358)
HLE: W {PPU[1] Thread (CPUThread)[0x01545070]} cellGcmSys warning: cellGcmSetFlipMode(mode=1)
HLE: W {PPU[1] Thread (CPUThread)[0x01545124]} cellGcmSys warning: cellGcmSetTileInfo(index=0, location=0, offset=1310720, size=3801088, pitch=5120, comp=7, base=0, bank=0)
HLE: E {PPU[1] Thread (CPUThread)[0x01545124]} cellGcmSys error: cellGcmSetTileInfo: bad compression mode! (7)
HLE: W {PPU[1] Thread (CPUThread)[0x01545064]} cellGcmSys warning: cellGcmBindTile(index=0)
HLE: W {PPU[1] Thread (CPUThread)[0x01545124]} cellGcmSys warning: cellGcmSetTileInfo(index=1, location=0, offset=5242880, size=3801088, pitch=5120, comp=7, base=58, bank=0)
HLE: E {PPU[1] Thread (CPUThread)[0x01545124]} cellGcmSys error: cellGcmSetTileInfo: bad compression mode! (7)
HLE: W {PPU[1] Thread (CPUThread)[0x01545064]} cellGcmSys warning: cellGcmBindTile(index=1)
HLE: W {PPU[1] Thread (CPUThread)[0x01545124]} cellGcmSys warning: cellGcmSetTileInfo(index=2, location=0, offset=9175040, size=3801088, pitch=5120, comp=10, base=116, bank=1)
HLE: E {PPU[1] Thread (CPUThread)[0x01545124]} cellGcmSys error: cellGcmSetTileInfo: bad compression mode! (10)
HLE: W {PPU[1] Thread (CPUThread)[0x01545064]} cellGcmSys warning: cellGcmBindTile(index=2)
HLE: W {PPU[1] Thread (CPUThread)[0x0154507c]} cellGcmSys warning: cellGcmSetSecondVFrequency(level=2)
HLE: W {PPU[1] Thread (CPUThread)[0x015450e8]} cellGcmSys warning: cellGcmSetFlipHandler(handler_addr=18132544)
HLE: W {PPU[1] Thread (CPUThread)[0x0154510c]} cellGcmSys warning: cellGcmSetVBlankHandler(handler_addr=0x114ada0)
HLE: W {PPU[1] Thread (CPUThread)[0x0154f028]} cellNetCtl warning: cellNetCtlInit()
HLE: W {PPU[1] Thread (CPUThread)[0x015490dc]} cellSpurs warning: _cellSpursAttributeInitialize(attr_addr=0xd000f630, revision=2, sdkVersion=0x330000, nSpus=1, spuPriority=230, ppuPriority=60, exitIfNoWork=0)
HLE: W {PPU[1] Thread (CPUThread)[0x01549010]} cellSpurs warning: cellSpursAttributeSetNamePrefix(attr_addr=0xd000f630, prefix_addr=0xecac28, size=14)
HLE: W {PPU[1] Thread (CPUThread)[0x01549118]} cellSpurs warning: cellSpursInitializeWithAttribute(spurs_addr=0x30111d00, attr_addr=0xd000f630)
HLE: ! {PPU[1] Thread (CPUThread)[0x01549118]} sys_semaphore: *** semaphore created [_spuWkl] (protocol=0x2): id = 40
HLE: ! {PPU[1] Thread (CPUThread)[0x01549118]} sys_semaphore: *** semaphore created [_spuWkl] (protocol=0x2): id = 41
HLE: ! {PPU[1] Thread (CPUThread)[0x01549118]} sys_semaphore: *** semaphore created [_spuWkl] (protocol=0x2): id = 42
HLE: ! {PPU[1] Thread (CPUThread)[0x01549118]} sys_semaphore: *** semaphore created [_spuWkl] (protocol=0x2): id = 43
HLE: ! {PPU[1] Thread (CPUThread)[0x01549118]} sys_semaphore: *** semaphore created [_spuWkl] (protocol=0x2): id = 44
HLE: ! {PPU[1] Thread (CPUThread)[0x01549118]} sys_semaphore: *** semaphore created [_spuWkl] (protocol=0x2): id = 45
HLE: ! {PPU[1] Thread (CPUThread)[0x01549118]} sys_semaphore: *** semaphore created [_spuWkl] (protocol=0x2): id = 46
HLE: ! {PPU[1] Thread (CPUThread)[0x01549118]} sys_semaphore: *** semaphore created [_spuWkl] (protocol=0x2): id = 47
HLE: ! {PPU[1] Thread (CPUThread)[0x01549118]} sys_semaphore: *** semaphore created [_spuWkl] (protocol=0x2): id = 48
HLE: ! {PPU[1] Thread (CPUThread)[0x01549118]} sys_semaphore: *** semaphore created [_spuWkl] (protocol=0x2): id = 49
HLE: ! {PPU[1] Thread (CPUThread)[0x01549118]} sys_semaphore: *** semaphore created [_spuWkl] (protocol=0x2): id = 50
HLE: ! {PPU[1] Thread (CPUThread)[0x01549118]} sys_semaphore: *** semaphore created [_spuWkl] (protocol=0x2): id = 51
HLE: ! {PPU[1] Thread (CPUThread)[0x01549118]} sys_semaphore: *** semaphore created [_spuWkl] (protocol=0x2): id = 52
HLE: ! {PPU[1] Thread (CPUThread)[0x01549118]} sys_semaphore: *** semaphore created [_spuWkl] (protocol=0x2): id = 53
HLE: ! {PPU[1] Thread (CPUThread)[0x01549118]} sys_semaphore: *** semaphore created [_spuWkl] (protocol=0x2): id = 54
HLE: ! {PPU[1] Thread (CPUThread)[0x01549118]} sys_semaphore: *** semaphore created [_spuWkl] (protocol=0x2): id = 55
HLE: ! {PPU[1] Thread (CPUThread)[0x01549118]} sys_semaphore: *** semaphore created [_spuPrv] (protocol=0x2): id = 56
HLE: ! {PPU[1] Thread (CPUThread)[0x01549118]} sys_spu: *** SPU Thread Group created [PlatformSPURS_CellSpursKernelGroup] (num=1, prio=230, type=0x0, container=0): id=57
HLE: E {PPU[1] Thread (CPUThread)[0x01549118]} sys_spu TODO: Unsupported SPU Thread options (0x2)
HLE: W {PPU[1] Thread (CPUThread)[0x01549118]} sys_spu warning: *** New SPU Thread [PlatformSPURS_CellSpursKernel0] (ep=0x0, opt=0x2, a1=0x0, a2=0x0, a3=0x0, a4=0x0): id=58
HLE: ! {PPU[1] Thread (CPUThread)[0x01549118]} sys_lwmutex: *** lwmutex created [_spuPrv] (attribute=0x22): sq_id = 59
HLE: W {PPU[1] Thread (CPUThread)[0x01549118]} sys_lwcond warning: *** lwcond created [_spuPrv] (lwmutex_addr=0x30112ab0): id = 60
HLE: W {PPU[1] Thread (CPUThread)[0x01549118]} sys_event warning: *** event_queue created [_spuPrv] (protocol=0x1, type=0x1, key=0x0, size=0x2a): id = 61
HLE: W {PPU[1] Thread (CPUThread)[0x01549118]} sys_spu warning: sys_spu_thread_group_connect_event_all_threads(id=57, eq_id=61, req=0xffffffffffff0000, spup_addr=0x30111dc9)
HLE: W {PPU[1] Thread (CPUThread)[0x01549118]} sys_spu warning: *** spup -> 16
HLE: W {PPU[1] Thread (CPUThread)[0x01549118]} sys_event warning: *** sys_event_port created: id = 62
HLE: W {PPU[1] Thread (CPUThread)[0x01549118]} sys_event warning: sys_event_port_connect_local(eport_id=62, equeue_id=61)
HLE: ! {PPU[1] Thread (CPUThread)[0x01549118]} sys_ppu_thread: *** New PPU Thread [PlatformSPURS_SpursHdlr0] (joinable, entry=0x0): id = 63
HLE: ! {PPU[1] Thread (CPUThread)[0x01549118]} sys_ppu_thread: *** New PPU Thread [PlatformSPURS_SpursHdlr1] (joinable, entry=0x0): id = 64
HLE: E {PPU[1] Thread (CPUThread)[0x01549118]} sys_spu TODO: sys_spu_thread_group_connect_event(id=57, eq=61, et=0x2)
HLE: W {PPU[1] Thread (CPUThread)[0x003dee3c]} sys_mutex warning: *** mutex created [] (protocol=0x1, recursive=false): id = 65
HLE: W {PPU[1] Thread (CPUThread)[0x003dee3c]} sys_mutex warning: *** mutex created [] (protocol=0x1, recursive=false): id = 66
HLE: W {PPU[1] Thread (CPUThread)[0x01547010]} cellSysmodule warning: cellSysmoduleLoadModule(CELL_SYSMODULE_GEM)
HLE: W {PPU[1] Thread (CPUThread)[0x000cfb7c]} sys_memory warning: sys_memory_container_create(cid_addr=0x11d4fbc, yield_size=0x100000)
HLE: W {PPU[1] Thread (CPUThread)[0x000cfb7c]} sys_memory warning: *** memory_container created(addr=0x31a00000): id = 67
HLE: W {PPU[1] Thread (CPUThread)[0x01547010]} cellSysmodule warning: cellSysmoduleLoadModule(CELL_SYSMODULE_CAMERA)
HLE: W {PPU[1] Thread (CPUThread)[0x0155704c]} cellCamera warning: cellCameraInit()
HLE: E {PPU[1] Thread (CPUThread)[0x01557034]} cellCamera TODO: cellCameraOpenEx
HLE: W {PPU[1] Thread (CPUThread)[0x01557028]} cellCamera warning: cellCameraGetType(dev_num=0, type_addr=0xd000f720)
HLE: W {PPU[1] Thread (CPUThread)[0x0110c040]} cellGem warning: cellGemGetMemorySize(max_connect=2)
MEM: E {PPU[1] Thread (CPUThread)[0x004053a4]} Page already registered (addr=0x40000000)
MEM: E {PPU[1] Thread (CPUThread)[0x004053a4]} Page already registered (addr=0x40001000)
MEM: E {PPU[1] Thread (CPUThread)[0x004053a4]} Page already registered (addr=0x40002000)
MEM: E {PPU[1] Thread (CPUThread)[0x004053a4]} Page already registered (addr=0x40003000)
MEM: E {PPU[1] Thread (CPUThread)[0x004053a4]} Page already registered (addr=0x40004000)
MEM: E {PPU[1] Thread (CPUThread)[0x004053a4]} Page already registered (addr=0x40005000)
MEM: E {PPU[1] Thread (CPUThread)[0x004053a4]} Page already registered (addr=0x40006000)
MEM: E {PPU[1] Thread (CPUThread)[0x004053a4]} Page already registered (addr=0x40007000)
MEM: E {PPU[1] Thread (CPUThread)[0x004053a4]} Page already registered (addr=0x40008000)
MEM: E {PPU[1] Thread (CPUThread)[0x004053a4]} Page already registered (addr=0x40009000)
MEM: E {PPU[1] Thread (CPUThread)[0x004053a4]} Page already registered (addr=0x4000a000)
MEM: E {PPU[1] Thread (CPUThread)[0x004053a4]} Page already registered (addr=0x4000b000)
MEM: E {PPU[1] Thread (CPUThread)[0x004053a4]} Page already registered (addr=0x4000c000)
MEM: E {PPU[1] Thread (CPUThread)[0x004053a4]} Page already registered (addr=0x4000d000)
MEM: E {PPU[1] Thread (CPUThread)[0x004053a4]} Page already registered (addr=0x4000e000)
MEM: E {PPU[1] Thread (CPUThread)[0x004053a4]} Page already registered (addr=0x4000f000)
MEM: E {PPU[1] Thread (CPUThread)[0x004053a4]} Page already registered (addr=0x40010000)
MEM: E {PPU[1] Thread (CPUThread)[0x004053a4]} Page already registered (addr=0x40011000)
MEM: E {PPU[1] Thread (CPUThread)[0x004053a4]} Page already registered (addr=0x40012000)
MEM: E {PPU[1] Thread (CPUThread)[0x004053a4]} Page already registered (addr=0x40013000)
MEM: E {PPU[1] Thread (CPUThread)[0x004053a4]} Page already registered (addr=0x40014000)
MEM: E {PPU[1] Thread (CPUThread)[0x004053a4]} Page already registered (addr=0x40015000)
MEM: E {PPU[1] Thread (CPUThread)[0x004053a4]} Page already registered (addr=0x40016000)
MEM: E {PPU[1] Thread (CPUThread)[0x004053a4]} Page already registered (addr=0x40017000)
MEM: E {PPU[1] Thread (CPUThread)[0x004053a4]} Page already registered (addr=0x40018000)
MEM: E {PPU[1] Thread (CPUThread)[0x004053a4]} Page already registered (addr=0x40019000)
MEM: E {PPU[1] Thread (CPUThread)[0x004053a4]} Page already registered (addr=0x4001a000)
MEM: E {PPU[1] Thread (CPUThread)[0x004053a4]} Page already registered (addr=0x4001b000)
MEM: E {PPU[1] Thread (CPUThread)[0x004053a4]} Page already registered (addr=0x4001c000)
MEM: E {PPU[1] Thread (CPUThread)[0x004053a4]} Page already registered (addr=0x4001d000)
MEM: E {PPU[1] Thread (CPUThread)[0x004053a4]} Page already registered (addr=0x4001e000)
MEM: E {PPU[1] Thread (CPUThread)[0x004053a4]} Page already registered (addr=0x4001f000)
MEM: E {PPU[1] Thread (CPUThread)[0x004053a4]} Page already registered (addr=0x40020000)
MEM: E {PPU[1] Thread (CPUThread)[0x004053a4]} Page already registered (addr=0x40021000)
MEM: E {PPU[1] Thread (CPUThread)[0x004053a4]} Page already registered (addr=0x40022000)
MEM: E {PPU[1] Thread (CPUThread)[0x004053a4]} Page already registered (addr=0x40023000)
MEM: E {PPU[1] Thread (CPUThread)[0x004053a4]} Page already registered (addr=0x40024000)
MEM: E {PPU[1] Thread (CPUThread)[0x004053a4]} Page already registered (addr=0x40025000)
MEM: E {PPU[1] Thread (CPUThread)[0x004053a4]} Page already registered (addr=0x40026000)
MEM: E {PPU[1] Thread (CPUThread)[0x004053a4]} Page already registered (addr=0x40027000)
MEM: E {PPU[1] Thread (CPUThread)[0x004053a4]} Page already registered (addr=0x40028000)
MEM: E {PPU[1] Thread (CPUThread)[0x004053a4]} Page already registered (addr=0x40029000)
MEM: E {PPU[1] Thread (CPUThread)[0x004053a4]} Page already registered (addr=0x4002a000)
MEM: E {PPU[1] Thread (CPUThread)[0x004053a4]} Page already registered (addr=0x4002b000)
MEM: E {PPU[1] Thread (CPUThread)[0x004053a4]} Page already registered (addr=0x4002c000)
MEM: E {PPU[1] Thread (CPUThread)[0x004053a4]} Page already registered (addr=0x4002d000)
MEM: E {PPU[1] Thread (CPUThread)[0x004053a4]} Page already registered (addr=0x4002e000)
MEM: E {PPU[1] Thread (CPUThread)[0x004053a4]} Page already registered (addr=0x4002f000)
MEM: E {PPU[1] Thread (CPUThread)[0x004053a4]} Page already registered (addr=0x40030000)
MEM: E {PPU[1] Thread (CPUThread)[0x004053a4]} Page already registered (addr=0x40031000)
MEM: E {PPU[1] Thread (CPUThread)[0x004053a4]} Page already registered (addr=0x40032000)
MEM: E {PPU[1] Thread (CPUThread)[0x004053a4]} Page already registered (addr=0x40033000)
MEM: E {PPU[1] Thread (CPUThread)[0x004053a4]} Page already registered (addr=0x40034000)
MEM: E {PPU[1] Thread (CPUThread)[0x004053a4]} Page already registered (addr=0x40035000)
MEM: E {PPU[1] Thread (CPUThread)[0x004053a4]} Page already registered (addr=0x40036000)
MEM: E {PPU[1] Thread (CPUThread)[0x004053a4]} Page already registered (addr=0x40037000)
MEM: E {PPU[1] Thread (CPUThread)[0x004053a4]} Page already registered (addr=0x40038000)
MEM: E {PPU[1] Thread (CPUThread)[0x004053a4]} Page already registered (addr=0x40039000)
MEM: E {PPU[1] Thread (CPUThread)[0x004053a4]} Page already registered (addr=0x4003a000)
MEM: E {PPU[1] Thread (CPUThread)[0x004053a4]} Page already registered (addr=0x4003b000)
MEM: E {PPU[1] Thread (CPUThread)[0x004053a4]} Page already registered (addr=0x4003c000)
MEM: E {PPU[1] Thread (CPUThread)[0x004053a4]} Page already registered (addr=0x4003d000)
MEM: E {PPU[1] Thread (CPUThread)[0x004053a4]} Page already registered (addr=0x4003e000)
MEM: E {PPU[1] Thread (CPUThread)[0x004053a4]} Page already registered (addr=0x4003f000)
MEM: E {PPU[1] Thread (CPUThread)[0x004053a4]} Page already registered (addr=0x40040000)
MEM: E {PPU[1] Thread (CPUThread)[0x004053a4]} Page already registered (addr=0x40041000)
MEM: E {PPU[1] Thread (CPUThread)[0x004053a4]} Page already registered (addr=0x40042000)
MEM: E {PPU[1] Thread (CPUThread)[0x004053a4]} Page already registered (addr=0x40043000)
MEM: E {PPU[1] Thread (CPUThread)[0x004053a4]} Page already registered (addr=0x40044000)
MEM: E {PPU[1] Thread (CPUThread)[0x004053a4]} Page already registered (addr=0x40045000)
MEM: E {PPU[1] Thread (CPUThread)[0x004053a4]} Page already registered (addr=0x40046000)
MEM: E {PPU[1] Thread (CPUThread)[0x004053a4]} Page already registered (addr=0x40047000)
MEM: E {PPU[1] Thread (CPUThread)[0x004053a4]} Page already registered (addr=0x40048000)
MEM: E {PPU[1] Thread (CPUThread)[0x004053a4]} Page already registered (addr=0x40049000)
MEM: E {PPU[1] Thread (CPUThread)[0x004053a4]} Page already registered (addr=0x4004a000)
MEM: E {PPU[1] Thread (CPUThread)[0x004053a4]} Page already registered (addr=0x4004b000)
MEM: E {PPU[1] Thread (CPUThread)[0x004053a4]} Page already registered (addr=0x4004c000)
MEM: E {PPU[1] Thread (CPUThread)[0x004053a4]} Page already registered (addr=0x4004d000)
MEM: E {PPU[1] Thread (CPUThread)[0x004053a4]} Page already registered (addr=0x4004e000)
MEM: E {PPU[1] Thread (CPUThread)[0x004053a4]} Page already registered (addr=0x4004f000)
MEM: E {PPU[1] Thread (CPUThread)[0x004053a4]} Page already registered (addr=0x40050000)
MEM: E {PPU[1] Thread (CPUThread)[0x004053a4]} Page already registered (addr=0x40051000)
MEM: E {PPU[1] Thread (CPUThread)[0x004053a4]} Page already registered (addr=0x40052000)
MEM: E {PPU[1] Thread (CPUThread)[0x004053a4]} Page already registered (addr=0x40053000)
MEM: E {PPU[1] Thread (CPUThread)[0x004053a4]} Page already registered (addr=0x40054000)
MEM: E {PPU[1] Thread (CPUThread)[0x004053a4]} Page already registered (addr=0x40055000)
MEM: E {PPU[1] Thread (CPUThread)[0x004053a4]} Page already registered (addr=0x40056000)
MEM: E {PPU[1] Thread (CPUThread)[0x004053a4]} Page already registered (addr=0x40057000)
MEM: E {PPU[1] Thread (CPUThread)[0x004053a4]} Page already registered (addr=0x40058000)
MEM: E {PPU[1] Thread (CPUThread)[0x004053a4]} Page already registered (addr=0x40059000)
MEM: E {PPU[1] Thread (CPUThread)[0x004053a4]} Page already registered (addr=0x4005a000)
MEM: E {PPU[1] Thread (CPUThread)[0x004053a4]} Page already registered (addr=0x4005b000)
MEM: E {PPU[1] Thread (CPUThread)[0x004053a4]} Page already registered (addr=0x4005c000)
MEM: E {PPU[1] Thread (CPUThread)[0x004053a4]} Page already registered (addr=0x4005d000)
MEM: E {PPU[1] Thread (CPUThread)[0x004053a4]} Page already registered (addr=0x4005e000)
MEM: E {PPU[1] Thread (CPUThread)[0x004053a4]} Page already registered (addr=0x4005f000)
MEM: E {PPU[1] Thread (CPUThread)[0x004053a4]} Page already registered (addr=0x40060000)
MEM: E {PPU[1] Thread (CPUThread)[0x004053a4]} Page already registered (addr=0x40061000)
MEM: E {PPU[1] Thread (CPUThread)[0x004053a4]} Page already registered (addr=0x40062000)
MEM: E {PPU[1] Thread (CPUThread)[0x004053a4]} Page already registered (addr=0x40063000)
MEM: E {PPU[1] Thread (CPUThread)[0x004053a4]} Page already registered (addr=0x40064000)
MEM: E {PPU[1] Thread (CPUThread)[0x004053a4]} Page already registered (addr=0x40065000)
MEM: E {PPU[1] Thread (CPUThread)[0x004053a4]} Page already registered (addr=0x40066000)
MEM: E {PPU[1] Thread (CPUThread)[0x004053a4]} Page already registered (addr=0x40067000)
MEM: E {PPU[1] Thread (CPUThread)[0x004053a4]} Page already registered (addr=0x40068000)
MEM: E {PPU[1] Thread (CPUThread)[0x004053a4]} Page already registered (addr=0x40069000)
MEM: E {PPU[1] Thread (CPUThread)[0x004053a4]} Page already registered (addr=0x4006a000)
MEM: E {PPU[1] Thread (CPUThread)[0x004053a4]} Page already registered (addr=0x4006b000)
MEM: E {PPU[1] Thread (CPUThread)[0x004053a4]} Page already registered (addr=0x4006c000)
MEM: E {PPU[1] Thread (CPUThread)[0x004053a4]} Page already registered (addr=0x4006d000)
MEM: E {PPU[1] Thread (CPUThread)[0x004053a4]} Page already registered (addr=0x4006e000)
MEM: E {PPU[1] Thread (CPUThread)[0x004053a4]} Page already registered (addr=0x4006f000)
MEM: E {PPU[1] Thread (CPUThread)[0x004053a4]} Page already registered (addr=0x40070000)
MEM: E {PPU[1] Thread (CPUThread)[0x004053a4]} Page already registered (addr=0x40071000)
MEM: E {PPU[1] Thread (CPUThread)[0x004053a4]} Page already registered (addr=0x40072000)
MEM: E {PPU[1] Thread (CPUThread)[0x004053a4]} Page already registered (addr=0x40073000)
MEM: E {PPU[1] Thread (CPUThread)[0x004053a4]} Page already registered (addr=0x40074000)
MEM: E {PPU[1] Thread (CPUThread)[0x004053a4]} Page already registered (addr=0x40075000)
MEM: E {PPU[1] Thread (CPUThread)[0x004053a4]} Page already registered (addr=0x40076000)
MEM: E {PPU[1] Thread (CPUThread)[0x004053a4]} Page already registered (addr=0x40077000)
MEM: E {PPU[1] Thread (CPUThread)[0x004053a4]} Page already registered (addr=0x40078000)
MEM: E {PPU[1] Thread (CPUThread)[0x004053a4]} Page already registered (addr=0x40079000)
MEM: E {PPU[1] Thread (CPUThread)[0x004053a4]} Page already registered (addr=0x4007a000)
MEM: E {PPU[1] Thread (CPUThread)[0x004053a4]} Page already registered (addr=0x4007b000)
MEM: E {PPU[1] Thread (CPUThread)[0x004053a4]} Page already registered (addr=0x4007c000)
MEM: E {PPU[1] Thread (CPUThread)[0x004053a4]} Page already registered (addr=0x4007d000)
MEM: E {PPU[1] Thread (CPUThread)[0x004053a4]} Page already registered (addr=0x4007e000)
MEM: E {PPU[1] Thread (CPUThread)[0x004053a4]} Page already registered (addr=0x4007f000)
RSX: W {VBlank thread} VBlank thread aborted
RSX: W {RSXThread} RSX thread aborted
PPU: ! {PPULLVMRecompiler} PPU LLVM compiler thread exiting.
HLE: ! All threads stopped...
MEM: ! Closing memory...
MEM: E Page not registered (addr=0x40000000)
MEM: E Page not registered (addr=0x40001000)
MEM: E Page not registered (addr=0x40002000)
MEM: E Page not registered (addr=0x40003000)
MEM: E Page not registered (addr=0x40004000)
MEM: E Page not registered (addr=0x40005000)
MEM: E Page not registered (addr=0x40006000)
MEM: E Page not registered (addr=0x40007000)
MEM: E Page not registered (addr=0x40008000)
MEM: E Page not registered (addr=0x40009000)
MEM: E Page not registered (addr=0x4000a000)
MEM: E Page not registered (addr=0x4000b000)
MEM: E Page not registered (addr=0x4000c000)
MEM: E Page not registered (addr=0x4000d000)
MEM: E Page not registered (addr=0x4000e000)
MEM: E Page not registered (addr=0x4000f000)
MEM: E Page not registered (addr=0x40010000)
MEM: E Page not registered (addr=0x40011000)
MEM: E Page not registered (addr=0x40012000)
MEM: E Page not registered (addr=0x40013000)
MEM: E Page not registered (addr=0x40014000)
MEM: E Page not registered (addr=0x40015000)
MEM: E Page not registered (addr=0x40016000)
MEM: E Page not registered (addr=0x40017000)
MEM: E Page not registered (addr=0x40018000)
MEM: E Page not registered (addr=0x40019000)
MEM: E Page not registered (addr=0x4001a000)
MEM: E Page not registered (addr=0x4001b000)
MEM: E Page not registered (addr=0x4001c000)
MEM: E Page not registered (addr=0x4001d000)
MEM: E Page not registered (addr=0x4001e000)
MEM: E Page not registered (addr=0x4001f000)
MEM: E Page not registered (addr=0x40020000)
MEM: E Page not registered (addr=0x40021000)
MEM: E Page not registered (addr=0x40022000)
MEM: E Page not registered (addr=0x40023000)
MEM: E Page not registered (addr=0x40024000)
MEM: E Page not registered (addr=0x40025000)
MEM: E Page not registered (addr=0x40026000)
MEM: E Page not registered (addr=0x40027000)
MEM: E Page not registered (addr=0x40028000)
MEM: E Page not registered (addr=0x40029000)
MEM: E Page not registered (addr=0x4002a000)
MEM: E Page not registered (addr=0x4002b000)
MEM: E Page not registered (addr=0x4002c000)
MEM: E Page not registered (addr=0x4002d000)
MEM: E Page not registered (addr=0x4002e000)
MEM: E Page not registered (addr=0x4002f000)
MEM: E Page not registered (addr=0x40030000)
MEM: E Page not registered (addr=0x40031000)
MEM: E Page not registered (addr=0x40032000)
MEM: E Page not registered (addr=0x40033000)
MEM: E Page not registered (addr=0x40034000)
MEM: E Page not registered (addr=0x40035000)
MEM: E Page not registered (addr=0x40036000)
MEM: E Page not registered (addr=0x40037000)
MEM: E Page not registered (addr=0x40038000)
MEM: E Page not registered (addr=0x40039000)
MEM: E Page not registered (addr=0x4003a000)
MEM: E Page not registered (addr=0x4003b000)
MEM: E Page not registered (addr=0x4003c000)
MEM: E Page not registered (addr=0x4003d000)
MEM: E Page not registered (addr=0x4003e000)
MEM: E Page not registered (addr=0x4003f000)
MEM: E Page not registered (addr=0x40040000)
MEM: E Page not registered (addr=0x40041000)
MEM: E Page not registered (addr=0x40042000)
MEM: E Page not registered (addr=0x40043000)
MEM: E Page not registered (addr=0x40044000)
MEM: E Page not registered (addr=0x40045000)
MEM: E Page not registered (addr=0x40046000)
MEM: E Page not registered (addr=0x40047000)
MEM: E Page not registered (addr=0x40048000)
MEM: E Page not registered (addr=0x40049000)
MEM: E Page not registered (addr=0x4004a000)
MEM: E Page not registered (addr=0x4004b000)
MEM: E Page not registered (addr=0x4004c000)
MEM: E Page not registered (addr=0x4004d000)
MEM: E Page not registered (addr=0x4004e000)
MEM: E Page not registered (addr=0x4004f000)
MEM: E Page not registered (addr=0x40050000)
MEM: E Page not registered (addr=0x40051000)
MEM: E Page not registered (addr=0x40052000)
MEM: E Page not registered (addr=0x40053000)
MEM: E Page not registered (addr=0x40054000)
MEM: E Page not registered (addr=0x40055000)
MEM: E Page not registered (addr=0x40056000)
MEM: E Page not registered (addr=0x40057000)
MEM: E Page not registered (addr=0x40058000)
MEM: E Page not registered (addr=0x40059000)
MEM: E Page not registered (addr=0x4005a000)
MEM: E Page not registered (addr=0x4005b000)
MEM: E Page not registered (addr=0x4005c000)
MEM: E Page not registered (addr=0x4005d000)
MEM: E Page not registered (addr=0x4005e000)
MEM: E Page not registered (addr=0x4005f000)
MEM: E Page not registered (addr=0x40060000)
MEM: E Page not registered (addr=0x40061000)
MEM: E Page not registered (addr=0x40062000)
MEM: E Page not registered (addr=0x40063000)
MEM: E Page not registered (addr=0x40064000)
MEM: E Page not registered (addr=0x40065000)
MEM: E Page not registered (addr=0x40066000)
MEM: E Page not registered (addr=0x40067000)
MEM: E Page not registered (addr=0x40068000)
MEM: E Page not registered (addr=0x40069000)
MEM: E Page not registered (addr=0x4006a000)
MEM: E Page not registered (addr=0x4006b000)
MEM: E Page not registered (addr=0x4006c000)
MEM: E Page not registered (addr=0x4006d000)
MEM: E Page not registered (addr=0x4006e000)
MEM: E Page not registered (addr=0x4006f000)
MEM: E Page not registered (addr=0x40070000)
MEM: E Page not registered (addr=0x40071000)
MEM: E Page not registered (addr=0x40072000)
MEM: E Page not registered (addr=0x40073000)
MEM: E Page not registered (addr=0x40074000)
MEM: E Page not registered (addr=0x40075000)
MEM: E Page not registered (addr=0x40076000)
MEM: E Page not registered (addr=0x40077000)
MEM: E Page not registered (addr=0x40078000)
MEM: E Page not registered (addr=0x40079000)
MEM: E Page not registered (addr=0x4007a000)
MEM: E Page not registered (addr=0x4007b000)
MEM: E Page not registered (addr=0x4007c000)
MEM: E Page not registered (addr=0x4007d000)
MEM: E Page not registered (addr=0x4007e000)
MEM: E Page not registered (addr=0x4007f000)
