HLE: ! path: /dev_hdd0/game/
HLE: W No pause.bin found, Auto Pause will not work.
HLE: W No pause.bin found, Auto Pause will not work.
LDR: ! Loading 'D:\Emulateurs\Rpcs3\dev_hdd0\game\BCES01277-[God of War Collection Volume II]/PS3_GAME/USRDIR/BOOT.BIN'...
LDR: !  
LDR: ! Mount info:
LDR: ! /dev_hdd0/ -> ./dev_hdd0/
LDR: ! /dev_hdd1/ -> ./dev_hdd1/
LDR: ! /dev_flash/ -> ./dev_flash/
LDR: ! /dev_usb000/ -> ./dev_usb000/
LDR: ! /dev_usb/ -> ./dev_usb000/
LDR: ! /app_home/ -> D:\Emulateurs\Rpcs3\dev_hdd0\game\BCES01277-[God of War Collection Volume II]/PS3_GAME/
LDR: ! /dev_bdvd/ -> D:\Emulateurs\Rpcs3\dev_hdd0\game\BCES01277-[God of War Collection Volume II]/PS3_GAME//../
LDR: ! /host_root/ -> 
LDR: ! /app_home/PS3_GAME/USRDIR/ -> D:\Emulateurs\Rpcs3\dev_hdd0\game\BCES01277-[God of War Collection Volume II]/PS3_GAME//USRDIR/
LDR: ! /dev_flash2/ -> ./dev_flash2/
LDR: ! /app_home/Game/PS3_GAME/USRDIR/ -> D:\Emulateurs\Rpcs3\dev_hdd0\game\BCES01277-[God of War Collection Volume II]/PS3_GAME//USRDIR/
LDR: ! //dev_hdd0/ -> ./dev_hdd0/
LDR: ! / -> D:\Emulateurs\Rpcs3\dev_hdd0\game\BCES01277-[God of War Collection Volume II]/PS3_GAME//USRDIR/
LDR: ! /app_home//dev_bdvd/PS3_GAME/USRDIR/data/gos/ -> D:\Emulateurs\Rpcs3\dev_hdd0\game\BCES01277-[God of War Collection Volume II]/PS3_GAME//USRDIR/
LDR: !  
LDR: ! Title: God of War® Collection: Volume II
LDR: ! Serial: BCES01277
LDR: !  
MEM: ! Initializing memory: m_base_addr = 0x28ea160000
MEM: ! Memory initialized.
LDR: W Unknown module 'cellSysutilAvconfExt'
LDR: ! Imported function 'cellVideoOutGetScreenSize' in 'cellSysutilAvconfExt' module
LDR: ! Imported function 'cellAudioCreateNotifyEventQueue' in 'cellAudio' module
LDR: ! Imported function 'cellAudioSetNotifyEventQueue' in 'cellAudio' module
LDR: ! Imported function 'cellAudioGetPortTimestamp' in 'cellAudio' module
LDR: ! Imported function 'cellAudioPortClose' in 'cellAudio' module
LDR: ! Imported function 'cellAudioPortStop' in 'cellAudio' module
LDR: ! Imported function 'cellAudioGetPortConfig' in 'cellAudio' module
LDR: W Unimplemented function 'cellAudioAdd6chData' in 'cellAudio' module
LDR: ! Imported function 'cellAudioPortStart' in 'cellAudio' module
LDR: ! Imported function 'cellAudioAdd2chData' in 'cellAudio' module
LDR: ! Imported function 'cellAudioQuit' in 'cellAudio' module
LDR: ! Imported function 'cellAudioPortOpen' in 'cellAudio' module
LDR: ! Imported function 'cellAudioAddData' in 'cellAudio' module
LDR: ! Imported function 'cellAudioGetPortBlockTag' in 'cellAudio' module
LDR: ! Imported function 'cellAudioRemoveNotifyEventQueue' in 'cellAudio' module
LDR: ! Imported function 'cellAudioInit' in 'cellAudio' module
LDR: ! Imported function 'cellPadInit' in 'sys_io' module
LDR: ! Imported function 'cellPadSetPortSetting' in 'sys_io' module
LDR: ! Imported function 'cellPadGetData' in 'sys_io' module
LDR: ! Imported function 'cellPadGetInfo2' in 'sys_io' module
LDR: ! Imported function 'cellPadSetActDirect' in 'sys_io' module
LDR: ! Imported function 'cellSpursAttributeSetNamePrefix' in 'cellSpurs' module
LDR: ! Imported function 'cellSpursAttributeSetMemoryContainerForSpuThread' in 'cellSpurs' module
LDR: ! Imported function '_cellSpursAttributeInitialize' in 'cellSpurs' module
LDR: ! Imported function 'cellSpursInitializeWithAttribute' in 'cellSpurs' module
LDR: ! Imported function 'cellSpursRequestIdleSpu' in 'cellSpurs' module
LDR: ! Imported function 'cellSpursGetInfo' in 'cellSpurs' module
LDR: ! Imported function 'cellSpursWorkloadAttributeSetName' in 'cellSpurs' module
LDR: ! Imported function 'cellSpursGetWorkloadInfo' in 'cellSpurs' module
LDR: ! Imported function 'cellSpursRemoveWorkload' in 'cellSpurs' module
LDR: ! Imported function 'cellSpursWaitForWorkloadShutdown' in 'cellSpurs' module
LDR: ! Imported function 'cellSpursSetPriorities' in 'cellSpurs' module
LDR: ! Imported function 'cellSpursShutdownWorkload' in 'cellSpurs' module
LDR: ! Imported function 'cellSpursAddWorkloadWithAttribute' in 'cellSpurs' module
LDR: ! Imported function 'cellSpursSetExceptionEventHandler' in 'cellSpurs' module
LDR: ! Imported function '_cellSpursWorkloadAttributeInitialize' in 'cellSpurs' module
LDR: ! Imported function 'cellSpursReadyCountStore' in 'cellSpurs' module
LDR: ! Imported function 'cellFsRmdir' in 'sys_fs' module
LDR: ! Imported function 'cellFsClose' in 'sys_fs' module
LDR: ! Imported function 'cellFsOpendir' in 'sys_fs' module
LDR: ! Imported function 'cellFsRead' in 'sys_fs' module
LDR: ! Imported function 'cellFsOpen' in 'sys_fs' module
LDR: ! Imported function 'cellFsStat' in 'sys_fs' module
LDR: ! Imported function 'cellFsUnlink' in 'sys_fs' module
LDR: ! Imported function 'cellFsGetDirectoryEntries' in 'sys_fs' module
LDR: ! Imported function 'cellFsAioFinish' in 'sys_fs' module
LDR: ! Imported function 'cellFsLseek' in 'sys_fs' module
LDR: ! Imported function 'cellFsMkdir' in 'sys_fs' module
LDR: ! Imported function 'cellFsAioInit' in 'sys_fs' module
LDR: ! Imported function 'cellFsWrite' in 'sys_fs' module
LDR: ! Imported function 'cellFsFstat' in 'sys_fs' module
LDR: ! Imported function 'cellFsClosedir' in 'sys_fs' module
LDR: ! Imported function 'cellFsAioWrite' in 'sys_fs' module
LDR: ! Imported function 'cellFsAioRead' in 'sys_fs' module
LDR: ! Imported function 'cellVideoOutConfigure' in 'cellSysutil' module
LDR: ! Imported function 'cellSysutilCheckCallback' in 'cellSysutil' module
LDR: ! Imported function 'cellSaveDataListLoad2' in 'cellSysutil' module
LDR: ! Imported function 'cellSaveDataListSave2' in 'cellSysutil' module
LDR: ! Imported function 'cellMsgDialogOpen2' in 'cellSysutil' module
LDR: ! Imported function 'cellVideoOutGetState' in 'cellSysutil' module
LDR: ! Imported function 'cellSaveDataAutoSave2' in 'cellSysutil' module
LDR: ! Imported function 'cellSysutilRegisterCallback' in 'cellSysutil' module
LDR: ! Imported function 'cellVideoOutGetResolutionAvailability' in 'cellSysutil' module
LDR: ! Imported function 'cellVideoOutGetResolution' in 'cellSysutil' module
LDR: W Unimplemented function 'cellSaveDataDelete2' in 'cellSysutil' module
LDR: ! Imported function 'cellSaveDataAutoLoad2' in 'cellSysutil' module
LDR: ! Imported function 'cellSysutilGetSystemParamInt' in 'cellSysutil' module
LDR: ! Imported function 'cellAudioOutConfigure' in 'cellSysutil' module
LDR: ! Imported function 'cellAudioOutGetSoundAvailability' in 'cellSysutil' module
LDR: ! Imported function 'cellSysmoduleUnloadModule' in 'cellSysmodule' module
LDR: ! Imported function 'cellSysmoduleLoadModule' in 'cellSysmodule' module
LDR: ! Imported function 'cellSysmoduleIsLoaded' in 'cellSysmodule' module
LDR: ! Imported function 'cellSailGraphicsAdapterGetFrame' in 'cellSail' module
LDR: ! Imported function 'cellSailDescriptorCreateDatabase' in 'cellSail' module
LDR: ! Imported function 'cellSailFutureReset' in 'cellSail' module
LDR: ! Imported function 'cellSailPlayerSetSoundAdapter' in 'cellSail' module
LDR: ! Imported function 'cellSailGraphicsAdapterPtsToTimePosition' in 'cellSail' module
LDR: ! Imported function 'cellSailPlayerFinalize' in 'cellSail' module
LDR: ! Imported function 'cellSailPlayerSetGraphicsAdapter' in 'cellSail' module
LDR: ! Imported function 'cellSailGraphicsAdapterInitialize' in 'cellSail' module
LDR: ! Imported function 'cellSailSoundAdapterSetPreferredFormat' in 'cellSail' module
LDR: ! Imported function 'cellSailPlayerInitialize2' in 'cellSail' module
LDR: ! Imported function 'cellSailDescriptorDestroyDatabase' in 'cellSail' module
LDR: ! Imported function 'cellSailGraphicsAdapterSetPreferredFormat' in 'cellSail' module
LDR: ! Imported function 'cellSailMemAllocatorInitialize' in 'cellSail' module
LDR: ! Imported function 'cellSailPlayerOpenStream' in 'cellSail' module
LDR: ! Imported function 'cellSailFutureGet' in 'cellSail' module
LDR: ! Imported function 'cellSailSoundAdapterInitialize' in 'cellSail' module
LDR: ! Imported function 'cellSailGraphicsAdapterUpdateAvSync' in 'cellSail' module
LDR: ! Imported function 'cellSailSoundAdapterPtsToTimePosition' in 'cellSail' module
LDR: ! Imported function 'cellSailFutureInitialize' in 'cellSail' module
LDR: ! Imported function 'cellSailMp4MovieGetMovieInfo' in 'cellSail' module
LDR: ! Imported function 'cellSailPlayerSetParameter' in 'cellSail' module
LDR: ! Imported function 'cellSailAviMovieGetMovieInfo' in 'cellSail' module
LDR: ! Imported function 'cellSailGraphicsAdapterFinalize' in 'cellSail' module
LDR: ! Imported function 'cellSailPlayerAddDescriptor' in 'cellSail' module
LDR: ! Imported function 'cellSailSoundAdapterGetFrame' in 'cellSail' module
LDR: ! Imported function 'cellSailFutureFinalize' in 'cellSail' module
LDR: ! Imported function 'cellSailFutureSet' in 'cellSail' module
LDR: ! Imported function 'cellSailPlayerBoot' in 'cellSail' module
LDR: ! Imported function 'cellSailSoundAdapterFinalize' in 'cellSail' module
LDR: ! Imported function 'cellSailPlayerSetPaused' in 'cellSail' module
LDR: ! Imported function 'cellSailPlayerCreateDescriptor' in 'cellSail' module
LDR: ! Imported function 'cellSailPlayerStart' in 'cellSail' module
LDR: ! Imported function 'cellSailPlayerStop' in 'cellSail' module
LDR: ! Imported function 'cellSailSoundAdapterUpdateAvSync' in 'cellSail' module
LDR: ! Imported function 'cellSailSoundAdapterGetFormat' in 'cellSail' module
LDR: ! Imported function 'cellSailPlayerSetRepeatMode' in 'cellSail' module
LDR: ! Imported function 'cellSailPlayerDestroyDescriptor' in 'cellSail' module
LDR: ! Imported function 'cellSailGraphicsAdapterGetFormat' in 'cellSail' module
LDR: ! Imported function 'cellGcmGetTiledPitchSize' in 'cellGcmSys' module
LDR: ! Imported function '_cellGcmInitBody' in 'cellGcmSys' module
LDR: ! Imported function '_cellGcmSetFlipCommand' in 'cellGcmSys' module
LDR: ! Imported function 'cellGcmAddressToOffset' in 'cellGcmSys' module
LDR: ! Imported function 'cellGcmGetLastSecondVTime' in 'cellGcmSys' module
LDR: ! Imported function 'cellGcmIoOffsetToAddress' in 'cellGcmSys' module
LDR: ! Imported function '_cellGcmFunc15' in 'cellGcmSys' module
LDR: ! Imported function 'cellGcmBindTile' in 'cellGcmSys' module
LDR: ! Imported function 'cellGcmSetFlipMode' in 'cellGcmSys' module
LDR: ! Imported function 'cellGcmSetSecondVFrequency' in 'cellGcmSys' module
LDR: ! Imported function 'cellGcmGetDefaultCommandWordSize' in 'cellGcmSys' module
LDR: ! Imported function 'cellGcmGetLastFlipTime' in 'cellGcmSys' module
LDR: ! Imported function 'cellGcmGetFlipStatus' in 'cellGcmSys' module
LDR: ! Imported function 'cellGcmGetDefaultSegmentWordSize' in 'cellGcmSys' module
LDR: ! Imported function 'cellGcmSetDefaultFifoSize' in 'cellGcmSys' module
LDR: ! Imported function 'cellGcmBindZcull' in 'cellGcmSys' module
LDR: ! Imported function 'cellGcmMapMainMemory' in 'cellGcmSys' module
LDR: ! Imported function 'cellGcmSetFlipHandler' in 'cellGcmSys' module
LDR: ! Imported function 'cellGcmSetDisplayBuffer' in 'cellGcmSys' module
LDR: ! Imported function 'cellGcmGetControlRegister' in 'cellGcmSys' module
LDR: ! Imported function 'cellGcmUnbindZcull' in 'cellGcmSys' module
LDR: ! Imported function 'cellGcmSetVBlankHandler' in 'cellGcmSys' module
LDR: ! Imported function 'cellGcmResetFlipStatus' in 'cellGcmSys' module
LDR: ! Imported function 'cellGcmSetTileInfo' in 'cellGcmSys' module
LDR: ! Imported function 'cellGcmInitDefaultFifoMode' in 'cellGcmSys' module
LDR: ! Imported function '_cellGcmSetFlipCommandWithWaitLabel' in 'cellGcmSys' module
LDR: ! Imported function 'cellGcmUnbindTile' in 'cellGcmSys' module
LDR: ! Imported function 'cellGcmGetConfiguration' in 'cellGcmSys' module
LDR: ! Imported function 'cellGcmGetLabelAddress' in 'cellGcmSys' module
LDR: ! Imported function 'cellPamfReaderGetPresentationStartTime' in 'cellPamf' module
LDR: ! Imported function 'cellPamfReaderGetPresentationEndTime' in 'cellPamf' module
LDR: ! Imported function 'cellFiberPpuRunFibers' in 'cellFiber' module
LDR: ! Imported function 'cellFiberPpuWaitSignal' in 'cellFiber' module
LDR: ! Imported function 'cellFiberPpuCreateFiber' in 'cellFiber' module
LDR: ! Imported function 'cellFiberPpuSendSignal' in 'cellFiber' module
LDR: ! Imported function '_cellFiberPpuSchedulerAttributeInitialize' in 'cellFiber' module
LDR: ! Imported function '_cellFiberPpuAttributeInitialize' in 'cellFiber' module
LDR: ! Imported function 'cellFiberPpuInitializeScheduler' in 'cellFiber' module
LDR: ! Imported function '_cellFiberPpuInitialize' in 'cellFiber' module
LDR: ! Imported function 'sceNpTrophyRegisterContext' in 'sceNpTrophy' module
LDR: ! Imported function 'sceNpTrophyCreateHandle' in 'sceNpTrophy' module
LDR: ! Imported function 'sceNpTrophyGetRequiredDiskSpace' in 'sceNpTrophy' module
LDR: ! Imported function 'sceNpTrophyDestroyContext' in 'sceNpTrophy' module
LDR: ! Imported function 'sceNpTrophyInit' in 'sceNpTrophy' module
LDR: ! Imported function 'sceNpTrophyGetGameInfo' in 'sceNpTrophy' module
LDR: ! Imported function 'sceNpTrophyDestroyHandle' in 'sceNpTrophy' module
LDR: ! Imported function 'sceNpTrophyUnlockTrophy' in 'sceNpTrophy' module
LDR: ! Imported function 'sceNpTrophyTerm' in 'sceNpTrophy' module
LDR: ! Imported function 'sceNpTrophyGetTrophyUnlockState' in 'sceNpTrophy' module
LDR: ! Imported function 'sceNpTrophyCreateContext' in 'sceNpTrophy' module
LDR: ! Imported function 'cellGameContentPermit' in 'cellGame' module
LDR: ! Imported function 'cellGameContentErrorDialog' in 'cellGame' module
LDR: ! Imported function 'cellGameBootCheck' in 'cellGame' module
LDR: ! Imported function 'sys_lwmutex_lock' in 'sysPrxForUser' module
LDR: ! Imported function 'sys_lwmutex_unlock' in 'sysPrxForUser' module
LDR: ! Imported function 'sys_lwcond_destroy' in 'sysPrxForUser' module
LDR: ! Imported function 'sys_ppu_thread_create' in 'sysPrxForUser' module
LDR: ! Imported function 'sys_lwcond_wait' in 'sysPrxForUser' module
LDR: ! Imported function '_sys_process_atexitspawn' in 'sysPrxForUser' module
LDR: ! Imported function 'sys_lwmutex_create' in 'sysPrxForUser' module
LDR: ! Imported function 'sys_ppu_thread_get_id' in 'sysPrxForUser' module
LDR: ! Imported function '_sys_heap_malloc' in 'sysPrxForUser' module
LDR: ! Imported function 'sys_prx_register_library' in 'sysPrxForUser' module
LDR: ! Imported function '_sys_heap_memalign' in 'sysPrxForUser' module
LDR: ! Imported function 'Unknown func id: 0x4f7172c9' in 'sysPrxForUser' module
LDR: ! Imported function 'sys_game_process_exitspawn2' in 'sysPrxForUser' module
LDR: ! Imported function 'sys_initialize_tls' in 'sysPrxForUser' module
LDR: ! Imported function 'sys_time_get_system_time' in 'sysPrxForUser' module
LDR: W Unimplemented function '_sys_heap_free' in 'sysPrxForUser' module
LDR: ! Imported function '_sys_process_at_Exitspawn' in 'sysPrxForUser' module
LDR: ! Imported function 'sys_prx_exitspawn_with_level' in 'sysPrxForUser' module
LDR: ! Imported function 'sys_lwmutex_trylock' in 'sysPrxForUser' module
LDR: W Unimplemented function '_sys_heap_delete_heap' in 'sysPrxForUser' module
LDR: ! Imported function 'sys_ppu_thread_exit' in 'sysPrxForUser' module
LDR: ! Imported function '_sys_heap_create_heap' in 'sysPrxForUser' module
LDR: ! Imported function 'sys_lwmutex_destroy' in 'sysPrxForUser' module
LDR: ! Imported function 'sys_lwcond_create' in 'sysPrxForUser' module
LDR: ! Imported function 'sys_process_exit' in 'sysPrxForUser' module
LDR: ! Imported function 'sys_lwcond_signal' in 'sysPrxForUser' module
HLE: W {PPU[1] Thread (CPUThread)[0x00fa704c]} sys_lwmutex warning: sys_lwmutex_create(lwmutex_addr=0xf508f0, attr_addr=0x4768a8)
HLE: ! {PPU[1] Thread (CPUThread)[0x00fa704c]} sys_lwmutex: *** lwmutex created [_lc_mtx] (attribute=0x12): sq_id = 3
HLE: W {PPU[1] Thread (CPUThread)[0x002fa0c0]} sys_memory warning: sys_memory_get_user_memory_size(mem_info_addr=0xd000fc04)
HLE: W {PPU[1] Thread (CPUThread)[0x00fa704c]} sys_lwmutex warning: sys_lwmutex_create(lwmutex_addr=0xf506f0, attr_addr=0x4768a8)
HLE: ! {PPU[1] Thread (CPUThread)[0x00fa704c]} sys_lwmutex: *** lwmutex created [_lc_mtx] (attribute=0x12): sq_id = 4
HLE: W {PPU[1] Thread (CPUThread)[0x00fa704c]} sys_lwmutex warning: sys_lwmutex_create(lwmutex_addr=0xf4fe78, attr_addr=0x4768a8)
HLE: ! {PPU[1] Thread (CPUThread)[0x00fa704c]} sys_lwmutex: *** lwmutex created [_lc_mtx] (attribute=0x12): sq_id = 5
HLE: W {PPU[1] Thread (CPUThread)[0x00fa704c]} sys_lwmutex warning: sys_lwmutex_create(lwmutex_addr=0xf4fea0, attr_addr=0x4768a8)
HLE: ! {PPU[1] Thread (CPUThread)[0x00fa704c]} sys_lwmutex: *** lwmutex created [_lc_mtx] (attribute=0x12): sq_id = 6
HLE: W {PPU[1] Thread (CPUThread)[0x00fa704c]} sys_lwmutex warning: sys_lwmutex_create(lwmutex_addr=0xf4fec8, attr_addr=0x4768a8)
HLE: ! {PPU[1] Thread (CPUThread)[0x00fa704c]} sys_lwmutex: *** lwmutex created [_lc_mtx] (attribute=0x12): sq_id = 7
HLE: W {PPU[1] Thread (CPUThread)[0x00fa704c]} sys_lwmutex warning: sys_lwmutex_create(lwmutex_addr=0xf4fdb0, attr_addr=0x4768a8)
HLE: ! {PPU[1] Thread (CPUThread)[0x00fa704c]} sys_lwmutex: *** lwmutex created [_lc_mtx] (attribute=0x12): sq_id = 8
HLE: W {PPU[1] Thread (CPUThread)[0x00fa704c]} sys_lwmutex warning: sys_lwmutex_create(lwmutex_addr=0xf4fdd8, attr_addr=0x4768a8)
HLE: ! {PPU[1] Thread (CPUThread)[0x00fa704c]} sys_lwmutex: *** lwmutex created [_lc_mtx] (attribute=0x12): sq_id = 9
HLE: W {PPU[1] Thread (CPUThread)[0x00fa704c]} sys_lwmutex warning: sys_lwmutex_create(lwmutex_addr=0xf4fe00, attr_addr=0x4768a8)
HLE: ! {PPU[1] Thread (CPUThread)[0x00fa704c]} sys_lwmutex: *** lwmutex created [_lc_mtx] (attribute=0x12): sq_id = 10
HLE: W {PPU[1] Thread (CPUThread)[0x00fa704c]} sys_lwmutex warning: sys_lwmutex_create(lwmutex_addr=0xf4fe28, attr_addr=0x4768a8)
HLE: ! {PPU[1] Thread (CPUThread)[0x00fa704c]} sys_lwmutex: *** lwmutex created [_lc_mtx] (attribute=0x12): sq_id = 11
HLE: W {PPU[1] Thread (CPUThread)[0x00fa704c]} sys_lwmutex warning: sys_lwmutex_create(lwmutex_addr=0xf4fe50, attr_addr=0x4768a8)
HLE: ! {PPU[1] Thread (CPUThread)[0x00fa704c]} sys_lwmutex: *** lwmutex created [_lc_mtx] (attribute=0x12): sq_id = 12
HLE: W {PPU[1] Thread (CPUThread)[0x000332d4]} sys_memory warning: sys_memory_get_user_memory_size(mem_info_addr=0xd000fb50)
HLE: W {PPU[1] Thread (CPUThread)[0x00fa704c]} sys_lwmutex warning: sys_lwmutex_create(lwmutex_addr=0xf50a40, attr_addr=0x60d518)
HLE: ! {PPU[1] Thread (CPUThread)[0x00fa704c]} sys_lwmutex: *** lwmutex created [_lgcmtx] (attribute=0x12): sq_id = 13
HLE: W {PPU[1] Thread (CPUThread)[0x00fa704c]} sys_lwmutex warning: sys_lwmutex_create(lwmutex_addr=0xf50a00, attr_addr=0x60d528)
HLE: ! {PPU[1] Thread (CPUThread)[0x00fa704c]} sys_lwmutex: *** lwmutex created [_lgcmtx] (attribute=0x22): sq_id = 14
HLE: W {PPU[1] Thread (CPUThread)[0x00f97058]} cellSysutil warning: cellSysutilRegisterCallback(slot=0, func_addr=0x5652a8, userdata=0x0)
HLE: W {PPU[1] Thread (CPUThread)[0x00f97058]} cellSysutil warning: cellSysutilRegisterCallback(slot=1, func_addr=0x568768, userdata=0x0)
HLE: W {PPU[1] Thread (CPUThread)[0x00033800]} sys_spu warning: sys_spu_initialize(max_usable_spu=6, max_raw_spu=0)
HLE: W {PPU[1] Thread (CPUThread)[0x00f99010]} cellSysmodule warning: cellSysmoduleLoadModule(CELL_SYSMODULE_FS)
HLE: W {PPU[1] Thread (CPUThread)[0x00f95088]} sys_fs warning: cellFsAioInit(mount_point_addr=0x458c20 (/dev_bdvd))
HLE: W {PPU[1] Thread (CPUThread)[0x00f99010]} cellSysmodule warning: cellSysmoduleLoadModule(CELL_SYSMODULE_SPURS)
HLE: W {PPU[1] Thread (CPUThread)[0x00033698]} sys_memory warning: sys_memory_container_create(cid_addr=0xd000fbdc, yield_size=0x300000)
HLE: W {PPU[1] Thread (CPUThread)[0x00033698]} sys_memory warning: *** memory_container created(addr=0x3f800000): id = 15
HLE: W {PPU[1] Thread (CPUThread)[0x00f9301c]} cellSpurs warning: _cellSpursAttributeInitialize(attr_addr=0xd000f9d8, revision=2, sdkVersion=0x330000, nSpus=6, spuPriority=128, ppuPriority=79, exitIfNoWork=0)
HLE: W {PPU[1] Thread (CPUThread)[0x00f93004]} cellSpurs warning: cellSpursAttributeSetNamePrefix(attr_addr=0xd000f9d8, prefix_addr=0x458ce4, size=12)
HLE: W {PPU[1] Thread (CPUThread)[0x00f93010]} cellSpurs warning: cellSpursAttributeSetMemoryContainerForSpuThread(attr_addr=0xd000f9d8, container=15)
HLE: W {PPU[1] Thread (CPUThread)[0x00f93028]} cellSpurs warning: cellSpursInitializeWithAttribute(spurs_addr=0x3010c100, attr_addr=0xd000f9d8)
HLE: ! {PPU[1] Thread (CPUThread)[0x00f93028]} sys_semaphore: *** semaphore created [_spuWkl] (protocol=0x2): id = 16
HLE: ! {PPU[1] Thread (CPUThread)[0x00f93028]} sys_semaphore: *** semaphore created [_spuWkl] (protocol=0x2): id = 17
HLE: ! {PPU[1] Thread (CPUThread)[0x00f93028]} sys_semaphore: *** semaphore created [_spuWkl] (protocol=0x2): id = 18
HLE: ! {PPU[1] Thread (CPUThread)[0x00f93028]} sys_semaphore: *** semaphore created [_spuWkl] (protocol=0x2): id = 19
HLE: ! {PPU[1] Thread (CPUThread)[0x00f93028]} sys_semaphore: *** semaphore created [_spuWkl] (protocol=0x2): id = 20
HLE: ! {PPU[1] Thread (CPUThread)[0x00f93028]} sys_semaphore: *** semaphore created [_spuWkl] (protocol=0x2): id = 21
HLE: ! {PPU[1] Thread (CPUThread)[0x00f93028]} sys_semaphore: *** semaphore created [_spuWkl] (protocol=0x2): id = 22
HLE: ! {PPU[1] Thread (CPUThread)[0x00f93028]} sys_semaphore: *** semaphore created [_spuWkl] (protocol=0x2): id = 23
HLE: ! {PPU[1] Thread (CPUThread)[0x00f93028]} sys_semaphore: *** semaphore created [_spuWkl] (protocol=0x2): id = 24
HLE: ! {PPU[1] Thread (CPUThread)[0x00f93028]} sys_semaphore: *** semaphore created [_spuWkl] (protocol=0x2): id = 25
HLE: ! {PPU[1] Thread (CPUThread)[0x00f93028]} sys_semaphore: *** semaphore created [_spuWkl] (protocol=0x2): id = 26
HLE: ! {PPU[1] Thread (CPUThread)[0x00f93028]} sys_semaphore: *** semaphore created [_spuWkl] (protocol=0x2): id = 27
HLE: ! {PPU[1] Thread (CPUThread)[0x00f93028]} sys_semaphore: *** semaphore created [_spuWkl] (protocol=0x2): id = 28
HLE: ! {PPU[1] Thread (CPUThread)[0x00f93028]} sys_semaphore: *** semaphore created [_spuWkl] (protocol=0x2): id = 29
HLE: ! {PPU[1] Thread (CPUThread)[0x00f93028]} sys_semaphore: *** semaphore created [_spuWkl] (protocol=0x2): id = 30
HLE: ! {PPU[1] Thread (CPUThread)[0x00f93028]} sys_semaphore: *** semaphore created [_spuWkl] (protocol=0x2): id = 31
HLE: ! {PPU[1] Thread (CPUThread)[0x00f93028]} sys_semaphore: *** semaphore created [_spuPrv] (protocol=0x2): id = 32
HLE: E {PPU[1] Thread (CPUThread)[0x00f93028]} sys_spu TODO: Unsupported SPU Thread Group type (0x4)
HLE: ! {PPU[1] Thread (CPUThread)[0x00f93028]} sys_spu: *** SPU Thread Group created [radeng_playeCellSpursKernelGroup] (num=6, prio=128, type=0x4, container=15): id=33
HLE: E {PPU[1] Thread (CPUThread)[0x00f93028]} sys_spu TODO: Unsupported SPU Thread options (0x2)
HLE: W {PPU[1] Thread (CPUThread)[0x00f93028]} sys_spu warning: *** New SPU Thread [radeng_playeCellSpursKernel0] (ep=0x0, opt=0x2, a1=0x0, a2=0x0, a3=0x0, a4=0x0): id=34
HLE: E {PPU[1] Thread (CPUThread)[0x00f93028]} sys_spu TODO: Unsupported SPU Thread options (0x2)
HLE: W {PPU[1] Thread (CPUThread)[0x00f93028]} sys_spu warning: *** New SPU Thread [radeng_playeCellSpursKernel1] (ep=0x0, opt=0x2, a1=0x0, a2=0x0, a3=0x0, a4=0x0): id=35
HLE: E {PPU[1] Thread (CPUThread)[0x00f93028]} sys_spu TODO: Unsupported SPU Thread options (0x2)
HLE: W {PPU[1] Thread (CPUThread)[0x00f93028]} sys_spu warning: *** New SPU Thread [radeng_playeCellSpursKernel2] (ep=0x0, opt=0x2, a1=0x0, a2=0x0, a3=0x0, a4=0x0): id=36
HLE: E {PPU[1] Thread (CPUThread)[0x00f93028]} sys_spu TODO: Unsupported SPU Thread options (0x2)
HLE: W {PPU[1] Thread (CPUThread)[0x00f93028]} sys_spu warning: *** New SPU Thread [radeng_playeCellSpursKernel3] (ep=0x0, opt=0x2, a1=0x0, a2=0x0, a3=0x0, a4=0x0): id=37
HLE: E {PPU[1] Thread (CPUThread)[0x00f93028]} sys_spu TODO: Unsupported SPU Thread options (0x2)
HLE: W {PPU[1] Thread (CPUThread)[0x00f93028]} sys_spu warning: *** New SPU Thread [radeng_playeCellSpursKernel4] (ep=0x0, opt=0x2, a1=0x0, a2=0x0, a3=0x0, a4=0x0): id=38
HLE: E {PPU[1] Thread (CPUThread)[0x00f93028]} sys_spu TODO: Unsupported SPU Thread options (0x2)
HLE: W {PPU[1] Thread (CPUThread)[0x00f93028]} sys_spu warning: *** New SPU Thread [radeng_playeCellSpursKernel5] (ep=0x0, opt=0x2, a1=0x0, a2=0x0, a3=0x0, a4=0x0): id=39
HLE: ! {PPU[1] Thread (CPUThread)[0x00f93028]} sys_lwmutex: *** lwmutex created [_spuPrv] (attribute=0x22): sq_id = 40
HLE: W {PPU[1] Thread (CPUThread)[0x00f93028]} sys_lwcond warning: *** lwcond created [_spuPrv] (lwmutex_addr=0x3010ceb0): id = 41
HLE: W {PPU[1] Thread (CPUThread)[0x00f93028]} sys_event warning: *** event_queue created [_spuPrv] (protocol=0x1, type=0x1, key=0x0, size=0x2a): id = 42
HLE: W {PPU[1] Thread (CPUThread)[0x00f93028]} sys_spu warning: sys_spu_thread_group_connect_event_all_threads(id=33, eq_id=42, req=0xffffffffffff0000, spup_addr=0x3010c1c9)
HLE: W {PPU[1] Thread (CPUThread)[0x00f93028]} sys_spu warning: *** spup -> 16
HLE: W {PPU[1] Thread (CPUThread)[0x00f93028]} sys_event warning: *** sys_event_port created: id = 43
HLE: W {PPU[1] Thread (CPUThread)[0x00f93028]} sys_event warning: sys_event_port_connect_local(eport_id=43, equeue_id=42)
HLE: ! {PPU[1] Thread (CPUThread)[0x00f93028]} sys_ppu_thread: *** New PPU Thread [radeng_playeSpursHdlr0] (joinable, entry=0x0): id = 44
HLE: ! {PPU[1] Thread (CPUThread)[0x00f93028]} sys_ppu_thread: *** New PPU Thread [radeng_playeSpursHdlr1] (joinable, entry=0x0): id = 45
HLE: E {PPU[1] Thread (CPUThread)[0x00f93028]} sys_spu TODO: sys_spu_thread_group_connect_event(id=33, eq=42, et=0x2)
HLE: W {PPU[1] Thread (CPUThread)[0x00f91004]} sys_io warning: cellPadInit(max_connect=7)
HLE: W {PPU[1] Thread (CPUThread)[0x00f97094]} cellSysutil warning: cellSysutilGetSystemParamInt: CELL_SYSUTIL_SYSTEMPARAM_ID_LANG
HLE: W {PPU[1] Thread (CPUThread)[0x00f97094]} cellSysutil warning: cellSysutilGetSystemParamInt: CELL_SYSUTIL_SYSTEMPARAM_ID_ENTER_BUTTON_ASSIGN
HLE: W {PPU[1] Thread (CPUThread)[0x00f9d124]} cellGcmSys warning: cellGcmInitDefaultFifoMode(mode=2)
HLE: W {PPU[1] Thread (CPUThread)[0x00f9d010]} cellGcmSys warning: _cellGcmInitBody(context_addr=0xf4a760, cmdSize=0x400000, ioSize=0x6e00000, ioAddress=0x30200000)
HLE: W {PPU[1] Thread (CPUThread)[0x00f9d010]} cellGcmSys warning: *** local memory(addr=0xc0000000, size=0xf900000)
HLE: W {PPU[1] Thread (CPUThread)[0x00f9d010]} cellGcmSys warning: cellGcmInit(): 256MB io address space used
HLE: W {PPU[1] Thread (CPUThread)[0x00f9d010]} cellGcmSys warning: cellGcmMapEaIoAddress(ea=0x30200000, io=0x0, size=0x6e00000)
RSX: ! {RSXThread} RSX thread started
HLE: W {PPU[1] Thread (CPUThread)[0x00f9d070]} cellGcmSys warning: cellGcmSetSecondVFrequency(level=2)
HLE: W {PPU[1] Thread (CPUThread)[0x00f9d0d0]} cellGcmSys warning: cellGcmSetFlipHandler(handler_addr=5692952)
HLE: W {PPU[1] Thread (CPUThread)[0x00f9d100]} cellGcmSys warning: cellGcmSetVBlankHandler(handler_addr=0x56de10)
HLE: W {PPU[1] Thread (CPUThread)[0x00f9d064]} cellGcmSys warning: cellGcmSetFlipMode(mode=1)
HLE: ! {PPU[1] Thread (CPUThread)[0x00f95034]} sys_fs: "/dev_bdvd/PS3_GAME/USRDIR/data/common/materials/a46b2416e6e40ba" opened: fd = 46
HLE: W {PPU[1] Thread (CPUThread)[0x00f950a0]} sys_fs warning: cellFsFstat(fd=46, sb_addr=0xd000f480)
HLE: W {PPU[1] Thread (CPUThread)[0x00f95010]} sys_fs warning: cellFsClose(fd=46)
HLE: ! {PPU[1] Thread (CPUThread)[0x00f95034]} sys_fs: "/dev_bdvd/PS3_GAME/USRDIR/data/common/shaders/c5c1fe43105cf16d" opened: fd = 47
HLE: W {PPU[1] Thread (CPUThread)[0x00f950a0]} sys_fs warning: cellFsFstat(fd=47, sb_addr=0xd000f3f0)
HLE: W {PPU[1] Thread (CPUThread)[0x00f95010]} sys_fs warning: cellFsClose(fd=47)
HLE: ! {PPU[1] Thread (CPUThread)[0x00f95034]} sys_fs: "/dev_bdvd/PS3_GAME/USRDIR/data/common/shaders/c5c1fe43105ce16d" opened: fd = 48
HLE: W {PPU[1] Thread (CPUThread)[0x00f950a0]} sys_fs warning: cellFsFstat(fd=48, sb_addr=0xd000f3f0)
HLE: W {PPU[1] Thread (CPUThread)[0x00f95010]} sys_fs warning: cellFsClose(fd=48)
HLE: ! {PPU[1] Thread (CPUThread)[0x00f95034]} sys_fs: "/dev_bdvd/PS3_GAME/USRDIR/data/common/textures/84b9a06506af66fe" opened: fd = 49
HLE: W {PPU[1] Thread (CPUThread)[0x00f950a0]} sys_fs warning: cellFsFstat(fd=49, sb_addr=0xd000f360)
HLE: W {PPU[1] Thread (CPUThread)[0x00f95010]} sys_fs warning: cellFsClose(fd=49)
HLE: ! {PPU[1] Thread (CPUThread)[0x00f95034]} sys_fs: "/dev_bdvd/PS3_GAME/USRDIR/data/common/materials/ada5f2b8a263da2" opened: fd = 50
HLE: W {PPU[1] Thread (CPUThread)[0x00f950a0]} sys_fs warning: cellFsFstat(fd=50, sb_addr=0xd000f480)
HLE: W {PPU[1] Thread (CPUThread)[0x00f95010]} sys_fs warning: cellFsClose(fd=50)
HLE: ! {PPU[1] Thread (CPUThread)[0x00f95034]} sys_fs: "/dev_bdvd/PS3_GAME/USRDIR/data/common/shaders/7e2992afb3b11cd3" opened: fd = 51
HLE: W {PPU[1] Thread (CPUThread)[0x00f950a0]} sys_fs warning: cellFsFstat(fd=51, sb_addr=0xd000f3f0)
HLE: W {PPU[1] Thread (CPUThread)[0x00f95010]} sys_fs warning: cellFsClose(fd=51)
HLE: ! {PPU[1] Thread (CPUThread)[0x00f95034]} sys_fs: "/dev_bdvd/PS3_GAME/USRDIR/data/common/shaders/7e2992afb3b10cd3" opened: fd = 52
HLE: W {PPU[1] Thread (CPUThread)[0x00f950a0]} sys_fs warning: cellFsFstat(fd=52, sb_addr=0xd000f3f0)
HLE: W {PPU[1] Thread (CPUThread)[0x00f95010]} sys_fs warning: cellFsClose(fd=52)
HLE: ! {PPU[1] Thread (CPUThread)[0x00f95034]} sys_fs: "/dev_bdvd/PS3_GAME/USRDIR/data/common/materials/23692cecb0fdae4" opened: fd = 53
HLE: W {PPU[1] Thread (CPUThread)[0x00f950a0]} sys_fs warning: cellFsFstat(fd=53, sb_addr=0xd000f480)
HLE: W {PPU[1] Thread (CPUThread)[0x00f95010]} sys_fs warning: cellFsClose(fd=53)
HLE: ! {PPU[1] Thread (CPUThread)[0x00f95034]} sys_fs: "/dev_bdvd/PS3_GAME/USRDIR/data/common/shaders/2ac6c2dfe8d87041" opened: fd = 54
HLE: W {PPU[1] Thread (CPUThread)[0x00f950a0]} sys_fs warning: cellFsFstat(fd=54, sb_addr=0xd000f3f0)
HLE: W {PPU[1] Thread (CPUThread)[0x00f95010]} sys_fs warning: cellFsClose(fd=54)
HLE: ! {PPU[1] Thread (CPUThread)[0x00f95034]} sys_fs: "/dev_bdvd/PS3_GAME/USRDIR/data/common/shaders/2ac6c2dfe8d86041" opened: fd = 55
HLE: W {PPU[1] Thread (CPUThread)[0x00f950a0]} sys_fs warning: cellFsFstat(fd=55, sb_addr=0xd000f3f0)
HLE: W {PPU[1] Thread (CPUThread)[0x00f95010]} sys_fs warning: cellFsClose(fd=55)
HLE: W {PPU[1] Thread (CPUThread)[0x00f97064]} cellSysutil warning: cellVideoOutGetResolutionAvailability(videoOut=0, resolutionId=0x1, option_addr=0x2, aspect=0x0, option=0xed915d30)
HLE: W {PPU[1] Thread (CPUThread)[0x00f97004]} cellSysutil warning: cellVideoOutConfigure(videoOut=0, config_addr=0xd000f954, option_addr=0x0, waitForEvent=0x0)
HLE: W {PPU[1] Thread (CPUThread)[0x00f9d118]} cellGcmSys warning: cellGcmSetTileInfo(index=0, location=0, offset=720896, size=26738688, pitch=8192, comp=0, base=0, bank=0)
HLE: W {PPU[1] Thread (CPUThread)[0x00f9d058]} cellGcmSys warning: cellGcmBindTile(index=0)
HLE: W {PPU[1] Thread (CPUThread)[0x00f9d118]} cellGcmSys warning: cellGcmSetTileInfo(index=1, location=0, offset=27525120, size=8912896, pitch=8192, comp=10, base=408, bank=1)
HLE: E {PPU[1] Thread (CPUThread)[0x00f9d118]} cellGcmSys error: cellGcmSetTileInfo: bad compression mode! (10)
HLE: W {PPU[1] Thread (CPUThread)[0x00f9d058]} cellGcmSys warning: cellGcmBindTile(index=1)
HLE: W {PPU[1] Thread (CPUThread)[0x00f9d118]} cellGcmSys warning: cellGcmSetTileInfo(index=2, location=0, offset=36503552, size=8912896, pitch=8192, comp=0, base=544, bank=0)
HLE: W {PPU[1] Thread (CPUThread)[0x00f9d058]} cellGcmSys warning: cellGcmBindTile(index=2)
HLE: W {PPU[1] Thread (CPUThread)[0x00f9d118]} cellGcmSys warning: cellGcmSetTileInfo(index=3, location=0, offset=45481984, size=4456448, pitch=4096, comp=0, base=680, bank=0)
HLE: W {PPU[1] Thread (CPUThread)[0x00f9d058]} cellGcmSys warning: cellGcmBindTile(index=3)
HLE: W {PPU[1] Thread (CPUThread)[0x00f9d118]} cellGcmSys warning: cellGcmSetTileInfo(index=4, location=1, offset=4521984, size=2359296, pitch=4096, comp=0, base=748, bank=0)
HLE: W {PPU[1] Thread (CPUThread)[0x00f9d058]} cellGcmSys warning: cellGcmBindTile(index=4)
HLE: W {PPU[1] Thread (CPUThread)[0x00f9d118]} cellGcmSys warning: cellGcmSetTileInfo(index=5, location=0, offset=50003968, size=1114112, pitch=2048, comp=0, base=784, bank=0)
HLE: W {PPU[1] Thread (CPUThread)[0x00f9d058]} cellGcmSys warning: cellGcmBindTile(index=5)
HLE: W {PPU[1] Thread (CPUThread)[0x00f9d118]} cellGcmSys warning: cellGcmSetTileInfo(index=6, location=1, offset=6946816, size=1179648, pitch=2048, comp=0, base=801, bank=0)
HLE: E {PPU[1] Thread (CPUThread)[0x00f9d118]} cellGcmSys error: cellGcmSetTileInfo : CELL_GCM_ERROR_INVALID_VALUE
HLE: W {PPU[1] Thread (CPUThread)[0x00f9d058]} cellGcmSys warning: cellGcmBindTile(index=6)
HLE: W {PPU[1] Thread (CPUThread)[0x00f9d118]} cellGcmSys warning: cellGcmSetTileInfo(index=7, location=0, offset=51183616, size=458752, pitch=1280, comp=10, base=819, bank=1)
HLE: E {PPU[1] Thread (CPUThread)[0x00f9d118]} cellGcmSys error: cellGcmSetTileInfo : CELL_GCM_ERROR_INVALID_VALUE
HLE: W {PPU[1] Thread (CPUThread)[0x00f9d058]} cellGcmSys warning: cellGcmBindTile(index=7)
HLE: W {PPU[1] Thread (CPUThread)[0x00f9d118]} cellGcmSys warning: cellGcmSetTileInfo(index=8, location=0, offset=51707904, size=1638400, pitch=1280, comp=7, base=826, bank=0)
HLE: E {PPU[1] Thread (CPUThread)[0x00f9d118]} cellGcmSys error: cellGcmSetTileInfo : CELL_GCM_ERROR_INVALID_VALUE
HLE: W {PPU[1] Thread (CPUThread)[0x00f9d058]} cellGcmSys warning: cellGcmBindTile(index=8)
HLE: W {PPU[1] Thread (CPUThread)[0x00f9d118]} cellGcmSys warning: cellGcmSetTileInfo(index=9, location=0, offset=53411840, size=262144, pitch=768, comp=0, base=851, bank=0)
HLE: E {PPU[1] Thread (CPUThread)[0x00f9d118]} cellGcmSys error: cellGcmSetTileInfo : CELL_GCM_ERROR_INVALID_VALUE
HLE: W {PPU[1] Thread (CPUThread)[0x00f9d058]} cellGcmSys warning: cellGcmBindTile(index=9)
HLE: W {PPU[1] Thread (CPUThread)[0x00f9d118]} cellGcmSys warning: cellGcmSetTileInfo(index=10, location=0, offset=53739520, size=327680, pitch=1024, comp=7, base=855, bank=0)
HLE: E {PPU[1] Thread (CPUThread)[0x00f9d118]} cellGcmSys error: cellGcmSetTileInfo : CELL_GCM_ERROR_INVALID_VALUE
HLE: W {PPU[1] Thread (CPUThread)[0x00f9d058]} cellGcmSys warning: cellGcmBindTile(index=10)
HLE: W {PPU[1] Thread (CPUThread)[0x00f9d118]} cellGcmSys warning: cellGcmSetTileInfo(index=11, location=0, offset=54132736, size=26738688, pitch=8192, comp=0, base=860, bank=0)
HLE: E {PPU[1] Thread (CPUThread)[0x00f9d118]} cellGcmSys error: cellGcmSetTileInfo : CELL_GCM_ERROR_INVALID_VALUE
HLE: W {PPU[1] Thread (CPUThread)[0x00f9d058]} cellGcmSys warning: cellGcmBindTile(index=11)
HLE: W {PPU[1] Thread (CPUThread)[0x00f9d0b8]} cellGcmSys warning: cellGcmBindZcull(index=0)
HLE: W {PPU[1] Thread (CPUThread)[0x00f9d0b8]} cellGcmSys warning: cellGcmBindZcull(index=1)
HLE: W {PPU[1] Thread (CPUThread)[0x00f9d064]} cellGcmSys warning: cellGcmSetFlipMode(mode=1)
RSX: W {RSXThread} TODO: NV4097_SET_WINDOW_OFFSET: x=0, y=0
RSX: W {RSXThread} New FBO (1280x720)
HLE: E {PPU[2] Thread (Callback Thread)[0x00f9d034]} cellGcmSys TODO: cellGcmGetLastSecondVTime
HLE: ! {PPU[1] Thread (CPUThread)[0x00f95034]} sys_fs: "/dev_bdvd/PS3_GAME/USRDIR/data/common/materials/cb3a94530f17e8d2" opened: fd = 56
HLE: W {PPU[1] Thread (CPUThread)[0x00f950a0]} sys_fs warning: cellFsFstat(fd=56, sb_addr=0xd000eed0)
HLE: W {PPU[1] Thread (CPUThread)[0x00f95010]} sys_fs warning: cellFsClose(fd=56)
HLE: ! {PPU[1] Thread (CPUThread)[0x00f95034]} sys_fs: "/dev_bdvd/PS3_GAME/USRDIR/data/common/shaders/7fee772e3bc83319" opened: fd = 57
HLE: W {PPU[1] Thread (CPUThread)[0x00f950a0]} sys_fs warning: cellFsFstat(fd=57, sb_addr=0xd000ee40)
HLE: W {PPU[1] Thread (CPUThread)[0x00f95010]} sys_fs warning: cellFsClose(fd=57)
HLE: ! {PPU[1] Thread (CPUThread)[0x00f95034]} sys_fs: "/dev_bdvd/PS3_GAME/USRDIR/data/common/shaders/7fee772e3bc82319" opened: fd = 58
HLE: W {PPU[1] Thread (CPUThread)[0x00f950a0]} sys_fs warning: cellFsFstat(fd=58, sb_addr=0xd000ee40)
HLE: W {PPU[1] Thread (CPUThread)[0x00f95010]} sys_fs warning: cellFsClose(fd=58)
HLE: ! {PPU[1] Thread (CPUThread)[0x00f95034]} sys_fs: "/dev_bdvd/PS3_GAME/USRDIR/data/common/materials/38076570108c7812" opened: fd = 59
HLE: W {PPU[1] Thread (CPUThread)[0x00f950a0]} sys_fs warning: cellFsFstat(fd=59, sb_addr=0xd000eed0)
HLE: W {PPU[1] Thread (CPUThread)[0x00f95010]} sys_fs warning: cellFsClose(fd=59)
HLE: ! {PPU[1] Thread (CPUThread)[0x00f95034]} sys_fs: "/dev_bdvd/PS3_GAME/USRDIR/data/common/shaders/c86f6ff8e0e7891d" opened: fd = 60
HLE: W {PPU[1] Thread (CPUThread)[0x00f950a0]} sys_fs warning: cellFsFstat(fd=60, sb_addr=0xd000ee40)
HLE: W {PPU[1] Thread (CPUThread)[0x00f95010]} sys_fs warning: cellFsClose(fd=60)
HLE: ! {PPU[1] Thread (CPUThread)[0x00f95034]} sys_fs: "/dev_bdvd/PS3_GAME/USRDIR/data/common/shaders/c86f6ff8e0e7991d" opened: fd = 61
HLE: W {PPU[1] Thread (CPUThread)[0x00f950a0]} sys_fs warning: cellFsFstat(fd=61, sb_addr=0xd000ee40)
HLE: W {PPU[1] Thread (CPUThread)[0x00f95010]} sys_fs warning: cellFsClose(fd=61)
HLE: ! {PPU[1] Thread (CPUThread)[0x00f95034]} sys_fs: "/dev_bdvd/PS3_GAME/USRDIR/data/common/materials/a4c1cd3a6d228c17" opened: fd = 62
HLE: W {PPU[1] Thread (CPUThread)[0x00f950a0]} sys_fs warning: cellFsFstat(fd=62, sb_addr=0xd000f020)
HLE: W {PPU[1] Thread (CPUThread)[0x00f95010]} sys_fs warning: cellFsClose(fd=62)
HLE: ! {PPU[1] Thread (CPUThread)[0x00f95034]} sys_fs: "/dev_bdvd/PS3_GAME/USRDIR/data/common/shaders/d02f44c85f0b1c3f" opened: fd = 63
HLE: W {PPU[1] Thread (CPUThread)[0x00f950a0]} sys_fs warning: cellFsFstat(fd=63, sb_addr=0xd000ef90)
HLE: W {PPU[1] Thread (CPUThread)[0x00f95010]} sys_fs warning: cellFsClose(fd=63)
HLE: ! {PPU[1] Thread (CPUThread)[0x00f95034]} sys_fs: "/dev_bdvd/PS3_GAME/USRDIR/data/common/shaders/d02f44c85f0b0c3f" opened: fd = 64
HLE: W {PPU[1] Thread (CPUThread)[0x00f950a0]} sys_fs warning: cellFsFstat(fd=64, sb_addr=0xd000ef90)
HLE: W {PPU[1] Thread (CPUThread)[0x00f95010]} sys_fs warning: cellFsClose(fd=64)
HLE: ! {PPU[1] Thread (CPUThread)[0x00f95034]} sys_fs: "/dev_bdvd/PS3_GAME/USRDIR/data/common/materials/9702b42e6d525580" opened: fd = 65
HLE: W {PPU[1] Thread (CPUThread)[0x00f950a0]} sys_fs warning: cellFsFstat(fd=65, sb_addr=0xd000f020)
HLE: W {PPU[1] Thread (CPUThread)[0x00f95010]} sys_fs warning: cellFsClose(fd=65)
HLE: ! {PPU[1] Thread (CPUThread)[0x00f95034]} sys_fs: "/dev_bdvd/PS3_GAME/USRDIR/data/common/shaders/44ba3456e7957a5" opened: fd = 66
HLE: W {PPU[1] Thread (CPUThread)[0x00f950a0]} sys_fs warning: cellFsFstat(fd=66, sb_addr=0xd000ef90)
HLE: W {PPU[1] Thread (CPUThread)[0x00f95010]} sys_fs warning: cellFsClose(fd=66)
HLE: ! {PPU[1] Thread (CPUThread)[0x00f95034]} sys_fs: "/dev_bdvd/PS3_GAME/USRDIR/data/common/shaders/44ba3456e7947a5" opened: fd = 67
HLE: W {PPU[1] Thread (CPUThread)[0x00f950a0]} sys_fs warning: cellFsFstat(fd=67, sb_addr=0xd000ef90)
HLE: W {PPU[1] Thread (CPUThread)[0x00f95010]} sys_fs warning: cellFsClose(fd=67)
HLE: ! {PPU[1] Thread (CPUThread)[0x00f95034]} sys_fs: "/dev_bdvd/PS3_GAME/USRDIR/data/common/materials/d51e7a8385ce48ef" opened: fd = 68
HLE: W {PPU[1] Thread (CPUThread)[0x00f950a0]} sys_fs warning: cellFsFstat(fd=68, sb_addr=0xd000e420)
HLE: W {PPU[1] Thread (CPUThread)[0x00f95010]} sys_fs warning: cellFsClose(fd=68)
HLE: ! {PPU[1] Thread (CPUThread)[0x00f95034]} sys_fs: "/dev_bdvd/PS3_GAME/USRDIR/data/common/shaders/355e65d76528786b" opened: fd = 69
HLE: W {PPU[1] Thread (CPUThread)[0x00f950a0]} sys_fs warning: cellFsFstat(fd=69, sb_addr=0xd000e390)
HLE: W {PPU[1] Thread (CPUThread)[0x00f95010]} sys_fs warning: cellFsClose(fd=69)
HLE: ! {PPU[1] Thread (CPUThread)[0x00f95034]} sys_fs: "/dev_bdvd/PS3_GAME/USRDIR/data/common/shaders/355e65d76528686b" opened: fd = 70
HLE: W {PPU[1] Thread (CPUThread)[0x00f950a0]} sys_fs warning: cellFsFstat(fd=70, sb_addr=0xd000e390)
HLE: W {PPU[1] Thread (CPUThread)[0x00f95010]} sys_fs warning: cellFsClose(fd=70)
HLE: ! {PPU[1] Thread (CPUThread)[0x00f95034]} sys_fs: "/dev_bdvd/PS3_GAME/USRDIR/data/common/materials/6e265f5534be8a87" opened: fd = 71
HLE: W {PPU[1] Thread (CPUThread)[0x00f950a0]} sys_fs warning: cellFsFstat(fd=71, sb_addr=0xd000e420)
HLE: W {PPU[1] Thread (CPUThread)[0x00f95010]} sys_fs warning: cellFsClose(fd=71)
HLE: ! {PPU[1] Thread (CPUThread)[0x00f95034]} sys_fs: "/dev_bdvd/PS3_GAME/USRDIR/data/common/shaders/f032fb962884555" opened: fd = 72
HLE: W {PPU[1] Thread (CPUThread)[0x00f950a0]} sys_fs warning: cellFsFstat(fd=72, sb_addr=0xd000e390)
HLE: W {PPU[1] Thread (CPUThread)[0x00f95010]} sys_fs warning: cellFsClose(fd=72)
HLE: ! {PPU[1] Thread (CPUThread)[0x00f95034]} sys_fs: "/dev_bdvd/PS3_GAME/USRDIR/data/common/shaders/f032fb962885555" opened: fd = 73
HLE: W {PPU[1] Thread (CPUThread)[0x00f950a0]} sys_fs warning: cellFsFstat(fd=73, sb_addr=0xd000e390)
HLE: W {PPU[1] Thread (CPUThread)[0x00f95010]} sys_fs warning: cellFsClose(fd=73)
HLE: ! {PPU[1] Thread (CPUThread)[0x00f95034]} sys_fs: "/dev_bdvd/PS3_GAME/USRDIR/data/common/materials/333ea63ac19c6c27" opened: fd = 74
HLE: W {PPU[1] Thread (CPUThread)[0x00f950a0]} sys_fs warning: cellFsFstat(fd=74, sb_addr=0xd000e420)
HLE: W {PPU[1] Thread (CPUThread)[0x00f95010]} sys_fs warning: cellFsClose(fd=74)
HLE: ! {PPU[1] Thread (CPUThread)[0x00f95034]} sys_fs: "/dev_bdvd/PS3_GAME/USRDIR/data/common/shaders/7502bb4c80a0efbf" opened: fd = 75
HLE: W {PPU[1] Thread (CPUThread)[0x00f950a0]} sys_fs warning: cellFsFstat(fd=75, sb_addr=0xd000e390)
HLE: W {PPU[1] Thread (CPUThread)[0x00f95010]} sys_fs warning: cellFsClose(fd=75)
HLE: ! {PPU[1] Thread (CPUThread)[0x00f95034]} sys_fs: "/dev_bdvd/PS3_GAME/USRDIR/data/common/shaders/7502bb4c80a0ffbf" opened: fd = 76
HLE: W {PPU[1] Thread (CPUThread)[0x00f950a0]} sys_fs warning: cellFsFstat(fd=76, sb_addr=0xd000e390)
HLE: W {PPU[1] Thread (CPUThread)[0x00f95010]} sys_fs warning: cellFsClose(fd=76)
HLE: ! {PPU[1] Thread (CPUThread)[0x00f95034]} sys_fs: "/dev_bdvd/PS3_GAME/USRDIR/data/common/materials/4bb7edfecbf27935" opened: fd = 77
HLE: W {PPU[1] Thread (CPUThread)[0x00f950a0]} sys_fs warning: cellFsFstat(fd=77, sb_addr=0xd000e420)
HLE: W {PPU[1] Thread (CPUThread)[0x00f95010]} sys_fs warning: cellFsClose(fd=77)
HLE: ! {PPU[1] Thread (CPUThread)[0x00f95034]} sys_fs: "/dev_bdvd/PS3_GAME/USRDIR/data/common/shaders/4da67cc7209e7cdd" opened: fd = 78
HLE: W {PPU[1] Thread (CPUThread)[0x00f950a0]} sys_fs warning: cellFsFstat(fd=78, sb_addr=0xd000e390)
HLE: W {PPU[1] Thread (CPUThread)[0x00f95010]} sys_fs warning: cellFsClose(fd=78)
HLE: ! {PPU[1] Thread (CPUThread)[0x00f95034]} sys_fs: "/dev_bdvd/PS3_GAME/USRDIR/data/common/shaders/4da67cc7209e6cdd" opened: fd = 79
HLE: W {PPU[1] Thread (CPUThread)[0x00f950a0]} sys_fs warning: cellFsFstat(fd=79, sb_addr=0xd000e390)
HLE: W {PPU[1] Thread (CPUThread)[0x00f95010]} sys_fs warning: cellFsClose(fd=79)
HLE: ! {PPU[1] Thread (CPUThread)[0x00f95034]} sys_fs: "/dev_bdvd/PS3_GAME/USRDIR/data/common/materials/54b7edfecbf27935" opened: fd = 80
HLE: W {PPU[1] Thread (CPUThread)[0x00f950a0]} sys_fs warning: cellFsFstat(fd=80, sb_addr=0xd000e420)
HLE: W {PPU[1] Thread (CPUThread)[0x00f95010]} sys_fs warning: cellFsClose(fd=80)
HLE: ! {PPU[1] Thread (CPUThread)[0x00f95034]} sys_fs: "/dev_bdvd/PS3_GAME/USRDIR/data/common/shaders/b54cef9cef896fdd" opened: fd = 81
HLE: W {PPU[1] Thread (CPUThread)[0x00f950a0]} sys_fs warning: cellFsFstat(fd=81, sb_addr=0xd000e390)
HLE: W {PPU[1] Thread (CPUThread)[0x00f95010]} sys_fs warning: cellFsClose(fd=81)
HLE: ! {PPU[1] Thread (CPUThread)[0x00f95034]} sys_fs: "/dev_bdvd/PS3_GAME/USRDIR/data/common/shaders/b54cef9cef897fdd" opened: fd = 82
HLE: W {PPU[1] Thread (CPUThread)[0x00f950a0]} sys_fs warning: cellFsFstat(fd=82, sb_addr=0xd000e390)
HLE: W {PPU[1] Thread (CPUThread)[0x00f95010]} sys_fs warning: cellFsClose(fd=82)
HLE: ! {PPU[1] Thread (CPUThread)[0x00f95034]} sys_fs: "/dev_bdvd/PS3_GAME/USRDIR/data/common/materials/7d430902272e4384" opened: fd = 83
HLE: W {PPU[1] Thread (CPUThread)[0x00f950a0]} sys_fs warning: cellFsFstat(fd=83, sb_addr=0xd000f470)
HLE: W {PPU[1] Thread (CPUThread)[0x00f95010]} sys_fs warning: cellFsClose(fd=83)
HLE: ! {PPU[1] Thread (CPUThread)[0x00f95034]} sys_fs: "/dev_bdvd/PS3_GAME/USRDIR/data/common/shaders/676caa0555de811d" opened: fd = 84
HLE: W {PPU[1] Thread (CPUThread)[0x00f950a0]} sys_fs warning: cellFsFstat(fd=84, sb_addr=0xd000f3e0)
HLE: W {PPU[1] Thread (CPUThread)[0x00f95010]} sys_fs warning: cellFsClose(fd=84)
HLE: ! {PPU[1] Thread (CPUThread)[0x00f95034]} sys_fs: "/dev_bdvd/PS3_GAME/USRDIR/data/common/shaders/676caa0555de911d" opened: fd = 85
HLE: W {PPU[1] Thread (CPUThread)[0x00f950a0]} sys_fs warning: cellFsFstat(fd=85, sb_addr=0xd000f3e0)
HLE: W {PPU[1] Thread (CPUThread)[0x00f95010]} sys_fs warning: cellFsClose(fd=85)
HLE: ! {PPU[1] Thread (CPUThread)[0x00fa7028]} sys_ppu_thread: *** New PPU Thread [AsyncLoad] (joinable, entry=0x5672d0): id = 86
HLE: ! {PPU[1] Thread (CPUThread)[0x00f95034]} sys_fs: "/dev_bdvd/PS3_GAME/USRDIR/data/gos/packfiles/French/game.bin" opened: fd = 87
HLE: W {PPU[1] Thread (CPUThread)[0x00f950a0]} sys_fs warning: cellFsFstat(fd=87, sb_addr=0xd000f2d0)
HLE: W {PPU[1] Thread (CPUThread)[0x00f95010]} sys_fs warning: cellFsClose(fd=87)
HLE: ! {PPU[1] Thread (CPUThread)[0x00f95034]} sys_fs: "/dev_bdvd/PS3_GAME/USRDIR/data/gos/packfiles/French/game.bin" opened: fd = 88
HLE: W {PPU[1] Thread (CPUThread)[0x00f950a0]} sys_fs warning: cellFsFstat(fd=88, sb_addr=0xd000eea0)
HLE: W {PPU[1] Thread (CPUThread)[0x00f95010]} sys_fs warning: cellFsClose(fd=88)
HLE: W {PPU[1] Thread (CPUThread)[0x00f99010]} cellSysmodule warning: cellSysmoduleLoadModule(CELL_SYSMODULE_AUDIO)
HLE: W {PPU[1] Thread (CPUThread)[0x00f99010]} cellSysmodule warning: cellSysmoduleLoadModule(CELL_SYSMODULE_FS)
HLE: E {PPU[1] Thread (CPUThread)[0x00f93040]} cellSpurs TODO: cellSpursGetInfo
HLE: W {PPU[1] Thread (CPUThread)[0x00f99010]} cellSysmodule warning: cellSysmoduleLoadModule(CELL_SYSMODULE_AUDIO)
HLE: W {PPU[1] Thread (CPUThread)[0x00f970ac]} cellSysutil warning: cellAudioOutGetSoundAvailability(audioOut=0, type=0, fs=0x4, option=0)
HLE: W {PPU[1] Thread (CPUThread)[0x00f970ac]} cellSysutil warning: cellAudioOutGetSoundAvailability(audioOut=0, type=1, fs=0x4, option=0)
HLE: W {PPU[1] Thread (CPUThread)[0x00f970ac]} cellSysutil warning: cellAudioOutGetSoundAvailability(audioOut=0, type=6, fs=0x4, option=0)
HLE: W {PPU[1] Thread (CPUThread)[0x00f970a0]} cellSysutil warning: cellAudioOutConfigure(audioOut=0, config_addr=0xd000ec80, option_addr=0x0, waitForEvent=0)
HLE: W {PPU[1] Thread (CPUThread)[0x00f8f0ac]} cellAudio warning: cellAudioInit()
HLE: ! {Audio Thread} cellAudio: Audio thread started
HLE: W {PPU[1] Thread (CPUThread)[0x00f8f07c]} cellAudio warning: cellAudioPortOpen(audioParam_addr=0xd000ed50, portNum_addr=0xf79358)
HLE: W {PPU[1] Thread (CPUThread)[0x00f8f07c]} cellAudio warning: *** audio port opened(nChannel=8, nBlock=8, attr=0x0, level=1.000000): port = 0
HLE: W {PPU[1] Thread (CPUThread)[0x00f8f040]} cellAudio warning: cellAudioGetPortConfig(portNum=0x0, portConfig_addr=0xd000ed70)
HLE: W {PPU[1] Thread (CPUThread)[0x00f8f058]} cellAudio warning: cellAudioPortStart(portNum=0x0)
HLE: E {PPU[1] Thread (CPUThread)[0x00f93040]} cellSpurs TODO: cellSpursGetInfo
HLE: E {PPU[1] Thread (CPUThread)[0x00f93040]} cellSpurs TODO: cellSpursGetInfo
HLE: W {PPU[1] Thread (CPUThread)[0x00f930ac]} cellSpurs warning: _cellSpursWorkloadAttributeInitialize(attr_addr=0xd000eac8, revision=1, sdkVersion=0x330000, pm_addr=0x533e80, size=0x2f80, data=0xf79200, priorityTable_addr=0xd000ed90, minContention=0x1, maxContention=0x1)
HLE: W {PPU[1] Thread (CPUThread)[0x00f9304c]} cellSpurs warning: cellSpursWorkloadAttributeSetName(attr_addr=0xd000eac8, nameClass_addr=0x4b8668, nameInstance_addr=0xf79290)
HLE: W {PPU[1] Thread (CPUThread)[0x00f93094]} cellSpurs warning: cellSpursAddWorkloadWithAttribute(spurs_addr=0x3010c100, wid_addr=0xf79288, attr_addr=0xd000eac8)
HLE: E {PPU[1] Thread (CPUThread)[0x00f93034]} cellSpurs TODO: cellSpursRequestIdleSpu
HLE: E {PPU[1] Thread (CPUThread)[0x00f930a0]} cellSpurs TODO: cellSpursSetExceptionEventHandler
HLE: W {PPU[1] Thread (CPUThread)[0x00423ae8]} sys_timer warning: sys_timer_create(timer_id_addr=0xf79348)
HLE: W {PPU[1] Thread (CPUThread)[0x00423b9c]} sys_event warning: sys_event_queue_create(equeue_id_addr=0xf7934c, attr_addr=0xd000ede0, event_queue_key=0x0, size=4)
HLE: W {PPU[1] Thread (CPUThread)[0x00423b9c]} sys_event warning: *** event_queue created [brbdq] (protocol=0x2, type=0x1, key=0x0, size=0x4): id = 90
HLE: W {PPU[1] Thread (CPUThread)[0x00423bc4]} sys_timer warning: sys_timer_connect_event_queue(timer_id=89, queue_id=90, name=0, data1=0, data2=0)
HLE: ! {PPU[1] Thread (CPUThread)[0x00f95034]} sys_fs: "/app_home//dev_bdvd/PS3_GAME/USRDIR/data/gos/config/SurroundReverb.ini" opened: fd = 91
HLE: W {PPU[1] Thread (CPUThread)[0x00f95010]} sys_fs warning: cellFsClose(fd=91)
HLE: E {PPU[1] Thread (CPUThread)[0x00f93040]} cellSpurs TODO: cellSpursGetInfo
HLE: W {PPU[1] Thread (CPUThread)[0x00f930ac]} cellSpurs warning: _cellSpursWorkloadAttributeInitialize(attr_addr=0xd000f1b8, revision=1, sdkVersion=0x330000, pm_addr=0x533e80, size=0x2f80, data=0xf89980, priorityTable_addr=0xd000f614, minContention=0x1, maxContention=0x1)
HLE: W {PPU[1] Thread (CPUThread)[0x00f9304c]} cellSpurs warning: cellSpursWorkloadAttributeSetName(attr_addr=0xd000f1b8, nameClass_addr=0x4b8668, nameInstance_addr=0x378e3378)
HLE: W {PPU[1] Thread (CPUThread)[0x00f93094]} cellSpurs warning: cellSpursAddWorkloadWithAttribute(spurs_addr=0x3010c100, wid_addr=0x378e3370, attr_addr=0xd000f1b8)
HLE: E {PPU[1] Thread (CPUThread)[0x00f93034]} cellSpurs TODO: cellSpursRequestIdleSpu
HLE: E {PPU[1] Thread (CPUThread)[0x00f930a0]} cellSpurs TODO: cellSpursSetExceptionEventHandler
G: E {PPU[1] Thread (CPUThread)[0x00420448]} Exception: Access violation: addr = 0x18 (is_alive=1, last_syscall=0x0 (Unknown func id: 0x00000000))
PPU: ! {PPULLVMRecompiler} Removed 1 old versions
PPU: ! {PPULLVMRecompiler} Removed 20 old versions
RSX: W {RSXThread} RSX thread aborted
HLE: W {Audio Thread} cellAudio warning: Audio thread aborted
RSX: W {VBlank thread} VBlank thread aborted
PPU: ! {PPULLVMRecompiler} PPU LLVM compiler thread exiting.
HLE: ! All threads stopped...
MEM: ! Closing memory...
