HLE: ! path: /dev_hdd0/game/
HLE: W No pause.bin found, Auto Pause will not work.
HLE: W No pause.bin found, Auto Pause will not work.
LDR: ! Loading 'd:/emulateurs/rpcs3/dev_hdd0/game/bles00834-[yakuza 3]/PS3_GAME/USRDIR/BOOT.BIN'...
LDR: !  
LDR: ! Mount info:
LDR: ! dev_usb000/ -> d:/emulateurs/rpcs3/dev_usb000/
LDR: ! dev_flash/ -> d:/emulateurs/rpcs3/dev_flash/
LDR: ! host_root/ -> 
LDR: ! dev_hdd0/ -> d:/emulateurs/rpcs3/dev_hdd0/
LDR: ! dev_hdd1/ -> d:/emulateurs/rpcs3/dev_hdd1/
LDR: ! dev_bdvd/ -> d:/emulateurs/rpcs3/dev_hdd0/game/bles00834-[yakuza 3]/ps3_game/../
LDR: ! dev_usb/ -> d:/emulateurs/rpcs3/dev_usb000/
LDR: !  
LDR: ! Title: YAKUZA 3
LDR: ! Serial: BLES00834
LDR: !  
LDR: E loader::init() failed: Broken file
MEM: ! Initializing memory: base_addr = 0x879d5c0000
MEM: ! Memory initialized.
LDR: ! Function 'cellSurMixerGetAANHandle' hooked (addr=0xa98f48)
LDR: ! Function 'cellSurMixerSetNotifyCallback' hooked (addr=0xa98f80)
LDR: ! Function 'cellSurMixerRemoveNotifyCallback' hooked (addr=0xa99018)
LDR: ! Function 'cellSurMixerSurBusAddData' hooked (addr=0xa990b0)
LDR: ! Function 'cellSurMixerGetCurrentBlockTag' hooked (addr=0xa99170)
LDR: ! Function 'cellSurMixerChStripGetAANPortNo' hooked (addr=0xa99a10)
LDR: ! Function 'cellSurMixerBeep' hooked (addr=0xa99a50)
LDR: ! Function 'cellSurMixerChStripSetParameter' hooked (addr=0xa99e48)
LDR: ! Function 'cellSurMixerPause' hooked (addr=0xa9a108)
LDR: ! Function 'cellSurMixerGetTimestamp' hooked (addr=0xa9b770)
LDR: ! Function 'cellSurMixerSetParameter' hooked (addr=0xa9b7d8)
LDR: ! Function 'cellSurMixerStart' hooked (addr=0xa9b8a8)
LDR: ! Function 'cellSurMixerFinalize' hooked (addr=0xa9bbb8)
LDR: ! Function 'cellSurMixerCreate' hooked (addr=0xa9c498)
LDR: ! Function 'cellAANConnect' hooked (addr=0xc9f368)
LDR: ! Function 'cellAANDisconnect' hooked (addr=0xc9f400)
LDR: ! Function 'cellAANAddData' hooked (addr=0xc9f498)
LDR: S Function group [surmxAAN] successfully hooked
LDR: S Function group [surmixer] successfully hooked
LDR: ! Imported function 'cellAudioInit' in 'cellAudio' module  (HLE)
LDR: ! Imported function 'cellAudioQuit' in 'cellAudio' module  (HLE)
LDR: ! Imported function 'cellAudioSetNotifyEventQueue' in 'cellAudio' module  (HLE)
LDR: ! Imported function 'cellAudioGetPortTimestamp' in 'cellAudio' module  (HLE)
LDR: ! Imported function 'cellAudioPortClose' in 'cellAudio' module  (HLE)
LDR: ! Imported function 'cellAudioPortStop' in 'cellAudio' module  (HLE)
LDR: ! Imported function 'cellAudioGetPortConfig' in 'cellAudio' module  (HLE)
LDR: ! Imported function 'cellAudioPortStart' in 'cellAudio' module  (HLE)
LDR: ! Imported function 'cellAudioPortOpen' in 'cellAudio' module  (HLE)
LDR: ! Imported function 'cellAudioGetPortBlockTag' in 'cellAudio' module  (HLE)
LDR: ! Imported function 'cellAudioRemoveNotifyEventQueue' in 'cellAudio' module  (HLE)
LDR: ! Imported function 'sceNpTrophyRegisterContext' in 'sceNpTrophy' module  (HLE)
LDR: ! Imported function 'sceNpTrophyCreateHandle' in 'sceNpTrophy' module  (HLE)
LDR: ! Imported function 'sceNpTrophyGetRequiredDiskSpace' in 'sceNpTrophy' module  (HLE)
LDR: ! Imported function 'sceNpTrophyDestroyContext' in 'sceNpTrophy' module  (HLE)
LDR: ! Imported function 'sceNpTrophyInit' in 'sceNpTrophy' module  (HLE)
LDR: ! Imported function 'sceNpTrophyDestroyHandle' in 'sceNpTrophy' module  (HLE)
LDR: ! Imported function 'sceNpTrophyUnlockTrophy' in 'sceNpTrophy' module  (HLE)
LDR: ! Imported function 'sceNpTrophyTerm' in 'sceNpTrophy' module  (HLE)
LDR: ! Imported function 'sceNpTrophyCreateContext' in 'sceNpTrophy' module  (HLE)
LDR: ! Imported function 'cellGameContentErrorDialog' in 'cellGame' module  (HLE)
LDR: ! Imported function 'cellGameGetParamString' in 'cellGame' module  (HLE)
LDR: ! Imported function 'cellGameCreateGameData' in 'cellGame' module  (HLE)
LDR: ! Imported function 'cellGameContentPermit' in 'cellGame' module  (HLE)
LDR: ! Imported function 'cellGameDataCheck' in 'cellGame' module  (HLE)
LDR: ! Imported function 'cellFsClose' in 'sys_fs' module  (HLE)
LDR: ! Imported function 'cellFsOpendir' in 'sys_fs' module  (HLE)
LDR: ! Imported function 'cellFsRead' in 'sys_fs' module  (HLE)
LDR: ! Imported function 'cellFsReaddir' in 'sys_fs' module  (HLE)
LDR: ! Imported function 'cellFsOpen' in 'sys_fs' module  (HLE)
LDR: ! Imported function 'cellFsStat' in 'sys_fs' module  (HLE)
LDR: ! Imported function 'cellFsUnlink' in 'sys_fs' module  (HLE)
LDR: ! Imported function 'cellFsLseek' in 'sys_fs' module  (HLE)
LDR: ! Imported function 'cellFsMkdir' in 'sys_fs' module  (HLE)
LDR: ! Imported function 'cellFsWrite' in 'sys_fs' module  (HLE)
LDR: ! Imported function 'cellFsFstat' in 'sys_fs' module  (HLE)
LDR: ! Imported function 'cellFsClosedir' in 'sys_fs' module  (HLE)
LDR: ! Imported function 'cellFsFtruncate' in 'sys_fs' module  (HLE)
LDR: ! Imported function 'cellFsFsync' in 'sys_fs' module  (HLE)
LDR: ! Imported function 'cellFsSdataOpen' in 'sys_fs' module  (HLE)
LDR: ! Imported function 'cellFsRename' in 'sys_fs' module  (HLE)
LDR: ! Imported function 'cellSysutilUnregisterCallback' in 'cellSysutil' module  (HLE)
LDR: ! Imported function 'cellSysutilCheckCallback' in 'cellSysutil' module  (HLE)
LDR: ! Imported function 'cellSaveDataListLoad2' in 'cellSysutil' module  (HLE)
LDR: ! Imported function 'cellMsgDialogClose' in 'cellSysutil' module  (HLE)
LDR: ! Imported function 'cellSaveDataListAutoLoad' in 'cellSysutil' module  (HLE)
LDR: ! Imported function 'cellSaveDataFixedLoad2' in 'cellSysutil' module  (HLE)
LDR: ! Imported function 'cellSaveDataFixedSave2' in 'cellSysutil' module  (HLE)
LDR: ! Imported function 'cellSaveDataListSave2' in 'cellSysutil' module  (HLE)
LDR: W Unimplemented function 'cellOskDialogUnloadAsync' in 'cellSysutil' module (HLE)
LDR: ! Imported function 'cellSysutilGetSystemParamInt' in 'cellSysutil' module  (HLE)
LDR: ! Imported function 'cellAudioOutConfigure' in 'cellSysutil' module  (HLE)
LDR: ! Imported function 'cellMsgDialogOpen2' in 'cellSysutil' module  (HLE)
LDR: W Unimplemented function 'cellOskDialogLoadAsync' in 'cellSysutil' module (HLE)
LDR: ! Imported function 'cellHddGameCheck' in 'cellSysutil' module  (HLE)
LDR: ! Imported function 'cellMsgDialogProgressBarInc' in 'cellSysutil' module  (HLE)
LDR: ! Imported function 'cellSysutilRegisterCallback' in 'cellSysutil' module  (HLE)
LDR: ! Imported function 'cellAudioOutGetSoundAvailability' in 'cellSysutil' module  (HLE)
LDR: ! Imported function 'cellAudioOutGetNumberOfDevice' in 'cellSysutil' module  (HLE)
LDR: W Unimplemented function 'cellSaveDataDelete2' in 'cellSysutil' module (HLE)
LDR: W Unimplemented function 'cellOskDialogSetLayoutMode' in 'cellSysutil' module (HLE)
LDR: ! Imported function 'cellAudioOutGetState' in 'cellSysutil' module  (HLE)
LDR: ! Imported function 'cellVideoOutConfigure' in 'cellSysutil' module  (HLE)
LDR: ! Imported function 'cellVideoOutGetDeviceInfo' in 'cellSysutil' module  (HLE)
LDR: ! Imported function 'cellVideoOutGetState' in 'cellSysutil' module  (HLE)
LDR: ! Imported function 'cellVideoOutGetResolution' in 'cellSysutil' module  (HLE)
LDR: ! Imported function 'cellSysmoduleUnloadModule' in 'cellSysmodule' module  (HLE)
LDR: ! Imported function 'cellSysmoduleLoadModule' in 'cellSysmodule' module  (HLE)
LDR: ! Imported function 'cellSpursAttributeSetNamePrefix' in 'cellSpurs' module  (HLE)
LDR: ! Imported function 'cellSpursTaskExitCodeGet' in 'cellSpurs' module  (HLE)
LDR: ! Imported function '_cellSpursTasksetAttributeInitialize' in 'cellSpurs' module  (HLE)
LDR: ! Imported function 'cellSpursCreateTaskWithAttribute' in 'cellSpurs' module  (HLE)
LDR: ! Imported function 'cellSpursEventFlagDetachLv2EventQueue' in 'cellSpurs' module  (HLE)
LDR: ! Imported function 'cellSpursCreateJobChainWithAttribute' in 'cellSpurs' module  (HLE)
LDR: ! Imported function 'cellSpursTaskExitCodeInitialize' in 'cellSpurs' module  (HLE)
LDR: ! Imported function '_cellSpursJobChainAttributeInitialize' in 'cellSpurs' module  (HLE)
LDR: ! Imported function 'cellSpursEventFlagWait' in 'cellSpurs' module  (HLE)
LDR: ! Imported function 'cellSpursDetachLv2EventQueue' in 'cellSpurs' module  (HLE)
LDR: ! Imported function '_cellSpursEventFlagInitialize' in 'cellSpurs' module  (HLE)
LDR: ! Imported function 'cellSpursTasksetAttributeSetName' in 'cellSpurs' module  (HLE)
LDR: ! Imported function 'cellSpursJobGuardInitialize' in 'cellSpurs' module  (HLE)
LDR: ! Imported function 'cellSpursShutdownJobChain' in 'cellSpurs' module  (HLE)
LDR: ! Imported function 'cellSpursEventFlagAttachLv2EventQueue' in 'cellSpurs' module  (HLE)
LDR: ! Imported function 'cellSpursTasksetAttributeSetTasksetSize' in 'cellSpurs' module  (HLE)
LDR: ! Imported function '_cellSpursAttributeInitialize' in 'cellSpurs' module  (HLE)
LDR: ! Imported function 'cellSpursJoinTaskset' in 'cellSpurs' module  (HLE)
LDR: ! Imported function 'cellSpursJobChainAttributeSetName' in 'cellSpurs' module  (HLE)
LDR: ! Imported function 'cellSpursTaskAttributeSetExitCodeContainer' in 'cellSpurs' module  (HLE)
LDR: ! Imported function 'cellSpursShutdownTaskset' in 'cellSpurs' module  (HLE)
LDR: ! Imported function 'cellSpursJoinJobChain' in 'cellSpurs' module  (HLE)
LDR: ! Imported function 'cellSpursInitializeWithAttribute' in 'cellSpurs' module  (HLE)
LDR: ! Imported function '_cellSpursTaskAttributeInitialize' in 'cellSpurs' module  (HLE)
LDR: ! Imported function 'cellSpursAttachLv2EventQueue' in 'cellSpurs' module  (HLE)
LDR: ! Imported function 'cellSpursCreateTasksetWithAttribute' in 'cellSpurs' module  (HLE)
LDR: ! Imported function 'cellSpursFinalize' in 'cellSpurs' module  (HLE)
LDR: ! Imported function 'cellSpursJobGuardNotify' in 'cellSpurs' module  (HLE)
LDR: ! Imported function 'cellSpursTaskExitCodeTryGet' in 'cellSpurs' module  (HLE)
LDR: ! Imported function 'cellSpursRunJobChain' in 'cellSpurs' module  (HLE)
LDR: ! Imported function '_cellSpursLFQueueInitialize' in 'cellSpurs' module  (HLE)
LDR: ! Imported function 'cellSpursQueueDetachLv2EventQueue' in 'cellSpurs' module  (HLE)
LDR: ! Imported function '_cellSpursQueueInitialize' in 'cellSpurs' module  (HLE)
LDR: ! Imported function 'cellSpursLFQueueAttachLv2EventQueue' in 'cellSpurs' module  (HLE)
LDR: ! Imported function 'cellSpursCreateTaskset' in 'cellSpurs' module  (HLE)
LDR: ! Imported function 'cellSpursLFQueueDetachLv2EventQueue' in 'cellSpurs' module  (HLE)
LDR: ! Imported function '_cellSpursLFQueuePushBody' in 'cellSpurs' module  (HLE)
LDR: ! Imported function 'cellSpursTaskGetContextSaveAreaSize' in 'cellSpurs' module  (HLE)
LDR: ! Imported function 'cellSpursQueuePopBody' in 'cellSpurs' module  (HLE)
LDR: ! Imported function 'cellSpursQueuePushBody' in 'cellSpurs' module  (HLE)
LDR: ! Imported function 'cellSpursCreateTask' in 'cellSpurs' module  (HLE)
LDR: ! Imported function 'cellSpursQueueAttachLv2EventQueue' in 'cellSpurs' module  (HLE)
LDR: ! Imported function 'cellSpursEventFlagSet' in 'cellSpurs' module  (HLE)
LDR: ! Imported function 'cellGcmGetTiledPitchSize' in 'cellGcmSys' module  (HLE)
LDR: ! Imported function '_cellGcmInitBody' in 'cellGcmSys' module  (HLE)
LDR: W Unimplemented function 'cellGcmSetDefaultCommandBufferAndSegmentWordSize' in 'cellGcmSys' module (HLE)
LDR: ! Imported function '_cellGcmSetFlipCommand' in 'cellGcmSys' module  (HLE)
LDR: ! Imported function 'cellGcmAddressToOffset' in 'cellGcmSys' module  (HLE)
LDR: ! Imported function '_cellGcmFunc15' in 'cellGcmSys' module  (HLE)
LDR: ! Imported function 'cellGcmBindTile' in 'cellGcmSys' module  (HLE)
LDR: ! Imported function 'cellGcmSetFlipMode' in 'cellGcmSys' module  (HLE)
LDR: ! Imported function 'cellGcmGetTimeStamp' in 'cellGcmSys' module  (HLE)
LDR: ! Imported function 'cellGcmGetDefaultCommandWordSize' in 'cellGcmSys' module  (HLE)
LDR: ! Imported function 'cellGcmGetLastFlipTime' in 'cellGcmSys' module  (HLE)
LDR: ! Imported function 'cellGcmGetReport' in 'cellGcmSys' module  (HLE)
LDR: ! Imported function 'cellGcmBindZcull' in 'cellGcmSys' module  (HLE)
LDR: ! Imported function 'cellGcmSetDisplayBuffer' in 'cellGcmSys' module  (HLE)
LDR: ! Imported function 'cellGcmGetControlRegister' in 'cellGcmSys' module  (HLE)
LDR: ! Imported function 'cellGcmUnbindZcull' in 'cellGcmSys' module  (HLE)
LDR: ! Imported function 'cellGcmSetVBlankHandler' in 'cellGcmSys' module  (HLE)
LDR: ! Imported function 'cellGcmResetFlipStatus' in 'cellGcmSys' module  (HLE)
LDR: ! Imported function 'cellGcmSetTileInfo' in 'cellGcmSys' module  (HLE)
LDR: ! Imported function 'cellGcmInitDefaultFifoMode' in 'cellGcmSys' module  (HLE)
LDR: ! Imported function '_cellGcmSetFlipCommandWithWaitLabel' in 'cellGcmSys' module  (HLE)
LDR: ! Imported function 'cellGcmUnbindTile' in 'cellGcmSys' module  (HLE)
LDR: ! Imported function 'cellGcmGetConfiguration' in 'cellGcmSys' module  (HLE)
LDR: ! Imported function 'cellGcmGetLabelAddress' in 'cellGcmSys' module  (HLE)
LDR: ! Imported function 'cellGcmSetVBlankFrequency' in 'cellGcmSys' module  (HLE)
LDR: ! Imported function 'sys_net_initialize_network_ex' in 'sys_net' module  (HLE)
LDR: ! Imported function 'listen' in 'sys_net' module  (HLE)
LDR: W Unimplemented function 'socketselect' in 'sys_net' module (HLE)
LDR: ! Imported function 'sys_net_close_dump' in 'sys_net' module  (HLE)
LDR: ! Imported function 'connect' in 'sys_net' module  (HLE)
LDR: ! Imported function 'socketclose' in 'sys_net' module  (HLE)
LDR: ! Imported function 'setsockopt' in 'sys_net' module  (HLE)
LDR: ! Imported function 'sys_net_read_dump' in 'sys_net' module  (HLE)
LDR: ! Imported function 'socket' in 'sys_net' module  (HLE)
LDR: ! Imported function 'sys_net_open_dump' in 'sys_net' module  (HLE)
LDR: ! Imported function 'bind' in 'sys_net' module  (HLE)
LDR: ! Imported function 'sys_net_finalize_network' in 'sys_net' module  (HLE)
LDR: ! Imported function 'accept' in 'sys_net' module  (HLE)
LDR: ! Imported function 'inet_addr' in 'sys_net' module  (HLE)
LDR: ! Imported function 'send' in 'sys_net' module  (HLE)
LDR: ! Imported function 'recv' in 'sys_net' module  (HLE)
LDR: ! Imported function 'sys_net_free_thread_context' in 'sys_net' module  (HLE)
LDR: ! Imported function 'sceNpTerm' in 'sceNp' module  (HLE)
LDR: ! Imported function 'sceNpDrmIsAvailable' in 'sceNp' module  (HLE)
LDR: ! Imported function 'sceNpInit' in 'sceNp' module  (HLE)
LDR: ! Imported function 'sceNpManagerRegisterCallback' in 'sceNp' module  (HLE)
LDR: ! Imported function 'cellNetCtlNetStartDialogLoadAsync' in 'cellNetCtl' module  (HLE)
LDR: ! Imported function 'cellNetCtlNetStartDialogUnloadAsync' in 'cellNetCtl' module  (HLE)
LDR: ! Imported function 'cellNetCtlTerm' in 'cellNetCtl' module  (HLE)
LDR: ! Imported function 'cellNetCtlGetInfo' in 'cellNetCtl' module  (HLE)
LDR: ! Imported function 'cellNetCtlGetState' in 'cellNetCtl' module  (HLE)
LDR: ! Imported function 'cellNetCtlInit' in 'cellNetCtl' module  (HLE)
LDR: ! Imported function 'cellPadClearBuf' in 'sys_io' module  (HLE)
LDR: ! Imported function 'cellPadInit' in 'sys_io' module  (HLE)
LDR: ! Imported function 'cellMouseGetData' in 'sys_io' module  (HLE)
LDR: ! Imported function 'cellPadEnd' in 'sys_io' module  (HLE)
LDR: ! Imported function 'cellPadSetPortSetting' in 'sys_io' module  (HLE)
LDR: ! Imported function 'cellMouseGetInfo' in 'sys_io' module  (HLE)
LDR: ! Imported function 'cellPadGetData' in 'sys_io' module  (HLE)
LDR: ! Imported function 'cellPadGetInfo2' in 'sys_io' module  (HLE)
LDR: ! Imported function 'cellMouseInit' in 'sys_io' module  (HLE)
LDR: ! Imported function 'cellMouseEnd' in 'sys_io' module  (HLE)
LDR: ! Imported function 'cellPadSetActDirect' in 'sys_io' module  (HLE)
LDR: ! Imported function 'cellSailGraphicsAdapterGetFrame' in 'cellSail' module  (HLE)
LDR: ! Imported function 'cellSailDescriptorCreateDatabase' in 'cellSail' module  (HLE)
LDR: ! Imported function 'cellSailDescriptorSetEs' in 'cellSail' module  (HLE)
LDR: ! Imported function 'cellSailPlayerSetSoundAdapter' in 'cellSail' module  (HLE)
LDR: ! Imported function 'cellSailDescriptorClose' in 'cellSail' module  (HLE)
LDR: ! Imported function 'cellSailPlayerInitialize' in 'cellSail' module  (HLE)
LDR: ! Imported function 'cellSailGraphicsAdapterPtsToTimePosition' in 'cellSail' module  (HLE)
LDR: ! Imported function 'cellSailPlayerFinalize' in 'cellSail' module  (HLE)
LDR: ! Imported function 'cellSailPlayerSetGraphicsAdapter' in 'cellSail' module  (HLE)
LDR: ! Imported function 'cellSailGraphicsAdapterInitialize' in 'cellSail' module  (HLE)
LDR: ! Imported function 'cellSailDescriptorDestroyDatabase' in 'cellSail' module  (HLE)
LDR: ! Imported function 'cellSailGraphicsAdapterSetPreferredFormat' in 'cellSail' module  (HLE)
LDR: ! Imported function 'cellSailMemAllocatorInitialize' in 'cellSail' module  (HLE)
LDR: ! Imported function 'cellSailPlayerOpenStream' in 'cellSail' module  (HLE)
LDR: ! Imported function 'cellSailFutureGet' in 'cellSail' module  (HLE)
LDR: ! Imported function 'cellSailSoundAdapterInitialize' in 'cellSail' module  (HLE)
LDR: ! Imported function 'cellSailGraphicsAdapterUpdateAvSync' in 'cellSail' module  (HLE)
LDR: ! Imported function 'cellSailPlayerReplaceEventHandler' in 'cellSail' module  (HLE)
LDR: ! Imported function 'cellSailSoundAdapterPtsToTimePosition' in 'cellSail' module  (HLE)
LDR: ! Imported function 'cellSailFutureInitialize' in 'cellSail' module  (HLE)
LDR: ! Imported function 'cellSailPlayerSetParameter' in 'cellSail' module  (HLE)
LDR: ! Imported function 'cellSailPlayerGetDescriptorCount' in 'cellSail' module  (HLE)
LDR: ! Imported function 'cellSailGraphicsAdapterFinalize' in 'cellSail' module  (HLE)
LDR: ! Imported function 'cellSailDescriptorSetAutoSelection' in 'cellSail' module  (HLE)
LDR: ! Imported function 'cellSailPlayerAddDescriptor' in 'cellSail' module  (HLE)
LDR: ! Imported function 'cellSailSoundAdapterGetFrame' in 'cellSail' module  (HLE)
LDR: ! Imported function 'cellSailPlayerCloseStream' in 'cellSail' module  (HLE)
LDR: ! Imported function 'cellSailFutureFinalize' in 'cellSail' module  (HLE)
LDR: ! Imported function 'cellSailPlayerRemoveDescriptor' in 'cellSail' module  (HLE)
LDR: ! Imported function 'cellSailFutureSet' in 'cellSail' module  (HLE)
LDR: ! Imported function 'cellSailPlayerIsPaused' in 'cellSail' module  (HLE)
LDR: ! Imported function 'cellSailPlayerBoot' in 'cellSail' module  (HLE)
LDR: ! Imported function 'cellSailDescriptorOpen' in 'cellSail' module  (HLE)
LDR: ! Imported function 'cellSailSoundAdapterFinalize' in 'cellSail' module  (HLE)
LDR: ! Imported function 'cellSailPlayerSetPaused' in 'cellSail' module  (HLE)
LDR: ! Imported function 'cellSailDescriptorGetStreamType' in 'cellSail' module  (HLE)
LDR: ! Imported function 'cellSailPlayerCreateDescriptor' in 'cellSail' module  (HLE)
LDR: ! Imported function 'cellSailPlayerStart' in 'cellSail' module  (HLE)
LDR: ! Imported function 'cellSailPlayerStop' in 'cellSail' module  (HLE)
LDR: ! Imported function 'cellSailSoundAdapterUpdateAvSync' in 'cellSail' module  (HLE)
LDR: ! Imported function 'cellSailSoundAdapterGetFormat' in 'cellSail' module  (HLE)
LDR: ! Imported function 'cellSailPlayerSetRepeatMode' in 'cellSail' module  (HLE)
LDR: ! Imported function 'cellSailPlayerDestroyDescriptor' in 'cellSail' module  (HLE)
LDR: ! Imported function 'cellSailGraphicsAdapterGetFormat' in 'cellSail' module  (HLE)
LDR: ! Imported function 'cellPamfReaderSetStreamWithTypeAndIndex' in 'cellPamf' module  (HLE)
LDR: ! Imported function 'cellPamfReaderGetNumberOfStreams' in 'cellPamf' module  (HLE)
LDR: ! Imported function 'cellPamfReaderSetStreamWithIndex' in 'cellPamf' module  (HLE)
LDR: ! Imported function 'cellPamfReaderGetPresentationStartTime' in 'cellPamf' module  (HLE)
LDR: ! Imported function 'cellPamfReaderGetStreamInfo' in 'cellPamf' module  (HLE)
LDR: ! Imported function 'cellPamfReaderGetStreamTypeAndChannel' in 'cellPamf' module  (HLE)
LDR: ! Imported function 'cellPamfReaderInitialize' in 'cellPamf' module  (HLE)
LDR: ! Imported function 'cellPamfReaderGetNumberOfSpecificStreams' in 'cellPamf' module  (HLE)
LDR: ! Imported function 'cellPamfReaderGetMuxRateBound' in 'cellPamf' module  (HLE)
LDR: ! Imported function 'cellPamfReaderGetPresentationEndTime' in 'cellPamf' module  (HLE)
LDR: ! Imported function 'cellVpostClose' in 'cellVpost' module  (HLE)
LDR: ! Imported function 'cellVpostQueryAttr' in 'cellVpost' module  (HLE)
LDR: ! Imported function 'cellVpostExec' in 'cellVpost' module  (HLE)
LDR: ! Imported function 'cellVpostOpen' in 'cellVpost' module  (HLE)
LDR: ! Imported function 'cellSyncMutexUnlock' in 'cellSync' module  (HLE)
LDR: ! Imported function 'cellSyncMutexInitialize' in 'cellSync' module  (HLE)
LDR: ! Imported function 'cellSyncMutexTryLock' in 'cellSync' module  (HLE)
LDR: ! Imported function 'sys_lwmutex_lock' in 'sysPrxForUser' module  (HLE)
LDR: ! Imported function 'sys_lwmutex_unlock' in 'sysPrxForUser' module  (HLE)
LDR: ! Imported function 'sys_lwcond_destroy' in 'sysPrxForUser' module  (HLE)
LDR: ! Imported function 'sys_ppu_thread_create' in 'sysPrxForUser' module  (HLE)
LDR: ! Imported function 'sys_prx_load_module' in 'sysPrxForUser' module  (HLE)
LDR: ! Imported function 'sys_lwcond_wait' in 'sysPrxForUser' module  (HLE)
LDR: ! Imported function '_sys_process_atexitspawn' in 'sysPrxForUser' module  (HLE)
LDR: ! Imported function 'sys_lwmutex_create' in 'sysPrxForUser' module  (HLE)
LDR: ! Imported function 'sys_ppu_thread_get_id' in 'sysPrxForUser' module  (HLE)
LDR: ! Imported function '_sys_heap_malloc' in 'sysPrxForUser' module  (HLE)
LDR: ! Imported function 'sys_prx_register_library' in 'sysPrxForUser' module  (HLE)
LDR: ! Imported function '_sys_heap_memalign' in 'sysPrxForUser' module  (HLE)
LDR: ! Imported function '_sys_spu_printf_initialize' in 'sysPrxForUser' module  (HLE)
LDR: ! Imported function 'sys_game_process_exitspawn2' in 'sysPrxForUser' module  (HLE)
LDR: ! Imported function 'sys_initialize_tls' in 'sysPrxForUser' module  (HLE)
LDR: ! Imported function 'sys_prx_stop_module' in 'sysPrxForUser' module  (HLE)
LDR: ! Imported function 'sys_time_get_system_time' in 'sysPrxForUser' module  (HLE)
LDR: W Unimplemented function '_sys_heap_free' in 'sysPrxForUser' module (HLE)
LDR: ! Imported function '_sys_process_at_Exitspawn' in 'sysPrxForUser' module  (HLE)
LDR: ! Imported function 'sys_prx_start_module' in 'sysPrxForUser' module  (HLE)
LDR: ! Imported function 'sys_prx_exitspawn_with_level' in 'sysPrxForUser' module  (HLE)
LDR: ! Imported function 'sys_ppu_thread_once' in 'sysPrxForUser' module  (HLE)
LDR: ! Imported function 'sys_lwmutex_trylock' in 'sysPrxForUser' module  (HLE)
LDR: W Unimplemented function '_sys_heap_delete_heap' in 'sysPrxForUser' module (HLE)
LDR: ! Imported function 'sys_ppu_thread_exit' in 'sysPrxForUser' module  (HLE)
LDR: ! Imported function '_sys_heap_create_heap' in 'sysPrxForUser' module  (HLE)
LDR: ! Imported function 'sys_lwmutex_destroy' in 'sysPrxForUser' module  (HLE)
LDR: ! Imported function 'sys_lwcond_create' in 'sysPrxForUser' module  (HLE)
LDR: ! Imported function '_sys_spu_printf_finalize' in 'sysPrxForUser' module  (HLE)
LDR: ! Imported function 'sys_spu_image_close' in 'sysPrxForUser' module  (HLE)
LDR: ! Imported function 'sys_process_exit' in 'sysPrxForUser' module  (HLE)
LDR: ! Imported function 'sys_spu_image_import' in 'sysPrxForUser' module  (HLE)
LDR: ! Imported function 'sys_lwcond_signal' in 'sysPrxForUser' module  (HLE)
LDR: ! Imported function 'sys_prx_unload_module' in 'sysPrxForUser' module  (HLE)
HLE: W {PPU[1] Thread (main_thread)[0x013b9058]} sys_lwmutex warning: sys_lwmutex_create(lwmutex_addr=0x1247a40, attr_addr=0xe6a8ac)
HLE: ! {PPU[1] Thread (main_thread)[0x013b9058]} sys_lwmutex : *** lwmutex created [_lc_mtx] (attribute=0x12): sq_id = 3
HLE: W {PPU[1] Thread (main_thread)[0x00b8f4a0]} sys_memory warning: sys_memory_get_user_memory_size(mem_info_addr=0xd000fc04)
HLE: W {PPU[1] Thread (main_thread)[0x013b9058]} sys_lwmutex warning: sys_lwmutex_create(lwmutex_addr=0x1247690, attr_addr=0xe6a8ac)
HLE: ! {PPU[1] Thread (main_thread)[0x013b9058]} sys_lwmutex : *** lwmutex created [_lc_mtx] (attribute=0x12): sq_id = 4
HLE: W {PPU[1] Thread (main_thread)[0x013b9058]} sys_lwmutex warning: sys_lwmutex_create(lwmutex_addr=0x12469d8, attr_addr=0xe6a8ac)
HLE: ! {PPU[1] Thread (main_thread)[0x013b9058]} sys_lwmutex : *** lwmutex created [_lc_mtx] (attribute=0x12): sq_id = 5
HLE: W {PPU[1] Thread (main_thread)[0x013b9058]} sys_lwmutex warning: sys_lwmutex_create(lwmutex_addr=0x1246a00, attr_addr=0xe6a8ac)
HLE: ! {PPU[1] Thread (main_thread)[0x013b9058]} sys_lwmutex : *** lwmutex created [_lc_mtx] (attribute=0x12): sq_id = 6
HLE: W {PPU[1] Thread (main_thread)[0x013b9058]} sys_lwmutex warning: sys_lwmutex_create(lwmutex_addr=0x1246a28, attr_addr=0xe6a8ac)
HLE: ! {PPU[1] Thread (main_thread)[0x013b9058]} sys_lwmutex : *** lwmutex created [_lc_mtx] (attribute=0x12): sq_id = 7
HLE: W {PPU[1] Thread (main_thread)[0x013b9058]} sys_lwmutex warning: sys_lwmutex_create(lwmutex_addr=0x1246910, attr_addr=0xe6a8ac)
HLE: ! {PPU[1] Thread (main_thread)[0x013b9058]} sys_lwmutex : *** lwmutex created [_lc_mtx] (attribute=0x12): sq_id = 8
HLE: W {PPU[1] Thread (main_thread)[0x013b9058]} sys_lwmutex warning: sys_lwmutex_create(lwmutex_addr=0x1246938, attr_addr=0xe6a8ac)
HLE: ! {PPU[1] Thread (main_thread)[0x013b9058]} sys_lwmutex : *** lwmutex created [_lc_mtx] (attribute=0x12): sq_id = 9
HLE: W {PPU[1] Thread (main_thread)[0x013b9058]} sys_lwmutex warning: sys_lwmutex_create(lwmutex_addr=0x1246960, attr_addr=0xe6a8ac)
HLE: ! {PPU[1] Thread (main_thread)[0x013b9058]} sys_lwmutex : *** lwmutex created [_lc_mtx] (attribute=0x12): sq_id = 10
HLE: W {PPU[1] Thread (main_thread)[0x013b9058]} sys_lwmutex warning: sys_lwmutex_create(lwmutex_addr=0x1246988, attr_addr=0xe6a8ac)
HLE: ! {PPU[1] Thread (main_thread)[0x013b9058]} sys_lwmutex : *** lwmutex created [_lc_mtx] (attribute=0x12): sq_id = 11
HLE: W {PPU[1] Thread (main_thread)[0x013b9058]} sys_lwmutex warning: sys_lwmutex_create(lwmutex_addr=0x12469b0, attr_addr=0xe6a8ac)
HLE: ! {PPU[1] Thread (main_thread)[0x013b9058]} sys_lwmutex : *** lwmutex created [_lc_mtx] (attribute=0x12): sq_id = 12
HLE: W {PPU[1] Thread (main_thread)[0x013b9058]} sys_lwmutex warning: sys_lwmutex_create(lwmutex_addr=0x12b5cb0, attr_addr=0x10ecd14)
HLE: ! {PPU[1] Thread (main_thread)[0x013b9058]} sys_lwmutex : *** lwmutex created [_lgcmtx] (attribute=0x12): sq_id = 13
HLE: W {PPU[1] Thread (main_thread)[0x013b9058]} sys_lwmutex warning: sys_lwmutex_create(lwmutex_addr=0x12b5c30, attr_addr=0x10ecd14)
HLE: ! {PPU[1] Thread (main_thread)[0x013b9058]} sys_lwmutex : *** lwmutex created [_lgcmtx] (attribute=0x12): sq_id = 14
HLE: W {PPU[1] Thread (main_thread)[0x013b9058]} sys_lwmutex warning: sys_lwmutex_create(lwmutex_addr=0x1208ce8, attr_addr=0xd000fbd0)
HLE: ! {PPU[1] Thread (main_thread)[0x013b9058]} sys_lwmutex : *** lwmutex created [] (attribute=0x12): sq_id = 15
HLE: E {PPU[1] Thread (main_thread)[0x013b907c]} sys_prx TODO: sys_prx_register_library(lib_addr=0xdbc708)
HLE: E {PPU[1] Thread (main_thread)[0x013b907c]} sys_prx TODO: sys_prx_register_library(lib_addr=0xdbc724)
HLE: W {PPU[1] Thread (main_thread)[0x013a10b8]} cellSysutil warning: cellSysutilRegisterCallback(slot=0, func_addr=0xf527e0, userdata=0x0)
HLE: W {PPU[1] Thread (main_thread)[0x013b9058]} sys_lwmutex warning: sys_lwmutex_create(lwmutex_addr=0x12e6d00, attr_addr=0xd000fc30)
HLE: ! {PPU[1] Thread (main_thread)[0x013b9058]} sys_lwmutex : *** lwmutex created [] (attribute=0x12): sq_id = 16
HLE: W {PPU[1] Thread (main_thread)[0x013b9058]} sys_lwmutex warning: sys_lwmutex_create(lwmutex_addr=0x12071f8, attr_addr=0xd000f908)
HLE: ! {PPU[1] Thread (main_thread)[0x013b9058]} sys_lwmutex : *** lwmutex created [] (attribute=0x12): sq_id = 17
HLE: W {PPU[1] Thread (main_thread)[0x013b9058]} sys_lwmutex warning: sys_lwmutex_create(lwmutex_addr=0x3803d720, attr_addr=0xd000f908)
HLE: ! {PPU[1] Thread (main_thread)[0x013b9058]} sys_lwmutex : *** lwmutex created [] (attribute=0x12): sq_id = 18
HLE: W {PPU[1] Thread (main_thread)[0x013b9148]} sys_lwcond warning: *** lwcond created [] (lwmutex_addr=0x3803d720): id = 19
HLE: W {PPU[1] Thread (main_thread)[0x013b9058]} sys_lwmutex warning: sys_lwmutex_create(lwmutex_addr=0x38192e10, attr_addr=0xd000f908)
HLE: ! {PPU[1] Thread (main_thread)[0x013b9058]} sys_lwmutex : *** lwmutex created [] (attribute=0x12): sq_id = 20
HLE: W {PPU[1] Thread (main_thread)[0x013b9148]} sys_lwcond warning: *** lwcond created [] (lwmutex_addr=0x38192e10): id = 21
HLE: W {PPU[1] Thread (main_thread)[0x013b9058]} sys_lwmutex warning: sys_lwmutex_create(lwmutex_addr=0x38192e60, attr_addr=0xd000f908)
HLE: ! {PPU[1] Thread (main_thread)[0x013b9058]} sys_lwmutex : *** lwmutex created [] (attribute=0x12): sq_id = 22
HLE: W {PPU[1] Thread (main_thread)[0x013b9148]} sys_lwcond warning: *** lwcond created [] (lwmutex_addr=0x38192e60): id = 23
HLE: W {PPU[1] Thread (main_thread)[0x013b9058]} sys_lwmutex warning: sys_lwmutex_create(lwmutex_addr=0x38192eb0, attr_addr=0xd000f908)
HLE: ! {PPU[1] Thread (main_thread)[0x013b9058]} sys_lwmutex : *** lwmutex created [] (attribute=0x12): sq_id = 24
HLE: W {PPU[1] Thread (main_thread)[0x013b9148]} sys_lwcond warning: *** lwcond created [] (lwmutex_addr=0x38192eb0): id = 25
HLE: W {PPU[1] Thread (main_thread)[0x013b9058]} sys_lwmutex warning: sys_lwmutex_create(lwmutex_addr=0x38192f00, attr_addr=0xd000f908)
HLE: ! {PPU[1] Thread (main_thread)[0x013b9058]} sys_lwmutex : *** lwmutex created [] (attribute=0x12): sq_id = 26
HLE: W {PPU[1] Thread (main_thread)[0x013b9148]} sys_lwcond warning: *** lwcond created [] (lwmutex_addr=0x38192f00): id = 27
HLE: W {PPU[1] Thread (main_thread)[0x013b9058]} sys_lwmutex warning: sys_lwmutex_create(lwmutex_addr=0x38192f50, attr_addr=0xd000f908)
HLE: ! {PPU[1] Thread (main_thread)[0x013b9058]} sys_lwmutex : *** lwmutex created [] (attribute=0x12): sq_id = 28
HLE: W {PPU[1] Thread (main_thread)[0x013b9148]} sys_lwcond warning: *** lwcond created [] (lwmutex_addr=0x38192f50): id = 29
HLE: W {PPU[1] Thread (main_thread)[0x013b9058]} sys_lwmutex warning: sys_lwmutex_create(lwmutex_addr=0x38192fa0, attr_addr=0xd000f908)
HLE: ! {PPU[1] Thread (main_thread)[0x013b9058]} sys_lwmutex : *** lwmutex created [] (attribute=0x12): sq_id = 30
HLE: W {PPU[1] Thread (main_thread)[0x013b9148]} sys_lwcond warning: *** lwcond created [] (lwmutex_addr=0x38192fa0): id = 31
HLE: W {PPU[1] Thread (main_thread)[0x013b9058]} sys_lwmutex warning: sys_lwmutex_create(lwmutex_addr=0x38192ff0, attr_addr=0xd000f908)
HLE: ! {PPU[1] Thread (main_thread)[0x013b9058]} sys_lwmutex : *** lwmutex created [] (attribute=0x12): sq_id = 32
HLE: W {PPU[1] Thread (main_thread)[0x013b9148]} sys_lwcond warning: *** lwcond created [] (lwmutex_addr=0x38192ff0): id = 33
HLE: W {PPU[1] Thread (main_thread)[0x013b9058]} sys_lwmutex warning: sys_lwmutex_create(lwmutex_addr=0x38193040, attr_addr=0xd000f908)
HLE: ! {PPU[1] Thread (main_thread)[0x013b9058]} sys_lwmutex : *** lwmutex created [] (attribute=0x12): sq_id = 34
HLE: W {PPU[1] Thread (main_thread)[0x013b9148]} sys_lwcond warning: *** lwcond created [] (lwmutex_addr=0x38193040): id = 35
HLE: W {PPU[1] Thread (main_thread)[0x013b9058]} sys_lwmutex warning: sys_lwmutex_create(lwmutex_addr=0x38193090, attr_addr=0xd000f908)
HLE: ! {PPU[1] Thread (main_thread)[0x013b9058]} sys_lwmutex : *** lwmutex created [] (attribute=0x12): sq_id = 36
HLE: W {PPU[1] Thread (main_thread)[0x013b9148]} sys_lwcond warning: *** lwcond created [] (lwmutex_addr=0x38193090): id = 37
HLE: W {PPU[1] Thread (main_thread)[0x013b9058]} sys_lwmutex warning: sys_lwmutex_create(lwmutex_addr=0x381930e0, attr_addr=0xd000f908)
HLE: ! {PPU[1] Thread (main_thread)[0x013b9058]} sys_lwmutex : *** lwmutex created [] (attribute=0x12): sq_id = 38
HLE: W {PPU[1] Thread (main_thread)[0x013b9148]} sys_lwcond warning: *** lwcond created [] (lwmutex_addr=0x381930e0): id = 39
HLE: W {PPU[1] Thread (main_thread)[0x013b9058]} sys_lwmutex warning: sys_lwmutex_create(lwmutex_addr=0x38193130, attr_addr=0xd000f908)
HLE: ! {PPU[1] Thread (main_thread)[0x013b9058]} sys_lwmutex : *** lwmutex created [] (attribute=0x12): sq_id = 40
HLE: W {PPU[1] Thread (main_thread)[0x013b9148]} sys_lwcond warning: *** lwcond created [] (lwmutex_addr=0x38193130): id = 41
HLE: W {PPU[1] Thread (main_thread)[0x013b9058]} sys_lwmutex warning: sys_lwmutex_create(lwmutex_addr=0x38193180, attr_addr=0xd000f908)
HLE: ! {PPU[1] Thread (main_thread)[0x013b9058]} sys_lwmutex : *** lwmutex created [] (attribute=0x12): sq_id = 42
HLE: W {PPU[1] Thread (main_thread)[0x013b9148]} sys_lwcond warning: *** lwcond created [] (lwmutex_addr=0x38193180): id = 43
HLE: W {PPU[1] Thread (main_thread)[0x013b9058]} sys_lwmutex warning: sys_lwmutex_create(lwmutex_addr=0x381931d0, attr_addr=0xd000f908)
HLE: ! {PPU[1] Thread (main_thread)[0x013b9058]} sys_lwmutex : *** lwmutex created [] (attribute=0x12): sq_id = 44
HLE: W {PPU[1] Thread (main_thread)[0x013b9148]} sys_lwcond warning: *** lwcond created [] (lwmutex_addr=0x381931d0): id = 45
HLE: W {PPU[1] Thread (main_thread)[0x013b9058]} sys_lwmutex warning: sys_lwmutex_create(lwmutex_addr=0x38193220, attr_addr=0xd000f908)
HLE: ! {PPU[1] Thread (main_thread)[0x013b9058]} sys_lwmutex : *** lwmutex created [] (attribute=0x12): sq_id = 46
HLE: W {PPU[1] Thread (main_thread)[0x013b9148]} sys_lwcond warning: *** lwcond created [] (lwmutex_addr=0x38193220): id = 47
HLE: W {PPU[1] Thread (main_thread)[0x013b9058]} sys_lwmutex warning: sys_lwmutex_create(lwmutex_addr=0x38193270, attr_addr=0xd000f908)
HLE: ! {PPU[1] Thread (main_thread)[0x013b9058]} sys_lwmutex : *** lwmutex created [] (attribute=0x12): sq_id = 48
HLE: W {PPU[1] Thread (main_thread)[0x013b9148]} sys_lwcond warning: *** lwcond created [] (lwmutex_addr=0x38193270): id = 49
HLE: W {PPU[1] Thread (main_thread)[0x013b9058]} sys_lwmutex warning: sys_lwmutex_create(lwmutex_addr=0x381932c0, attr_addr=0xd000f908)
HLE: ! {PPU[1] Thread (main_thread)[0x013b9058]} sys_lwmutex : *** lwmutex created [] (attribute=0x12): sq_id = 50
HLE: W {PPU[1] Thread (main_thread)[0x013b9148]} sys_lwcond warning: *** lwcond created [] (lwmutex_addr=0x381932c0): id = 51
HLE: W {PPU[1] Thread (main_thread)[0x013b9058]} sys_lwmutex warning: sys_lwmutex_create(lwmutex_addr=0x38193310, attr_addr=0xd000f908)
HLE: ! {PPU[1] Thread (main_thread)[0x013b9058]} sys_lwmutex : *** lwmutex created [] (attribute=0x12): sq_id = 52
HLE: W {PPU[1] Thread (main_thread)[0x013b9148]} sys_lwcond warning: *** lwcond created [] (lwmutex_addr=0x38193310): id = 53
HLE: W {PPU[1] Thread (main_thread)[0x013b9058]} sys_lwmutex warning: sys_lwmutex_create(lwmutex_addr=0x38193360, attr_addr=0xd000f908)
HLE: ! {PPU[1] Thread (main_thread)[0x013b9058]} sys_lwmutex : *** lwmutex created [] (attribute=0x12): sq_id = 54
HLE: W {PPU[1] Thread (main_thread)[0x013b9148]} sys_lwcond warning: *** lwcond created [] (lwmutex_addr=0x38193360): id = 55
HLE: W {PPU[1] Thread (main_thread)[0x013b9058]} sys_lwmutex warning: sys_lwmutex_create(lwmutex_addr=0x381933b0, attr_addr=0xd000f908)
HLE: ! {PPU[1] Thread (main_thread)[0x013b9058]} sys_lwmutex : *** lwmutex created [] (attribute=0x12): sq_id = 56
HLE: W {PPU[1] Thread (main_thread)[0x013b9148]} sys_lwcond warning: *** lwcond created [] (lwmutex_addr=0x381933b0): id = 57
HLE: W {PPU[1] Thread (main_thread)[0x013b9058]} sys_lwmutex warning: sys_lwmutex_create(lwmutex_addr=0x38193400, attr_addr=0xd000f908)
HLE: ! {PPU[1] Thread (main_thread)[0x013b9058]} sys_lwmutex : *** lwmutex created [] (attribute=0x12): sq_id = 58
HLE: W {PPU[1] Thread (main_thread)[0x013b9148]} sys_lwcond warning: *** lwcond created [] (lwmutex_addr=0x38193400): id = 59
HLE: W {PPU[1] Thread (main_thread)[0x013b9058]} sys_lwmutex warning: sys_lwmutex_create(lwmutex_addr=0x38193450, attr_addr=0xd000f908)
HLE: ! {PPU[1] Thread (main_thread)[0x013b9058]} sys_lwmutex : *** lwmutex created [] (attribute=0x12): sq_id = 60
HLE: W {PPU[1] Thread (main_thread)[0x013b9148]} sys_lwcond warning: *** lwcond created [] (lwmutex_addr=0x38193450): id = 61
HLE: W {PPU[1] Thread (main_thread)[0x013b9058]} sys_lwmutex warning: sys_lwmutex_create(lwmutex_addr=0x381934a0, attr_addr=0xd000f908)
HLE: ! {PPU[1] Thread (main_thread)[0x013b9058]} sys_lwmutex : *** lwmutex created [] (attribute=0x12): sq_id = 62
HLE: W {PPU[1] Thread (main_thread)[0x013b9148]} sys_lwcond warning: *** lwcond created [] (lwmutex_addr=0x381934a0): id = 63
HLE: W {PPU[1] Thread (main_thread)[0x013b9058]} sys_lwmutex warning: sys_lwmutex_create(lwmutex_addr=0x381934f0, attr_addr=0xd000f908)
HLE: ! {PPU[1] Thread (main_thread)[0x013b9058]} sys_lwmutex : *** lwmutex created [] (attribute=0x12): sq_id = 64
HLE: W {PPU[1] Thread (main_thread)[0x013b9148]} sys_lwcond warning: *** lwcond created [] (lwmutex_addr=0x381934f0): id = 65
HLE: W {PPU[1] Thread (main_thread)[0x013b9058]} sys_lwmutex warning: sys_lwmutex_create(lwmutex_addr=0x38193540, attr_addr=0xd000f908)
HLE: ! {PPU[1] Thread (main_thread)[0x013b9058]} sys_lwmutex : *** lwmutex created [] (attribute=0x12): sq_id = 66
HLE: W {PPU[1] Thread (main_thread)[0x013b9148]} sys_lwcond warning: *** lwcond created [] (lwmutex_addr=0x38193540): id = 67
HLE: W {PPU[1] Thread (main_thread)[0x013b9058]} sys_lwmutex warning: sys_lwmutex_create(lwmutex_addr=0x38193590, attr_addr=0xd000f908)
HLE: ! {PPU[1] Thread (main_thread)[0x013b9058]} sys_lwmutex : *** lwmutex created [] (attribute=0x12): sq_id = 68
HLE: W {PPU[1] Thread (main_thread)[0x013b9148]} sys_lwcond warning: *** lwcond created [] (lwmutex_addr=0x38193590): id = 69
HLE: W {PPU[1] Thread (main_thread)[0x013b9058]} sys_lwmutex warning: sys_lwmutex_create(lwmutex_addr=0x381935e0, attr_addr=0xd000f908)
HLE: ! {PPU[1] Thread (main_thread)[0x013b9058]} sys_lwmutex : *** lwmutex created [] (attribute=0x12): sq_id = 70
HLE: W {PPU[1] Thread (main_thread)[0x013b9148]} sys_lwcond warning: *** lwcond created [] (lwmutex_addr=0x381935e0): id = 71
HLE: W {PPU[1] Thread (main_thread)[0x013b9058]} sys_lwmutex warning: sys_lwmutex_create(lwmutex_addr=0x38193630, attr_addr=0xd000f908)
HLE: ! {PPU[1] Thread (main_thread)[0x013b9058]} sys_lwmutex : *** lwmutex created [] (attribute=0x12): sq_id = 72
HLE: W {PPU[1] Thread (main_thread)[0x013b9148]} sys_lwcond warning: *** lwcond created [] (lwmutex_addr=0x38193630): id = 73
HLE: W {PPU[1] Thread (main_thread)[0x013b9058]} sys_lwmutex warning: sys_lwmutex_create(lwmutex_addr=0x38193680, attr_addr=0xd000f908)
HLE: ! {PPU[1] Thread (main_thread)[0x013b9058]} sys_lwmutex : *** lwmutex created [] (attribute=0x12): sq_id = 74
HLE: W {PPU[1] Thread (main_thread)[0x013b9148]} sys_lwcond warning: *** lwcond created [] (lwmutex_addr=0x38193680): id = 75
HLE: W {PPU[1] Thread (main_thread)[0x013b9058]} sys_lwmutex warning: sys_lwmutex_create(lwmutex_addr=0x381936d0, attr_addr=0xd000f908)
HLE: ! {PPU[1] Thread (main_thread)[0x013b9058]} sys_lwmutex : *** lwmutex created [] (attribute=0x12): sq_id = 76
HLE: W {PPU[1] Thread (main_thread)[0x013b9148]} sys_lwcond warning: *** lwcond created [] (lwmutex_addr=0x381936d0): id = 77
HLE: W {PPU[1] Thread (main_thread)[0x013b9058]} sys_lwmutex warning: sys_lwmutex_create(lwmutex_addr=0x38193720, attr_addr=0xd000f908)
HLE: ! {PPU[1] Thread (main_thread)[0x013b9058]} sys_lwmutex : *** lwmutex created [] (attribute=0x12): sq_id = 78
HLE: W {PPU[1] Thread (main_thread)[0x013b9148]} sys_lwcond warning: *** lwcond created [] (lwmutex_addr=0x38193720): id = 79
HLE: W {PPU[1] Thread (main_thread)[0x013b9058]} sys_lwmutex warning: sys_lwmutex_create(lwmutex_addr=0x38193770, attr_addr=0xd000f908)
HLE: ! {PPU[1] Thread (main_thread)[0x013b9058]} sys_lwmutex : *** lwmutex created [] (attribute=0x12): sq_id = 80
HLE: W {PPU[1] Thread (main_thread)[0x013b9148]} sys_lwcond warning: *** lwcond created [] (lwmutex_addr=0x38193770): id = 81
HLE: W {PPU[1] Thread (main_thread)[0x013b9058]} sys_lwmutex warning: sys_lwmutex_create(lwmutex_addr=0x381937c0, attr_addr=0xd000f908)
HLE: ! {PPU[1] Thread (main_thread)[0x013b9058]} sys_lwmutex : *** lwmutex created [] (attribute=0x12): sq_id = 82
HLE: W {PPU[1] Thread (main_thread)[0x013b9148]} sys_lwcond warning: *** lwcond created [] (lwmutex_addr=0x381937c0): id = 83
HLE: W {PPU[1] Thread (main_thread)[0x013b9058]} sys_lwmutex warning: sys_lwmutex_create(lwmutex_addr=0x38193810, attr_addr=0xd000f908)
HLE: ! {PPU[1] Thread (main_thread)[0x013b9058]} sys_lwmutex : *** lwmutex created [] (attribute=0x12): sq_id = 84
HLE: W {PPU[1] Thread (main_thread)[0x013b9148]} sys_lwcond warning: *** lwcond created [] (lwmutex_addr=0x38193810): id = 85
HLE: W {PPU[1] Thread (main_thread)[0x013b9058]} sys_lwmutex warning: sys_lwmutex_create(lwmutex_addr=0x38193860, attr_addr=0xd000f908)
HLE: ! {PPU[1] Thread (main_thread)[0x013b9058]} sys_lwmutex : *** lwmutex created [] (attribute=0x12): sq_id = 86
HLE: W {PPU[1] Thread (main_thread)[0x013b9148]} sys_lwcond warning: *** lwcond created [] (lwmutex_addr=0x38193860): id = 87
HLE: W {PPU[1] Thread (main_thread)[0x013b9058]} sys_lwmutex warning: sys_lwmutex_create(lwmutex_addr=0x381938b0, attr_addr=0xd000f908)
HLE: ! {PPU[1] Thread (main_thread)[0x013b9058]} sys_lwmutex : *** lwmutex created [] (attribute=0x12): sq_id = 88
HLE: W {PPU[1] Thread (main_thread)[0x013b9148]} sys_lwcond warning: *** lwcond created [] (lwmutex_addr=0x381938b0): id = 89
HLE: W {PPU[1] Thread (main_thread)[0x013b9058]} sys_lwmutex warning: sys_lwmutex_create(lwmutex_addr=0x38193900, attr_addr=0xd000f908)
HLE: ! {PPU[1] Thread (main_thread)[0x013b9058]} sys_lwmutex : *** lwmutex created [] (attribute=0x12): sq_id = 90
HLE: W {PPU[1] Thread (main_thread)[0x013b9148]} sys_lwcond warning: *** lwcond created [] (lwmutex_addr=0x38193900): id = 91
HLE: W {PPU[1] Thread (main_thread)[0x013b9058]} sys_lwmutex warning: sys_lwmutex_create(lwmutex_addr=0x38193950, attr_addr=0xd000f908)
HLE: ! {PPU[1] Thread (main_thread)[0x013b9058]} sys_lwmutex : *** lwmutex created [] (attribute=0x12): sq_id = 92
HLE: W {PPU[1] Thread (main_thread)[0x013b9148]} sys_lwcond warning: *** lwcond created [] (lwmutex_addr=0x38193950): id = 93
HLE: W {PPU[1] Thread (main_thread)[0x013b9058]} sys_lwmutex warning: sys_lwmutex_create(lwmutex_addr=0x381939a0, attr_addr=0xd000f908)
HLE: ! {PPU[1] Thread (main_thread)[0x013b9058]} sys_lwmutex : *** lwmutex created [] (attribute=0x12): sq_id = 94
HLE: W {PPU[1] Thread (main_thread)[0x013b9148]} sys_lwcond warning: *** lwcond created [] (lwmutex_addr=0x381939a0): id = 95
HLE: W {PPU[1] Thread (main_thread)[0x013b9058]} sys_lwmutex warning: sys_lwmutex_create(lwmutex_addr=0x381939f0, attr_addr=0xd000f908)
HLE: ! {PPU[1] Thread (main_thread)[0x013b9058]} sys_lwmutex : *** lwmutex created [] (attribute=0x12): sq_id = 96
HLE: W {PPU[1] Thread (main_thread)[0x013b9148]} sys_lwcond warning: *** lwcond created [] (lwmutex_addr=0x381939f0): id = 97
HLE: W {PPU[1] Thread (main_thread)[0x013b9058]} sys_lwmutex warning: sys_lwmutex_create(lwmutex_addr=0x38193a40, attr_addr=0xd000f908)
HLE: ! {PPU[1] Thread (main_thread)[0x013b9058]} sys_lwmutex : *** lwmutex created [] (attribute=0x12): sq_id = 98
HLE: W {PPU[1] Thread (main_thread)[0x013b9148]} sys_lwcond warning: *** lwcond created [] (lwmutex_addr=0x38193a40): id = 99
HLE: W {PPU[1] Thread (main_thread)[0x013b9058]} sys_lwmutex warning: sys_lwmutex_create(lwmutex_addr=0x38193a90, attr_addr=0xd000f908)
HLE: ! {PPU[1] Thread (main_thread)[0x013b9058]} sys_lwmutex : *** lwmutex created [] (attribute=0x12): sq_id = 100
HLE: W {PPU[1] Thread (main_thread)[0x013b9148]} sys_lwcond warning: *** lwcond created [] (lwmutex_addr=0x38193a90): id = 101
HLE: W {PPU[1] Thread (main_thread)[0x013b9058]} sys_lwmutex warning: sys_lwmutex_create(lwmutex_addr=0x38193ae0, attr_addr=0xd000f908)
HLE: ! {PPU[1] Thread (main_thread)[0x013b9058]} sys_lwmutex : *** lwmutex created [] (attribute=0x12): sq_id = 102
HLE: W {PPU[1] Thread (main_thread)[0x013b9148]} sys_lwcond warning: *** lwcond created [] (lwmutex_addr=0x38193ae0): id = 103
HLE: W {PPU[1] Thread (main_thread)[0x013b9058]} sys_lwmutex warning: sys_lwmutex_create(lwmutex_addr=0x38193b30, attr_addr=0xd000f908)
HLE: ! {PPU[1] Thread (main_thread)[0x013b9058]} sys_lwmutex : *** lwmutex created [] (attribute=0x12): sq_id = 104
HLE: W {PPU[1] Thread (main_thread)[0x013b9148]} sys_lwcond warning: *** lwcond created [] (lwmutex_addr=0x38193b30): id = 105
HLE: W {PPU[1] Thread (main_thread)[0x013b9058]} sys_lwmutex warning: sys_lwmutex_create(lwmutex_addr=0x38193b80, attr_addr=0xd000f908)
HLE: ! {PPU[1] Thread (main_thread)[0x013b9058]} sys_lwmutex : *** lwmutex created [] (attribute=0x12): sq_id = 106
HLE: W {PPU[1] Thread (main_thread)[0x013b9148]} sys_lwcond warning: *** lwcond created [] (lwmutex_addr=0x38193b80): id = 107
HLE: W {PPU[1] Thread (main_thread)[0x013b9058]} sys_lwmutex warning: sys_lwmutex_create(lwmutex_addr=0x38193bd0, attr_addr=0xd000f908)
HLE: ! {PPU[1] Thread (main_thread)[0x013b9058]} sys_lwmutex : *** lwmutex created [] (attribute=0x12): sq_id = 108
HLE: W {PPU[1] Thread (main_thread)[0x013b9148]} sys_lwcond warning: *** lwcond created [] (lwmutex_addr=0x38193bd0): id = 109
HLE: W {PPU[1] Thread (main_thread)[0x013b9058]} sys_lwmutex warning: sys_lwmutex_create(lwmutex_addr=0x38193c20, attr_addr=0xd000f908)
HLE: ! {PPU[1] Thread (main_thread)[0x013b9058]} sys_lwmutex : *** lwmutex created [] (attribute=0x12): sq_id = 110
HLE: W {PPU[1] Thread (main_thread)[0x013b9148]} sys_lwcond warning: *** lwcond created [] (lwmutex_addr=0x38193c20): id = 111
HLE: W {PPU[1] Thread (main_thread)[0x013b9058]} sys_lwmutex warning: sys_lwmutex_create(lwmutex_addr=0x38193c70, attr_addr=0xd000f908)
HLE: ! {PPU[1] Thread (main_thread)[0x013b9058]} sys_lwmutex : *** lwmutex created [] (attribute=0x12): sq_id = 112
HLE: W {PPU[1] Thread (main_thread)[0x013b9148]} sys_lwcond warning: *** lwcond created [] (lwmutex_addr=0x38193c70): id = 113
HLE: W {PPU[1] Thread (main_thread)[0x013b9058]} sys_lwmutex warning: sys_lwmutex_create(lwmutex_addr=0x38193cc0, attr_addr=0xd000f908)
HLE: ! {PPU[1] Thread (main_thread)[0x013b9058]} sys_lwmutex : *** lwmutex created [] (attribute=0x12): sq_id = 114
HLE: W {PPU[1] Thread (main_thread)[0x013b9148]} sys_lwcond warning: *** lwcond created [] (lwmutex_addr=0x38193cc0): id = 115
HLE: W {PPU[1] Thread (main_thread)[0x013b9058]} sys_lwmutex warning: sys_lwmutex_create(lwmutex_addr=0x38193d10, attr_addr=0xd000f908)
HLE: ! {PPU[1] Thread (main_thread)[0x013b9058]} sys_lwmutex : *** lwmutex created [] (attribute=0x12): sq_id = 116
HLE: W {PPU[1] Thread (main_thread)[0x013b9148]} sys_lwcond warning: *** lwcond created [] (lwmutex_addr=0x38193d10): id = 117
HLE: W {PPU[1] Thread (main_thread)[0x013b9058]} sys_lwmutex warning: sys_lwmutex_create(lwmutex_addr=0x38193d60, attr_addr=0xd000f908)
HLE: ! {PPU[1] Thread (main_thread)[0x013b9058]} sys_lwmutex : *** lwmutex created [] (attribute=0x12): sq_id = 118
HLE: W {PPU[1] Thread (main_thread)[0x013b9148]} sys_lwcond warning: *** lwcond created [] (lwmutex_addr=0x38193d60): id = 119
HLE: W {PPU[1] Thread (main_thread)[0x013b9058]} sys_lwmutex warning: sys_lwmutex_create(lwmutex_addr=0x38193db0, attr_addr=0xd000f908)
HLE: ! {PPU[1] Thread (main_thread)[0x013b9058]} sys_lwmutex : *** lwmutex created [] (attribute=0x12): sq_id = 120
HLE: W {PPU[1] Thread (main_thread)[0x013b9148]} sys_lwcond warning: *** lwcond created [] (lwmutex_addr=0x38193db0): id = 121
HLE: W {PPU[1] Thread (main_thread)[0x013b9058]} sys_lwmutex warning: sys_lwmutex_create(lwmutex_addr=0x38193e00, attr_addr=0xd000f908)
HLE: ! {PPU[1] Thread (main_thread)[0x013b9058]} sys_lwmutex : *** lwmutex created [] (attribute=0x12): sq_id = 122
HLE: W {PPU[1] Thread (main_thread)[0x013b9148]} sys_lwcond warning: *** lwcond created [] (lwmutex_addr=0x38193e00): id = 123
HLE: W {PPU[1] Thread (main_thread)[0x013b9058]} sys_lwmutex warning: sys_lwmutex_create(lwmutex_addr=0x38193e50, attr_addr=0xd000f908)
HLE: ! {PPU[1] Thread (main_thread)[0x013b9058]} sys_lwmutex : *** lwmutex created [] (attribute=0x12): sq_id = 124
HLE: W {PPU[1] Thread (main_thread)[0x013b9148]} sys_lwcond warning: *** lwcond created [] (lwmutex_addr=0x38193e50): id = 125
HLE: W {PPU[1] Thread (main_thread)[0x013b9058]} sys_lwmutex warning: sys_lwmutex_create(lwmutex_addr=0x38193ea0, attr_addr=0xd000f908)
HLE: ! {PPU[1] Thread (main_thread)[0x013b9058]} sys_lwmutex : *** lwmutex created [] (attribute=0x12): sq_id = 126
HLE: W {PPU[1] Thread (main_thread)[0x013b9148]} sys_lwcond warning: *** lwcond created [] (lwmutex_addr=0x38193ea0): id = 127
HLE: W {PPU[1] Thread (main_thread)[0x013b9058]} sys_lwmutex warning: sys_lwmutex_create(lwmutex_addr=0x38193ef0, attr_addr=0xd000f908)
HLE: ! {PPU[1] Thread (main_thread)[0x013b9058]} sys_lwmutex : *** lwmutex created [] (attribute=0x12): sq_id = 128
HLE: W {PPU[1] Thread (main_thread)[0x013b9148]} sys_lwcond warning: *** lwcond created [] (lwmutex_addr=0x38193ef0): id = 129
HLE: W {PPU[1] Thread (main_thread)[0x013b9058]} sys_lwmutex warning: sys_lwmutex_create(lwmutex_addr=0x38193f40, attr_addr=0xd000f908)
HLE: ! {PPU[1] Thread (main_thread)[0x013b9058]} sys_lwmutex : *** lwmutex created [] (attribute=0x12): sq_id = 130
HLE: W {PPU[1] Thread (main_thread)[0x013b9148]} sys_lwcond warning: *** lwcond created [] (lwmutex_addr=0x38193f40): id = 131
HLE: W {PPU[1] Thread (main_thread)[0x013b9058]} sys_lwmutex warning: sys_lwmutex_create(lwmutex_addr=0x38193f90, attr_addr=0xd000f908)
HLE: ! {PPU[1] Thread (main_thread)[0x013b9058]} sys_lwmutex : *** lwmutex created [] (attribute=0x12): sq_id = 132
HLE: W {PPU[1] Thread (main_thread)[0x013b9148]} sys_lwcond warning: *** lwcond created [] (lwmutex_addr=0x38193f90): id = 133
HLE: W {PPU[1] Thread (main_thread)[0x013b9058]} sys_lwmutex warning: sys_lwmutex_create(lwmutex_addr=0x38193fe0, attr_addr=0xd000f908)
HLE: ! {PPU[1] Thread (main_thread)[0x013b9058]} sys_lwmutex : *** lwmutex created [] (attribute=0x12): sq_id = 134
HLE: W {PPU[1] Thread (main_thread)[0x013b9148]} sys_lwcond warning: *** lwcond created [] (lwmutex_addr=0x38193fe0): id = 135
HLE: W {PPU[1] Thread (main_thread)[0x013b9058]} sys_lwmutex warning: sys_lwmutex_create(lwmutex_addr=0x38194030, attr_addr=0xd000f908)
HLE: ! {PPU[1] Thread (main_thread)[0x013b9058]} sys_lwmutex : *** lwmutex created [] (attribute=0x12): sq_id = 136
HLE: W {PPU[1] Thread (main_thread)[0x013b9148]} sys_lwcond warning: *** lwcond created [] (lwmutex_addr=0x38194030): id = 137
HLE: W {PPU[1] Thread (main_thread)[0x013b9058]} sys_lwmutex warning: sys_lwmutex_create(lwmutex_addr=0x38194080, attr_addr=0xd000f908)
HLE: ! {PPU[1] Thread (main_thread)[0x013b9058]} sys_lwmutex : *** lwmutex created [] (attribute=0x12): sq_id = 138
HLE: W {PPU[1] Thread (main_thread)[0x013b9148]} sys_lwcond warning: *** lwcond created [] (lwmutex_addr=0x38194080): id = 139
HLE: W {PPU[1] Thread (main_thread)[0x013b9058]} sys_lwmutex warning: sys_lwmutex_create(lwmutex_addr=0x381940d0, attr_addr=0xd000f908)
HLE: ! {PPU[1] Thread (main_thread)[0x013b9058]} sys_lwmutex : *** lwmutex created [] (attribute=0x12): sq_id = 140
HLE: W {PPU[1] Thread (main_thread)[0x013b9148]} sys_lwcond warning: *** lwcond created [] (lwmutex_addr=0x381940d0): id = 141
HLE: W {PPU[1] Thread (main_thread)[0x013b9058]} sys_lwmutex warning: sys_lwmutex_create(lwmutex_addr=0x38194120, attr_addr=0xd000f908)
HLE: ! {PPU[1] Thread (main_thread)[0x013b9058]} sys_lwmutex : *** lwmutex created [] (attribute=0x12): sq_id = 142
HLE: W {PPU[1] Thread (main_thread)[0x013b9148]} sys_lwcond warning: *** lwcond created [] (lwmutex_addr=0x38194120): id = 143
HLE: W {PPU[1] Thread (main_thread)[0x013b9058]} sys_lwmutex warning: sys_lwmutex_create(lwmutex_addr=0x38194170, attr_addr=0xd000f908)
HLE: ! {PPU[1] Thread (main_thread)[0x013b9058]} sys_lwmutex : *** lwmutex created [] (attribute=0x12): sq_id = 144
HLE: W {PPU[1] Thread (main_thread)[0x013b9148]} sys_lwcond warning: *** lwcond created [] (lwmutex_addr=0x38194170): id = 145
HLE: W {PPU[1] Thread (main_thread)[0x00aeaca4]} sys_semaphore warning: sys_semaphore_create(sem_addr=0xd000f820, attr_addr=0xd000f828, initial_count=0, max_count=2147483647)
HLE: ! {PPU[1] Thread (main_thread)[0x00aeaca4]} sys_semaphore : *** semaphore created [] (protocol=0x2): id = 146
HLE: W {PPU[1] Thread (main_thread)[0x013b9058]} sys_lwmutex warning: sys_lwmutex_create(lwmutex_addr=0x30502070, attr_addr=0xd000f8d0)
HLE: ! {PPU[1] Thread (main_thread)[0x013b9058]} sys_lwmutex : *** lwmutex created [] (attribute=0x12): sq_id = 147
HLE: ! {PPU[1] Thread (main_thread)[0x013b9028]} sys_ppu_thread : *** New PPU Thread [AsyncFileAccess] (joinable, entry=0xfa54d0): id = 148
HLE: W {PPU[1] Thread (main_thread)[0x00aeaca4]} sys_semaphore warning: sys_semaphore_create(sem_addr=0xd000f820, attr_addr=0xd000f828, initial_count=0, max_count=2147483647)
HLE: ! {PPU[1] Thread (main_thread)[0x00aeaca4]} sys_semaphore : *** semaphore created [] (protocol=0x2): id = 149
HLE: W {PPU[1] Thread (main_thread)[0x013b9058]} sys_lwmutex warning: sys_lwmutex_create(lwmutex_addr=0x305028f0, attr_addr=0xd000f8d0)
HLE: ! {PPU[1] Thread (main_thread)[0x013b9058]} sys_lwmutex : *** lwmutex created [] (attribute=0x12): sq_id = 150
HLE: ! {PPU[1] Thread (main_thread)[0x013b9028]} sys_ppu_thread : *** New PPU Thread [AsyncFileAccess] (joinable, entry=0xfa54d0): id = 151
HLE: W {PPU[1] Thread (main_thread)[0x013b9058]} sys_lwmutex warning: sys_lwmutex_create(lwmutex_addr=0x12090a0, attr_addr=0xd000f910)
HLE: ! {PPU[1] Thread (main_thread)[0x013b9058]} sys_lwmutex : *** lwmutex created [] (attribute=0x12): sq_id = 152
HLE: W {PPU[1] Thread (main_thread)[0x013b9058]} sys_lwmutex warning: sys_lwmutex_create(lwmutex_addr=0x120cac8, attr_addr=0xd000f960)
HLE: ! {PPU[1] Thread (main_thread)[0x013b9058]} sys_lwmutex : *** lwmutex created [] (attribute=0x12): sq_id = 153
HLE: W {PPU[1] Thread (main_thread)[0x013a3010]} cellSysmodule warning: cellSysmoduleLoadModule(CELL_SYSMODULE_FS)
HLE: W {PPU[1] Thread (main_thread)[0x013a3010]} cellSysmodule warning: cellSysmoduleLoadModule(CELL_SYSMODULE_SYSUTIL_GAME)
HLE: W {PPU[1] Thread (main_thread)[0x013af010]} sys_io warning: cellPadInit(max_connect=7)
HLE: W {PPU[1] Thread (main_thread)[0x00aeaca4]} sys_semaphore warning: sys_semaphore_create(sem_addr=0xd000f9b0, attr_addr=0xd000f9b8, initial_count=0, max_count=2147483647)
HLE: ! {PPU[1] Thread (main_thread)[0x00aeaca4]} sys_semaphore : *** semaphore created [] (protocol=0x2): id = 154
HLE: W {PPU[1] Thread (main_thread)[0x00aeaca4]} sys_semaphore warning: sys_semaphore_create(sem_addr=0xd000f9b0, attr_addr=0xd000f9b8, initial_count=0, max_count=2147483647)
HLE: ! {PPU[1] Thread (main_thread)[0x00aeaca4]} sys_semaphore : *** semaphore created [] (protocol=0x2): id = 155
HLE: ! {PPU[1] Thread (main_thread)[0x013b9028]} sys_ppu_thread : *** New PPU Thread [mt_task_thread] (joinable, entry=0xfa54d0): id = 156
HLE: W {PPU[1] Thread (main_thread)[0x013a50c4]} cellSpurs warning: _cellSpursAttributeInitialize(attr_addr=0xd000f6f0, revision=2, sdkVersion=0x270001, nSpus=5, spuPriority=250, ppuPriority=450, exitIfNoWork=0)
HLE: W {PPU[1] Thread (main_thread)[0x013a5004]} cellSpurs warning: cellSpursAttributeSetNamePrefix(attr_addr=0xd000f6f0, prefix_addr=0xe6e408, size=9)
HLE: W {PPU[1] Thread (main_thread)[0x013a510c]} cellSpurs warning: cellSpursInitializeWithAttribute(spurs_addr=0x38195300, attr_addr=0xd000f6f0)
HLE: ! {PPU[1] Thread (main_thread)[0x013a510c]} sys_semaphore : *** semaphore created [_spuWkl] (protocol=0x2): id = 157
HLE: ! {PPU[1] Thread (main_thread)[0x013a510c]} sys_semaphore : *** semaphore created [_spuWkl] (protocol=0x2): id = 158
HLE: ! {PPU[1] Thread (main_thread)[0x013a510c]} sys_semaphore : *** semaphore created [_spuWkl] (protocol=0x2): id = 159
HLE: ! {PPU[1] Thread (main_thread)[0x013a510c]} sys_semaphore : *** semaphore created [_spuWkl] (protocol=0x2): id = 160
HLE: ! {PPU[1] Thread (main_thread)[0x013a510c]} sys_semaphore : *** semaphore created [_spuWkl] (protocol=0x2): id = 161
HLE: ! {PPU[1] Thread (main_thread)[0x013a510c]} sys_semaphore : *** semaphore created [_spuWkl] (protocol=0x2): id = 162
HLE: ! {PPU[1] Thread (main_thread)[0x013a510c]} sys_semaphore : *** semaphore created [_spuWkl] (protocol=0x2): id = 163
HLE: ! {PPU[1] Thread (main_thread)[0x013a510c]} sys_semaphore : *** semaphore created [_spuWkl] (protocol=0x2): id = 164
HLE: ! {PPU[1] Thread (main_thread)[0x013a510c]} sys_semaphore : *** semaphore created [_spuWkl] (protocol=0x2): id = 165
HLE: ! {PPU[1] Thread (main_thread)[0x013a510c]} sys_semaphore : *** semaphore created [_spuWkl] (protocol=0x2): id = 166
HLE: ! {PPU[1] Thread (main_thread)[0x013a510c]} sys_semaphore : *** semaphore created [_spuWkl] (protocol=0x2): id = 167
HLE: ! {PPU[1] Thread (main_thread)[0x013a510c]} sys_semaphore : *** semaphore created [_spuWkl] (protocol=0x2): id = 168
HLE: ! {PPU[1] Thread (main_thread)[0x013a510c]} sys_semaphore : *** semaphore created [_spuWkl] (protocol=0x2): id = 169
HLE: ! {PPU[1] Thread (main_thread)[0x013a510c]} sys_semaphore : *** semaphore created [_spuWkl] (protocol=0x2): id = 170
HLE: ! {PPU[1] Thread (main_thread)[0x013a510c]} sys_semaphore : *** semaphore created [_spuWkl] (protocol=0x2): id = 171
HLE: ! {PPU[1] Thread (main_thread)[0x013a510c]} sys_semaphore : *** semaphore created [_spuWkl] (protocol=0x2): id = 172
HLE: ! {PPU[1] Thread (main_thread)[0x013a510c]} sys_semaphore : *** semaphore created [_spuPrv] (protocol=0x2): id = 173
HLE: ! {PPU[1] Thread (main_thread)[0x013a510c]} sys_spu : *** SPU Thread Group created [pxd_spursCellSpursKernelGroup] (num=5, prio=250, type=0x0, container=0): id=174
HLE: E {PPU[1] Thread (main_thread)[0x013a510c]} sys_spu TODO: Unsupported SPU Thread options (0x2)
HLE: W {PPU[1] Thread (main_thread)[0x013a510c]} sys_spu warning: *** New SPU Thread [pxd_spursCellSpursKernel0] (ep=0x0, opt=0x2, a1=0x0, a2=0x0, a3=0x0, a4=0x0): id=175, spu_offset=0x30050000
HLE: E {PPU[1] Thread (main_thread)[0x013a510c]} sys_spu TODO: Unsupported SPU Thread options (0x2)
HLE: W {PPU[1] Thread (main_thread)[0x013a510c]} sys_spu warning: *** New SPU Thread [pxd_spursCellSpursKernel1] (ep=0x0, opt=0x2, a1=0x0, a2=0x0, a3=0x0, a4=0x0): id=176, spu_offset=0x30090000
HLE: E {PPU[1] Thread (main_thread)[0x013a510c]} sys_spu TODO: Unsupported SPU Thread options (0x2)
HLE: W {PPU[1] Thread (main_thread)[0x013a510c]} sys_spu warning: *** New SPU Thread [pxd_spursCellSpursKernel2] (ep=0x0, opt=0x2, a1=0x0, a2=0x0, a3=0x0, a4=0x0): id=177, spu_offset=0x38300000
HLE: E {PPU[1] Thread (main_thread)[0x013a510c]} sys_spu TODO: Unsupported SPU Thread options (0x2)
HLE: W {PPU[1] Thread (main_thread)[0x013a510c]} sys_spu warning: *** New SPU Thread [pxd_spursCellSpursKernel3] (ep=0x0, opt=0x2, a1=0x0, a2=0x0, a3=0x0, a4=0x0): id=178, spu_offset=0x38340000
HLE: E {PPU[1] Thread (main_thread)[0x013a510c]} sys_spu TODO: Unsupported SPU Thread options (0x2)
HLE: W {PPU[1] Thread (main_thread)[0x013a510c]} sys_spu warning: *** New SPU Thread [pxd_spursCellSpursKernel4] (ep=0x0, opt=0x2, a1=0x0, a2=0x0, a3=0x0, a4=0x0): id=179, spu_offset=0x38380000
HLE: ! {PPU[1] Thread (main_thread)[0x013a510c]} sys_lwmutex : *** lwmutex created [_spuPrv] (attribute=0x22): sq_id = 180
HLE: W {PPU[1] Thread (main_thread)[0x013a510c]} sys_lwcond warning: *** lwcond created [_spuPrv] (lwmutex_addr=0x381960b0): id = 181
HLE: W {PPU[1] Thread (main_thread)[0x013a510c]} sys_event warning: *** event_queue created [_spuPrv] (protocol=0x1, type=0x1, key=0x0, size=0x2a): id = 182
HLE: W {PPU[1] Thread (main_thread)[0x013a510c]} sys_spu warning: sys_spu_thread_group_connect_event_all_threads(id=174, eq_id=182, req=0xffffffffffff0000, spup_addr=0x381953c9)
HLE: W {PPU[1] Thread (main_thread)[0x013a510c]} sys_spu warning: *** spup -> 16
HLE: W {PPU[1] Thread (main_thread)[0x013a510c]} sys_event warning: *** sys_event_port created: id = 183
HLE: W {PPU[1] Thread (main_thread)[0x013a510c]} sys_event warning: sys_event_port_connect_local(eport_id=183, equeue_id=182)
HLE: ! {PPU[1] Thread (main_thread)[0x013a510c]} sys_ppu_thread : *** New PPU Thread [pxd_spursSpursHdlr0] (joinable, entry=0x0): id = 184
HLE: W {PPU[184] Thread (pxd_spursSpursHdlr0)[0x00000000]} sys_spu warning: sys_spu_thread_group_start(id=174)
HLE: ! {PPU[1] Thread (main_thread)[0x013a510c]} sys_ppu_thread : *** New PPU Thread [pxd_spursSpursHdlr1] (joinable, entry=0x0): id = 185
HLE: E {PPU[1] Thread (main_thread)[0x013a510c]} sys_spu TODO: sys_spu_thread_group_connect_event(id=174, eq=182, et=0x2)
HLE: E {PPU[1] Thread (main_thread)[0x013a501c]} cellSpurs TODO: _cellSpursTasksetAttributeInitialize
HLE: E {PPU[1] Thread (main_thread)[0x013a50b8]} cellSpurs TODO: cellSpursTasksetAttributeSetTasksetSize
HLE: E {PPU[1] Thread (main_thread)[0x013a5088]} cellSpurs TODO: cellSpursTasksetAttributeSetName
HLE: E {PPU[1] Thread (main_thread)[0x013a5130]} cellSpurs TODO: cellSpursCreateTasksetWithAttribute
HLE: W {PPU[184] Thread (pxd_spursSpursHdlr0)[0x00000000]} sys_spu warning: sys_spu_thread_group_join(id=174, cause_addr=0x0, status_addr=0x0)
HLE: E {PPU[1] Thread (main_thread)[0x013a507c]} cellSpurs TODO: _cellSpursEventFlagInitialize
HLE: E {PPU[1] Thread (main_thread)[0x013a50ac]} cellSpurs TODO: cellSpursEventFlagAttachLv2EventQueue
HLE: E {PPU[1] Thread (main_thread)[0x013a5058]} cellSpurs TODO: _cellSpursJobChainAttributeInitialize
HLE: E {PPU[1] Thread (main_thread)[0x013a50dc]} cellSpurs TODO: cellSpursJobChainAttributeSetName
HLE: E {PPU[1] Thread (main_thread)[0x013a5040]} cellSpurs TODO: cellSpursCreateJobChainWithAttribute
HLE: E {PPU[1] Thread (main_thread)[0x013a5094]} cellSpurs TODO: cellSpursJobGuardInitialize
HLE: E {PPU[1] Thread (main_thread)[0x013a5148]} cellSpurs TODO: cellSpursJobGuardNotify
HLE: E {PPU[1] Thread (main_thread)[0x013a5160]} cellSpurs TODO: cellSpursRunJobChain
SPU: E {SPU[177] Thread (pxd_spursCellSpursKernel2)[0x00000a00]} SPURecompilerCore::Compile(ls_addr=0xa00): branch to 0x0 opcode
SPU: E {SPU[176] Thread (pxd_spursCellSpursKernel1)[0x00000a00]} SPURecompilerCore::Compile(ls_addr=0xa00): branch to 0x0 opcode
SPU: E {SPU[178] Thread (pxd_spursCellSpursKernel3)[0x00000a00]} SPURecompilerCore::Compile(ls_addr=0xa00): branch to 0x0 opcode
SPU: E {SPU[175] Thread (pxd_spursCellSpursKernel0)[0x00000a00]} SPURecompilerCore::Compile(ls_addr=0xa00): branch to 0x0 opcode
SPU: E {SPU[179] Thread (pxd_spursCellSpursKernel4)[0x00000a00]} SPURecompilerCore::Compile(ls_addr=0xa00): branch to 0x0 opcode
HLE: W {PPU[1] Thread (main_thread)[0x013af064]} sys_io warning: cellMouseInit(max_connect=1)
HLE: W {PPU[1] Thread (main_thread)[0x013a110c]} cellSysutil warning: cellVideoOutGetDeviceInfo(videoOut=0, deviceIndex=0, info_addr=0xd000f234)
HLE: W {PPU[1] Thread (main_thread)[0x013a3010]} cellSysmodule warning: cellSysmoduleLoadModule(CELL_SYSMODULE_GCM_SYS)
HLE: W {PPU[1] Thread (main_thread)[0x013a70e8]} cellGcmSys warning: cellGcmInitDefaultFifoMode(mode=0)
HLE: W {PPU[1] Thread (main_thread)[0x013a7010]} cellGcmSys warning: _cellGcmInitBody(context_addr=0x1246780, cmdSize=0xa00000, ioSize=0x1c00000, ioAddress=0x38500000)
HLE: W {PPU[1] Thread (main_thread)[0x013a7010]} cellGcmSys warning: *** local memory(addr=0xc0000000, size=0xf900000)
HLE: W {PPU[1] Thread (main_thread)[0x013a7010]} cellGcmSys warning: cellGcmInit(): 256MB io address space used
HLE: W {PPU[1] Thread (main_thread)[0x013a7010]} cellGcmSys warning: cellGcmMapEaIoAddress(ea=0x38500000, io=0x0, size=0x1c00000)
RSX: ! {RSXThread} RSX thread started
HLE: E {PPU[1] Thread (main_thread)[0x013a701c]} TODO: cellGcmSetDefaultCommandBufferAndSegmentWordSize
HLE: W {PPU[1] Thread (main_thread)[0x013a110c]} cellSysutil warning: cellVideoOutGetDeviceInfo(videoOut=0, deviceIndex=0, info_addr=0xd000f3fc)
HLE: W {PPU[1] Thread (main_thread)[0x013a1100]} cellSysutil warning: cellVideoOutConfigure(videoOut=0, config_addr=0xd000f20c, option_addr=0x0, waitForEvent=0x0)
HLE: W {PPU[1] Thread (main_thread)[0x013a7058]} cellGcmSys warning: cellGcmSetFlipMode(mode=2)
HLE: E {PPU[1] Thread (main_thread)[0x013a7124]} cellGcmSys TODO: cellGcmSetVBlankFrequency
HLE: W {PPU[1] Thread (main_thread)[0x013a70dc]} cellGcmSys warning: cellGcmSetTileInfo(index=0, location=0, offset=0, size=3932160, pitch=5120, comp=7, base=0, bank=0)
HLE: E {PPU[1] Thread (main_thread)[0x013a70dc]} cellGcmSys error: cellGcmSetTileInfo: bad compression mode! (7)
HLE: W {PPU[1] Thread (main_thread)[0x013a704c]} cellGcmSys warning: cellGcmBindTile(index=0)
HLE: W {PPU[1] Thread (main_thread)[0x013a70dc]} cellGcmSys warning: cellGcmSetTileInfo(index=1, location=0, offset=3932160, size=3932160, pitch=5120, comp=7, base=60, bank=0)
HLE: E {PPU[1] Thread (main_thread)[0x013a70dc]} cellGcmSys error: cellGcmSetTileInfo: bad compression mode! (7)
HLE: W {PPU[1] Thread (main_thread)[0x013a704c]} cellGcmSys warning: cellGcmBindTile(index=1)
HLE: W {PPU[1] Thread (main_thread)[0x013a70dc]} cellGcmSys warning: cellGcmSetTileInfo(index=2, location=0, offset=7864320, size=3932160, pitch=5120, comp=10, base=120, bank=1)
HLE: E {PPU[1] Thread (main_thread)[0x013a70dc]} cellGcmSys error: cellGcmSetTileInfo: bad compression mode! (10)
HLE: W {PPU[1] Thread (main_thread)[0x013a704c]} cellGcmSys warning: cellGcmBindTile(index=2)
RSX: W {RSXThread} NV4097_SET_COLOR_MASK_MRT: 0xfff0
RSX: W {RSXThread} NV4097_SET_ZCULL_CONTROL0: 0x10
RSX: W {RSXThread} NV4097_SET_SCULL_CONTROL: 0xff000002
RSX: W {RSXThread} New FBO (720x576)
RSX: W {RSXThread} TODO: NV4097_SET_WINDOW_OFFSET: x=0, y=0
RSX: E {RSXThread} TODO: CELL_GCM_NV4097_SET_CONTROL0(0x100000)
RSX: W {RSXThread} NV4097_SET_COLOR_MASK_MRT: 0xfff0
RSX: E {RSXThread} TODO: CELL_GCM_NV4097_SET_TRANSFORM_BRANCH_BITS(0x0)
RSX: W {RSXThread} NV4097_SET_ZCULL_CONTROL0: 0x10
RSX: W {RSXThread} NV4097_SET_SCULL_CONTROL: 0xff000002
RSX: W {RSXThread} New FBO (1280x720)
RSX: W {RSXThread} TODO: NV4097_SET_WINDOW_OFFSET: x=0, y=0
RSX: E {RSXThread} TODO: CELL_GCM_NV4097_SET_CONTROL0(0x100000)
RSX: W {RSXThread} NV4097_SET_COLOR_MASK_MRT: 0xfff0
RSX: E {RSXThread} TODO: CELL_GCM_NV4097_SET_TRANSFORM_BRANCH_BITS(0x0)
HLE: E {PPU[1] Thread (main_thread)[0x013a51c0]} cellSpurs TODO: cellSpursTaskGetContextSaveAreaSize
HLE: E {PPU[1] Thread (main_thread)[0x013a501c]} cellSpurs TODO: _cellSpursTasksetAttributeInitialize
HLE: E {PPU[1] Thread (main_thread)[0x013a5088]} cellSpurs TODO: cellSpursTasksetAttributeSetName
HLE: E {PPU[1] Thread (main_thread)[0x013a50b8]} cellSpurs TODO: cellSpursTasksetAttributeSetTasksetSize
HLE: E {PPU[1] Thread (main_thread)[0x013a5130]} cellSpurs TODO: cellSpursCreateTasksetWithAttribute
HLE: E {PPU[1] Thread (main_thread)[0x013a504c]} cellSpurs TODO: cellSpursTaskExitCodeInitialize
HLE: E {PPU[1] Thread (main_thread)[0x013a5118]} cellSpurs TODO: _cellSpursTaskAttributeInitialize
HLE: E {PPU[1] Thread (main_thread)[0x013a50e8]} cellSpurs TODO: cellSpursTaskAttributeSetExitCodeContainer
HLE: E {PPU[1] Thread (main_thread)[0x013a50b8]} cellSpurs TODO: cellSpursTasksetAttributeSetTasksetSize
HLE: E {PPU[1] Thread (main_thread)[0x013a5028]} cellSpurs TODO: cellSpursCreateTaskWithAttribute
RSX: W {RSXThread} NV4097_SET_COLOR_MASK_MRT: 0xfff0
