HLE: ! path: /dev_hdd0/game/
HLE: W No pause.bin found, Auto Pause will not work.
HLE: W No pause.bin found, Auto Pause will not work.
LDR: ! Loading 'D:\Emulateurs\Rpcs3\dev_hdd0\game\BLES01731-[South Park The Stick of Truth]/PS3_GAME/USRDIR/BOOT.BIN'...
LDR: !  
LDR: ! Mount info:
LDR: ! /dev_hdd0/ -> ./dev_hdd0/
LDR: ! /dev_hdd1/ -> ./dev_hdd1/
LDR: ! /dev_flash/ -> ./dev_flash/
LDR: ! /dev_usb000/ -> ./dev_usb000/
LDR: ! /dev_usb/ -> ./dev_usb000/
LDR: ! /app_home/ -> D:\Emulateurs\Rpcs3\dev_hdd0\game\BLES01731-[South Park The Stick of Truth]/PS3_GAME/
LDR: ! /dev_bdvd/ -> D:\Emulateurs\Rpcs3\dev_hdd0\game\BLES01731-[South Park The Stick of Truth]/PS3_GAME//../
LDR: ! /host_root/ -> 
LDR: ! /app_home/PS3_GAME/USRDIR/ -> D:\Emulateurs\Rpcs3\dev_hdd0\game\BLES01731-[South Park The Stick of Truth]/PS3_GAME//USRDIR/
LDR: ! /dev_flash2/ -> ./dev_flash2/
LDR: ! /app_home/Game/PS3_GAME/USRDIR/ -> D:\Emulateurs\Rpcs3\dev_hdd0\game\BLES01731-[South Park The Stick of Truth]/PS3_GAME//USRDIR/
LDR: ! //dev_hdd0/ -> ./dev_hdd0/
LDR: ! / -> D:\Emulateurs\Rpcs3\dev_hdd0\game\BLES01731-[South Park The Stick of Truth]/PS3_GAME//USRDIR/
LDR: !  
LDR: ! Title: South Park™: The Stick of Truth™
LDR: ! Serial: BLES01731
LDR: !  
MEM: ! Initializing memory: m_base_addr = 0xcf0a270000
MEM: ! Memory initialized.
LDR: ! Imported function 'cellGameGetParamString' in 'cellGame' module
LDR: ! Imported function 'cellGameCreateGameData' in 'cellGame' module
LDR: ! Imported function 'cellGameContentPermit' in 'cellGame' module
LDR: ! Imported function 'cellGameContentErrorDialog' in 'cellGame' module
LDR: ! Imported function 'cellGameGetParamInt' in 'cellGame' module
LDR: ! Imported function 'cellGamePatchCheck' in 'cellGame' module
LDR: ! Imported function 'cellGameSetParamString' in 'cellGame' module
LDR: ! Imported function 'cellGameDataCheck' in 'cellGame' module
LDR: ! Imported function 'cellGameGetSizeKB' in 'cellGame' module
LDR: ! Imported function 'cellGameBootCheck' in 'cellGame' module
LDR: ! Imported function 'sceNpDrmIsAvailable' in 'sceNp' module
LDR: ! Imported function 'sceNpManagerGetAccountRegion' in 'sceNp' module
LDR: ! Imported function 'sceNpInit' in 'sceNp' module
LDR: ! Imported function 'sceNpManagerSubSignout' in 'sceNp' module
LDR: ! Imported function 'sceNpBasicRegisterContextSensitiveHandler' in 'sceNp' module
LDR: ! Imported function 'sceNpManagerSubSignin' in 'sceNp' module
LDR: ! Imported function 'sceNpManagerUnregisterCallback' in 'sceNp' module
LDR: ! Imported function 'sceNpBasicSetPresenceDetails2' in 'sceNp' module
LDR: ! Imported function 'sceNpBasicGetFriendPresenceByIndex2' in 'sceNp' module
LDR: ! Imported function 'sceNpManagerGetContentRatingFlag' in 'sceNp' module
LDR: ! Imported function 'sceNpManagerRequestTicket2' in 'sceNp' module
LDR: ! Imported function 'sceNpManagerGetEntitlementById' in 'sceNp' module
LDR: ! Imported function 'sceNpManagerGetStatus' in 'sceNp' module
LDR: ! Imported function 'sceNpBasicUnregisterHandler' in 'sceNp' module
LDR: ! Imported function 'sceNpBasicGetFriendListEntryCount' in 'sceNp' module
LDR: ! Imported function 'sceNpManagerGetEntitlementIdList' in 'sceNp' module
LDR: ! Imported function 'sceNpManagerGetOnlineId' in 'sceNp' module
LDR: ! Imported function 'sceNpProfileCallGui' in 'sceNp' module
LDR: ! Imported function 'sceNpBasicGetEvent' in 'sceNp' module
LDR: ! Imported function 'sceNpManagerRegisterCallback' in 'sceNp' module
LDR: ! Imported function 'sceNpManagerGetOnlineName' in 'sceNp' module
LDR: ! Imported function 'sceNpManagerGetNpId' in 'sceNp' module
LDR: ! Imported function 'sceNpTrophyCreateHandle' in 'sceNpTrophy' module
LDR: ! Imported function 'sceNpTrophyGetRequiredDiskSpace' in 'sceNpTrophy' module
LDR: ! Imported function 'sceNpTrophyDestroyContext' in 'sceNpTrophy' module
LDR: ! Imported function 'sceNpTrophyInit' in 'sceNpTrophy' module
LDR: ! Imported function 'sceNpTrophyDestroyHandle' in 'sceNpTrophy' module
LDR: ! Imported function 'sceNpTrophyTerm' in 'sceNpTrophy' module
LDR: ! Imported function 'sceNpTrophyCreateContext' in 'sceNpTrophy' module
LDR: ! Imported function 'sceNpTrophyRegisterContext' in 'sceNpTrophy' module
LDR: ! Imported function 'sceNpTrophyUnlockTrophy' in 'sceNpTrophy' module
LDR: ! Imported function 'cellSysutilCheckCallback' in 'cellSysutil' module
LDR: ! Imported function 'cellSysCacheMount' in 'cellSysutil' module
LDR: ! Imported function 'cellMsgDialogClose' in 'cellSysutil' module
LDR: ! Imported function 'cellSaveDataListAutoLoad' in 'cellSysutil' module
LDR: W Unimplemented function 'cellGameUnregisterDiscChangeCallback' in 'cellSysutil' module
LDR: ! Imported function 'cellSysutilGetSystemParamInt' in 'cellSysutil' module
LDR: ! Imported function 'cellSysCacheClear' in 'cellSysutil' module
LDR: ! Imported function 'cellMsgDialogOpen2' in 'cellSysutil' module
LDR: ! Imported function 'cellMsgDialogProgressBarReset' in 'cellSysutil' module
LDR: ! Imported function 'cellMsgDialogProgressBarInc' in 'cellSysutil' module
LDR: ! Imported function 'cellSaveDataListLoad2' in 'cellSysutil' module
LDR: ! Imported function 'cellSysutilEnableBgmPlayback' in 'cellSysutil' module
LDR: ! Imported function 'cellSaveDataListSave2' in 'cellSysutil' module
LDR: ! Imported function 'cellSaveDataListAutoSave' in 'cellSysutil' module
LDR: ! Imported function 'cellMsgDialogAbort' in 'cellSysutil' module
LDR: ! Imported function 'cellSysutilGetBgmPlaybackStatus' in 'cellSysutil' module
LDR: W Unimplemented function 'cellSaveDataEnableOverlay' in 'cellSysutil' module
LDR: W Unimplemented function 'cellSysutilSetBgmPlaybackExtraParam' in 'cellSysutil' module
LDR: ! Imported function 'cellAudioOutGetState' in 'cellSysutil' module
LDR: ! Imported function 'cellSaveDataAutoLoad2' in 'cellSysutil' module
LDR: ! Imported function 'cellSysutilUnregisterCallback' in 'cellSysutil' module
LDR: ! Imported function 'cellVideoOutConfigure' in 'cellSysutil' module
LDR: W Unimplemented function 'cellOskDialogUnloadAsync' in 'cellSysutil' module
LDR: W Unimplemented function 'cellOskDialogLoadAsync' in 'cellSysutil' module
LDR: ! Imported function 'cellVideoOutGetState' in 'cellSysutil' module
LDR: ! Imported function 'cellSysutilRegisterCallback' in 'cellSysutil' module
LDR: ! Imported function 'cellVideoOutGetResolutionAvailability' in 'cellSysutil' module
LDR: W Unimplemented function 'cellOskDialogSetKeyLayoutOption' in 'cellSysutil' module
LDR: ! Imported function 'cellVideoOutGetResolution' in 'cellSysutil' module
LDR: W Unimplemented function 'cellOskDialogSetLayoutMode' in 'cellSysutil' module
LDR: W Unknown module 'cellSaveData'
LDR: ! Imported function 'cellSaveDataGetListItem' in 'cellSaveData' module
LDR: ! Imported function 'cellSaveDataListDelete' in 'cellSaveData' module
LDR: ! Imported function 'sys_net_initialize_network_ex' in 'sys_net' module
LDR: ! Imported function 'sys_net_finalize_network' in 'sys_net' module
LDR: ! Imported function 'sys_net_free_thread_context' in 'sys_net' module
LDR: ! Imported function 'recvfrom' in 'sys_net' module
LDR: ! Imported function '_sys_net_errno_loc' in 'sys_net' module
LDR: ! Imported function 'socketclose' in 'sys_net' module
LDR: ! Imported function 'setsockopt' in 'sys_net' module
LDR: ! Imported function 'sendto' in 'sys_net' module
LDR: ! Imported function 'socket' in 'sys_net' module
LDR: ! Imported function 'bind' in 'sys_net' module
LDR: ! Imported function 'inet_addr' in 'sys_net' module
LDR: ! Imported function 'cellNetCtlNetStartDialogUnloadAsync' in 'cellNetCtl' module
LDR: ! Imported function 'cellNetCtlTerm' in 'cellNetCtl' module
LDR: ! Imported function 'cellNetCtlInit' in 'cellNetCtl' module
LDR: ! Imported function 'cellNetCtlNetStartDialogLoadAsync' in 'cellNetCtl' module
LDR: ! Imported function '_cellSpursLFQueueInitialize' in 'cellSpurs' module
LDR: ! Imported function 'cellSpursAttributeSetNamePrefix' in 'cellSpurs' module
LDR: ! Imported function '_cellSpursTasksetAttributeInitialize' in 'cellSpurs' module
LDR: ! Imported function 'cellSpursLFQueueAttachLv2EventQueue' in 'cellSpurs' module
LDR: ! Imported function 'cellSpursSendWorkloadSignal' in 'cellSpurs' module
LDR: ! Imported function 'cellSpursCreateJobChainWithAttribute' in 'cellSpurs' module
LDR: ! Imported function 'cellSpursTaskExitCodeInitialize' in 'cellSpurs' module
LDR: ! Imported function '_cellSpursJobChainAttributeInitialize' in 'cellSpurs' module
LDR: ! Imported function 'cellSpursReadyCountSwap' in 'cellSpurs' module
LDR: ! Imported function 'cellSpursWorkloadAttributeSetName' in 'cellSpurs' module
LDR: ! Imported function 'cellSpursGetWorkloadInfo' in 'cellSpurs' module
LDR: ! Imported function 'cellSpursDetachLv2EventQueue' in 'cellSpurs' module
LDR: ! Imported function 'cellSpursRemoveWorkload' in 'cellSpurs' module
LDR: ! Imported function 'cellSpursWaitForWorkloadShutdown' in 'cellSpurs' module
LDR: ! Imported function 'cellSpursTasksetAttributeSetName' in 'cellSpurs' module
LDR: ! Imported function 'cellSpursJobGuardInitialize' in 'cellSpurs' module
LDR: ! Imported function 'cellSpursShutdownJobChain' in 'cellSpurs' module
LDR: ! Imported function 'cellSpursLFQueueDetachLv2EventQueue' in 'cellSpurs' module
LDR: ! Imported function 'cellSpursReadyCountAdd' in 'cellSpurs' module
LDR: ! Imported function 'cellSpursWakeUp' in 'cellSpurs' module
LDR: ! Imported function '_cellSpursLFQueuePushBody' in 'cellSpurs' module
LDR: ! Imported function 'cellSpursTasksetAttributeSetTasksetSize' in 'cellSpurs' module
LDR: ! Imported function '_cellSpursAttributeInitialize' in 'cellSpurs' module
LDR: ! Imported function 'cellSpursShutdownWorkload' in 'cellSpurs' module
LDR: ! Imported function 'cellSpursJoinTaskset' in 'cellSpurs' module
LDR: ! Imported function 'cellSpursJobChainAttributeSetName' in 'cellSpurs' module
LDR: ! Imported function '_cellSpursWorkloadFlagReceiver' in 'cellSpurs' module
LDR: ! Imported function 'cellSpursShutdownTaskset' in 'cellSpurs' module
LDR: ! Imported function 'cellSpursJoinJobChain' in 'cellSpurs' module
LDR: ! Imported function 'cellSpursInitializeWithAttribute' in 'cellSpurs' module
LDR: ! Imported function 'cellSpursAttachLv2EventQueue' in 'cellSpurs' module
LDR: ! Imported function 'cellSpursCreateTask' in 'cellSpurs' module
LDR: ! Imported function 'cellSpursAddWorkloadWithAttribute' in 'cellSpurs' module
LDR: ! Imported function 'cellSpursCreateTasksetWithAttribute' in 'cellSpurs' module
LDR: ! Imported function 'cellSpursFinalize' in 'cellSpurs' module
LDR: ! Imported function 'cellSpursJobGuardNotify' in 'cellSpurs' module
LDR: ! Imported function '_cellSpursWorkloadAttributeInitialize' in 'cellSpurs' module
LDR: ! Imported function 'cellSpursRunJobChain' in 'cellSpurs' module
LDR: ! Imported function 'cellSpursReadyCountStore' in 'cellSpurs' module
LDR: ! Imported function 'cellAudioInit' in 'cellAudio' module
LDR: ! Imported function 'cellAudioPortClose' in 'cellAudio' module
LDR: ! Imported function 'cellAudioSetPortLevel' in 'cellAudio' module
LDR: ! Imported function 'cellAudioPortStop' in 'cellAudio' module
LDR: ! Imported function 'cellAudioGetPortConfig' in 'cellAudio' module
LDR: ! Imported function 'cellAudioPortStart' in 'cellAudio' module
LDR: ! Imported function 'cellAudioQuit' in 'cellAudio' module
LDR: ! Imported function 'cellAudioPortOpen' in 'cellAudio' module
LDR: ! Imported function 'cellAudioCreateNotifyEventQueue' in 'cellAudio' module
LDR: W Unimplemented function 'cellAudioRemoveNotifyEventQueueEx' in 'cellAudio' module
LDR: W Unimplemented function 'cellAudioSetNotifyEventQueueEx' in 'cellAudio' module
LDR: ! Imported function 'cellAudioRemoveNotifyEventQueue' in 'cellAudio' module
LDR: ! Imported function 'cellSysmoduleUnloadModule' in 'cellSysmodule' module
LDR: ! Imported function 'cellSysmoduleLoadModule' in 'cellSysmodule' module
LDR: ! Imported function 'cellSysmoduleIsLoaded' in 'cellSysmodule' module
LDR: ! Imported function 'cellPadInit' in 'sys_io' module
LDR: ! Imported function 'cellPadEnd' in 'sys_io' module
LDR: ! Imported function 'cellPadSetPortSetting' in 'sys_io' module
LDR: ! Imported function 'cellPadGetData' in 'sys_io' module
LDR: ! Imported function 'cellPadGetInfo2' in 'sys_io' module
LDR: ! Imported function 'cellPadSetActDirect' in 'sys_io' module
LDR: ! Imported function 'cellFsRmdir' in 'sys_fs' module
LDR: ! Imported function 'cellFsClose' in 'sys_fs' module
LDR: ! Imported function 'cellFsOpendir' in 'sys_fs' module
LDR: ! Imported function 'cellFsAioWrite' in 'sys_fs' module
LDR: ! Imported function 'cellFsRead' in 'sys_fs' module
LDR: ! Imported function 'cellFsReaddir' in 'sys_fs' module
LDR: ! Imported function 'cellFsOpen' in 'sys_fs' module
LDR: ! Imported function 'cellFsStat' in 'sys_fs' module
LDR: W Unimplemented function 'cellFsAioCancel' in 'sys_fs' module
LDR: ! Imported function 'cellFsUnlink' in 'sys_fs' module
LDR: ! Imported function 'cellFsFsync' in 'sys_fs' module
LDR: ! Imported function 'cellFsAioFinish' in 'sys_fs' module
LDR: ! Imported function 'cellFsLseek' in 'sys_fs' module
LDR: ! Imported function 'cellFsGetFreeSize' in 'sys_fs' module
LDR: ! Imported function 'cellFsSdataOpen' in 'sys_fs' module
LDR: ! Imported function 'cellFsMkdir' in 'sys_fs' module
LDR: W Unimplemented function 'cellFsUtime' in 'sys_fs' module
LDR: ! Imported function 'cellFsAioRead' in 'sys_fs' module
LDR: ! Imported function 'cellFsAioInit' in 'sys_fs' module
LDR: ! Imported function 'cellFsWrite' in 'sys_fs' module
LDR: ! Imported function 'cellFsFstat' in 'sys_fs' module
LDR: ! Imported function 'cellFsRename' in 'sys_fs' module
LDR: ! Imported function 'cellFsClosedir' in 'sys_fs' module
LDR: W Unimplemented function 'sceNp2Init' in 'sceNp2' module
LDR: W Unimplemented function 'sceNp2Term' in 'sceNp2' module
LDR: ! Imported function 'cellGcmGetTiledPitchSize' in 'cellGcmSys' module
LDR: ! Imported function 'cellGcmSetUserHandler' in 'cellGcmSys' module
LDR: ! Imported function 'cellGcmSetPrepareFlip' in 'cellGcmSys' module
LDR: ! Imported function '_cellGcmInitBody' in 'cellGcmSys' module
LDR: ! Imported function '_cellGcmSetFlipCommand' in 'cellGcmSys' module
LDR: ! Imported function 'cellGcmAddressToOffset' in 'cellGcmSys' module
LDR: ! Imported function '_cellGcmFunc15' in 'cellGcmSys' module
LDR: ! Imported function 'cellGcmBindTile' in 'cellGcmSys' module
LDR: ! Imported function 'cellGcmSetFlipMode' in 'cellGcmSys' module
LDR: ! Imported function 'cellGcmGetDefaultCommandWordSize' in 'cellGcmSys' module
LDR: ! Imported function 'cellGcmGetFlipStatus' in 'cellGcmSys' module
LDR: ! Imported function 'cellGcmGetDefaultSegmentWordSize' in 'cellGcmSys' module
LDR: ! Imported function 'cellGcmGetReport' in 'cellGcmSys' module
LDR: ! Imported function 'cellGcmSetDefaultFifoSize' in 'cellGcmSys' module
LDR: ! Imported function 'cellGcmMapMainMemory' in 'cellGcmSys' module
LDR: ! Imported function 'cellGcmSetFlipHandler' in 'cellGcmSys' module
LDR: ! Imported function 'cellGcmSetDisplayBuffer' in 'cellGcmSys' module
LDR: ! Imported function 'cellGcmGetControlRegister' in 'cellGcmSys' module
LDR: ! Imported function 'cellGcmSetVBlankHandler' in 'cellGcmSys' module
LDR: ! Imported function 'cellGcmSetFlipImmediate' in 'cellGcmSys' module
LDR: ! Imported function 'cellGcmResetFlipStatus' in 'cellGcmSys' module
LDR: ! Imported function 'cellGcmSetTileInfo' in 'cellGcmSys' module
LDR: ! Imported function 'cellGcmInitDefaultFifoMode' in 'cellGcmSys' module
LDR: ! Imported function 'cellGcmSetZcull' in 'cellGcmSys' module
LDR: ! Imported function '_cellGcmSetFlipCommandWithWaitLabel' in 'cellGcmSys' module
LDR: ! Imported function 'cellGcmUnbindTile' in 'cellGcmSys' module
LDR: ! Imported function 'cellGcmGetConfiguration' in 'cellGcmSys' module
LDR: ! Imported function 'cellGcmGetLabelAddress' in 'cellGcmSys' module
LDR: ! Imported function 'cellGcmGetDisplayInfo' in 'cellGcmSys' module
LDR: ! Imported function 'cellGcmGetCurrentDisplayBufferId' in 'cellGcmSys' module
LDR: W Unknown module 'sceNpCommerce2'
LDR: ! Imported function 'sceNpCommerce2DestroyReq' in 'sceNpCommerce2' module
LDR: ! Imported function 'sceNpCommerce2Init' in 'sceNpCommerce2' module
LDR: ! Imported function 'sceNpCommerce2GetCategoryContentsStart' in 'sceNpCommerce2' module
LDR: ! Imported function 'sceNpCommerce2Term' in 'sceNpCommerce2' module
LDR: ! Imported function 'sceNpCommerce2DestroyCtx' in 'sceNpCommerce2' module
LDR: ! Imported function 'sceNpCommerce2GetCategoryContentsCreateReq' in 'sceNpCommerce2' module
LDR: ! Imported function 'sceNpCommerce2AbortReq' in 'sceNpCommerce2' module
LDR: ! Imported function 'sceNpCommerce2CreateSessionFinish' in 'sceNpCommerce2' module
LDR: ! Imported function 'sceNpCommerce2GetContentInfo' in 'sceNpCommerce2' module
LDR: ! Imported function 'sceNpCommerce2DestroyGetCategoryContentsResult' in 'sceNpCommerce2' module
LDR: ! Imported function 'sceNpCommerce2GetCategoryInfo' in 'sceNpCommerce2' module
LDR: ! Imported function 'sceNpCommerce2GetCategoryContentsGetResult' in 'sceNpCommerce2' module
LDR: ! Imported function 'sceNpCommerce2CreateSessionStart' in 'sceNpCommerce2' module
LDR: ! Imported function 'sceNpCommerce2InitGetCategoryContentsResult' in 'sceNpCommerce2' module
LDR: ! Imported function 'sceNpCommerce2CreateCtx' in 'sceNpCommerce2' module
LDR: ! Imported function 'sceNpCommerce2GetGameProductInfoFromContentInfo' in 'sceNpCommerce2' module
LDR: ! Imported function 'sceNpCommerce2ExecuteStoreBrowse' in 'sceNpCommerce2' module
LDR: ! Imported function 'sceNpCommerce2GetCategoryInfoFromContentInfo' in 'sceNpCommerce2' module
LDR: W Unimplemented function 'cellPngEncClose' in 'cellPngEnc' module
LDR: W Unimplemented function 'cellPngEncOpen' in 'cellPngEnc' module
LDR: W Unimplemented function 'cellPngEncQueryAttr' in 'cellPngEnc' module
LDR: W Unimplemented function 'cellPngEncGetStreamInfo' in 'cellPngEnc' module
LDR: W Unimplemented function 'cellPngEncEncodePicture' in 'cellPngEnc' module
LDR: W Unimplemented function 'cellPngEncWaitForInput' in 'cellPngEnc' module
LDR: W Unimplemented function 'cellPngEncWaitForOutput' in 'cellPngEnc' module
LDR: ! Imported function 'cellPngDecCreate' in 'cellPngDec' module
LDR: ! Imported function 'cellPngDecDecodeData' in 'cellPngDec' module
LDR: ! Imported function 'cellPngDecClose' in 'cellPngDec' module
LDR: ! Imported function 'cellPngDecDestroy' in 'cellPngDec' module
LDR: ! Imported function 'cellPngDecReadHeader' in 'cellPngDec' module
LDR: ! Imported function 'cellPngDecOpen' in 'cellPngDec' module
LDR: ! Imported function 'cellPngDecSetParameter' in 'cellPngDec' module
LDR: ! Imported function 'cellRtcGetCurrentTick' in 'cellRtc' module
LDR: ! Imported function 'cellRtcConvertUtcToLocalTime' in 'cellRtc' module
LDR: ! Imported function 'sys_lwmutex_lock' in 'sysPrxForUser' module
LDR: ! Imported function 'sys_lwmutex_unlock' in 'sysPrxForUser' module
LDR: ! Imported function 'sys_lwcond_destroy' in 'sysPrxForUser' module
LDR: ! Imported function 'sys_ppu_thread_create' in 'sysPrxForUser' module
LDR: ! Imported function 'sys_lwcond_wait' in 'sysPrxForUser' module
LDR: ! Imported function '_sys_process_atexitspawn' in 'sysPrxForUser' module
LDR: ! Imported function 'sys_lwmutex_create' in 'sysPrxForUser' module
LDR: ! Imported function 'sys_ppu_thread_get_id' in 'sysPrxForUser' module
LDR: ! Imported function 'sys_mmapper_free_memory' in 'sysPrxForUser' module
LDR: ! Imported function 'sys_prx_register_library' in 'sysPrxForUser' module
LDR: ! Imported function '_sys_spu_printf_initialize' in 'sysPrxForUser' module
LDR: ! Imported function 'sys_mmapper_unmap_memory' in 'sysPrxForUser' module
LDR: ! Imported function 'sys_lwcond_signal_to' in 'sysPrxForUser' module
LDR: ! Imported function 'sys_game_process_exitspawn2' in 'sysPrxForUser' module
LDR: ! Imported function 'sys_initialize_tls' in 'sysPrxForUser' module
LDR: ! Imported function 'sys_time_get_system_time' in 'sysPrxForUser' module
LDR: ! Imported function '_sys_process_at_Exitspawn' in 'sysPrxForUser' module
LDR: ! Imported function 'sys_prx_exitspawn_with_level' in 'sysPrxForUser' module
LDR: ! Imported function 'sys_ppu_thread_once' in 'sysPrxForUser' module
LDR: ! Imported function 'sys_lwmutex_trylock' in 'sysPrxForUser' module
LDR: ! Imported function 'sys_ppu_thread_exit' in 'sysPrxForUser' module
LDR: ! Imported function 'sys_mmapper_allocate_memory' in 'sysPrxForUser' module
LDR: ! Imported function 'sys_lwmutex_destroy' in 'sysPrxForUser' module
LDR: ! Imported function 'sys_lwcond_create' in 'sysPrxForUser' module
LDR: ! Imported function 'sys_mmapper_map_memory' in 'sysPrxForUser' module
LDR: ! Imported function '_sys_spu_printf_finalize' in 'sysPrxForUser' module
LDR: ! Imported function 'sys_process_exit' in 'sysPrxForUser' module
LDR: ! Imported function 'sys_lwcond_signal' in 'sysPrxForUser' module
HLE: W {PPU[1] Thread (CPUThread)[0x0272804c]} sys_lwmutex warning: sys_lwmutex_create(lwmutex_addr=0xf94b90, attr_addr=0xc92d5c)
HLE: ! {PPU[1] Thread (CPUThread)[0x0272804c]} sys_lwmutex: *** lwmutex created [_lc_mtx] (attribute=0x12): sq_id = 3
HLE: W {PPU[1] Thread (CPUThread)[0x001983c4]} sys_memory warning: sys_memory_get_user_memory_size(mem_info_addr=0xd000fc04)
HLE: W {PPU[1] Thread (CPUThread)[0x0272804c]} sys_lwmutex warning: sys_lwmutex_create(lwmutex_addr=0xf947d8, attr_addr=0xc92d5c)
HLE: ! {PPU[1] Thread (CPUThread)[0x0272804c]} sys_lwmutex: *** lwmutex created [_lc_mtx] (attribute=0x12): sq_id = 4
HLE: W {PPU[1] Thread (CPUThread)[0x0272804c]} sys_lwmutex warning: sys_lwmutex_create(lwmutex_addr=0xf93b20, attr_addr=0xc92d5c)
HLE: ! {PPU[1] Thread (CPUThread)[0x0272804c]} sys_lwmutex: *** lwmutex created [_lc_mtx] (attribute=0x12): sq_id = 5
HLE: W {PPU[1] Thread (CPUThread)[0x0272804c]} sys_lwmutex warning: sys_lwmutex_create(lwmutex_addr=0xf93b48, attr_addr=0xc92d5c)
HLE: ! {PPU[1] Thread (CPUThread)[0x0272804c]} sys_lwmutex: *** lwmutex created [_lc_mtx] (attribute=0x12): sq_id = 6
HLE: W {PPU[1] Thread (CPUThread)[0x0272804c]} sys_lwmutex warning: sys_lwmutex_create(lwmutex_addr=0xf93b70, attr_addr=0xc92d5c)
HLE: ! {PPU[1] Thread (CPUThread)[0x0272804c]} sys_lwmutex: *** lwmutex created [_lc_mtx] (attribute=0x12): sq_id = 7
HLE: W {PPU[1] Thread (CPUThread)[0x0272804c]} sys_lwmutex warning: sys_lwmutex_create(lwmutex_addr=0xf93a58, attr_addr=0xc92d5c)
HLE: ! {PPU[1] Thread (CPUThread)[0x0272804c]} sys_lwmutex: *** lwmutex created [_lc_mtx] (attribute=0x12): sq_id = 8
HLE: W {PPU[1] Thread (CPUThread)[0x0272804c]} sys_lwmutex warning: sys_lwmutex_create(lwmutex_addr=0xf93a80, attr_addr=0xc92d5c)
HLE: ! {PPU[1] Thread (CPUThread)[0x0272804c]} sys_lwmutex: *** lwmutex created [_lc_mtx] (attribute=0x12): sq_id = 9
HLE: W {PPU[1] Thread (CPUThread)[0x0272804c]} sys_lwmutex warning: sys_lwmutex_create(lwmutex_addr=0xf93aa8, attr_addr=0xc92d5c)
HLE: ! {PPU[1] Thread (CPUThread)[0x0272804c]} sys_lwmutex: *** lwmutex created [_lc_mtx] (attribute=0x12): sq_id = 10
HLE: W {PPU[1] Thread (CPUThread)[0x0272804c]} sys_lwmutex warning: sys_lwmutex_create(lwmutex_addr=0xf93ad0, attr_addr=0xc92d5c)
HLE: ! {PPU[1] Thread (CPUThread)[0x0272804c]} sys_lwmutex: *** lwmutex created [_lc_mtx] (attribute=0x12): sq_id = 11
HLE: W {PPU[1] Thread (CPUThread)[0x0272804c]} sys_lwmutex warning: sys_lwmutex_create(lwmutex_addr=0xf93af8, attr_addr=0xc92d5c)
HLE: ! {PPU[1] Thread (CPUThread)[0x0272804c]} sys_lwmutex: *** lwmutex created [_lc_mtx] (attribute=0x12): sq_id = 12
HLE: W {PPU[1] Thread (CPUThread)[0x0272804c]} sys_lwmutex warning: sys_lwmutex_create(lwmutex_addr=0x26a12f0, attr_addr=0xdf6d28)
HLE: ! {PPU[1] Thread (CPUThread)[0x0272804c]} sys_lwmutex: *** lwmutex created [] (attribute=0x12): sq_id = 13
HLE: W {PPU[1] Thread (CPUThread)[0x0272804c]} sys_lwmutex warning: sys_lwmutex_create(lwmutex_addr=0x106e248, attr_addr=0xd000fbf0)
HLE: ! {PPU[1] Thread (CPUThread)[0x0272804c]} sys_lwmutex: *** lwmutex created [] (attribute=0x11): sq_id = 14
HLE: W {PPU[1] Thread (CPUThread)[0x0272804c]} sys_lwmutex warning: sys_lwmutex_create(lwmutex_addr=0x106a580, attr_addr=0xd000fbf0)
HLE: ! {PPU[1] Thread (CPUThread)[0x0272804c]} sys_lwmutex: *** lwmutex created [] (attribute=0x11): sq_id = 15
HLE: W {PPU[1] Thread (CPUThread)[0x0272804c]} sys_lwmutex warning: sys_lwmutex_create(lwmutex_addr=0x106a4e8, attr_addr=0xd000fbd0)
HLE: ! {PPU[1] Thread (CPUThread)[0x0272804c]} sys_lwmutex: *** lwmutex created [] (attribute=0x11): sq_id = 16
HLE: W {PPU[1] Thread (CPUThread)[0x0272804c]} sys_lwmutex warning: sys_lwmutex_create(lwmutex_addr=0x1053300, attr_addr=0xd000fb60)
HLE: ! {PPU[1] Thread (CPUThread)[0x0272804c]} sys_lwmutex: *** lwmutex created [] (attribute=0x11): sq_id = 17
HLE: E {PPU[1] Thread (CPUThread)[0x02728070]} sys_prx TODO: sys_prx_register_library(lib_addr=0xc88fdc)
HLE: W {PPU[1] Thread (CPUThread)[0x0270a130]} cellSysutil warning: cellSysutilRegisterCallback(slot=0, func_addr=0xdcf888, userdata=0x0)
HLE: W {PPU[1] Thread (CPUThread)[0x02716010]} cellSysmodule warning: cellSysmoduleLoadModule(CELL_SYSMODULE_RTC)
HLE: W {PPU[1] Thread (CPUThread)[0x02716010]} cellSysmodule warning: cellSysmoduleLoadModule(CELL_SYSMODULE_NET)
HLE: W {PPU[1] Thread (CPUThread)[0x0272804c]} sys_lwmutex warning: sys_lwmutex_create(lwmutex_addr=0xf76698, attr_addr=0xd000f9c0)
HLE: ! {PPU[1] Thread (CPUThread)[0x0272804c]} sys_lwmutex: *** lwmutex created [] (attribute=0x11): sq_id = 18
HLE: W {PPU[1] Thread (CPUThread)[0x0272804c]} sys_lwmutex warning: sys_lwmutex_create(lwmutex_addr=0xfc8c70, attr_addr=0xd000f9c0)
HLE: ! {PPU[1] Thread (CPUThread)[0x0272804c]} sys_lwmutex: *** lwmutex created [] (attribute=0x11): sq_id = 19
HLE: W {PPU[1] Thread (CPUThread)[0x0272804c]} sys_lwmutex warning: sys_lwmutex_create(lwmutex_addr=0xf70698, attr_addr=0xd000f9b0)
HLE: ! {PPU[1] Thread (CPUThread)[0x0272804c]} sys_lwmutex: *** lwmutex created [] (attribute=0x11): sq_id = 20
HLE: W {PPU[1] Thread (CPUThread)[0x0270e004]} sys_net warning: sys_net_initialize_network_ex(param_addr=0xd000fa30)
HLE: W {PPU[1] Thread (CPUThread)[0x0271001c]} cellNetCtl warning: cellNetCtlInit()
HLE: W {PPU[1] Thread (CPUThread)[0x0272804c]} sys_lwmutex warning: sys_lwmutex_create(lwmutex_addr=0xf706b0, attr_addr=0xd000f8f0)
HLE: ! {PPU[1] Thread (CPUThread)[0x0272804c]} sys_lwmutex: *** lwmutex created [] (attribute=0x11): sq_id = 21
HLE: W {PPU[1] Thread (CPUThread)[0x001a4170]} sys_memory warning: sys_memory_get_user_memory_size(mem_info_addr=0xd000f8d0)
HLE: W {PPU[1] Thread (CPUThread)[0x001a429c]} sys_mmapper warning: sys_mmapper_allocate_address(size=0x10000000, flags=0x400, alignment=0x10000000, alloc_addr=0xd000f988)
HLE: W {PPU[1] Thread (CPUThread)[0x02728100]} sys_mmapper warning: sys_mmapper_allocate_memory(size=0xf900000, flags=0x400, mem_id_addr=0xd000f98c)
HLE: W {PPU[1] Thread (CPUThread)[0x02728124]} sys_mmapper warning: sys_mmapper_map_memory(start_addr=0x0, mem_id=0x16, flags=0x40000)
HLE: E {PPU[1] Thread (CPUThread)[0x02728124]} sys_mmapper error: sys_mmapper_map_memory failed!
HLE: W {PPU[1] Thread (CPUThread)[0x02710010]} cellNetCtl warning: cellNetCtlTerm()
HLE: W {PPU[1] Thread (CPUThread)[0x0270e010]} sys_net warning: sys_net_initialize_network_ex()
HLE: E {PPU[1] Thread (CPUThread)[0x0270e01c]} sys_net TODO: sys_net_free_thread_context
HLE: W {PPU[1] Thread (CPUThread)[0x0272810c]} sys_lwmutex warning: sys_lwmutex_destroy(lwmutex_addr=0xf70698)
HLE: W {PPU[1] Thread (CPUThread)[0x0272810c]} sys_lwmutex warning: sys_lwmutex_destroy(lwmutex_addr=0xfc8c70)
HLE: W {PPU[1] Thread (CPUThread)[0x0272810c]} sys_lwmutex warning: sys_lwmutex_destroy(lwmutex_addr=0xf76698)
PPU: ! {PPULLVMRecompiler} Removed 5 old versions
PPU: ! {PPULLVMRecompiler} Removed 75 old versions
PPU: ! {PPULLVMRecompiler} PPU LLVM compiler thread exiting.
HLE: ! All threads stopped...
MEM: ! Closing memory...
