HLE: ! path: /dev_hdd0/game/
HLE: W No pause.bin found, Auto Pause will not work.
HLE: W No pause.bin found, Auto Pause will not work.
LDR: ! Loading 'D:\Emulateurs\Rpcs3\dev_hdd0\game\BLES00971-[Trinity Universe]/PS3_GAME/USRDIR/BOOT.BIN'...
LDR: !  
LDR: ! Mount info:
LDR: ! /dev_hdd0/ -> ./dev_hdd0/
LDR: ! /dev_hdd1/ -> ./dev_hdd1/
LDR: ! /dev_flash/ -> ./dev_flash/
LDR: ! /dev_usb000/ -> ./dev_usb000/
LDR: ! /dev_usb/ -> ./dev_usb000/
LDR: ! /app_home/ -> D:\Emulateurs\Rpcs3\dev_hdd0\game\BLES00971-[Trinity Universe]/PS3_GAME/
LDR: ! /dev_bdvd/ -> D:\Emulateurs\Rpcs3\dev_hdd0\game\BLES00971-[Trinity Universe]/PS3_GAME//../
LDR: ! /host_root/ -> 
LDR: ! /app_home/PS3_GAME/USRDIR/ -> D:\Emulateurs\Rpcs3\dev_hdd0\game\BLES00971-[Trinity Universe]/PS3_GAME//USRDIR/
LDR: ! /dev_flash2/ -> ./dev_flash2/
LDR: ! /app_home/Game/PS3_GAME/USRDIR/ -> D:\Emulateurs\Rpcs3\dev_hdd0\game\BLES00971-[Trinity Universe]/PS3_GAME//USRDIR/
LDR: ! //dev_hdd0/ -> ./dev_hdd0/
LDR: ! / -> D:\Emulateurs\Rpcs3\dev_hdd0\game\BLES00971-[Trinity Universe]/PS3_GAME//USRDIR/
LDR: !  
LDR: ! Title: Trinity Universe
LDR: ! Serial: BLES00971
LDR: !  
MEM: ! Initializing memory: m_base_addr = 0xd77cb10000
MEM: ! Memory initialized.
LDR: ! Imported function 'cellSysutilUnregisterCallback' in 'cellSysutil' module
LDR: ! Imported function 'cellVideoOutConfigure' in 'cellSysutil' module
LDR: ! Imported function 'cellSysutilCheckCallback' in 'cellSysutil' module
LDR: ! Imported function 'cellSaveDataListLoad2' in 'cellSysutil' module
LDR: ! Imported function 'cellSysCacheMount' in 'cellSysutil' module
LDR: ! Imported function 'cellMsgDialogClose' in 'cellSysutil' module
LDR: ! Imported function 'cellSaveDataListAutoLoad' in 'cellSysutil' module
LDR: ! Imported function 'cellSysutilEnableBgmPlayback' in 'cellSysutil' module
LDR: ! Imported function 'cellSaveDataListSave2' in 'cellSysutil' module
LDR: ! Imported function 'cellMsgDialogOpenErrorCode' in 'cellSysutil' module
LDR: ! Imported function 'cellSysutilGetSystemParamInt' in 'cellSysutil' module
LDR: ! Imported function 'cellAudioOutConfigure' in 'cellSysutil' module
LDR: W Unimplemented function 'cellWebBrowserConfigSetTabCount2' in 'cellSysutil' module
LDR: ! Imported function 'cellMsgDialogAbort' in 'cellSysutil' module
LDR: ! Imported function 'cellWebBrowserEstimate2' in 'cellSysutil' module
LDR: ! Imported function 'cellSysCacheClear' in 'cellSysutil' module
LDR: W Unimplemented function 'cellWebBrowserInitialize' in 'cellSysutil' module
LDR: ! Imported function 'cellMsgDialogOpen2' in 'cellSysutil' module
LDR: W Unimplemented function 'cellWebBrowserConfig2' in 'cellSysutil' module
LDR: ! Imported function 'cellVideoOutGetState' in 'cellSysutil' module
LDR: ! Imported function 'cellSaveDataAutoSave2' in 'cellSysutil' module
LDR: W Unimplemented function 'cellWebBrowserShutdown' in 'cellSysutil' module
LDR: ! Imported function 'cellSysutilRegisterCallback' in 'cellSysutil' module
LDR: ! Imported function 'cellSysutilGetBgmPlaybackStatus' in 'cellSysutil' module
LDR: W Unimplemented function 'cellWebBrowserCreate2' in 'cellSysutil' module
LDR: W Unimplemented function 'cellWebBrowserConfigSetUnknownMIMETypeHook2' in 'cellSysutil' module
LDR: ! Imported function 'cellSysutilDisableBgmPlayback' in 'cellSysutil' module
LDR: W Unimplemented function 'cellWebBrowserConfigSetFunction2' in 'cellSysutil' module
LDR: ! Imported function 'cellVideoOutGetResolution' in 'cellSysutil' module
LDR: W Unimplemented function 'cellWebBrowserDestroy2' in 'cellSysutil' module
LDR: ! Imported function 'cellSaveDataAutoLoad2' in 'cellSysutil' module
LDR: W Unimplemented function 'cellWebBrowserConfigSetHeapSize2' in 'cellSysutil' module
LDR: ! Imported function 'sys_net_finalize_network' in 'sys_net' module
LDR: ! Imported function 'cellGcmGetTiledPitchSize' in 'cellGcmSys' module
LDR: ! Imported function 'cellGcmSetUserHandler' in 'cellGcmSys' module
LDR: ! Imported function 'cellGcmSetPrepareFlip' in 'cellGcmSys' module
LDR: ! Imported function '_cellGcmInitBody' in 'cellGcmSys' module
LDR: ! Imported function '_cellGcmSetFlipCommand' in 'cellGcmSys' module
LDR: ! Imported function 'cellGcmAddressToOffset' in 'cellGcmSys' module
LDR: ! Imported function 'cellGcmGetOffsetTable' in 'cellGcmSys' module
LDR: ! Imported function '_cellGcmFunc15' in 'cellGcmSys' module
LDR: ! Imported function 'cellGcmBindTile' in 'cellGcmSys' module
LDR: ! Imported function 'cellGcmSetFlipMode' in 'cellGcmSys' module
LDR: ! Imported function 'cellGcmGetDefaultCommandWordSize' in 'cellGcmSys' module
LDR: ! Imported function 'cellGcmMapEaIoAddressWithFlags' in 'cellGcmSys' module
LDR: ! Imported function 'cellGcmMapEaIoAddress' in 'cellGcmSys' module
LDR: ! Imported function 'cellGcmGetFlipStatus' in 'cellGcmSys' module
LDR: ! Imported function 'cellGcmGetReportDataAddressLocation' in 'cellGcmSys' module
LDR: ! Imported function 'cellGcmGetDefaultSegmentWordSize' in 'cellGcmSys' module
LDR: ! Imported function 'cellGcmSetDefaultFifoSize' in 'cellGcmSys' module
LDR: ! Imported function 'cellGcmBindZcull' in 'cellGcmSys' module
LDR: ! Imported function 'cellGcmSetDisplayBuffer' in 'cellGcmSys' module
LDR: ! Imported function 'cellGcmGetControlRegister' in 'cellGcmSys' module
LDR: ! Imported function 'cellGcmUnbindZcull' in 'cellGcmSys' module
LDR: ! Imported function 'cellGcmSetVBlankHandler' in 'cellGcmSys' module
LDR: ! Imported function 'cellGcmSetFlipImmediate' in 'cellGcmSys' module
LDR: ! Imported function 'cellGcmResetFlipStatus' in 'cellGcmSys' module
LDR: ! Imported function 'cellGcmSetTileInfo' in 'cellGcmSys' module
LDR: ! Imported function '_cellGcmSetFlipCommandWithWaitLabel' in 'cellGcmSys' module
LDR: ! Imported function 'cellGcmUnbindTile' in 'cellGcmSys' module
LDR: ! Imported function 'cellGcmGetConfiguration' in 'cellGcmSys' module
LDR: ! Imported function 'cellGcmUnmapEaIoAddress' in 'cellGcmSys' module
LDR: ! Imported function 'cellGcmGetLabelAddress' in 'cellGcmSys' module
LDR: ! Imported function 'cellPadClearBuf' in 'sys_io' module
LDR: ! Imported function 'cellPadInit' in 'sys_io' module
LDR: ! Imported function 'cellKbClearBuf' in 'sys_io' module
LDR: ! Imported function 'cellKbGetInfo' in 'sys_io' module
LDR: ! Imported function 'cellMouseGetData' in 'sys_io' module
LDR: ! Imported function 'cellMouseClearBuf' in 'sys_io' module
LDR: ! Imported function 'cellKbInit' in 'sys_io' module
LDR: ! Imported function 'cellPadEnd' in 'sys_io' module
LDR: ! Imported function 'cellPadSetPortSetting' in 'sys_io' module
LDR: ! Imported function 'cellMouseGetInfo' in 'sys_io' module
LDR: ! Imported function 'cellPadGetData' in 'sys_io' module
LDR: ! Imported function 'cellKbSetCodeType' in 'sys_io' module
LDR: ! Imported function 'cellPadGetInfo2' in 'sys_io' module
LDR: ! Imported function 'cellKbEnd' in 'sys_io' module
LDR: ! Imported function 'cellMouseInit' in 'sys_io' module
LDR: ! Imported function 'cellKbSetReadMode' in 'sys_io' module
LDR: ! Imported function 'cellMouseEnd' in 'sys_io' module
LDR: ! Imported function 'cellPadSetActDirect' in 'sys_io' module
LDR: ! Imported function 'cellKbRead' in 'sys_io' module
LDR: ! Imported function 'cellFsStReadInit' in 'sys_fs' module
LDR: ! Imported function 'cellFsStRead' in 'sys_fs' module
LDR: ! Imported function 'cellFsClose' in 'sys_fs' module
LDR: ! Imported function 'cellFsRead' in 'sys_fs' module
LDR: ! Imported function 'cellFsOpen' in 'sys_fs' module
LDR: ! Imported function 'cellFsStat' in 'sys_fs' module
LDR: ! Imported function 'cellFsUnlink' in 'sys_fs' module
LDR: ! Imported function 'cellFsStReadStart' in 'sys_fs' module
LDR: ! Imported function 'cellFsLseek' in 'sys_fs' module
LDR: ! Imported function 'cellFsGetFreeSize' in 'sys_fs' module
LDR: ! Imported function 'cellFsMkdir' in 'sys_fs' module
LDR: ! Imported function 'cellFsStReadFinish' in 'sys_fs' module
LDR: ! Imported function 'cellFsWrite' in 'sys_fs' module
LDR: ! Imported function 'cellFsFstat' in 'sys_fs' module
LDR: ! Imported function 'cellFsStReadStop' in 'sys_fs' module
LDR: ! Imported function 'cellFsFtruncate' in 'sys_fs' module
LDR: ! Imported function 'cellFsOpendir' in 'sys_fs' module
LDR: ! Imported function 'cellFsReaddir' in 'sys_fs' module
LDR: ! Imported function 'cellFsFsync' in 'sys_fs' module
LDR: ! Imported function 'cellFsSdataOpen' in 'sys_fs' module
LDR: ! Imported function 'cellFsRename' in 'sys_fs' module
LDR: ! Imported function 'cellFsClosedir' in 'sys_fs' module
LDR: ! Imported function 'cellSysmoduleUnloadModule' in 'cellSysmodule' module
LDR: ! Imported function 'cellSysmoduleLoadModule' in 'cellSysmodule' module
LDR: ! Imported function 'cellSysmoduleIsLoaded' in 'cellSysmodule' module
LDR: ! Imported function 'cellSysmoduleInitialize' in 'cellSysmodule' module
LDR: ! Imported function 'cellSysmoduleFinalize' in 'cellSysmodule' module
LDR: ! Imported function 'cellSpursDetachLv2EventQueue' in 'cellSpurs' module
LDR: ! Imported function 'cellSpursRemoveWorkload' in 'cellSpurs' module
LDR: ! Imported function 'cellSpursWaitForWorkloadShutdown' in 'cellSpurs' module
LDR: ! Imported function 'cellSpursAddWorkload' in 'cellSpurs' module
LDR: ! Imported function 'cellSpursWakeUp' in 'cellSpurs' module
LDR: ! Imported function 'cellSpursShutdownWorkload' in 'cellSpurs' module
LDR: ! Imported function '_cellSpursWorkloadFlagReceiver' in 'cellSpurs' module
LDR: ! Imported function 'cellSpursInitialize' in 'cellSpurs' module
LDR: ! Imported function 'cellSpursAttachLv2EventQueue' in 'cellSpurs' module
LDR: ! Imported function 'cellSpursGetWorkloadFlag' in 'cellSpurs' module
LDR: ! Imported function 'cellSpursFinalize' in 'cellSpurs' module
LDR: ! Imported function 'cellSpursReadyCountStore' in 'cellSpurs' module
LDR: ! Imported function 'cellNetCtlNetStartDialogLoadAsync' in 'cellNetCtl' module
LDR: ! Imported function 'cellNetCtlNetStartDialogUnloadAsync' in 'cellNetCtl' module
LDR: ! Imported function 'cellNetCtlTerm' in 'cellNetCtl' module
LDR: ! Imported function 'cellNetCtlGetInfo' in 'cellNetCtl' module
LDR: ! Imported function 'cellNetCtlGetState' in 'cellNetCtl' module
LDR: ! Imported function 'cellNetCtlInit' in 'cellNetCtl' module
LDR: ! Imported function 'cellFontInitLibraryFreeTypeWithRevision' in 'cellFontFT' module
LDR: ! Imported function 'cellFontCreateRenderer' in 'cellFont' module
LDR: W Unimplemented function 'cellFontGetKerning' in 'cellFont' module
LDR: ! Imported function 'cellFontOpenFontsetOnMemory' in 'cellFont' module
LDR: ! Imported function 'cellFontGetHorizontalLayout' in 'cellFont' module
LDR: ! Imported function 'cellFontDestroyRenderer' in 'cellFont' module
LDR: ! Imported function 'cellFontSetScalePixel' in 'cellFont' module
LDR: ! Imported function 'cellFontGetRenderCharGlyphMetrics' in 'cellFont' module
LDR: ! Imported function 'cellFontEndLibrary' in 'cellFont' module
LDR: ! Imported function 'cellFontBindRenderer' in 'cellFont' module
LDR: ! Imported function 'cellFontSetupRenderEffectSlant' in 'cellFont' module
LDR: ! Imported function 'cellFontEnd' in 'cellFont' module
LDR: ! Imported function 'cellFontRenderCharGlyphImage' in 'cellFont' module
LDR: ! Imported function 'cellFontRenderSurfaceInit' in 'cellFont' module
LDR: ! Imported function 'cellFontGetFontIdCode' in 'cellFont' module
LDR: ! Imported function 'cellFontOpenFontMemory' in 'cellFont' module
LDR: ! Imported function 'cellFontCloseFont' in 'cellFont' module
LDR: W Unimplemented function 'cellFontGetRenderEffectSlant' in 'cellFont' module
LDR: ! Imported function 'cellFontInitializeWithRevision' in 'cellFont' module
LDR: ! Imported function 'cellFontUnbindRenderer' in 'cellFont' module
LDR: ! Imported function 'cellGameContentPermit' in 'cellGame' module
LDR: ! Imported function 'cellGameThemeInstallFromBuffer' in 'cellGame' module
LDR: ! Imported function 'cellGamePatchCheck' in 'cellGame' module
LDR: ! Imported function 'cellGameDataCheck' in 'cellGame' module
LDR: ! Imported function 'cellGameBootCheck' in 'cellGame' module
LDR: ! Imported function 'cellAudioInit' in 'cellAudio' module
LDR: ! Imported function 'cellAudioQuit' in 'cellAudio' module
LDR: ! Imported function 'cellAudioSetNotifyEventQueue' in 'cellAudio' module
LDR: ! Imported function 'cellAudioGetPortTimestamp' in 'cellAudio' module
LDR: ! Imported function 'cellAudioPortClose' in 'cellAudio' module
LDR: ! Imported function 'cellAudioPortStop' in 'cellAudio' module
LDR: ! Imported function 'cellAudioGetPortConfig' in 'cellAudio' module
LDR: ! Imported function 'cellAudioPortStart' in 'cellAudio' module
LDR: ! Imported function 'cellAudioPortOpen' in 'cellAudio' module
LDR: ! Imported function 'cellAudioGetPortBlockTag' in 'cellAudio' module
LDR: ! Imported function 'cellAudioRemoveNotifyEventQueue' in 'cellAudio' module
LDR: W Unimplemented function 'EUCKRstoUTF8s' in 'cellL10n' module
LDR: W Unimplemented function 'SJISstoUTF8s' in 'cellL10n' module
LDR: W Unimplemented function 'UTF8stoSJISs' in 'cellL10n' module
LDR: ! Imported function 'sceNpScoreGetRankingByNpId' in 'sceNp' module
LDR: ! Imported function 'sceNpScoreRecordScore' in 'sceNp' module
LDR: ! Imported function 'sceNpScoreDestroyTitleCtx' in 'sceNp' module
LDR: ! Imported function 'sceNpScoreInit' in 'sceNp' module
LDR: ! Imported function 'sceNpBasicSetPresence' in 'sceNp' module
LDR: ! Imported function 'sceNpTerm' in 'sceNp' module
LDR: ! Imported function 'sceNpManagerUnregisterCallback' in 'sceNp' module
LDR: ! Imported function 'sceNpLookupDestroyTitleCtx' in 'sceNp' module
LDR: ! Imported function 'sceNpManagerGetContentRatingFlag' in 'sceNp' module
LDR: ! Imported function 'sceNpScoreCreateTransactionCtx' in 'sceNp' module
LDR: ! Imported function 'sceNpLookupTerm' in 'sceNp' module
LDR: ! Imported function 'sceNpScoreTerm' in 'sceNp' module
LDR: ! Imported function 'sceNpManagerGetStatus' in 'sceNp' module
LDR: ! Imported function 'sceNpDrmIsAvailable' in 'sceNp' module
LDR: ! Imported function 'sceNpScoreCreateTitleCtx' in 'sceNp' module
LDR: ! Imported function 'sceNpInit' in 'sceNp' module
LDR: ! Imported function 'sceNpScoreDestroyTransactionCtx' in 'sceNp' module
LDR: ! Imported function 'sceNpLookupCreateTitleCtx' in 'sceNp' module
LDR: ! Imported function 'sceNpManagerRegisterCallback' in 'sceNp' module
LDR: ! Imported function 'sceNpLookupCreateTransactionCtx' in 'sceNp' module
LDR: ! Imported function 'sceNpScoreGetBoardInfo' in 'sceNp' module
LDR: ! Imported function 'sceNpLookupDestroyTransactionCtx' in 'sceNp' module
LDR: ! Imported function 'sceNpScoreGetRankingByRange' in 'sceNp' module
LDR: ! Imported function 'sceNpManagerGetNpId' in 'sceNp' module
LDR: W Unknown module 'cellSaveData'
LDR: ! Imported function 'cellSaveDataListDelete' in 'cellSaveData' module
LDR: ! Imported function 'sceNpTrophyRegisterContext' in 'sceNpTrophy' module
LDR: ! Imported function 'sceNpTrophyCreateHandle' in 'sceNpTrophy' module
LDR: ! Imported function 'sceNpTrophyDestroyContext' in 'sceNpTrophy' module
LDR: ! Imported function 'sceNpTrophyInit' in 'sceNpTrophy' module
LDR: ! Imported function 'sceNpTrophyAbortHandle' in 'sceNpTrophy' module
LDR: ! Imported function 'sceNpTrophyDestroyHandle' in 'sceNpTrophy' module
LDR: ! Imported function 'sceNpTrophyUnlockTrophy' in 'sceNpTrophy' module
LDR: ! Imported function 'sceNpTrophyTerm' in 'sceNpTrophy' module
LDR: ! Imported function 'sceNpTrophyCreateContext' in 'sceNpTrophy' module
LDR: ! Imported function 'cellSyncBarrierInitialize' in 'cellSync' module
LDR: ! Imported function 'cellSyncBarrierTryWait' in 'cellSync' module
LDR: ! Imported function 'cellSyncMutexUnlock' in 'cellSync' module
LDR: ! Imported function 'cellSyncMutexInitialize' in 'cellSync' module
LDR: ! Imported function 'cellSyncMutexTryLock' in 'cellSync' module
LDR: ! Imported function 'sys_lwmutex_lock' in 'sysPrxForUser' module
LDR: ! Imported function 'sys_lwmutex_unlock' in 'sysPrxForUser' module
LDR: ! Imported function 'sys_lwcond_destroy' in 'sysPrxForUser' module
LDR: ! Imported function 'sys_ppu_thread_create' in 'sysPrxForUser' module
LDR: ! Imported function 'sys_lwcond_wait' in 'sysPrxForUser' module
LDR: ! Imported function '_sys_process_atexitspawn' in 'sysPrxForUser' module
LDR: ! Imported function 'sys_lwmutex_create' in 'sysPrxForUser' module
LDR: ! Imported function 'sys_ppu_thread_get_id' in 'sysPrxForUser' module
LDR: ! Imported function '_sys_heap_malloc' in 'sysPrxForUser' module
LDR: ! Imported function 'sys_prx_register_library' in 'sysPrxForUser' module
LDR: ! Imported function '_sys_heap_memalign' in 'sysPrxForUser' module
LDR: ! Imported function 'sys_initialize_tls' in 'sysPrxForUser' module
LDR: ! Imported function 'sys_time_get_system_time' in 'sysPrxForUser' module
LDR: W Unimplemented function '_sys_heap_free' in 'sysPrxForUser' module
LDR: ! Imported function '_sys_process_at_Exitspawn' in 'sysPrxForUser' module
LDR: ! Imported function 'sys_prx_exitspawn_with_level' in 'sysPrxForUser' module
LDR: ! Imported function 'sys_lwmutex_trylock' in 'sysPrxForUser' module
LDR: W Unimplemented function '_sys_heap_delete_heap' in 'sysPrxForUser' module
LDR: ! Imported function 'sys_ppu_thread_exit' in 'sysPrxForUser' module
LDR: ! Imported function '_sys_heap_create_heap' in 'sysPrxForUser' module
LDR: ! Imported function 'sys_lwmutex_destroy' in 'sysPrxForUser' module
LDR: ! Imported function 'sys_lwcond_create' in 'sysPrxForUser' module
LDR: ! Imported function 'sys_spu_image_close' in 'sysPrxForUser' module
LDR: ! Imported function 'sys_process_exit' in 'sysPrxForUser' module
LDR: ! Imported function 'sys_lwcond_signal_all' in 'sysPrxForUser' module
LDR: ! Imported function 'sys_spu_image_import' in 'sysPrxForUser' module
LDR: ! Imported function 'sys_lwcond_signal' in 'sysPrxForUser' module
HLE: W {PPU[1] Thread (CPUThread)[0x0100a04c]} sys_lwmutex warning: sys_lwmutex_create(lwmutex_addr=0x30100000, attr_addr=0xd000fbe0)
HLE: ! {PPU[1] Thread (CPUThread)[0x0100a04c]} sys_lwmutex: *** lwmutex created [] (attribute=0x12): sq_id = 3
HLE: W {PPU[1] Thread (CPUThread)[0x0100a04c]} sys_lwmutex warning: sys_lwmutex_create(lwmutex_addr=0x51d120, attr_addr=0x45e6b8)
HLE: ! {PPU[1] Thread (CPUThread)[0x0100a04c]} sys_lwmutex: *** lwmutex created [_lc_mtx] (attribute=0x12): sq_id = 4
HLE: W {PPU[1] Thread (CPUThread)[0x0100a04c]} sys_lwmutex warning: sys_lwmutex_create(lwmutex_addr=0x51c8a8, attr_addr=0x45e6b8)
HLE: ! {PPU[1] Thread (CPUThread)[0x0100a04c]} sys_lwmutex: *** lwmutex created [_lc_mtx] (attribute=0x12): sq_id = 5
HLE: W {PPU[1] Thread (CPUThread)[0x0100a04c]} sys_lwmutex warning: sys_lwmutex_create(lwmutex_addr=0x51c8d0, attr_addr=0x45e6b8)
HLE: ! {PPU[1] Thread (CPUThread)[0x0100a04c]} sys_lwmutex: *** lwmutex created [_lc_mtx] (attribute=0x12): sq_id = 6
HLE: W {PPU[1] Thread (CPUThread)[0x0100a04c]} sys_lwmutex warning: sys_lwmutex_create(lwmutex_addr=0x51c8f8, attr_addr=0x45e6b8)
HLE: ! {PPU[1] Thread (CPUThread)[0x0100a04c]} sys_lwmutex: *** lwmutex created [_lc_mtx] (attribute=0x12): sq_id = 7
HLE: W {PPU[1] Thread (CPUThread)[0x0100a04c]} sys_lwmutex warning: sys_lwmutex_create(lwmutex_addr=0x51c7e0, attr_addr=0x45e6b8)
HLE: ! {PPU[1] Thread (CPUThread)[0x0100a04c]} sys_lwmutex: *** lwmutex created [_lc_mtx] (attribute=0x12): sq_id = 8
HLE: W {PPU[1] Thread (CPUThread)[0x0100a04c]} sys_lwmutex warning: sys_lwmutex_create(lwmutex_addr=0x51c808, attr_addr=0x45e6b8)
HLE: ! {PPU[1] Thread (CPUThread)[0x0100a04c]} sys_lwmutex: *** lwmutex created [_lc_mtx] (attribute=0x12): sq_id = 9
HLE: W {PPU[1] Thread (CPUThread)[0x0100a04c]} sys_lwmutex warning: sys_lwmutex_create(lwmutex_addr=0x51c830, attr_addr=0x45e6b8)
HLE: ! {PPU[1] Thread (CPUThread)[0x0100a04c]} sys_lwmutex: *** lwmutex created [_lc_mtx] (attribute=0x12): sq_id = 10
HLE: W {PPU[1] Thread (CPUThread)[0x0100a04c]} sys_lwmutex warning: sys_lwmutex_create(lwmutex_addr=0x51c858, attr_addr=0x45e6b8)
HLE: ! {PPU[1] Thread (CPUThread)[0x0100a04c]} sys_lwmutex: *** lwmutex created [_lc_mtx] (attribute=0x12): sq_id = 11
HLE: W {PPU[1] Thread (CPUThread)[0x0100a04c]} sys_lwmutex warning: sys_lwmutex_create(lwmutex_addr=0x51c880, attr_addr=0x45e6b8)
HLE: ! {PPU[1] Thread (CPUThread)[0x0100a04c]} sys_lwmutex: *** lwmutex created [_lc_mtx] (attribute=0x12): sq_id = 12
HLE: W {PPU[1] Thread (CPUThread)[0x0100a04c]} sys_lwmutex warning: sys_lwmutex_create(lwmutex_addr=0x58cd98, attr_addr=0x516d44)
HLE: ! {PPU[1] Thread (CPUThread)[0x0100a04c]} sys_lwmutex: *** lwmutex created [_lgcmtx] (attribute=0x12): sq_id = 13
HLE: W {PPU[1] Thread (CPUThread)[0x0100a04c]} sys_lwmutex warning: sys_lwmutex_create(lwmutex_addr=0x58cd58, attr_addr=0x516d54)
HLE: ! {PPU[1] Thread (CPUThread)[0x0100a04c]} sys_lwmutex: *** lwmutex created [_lgcmtx] (attribute=0x22): sq_id = 14
HLE: W {PPU[1] Thread (CPUThread)[0x0100a04c]} sys_lwmutex warning: sys_lwmutex_create(lwmutex_addr=0x301ce710, attr_addr=0x45e6b8)
HLE: ! {PPU[1] Thread (CPUThread)[0x0100a04c]} sys_lwmutex: *** lwmutex created [_lc_mtx] (attribute=0x12): sq_id = 15
HLE: W {PPU[1] Thread (CPUThread)[0x0100a04c]} sys_lwmutex warning: sys_lwmutex_create(lwmutex_addr=0x301ce890, attr_addr=0x45e6b8)
HLE: ! {PPU[1] Thread (CPUThread)[0x0100a04c]} sys_lwmutex: *** lwmutex created [_lc_mtx] (attribute=0x12): sq_id = 16
HLE: W {PPU[1] Thread (CPUThread)[0x0100a04c]} sys_lwmutex warning: sys_lwmutex_create(lwmutex_addr=0x301ceb90, attr_addr=0x45e6b8)
HLE: ! {PPU[1] Thread (CPUThread)[0x0100a04c]} sys_lwmutex: *** lwmutex created [_lc_mtx] (attribute=0x12): sq_id = 17
HLE: W {PPU[1] Thread (CPUThread)[0x0100a04c]} sys_lwmutex warning: sys_lwmutex_create(lwmutex_addr=0x301ced90, attr_addr=0x45e6b8)
HLE: ! {PPU[1] Thread (CPUThread)[0x0100a04c]} sys_lwmutex: *** lwmutex created [_lc_mtx] (attribute=0x12): sq_id = 18
HLE: W {PPU[1] Thread (CPUThread)[0x0100a04c]} sys_lwmutex warning: sys_lwmutex_create(lwmutex_addr=0x301cee90, attr_addr=0x45e6b8)
HLE: ! {PPU[1] Thread (CPUThread)[0x0100a04c]} sys_lwmutex: *** lwmutex created [_lc_mtx] (attribute=0x12): sq_id = 19
HLE: W {PPU[1] Thread (CPUThread)[0x0100a04c]} sys_lwmutex warning: sys_lwmutex_create(lwmutex_addr=0x301cef90, attr_addr=0x45e6b8)
HLE: ! {PPU[1] Thread (CPUThread)[0x0100a04c]} sys_lwmutex: *** lwmutex created [_lc_mtx] (attribute=0x12): sq_id = 20
HLE: W {PPU[1] Thread (CPUThread)[0x0100a04c]} sys_lwmutex warning: sys_lwmutex_create(lwmutex_addr=0x301cf390, attr_addr=0x45e6b8)
HLE: ! {PPU[1] Thread (CPUThread)[0x0100a04c]} sys_lwmutex: *** lwmutex created [_lc_mtx] (attribute=0x12): sq_id = 21
HLE: W {PPU[1] Thread (CPUThread)[0x0100a04c]} sys_lwmutex warning: sys_lwmutex_create(lwmutex_addr=0x301cf410, attr_addr=0x45e6b8)
HLE: ! {PPU[1] Thread (CPUThread)[0x0100a04c]} sys_lwmutex: *** lwmutex created [_lc_mtx] (attribute=0x12): sq_id = 22
HLE: W {PPU[1] Thread (CPUThread)[0x0100a04c]} sys_lwmutex warning: sys_lwmutex_create(lwmutex_addr=0x301cf490, attr_addr=0x45e6b8)
HLE: ! {PPU[1] Thread (CPUThread)[0x0100a04c]} sys_lwmutex: *** lwmutex created [_lc_mtx] (attribute=0x12): sq_id = 23
HLE: W {PPU[1] Thread (CPUThread)[0x0100a04c]} sys_lwmutex warning: sys_lwmutex_create(lwmutex_addr=0x301cf510, attr_addr=0x45e6b8)
HLE: ! {PPU[1] Thread (CPUThread)[0x0100a04c]} sys_lwmutex: *** lwmutex created [_lc_mtx] (attribute=0x12): sq_id = 24
HLE: W {PPU[1] Thread (CPUThread)[0x0100a04c]} sys_lwmutex warning: sys_lwmutex_create(lwmutex_addr=0x301cf590, attr_addr=0x45e6b8)
HLE: ! {PPU[1] Thread (CPUThread)[0x0100a04c]} sys_lwmutex: *** lwmutex created [_lc_mtx] (attribute=0x12): sq_id = 25
HLE: W {PPU[1] Thread (CPUThread)[0x0100a04c]} sys_lwmutex warning: sys_lwmutex_create(lwmutex_addr=0x301cf610, attr_addr=0x45e6b8)
HLE: ! {PPU[1] Thread (CPUThread)[0x0100a04c]} sys_lwmutex: *** lwmutex created [_lc_mtx] (attribute=0x12): sq_id = 26
HLE: W {PPU[1] Thread (CPUThread)[0x00ff2010]} cellSysmodule warning: cellSysmoduleLoadModule(CELL_SYSMODULE_USBD)
HLE: W {PPU[1] Thread (CPUThread)[0x00ff2010]} cellSysmodule warning: cellSysmoduleLoadModule(CELL_SYSMODULE_NET)
HLE: W {PPU[1] Thread (CPUThread)[0x00fe810c]} cellSysutil warning: cellSysutilRegisterCallback(slot=0, func_addr=0x4f1c08, userdata=0x58e080)
HLE: W {PPU[1] Thread (CPUThread)[0x003f069c]} sys_spu warning: sys_spu_initialize(max_usable_spu=6, max_raw_spu=0)
HLE: E {PPU[1] Thread (CPUThread)[0x0001b270]} sys_fs error: "/app_home/sampleArg.txt" not found! flags: 0x00000000
HLE: W {PPU[1] Thread (CPUThread)[0x00fec028]} cellGcmSys warning: _cellGcmInitBody(context_addr=0x51d65c, cmdSize=0xf0000, ioSize=0x100000, ioAddress=0x36900000)
HLE: W {PPU[1] Thread (CPUThread)[0x00fec028]} cellGcmSys warning: *** local memory(addr=0xc0000000, size=0xf900000)
HLE: W {PPU[1] Thread (CPUThread)[0x00fec028]} cellGcmSys warning: cellGcmInit(): 256MB io address space used
HLE: W {PPU[1] Thread (CPUThread)[0x00fec028]} cellGcmSys warning: cellGcmMapEaIoAddress(ea=0x36900000, io=0x0, size=0x100000)
RSX: ! {RSXThread} RSX thread started
HLE: W {PPU[1] Thread (CPUThread)[0x00fec100]} cellGcmSys warning: cellGcmSetVBlankHandler(handler_addr=0x4f1c18)
HLE: W {PPU[1] Thread (CPUThread)[0x00fec010]} cellGcmSys warning: cellGcmSetUserHandler(handler_addr=0x4f1c40)
HLE: W {PPU[1] Thread (CPUThread)[0x00fe8010]} cellSysutil warning: cellVideoOutConfigure(videoOut=0, config_addr=0xd000fb64, option_addr=0x0, waitForEvent=0x0)
HLE: W {PPU[1] Thread (CPUThread)[0x00fec070]} cellGcmSys warning: cellGcmSetFlipMode(mode=2)
HLE: W {PPU[1] Thread (CPUThread)[0x00fec124]} cellGcmSys warning: cellGcmSetTileInfo(index=0, location=0, offset=0, size=7864320, pitch=5120, comp=7, base=0, bank=0)
HLE: E {PPU[1] Thread (CPUThread)[0x00fec124]} cellGcmSys error: cellGcmSetTileInfo: bad compression mode! (7)
HLE: W {PPU[1] Thread (CPUThread)[0x00fec064]} cellGcmSys warning: cellGcmBindTile(index=0)
HLE: W {PPU[1] Thread (CPUThread)[0x00fec124]} cellGcmSys warning: cellGcmSetTileInfo(index=1, location=0, offset=7864320, size=15073280, pitch=10240, comp=8, base=120, bank=0)
HLE: E {PPU[1] Thread (CPUThread)[0x00fec124]} cellGcmSys error: cellGcmSetTileInfo: bad compression mode! (8)
HLE: W {PPU[1] Thread (CPUThread)[0x00fec064]} cellGcmSys warning: cellGcmBindTile(index=1)
HLE: W {PPU[1] Thread (CPUThread)[0x00fec094]} cellGcmSys warning: cellGcmMapEaIoAddress(ea=0x36a00000, io=0xc900000, size=0x1700000)
HLE: W {PPU[1] Thread (CPUThread)[0x00fec088]} cellGcmSys warning: cellGcmMapEaIoAddressWithFlags(ea=0x38100000, io=0xe000000, size=0x100000, flags=0x2)
HLE: W {PPU[1] Thread (CPUThread)[0x00fec088]} cellGcmSys warning: cellGcmMapEaIoAddress(ea=0x38100000, io=0xe000000, size=0x100000)
HLE: W {PPU[1] Thread (CPUThread)[0x00fee010]} sys_io warning: cellPadInit(max_connect=7)
HLE: W {PPU[1] Thread (CPUThread)[0x00fee04c]} sys_io warning: cellKbInit(max_connect=7)
HLE: W {PPU[1] Thread (CPUThread)[0x00fee0ac]} sys_io warning: cellMouseInit(max_connect=7)
HLE: W {PPU[1] Thread (CPUThread)[0x00ff2010]} cellSysmodule warning: cellSysmoduleLoadModule(CELL_SYSMODULE_NET)
HLE: W {PPU[1] Thread (CPUThread)[0x00ff2010]} cellSysmodule warning: cellSysmoduleLoadModule(CELL_SYSMODULE_NETCTL)
HLE: W {PPU[1] Thread (CPUThread)[0x00ff2010]} cellSysmodule warning: cellSysmoduleLoadModule(CELL_SYSMODULE_RESC)
HLE: W {PPU[1] Thread (CPUThread)[0x00ff2010]} cellSysmodule warning: cellSysmoduleLoadModule(CELL_SYSMODULE_USBD)
HLE: W {PPU[1] Thread (CPUThread)[0x00ff2010]} cellSysmodule warning: cellSysmoduleLoadModule(CELL_SYSMODULE_FS)
HLE: W {PPU[1] Thread (CPUThread)[0x00ff2010]} cellSysmodule warning: cellSysmoduleLoadModule(CELL_SYSMODULE_SYSUTIL_GAME)
HLE: W {PPU[1] Thread (CPUThread)[0x00ff4058]} cellSpurs warning: cellSpursInitialize(spurs_addr=0x38100400, nSpus=5, spuPriority=250, ppuPriority=79, exitIfNoWork=0)
HLE: ! {PPU[1] Thread (CPUThread)[0x00ff4058]} sys_semaphore: *** semaphore created [_spuWkl] (protocol=0x2): id = 27
HLE: ! {PPU[1] Thread (CPUThread)[0x00ff4058]} sys_semaphore: *** semaphore created [_spuWkl] (protocol=0x2): id = 28
HLE: ! {PPU[1] Thread (CPUThread)[0x00ff4058]} sys_semaphore: *** semaphore created [_spuWkl] (protocol=0x2): id = 29
HLE: ! {PPU[1] Thread (CPUThread)[0x00ff4058]} sys_semaphore: *** semaphore created [_spuWkl] (protocol=0x2): id = 30
HLE: ! {PPU[1] Thread (CPUThread)[0x00ff4058]} sys_semaphore: *** semaphore created [_spuWkl] (protocol=0x2): id = 31
HLE: ! {PPU[1] Thread (CPUThread)[0x00ff4058]} sys_semaphore: *** semaphore created [_spuWkl] (protocol=0x2): id = 32
HLE: ! {PPU[1] Thread (CPUThread)[0x00ff4058]} sys_semaphore: *** semaphore created [_spuWkl] (protocol=0x2): id = 33
HLE: ! {PPU[1] Thread (CPUThread)[0x00ff4058]} sys_semaphore: *** semaphore created [_spuWkl] (protocol=0x2): id = 34
HLE: ! {PPU[1] Thread (CPUThread)[0x00ff4058]} sys_semaphore: *** semaphore created [_spuWkl] (protocol=0x2): id = 35
HLE: ! {PPU[1] Thread (CPUThread)[0x00ff4058]} sys_semaphore: *** semaphore created [_spuWkl] (protocol=0x2): id = 36
HLE: ! {PPU[1] Thread (CPUThread)[0x00ff4058]} sys_semaphore: *** semaphore created [_spuWkl] (protocol=0x2): id = 37
HLE: ! {PPU[1] Thread (CPUThread)[0x00ff4058]} sys_semaphore: *** semaphore created [_spuWkl] (protocol=0x2): id = 38
HLE: ! {PPU[1] Thread (CPUThread)[0x00ff4058]} sys_semaphore: *** semaphore created [_spuWkl] (protocol=0x2): id = 39
HLE: ! {PPU[1] Thread (CPUThread)[0x00ff4058]} sys_semaphore: *** semaphore created [_spuWkl] (protocol=0x2): id = 40
HLE: ! {PPU[1] Thread (CPUThread)[0x00ff4058]} sys_semaphore: *** semaphore created [_spuWkl] (protocol=0x2): id = 41
HLE: ! {PPU[1] Thread (CPUThread)[0x00ff4058]} sys_semaphore: *** semaphore created [_spuWkl] (protocol=0x2): id = 42
HLE: ! {PPU[1] Thread (CPUThread)[0x00ff4058]} sys_semaphore: *** semaphore created [_spuPrv] (protocol=0x2): id = 43
HLE: ! {PPU[1] Thread (CPUThread)[0x00ff4058]} sys_spu: *** SPU Thread Group created [CellSpursKernelGroup] (num=5, prio=250, type=0x0, container=0): id=44
HLE: E {PPU[1] Thread (CPUThread)[0x00ff4058]} sys_spu TODO: Unsupported SPU Thread options (0x2)
HLE: W {PPU[1] Thread (CPUThread)[0x00ff4058]} sys_spu warning: *** New SPU Thread [CellSpursKernel0] (ep=0x0, opt=0x2, a1=0x0, a2=0x0, a3=0x0, a4=0x0): id=45
HLE: E {PPU[1] Thread (CPUThread)[0x00ff4058]} sys_spu TODO: Unsupported SPU Thread options (0x2)
HLE: W {PPU[1] Thread (CPUThread)[0x00ff4058]} sys_spu warning: *** New SPU Thread [CellSpursKernel1] (ep=0x0, opt=0x2, a1=0x0, a2=0x0, a3=0x0, a4=0x0): id=46
HLE: E {PPU[1] Thread (CPUThread)[0x00ff4058]} sys_spu TODO: Unsupported SPU Thread options (0x2)
HLE: W {PPU[1] Thread (CPUThread)[0x00ff4058]} sys_spu warning: *** New SPU Thread [CellSpursKernel2] (ep=0x0, opt=0x2, a1=0x0, a2=0x0, a3=0x0, a4=0x0): id=47
HLE: E {PPU[1] Thread (CPUThread)[0x00ff4058]} sys_spu TODO: Unsupported SPU Thread options (0x2)
HLE: W {PPU[1] Thread (CPUThread)[0x00ff4058]} sys_spu warning: *** New SPU Thread [CellSpursKernel3] (ep=0x0, opt=0x2, a1=0x0, a2=0x0, a3=0x0, a4=0x0): id=48
HLE: E {PPU[1] Thread (CPUThread)[0x00ff4058]} sys_spu TODO: Unsupported SPU Thread options (0x2)
HLE: W {PPU[1] Thread (CPUThread)[0x00ff4058]} sys_spu warning: *** New SPU Thread [CellSpursKernel4] (ep=0x0, opt=0x2, a1=0x0, a2=0x0, a3=0x0, a4=0x0): id=49
HLE: ! {PPU[1] Thread (CPUThread)[0x00ff4058]} sys_lwmutex: *** lwmutex created [_spuPrv] (attribute=0x22): sq_id = 50
HLE: W {PPU[1] Thread (CPUThread)[0x00ff4058]} sys_lwcond warning: *** lwcond created [_spuPrv] (lwmutex_addr=0x381011b0): id = 51
HLE: W {PPU[1] Thread (CPUThread)[0x00ff4058]} sys_event warning: *** event_queue created [_spuPrv] (protocol=0x1, type=0x1, key=0x0, size=0x2a): id = 52
HLE: W {PPU[1] Thread (CPUThread)[0x00ff4058]} sys_spu warning: sys_spu_thread_group_connect_event_all_threads(id=44, eq_id=52, req=0xffffffffffff0000, spup_addr=0x381004c9)
HLE: W {PPU[1] Thread (CPUThread)[0x00ff4058]} sys_spu warning: *** spup -> 16
HLE: W {PPU[1] Thread (CPUThread)[0x00ff4058]} sys_event warning: *** sys_event_port created: id = 53
HLE: W {PPU[1] Thread (CPUThread)[0x00ff4058]} sys_event warning: sys_event_port_connect_local(eport_id=53, equeue_id=52)
HLE: ! {PPU[1] Thread (CPUThread)[0x00ff4058]} sys_ppu_thread: *** New PPU Thread [SpursHdlr0] (joinable, entry=0x0): id = 54
HLE: ! {PPU[1] Thread (CPUThread)[0x00ff4058]} sys_ppu_thread: *** New PPU Thread [SpursHdlr1] (joinable, entry=0x0): id = 55
HLE: E {PPU[1] Thread (CPUThread)[0x00ff4058]} sys_spu TODO: sys_spu_thread_group_connect_event(id=44, eq=52, et=0x2)
HLE: W {PPU[1] Thread (CPUThread)[0x0100a04c]} sys_lwmutex warning: sys_lwmutex_create(lwmutex_addr=0x301f2910, attr_addr=0xd000f7c8)
HLE: ! {PPU[1] Thread (CPUThread)[0x0100a04c]} sys_lwmutex: *** lwmutex created [] (attribute=0x22): sq_id = 56
HLE: W {PPU[1] Thread (CPUThread)[0x0100a100]} sys_lwcond warning: *** lwcond created [] (lwmutex_addr=0x301f2910): id = 57
HLE: W {PPU[1] Thread (CPUThread)[0x0100a04c]} sys_lwmutex warning: sys_lwmutex_create(lwmutex_addr=0x301f2a90, attr_addr=0xd000f738)
HLE: ! {PPU[1] Thread (CPUThread)[0x0100a04c]} sys_lwmutex: *** lwmutex created [] (attribute=0x22): sq_id = 58
HLE: W {PPU[1] Thread (CPUThread)[0x0100a100]} sys_lwcond warning: *** lwcond created [] (lwmutex_addr=0x301f2a90): id = 59
HLE: W {PPU[1] Thread (CPUThread)[0x0100a04c]} sys_lwmutex warning: sys_lwmutex_create(lwmutex_addr=0x301f2c10, attr_addr=0xd000f7a8)
HLE: ! {PPU[1] Thread (CPUThread)[0x0100a04c]} sys_lwmutex: *** lwmutex created [] (attribute=0x22): sq_id = 60
HLE: W {PPU[1] Thread (CPUThread)[0x0100a100]} sys_lwcond warning: *** lwcond created [] (lwmutex_addr=0x301f2c10): id = 61
HLE: W {PPU[1] Thread (CPUThread)[0x0100a04c]} sys_lwmutex warning: sys_lwmutex_create(lwmutex_addr=0x301f2d10, attr_addr=0xd000f7b8)
HLE: ! {PPU[1] Thread (CPUThread)[0x0100a04c]} sys_lwmutex: *** lwmutex created [] (attribute=0x22): sq_id = 62
HLE: W {PPU[1] Thread (CPUThread)[0x0100a100]} sys_lwcond warning: *** lwcond created [] (lwmutex_addr=0x301f2d10): id = 63
HLE: W {PPU[1] Thread (CPUThread)[0x0100a04c]} sys_lwmutex warning: sys_lwmutex_create(lwmutex_addr=0x301f2e10, attr_addr=0xd000f7b8)
HLE: ! {PPU[1] Thread (CPUThread)[0x0100a04c]} sys_lwmutex: *** lwmutex created [] (attribute=0x22): sq_id = 64
HLE: W {PPU[1] Thread (CPUThread)[0x0100a100]} sys_lwcond warning: *** lwcond created [] (lwmutex_addr=0x301f2e10): id = 65
HLE: W {PPU[1] Thread (CPUThread)[0x0100a04c]} sys_lwmutex warning: sys_lwmutex_create(lwmutex_addr=0x301f2f10, attr_addr=0xd000f7b8)
HLE: ! {PPU[1] Thread (CPUThread)[0x0100a04c]} sys_lwmutex: *** lwmutex created [] (attribute=0x22): sq_id = 66
HLE: W {PPU[1] Thread (CPUThread)[0x0100a100]} sys_lwcond warning: *** lwcond created [] (lwmutex_addr=0x301f2f10): id = 67
HLE: W {PPU[1] Thread (CPUThread)[0x0100a04c]} sys_lwmutex warning: sys_lwmutex_create(lwmutex_addr=0x301f3010, attr_addr=0xd000f7b8)
HLE: ! {PPU[1] Thread (CPUThread)[0x0100a04c]} sys_lwmutex: *** lwmutex created [] (attribute=0x22): sq_id = 68
HLE: W {PPU[1] Thread (CPUThread)[0x0100a100]} sys_lwcond warning: *** lwcond created [] (lwmutex_addr=0x301f3010): id = 69
HLE: W {PPU[1] Thread (CPUThread)[0x0100a04c]} sys_lwmutex warning: sys_lwmutex_create(lwmutex_addr=0x301f3110, attr_addr=0xd000f7b8)
HLE: ! {PPU[1] Thread (CPUThread)[0x0100a04c]} sys_lwmutex: *** lwmutex created [] (attribute=0x22): sq_id = 70
HLE: W {PPU[1] Thread (CPUThread)[0x0100a100]} sys_lwcond warning: *** lwcond created [] (lwmutex_addr=0x301f3110): id = 71
HLE: W {PPU[1] Thread (CPUThread)[0x0100a04c]} sys_lwmutex warning: sys_lwmutex_create(lwmutex_addr=0x301f3210, attr_addr=0xd000f7b8)
HLE: ! {PPU[1] Thread (CPUThread)[0x0100a04c]} sys_lwmutex: *** lwmutex created [] (attribute=0x22): sq_id = 72
HLE: W {PPU[1] Thread (CPUThread)[0x0100a100]} sys_lwcond warning: *** lwcond created [] (lwmutex_addr=0x301f3210): id = 73
HLE: W {PPU[1] Thread (CPUThread)[0x0100a04c]} sys_lwmutex warning: sys_lwmutex_create(lwmutex_addr=0x301f3310, attr_addr=0xd000f7b8)
HLE: ! {PPU[1] Thread (CPUThread)[0x0100a04c]} sys_lwmutex: *** lwmutex created [] (attribute=0x22): sq_id = 74
HLE: W {PPU[1] Thread (CPUThread)[0x0100a100]} sys_lwcond warning: *** lwcond created [] (lwmutex_addr=0x301f3310): id = 75
HLE: W {PPU[1] Thread (CPUThread)[0x0100a04c]} sys_lwmutex warning: sys_lwmutex_create(lwmutex_addr=0x301f3490, attr_addr=0xd000f7d8)
HLE: ! {PPU[1] Thread (CPUThread)[0x0100a04c]} sys_lwmutex: *** lwmutex created [] (attribute=0x22): sq_id = 76
HLE: W {PPU[1] Thread (CPUThread)[0x0100a100]} sys_lwcond warning: *** lwcond created [] (lwmutex_addr=0x301f3490): id = 77
HLE: W {PPU[1] Thread (CPUThread)[0x0100a04c]} sys_lwmutex warning: sys_lwmutex_create(lwmutex_addr=0x301f3590, attr_addr=0xd000f7d8)
HLE: ! {PPU[1] Thread (CPUThread)[0x0100a04c]} sys_lwmutex: *** lwmutex created [] (attribute=0x22): sq_id = 78
HLE: W {PPU[1] Thread (CPUThread)[0x0100a100]} sys_lwcond warning: *** lwcond created [] (lwmutex_addr=0x301f3590): id = 79
HLE: W {PPU[1] Thread (CPUThread)[0x0100a04c]} sys_lwmutex warning: sys_lwmutex_create(lwmutex_addr=0x301f3690, attr_addr=0xd000f7d8)
HLE: ! {PPU[1] Thread (CPUThread)[0x0100a04c]} sys_lwmutex: *** lwmutex created [] (attribute=0x22): sq_id = 80
HLE: W {PPU[1] Thread (CPUThread)[0x0100a100]} sys_lwcond warning: *** lwcond created [] (lwmutex_addr=0x301f3690): id = 81
HLE: W {PPU[1] Thread (CPUThread)[0x0100a04c]} sys_lwmutex warning: sys_lwmutex_create(lwmutex_addr=0x301f3790, attr_addr=0xd000f7d8)
HLE: ! {PPU[1] Thread (CPUThread)[0x0100a04c]} sys_lwmutex: *** lwmutex created [] (attribute=0x22): sq_id = 82
HLE: W {PPU[1] Thread (CPUThread)[0x0100a100]} sys_lwcond warning: *** lwcond created [] (lwmutex_addr=0x301f3790): id = 83
HLE: W {PPU[1] Thread (CPUThread)[0x0100a04c]} sys_lwmutex warning: sys_lwmutex_create(lwmutex_addr=0x301f3890, attr_addr=0xd000f7d8)
HLE: ! {PPU[1] Thread (CPUThread)[0x0100a04c]} sys_lwmutex: *** lwmutex created [] (attribute=0x22): sq_id = 84
HLE: W {PPU[1] Thread (CPUThread)[0x0100a100]} sys_lwcond warning: *** lwcond created [] (lwmutex_addr=0x301f3890): id = 85
HLE: W {PPU[1] Thread (CPUThread)[0x0100a04c]} sys_lwmutex warning: sys_lwmutex_create(lwmutex_addr=0x301f3a10, attr_addr=0xd000f748)
HLE: ! {PPU[1] Thread (CPUThread)[0x0100a04c]} sys_lwmutex: *** lwmutex created [] (attribute=0x22): sq_id = 86
HLE: W {PPU[1] Thread (CPUThread)[0x0100a100]} sys_lwcond warning: *** lwcond created [] (lwmutex_addr=0x301f3a10): id = 87
HLE: W {PPU[1] Thread (CPUThread)[0x0100a04c]} sys_lwmutex warning: sys_lwmutex_create(lwmutex_addr=0x301f3b90, attr_addr=0xd000f748)
HLE: ! {PPU[1] Thread (CPUThread)[0x0100a04c]} sys_lwmutex: *** lwmutex created [] (attribute=0x22): sq_id = 88
HLE: W {PPU[1] Thread (CPUThread)[0x0100a100]} sys_lwcond warning: *** lwcond created [] (lwmutex_addr=0x301f3b90): id = 89
HLE: W {PPU[1] Thread (CPUThread)[0x0100a04c]} sys_lwmutex warning: sys_lwmutex_create(lwmutex_addr=0x301f3c90, attr_addr=0xd000f7a8)
HLE: ! {PPU[1] Thread (CPUThread)[0x0100a04c]} sys_lwmutex: *** lwmutex created [] (attribute=0x22): sq_id = 90
HLE: W {PPU[1] Thread (CPUThread)[0x0100a100]} sys_lwcond warning: *** lwcond created [] (lwmutex_addr=0x301f3c90): id = 91
HLE: W {PPU[1] Thread (CPUThread)[0x0100a04c]} sys_lwmutex warning: sys_lwmutex_create(lwmutex_addr=0x301f4a90, attr_addr=0xd000f588)
HLE: ! {PPU[1] Thread (CPUThread)[0x0100a04c]} sys_lwmutex: *** lwmutex created [] (attribute=0x22): sq_id = 92
HLE: W {PPU[1] Thread (CPUThread)[0x0100a100]} sys_lwcond warning: *** lwcond created [] (lwmutex_addr=0x301f4a90): id = 93
HLE: W {PPU[1] Thread (CPUThread)[0x0100a04c]} sys_lwmutex warning: sys_lwmutex_create(lwmutex_addr=0x301f7410, attr_addr=0xd000f618)
HLE: ! {PPU[1] Thread (CPUThread)[0x0100a04c]} sys_lwmutex: *** lwmutex created [] (attribute=0x22): sq_id = 94
HLE: W {PPU[1] Thread (CPUThread)[0x0100a100]} sys_lwcond warning: *** lwcond created [] (lwmutex_addr=0x301f7410): id = 95
HLE: W {PPU[1] Thread (CPUThread)[0x0100a04c]} sys_lwmutex warning: sys_lwmutex_create(lwmutex_addr=0x301f7510, attr_addr=0xd000f4e8)
HLE: ! {PPU[1] Thread (CPUThread)[0x0100a04c]} sys_lwmutex: *** lwmutex created [] (attribute=0x22): sq_id = 96
HLE: W {PPU[1] Thread (CPUThread)[0x0100a100]} sys_lwcond warning: *** lwcond created [] (lwmutex_addr=0x301f7510): id = 97
HLE: E {PPU[1] Thread (CPUThread)[0x00ff6028]} cellNetCtl TODO: cellNetCtlGetInfo(code=10, info_addr=0xd000f530)
HLE: W {PPU[1] Thread (CPUThread)[0x0100a01c]} sys_lwcond warning: sys_lwcond_destroy(lwcond_addr=0x301f7428)
HLE: W {PPU[1] Thread (CPUThread)[0x0100a0f4]} sys_lwmutex warning: sys_lwmutex_destroy(lwmutex_addr=0x301f7410)
HLE: W {PPU[1] Thread (CPUThread)[0x00ff2010]} cellSysmodule warning: cellSysmoduleLoadModule(CELL_SYSMODULE_FS)
HLE: W {PPU[1] Thread (CPUThread)[0x00ff2010]} cellSysmodule warning: cellSysmoduleLoadModule(CELL_SYSMODULE_FONT)
HLE: W {PPU[1] Thread (CPUThread)[0x00ff2010]} cellSysmodule warning: cellSysmoduleLoadModule(CELL_SYSMODULE_FREETYPE)
HLE: W {PPU[1] Thread (CPUThread)[0x00ff2010]} cellSysmodule warning: cellSysmoduleLoadModule(CELL_SYSMODULE_FONTFT)
HLE: W {PPU[1] Thread (CPUThread)[0x00ffa0d0]} cellFont warning: cellFontInitializeWithRevision(revisionFlags=0x60, config=0xd000f818)
HLE: W {PPU[1] Thread (CPUThread)[0x00ff8004]} cellFontFT warning: cellFontInitLibraryFreeTypeWithRevision(revisionFlags=0x41, config_addr=0xd000f840, lib_addr_addr=0xf4b2a8
HLE: W {PPU[1] Thread (CPUThread)[0x00ffa004]} cellFont warning: cellFontCreateRenderer(library_addr=0x300d6000, config_addr=0xd000f82c, Renderer_addr=0xf4b2ac)
HLE: W {PPU[1] Thread (CPUThread)[0x003c0a38]} sys_event warning: sys_event_queue_create(equeue_id_addr=0xf8f5e8, attr_addr=0xd000f784, event_queue_key=0x0, size=8)
HLE: W {PPU[1] Thread (CPUThread)[0x003c0a38]} sys_event warning: *** event_queue created [] (protocol=0x2, type=0x1, key=0x0, size=0x8): id = 98
HLE: ! {PPU[1] Thread (CPUThread)[0x0100a028]} sys_ppu_thread: *** New PPU Thread [spu_printf_handler] (joinable, entry=0x4f11c0): id = 99
HLE: W {PPU[1] Thread (CPUThread)[0x003c0ac0]} sys_event warning: sys_event_port_create(eport_id_addr=0xf8f5ec, port_type=0x1, name=0xd1ed1ed1)
HLE: W {PPU[1] Thread (CPUThread)[0x003c0ac0]} sys_event warning: *** sys_event_port created: id = 100
HLE: W {PPU[1] Thread (CPUThread)[0x003c0ad0]} sys_event warning: sys_event_port_connect_local(eport_id=100, equeue_id=98)
HLE: W {PPU[1] Thread (CPUThread)[0x00ff4064]} cellSpurs warning: cellSpursAttachLv2EventQueue(spurs_addr=0x38100400, queue=98, port_addr=0xd000f780, isDynamic=0)
HLE: W {PPU[1] Thread (CPUThread)[0x00ff4064]} sys_spu warning: sys_spu_thread_group_connect_event_all_threads(id=44, eq_id=98, req=0x2, spup_addr=0xd000f780)
HLE: W {PPU[1] Thread (CPUThread)[0x00ff4064]} sys_spu warning: *** spup -> 1
HLE: W {PPU[1] Thread (CPUThread)[0x00ff4028]} cellSpurs warning: cellSpursAddWorkload(spurs_addr=0x38100400, wid_addr=0xf9f90c, pm_addr=0x498480, size=0x980, data=0xf9f980, priorityTable_addr=0x519030, minContention=0x1, maxContention=0x5)
HLE: E {PPU[1] Thread (CPUThread)[0x00ff404c]} cellSpurs TODO: _cellSpursWorkloadFlagReceiver
HLE: E {PPU[1] Thread (CPUThread)[0x00ff4088]} cellSpurs TODO: cellSpursReadyCountStore
HLE: W {PPU[1] Thread (CPUThread)[0x00ff4034]} cellSpurs warning: cellSpursWakeUp(spurs_addr=0x38100400)
HLE: W {PPU[1] Thread (CPUThread)[0x00fe810c]} cellSysutil warning: cellSysutilRegisterCallback(slot=3, func_addr=0x4e9418, userdata=0xe71d90)
HLE: E {PPU[1] Thread (CPUThread)[0x00ff4070]} cellSpurs TODO: cellSpursGetWorkloadFlag
HLE: W {PPU[1] Thread (CPUThread)[0x0100a04c]} sys_lwmutex warning: sys_lwmutex_create(lwmutex_addr=0x30200a90, attr_addr=0xd000f528)
HLE: ! {PPU[1] Thread (CPUThread)[0x0100a04c]} sys_lwmutex: *** lwmutex created [] (attribute=0x22): sq_id = 101
HLE: W {PPU[1] Thread (CPUThread)[0x0100a100]} sys_lwcond warning: *** lwcond created [] (lwmutex_addr=0x30200a90): id = 102
HLE: W {PPU[1] Thread (CPUThread)[0x0100a04c]} sys_lwmutex warning: sys_lwmutex_create(lwmutex_addr=0x30200b90, attr_addr=0xd000f5b8)
HLE: ! {PPU[1] Thread (CPUThread)[0x0100a04c]} sys_lwmutex: *** lwmutex created [] (attribute=0x22): sq_id = 103
HLE: W {PPU[1] Thread (CPUThread)[0x0100a100]} sys_lwcond warning: *** lwcond created [] (lwmutex_addr=0x30200b90): id = 104
HLE: E {PPU[1] Thread (CPUThread)[0x00ff6028]} cellNetCtl TODO: cellNetCtlGetInfo(code=10, info_addr=0xd000f4d0)
HLE: W {PPU[1] Thread (CPUThread)[0x0100a01c]} sys_lwcond warning: sys_lwcond_destroy(lwcond_addr=0x30200ba8)
HLE: W {PPU[1] Thread (CPUThread)[0x0100a0f4]} sys_lwmutex warning: sys_lwmutex_destroy(lwmutex_addr=0x30200b90)
HLE: W {PPU[1] Thread (CPUThread)[0x00fe807c]} cellSysutil warning: cellSysutilGetSystemParamInt: CELL_SYSUTIL_SYSTEMPARAM_ID_ENTER_BUTTON_ASSIGN
HLE: W {PPU[1] Thread (CPUThread)[0x0100a04c]} sys_lwmutex warning: sys_lwmutex_create(lwmutex_addr=0x38300000, attr_addr=0xd000f620)
HLE: ! {PPU[1] Thread (CPUThread)[0x0100a04c]} sys_lwmutex: *** lwmutex created [] (attribute=0x12): sq_id = 105
HLE: W {PPU[1] Thread (CPUThread)[0x0100a04c]} sys_lwmutex warning: sys_lwmutex_create(lwmutex_addr=0x3b100000, attr_addr=0xd000f620)
HLE: ! {PPU[1] Thread (CPUThread)[0x0100a04c]} sys_lwmutex: *** lwmutex created [] (attribute=0x12): sq_id = 106
HLE: W {PPU[1] Thread (CPUThread)[0x00114a00]} sys_mutex warning: *** mutex created [] (protocol=0x2, recursive=true): id = 107
HLE: W {PPU[1] Thread (CPUThread)[0x00114a00]} sys_mutex warning: *** mutex created [] (protocol=0x2, recursive=true): id = 108
HLE: W {PPU[1] Thread (CPUThread)[0x00114a00]} sys_mutex warning: *** mutex created [] (protocol=0x2, recursive=true): id = 109
HLE: W {PPU[1] Thread (CPUThread)[0x00ff201c]} cellSysmodule warning: cellSysmoduleIsLoaded(CELL_SYSMODULE_FS)
HLE: W {PPU[1] Thread (CPUThread)[0x0100a04c]} sys_lwmutex warning: sys_lwmutex_create(lwmutex_addr=0x5888c0, attr_addr=0xd000f2f0)
HLE: ! {PPU[1] Thread (CPUThread)[0x0100a04c]} sys_lwmutex: *** lwmutex created [] (attribute=0x12): sq_id = 110
HLE: W {PPU[1] Thread (CPUThread)[0x000caf2c]} sys_mutex warning: *** mutex created [] (protocol=0x2, recursive=true): id = 111
HLE: W {PPU[1] Thread (CPUThread)[0x000caf60]} sys_cond warning: *** condition on recursive mutex(111)
HLE: W {PPU[1] Thread (CPUThread)[0x000caf60]} sys_cond warning: *** condition created [] (mutex_id=111): id = 112
HLE: ! {PPU[1] Thread (CPUThread)[0x0100a028]} sys_ppu_thread: *** New PPU Thread [CriThread] (joinable, entry=0x4f37f0): id = 113
HLE: W {PPU[1] Thread (CPUThread)[0x0100a04c]} sys_lwmutex warning: sys_lwmutex_create(lwmutex_addr=0x588a18, attr_addr=0xd000f2f0)
HLE: ! {PPU[1] Thread (CPUThread)[0x0100a04c]} sys_lwmutex: *** lwmutex created [] (attribute=0x12): sq_id = 114
HLE: W {PPU[1] Thread (CPUThread)[0x000caf2c]} sys_mutex warning: *** mutex created [] (protocol=0x2, recursive=true): id = 115
HLE: W {PPU[1] Thread (CPUThread)[0x000caf60]} sys_cond warning: *** condition on recursive mutex(115)
HLE: W {PPU[1] Thread (CPUThread)[0x000caf60]} sys_cond warning: *** condition created [] (mutex_id=115): id = 116
HLE: ! {PPU[1] Thread (CPUThread)[0x0100a028]} sys_ppu_thread: *** New PPU Thread [CriThread] (joinable, entry=0x4f37f0): id = 117
HLE: W {PPU[1] Thread (CPUThread)[0x0100a04c]} sys_lwmutex warning: sys_lwmutex_create(lwmutex_addr=0x588b70, attr_addr=0xd000f2f0)
HLE: ! {PPU[1] Thread (CPUThread)[0x0100a04c]} sys_lwmutex: *** lwmutex created [] (attribute=0x12): sq_id = 118
HLE: W {PPU[1] Thread (CPUThread)[0x000caf2c]} sys_mutex warning: *** mutex created [] (protocol=0x2, recursive=true): id = 119
HLE: W {PPU[1] Thread (CPUThread)[0x000caf60]} sys_cond warning: *** condition on recursive mutex(119)
HLE: W {PPU[1] Thread (CPUThread)[0x000caf60]} sys_cond warning: *** condition created [] (mutex_id=119): id = 120
HLE: ! {PPU[1] Thread (CPUThread)[0x0100a028]} sys_ppu_thread: *** New PPU Thread [CriThread] (joinable, entry=0x4f37f0): id = 121
HLE: W {PPU[1] Thread (CPUThread)[0x0100a04c]} sys_lwmutex warning: sys_lwmutex_create(lwmutex_addr=0x588cc8, attr_addr=0xd000f2f0)
HLE: ! {PPU[1] Thread (CPUThread)[0x0100a04c]} sys_lwmutex: *** lwmutex created [] (attribute=0x12): sq_id = 122
HLE: W {PPU[1] Thread (CPUThread)[0x000caf2c]} sys_mutex warning: *** mutex created [] (protocol=0x2, recursive=true): id = 123
HLE: W {PPU[1] Thread (CPUThread)[0x000caf60]} sys_cond warning: *** condition on recursive mutex(123)
HLE: W {PPU[1] Thread (CPUThread)[0x000caf60]} sys_cond warning: *** condition created [] (mutex_id=123): id = 124
HLE: ! {PPU[1] Thread (CPUThread)[0x0100a028]} sys_ppu_thread: *** New PPU Thread [CriThread] (joinable, entry=0x4f37f0): id = 125
HLE: W {PPU[1] Thread (CPUThread)[0x0100a04c]} sys_lwmutex warning: sys_lwmutex_create(lwmutex_addr=0x588e20, attr_addr=0xd000f2f0)
HLE: ! {PPU[1] Thread (CPUThread)[0x0100a04c]} sys_lwmutex: *** lwmutex created [] (attribute=0x12): sq_id = 126
HLE: W {PPU[1] Thread (CPUThread)[0x000caf2c]} sys_mutex warning: *** mutex created [] (protocol=0x2, recursive=true): id = 127
HLE: W {PPU[1] Thread (CPUThread)[0x000caf60]} sys_cond warning: *** condition on recursive mutex(127)
HLE: W {PPU[1] Thread (CPUThread)[0x000caf60]} sys_cond warning: *** condition created [] (mutex_id=127): id = 128
HLE: ! {PPU[1] Thread (CPUThread)[0x0100a028]} sys_ppu_thread: *** New PPU Thread [CriThread] (joinable, entry=0x4f37f0): id = 129
HLE: W {PPU[1] Thread (CPUThread)[0x0100a04c]} sys_lwmutex warning: sys_lwmutex_create(lwmutex_addr=0x588700, attr_addr=0xd000f310)
HLE: ! {PPU[1] Thread (CPUThread)[0x0100a04c]} sys_lwmutex: *** lwmutex created [] (attribute=0x12): sq_id = 130
HLE: W {PPU[1] Thread (CPUThread)[0x000caf2c]} sys_mutex warning: *** mutex created [] (protocol=0x2, recursive=true): id = 131
HLE: W {PPU[1] Thread (CPUThread)[0x000caf60]} sys_cond warning: *** condition on recursive mutex(131)
HLE: W {PPU[1] Thread (CPUThread)[0x000caf60]} sys_cond warning: *** condition created [] (mutex_id=131): id = 132
HLE: ! {PPU[1] Thread (CPUThread)[0x0100a028]} sys_ppu_thread: *** New PPU Thread [CriThread] (joinable, entry=0x4f37f0): id = 133
HLE: W {PPU[1] Thread (CPUThread)[0x0100a04c]} sys_lwmutex warning: sys_lwmutex_create(lwmutex_addr=0x302c26a0, attr_addr=0xd000f400)
HLE: ! {PPU[1] Thread (CPUThread)[0x0100a04c]} sys_lwmutex: *** lwmutex created [] (attribute=0x12): sq_id = 134
HLE: W {PPU[1] Thread (CPUThread)[0x0100a04c]} sys_lwmutex warning: sys_lwmutex_create(lwmutex_addr=0x302c2a20, attr_addr=0xd000f3c0)
HLE: ! {PPU[1] Thread (CPUThread)[0x0100a04c]} sys_lwmutex: *** lwmutex created [] (attribute=0x12): sq_id = 135
HLE: W {PPU[1] Thread (CPUThread)[0x0100a04c]} sys_lwmutex warning: sys_lwmutex_create(lwmutex_addr=0x302c3ef0, attr_addr=0xd000f3c0)
HLE: ! {PPU[1] Thread (CPUThread)[0x0100a04c]} sys_lwmutex: *** lwmutex created [] (attribute=0x12): sq_id = 136
HLE: W {PPU[1] Thread (CPUThread)[0x0100a04c]} sys_lwmutex warning: sys_lwmutex_create(lwmutex_addr=0x302cb360, attr_addr=0xd000f3d0)
HLE: ! {PPU[1] Thread (CPUThread)[0x0100a04c]} sys_lwmutex: *** lwmutex created [] (attribute=0x12): sq_id = 137
HLE: W {PPU[1] Thread (CPUThread)[0x0100a04c]} sys_lwmutex warning: sys_lwmutex_create(lwmutex_addr=0x302cb940, attr_addr=0xd000f3d0)
HLE: ! {PPU[1] Thread (CPUThread)[0x0100a04c]} sys_lwmutex: *** lwmutex created [] (attribute=0x12): sq_id = 138
HLE: W {PPU[1] Thread (CPUThread)[0x0100a04c]} sys_lwmutex warning: sys_lwmutex_create(lwmutex_addr=0x588468, attr_addr=0xd000f460)
HLE: ! {PPU[1] Thread (CPUThread)[0x0100a04c]} sys_lwmutex: *** lwmutex created [] (attribute=0x12): sq_id = 139
HLE: W {PPU[1] Thread (CPUThread)[0x0100a04c]} sys_lwmutex warning: sys_lwmutex_create(lwmutex_addr=0x5884b0, attr_addr=0xd000f460)
HLE: ! {PPU[1] Thread (CPUThread)[0x0100a04c]} sys_lwmutex: *** lwmutex created [] (attribute=0x12): sq_id = 140
HLE: W {PPU[1] Thread (CPUThread)[0x0100a04c]} sys_lwmutex warning: sys_lwmutex_create(lwmutex_addr=0x5884f8, attr_addr=0xd000f460)
HLE: ! {PPU[1] Thread (CPUThread)[0x0100a04c]} sys_lwmutex: *** lwmutex created [] (attribute=0x12): sq_id = 141
HLE: W {PPU[1] Thread (CPUThread)[0x0100a04c]} sys_lwmutex warning: sys_lwmutex_create(lwmutex_addr=0x588540, attr_addr=0xd000f460)
HLE: ! {PPU[1] Thread (CPUThread)[0x0100a04c]} sys_lwmutex: *** lwmutex created [] (attribute=0x12): sq_id = 142
HLE: W {PPU[1] Thread (CPUThread)[0x0100a04c]} sys_lwmutex warning: sys_lwmutex_create(lwmutex_addr=0x302ce398, attr_addr=0xd000f3f0)
HLE: ! {PPU[1] Thread (CPUThread)[0x0100a04c]} sys_lwmutex: *** lwmutex created [] (attribute=0x12): sq_id = 143
HLE: W {PPU[1] Thread (CPUThread)[0x0100a04c]} sys_lwmutex warning: sys_lwmutex_create(lwmutex_addr=0x302d0718, attr_addr=0xd000f3e0)
HLE: ! {PPU[1] Thread (CPUThread)[0x0100a04c]} sys_lwmutex: *** lwmutex created [] (attribute=0x12): sq_id = 144
HLE: W {PPU[1] Thread (CPUThread)[0x0100a04c]} sys_lwmutex warning: sys_lwmutex_create(lwmutex_addr=0x52cea8, attr_addr=0xd000f4b0)
HLE: ! {PPU[1] Thread (CPUThread)[0x0100a04c]} sys_lwmutex: *** lwmutex created [] (attribute=0x12): sq_id = 145
HLE: W {PPU[1] Thread (CPUThread)[0x0005a9bc]} sys_mutex warning: *** mutex created [] (protocol=0x2, recursive=true): id = 146
HLE: W {PPU[1] Thread (CPUThread)[0x0005a9f0]} sys_cond warning: *** condition on recursive mutex(146)
HLE: W {PPU[1] Thread (CPUThread)[0x0005a9f0]} sys_cond warning: *** condition created [] (mutex_id=146): id = 147
HLE: W {PPU[1] Thread (CPUThread)[0x0100a04c]} sys_lwmutex warning: sys_lwmutex_create(lwmutex_addr=0x52c0c0, attr_addr=0xd000f460)
HLE: ! {PPU[1] Thread (CPUThread)[0x0100a04c]} sys_lwmutex: *** lwmutex created [] (attribute=0x12): sq_id = 148
HLE: ! {PPU[1] Thread (CPUThread)[0x0100a028]} sys_ppu_thread: *** New PPU Thread [cri_dlg] (joinable, entry=0x4f2f60): id = 149
HLE: W {PPU[1] Thread (CPUThread)[0x0100a04c]} sys_lwmutex warning: sys_lwmutex_create(lwmutex_addr=0xfb87a0, attr_addr=0xd000f540)
HLE: ! {PPU[1] Thread (CPUThread)[0x0100a04c]} sys_lwmutex: *** lwmutex created [] (attribute=0x12): sq_id = 150
HLE: W {PPU[1] Thread (CPUThread)[0x0100a04c]} sys_lwmutex warning: sys_lwmutex_create(lwmutex_addr=0x52caf8, attr_addr=0xd000f4c0)
HLE: ! {PPU[1] Thread (CPUThread)[0x0100a04c]} sys_lwmutex: *** lwmutex created [] (attribute=0x12): sq_id = 151
HLE: W {PPU[1] Thread (CPUThread)[0x0100a04c]} sys_lwmutex warning: sys_lwmutex_create(lwmutex_addr=0x52cee0, attr_addr=0xd000f4c0)
HLE: ! {PPU[1] Thread (CPUThread)[0x0100a04c]} sys_lwmutex: *** lwmutex created [] (attribute=0x12): sq_id = 152
HLE: W {PPU[1] Thread (CPUThread)[0x0005a9bc]} sys_mutex warning: *** mutex created [] (protocol=0x2, recursive=true): id = 153
HLE: W {PPU[1] Thread (CPUThread)[0x0005a9f0]} sys_cond warning: *** condition on recursive mutex(153)
HLE: W {PPU[1] Thread (CPUThread)[0x0005a9f0]} sys_cond warning: *** condition created [] (mutex_id=153): id = 154
HLE: W {PPU[1] Thread (CPUThread)[0x0100a04c]} sys_lwmutex warning: sys_lwmutex_create(lwmutex_addr=0x52c058, attr_addr=0xd000f370)
HLE: ! {PPU[1] Thread (CPUThread)[0x0100a04c]} sys_lwmutex: *** lwmutex created [] (attribute=0x12): sq_id = 155
HLE: ! {PPU[1] Thread (CPUThread)[0x0100a028]} sys_ppu_thread: *** New PPU Thread [cri_dlg] (joinable, entry=0x4f2f60): id = 156
HLE: W {PPU[1] Thread (CPUThread)[0x0100a04c]} sys_lwmutex warning: sys_lwmutex_create(lwmutex_addr=0xfc0728, attr_addr=0xd000f4d0)
HLE: ! {PPU[1] Thread (CPUThread)[0x0100a04c]} sys_lwmutex: *** lwmutex created [] (attribute=0x12): sq_id = 157
HLE: W {PPU[1] Thread (CPUThread)[0x0100a04c]} sys_lwmutex warning: sys_lwmutex_create(lwmutex_addr=0x5899c0, attr_addr=0xd000f510)
HLE: ! {PPU[1] Thread (CPUThread)[0x0100a04c]} sys_lwmutex: *** lwmutex created [] (attribute=0x12): sq_id = 158
HLE: W {PPU[1] Thread (CPUThread)[0x00114a00]} sys_mutex warning: *** mutex created [] (protocol=0x2, recursive=true): id = 159
HLE: ! {PPU[1] Thread (CPUThread)[0x0100a028]} sys_ppu_thread: *** New PPU Thread [HDD Cache Server] (joinable, entry=0x4e8ed8): id = 160
HLE: W {PPU[160] Thread (HDD Cache Server)[0x00fe8034]} cellSysutil warning: cellSysCacheMount(param_addr=0x3b0a7040)
HLE: W {PPU[1] Thread (CPUThread)[0x00ff201c]} cellSysmodule warning: cellSysmoduleIsLoaded(CELL_SYSMODULE_AUDIO)
HLE: W {PPU[1] Thread (CPUThread)[0x00ff2010]} cellSysmodule warning: cellSysmoduleLoadModule(CELL_SYSMODULE_AUDIO)
HLE: W {PPU[1] Thread (CPUThread)[0x00fe8088]} cellSysutil warning: cellAudioOutConfigure(audioOut=0, config_addr=0xd000f614, option_addr=0x0, waitForEvent=0)
HLE: W {PPU[1] Thread (CPUThread)[0x00ffe004]} cellAudio warning: cellAudioInit()
HLE: ! {Audio Thread} cellAudio: Audio thread started
HLE: W {PPU[160] Thread (HDD Cache Server)[0x00fe80b8]} cellSysutil warning: cellSysCacheClear()
HLE: W {PPU[160] Thread (HDD Cache Server)[0x00ff0040]} sys_fs warning: cellFsStat(path="/dev_hdd1/cache/BLES00971//cache", sb_addr=0xd012f6b0)
HLE: W {PPU[160] Thread (HDD Cache Server)[0x00ff0040]} sys_fs warning: cellFsStat: "/dev_hdd1/cache/BLES00971//cache" not found.
HLE: W {PPU[160] Thread (HDD Cache Server)[0x00ff007c]} sys_fs warning: cellFsMkdir(path="/dev_hdd1/cache/BLES00971//cache", mode=0x1c0)
HLE: W {PPU[1] Thread (CPUThread)[0x0100a0e8]} sysPrxForUser warning: _sys_heap_create_heap(heap_addr=0x479c30, align=0x20000, size=0x110000)
HLE: W {PPU[1] Thread (CPUThread)[0x0100a0e8]} sysPrxForUser warning: *** sys_heap created: id = 161
HLE: W {PPU[1] Thread (CPUThread)[0x0100a07c]} sysPrxForUser warning: _sys_heap_memalign(heap_id=161, align=0x10, size=0x1080)
HLE: W {PPU[1] Thread (CPUThread)[0x0100a04c]} sys_lwmutex warning: sys_lwmutex_create(lwmutex_addr=0x300d8640, attr_addr=0x300d8658)
HLE: ! {PPU[1] Thread (CPUThread)[0x0100a04c]} sys_lwmutex: *** lwmutex created [_mxr004] (attribute=0x22): sq_id = 162
HLE: W {PPU[1] Thread (CPUThread)[0x0100a07c]} sysPrxForUser warning: _sys_heap_memalign(heap_id=161, align=0x10, size=0x8280)
HLE: W {PPU[1] Thread (CPUThread)[0x00031398]} sys_mutex warning: *** mutex created [_mxr005] (protocol=0x2, recursive=false): id = 163
HLE: W {PPU[1] Thread (CPUThread)[0x000313bc]} sys_cond warning: *** condition created [] (mutex_id=163): id = 164
HLE: W {PPU[1] Thread (CPUThread)[0x00031448]} sys_mutex warning: *** mutex created [_mxr007] (protocol=0x2, recursive=false): id = 165
HLE: W {PPU[1] Thread (CPUThread)[0x0003146c]} sys_cond warning: *** condition created [] (mutex_id=165): id = 166
HLE: W {PPU[1] Thread (CPUThread)[0x000314f0]} sys_mutex warning: *** mutex created [_mxr009] (protocol=0x2, recursive=false): id = 167
HLE: W {PPU[1] Thread (CPUThread)[0x00031514]} sys_cond warning: *** condition created [] (mutex_id=167): id = 168
HLE: ! {PPU[1] Thread (CPUThread)[0x0100a028]} sys_ppu_thread: *** New PPU Thread [_sys_mixerSurBusReq] (non-joinable, entry=0x4f2be8): id = 169
HLE: W {PPU[1] Thread (CPUThread)[0x0100a04c]} sys_lwmutex warning: sys_lwmutex_create(lwmutex_addr=0x51db88, attr_addr=0x51dba8)
HLE: ! {PPU[1] Thread (CPUThread)[0x0100a04c]} sys_lwmutex: *** lwmutex created [_mxr001] (attribute=0x22): sq_id = 170
HLE: W {PPU[1] Thread (CPUThread)[0x0100a04c]} sys_lwmutex warning: sys_lwmutex_create(lwmutex_addr=0x51db60, attr_addr=0x51dbb8)
HLE: ! {PPU[1] Thread (CPUThread)[0x0100a04c]} sys_lwmutex: *** lwmutex created [_mxr002] (attribute=0x22): sq_id = 171
HLE: ! {PPU[1] Thread (CPUThread)[0x0100a028]} sys_ppu_thread: *** New PPU Thread [_cellsurMixerMain] (non-joinable, entry=0x4f2c28): id = 172
HLE: W {PPU[172] Thread (_cellsurMixerMain)[0x00032e20]} sys_event warning: sys_event_queue_create(equeue_id_addr=0x51dba4, attr_addr=0x51ec50, event_queue_key=0x8000cafe02460300, size=2)
HLE: W {PPU[1] Thread (CPUThread)[0x0100a04c]} sys_lwmutex warning: sys_lwmutex_create(lwmutex_addr=0x51d6b0, attr_addr=0x51dbd4)
HLE: W {PPU[172] Thread (_cellsurMixerMain)[0x00032e20]} sys_event warning: *** event_queue created [_mxr000] (protocol=0x1, type=0x1, key=0x8000cafe02460300, size=0x2): id = 173
HLE: ! {PPU[1] Thread (CPUThread)[0x0100a04c]} sys_lwmutex: *** lwmutex created [_mxr003] (attribute=0x22): sq_id = 174
HLE: W {PPU[1] Thread (CPUThread)[0x00ffe064]} cellAudio warning: cellAudioPortOpen(audioParam_addr=0x51dbe8, portNum_addr=0x51db58)
HLE: W {PPU[1] Thread (CPUThread)[0x00ffe064]} cellAudio warning: *** audio port opened(nChannel=8, nBlock=8, attr=0x0, level=1.000000): port = 0
HLE: W {PPU[1] Thread (CPUThread)[0x00ffe04c]} cellAudio warning: cellAudioGetPortConfig(portNum=0x0, portConfig_addr=0x51dc08)
HLE: W {PPU[1] Thread (CPUThread)[0x0100a04c]} sys_lwmutex warning: sys_lwmutex_create(lwmutex_addr=0x52c698, attr_addr=0xd000f440)
HLE: ! {PPU[1] Thread (CPUThread)[0x0100a04c]} sys_lwmutex: *** lwmutex created [] (attribute=0x12): sq_id = 175
HLE: W {PPU[1] Thread (CPUThread)[0x0100a04c]} sys_lwmutex warning: sys_lwmutex_create(lwmutex_addr=0x51ee90, attr_addr=0xd000f460)
HLE: ! {PPU[1] Thread (CPUThread)[0x0100a04c]} sys_lwmutex: *** lwmutex created [] (attribute=0x12): sq_id = 176
HLE: W {PPU[1] Thread (CPUThread)[0x0003856c]} sys_mutex warning: *** mutex created [] (protocol=0x2, recursive=true): id = 177
HLE: W {PPU[1] Thread (CPUThread)[0x000385a4]} sys_cond warning: *** condition on recursive mutex(177)
HLE: W {PPU[1] Thread (CPUThread)[0x000385a4]} sys_cond warning: *** condition created [] (mutex_id=177): id = 178
HLE: W {PPU[1] Thread (CPUThread)[0x0003856c]} sys_mutex warning: *** mutex created [] (protocol=0x2, recursive=true): id = 179
HLE: W {PPU[1] Thread (CPUThread)[0x000385a4]} sys_cond warning: *** condition on recursive mutex(179)
HLE: W {PPU[1] Thread (CPUThread)[0x000385a4]} sys_cond warning: *** condition created [] (mutex_id=179): id = 180
HLE: W {PPU[1] Thread (CPUThread)[0x0003856c]} sys_mutex warning: *** mutex created [] (protocol=0x2, recursive=true): id = 181
HLE: W {PPU[1] Thread (CPUThread)[0x000385a4]} sys_cond warning: *** condition on recursive mutex(181)
HLE: W {PPU[1] Thread (CPUThread)[0x000385a4]} sys_cond warning: *** condition created [] (mutex_id=181): id = 182
HLE: W {PPU[1] Thread (CPUThread)[0x0003856c]} sys_mutex warning: *** mutex created [] (protocol=0x2, recursive=true): id = 183
HLE: W {PPU[1] Thread (CPUThread)[0x000385a4]} sys_cond warning: *** condition on recursive mutex(183)
HLE: W {PPU[1] Thread (CPUThread)[0x000385a4]} sys_cond warning: *** condition created [] (mutex_id=183): id = 184
HLE: W {PPU[1] Thread (CPUThread)[0x0100a04c]} sys_lwmutex warning: sys_lwmutex_create(lwmutex_addr=0x52c9c0, attr_addr=0xd000f390)
HLE: ! {PPU[1] Thread (CPUThread)[0x0100a04c]} sys_lwmutex: *** lwmutex created [] (attribute=0x12): sq_id = 185
HLE: W {PPU[1] Thread (CPUThread)[0x0100a04c]} sys_lwmutex warning: sys_lwmutex_create(lwmutex_addr=0x52c9e0, attr_addr=0xd000f390)
HLE: ! {PPU[1] Thread (CPUThread)[0x0100a04c]} sys_lwmutex: *** lwmutex created [] (attribute=0x12): sq_id = 186
HLE: W {PPU[1] Thread (CPUThread)[0x0100a04c]} sys_lwmutex warning: sys_lwmutex_create(lwmutex_addr=0x52ca00, attr_addr=0xd000f390)
HLE: ! {PPU[1] Thread (CPUThread)[0x0100a04c]} sys_lwmutex: *** lwmutex created [] (attribute=0x12): sq_id = 187
HLE: W {PPU[1] Thread (CPUThread)[0x0100a04c]} sys_lwmutex warning: sys_lwmutex_create(lwmutex_addr=0x52ca20, attr_addr=0xd000f390)
HLE: ! {PPU[1] Thread (CPUThread)[0x0100a04c]} sys_lwmutex: *** lwmutex created [] (attribute=0x12): sq_id = 188
HLE: W {PPU[1] Thread (CPUThread)[0x0100a04c]} sys_lwmutex warning: sys_lwmutex_create(lwmutex_addr=0x52ca40, attr_addr=0xd000f390)
HLE: ! {PPU[1] Thread (CPUThread)[0x0100a04c]} sys_lwmutex: *** lwmutex created [] (attribute=0x12): sq_id = 189
HLE: W {PPU[1] Thread (CPUThread)[0x0100a04c]} sys_lwmutex warning: sys_lwmutex_create(lwmutex_addr=0x52ca60, attr_addr=0xd000f390)
HLE: ! {PPU[1] Thread (CPUThread)[0x0100a04c]} sys_lwmutex: *** lwmutex created [] (attribute=0x12): sq_id = 190
HLE: W {PPU[1] Thread (CPUThread)[0x0100a04c]} sys_lwmutex warning: sys_lwmutex_create(lwmutex_addr=0x52ca80, attr_addr=0xd000f390)
HLE: ! {PPU[1] Thread (CPUThread)[0x0100a04c]} sys_lwmutex: *** lwmutex created [] (attribute=0x12): sq_id = 191
HLE: W {PPU[1] Thread (CPUThread)[0x0100a04c]} sys_lwmutex warning: sys_lwmutex_create(lwmutex_addr=0x52caa0, attr_addr=0xd000f390)
HLE: ! {PPU[1] Thread (CPUThread)[0x0100a04c]} sys_lwmutex: *** lwmutex created [] (attribute=0x12): sq_id = 192
HLE: W {PPU[1] Thread (CPUThread)[0x0100a04c]} sys_lwmutex warning: sys_lwmutex_create(lwmutex_addr=0x51ef00, attr_addr=0xd000f380)
HLE: ! {PPU[1] Thread (CPUThread)[0x0100a04c]} sys_lwmutex: *** lwmutex created [] (attribute=0x12): sq_id = 193
HLE: ! {PPU[1] Thread (CPUThread)[0x0100a028]} sys_ppu_thread: *** New PPU Thread [cri_adxm_vv_proc] (joinable, entry=0x4f2cc0): id = 194
HLE: W {PPU[1] Thread (CPUThread)[0x0100a04c]} sys_lwmutex warning: sys_lwmutex_create(lwmutex_addr=0x51ef70, attr_addr=0xd000f380)
HLE: ! {PPU[1] Thread (CPUThread)[0x0100a04c]} sys_lwmutex: *** lwmutex created [] (attribute=0x12): sq_id = 195
HLE: ! {PPU[1] Thread (CPUThread)[0x0100a028]} sys_ppu_thread: *** New PPU Thread [cri_adxm_vsync_proc] (joinable, entry=0x4f2cc0): id = 196
HLE: W {PPU[1] Thread (CPUThread)[0x0100a04c]} sys_lwmutex warning: sys_lwmutex_create(lwmutex_addr=0x51efe0, attr_addr=0xd000f380)
HLE: ! {PPU[1] Thread (CPUThread)[0x0100a04c]} sys_lwmutex: *** lwmutex created [] (attribute=0x12): sq_id = 197
HLE: ! {PPU[1] Thread (CPUThread)[0x0100a028]} sys_ppu_thread: *** New PPU Thread [cri_adxm_fs_proc] (joinable, entry=0x4f2cc0): id = 198
HLE: W {PPU[1] Thread (CPUThread)[0x0100a04c]} sys_lwmutex warning: sys_lwmutex_create(lwmutex_addr=0x51f050, attr_addr=0xd000f380)
HLE: ! {PPU[1] Thread (CPUThread)[0x0100a04c]} sys_lwmutex: *** lwmutex created [] (attribute=0x12): sq_id = 199
HLE: ! {PPU[1] Thread (CPUThread)[0x0100a028]} sys_ppu_thread: *** New PPU Thread [cri_adxm_idle_proc] (joinable, entry=0x4f2cc0): id = 200
HLE: W {PPU[1] Thread (CPUThread)[0x00ffe058]} cellAudio warning: cellAudioPortStart(portNum=0x0)
HLE: W {PPU[1] Thread (CPUThread)[0x00ffe01c]} cellAudio warning: cellAudioSetNotifyEventQueue(key=0x8000cafe02460300)
HLE: W {PPU[1] Thread (CPUThread)[0x0100a04c]} sys_lwmutex warning: sys_lwmutex_create(lwmutex_addr=0x52cf40, attr_addr=0xd000f400)
HLE: ! {PPU[1] Thread (CPUThread)[0x0100a04c]} sys_lwmutex: *** lwmutex created [] (attribute=0x12): sq_id = 201
HLE: W {PPU[1] Thread (CPUThread)[0x0100a04c]} sys_lwmutex warning: sys_lwmutex_create(lwmutex_addr=0x302d85c8, attr_addr=0xd000f230)
HLE: ! {PPU[1] Thread (CPUThread)[0x0100a04c]} sys_lwmutex: *** lwmutex created [] (attribute=0x12): sq_id = 202
HLE: W {PPU[1] Thread (CPUThread)[0x0100a04c]} sys_lwmutex warning: sys_lwmutex_create(lwmutex_addr=0x302de718, attr_addr=0xd000f230)
HLE: ! {PPU[1] Thread (CPUThread)[0x0100a04c]} sys_lwmutex: *** lwmutex created [] (attribute=0x12): sq_id = 203
HLE: W {PPU[1] Thread (CPUThread)[0x0100a04c]} sys_lwmutex warning: sys_lwmutex_create(lwmutex_addr=0x302e4868, attr_addr=0xd000f230)
HLE: ! {PPU[1] Thread (CPUThread)[0x0100a04c]} sys_lwmutex: *** lwmutex created [] (attribute=0x12): sq_id = 204
HLE: W {PPU[1] Thread (CPUThread)[0x0100a04c]} sys_lwmutex warning: sys_lwmutex_create(lwmutex_addr=0x302ea9b8, attr_addr=0xd000f230)
HLE: ! {PPU[1] Thread (CPUThread)[0x0100a04c]} sys_lwmutex: *** lwmutex created [] (attribute=0x12): sq_id = 205
HLE: W {PPU[1] Thread (CPUThread)[0x0100a04c]} sys_lwmutex warning: sys_lwmutex_create(lwmutex_addr=0x302f0b08, attr_addr=0xd000f230)
HLE: ! {PPU[1] Thread (CPUThread)[0x0100a04c]} sys_lwmutex: *** lwmutex created [] (attribute=0x12): sq_id = 206
HLE: W {PPU[1] Thread (CPUThread)[0x0100a04c]} sys_lwmutex warning: sys_lwmutex_create(lwmutex_addr=0x302f6c58, attr_addr=0xd000f230)
HLE: ! {PPU[1] Thread (CPUThread)[0x0100a04c]} sys_lwmutex: *** lwmutex created [] (attribute=0x12): sq_id = 207
HLE: W {PPU[1] Thread (CPUThread)[0x0100a04c]} sys_lwmutex warning: sys_lwmutex_create(lwmutex_addr=0x302fcda8, attr_addr=0xd000f230)
HLE: ! {PPU[1] Thread (CPUThread)[0x0100a04c]} sys_lwmutex: *** lwmutex created [] (attribute=0x12): sq_id = 208
HLE: W {PPU[1] Thread (CPUThread)[0x0100a04c]} sys_lwmutex warning: sys_lwmutex_create(lwmutex_addr=0x30302ef8, attr_addr=0xd000f230)
HLE: ! {PPU[1] Thread (CPUThread)[0x0100a04c]} sys_lwmutex: *** lwmutex created [] (attribute=0x12): sq_id = 209
HLE: W {PPU[1] Thread (CPUThread)[0x0100a04c]} sys_lwmutex warning: sys_lwmutex_create(lwmutex_addr=0x30309048, attr_addr=0xd000f230)
HLE: ! {PPU[1] Thread (CPUThread)[0x0100a04c]} sys_lwmutex: *** lwmutex created [] (attribute=0x12): sq_id = 210
HLE: W {PPU[1] Thread (CPUThread)[0x0100a04c]} sys_lwmutex warning: sys_lwmutex_create(lwmutex_addr=0x3030f198, attr_addr=0xd000f230)
HLE: ! {PPU[1] Thread (CPUThread)[0x0100a04c]} sys_lwmutex: *** lwmutex created [] (attribute=0x12): sq_id = 211
HLE: W {PPU[1] Thread (CPUThread)[0x0100a04c]} sys_lwmutex warning: sys_lwmutex_create(lwmutex_addr=0x303152e8, attr_addr=0xd000f230)
HLE: ! {PPU[1] Thread (CPUThread)[0x0100a04c]} sys_lwmutex: *** lwmutex created [] (attribute=0x12): sq_id = 212
HLE: W {PPU[1] Thread (CPUThread)[0x0100a04c]} sys_lwmutex warning: sys_lwmutex_create(lwmutex_addr=0x3031b438, attr_addr=0xd000f230)
HLE: ! {PPU[1] Thread (CPUThread)[0x0100a04c]} sys_lwmutex: *** lwmutex created [] (attribute=0x12): sq_id = 213
HLE: W {PPU[1] Thread (CPUThread)[0x0100a04c]} sys_lwmutex warning: sys_lwmutex_create(lwmutex_addr=0x30321588, attr_addr=0xd000f230)
HLE: ! {PPU[1] Thread (CPUThread)[0x0100a04c]} sys_lwmutex: *** lwmutex created [] (attribute=0x12): sq_id = 214
HLE: W {PPU[1] Thread (CPUThread)[0x0100a04c]} sys_lwmutex warning: sys_lwmutex_create(lwmutex_addr=0x303276d8, attr_addr=0xd000f230)
HLE: ! {PPU[1] Thread (CPUThread)[0x0100a04c]} sys_lwmutex: *** lwmutex created [] (attribute=0x12): sq_id = 215
HLE: W {PPU[1] Thread (CPUThread)[0x0100a04c]} sys_lwmutex warning: sys_lwmutex_create(lwmutex_addr=0x3032d828, attr_addr=0xd000f230)
HLE: ! {PPU[1] Thread (CPUThread)[0x0100a04c]} sys_lwmutex: *** lwmutex created [] (attribute=0x12): sq_id = 216
HLE: W {PPU[1] Thread (CPUThread)[0x0100a04c]} sys_lwmutex warning: sys_lwmutex_create(lwmutex_addr=0x30333978, attr_addr=0xd000f230)
HLE: ! {PPU[1] Thread (CPUThread)[0x0100a04c]} sys_lwmutex: *** lwmutex created [] (attribute=0x12): sq_id = 217
HLE: W {PPU[1] Thread (CPUThread)[0x0100a04c]} sys_lwmutex warning: sys_lwmutex_create(lwmutex_addr=0x30339ac8, attr_addr=0xd000f230)
HLE: ! {PPU[1] Thread (CPUThread)[0x0100a04c]} sys_lwmutex: *** lwmutex created [] (attribute=0x12): sq_id = 218
HLE: W {PPU[1] Thread (CPUThread)[0x0100a04c]} sys_lwmutex warning: sys_lwmutex_create(lwmutex_addr=0x3033fc18, attr_addr=0xd000f230)
HLE: ! {PPU[1] Thread (CPUThread)[0x0100a04c]} sys_lwmutex: *** lwmutex created [] (attribute=0x12): sq_id = 219
HLE: W {PPU[1] Thread (CPUThread)[0x0100a04c]} sys_lwmutex warning: sys_lwmutex_create(lwmutex_addr=0x30345d68, attr_addr=0xd000f230)
HLE: ! {PPU[1] Thread (CPUThread)[0x0100a04c]} sys_lwmutex: *** lwmutex created [] (attribute=0x12): sq_id = 220
HLE: W {PPU[1] Thread (CPUThread)[0x0100a04c]} sys_lwmutex warning: sys_lwmutex_create(lwmutex_addr=0x3034beb8, attr_addr=0xd000f230)
HLE: ! {PPU[1] Thread (CPUThread)[0x0100a04c]} sys_lwmutex: *** lwmutex created [] (attribute=0x12): sq_id = 221
HLE: W {PPU[1] Thread (CPUThread)[0x0100a04c]} sys_lwmutex warning: sys_lwmutex_create(lwmutex_addr=0x3034bed8, attr_addr=0xd000f320)
HLE: ! {PPU[1] Thread (CPUThread)[0x0100a04c]} sys_lwmutex: *** lwmutex created [] (attribute=0x12): sq_id = 222
HLE: W {PPU[1] Thread (CPUThread)[0x0100a04c]} sys_lwmutex warning: sys_lwmutex_create(lwmutex_addr=0x52d3d8, attr_addr=0xd000f410)
HLE: ! {PPU[1] Thread (CPUThread)[0x0100a04c]} sys_lwmutex: *** lwmutex created [] (attribute=0x12): sq_id = 223
HLE: W {PPU[1] Thread (CPUThread)[0x0100a04c]} sys_lwmutex warning: sys_lwmutex_create(lwmutex_addr=0x52d3b8, attr_addr=0xd000f410)
HLE: ! {PPU[1] Thread (CPUThread)[0x0100a04c]} sys_lwmutex: *** lwmutex created [] (attribute=0x12): sq_id = 224
HLE: W {PPU[1] Thread (CPUThread)[0x0100a04c]} sys_lwmutex warning: sys_lwmutex_create(lwmutex_addr=0x52cf98, attr_addr=0xd000f410)
HLE: ! {PPU[1] Thread (CPUThread)[0x0100a04c]} sys_lwmutex: *** lwmutex created [] (attribute=0x12): sq_id = 225
HLE: W {PPU[1] Thread (CPUThread)[0x0100a04c]} sys_lwmutex warning: sys_lwmutex_create(lwmutex_addr=0x52cfb8, attr_addr=0xd000f410)
HLE: ! {PPU[1] Thread (CPUThread)[0x0100a04c]} sys_lwmutex: *** lwmutex created [] (attribute=0x12): sq_id = 226
HLE: W {PPU[1] Thread (CPUThread)[0x0100a04c]} sys_lwmutex warning: sys_lwmutex_create(lwmutex_addr=0x52cfd8, attr_addr=0xd000f410)
HLE: ! {PPU[1] Thread (CPUThread)[0x0100a04c]} sys_lwmutex: *** lwmutex created [] (attribute=0x12): sq_id = 227
HLE: W {PPU[1] Thread (CPUThread)[0x0100a04c]} sys_lwmutex warning: sys_lwmutex_create(lwmutex_addr=0x52cff8, attr_addr=0xd000f410)
HLE: ! {PPU[1] Thread (CPUThread)[0x0100a04c]} sys_lwmutex: *** lwmutex created [] (attribute=0x12): sq_id = 228
HLE: W {PPU[1] Thread (CPUThread)[0x0100a04c]} sys_lwmutex warning: sys_lwmutex_create(lwmutex_addr=0x52d018, attr_addr=0xd000f410)
HLE: ! {PPU[1] Thread (CPUThread)[0x0100a04c]} sys_lwmutex: *** lwmutex created [] (attribute=0x12): sq_id = 229
HLE: W {PPU[1] Thread (CPUThread)[0x0100a04c]} sys_lwmutex warning: sys_lwmutex_create(lwmutex_addr=0x52d038, attr_addr=0xd000f410)
HLE: ! {PPU[1] Thread (CPUThread)[0x0100a04c]} sys_lwmutex: *** lwmutex created [] (attribute=0x12): sq_id = 230
HLE: W {PPU[1] Thread (CPUThread)[0x0100a04c]} sys_lwmutex warning: sys_lwmutex_create(lwmutex_addr=0x52d058, attr_addr=0xd000f410)
HLE: ! {PPU[1] Thread (CPUThread)[0x0100a04c]} sys_lwmutex: *** lwmutex created [] (attribute=0x12): sq_id = 231
HLE: W {PPU[1] Thread (CPUThread)[0x0100a04c]} sys_lwmutex warning: sys_lwmutex_create(lwmutex_addr=0x52d078, attr_addr=0xd000f410)
HLE: ! {PPU[1] Thread (CPUThread)[0x0100a04c]} sys_lwmutex: *** lwmutex created [] (attribute=0x12): sq_id = 232
HLE: W {PPU[1] Thread (CPUThread)[0x0005a9bc]} sys_mutex warning: *** mutex created [] (protocol=0x2, recursive=true): id = 233
HLE: W {PPU[1] Thread (CPUThread)[0x0005a9f0]} sys_cond warning: *** condition on recursive mutex(233)
HLE: W {PPU[1] Thread (CPUThread)[0x0005a9f0]} sys_cond warning: *** condition created [] (mutex_id=233): id = 234
HLE: W {PPU[1] Thread (CPUThread)[0x0100a04c]} sys_lwmutex warning: sys_lwmutex_create(lwmutex_addr=0x5848b0, attr_addr=0xd000ef70)
HLE: ! {PPU[1] Thread (CPUThread)[0x0100a04c]} sys_lwmutex: *** lwmutex created [] (attribute=0x12): sq_id = 235
HLE: ! {PPU[1] Thread (CPUThread)[0x0100a028]} sys_ppu_thread: *** New PPU Thread [cri_dlg] (joinable, entry=0x4f2f60): id = 236
HLE: W {PPU[1] Thread (CPUThread)[0x0100a04c]} sys_lwmutex warning: sys_lwmutex_create(lwmutex_addr=0x52d428, attr_addr=0xd000f320)
HLE: ! {PPU[1] Thread (CPUThread)[0x0100a04c]} sys_lwmutex: *** lwmutex created [] (attribute=0x12): sq_id = 237
HLE: W {PPU[1] Thread (CPUThread)[0x0100a04c]} sys_lwmutex warning: sys_lwmutex_create(lwmutex_addr=0x52e4f8, attr_addr=0xd000f380)
HLE: ! {PPU[1] Thread (CPUThread)[0x0100a04c]} sys_lwmutex: *** lwmutex created [] (attribute=0x12): sq_id = 238
PPU: ! {PPULLVMRecompiler} Removed 1 old versions
HLE: W {PPU[1] Thread (CPUThread)[0x00fe8058]} cellSysutil warning: cellSysutilEnableBgmPlayback()
HLE: W {PPU[1] Thread (CPUThread)[0x00ff2010]} cellSysmodule warning: cellSysmoduleLoadModule(CELL_SYSMODULE_SYSUTIL_NP)
HLE: W {PPU[1] Thread (CPUThread)[0x010020b8]} sceNp warning: sceNpInit(mem_size=0x20000, mem_addr=0x3b5cef2b)
HLE: ! {PPU[1] Thread (CPUThread)[0x0100a028]} sys_ppu_thread: *** New PPU Thread [gdatGetPath] (non-joinable, entry=0x4ecea8): id = 239
HLE: W {PPU[239] Thread (gdatGetPath)[0x00ffc028]} cellGame warning: cellGameDataCheck(type=0x3, dirName_addr=0x3b5cee0c, size_addr=0xd01afde0)
HLE: W {PPU[239] Thread (gdatGetPath)[0x00ffc028]} cellGame warning: cellGameDataCheck(): '/dev_hdd0/game/BLES00971' directory not found
HLE: W {PPU[239] Thread (gdatGetPath)[0x00ffc004]} cellGame warning: cellGameContentPermit(contentInfoPath_addr=0x3b5ef02a, usrdirPath_addr=0x3b5eef2b)
HLE: W {PPU[239] Thread (gdatGetPath)[0x00ffc004]} cellGame warning: cellGameContentPermit(): CELL_GAME_ERROR_FAILURE (no permission given)
TTY: ( gdatGetPathThr )cellGameContentPermit failed -2147300574
TTY: CELL_GAME_ERROR_FAILURE 
TTY: ( gdatGetPathThr )contentInfoPath 
TTY: ( gdatGetPathThr )usrdirPath 
PPU: ! {PPULLVMRecompiler} Removed 22 old versions
HLE: ! {PPU[1] Thread (CPUThread)[0x0100a028]} sys_ppu_thread: *** New PPU Thread [EntryArchive] (non-joinable, entry=0x4e9470): id = 240
HLE: W {PPU[240] Thread (EntryArchive)[0x00ffc034]} cellGame warning: cellGameBootCheck(type_addr=0xd01bfaa4, attributes_addr=0xd01bfaa0, size_addr=0xd01bfaa8, dirName_addr=0xd01bfab8)
HLE: W {PPU[240] Thread (EntryArchive)[0x00ffc004]} cellGame warning: cellGameContentPermit(contentInfoPath_addr=0xd01bfb38, usrdirPath_addr=0xd01bfc50)
HLE: E {PPU[1] Thread (CPUThread)[0x00ff4088]} cellSpurs TODO: cellSpursReadyCountStore
HLE: W {PPU[1] Thread (CPUThread)[0x00ff4034]} cellSpurs warning: cellSpursWakeUp(spurs_addr=0x38100400)
HLE: E {PPU[1] Thread (CPUThread)[0x00ff4088]} cellSpurs TODO: cellSpursReadyCountStore
HLE: W {PPU[1] Thread (CPUThread)[0x00ff4034]} cellSpurs warning: cellSpursWakeUp(spurs_addr=0x38100400)
PPU: ! {PPULLVMRecompiler} Removed 1 old versions
HLE: ! {PPU[121] Thread (CriThread)[0x00ff0034]} sys_fs: "/dev_bdvd/PS3_GAME/USRDIR/contents/system.cpk" opened: fd = 241
HLE: W {PPU[121] Thread (CriThread)[0x00ff00a0]} sys_fs warning: cellFsFstat(fd=241, sb_addr=0xd00cf850)
HLE: W {PPU[121] Thread (CriThread)[0x00ff001c]} sys_fs warning: cellFsClose(fd=241)
HLE: ! {PPU[121] Thread (CriThread)[0x00ff0034]} sys_fs: "/dev_bdvd/PS3_GAME/USRDIR/contents/system.cpk" opened: fd = 242
HLE: W {PPU[121] Thread (CriThread)[0x00ff00a0]} sys_fs warning: cellFsFstat(fd=242, sb_addr=0xd00cf850)
HLE: ! {PPU[121] Thread (CriThread)[0x00ff0034]} sys_fs: "/dev_bdvd/PS3_GAME/USRDIR/contents/data.cpk" opened: fd = 243
HLE: W {PPU[121] Thread (CriThread)[0x00ff00a0]} sys_fs warning: cellFsFstat(fd=243, sb_addr=0xd00cf850)
HLE: W {PPU[121] Thread (CriThread)[0x00ff001c]} sys_fs warning: cellFsClose(fd=243)
HLE: ! {PPU[121] Thread (CriThread)[0x00ff0034]} sys_fs: "/dev_bdvd/PS3_GAME/USRDIR/contents/data.cpk" opened: fd = 244
HLE: W {PPU[121] Thread (CriThread)[0x00ff00a0]} sys_fs warning: cellFsFstat(fd=244, sb_addr=0xd00cf850)
RSX: W {RSXThread} TODO: NV4097_SET_ANTI_ALIASING_CONTROL: ffff0000
RSX: W {RSXThread} NV4097_SET_COLOR_MASK_MRT: fff0
RSX: E {RSXThread} TODO: CELL_GCM_NV4097_SET_SHADER_PACKER(0x0)
RSX: W {RSXThread} NV4097_SET_RENDER_ENABLE: Offset=000000, Mode=1
RSX: W {RSXThread} TODO: NV4097_SET_ZPASS_PIXEL_COUNT_ENABLE: 0
RSX: E {RSXThread} TODO: CELL_GCM_NV4097_SET_VERTEX_TEXTURE_CONTROL0(0x60000)
RSX: E {RSXThread} TODO: CELL_GCM_NV4097_SET_VERTEX_TEXTURE_FILTER(0x0)
RSX: E {RSXThread} TODO: CELL_GCM_NV4097_SET_VERTEX_TEXTURE_ADDRESS(0x101)
RSX: E {RSXThread} TODO: CELL_GCM_NV4097_SET_VERTEX_TEXTURE_BORDER_COLOR(0x0)
RSX: E {RSXThread} TODO: CELL_GCM_NV4097_SET_VERTEX_TEXTURE_CONTROL0 + 0x20(0x60000)
RSX: E {RSXThread} TODO: CELL_GCM_NV4097_SET_VERTEX_TEXTURE_FILTER + 0x20(0x0)
RSX: E {RSXThread} TODO: CELL_GCM_NV4097_SET_VERTEX_TEXTURE_ADDRESS + 0x20(0x101)
RSX: E {RSXThread} TODO: CELL_GCM_NV4097_SET_VERTEX_TEXTURE_BORDER_COLOR + 0x20(0x0)
RSX: E {RSXThread} TODO: CELL_GCM_NV4097_SET_VERTEX_TEXTURE_CONTROL0 + 0x40(0x60000)
RSX: E {RSXThread} TODO: CELL_GCM_NV4097_SET_VERTEX_TEXTURE_FILTER + 0x40(0x0)
RSX: E {RSXThread} TODO: CELL_GCM_NV4097_SET_VERTEX_TEXTURE_ADDRESS + 0x40(0x101)
RSX: E {RSXThread} TODO: CELL_GCM_NV4097_SET_VERTEX_TEXTURE_BORDER_COLOR + 0x40(0x0)
RSX: E {RSXThread} TODO: CELL_GCM_NV4097_SET_VERTEX_TEXTURE_CONTROL0 + 0x60(0x60000)
RSX: E {RSXThread} TODO: CELL_GCM_NV4097_SET_VERTEX_TEXTURE_FILTER + 0x60(0x0)
RSX: E {RSXThread} TODO: CELL_GCM_NV4097_SET_VERTEX_TEXTURE_ADDRESS + 0x60(0x101)
RSX: E {RSXThread} TODO: CELL_GCM_NV4097_SET_VERTEX_TEXTURE_BORDER_COLOR + 0x60(0x0)
RSX: W {RSXThread} TODO: NV4097_SET_WINDOW_OFFSET: x=0, y=0
RSX: W {RSXThread} TODO: NV4097_SET_ANTI_ALIASING_CONTROL: ffff0001
HLE: W {PPU[1] Thread (CPUThread)[0x00fec124]} cellGcmSys warning: cellGcmSetTileInfo(index=2, location=0, offset=23265280, size=3932160, pitch=5120, comp=0, base=0, bank=0)
HLE: W {PPU[1] Thread (CPUThread)[0x00fec064]} cellGcmSys warning: cellGcmBindTile(index=2)
RSX: W {RSXThread} TODO: NV4097_SET_WINDOW_OFFSET: x=0, y=0
RSX: W {RSXThread} TODO: NV4097_SET_ANTI_ALIASING_CONTROL: ffff0000
RSX: W {RSXThread} New FBO (1280x720)
RSX: W {RSXThread} NV4097_INVALIDATE_L2: 1
HLE: W {PPU[1] Thread (CPUThread)[0x00fec124]} cellGcmSys warning: cellGcmSetTileInfo(index=3, location=0, offset=27197440, size=3932160, pitch=5120, comp=0, base=0, bank=0)
HLE: W {PPU[1] Thread (CPUThread)[0x00fec064]} cellGcmSys warning: cellGcmBindTile(index=3)
RSX: W {RSXThread} TODO: NV4097_SET_WINDOW_OFFSET: x=0, y=0
RSX: W {RSXThread} NV4097_INVALIDATE_L2: 1
HLE: W {PPU[1] Thread (CPUThread)[0x00fec124]} cellGcmSys warning: cellGcmSetTileInfo(index=4, location=0, offset=31129600, size=983040, pitch=2560, comp=0, base=0, bank=0)
HLE: W {PPU[1] Thread (CPUThread)[0x00fec064]} cellGcmSys warning: cellGcmBindTile(index=4)
RSX: W {RSXThread} TODO: NV4097_SET_WINDOW_OFFSET: x=0, y=0
RSX: W {RSXThread} NV4097_INVALIDATE_L2: 1
HLE: W {PPU[1] Thread (CPUThread)[0x00fec124]} cellGcmSys warning: cellGcmSetTileInfo(index=5, location=0, offset=32112640, size=4194304, pitch=4096, comp=10, base=350, bank=2)
HLE: E {PPU[1] Thread (CPUThread)[0x00fec124]} cellGcmSys error: cellGcmSetTileInfo: bad compression mode! (10)
HLE: W {PPU[1] Thread (CPUThread)[0x00fec064]} cellGcmSys warning: cellGcmBindTile(index=5)
HLE: W {PPU[1] Thread (CPUThread)[0x00fec0d0]} cellGcmSys warning: cellGcmBindZcull(index=0)
RSX: W {RSXThread} TODO: NV4097_SET_WINDOW_OFFSET: x=0, y=0
RSX: W {RSXThread} NV4097_INVALIDATE_L2: 1
HLE: W {PPU[1] Thread (CPUThread)[0x00fec124]} cellGcmSys warning: cellGcmSetTileInfo(index=6, location=0, offset=36306944, size=3932160, pitch=5120, comp=10, base=414, bank=2)
HLE: E {PPU[1] Thread (CPUThread)[0x00fec124]} cellGcmSys error: cellGcmSetTileInfo: bad compression mode! (10)
HLE: W {PPU[1] Thread (CPUThread)[0x00fec064]} cellGcmSys warning: cellGcmBindTile(index=6)
HLE: W {PPU[1] Thread (CPUThread)[0x00fec0d0]} cellGcmSys warning: cellGcmBindZcull(index=1)
PPU: ! {PPULLVMRecompiler} Removed 13 old versions
RSX: W {RSXThread} TODO: NV4097_SET_WINDOW_OFFSET: x=0, y=0
RSX: W {RSXThread} NV4097_INVALIDATE_L2: 1
HLE: W {PPU[1] Thread (CPUThread)[0x00fec124]} cellGcmSys warning: cellGcmSetTileInfo(index=7, location=0, offset=40239104, size=983040, pitch=2560, comp=10, base=474, bank=2)
HLE: E {PPU[1] Thread (CPUThread)[0x00fec124]} cellGcmSys error: cellGcmSetTileInfo: bad compression mode! (10)
HLE: W {PPU[1] Thread (CPUThread)[0x00fec064]} cellGcmSys warning: cellGcmBindTile(index=7)
HLE: W {PPU[1] Thread (CPUThread)[0x00fec0d0]} cellGcmSys warning: cellGcmBindZcull(index=2)
HLE: ! {PPU[121] Thread (CriThread)[0x00ff0034]} sys_fs: "/dev_bdvd/PS3_GAME/USRDIR/contents/se.cpk" opened: fd = 245
HLE: W {PPU[121] Thread (CriThread)[0x00ff00a0]} sys_fs warning: cellFsFstat(fd=245, sb_addr=0xd00cf850)
PPU: ! {PPULLVMRecompiler} Removed 4 old versions
HLE: W {PPU[121] Thread (CriThread)[0x00ff001c]} sys_fs warning: cellFsClose(fd=245)
HLE: ! {PPU[121] Thread (CriThread)[0x00ff0034]} sys_fs: "/dev_bdvd/PS3_GAME/USRDIR/contents/se.cpk" opened: fd = 246
HLE: W {PPU[121] Thread (CriThread)[0x00ff00a0]} sys_fs warning: cellFsFstat(fd=246, sb_addr=0xd00cf850)
HLE: ! {PPU[121] Thread (CriThread)[0x00ff0034]} sys_fs: "/dev_bdvd/PS3_GAME/USRDIR/contents/bgm.cpk" opened: fd = 247
HLE: W {PPU[121] Thread (CriThread)[0x00ff00a0]} sys_fs warning: cellFsFstat(fd=247, sb_addr=0xd00cf850)
HLE: W {PPU[121] Thread (CriThread)[0x00ff001c]} sys_fs warning: cellFsClose(fd=247)
HLE: ! {PPU[121] Thread (CriThread)[0x00ff0034]} sys_fs: "/dev_bdvd/PS3_GAME/USRDIR/contents/bgm.cpk" opened: fd = 248
HLE: W {PPU[121] Thread (CriThread)[0x00ff00a0]} sys_fs warning: cellFsFstat(fd=248, sb_addr=0xd00cf850)
HLE: ! {PPU[121] Thread (CriThread)[0x00ff0034]} sys_fs: "/dev_bdvd/PS3_GAME/USRDIR/contents/voice.cpk" opened: fd = 249
HLE: W {PPU[121] Thread (CriThread)[0x00ff00a0]} sys_fs warning: cellFsFstat(fd=249, sb_addr=0xd00cf850)
HLE: W {PPU[121] Thread (CriThread)[0x00ff001c]} sys_fs warning: cellFsClose(fd=249)
HLE: ! {PPU[121] Thread (CriThread)[0x00ff0034]} sys_fs: "/dev_bdvd/PS3_GAME/USRDIR/contents/voice.cpk" opened: fd = 250
HLE: W {PPU[121] Thread (CriThread)[0x00ff00a0]} sys_fs warning: cellFsFstat(fd=250, sb_addr=0xd00cf850)
HLE: ! {PPU[121] Thread (CriThread)[0x00ff0034]} sys_fs: "/dev_bdvd/PS3_GAME/USRDIR/contents/voice2.cpk" opened: fd = 251
HLE: W {PPU[121] Thread (CriThread)[0x00ff00a0]} sys_fs warning: cellFsFstat(fd=251, sb_addr=0xd00cf850)
HLE: W {PPU[121] Thread (CriThread)[0x00ff001c]} sys_fs warning: cellFsClose(fd=251)
HLE: ! {PPU[121] Thread (CriThread)[0x00ff0034]} sys_fs: "/dev_bdvd/PS3_GAME/USRDIR/contents/voice2.cpk" opened: fd = 252
HLE: W {PPU[121] Thread (CriThread)[0x00ff00a0]} sys_fs warning: cellFsFstat(fd=252, sb_addr=0xd00cf850)
HLE: ! {PPU[121] Thread (CriThread)[0x00ff0034]} sys_fs: "/dev_bdvd/PS3_GAME/USRDIR/contents/movie2.cpk" opened: fd = 253
HLE: W {PPU[121] Thread (CriThread)[0x00ff00a0]} sys_fs warning: cellFsFstat(fd=253, sb_addr=0xd00cf850)
HLE: W {PPU[121] Thread (CriThread)[0x00ff001c]} sys_fs warning: cellFsClose(fd=253)
HLE: ! {PPU[121] Thread (CriThread)[0x00ff0034]} sys_fs: "/dev_bdvd/PS3_GAME/USRDIR/contents/movie2.cpk" opened: fd = 254
HLE: W {PPU[121] Thread (CriThread)[0x00ff00a0]} sys_fs warning: cellFsFstat(fd=254, sb_addr=0xd00cf850)
HLE: ! {PPU[121] Thread (CriThread)[0x00ff0034]} sys_fs: "/dev_bdvd/PS3_GAME/USRDIR/contents/movie.cpk" opened: fd = 255
HLE: W {PPU[121] Thread (CriThread)[0x00ff00a0]} sys_fs warning: cellFsFstat(fd=255, sb_addr=0xd00cf850)
HLE: W {PPU[121] Thread (CriThread)[0x00ff001c]} sys_fs warning: cellFsClose(fd=255)
HLE: ! {PPU[121] Thread (CriThread)[0x00ff0034]} sys_fs: "/dev_bdvd/PS3_GAME/USRDIR/contents/movie.cpk" opened: fd = 256
HLE: W {PPU[121] Thread (CriThread)[0x00ff00a0]} sys_fs warning: cellFsFstat(fd=256, sb_addr=0xd00cf850)
HLE: ! {PPU[121] Thread (CriThread)[0x00ff0034]} sys_fs: "/dev_bdvd/PS3_GAME/USRDIR/contents/effect.cpk" opened: fd = 257
HLE: W {PPU[121] Thread (CriThread)[0x00ff00a0]} sys_fs warning: cellFsFstat(fd=257, sb_addr=0xd00cf850)
HLE: W {PPU[121] Thread (CriThread)[0x00ff001c]} sys_fs warning: cellFsClose(fd=257)
HLE: ! {PPU[121] Thread (CriThread)[0x00ff0034]} sys_fs: "/dev_bdvd/PS3_GAME/USRDIR/contents/effect.cpk" opened: fd = 258
HLE: W {PPU[121] Thread (CriThread)[0x00ff00a0]} sys_fs warning: cellFsFstat(fd=258, sb_addr=0xd00cf850)
HLE: ! {PPU[121] Thread (CriThread)[0x00ff0034]} sys_fs: "/dev_bdvd/PS3_GAME/USRDIR/contents/interface.cpk" opened: fd = 259
HLE: W {PPU[121] Thread (CriThread)[0x00ff00a0]} sys_fs warning: cellFsFstat(fd=259, sb_addr=0xd00cf850)
HLE: W {PPU[121] Thread (CriThread)[0x00ff001c]} sys_fs warning: cellFsClose(fd=259)
HLE: ! {PPU[121] Thread (CriThread)[0x00ff0034]} sys_fs: "/dev_bdvd/PS3_GAME/USRDIR/contents/interface.cpk" opened: fd = 260
HLE: W {PPU[121] Thread (CriThread)[0x00ff00a0]} sys_fs warning: cellFsFstat(fd=260, sb_addr=0xd00cf850)
HLE: ! {PPU[121] Thread (CriThread)[0x00ff0034]} sys_fs: "/dev_bdvd/PS3_GAME/USRDIR/contents/object.cpk" opened: fd = 261
HLE: W {PPU[121] Thread (CriThread)[0x00ff00a0]} sys_fs warning: cellFsFstat(fd=261, sb_addr=0xd00cf850)
HLE: W {PPU[121] Thread (CriThread)[0x00ff001c]} sys_fs warning: cellFsClose(fd=261)
HLE: ! {PPU[121] Thread (CriThread)[0x00ff0034]} sys_fs: "/dev_bdvd/PS3_GAME/USRDIR/contents/object.cpk" opened: fd = 262
HLE: W {PPU[121] Thread (CriThread)[0x00ff00a0]} sys_fs warning: cellFsFstat(fd=262, sb_addr=0xd00cf850)
HLE: ! {PPU[121] Thread (CriThread)[0x00ff0034]} sys_fs: "/dev_bdvd/PS3_GAME/USRDIR/contents/graphic.cpk" opened: fd = 263
HLE: W {PPU[121] Thread (CriThread)[0x00ff00a0]} sys_fs warning: cellFsFstat(fd=263, sb_addr=0xd00cf850)
HLE: W {PPU[121] Thread (CriThread)[0x00ff001c]} sys_fs warning: cellFsClose(fd=263)
HLE: ! {PPU[121] Thread (CriThread)[0x00ff0034]} sys_fs: "/dev_bdvd/PS3_GAME/USRDIR/contents/graphic.cpk" opened: fd = 264
HLE: W {PPU[121] Thread (CriThread)[0x00ff00a0]} sys_fs warning: cellFsFstat(fd=264, sb_addr=0xd00cf850)
HLE: ! {PPU[121] Thread (CriThread)[0x00ff0034]} sys_fs: "/dev_bdvd/PS3_GAME/USRDIR/contents/dungeon.cpk" opened: fd = 265
HLE: W {PPU[121] Thread (CriThread)[0x00ff00a0]} sys_fs warning: cellFsFstat(fd=265, sb_addr=0xd00cf850)
HLE: W {PPU[121] Thread (CriThread)[0x00ff001c]} sys_fs warning: cellFsClose(fd=265)
HLE: ! {PPU[121] Thread (CriThread)[0x00ff0034]} sys_fs: "/dev_bdvd/PS3_GAME/USRDIR/contents/dungeon.cpk" opened: fd = 266
HLE: W {PPU[121] Thread (CriThread)[0x00ff00a0]} sys_fs warning: cellFsFstat(fd=266, sb_addr=0xd00cf850)
HLE: ! {PPU[121] Thread (CriThread)[0x00ff0034]} sys_fs: "/dev_bdvd/PS3_GAME/USRDIR/contents/event.cpk" opened: fd = 267
HLE: W {PPU[121] Thread (CriThread)[0x00ff00a0]} sys_fs warning: cellFsFstat(fd=267, sb_addr=0xd00cf850)
HLE: W {PPU[121] Thread (CriThread)[0x00ff001c]} sys_fs warning: cellFsClose(fd=267)
HLE: ! {PPU[121] Thread (CriThread)[0x00ff0034]} sys_fs: "/dev_bdvd/PS3_GAME/USRDIR/contents/event.cpk" opened: fd = 268
HLE: W {PPU[121] Thread (CriThread)[0x00ff00a0]} sys_fs warning: cellFsFstat(fd=268, sb_addr=0xd00cf850)
PPU: ! {PPULLVMRecompiler} Removed 9 old versions
PPU: ! {PPULLVMRecompiler} Removed 14 old versions
PPU: ! {PPULLVMRecompiler} Removed 26 old versions
PPU: ! {PPULLVMRecompiler} Removed 36 old versions
PPU: ! {PPULLVMRecompiler} Removed 11 old versions
PPU: ! {PPULLVMRecompiler} Removed 4 old versions
PPU: ! {PPULLVMRecompiler} Removed 3 old versions
PPU: ! {PPULLVMRecompiler} Removed 7 old versions
PPU: ! {PPULLVMRecompiler} Removed 2 old versions
PPU: ! {PPULLVMRecompiler} Removed 3 old versions
PPU: ! {PPULLVMRecompiler} Removed 4 old versions
PPU: ! {PPULLVMRecompiler} Removed 8 old versions
PPU: ! {PPULLVMRecompiler} Removed 3 old versions
PPU: ! {PPULLVMRecompiler} Removed 42 old versions
PPU: ! {PPULLVMRecompiler} Removed 1 old versions
HLE: W {PPU[125] Thread (CriThread)[0x000cb028]} sys_cond warning: sys_cond_wait(id=124) aborted
RSX: W {VBlank thread} VBlank thread aborted
RSX: W {RSXThread} RSX thread aborted
HLE: W {PPU[156] Thread (cri_dlg)[0x0005aca8]} sys_cond warning: sys_cond_wait(id=154) aborted
HLE: W {PPU[117] Thread (CriThread)[0x000cb028]} sys_cond warning: sys_cond_wait(id=116) aborted
HLE: W {PPU[149] Thread (cri_dlg)[0x0005aca8]} sys_cond warning: sys_cond_wait(id=147) aborted
HLE: W {PPU[129] Thread (CriThread)[0x000cb028]} sys_cond warning: sys_cond_wait(id=128) aborted
HLE: W {PPU[99] Thread (spu_printf_handler)[0x003c1190]} sys_event warning: sys_event_queue_receive(equeue=98) aborted
HLE: W {PPU[121] Thread (CriThread)[0x000cb028]} sys_cond warning: sys_cond_wait(id=120) aborted
HLE: W {PPU[196] Thread (cri_adxm_vsync_proc)[0x00038204]} sys_cond warning: sys_cond_wait(id=178) aborted
HLE: W {PPU[133] Thread (CriThread)[0x000cb028]} sys_cond warning: sys_cond_wait(id=132) aborted
HLE: W {PPU[113] Thread (CriThread)[0x000cb028]} sys_cond warning: sys_cond_wait(id=112) aborted
HLE: W {PPU[169] Thread (_sys_mixerSurBusReq)[0x00030844]} sys_cond warning: sys_cond_wait(id=164) aborted
HLE: W {PPU[236] Thread (cri_dlg)[0x0005aca8]} sys_cond warning: sys_cond_wait(id=234) aborted
HLE: W {PPU[200] Thread (cri_adxm_idle_proc)[0x00038188]} sys_cond warning: sys_cond_wait(id=182) aborted
HLE: W {Audio Thread} cellAudio warning: Audio thread aborted
HLE: W {PPU[198] Thread (cri_adxm_fs_proc)[0x00038188]} sys_cond warning: sys_cond_wait(id=180) aborted
HLE: W {PPU[172] Thread (_cellsurMixerMain)[0x00033030]} sys_event warning: sys_event_queue_receive(equeue=173) aborted
PPU: ! {PPULLVMRecompiler} PPU LLVM compiler thread exiting.
