HLE: ! path: /dev_hdd0/game/
HLE: ! path: /dev_hdd0/game/
HLE: W No pause.bin found, Auto Pause will not work.
HLE: W No pause.bin found, Auto Pause will not work.
LDR: W SELF: No NPDRM control info found!
LDR: ! Loading 'D:\Emulateurs\Rpcs3\dev_hdd0\game\BLES02115-[Tears to Tiara  Heir of the Overlord]\PS3_GAME\USRDIR/BOOT.BIN'...
LDR: !  
LDR: ! Mount info:
LDR: ! /dev_hdd0/ -> ./dev_hdd0/
LDR: ! /dev_hdd1/ -> ./dev_hdd1/
LDR: ! /dev_flash/ -> ./dev_flash/
LDR: ! /dev_usb000/ -> ./dev_usb000/
LDR: ! /dev_usb/ -> ./dev_usb000/
LDR: ! /app_home/ -> D:\Emulateurs\Rpcs3\dev_hdd0\game\BLES02115-[Tears to Tiara  Heir of the Overlord]\PS3_GAME\
LDR: ! /dev_bdvd/ -> D:\Emulateurs\Rpcs3\dev_hdd0\game\BLES02115-[Tears to Tiara  Heir of the Overlord]\PS3_GAME\/../
LDR: ! /host_root/ -> 
LDR: ! /app_home/PS3_GAME/USRDIR/ -> D:\Emulateurs\Rpcs3\dev_hdd0\game\BLES02115-[Tears to Tiara  Heir of the Overlord]\PS3_GAME\/USRDIR/
LDR: ! /dev_flash2/ -> ./dev_flash2/
LDR: ! /app_home/Game/PS3_GAME/USRDIR/ -> D:\Emulateurs\Rpcs3\dev_hdd0\game\BLES02115-[Tears to Tiara  Heir of the Overlord]\PS3_GAME\/USRDIR/
LDR: ! //dev_hdd0/ -> ./dev_hdd0/
LDR: ! / -> D:\Emulateurs\Rpcs3\dev_hdd0\game\BLES02115-[Tears to Tiara  Heir of the Overlord]\PS3_GAME\/USRDIR/
LDR: ! /app_home//dev_bdvd/PS3_GAME/USRDIR/data/gos/ -> D:\Emulateurs\Rpcs3\dev_hdd0\game\BLES02115-[Tears to Tiara  Heir of the Overlord]\PS3_GAME\/USRDIR/
LDR: !  
LDR: ! Title: Tears to Tiara Ⅱ Heir of the Overlord
LDR: ! Serial: BLES02115
LDR: !  
LDR: E m_ehdr.e_type = 0x2
MEM: ! Initializing memory: base_addr = 0x87e59f0000
MEM: ! Memory initialized.
LDR: ! Function 'cellAANAddData' hooked (addr=0x19c08c)
LDR: ! Function 'cellSurMixerGetAANHandle' hooked (addr=0x19c0e4)
LDR: ! Function 'cellSurMixerSetNotifyCallback' hooked (addr=0x19c11c)
LDR: ! Function 'cellSurMixerGetCurrentBlockTag' hooked (addr=0x19c1bc)
LDR: ! Function 'cellSurMixerChStripGetAANPortNo' hooked (addr=0x19c984)
LDR: ! Function 'cellSurMixerGetTimestamp' hooked (addr=0x19e268)
LDR: ! Function 'cellSurMixerStart' hooked (addr=0x19e2d0)
LDR: ! Function 'cellSurMixerFinalize' hooked (addr=0x19e5d8)
LDR: ! Function 'cellSurMixerCreate' hooked (addr=0x19ec58)
LDR: E Function 'cellAANConnect' not found
LDR: E Function 'cellAANDisconnect' not found
LDR: E Function group [surmxAAN] failed: missing;
LDR: E Function 'cellSurMixerRemoveNotifyCallback' not found
LDR: E Function 'cellSurMixerSetParameter' not found
LDR: E Function 'cellSurMixerSurBusAddData' not found
LDR: E Function 'cellSurMixerChStripSetParameter' not found
LDR: E Function 'cellSurMixerPause' not found
LDR: E Function 'cellSurMixerBeep' not found
LDR: E Function group [surmixer] failed: missing;
LDR: ! Imported function 'cellPadInit' in 'sys_io' module  (HLE)
LDR: ! Imported function 'cellPadEnd' in 'sys_io' module  (HLE)
LDR: ! Imported function 'cellPadSetPortSetting' in 'sys_io' module  (HLE)
LDR: ! Imported function 'cellPadGetData' in 'sys_io' module  (HLE)
LDR: ! Imported function 'cellPadGetInfo2' in 'sys_io' module  (HLE)
LDR: ! Imported function 'cellPadSetActDirect' in 'sys_io' module  (HLE)
LDR: ! Imported function 'cellAtracSetSecondBuffer' in 'cellAtrac' module  (HLE)
LDR: ! Imported function 'cellAtracGetChannel' in 'cellAtrac' module  (HLE)
LDR: ! Imported function 'cellAtracGetStreamDataInfo' in 'cellAtrac' module  (HLE)
LDR: ! Imported function 'cellAtracAddStreamData' in 'cellAtrac' module  (HLE)
LDR: ! Imported function 'cellAtracGetMaxSample' in 'cellAtrac' module  (HLE)
LDR: ! Imported function 'cellAtracSetDataAndGetMemSize' in 'cellAtrac' module  (HLE)
LDR: ! Imported function 'cellAtracDeleteDecoder' in 'cellAtrac' module  (HLE)
LDR: ! Imported function 'cellAtracSetLoopNum' in 'cellAtrac' module  (HLE)
LDR: ! Imported function 'cellAtracDecode' in 'cellAtrac' module  (HLE)
LDR: ! Imported function 'cellAtracIsSecondBufferNeeded' in 'cellAtrac' module  (HLE)
LDR: ! Imported function 'cellAtracGetLoopInfo' in 'cellAtrac' module  (HLE)
LDR: ! Imported function 'cellAtracGetSecondBufferInfo' in 'cellAtrac' module  (HLE)
LDR: ! Imported function 'cellAtracGetSoundInfo' in 'cellAtrac' module  (HLE)
LDR: ! Imported function 'cellAtracGetRemainFrame' in 'cellAtrac' module  (HLE)
LDR: ! Imported function 'cellAtracCreateDecoder' in 'cellAtrac' module  (HLE)
LDR: ! Imported function 'cellAudioInit' in 'cellAudio' module  (HLE)
LDR: ! Imported function 'cellAudioQuit' in 'cellAudio' module  (HLE)
LDR: ! Imported function 'cellAudioSetNotifyEventQueue' in 'cellAudio' module  (HLE)
LDR: ! Imported function 'cellAudioGetPortTimestamp' in 'cellAudio' module  (HLE)
LDR: ! Imported function 'cellAudioPortClose' in 'cellAudio' module  (HLE)
LDR: ! Imported function 'cellAudioPortStop' in 'cellAudio' module  (HLE)
LDR: ! Imported function 'cellAudioGetPortConfig' in 'cellAudio' module  (HLE)
LDR: ! Imported function 'cellAudioPortStart' in 'cellAudio' module  (HLE)
LDR: ! Imported function 'cellAudioPortOpen' in 'cellAudio' module  (HLE)
LDR: ! Imported function 'cellAudioGetPortBlockTag' in 'cellAudio' module  (HLE)
LDR: ! Imported function 'cellAudioRemoveNotifyEventQueue' in 'cellAudio' module  (HLE)
LDR: ! Imported function 'cellFsReadWithOffset' in 'sys_fs' module  (HLE)
LDR: ! Imported function 'cellFsClose' in 'sys_fs' module  (HLE)
LDR: ! Imported function 'cellFsOpen' in 'sys_fs' module  (HLE)
LDR: ! Imported function 'cellFsStat' in 'sys_fs' module  (HLE)
LDR: ! Imported function 'cellFsUnlink' in 'sys_fs' module  (HLE)
LDR: W Unimplemented function 'cellFsWriteWithOffset' in 'sys_fs' module (HLE)
LDR: ! Imported function 'cellFsSdataOpen' in 'sys_fs' module  (HLE)
LDR: ! Imported function 'cellFsMkdir' in 'sys_fs' module  (HLE)
LDR: ! Imported function 'cellFsFstat' in 'sys_fs' module  (HLE)
LDR: ! Imported function 'cellGcmGetTiledPitchSize' in 'cellGcmSys' module  (HLE)
LDR: ! Imported function 'cellGcmSetUserHandler' in 'cellGcmSys' module  (HLE)
LDR: ! Imported function '_cellGcmInitBody' in 'cellGcmSys' module  (HLE)
LDR: ! Imported function '_cellGcmSetFlipCommand' in 'cellGcmSys' module  (HLE)
LDR: ! Imported function 'cellGcmAddressToOffset' in 'cellGcmSys' module  (HLE)
LDR: ! Imported function '_cellGcmFunc15' in 'cellGcmSys' module  (HLE)
LDR: ! Imported function 'cellGcmBindTile' in 'cellGcmSys' module  (HLE)
LDR: ! Imported function 'cellGcmSetFlipMode' in 'cellGcmSys' module  (HLE)
LDR: ! Imported function 'cellGcmGetTimeStamp' in 'cellGcmSys' module  (HLE)
LDR: ! Imported function 'cellGcmGetDefaultCommandWordSize' in 'cellGcmSys' module  (HLE)
LDR: ! Imported function 'cellGcmGetLastFlipTime' in 'cellGcmSys' module  (HLE)
LDR: ! Imported function 'cellGcmGetDefaultSegmentWordSize' in 'cellGcmSys' module  (HLE)
LDR: ! Imported function 'cellGcmSetDefaultFifoSize' in 'cellGcmSys' module  (HLE)
LDR: ! Imported function 'cellGcmBindZcull' in 'cellGcmSys' module  (HLE)
LDR: ! Imported function 'cellGcmMapMainMemory' in 'cellGcmSys' module  (HLE)
LDR: ! Imported function 'cellGcmSetFlipHandler' in 'cellGcmSys' module  (HLE)
LDR: ! Imported function 'cellGcmSetDisplayBuffer' in 'cellGcmSys' module  (HLE)
LDR: ! Imported function 'cellGcmGetControlRegister' in 'cellGcmSys' module  (HLE)
LDR: ! Imported function 'cellGcmUnbindZcull' in 'cellGcmSys' module  (HLE)
LDR: ! Imported function 'cellGcmSetVBlankHandler' in 'cellGcmSys' module  (HLE)
LDR: ! Imported function 'cellGcmSetTileInfo' in 'cellGcmSys' module  (HLE)
LDR: ! Imported function '_cellGcmSetFlipCommandWithWaitLabel' in 'cellGcmSys' module  (HLE)
LDR: ! Imported function 'cellGcmUnbindTile' in 'cellGcmSys' module  (HLE)
LDR: ! Imported function 'cellGcmGetConfiguration' in 'cellGcmSys' module  (HLE)
LDR: ! Imported function 'cellGcmUnmapEaIoAddress' in 'cellGcmSys' module  (HLE)
LDR: ! Imported function 'cellPamfReaderGetNumberOfSpecificStreams' in 'cellPamf' module  (HLE)
LDR: ! Imported function 'cellPngDecExtOpen' in 'cellPngDec' module  (HLE)
LDR: ! Imported function 'cellPngDecCreate' in 'cellPngDec' module  (HLE)
LDR: ! Imported function 'cellPngDecClose' in 'cellPngDec' module  (HLE)
LDR: ! Imported function 'cellPngDecExtDecodeData' in 'cellPngDec' module  (HLE)
LDR: ! Imported function 'cellPngDecDestroy' in 'cellPngDec' module  (HLE)
LDR: ! Imported function 'cellPngDecExtReadHeader' in 'cellPngDec' module  (HLE)
LDR: ! Imported function 'cellPngDecExtSetParameter' in 'cellPngDec' module  (HLE)
LDR: ! Imported function 'cellSailGraphicsAdapterGetFrame' in 'cellSail' module  (HLE)
LDR: ! Imported function 'cellSailDescriptorCreateDatabase' in 'cellSail' module  (HLE)
LDR: ! Imported function 'cellSailPlayerSetSoundAdapter' in 'cellSail' module  (HLE)
LDR: ! Imported function 'cellSailPlayerFinalize' in 'cellSail' module  (HLE)
LDR: ! Imported function 'cellSailPlayerSetGraphicsAdapter' in 'cellSail' module  (HLE)
LDR: ! Imported function 'cellSailGraphicsAdapterInitialize' in 'cellSail' module  (HLE)
LDR: ! Imported function 'cellSailSoundAdapterSetPreferredFormat' in 'cellSail' module  (HLE)
LDR: ! Imported function 'cellSailPlayerInitialize2' in 'cellSail' module  (HLE)
LDR: ! Imported function 'cellSailDescriptorDestroyDatabase' in 'cellSail' module  (HLE)
LDR: ! Imported function 'cellSailGraphicsAdapterSetPreferredFormat' in 'cellSail' module  (HLE)
LDR: ! Imported function 'cellSailMemAllocatorInitialize' in 'cellSail' module  (HLE)
LDR: ! Imported function 'cellSailPlayerOpenStream' in 'cellSail' module  (HLE)
LDR: ! Imported function 'cellSailSoundAdapterInitialize' in 'cellSail' module  (HLE)
LDR: ! Imported function 'cellSailGraphicsAdapterUpdateAvSync' in 'cellSail' module  (HLE)
LDR: ! Imported function 'cellSailPlayerSetParameter' in 'cellSail' module  (HLE)
LDR: ! Imported function 'cellSailGraphicsAdapterFinalize' in 'cellSail' module  (HLE)
LDR: ! Imported function 'cellSailPlayerAddDescriptor' in 'cellSail' module  (HLE)
LDR: ! Imported function 'cellSailSoundAdapterGetFrame' in 'cellSail' module  (HLE)
LDR: ! Imported function 'cellSailDescriptorGetCapabilities' in 'cellSail' module  (HLE)
LDR: ! Imported function 'cellSailPlayerBoot' in 'cellSail' module  (HLE)
LDR: ! Imported function 'cellSailSoundAdapterFinalize' in 'cellSail' module  (HLE)
LDR: ! Imported function 'cellSailPlayerSetPaused' in 'cellSail' module  (HLE)
LDR: ! Imported function 'cellSailPlayerCreateDescriptor' in 'cellSail' module  (HLE)
LDR: ! Imported function 'cellSailPlayerStart' in 'cellSail' module  (HLE)
LDR: ! Imported function 'cellSailSoundAdapterUpdateAvSync' in 'cellSail' module  (HLE)
LDR: ! Imported function 'cellSailSoundAdapterGetFormat' in 'cellSail' module  (HLE)
LDR: ! Imported function 'cellSailPlayerSetRepeatMode' in 'cellSail' module  (HLE)
LDR: ! Imported function 'cellSailPlayerDestroyDescriptor' in 'cellSail' module  (HLE)
LDR: ! Imported function 'cellSailGraphicsAdapterGetFormat' in 'cellSail' module  (HLE)
LDR: ! Imported function 'cellSpursJobQueueAttributeSetDoBusyWaiting' in 'cellSpursJq' module  (HLE)
LDR: ! Imported function 'cellSpursJobQueueAttributeSetSubmitWithEntryLock' in 'cellSpursJq' module  (HLE)
LDR: ! Imported function 'cellSpursJobQueueAttributeSetMaxSizeJobDescriptor' in 'cellSpursJq' module  (HLE)
LDR: ! Imported function 'cellSpursJobQueueAttributeInitialize' in 'cellSpursJq' module  (HLE)
LDR: ! Imported function 'cellSpursJobQueueAttributeSetIsJobTypeMemoryCheck' in 'cellSpursJq' module  (HLE)
LDR: ! Imported function 'cellSpursShutdownJobQueue' in 'cellSpursJq' module  (HLE)
LDR: ! Imported function 'cellSpursJoinJobQueue' in 'cellSpursJq' module  (HLE)
LDR: ! Imported function 'cellSpursJobQueuePort2Destroy' in 'cellSpursJq' module  (HLE)
LDR: ! Imported function '_cellSpursJobQueuePort2PushJobBody' in 'cellSpursJq' module  (HLE)
LDR: ! Imported function 'cellSpursJobQueueAttributeSetGrabParameters' in 'cellSpursJq' module  (HLE)
LDR: ! Imported function 'cellSpursJobQueuePort2Create' in 'cellSpursJq' module  (HLE)
LDR: ! Imported function '_cellSpursCreateJobQueue' in 'cellSpursJq' module  (HLE)
LDR: ! Imported function 'cellSpursJobQueuePort2Sync' in 'cellSpursJq' module  (HLE)
LDR: ! Imported function 'cellSpursJobQueueAttributeSetIsHaltOnError' in 'cellSpursJq' module  (HLE)
LDR: ! Imported function 'cellSpursInitializeWithAttribute2' in 'cellSpurs' module  (HLE)
LDR: ! Imported function 'cellSpursGetSpuThreadGroupId' in 'cellSpurs' module  (HLE)
LDR: ! Imported function '_cellSpursAttributeInitialize' in 'cellSpurs' module  (HLE)
LDR: ! Imported function 'cellSpursFinalize' in 'cellSpurs' module  (HLE)
LDR: ! Imported function 'cellSysmoduleUnloadModule' in 'cellSysmodule' module  (HLE)
LDR: ! Imported function 'cellSysmoduleLoadModule' in 'cellSysmodule' module  (HLE)
LDR: ! Imported function 'cellGameCreateGameData' in 'cellGame' module  (HLE)
LDR: ! Imported function 'cellGameContentPermit' in 'cellGame' module  (HLE)
LDR: ! Imported function 'cellGameContentErrorDialog' in 'cellGame' module  (HLE)
LDR: ! Imported function 'cellGameDataCheck' in 'cellGame' module  (HLE)
LDR: ! Imported function 'sceNpTerm' in 'sceNp' module  (HLE)
LDR: ! Imported function 'sceNpDrmIsAvailable' in 'sceNp' module  (HLE)
LDR: ! Imported function 'sceNpInit' in 'sceNp' module  (HLE)
LDR: ! Imported function 'sceNpTrophyRegisterContext' in 'sceNpTrophy' module  (HLE)
LDR: ! Imported function 'sceNpTrophyCreateHandle' in 'sceNpTrophy' module  (HLE)
LDR: ! Imported function 'sceNpTrophyGetRequiredDiskSpace' in 'sceNpTrophy' module  (HLE)
LDR: ! Imported function 'sceNpTrophyDestroyContext' in 'sceNpTrophy' module  (HLE)
LDR: ! Imported function 'sceNpTrophyInit' in 'sceNpTrophy' module  (HLE)
LDR: ! Imported function 'sceNpTrophyDestroyHandle' in 'sceNpTrophy' module  (HLE)
LDR: ! Imported function 'sceNpTrophyUnlockTrophy' in 'sceNpTrophy' module  (HLE)
LDR: ! Imported function 'sceNpTrophyTerm' in 'sceNpTrophy' module  (HLE)
LDR: ! Imported function 'sceNpTrophyCreateContext' in 'sceNpTrophy' module  (HLE)
LDR: ! Imported function 'cellSysutilUnregisterCallback' in 'cellSysutil' module  (HLE)
LDR: ! Imported function 'cellVideoOutConfigure' in 'cellSysutil' module  (HLE)
LDR: ! Imported function 'cellSysutilCheckCallback' in 'cellSysutil' module  (HLE)
LDR: ! Imported function 'cellSaveDataListLoad2' in 'cellSysutil' module  (HLE)
LDR: ! Imported function 'cellMsgDialogClose' in 'cellSysutil' module  (HLE)
LDR: ! Imported function 'cellSysutilEnableBgmPlayback' in 'cellSysutil' module  (HLE)
LDR: ! Imported function 'cellSaveDataListSave2' in 'cellSysutil' module  (HLE)
LDR: ! Imported function 'cellMsgDialogOpen2' in 'cellSysutil' module  (HLE)
LDR: ! Imported function 'cellMsgDialogProgressBarReset' in 'cellSysutil' module  (HLE)
LDR: ! Imported function 'cellVideoOutGetState' in 'cellSysutil' module  (HLE)
LDR: ! Imported function 'cellSaveDataAutoSave2' in 'cellSysutil' module  (HLE)
LDR: ! Imported function 'cellMsgDialogProgressBarInc' in 'cellSysutil' module  (HLE)
LDR: ! Imported function 'cellSysutilRegisterCallback' in 'cellSysutil' module  (HLE)
LDR: ! Imported function 'cellSysutilGetBgmPlaybackStatus' in 'cellSysutil' module  (HLE)
LDR: ! Imported function 'cellVideoOutGetResolutionAvailability' in 'cellSysutil' module  (HLE)
LDR: W Unimplemented function 'cellSaveDataDelete2' in 'cellSysutil' module (HLE)
LDR: ! Imported function 'cellAudioOutGetState' in 'cellSysutil' module  (HLE)
LDR: ! Imported function 'cellSaveDataAutoLoad2' in 'cellSysutil' module  (HLE)
LDR: ! Imported function 'sys_lwmutex_lock' in 'sysPrxForUser' module  (HLE)
LDR: ! Imported function 'sys_lwmutex_unlock' in 'sysPrxForUser' module  (HLE)
LDR: ! Imported function 'sys_ppu_thread_create' in 'sysPrxForUser' module  (HLE)
LDR: ! Imported function '_sys_process_atexitspawn' in 'sysPrxForUser' module  (HLE)
LDR: ! Imported function 'sys_lwmutex_create' in 'sysPrxForUser' module  (HLE)
LDR: ! Imported function 'sys_ppu_thread_get_id' in 'sysPrxForUser' module  (HLE)
LDR: ! Imported function '_sys_heap_malloc' in 'sysPrxForUser' module  (HLE)
LDR: ! Imported function 'sys_prx_register_library' in 'sysPrxForUser' module  (HLE)
LDR: ! Imported function '_sys_heap_memalign' in 'sysPrxForUser' module  (HLE)
LDR: ! Imported function '_sys_spu_printf_initialize' in 'sysPrxForUser' module  (HLE)
LDR: ! Imported function 'sys_initialize_tls' in 'sysPrxForUser' module  (HLE)
LDR: ! Imported function 'sys_time_get_system_time' in 'sysPrxForUser' module  (HLE)
LDR: W Unimplemented function '_sys_heap_free' in 'sysPrxForUser' module (HLE)
LDR: ! Imported function '_sys_process_at_Exitspawn' in 'sysPrxForUser' module  (HLE)
LDR: ! Imported function 'sys_prx_exitspawn_with_level' in 'sysPrxForUser' module  (HLE)
LDR: ! Imported function 'sys_ppu_thread_once' in 'sysPrxForUser' module  (HLE)
LDR: ! Imported function 'sys_lwmutex_trylock' in 'sysPrxForUser' module  (HLE)
LDR: W Unimplemented function '_sys_heap_delete_heap' in 'sysPrxForUser' module (HLE)
LDR: ! Imported function 'sys_ppu_thread_exit' in 'sysPrxForUser' module  (HLE)
LDR: ! Imported function '_sys_heap_create_heap' in 'sysPrxForUser' module  (HLE)
LDR: ! Imported function 'sys_lwmutex_destroy' in 'sysPrxForUser' module  (HLE)
LDR: ! Imported function '_sys_spu_printf_finalize' in 'sysPrxForUser' module  (HLE)
LDR: ! Imported function 'sys_process_exit' in 'sysPrxForUser' module  (HLE)
HLE: W {PPU[1] Thread (main_thread)[0x00184ca4]} sys_memory warning: sys_memory_get_user_memory_size(mem_info_addr=0xd000fcc0)
HLE: W {PPU[1] Thread (main_thread)[0x3001f034]} sys_lwmutex warning: sys_lwmutex_create(lwmutex_addr=0xcfa098, attr_addr=0xd000fcc8)
HLE: ! {PPU[1] Thread (main_thread)[0x3001f034]} sys_lwmutex : *** lwmutex created [] (attribute=0x11): sq_id = 3
HLE: W {PPU[1] Thread (main_thread)[0x3001f034]} sys_lwmutex warning: sys_lwmutex_create(lwmutex_addr=0xcfc5c8, attr_addr=0x4653a0)
HLE: ! {PPU[1] Thread (main_thread)[0x3001f034]} sys_lwmutex : *** lwmutex created [_lc_mtx] (attribute=0x12): sq_id = 4
HLE: W {PPU[1] Thread (main_thread)[0x3001f034]} sys_lwmutex warning: sys_lwmutex_create(lwmutex_addr=0xcfb920, attr_addr=0x4653a0)
HLE: ! {PPU[1] Thread (main_thread)[0x3001f034]} sys_lwmutex : *** lwmutex created [_lc_mtx] (attribute=0x12): sq_id = 5
HLE: W {PPU[1] Thread (main_thread)[0x3001f034]} sys_lwmutex warning: sys_lwmutex_create(lwmutex_addr=0xcfb948, attr_addr=0x4653a0)
HLE: ! {PPU[1] Thread (main_thread)[0x3001f034]} sys_lwmutex : *** lwmutex created [_lc_mtx] (attribute=0x12): sq_id = 6
HLE: W {PPU[1] Thread (main_thread)[0x3001f034]} sys_lwmutex warning: sys_lwmutex_create(lwmutex_addr=0xcfb970, attr_addr=0x4653a0)
HLE: ! {PPU[1] Thread (main_thread)[0x3001f034]} sys_lwmutex : *** lwmutex created [_lc_mtx] (attribute=0x12): sq_id = 7
HLE: W {PPU[1] Thread (main_thread)[0x3001f034]} sys_lwmutex warning: sys_lwmutex_create(lwmutex_addr=0xcfb858, attr_addr=0x4653a0)
HLE: ! {PPU[1] Thread (main_thread)[0x3001f034]} sys_lwmutex : *** lwmutex created [_lc_mtx] (attribute=0x12): sq_id = 8
HLE: W {PPU[1] Thread (main_thread)[0x3001f034]} sys_lwmutex warning: sys_lwmutex_create(lwmutex_addr=0xcfb880, attr_addr=0x4653a0)
HLE: ! {PPU[1] Thread (main_thread)[0x3001f034]} sys_lwmutex : *** lwmutex created [_lc_mtx] (attribute=0x12): sq_id = 9
HLE: W {PPU[1] Thread (main_thread)[0x3001f034]} sys_lwmutex warning: sys_lwmutex_create(lwmutex_addr=0xcfb8a8, attr_addr=0x4653a0)
HLE: ! {PPU[1] Thread (main_thread)[0x3001f034]} sys_lwmutex : *** lwmutex created [_lc_mtx] (attribute=0x12): sq_id = 10
HLE: W {PPU[1] Thread (main_thread)[0x3001f034]} sys_lwmutex warning: sys_lwmutex_create(lwmutex_addr=0xcfb8d0, attr_addr=0x4653a0)
HLE: ! {PPU[1] Thread (main_thread)[0x3001f034]} sys_lwmutex : *** lwmutex created [_lc_mtx] (attribute=0x12): sq_id = 11
HLE: W {PPU[1] Thread (main_thread)[0x3001f034]} sys_lwmutex warning: sys_lwmutex_create(lwmutex_addr=0xcfb8f8, attr_addr=0x4653a0)
HLE: ! {PPU[1] Thread (main_thread)[0x3001f034]} sys_lwmutex : *** lwmutex created [_lc_mtx] (attribute=0x12): sq_id = 12
HLE: W {PPU[1] Thread (main_thread)[0x3001f034]} sys_lwmutex warning: sys_lwmutex_create(lwmutex_addr=0xcfc700, attr_addr=0x4f91f0)
HLE: ! {PPU[1] Thread (main_thread)[0x3001f034]} sys_lwmutex : *** lwmutex created [_lgcmtx] (attribute=0x12): sq_id = 13
HLE: W {PPU[1] Thread (main_thread)[0x3001f034]} sys_lwmutex warning: sys_lwmutex_create(lwmutex_addr=0xcfc680, attr_addr=0x4f91f0)
HLE: ! {PPU[1] Thread (main_thread)[0x3001f034]} sys_lwmutex : *** lwmutex created [_lgcmtx] (attribute=0x12): sq_id = 14
HLE: W {PPU[1] Thread (main_thread)[0x3001f034]} sys_lwmutex warning: sys_lwmutex_create(lwmutex_addr=0xcfc6c0, attr_addr=0x4f9200)
HLE: ! {PPU[1] Thread (main_thread)[0x3001f034]} sys_lwmutex : *** lwmutex created [_lgcmtx] (attribute=0x22): sq_id = 15
HLE: W {PPU[1] Thread (main_thread)[0x3001d094]} cellSysutil warning: cellSysutilRegisterCallback(slot=0, func_addr=0x482f08, userdata=0x0)
HLE: W {PPU[1] Thread (main_thread)[0x30015010]} cellSysmodule warning: cellSysmoduleLoadModule(CELL_SYSMODULE_ADEC_ATX)
HLE: W {PPU[1] Thread (main_thread)[0x30015010]} cellSysmodule warning: cellSysmoduleLoadModule(CELL_SYSMODULE_ATRAC3PLUS)
HLE: W {PPU[1] Thread (main_thread)[0x30015010]} cellSysmodule warning: cellSysmoduleLoadModule(CELL_SYSMODULE_DMUX_PAMF)
HLE: W {PPU[1] Thread (main_thread)[0x30015010]} cellSysmodule warning: cellSysmoduleLoadModule(CELL_SYSMODULE_FS)
HLE: W {PPU[1] Thread (main_thread)[0x30015010]} cellSysmodule warning: cellSysmoduleLoadModule(CELL_SYSMODULE_PAMF)
HLE: W {PPU[1] Thread (main_thread)[0x30015010]} cellSysmodule warning: cellSysmoduleLoadModule(CELL_SYSMODULE_PNGDEC)
HLE: W {PPU[1] Thread (main_thread)[0x30015010]} cellSysmodule warning: cellSysmoduleLoadModule(CELL_SYSMODULE_PNGENC)
HLE: W {PPU[1] Thread (main_thread)[0x30015010]} cellSysmodule warning: cellSysmoduleLoadModule(CELL_SYSMODULE_SAIL)
HLE: W {PPU[1] Thread (main_thread)[0x30015010]} cellSysmodule warning: cellSysmoduleLoadModule(CELL_SYSMODULE_SPURS_JQ)
HLE: W {PPU[1] Thread (main_thread)[0x30015010]} cellSysmodule warning: cellSysmoduleLoadModule(CELL_SYSMODULE_SYSUTIL_GAME)
HLE: W {PPU[1] Thread (main_thread)[0x30015010]} cellSysmodule warning: cellSysmoduleLoadModule(CELL_SYSMODULE_SYSUTIL_NP)
HLE: W {PPU[1] Thread (main_thread)[0x30015010]} cellSysmodule warning: cellSysmoduleLoadModule(CELL_SYSMODULE_SYSUTIL_NP_TROPHY)
HLE: W {PPU[1] Thread (main_thread)[0x30015010]} cellSysmodule warning: cellSysmoduleLoadModule(CELL_SYSMODULE_RTC)
HLE: W {PPU[1] Thread (main_thread)[0x30015010]} cellSysmodule warning: cellSysmoduleLoadModule(CELL_SYSMODULE_VDEC_AVC)
HLE: W {PPU[1] Thread (main_thread)[0x30015010]} cellSysmodule warning: cellSysmoduleLoadModule(CELL_SYSMODULE_VPOST)
HLE: W {PPU[1] Thread (main_thread)[0x3001f034]} sys_lwmutex warning: sys_lwmutex_create(lwmutex_addr=0xcfa010, attr_addr=0xd000fca4)
HLE: ! {PPU[1] Thread (main_thread)[0x3001f034]} sys_lwmutex : *** lwmutex created [] (attribute=0x11): sq_id = 16
HLE: W {PPU[1] Thread (main_thread)[0x3001f034]} sys_lwmutex warning: sys_lwmutex_create(lwmutex_addr=0xcfa028, attr_addr=0xd000fca4)
HLE: ! {PPU[1] Thread (main_thread)[0x3001f034]} sys_lwmutex : *** lwmutex created [] (attribute=0x11): sq_id = 17
HLE: W {PPU[1] Thread (main_thread)[0x3001f034]} sys_lwmutex warning: sys_lwmutex_create(lwmutex_addr=0xcfa040, attr_addr=0xd000fca4)
HLE: ! {PPU[1] Thread (main_thread)[0x3001f034]} sys_lwmutex : *** lwmutex created [] (attribute=0x11): sq_id = 18
HLE: W {PPU[1] Thread (main_thread)[0x001847e4]} sys_spu warning: sys_spu_initialize(max_usable_spu=6, max_raw_spu=0)
HLE: W {PPU[1] Thread (main_thread)[0x3001f0b8]} sys_ppu_thread warning: sys_ppu_thread_once(once_ctrl_addr=0xcfbdc4, init_addr=0x483308)
HLE: W {PPU[1] Thread (main_thread)[0x3001f034]} sys_lwmutex warning: sys_lwmutex_create(lwmutex_addr=0xcfb990, attr_addr=0xd000f970)
HLE: ! {PPU[1] Thread (main_thread)[0x3001f034]} sys_lwmutex : *** lwmutex created [_lc_spf] (attribute=0x22): sq_id = 19
HLE: W {PPU[1] Thread (main_thread)[0x001ac214]} sys_event warning: sys_event_queue_create(equeue_id_addr=0xcfb9ac, attr_addr=0xd000f9f0, event_queue_key=0x0, size=127)
HLE: W {PPU[1] Thread (main_thread)[0x001ac214]} sys_event warning: *** event_queue created [_lc_spf] (protocol=0x2, type=0x1, key=0x0, size=0x7f): id = 20
HLE: W {PPU[1] Thread (main_thread)[0x001ac238]} sys_event warning: sys_event_port_create(eport_id_addr=0xcfb9b0, port_type=0x1, name=0xffffffff0000dead)
HLE: W {PPU[1] Thread (main_thread)[0x001ac238]} sys_event warning: *** sys_event_port created: id = 21
HLE: W {PPU[1] Thread (main_thread)[0x001ac254]} sys_event warning: sys_event_port_connect_local(eport_id=21, equeue_id=20)
HLE: ! {PPU[1] Thread (main_thread)[0x3001f01c]} sys_ppu_thread : *** New PPU Thread [_SPU_printf_server] (joinable, entry=0x483300): id = 22
HLE: W {PPU[1] Thread (main_thread)[0x3001f070]} sysPrxForUser warning: _sys_spu_printf_initialize(agcb_addr=0x4832f0, dgcb_addr=0x4832e8, atcb_addr=0x4832e0, dtcb_addr=0x4832d8)
HLE: W {PPU[1] Thread (main_thread)[0x3001301c]} cellSpurs warning: _cellSpursAttributeInitialize(attr_addr=0xd000faa0, revision=2, sdkVersion=0x330000, nSpus=3, spuPriority=110, ppuPriority=120, exitIfNoWork=0)
HLE: W {PPU[1] Thread (main_thread)[0x30013004]} cellSpurs warning: cellSpursInitializeWithAttribute2(spurs_addr=0xcd8000, attr_addr=0xd000faa0)
HLE: ! {PPU[1] Thread (main_thread)[0x30013004]} sys_semaphore : *** semaphore created [_spuWkl] (protocol=0x2): id = 23
HLE: ! {PPU[1] Thread (main_thread)[0x30013004]} sys_semaphore : *** semaphore created [_spuWkl] (protocol=0x2): id = 24
HLE: ! {PPU[1] Thread (main_thread)[0x30013004]} sys_semaphore : *** semaphore created [_spuWkl] (protocol=0x2): id = 25
HLE: ! {PPU[1] Thread (main_thread)[0x30013004]} sys_semaphore : *** semaphore created [_spuWkl] (protocol=0x2): id = 26
HLE: ! {PPU[1] Thread (main_thread)[0x30013004]} sys_semaphore : *** semaphore created [_spuWkl] (protocol=0x2): id = 27
HLE: ! {PPU[1] Thread (main_thread)[0x30013004]} sys_semaphore : *** semaphore created [_spuWkl] (protocol=0x2): id = 28
HLE: ! {PPU[1] Thread (main_thread)[0x30013004]} sys_semaphore : *** semaphore created [_spuWkl] (protocol=0x2): id = 29
HLE: ! {PPU[1] Thread (main_thread)[0x30013004]} sys_semaphore : *** semaphore created [_spuWkl] (protocol=0x2): id = 30
HLE: ! {PPU[1] Thread (main_thread)[0x30013004]} sys_semaphore : *** semaphore created [_spuWkl] (protocol=0x2): id = 31
HLE: ! {PPU[1] Thread (main_thread)[0x30013004]} sys_semaphore : *** semaphore created [_spuWkl] (protocol=0x2): id = 32
HLE: ! {PPU[1] Thread (main_thread)[0x30013004]} sys_semaphore : *** semaphore created [_spuWkl] (protocol=0x2): id = 33
HLE: ! {PPU[1] Thread (main_thread)[0x30013004]} sys_semaphore : *** semaphore created [_spuWkl] (protocol=0x2): id = 34
HLE: ! {PPU[1] Thread (main_thread)[0x30013004]} sys_semaphore : *** semaphore created [_spuWkl] (protocol=0x2): id = 35
HLE: ! {PPU[1] Thread (main_thread)[0x30013004]} sys_semaphore : *** semaphore created [_spuWkl] (protocol=0x2): id = 36
HLE: ! {PPU[1] Thread (main_thread)[0x30013004]} sys_semaphore : *** semaphore created [_spuWkl] (protocol=0x2): id = 37
HLE: ! {PPU[1] Thread (main_thread)[0x30013004]} sys_semaphore : *** semaphore created [_spuWkl] (protocol=0x2): id = 38
HLE: ! {PPU[1] Thread (main_thread)[0x30013004]} sys_semaphore : *** semaphore created [_spuWkl] (protocol=0x2): id = 39
HLE: ! {PPU[1] Thread (main_thread)[0x30013004]} sys_semaphore : *** semaphore created [_spuWkl] (protocol=0x2): id = 40
HLE: ! {PPU[1] Thread (main_thread)[0x30013004]} sys_semaphore : *** semaphore created [_spuWkl] (protocol=0x2): id = 41
HLE: ! {PPU[1] Thread (main_thread)[0x30013004]} sys_semaphore : *** semaphore created [_spuWkl] (protocol=0x2): id = 42
HLE: ! {PPU[1] Thread (main_thread)[0x30013004]} sys_semaphore : *** semaphore created [_spuWkl] (protocol=0x2): id = 43
HLE: ! {PPU[1] Thread (main_thread)[0x30013004]} sys_semaphore : *** semaphore created [_spuWkl] (protocol=0x2): id = 44
HLE: ! {PPU[1] Thread (main_thread)[0x30013004]} sys_semaphore : *** semaphore created [_spuWkl] (protocol=0x2): id = 45
HLE: ! {PPU[1] Thread (main_thread)[0x30013004]} sys_semaphore : *** semaphore created [_spuWkl] (protocol=0x2): id = 46
HLE: ! {PPU[1] Thread (main_thread)[0x30013004]} sys_semaphore : *** semaphore created [_spuWkl] (protocol=0x2): id = 47
HLE: ! {PPU[1] Thread (main_thread)[0x30013004]} sys_semaphore : *** semaphore created [_spuWkl] (protocol=0x2): id = 48
HLE: ! {PPU[1] Thread (main_thread)[0x30013004]} sys_semaphore : *** semaphore created [_spuWkl] (protocol=0x2): id = 49
HLE: ! {PPU[1] Thread (main_thread)[0x30013004]} sys_semaphore : *** semaphore created [_spuWkl] (protocol=0x2): id = 50
HLE: ! {PPU[1] Thread (main_thread)[0x30013004]} sys_semaphore : *** semaphore created [_spuWkl] (protocol=0x2): id = 51
HLE: ! {PPU[1] Thread (main_thread)[0x30013004]} sys_semaphore : *** semaphore created [_spuWkl] (protocol=0x2): id = 52
HLE: ! {PPU[1] Thread (main_thread)[0x30013004]} sys_semaphore : *** semaphore created [_spuWkl] (protocol=0x2): id = 53
HLE: ! {PPU[1] Thread (main_thread)[0x30013004]} sys_semaphore : *** semaphore created [_spuWkl] (protocol=0x2): id = 54
HLE: ! {PPU[1] Thread (main_thread)[0x30013004]} sys_semaphore : *** semaphore created [_spuPrv] (protocol=0x2): id = 55
HLE: ! {PPU[1] Thread (main_thread)[0x30013004]} sys_spu : *** SPU Thread Group created [CellSpursKernelGroup] (num=3, prio=110, type=0x0, container=0): id=56
HLE: E {PPU[1] Thread (main_thread)[0x30013004]} sys_spu TODO: Unsupported SPU Thread options (0x2)
HLE: W {PPU[1] Thread (main_thread)[0x30013004]} sys_spu warning: *** New SPU Thread [CellSpursKernel0] (ep=0x0, opt=0x2, a1=0x0, a2=0x0, a3=0x0, a4=0x0): id=57, spu_offset=0x30070000
HLE: E {PPU[1] Thread (main_thread)[0x30013004]} sys_spu TODO: Unsupported SPU Thread options (0x2)
HLE: W {PPU[1] Thread (main_thread)[0x30013004]} sys_spu warning: *** New SPU Thread [CellSpursKernel1] (ep=0x0, opt=0x2, a1=0x0, a2=0x0, a3=0x0, a4=0x0): id=58, spu_offset=0x300b0000
HLE: E {PPU[1] Thread (main_thread)[0x30013004]} sys_spu TODO: Unsupported SPU Thread options (0x2)
HLE: W {PPU[1] Thread (main_thread)[0x30013004]} sys_spu warning: *** New SPU Thread [CellSpursKernel2] (ep=0x0, opt=0x2, a1=0x0, a2=0x0, a3=0x0, a4=0x0): id=59, spu_offset=0x3f400000
HLE: ! {PPU[1] Thread (main_thread)[0x30013004]} sys_lwmutex : *** lwmutex created [_spuPrv] (attribute=0x22): sq_id = 60
HLE: W {PPU[1] Thread (main_thread)[0x30013004]} sys_lwcond warning: *** lwcond created [_spuPrv] (lwmutex_addr=0xcd8db0): id = 61
HLE: W {PPU[1] Thread (main_thread)[0x30013004]} sys_event warning: *** event_queue created [_spuPrv] (protocol=0x1, type=0x1, key=0x0, size=0x2a): id = 62
HLE: W {PPU[1] Thread (main_thread)[0x30013004]} sys_spu warning: sys_spu_thread_group_connect_event_all_threads(id=56, eq_id=62, req=0xffffffffffff0000, spup_addr=0xcd80c9)
HLE: W {PPU[1] Thread (main_thread)[0x30013004]} sys_spu warning: *** spup -> 16
HLE: W {PPU[1] Thread (main_thread)[0x30013004]} sys_event warning: *** sys_event_port created: id = 63
HLE: W {PPU[1] Thread (main_thread)[0x30013004]} sys_event warning: sys_event_port_connect_local(eport_id=63, equeue_id=62)
HLE: ! {PPU[1] Thread (main_thread)[0x30013004]} sys_ppu_thread : *** New PPU Thread [SpursHdlr0] (joinable, entry=0x0): id = 64
HLE: W {PPU[64] Thread (SpursHdlr0)[0x00000000]} sys_spu warning: sys_spu_thread_group_start(id=56)
HLE: ! {PPU[1] Thread (main_thread)[0x30013004]} sys_ppu_thread : *** New PPU Thread [SpursHdlr1] (joinable, entry=0x0): id = 65
HLE: E {PPU[1] Thread (main_thread)[0x30013004]} sys_spu TODO: sys_spu_thread_group_connect_event(id=56, eq=62, et=0x2)
HLE: W {PPU[1] Thread (main_thread)[0x30013010]} cellSpurs warning: cellSpursGetSpuThreadGroupId(spurs_addr=0xcd8000, group_addr=0xd000fca0)
HLE: W {PPU[1] Thread (main_thread)[0x001abe20]} sys_spu warning: sys_spu_thread_group_connect_event_all_threads(id=56, eq_id=20, req=0x2, spup_addr=0xd000fa00)
HLE: W {PPU[1] Thread (main_thread)[0x001abe20]} sys_spu warning: *** spup -> 1
HLE: W {PPU[64] Thread (SpursHdlr0)[0x00000000]} sys_spu warning: sys_spu_thread_group_join(id=56, cause_addr=0x0, status_addr=0x0)
SPU: E {SPU[57] Thread (CellSpursKernel0)[0x00000a00]} SPURecompilerCore::Compile(ls_addr=0xa00): branch to 0x0 opcode
SPU: E {SPU[58] Thread (CellSpursKernel1)[0x00000a00]} SPURecompilerCore::Compile(ls_addr=0xa00): branch to 0x0 opcode
SPU: E {SPU[59] Thread (CellSpursKernel2)[0x00000a00]} SPURecompilerCore::Compile(ls_addr=0xa00): branch to 0x0 opcode
HLE: W {PPU[1] Thread (main_thread)[0x3001f034]} sys_lwmutex warning: sys_lwmutex_create(lwmutex_addr=0x302b8278, attr_addr=0xd000f978)
HLE: ! {PPU[1] Thread (main_thread)[0x3001f034]} sys_lwmutex : *** lwmutex created [] (attribute=0x11): sq_id = 66
HLE: W {PPU[1] Thread (main_thread)[0x00183190]} sys_event_flag warning: sys_event_flag_create(eflag_id_addr=0x302b8320, attr_addr=0xd000f958, init=0x0)
HLE: W {PPU[1] Thread (main_thread)[0x00183190]} sys_event_flag warning: *** event_flag created [] (protocol=0x1, type=0x10000): id = 67
HLE: ! {PPU[1] Thread (main_thread)[0x3001f01c]} sys_ppu_thread : *** New PPU Thread [Thread Manager Thread] (detached, entry=0x482ef8): id = 68
HLE: W {PPU[1] Thread (main_thread)[0x00183240]} sys_event_flag warning: sys_event_flag_create(eflag_id_addr=0x302b82a0, attr_addr=0xd000f958, init=0x0)
HLE: W {PPU[1] Thread (main_thread)[0x00183240]} sys_event_flag warning: *** event_flag created [] (protocol=0x1, type=0x10000): id = 69
HLE: ! {PPU[1] Thread (main_thread)[0x3001f01c]} sys_ppu_thread : *** New PPU Thread [Thread Change Thread] (detached, entry=0x482f00): id = 70
HLE: W {PPU[1] Thread (main_thread)[0x00182fe8]} sys_event_flag warning: sys_event_flag_create(eflag_id_addr=0x302b83b0, attr_addr=0xd000f880, init=0x0)
HLE: W {PPU[1] Thread (main_thread)[0x00182fe8]} sys_event_flag warning: *** event_flag created [] (protocol=0x1, type=0x10000): id = 71
HLE: ! {PPU[1] Thread (main_thread)[0x3001f01c]} sys_ppu_thread : *** New PPU Thread [Exit Check Thread] (detached, entry=0x482ef0): id = 72
HLE: W {PPU[1] Thread (main_thread)[0x3000901c]} cellGcmSys warning: _cellGcmInitBody(context_addr=0xcfa0cc, cmdSize=0x10000, ioSize=0x100000, ioAddress=0x30300000)
HLE: W {PPU[1] Thread (main_thread)[0x3000901c]} cellGcmSys warning: *** local memory(addr=0xc0000000, size=0xf900000)
HLE: W {PPU[1] Thread (main_thread)[0x3000901c]} cellGcmSys warning: cellGcmInit(): 256MB io address space used
HLE: W {PPU[1] Thread (main_thread)[0x3000901c]} cellGcmSys warning: cellGcmMapEaIoAddress(ea=0x30300000, io=0x0, size=0x100000)
RSX: ! {RSXThread} RSX thread started
HLE: W {PPU[1] Thread (main_thread)[0x300090ac]} cellGcmSys warning: cellGcmMapMainMemory(ea=0x30100000,size=0x200000,offset_addr=0xd000f850)
HLE: W {PPU[1] Thread (main_thread)[0x300090ac]} cellGcmSys warning: cellGcmMapMainMemory(ea=0x30400000,size=0xf000000,offset_addr=0xd000f850)
HLE: W {PPU[1] Thread (main_thread)[0x300090f4]} cellGcmSys warning: cellGcmSetTileInfo(index=3, location=0, offset=0, size=3801088, pitch=5120, comp=7, base=0, bank=0)
HLE: E {PPU[1] Thread (main_thread)[0x300090f4]} cellGcmSys error: cellGcmSetTileInfo: bad compression mode! (7)
HLE: W {PPU[1] Thread (main_thread)[0x3000904c]} cellGcmSys warning: cellGcmBindTile(index=3)
HLE: W {PPU[1] Thread (main_thread)[0x300090f4]} cellGcmSys warning: cellGcmSetTileInfo(index=1, location=0, offset=3801088, size=3932160, pitch=5120, comp=10, base=58, bank=1)
HLE: E {PPU[1] Thread (main_thread)[0x300090f4]} cellGcmSys error: cellGcmSetTileInfo: bad compression mode! (10)
HLE: W {PPU[1] Thread (main_thread)[0x3000904c]} cellGcmSys warning: cellGcmBindTile(index=1)
HLE: W {PPU[1] Thread (main_thread)[0x300090a0]} cellGcmSys warning: cellGcmBindZcull(index=0)
HLE: W {PPU[1] Thread (main_thread)[0x3001d0ac]} cellSysutil warning: cellVideoOutGetResolutionAvailability(videoOut=0, resolutionId=0x1, option_addr=0x2, aspect=0x0, option=0xe86f8200)
HLE: W {PPU[1] Thread (main_thread)[0x300090f4]} cellGcmSys warning: cellGcmSetTileInfo(index=0, location=0, offset=7733248, size=17825792, pitch=8192, comp=0, base=0, bank=0)
HLE: W {PPU[1] Thread (main_thread)[0x3000904c]} cellGcmSys warning: cellGcmBindTile(index=0)
HLE: W {PPU[1] Thread (main_thread)[0x3001d010]} cellSysutil warning: cellVideoOutConfigure(videoOut=0, config_addr=0xd000f830, option_addr=0x0, waitForEvent=0x0)
HLE: W {PPU[1] Thread (main_thread)[0x00176f40]} sys_event_flag warning: sys_event_flag_create(eflag_id_addr=0x302b86cc, attr_addr=0xd000f920, init=0x1)
HLE: W {PPU[1] Thread (main_thread)[0x00176f40]} sys_event_flag warning: *** event_flag created [] (protocol=0x1, type=0x10000): id = 73
HLE: W {PPU[1] Thread (main_thread)[0x00176f40]} sys_event_flag warning: sys_event_flag_create(eflag_id_addr=0x302b86d0, attr_addr=0xd000f920, init=0x1)
HLE: W {PPU[1] Thread (main_thread)[0x00176f40]} sys_event_flag warning: *** event_flag created [] (protocol=0x1, type=0x10000): id = 74
HLE: W {PPU[1] Thread (main_thread)[0x00182fe8]} sys_event_flag warning: sys_event_flag_create(eflag_id_addr=0x302eee50, attr_addr=0xd000f7c0, init=0x0)
HLE: W {PPU[1] Thread (main_thread)[0x00182fe8]} sys_event_flag warning: *** event_flag created [] (protocol=0x1, type=0x10000): id = 75
HLE: ! {PPU[1] Thread (main_thread)[0x3001f01c]} sys_ppu_thread : *** New PPU Thread [VSynch Thread] (detached, entry=0x482ef0): id = 76
HLE: W {PPU[1] Thread (main_thread)[0x300090b8]} cellGcmSys warning: cellGcmSetFlipHandler(handler_addr=0)
HLE: W {PPU[1] Thread (main_thread)[0x30009010]} cellGcmSys warning: cellGcmSetUserHandler(handler_addr=0x482d50)
HLE: W {PPU[1] Thread (main_thread)[0x30009058]} cellGcmSys warning: cellGcmSetFlipMode(mode=2)
HLE: W {PPU[1] Thread (main_thread)[0x300090e8]} cellGcmSys warning: cellGcmSetVBlankHandler(handler_addr=0x482d30)
HLE: W {PPU[1] Thread (main_thread)[0x30001004]} sys_io warning: cellPadInit(max_connect=7)
HLE: W {PPU[1] Thread (main_thread)[0x00182fe8]} sys_event_flag warning: sys_event_flag_create(eflag_id_addr=0x302ef090, attr_addr=0xd000f700, init=0x0)
HLE: W {PPU[1] Thread (main_thread)[0x00182fe8]} sys_event_flag warning: *** event_flag created [] (protocol=0x1, type=0x10000): id = 77
HLE: ! {PPU[1] Thread (main_thread)[0x3001f01c]} sys_ppu_thread : *** New PPU Thread [Sound Fade Thread] (detached, entry=0x482ef0): id = 78
HLE: W {PPU[1] Thread (main_thread)[0x3001d0c4]} cellSysutil warning: cellAudioOutGetState(audioOut=0x0, deviceIndex=0x0, state_addr=0xd000f964)
HLE: W {PPU[1] Thread (main_thread)[0x30005004]} cellAudio warning: cellAudioInit()
HLE: ! {Audio Thread} cellAudio : Audio thread started
HLE: W {PPU[1] Thread (main_thread)[0x0019ec5c]} libmixer warning: cellSurMixerCreate(config_addr=0xd000f950)
HLE: W {PPU[1] Thread (main_thread)[0x0019ec5c]} libmixer warning: *** audio port opened(default)
HLE: W {PPU[1] Thread (main_thread)[0x0019ec5c]} libmixer warning: *** surMixer created (ch1=0, ch2=1, ch6=0, ch8=0)
HLE: W {PPU[1] Thread (main_thread)[0x0019c0e8]} libmixer warning: cellSurMixerGetAANHandle(handle_addr=0x315801ec) -> 286331153
HLE: W {PPU[1] Thread (main_thread)[0x0019c988]} libmixer warning: cellSurMixerChStripGetAANPortNo(port_addr=0x315801f0, type=0x2, index=0x0) -> 0x20000
HLE: W {PPU[1] Thread (main_thread)[0x0019c120]} libmixer warning: cellSurMixerSetNotifyCallback(func_addr=0x482ea0, arg=0x315801c0)
HLE: W {PPU[1] Thread (main_thread)[0x00182fe8]} sys_event_flag warning: sys_event_flag_create(eflag_id_addr=0x302ef340, attr_addr=0xd000f810, init=0x0)
HLE: W {PPU[1] Thread (main_thread)[0x00182fe8]} sys_event_flag warning: *** event_flag created [] (protocol=0x1, type=0x10000): id = 80
HLE: ! {PPU[1] Thread (main_thread)[0x3001f01c]} sys_ppu_thread : *** New PPU Thread [Sound Play Thread] (detached, entry=0x482ef0): id = 81
HLE: W {PPU[1] Thread (main_thread)[0x0019e2d4]} libmixer warning: cellSurMixerStart()
HLE: W {PPU[1] Thread (main_thread)[0x3001901c]} sceNp warning: sceNpInit(mem_size=0x20000, mem_addr=0xcda000)
HLE: W {PPU[1] Thread (main_thread)[0x00182fe8]} sys_event_flag warning: sys_event_flag_create(eflag_id_addr=0x302ef7b0, attr_addr=0xd000f740, init=0x0)
HLE: W {PPU[1] Thread (main_thread)[0x00182fe8]} sys_event_flag warning: *** event_flag created [] (protocol=0x1, type=0x10000): id = 82
HLE: ! {PPU[1] Thread (main_thread)[0x3001f01c]} sys_ppu_thread : *** New PPU Thread [File Thread] (detached, entry=0x482ef0): id = 83
HLE: W {PPU[1] Thread (main_thread)[0x3001d040]} cellSysutil warning: cellSysutilEnableBgmPlayback()
HLE: W {PPU[1] Thread (main_thread)[0x30017028]} cellGame warning: cellGameDataCheck(type=0x2, dirName_addr=0x40fd5c, size_addr=0xd000f720)
HLE: W {PPU[1] Thread (main_thread)[0x30017028]} cellGame warning: cellGameDataCheck(): '/dev_hdd0/game/BLES02115' directory not found
HLE: W {PPU[1] Thread (main_thread)[0x30017010]} cellGame warning: cellGameContentPermit(contentInfoPath_addr=0xcd7f28, usrdirPath_addr=0x302ef563)
HLE: W {PPU[1] Thread (main_thread)[0x30017010]} cellGame warning: cellGameContentPermit(): CELL_GAME_ERROR_FAILURE (no permission given)
HLE: W {PPU[1] Thread (main_thread)[0x30017028]} cellGame warning: cellGameDataCheck(type=0x3, dirName_addr=0x302ef66c, size_addr=0xd000f720)
HLE: W {PPU[1] Thread (main_thread)[0x30017028]} cellGame warning: cellGameDataCheck(): '/dev_hdd0/game/BLES02115GAMEDATA' directory not found
HLE: W {PPU[1] Thread (main_thread)[0x30017010]} cellGame warning: cellGameContentPermit(contentInfoPath_addr=0xcd7f28, usrdirPath_addr=0x302ef5ec)
HLE: W {PPU[1] Thread (main_thread)[0x30017010]} cellGame warning: cellGameContentPermit(): CELL_GAME_ERROR_FAILURE (no permission given)
HLE: W {PPU[1] Thread (main_thread)[0x300090f4]} cellGcmSys warning: cellGcmSetTileInfo(index=4, location=0, offset=25624576, size=52559872, pitch=5120, comp=0, base=118, bank=0)
HLE: W {PPU[1] Thread (main_thread)[0x3000904c]} cellGcmSys warning: cellGcmBindTile(index=4)
HLE: W {PPU[1] Thread (main_thread)[0x300090f4]} cellGcmSys warning: cellGcmSetTileInfo(index=5, location=0, offset=78184448, size=6750208, pitch=5120, comp=0, base=920, bank=0)
HLE: E {PPU[1] Thread (main_thread)[0x300090f4]} cellGcmSys error: cellGcmSetTileInfo : CELL_GCM_ERROR_INVALID_VALUE
HLE: W {PPU[1] Thread (main_thread)[0x3000904c]} cellGcmSys warning: cellGcmBindTile(index=5)
HLE: W {PPU[1] Thread (main_thread)[0x300090f4]} cellGcmSys warning: cellGcmSetTileInfo(index=6, location=0, offset=84934656, size=10420224, pitch=5120, comp=0, base=1023, bank=1)
HLE: E {PPU[1] Thread (main_thread)[0x300090f4]} cellGcmSys error: cellGcmSetTileInfo : CELL_GCM_ERROR_INVALID_VALUE
HLE: W {PPU[1] Thread (main_thread)[0x3000904c]} cellGcmSys warning: cellGcmBindTile(index=6)
HLE: E {PPU[1] Thread (main_thread)[0x30011028]} cellSpursJq TODO: cellSpursJobQueueAttributeInitialize
HLE: E {PPU[1] Thread (main_thread)[0x30011070]} cellSpursJq TODO: cellSpursJobQueueAttributeSetGrabParameters
HLE: E {PPU[1] Thread (main_thread)[0x3001101c]} cellSpursJq TODO: cellSpursJobQueueAttributeSetMaxSizeJobDescriptor
HLE: E {PPU[1] Thread (main_thread)[0x30011010]} cellSpursJq TODO: cellSpursJobQueueAttributeSetSubmitWithEntryLock
HLE: E {PPU[1] Thread (main_thread)[0x30011004]} cellSpursJq TODO: cellSpursJobQueueAttributeSetDoBusyWaiting
HLE: E {PPU[1] Thread (main_thread)[0x300110a0]} cellSpursJq TODO: cellSpursJobQueueAttributeSetIsHaltOnError
HLE: E {PPU[1] Thread (main_thread)[0x30011034]} cellSpursJq TODO: cellSpursJobQueueAttributeSetIsJobTypeMemoryCheck
HLE: E {PPU[1] Thread (main_thread)[0x30011088]} cellSpursJq TODO: _cellSpursCreateJobQueue
HLE: E {PPU[1] Thread (main_thread)[0x3001107c]} cellSpursJq TODO: cellSpursJobQueuePort2Create
HLE: E {PPU[1] Thread (main_thread)[0x30011028]} cellSpursJq TODO: cellSpursJobQueueAttributeInitialize
HLE: E {PPU[1] Thread (main_thread)[0x30011070]} cellSpursJq TODO: cellSpursJobQueueAttributeSetGrabParameters
HLE: E {PPU[1] Thread (main_thread)[0x3001101c]} cellSpursJq TODO: cellSpursJobQueueAttributeSetMaxSizeJobDescriptor
HLE: E {PPU[1] Thread (main_thread)[0x30011010]} cellSpursJq TODO: cellSpursJobQueueAttributeSetSubmitWithEntryLock
HLE: E {PPU[1] Thread (main_thread)[0x30011004]} cellSpursJq TODO: cellSpursJobQueueAttributeSetDoBusyWaiting
HLE: E {PPU[1] Thread (main_thread)[0x300110a0]} cellSpursJq TODO: cellSpursJobQueueAttributeSetIsHaltOnError
HLE: E {PPU[1] Thread (main_thread)[0x30011034]} cellSpursJq TODO: cellSpursJobQueueAttributeSetIsJobTypeMemoryCheck
HLE: E {PPU[1] Thread (main_thread)[0x30011088]} cellSpursJq TODO: _cellSpursCreateJobQueue
HLE: E {PPU[1] Thread (main_thread)[0x3001107c]} cellSpursJq TODO: cellSpursJobQueuePort2Create
HLE: W {PPU[1] Thread (main_thread)[0x3000704c]} sys_fs warning: cellFsSdataOpen(path="/dev_bdvd/PS3_GAME/USRDIR/DataBase.sdat", flags=0x0, fd_addr=0x33a5dc58, arg_addr=0x0, size=0x0) -> cellFsOpen()
HLE: ! {PPU[1] Thread (main_thread)[0x3000704c]} sys_fs : "/dev_bdvd/PS3_GAME/USRDIR/DataBase.sdat" opened: fd = 84
HLE: W {PPU[1] Thread (main_thread)[0x30007064]} sys_fs warning: cellFsFstat(fd=84, sb_addr=0xd000f540)
