HLE: ! path: /dev_hdd0/game/
HLE: W No pause.bin found, Auto Pause will not work.
HLE: W No pause.bin found, Auto Pause will not work.
LDR: ! Loading 'D:\Emulateurs\Rpcs3\dev_hdd0\game\BLES00130-[TONY HAWK'S PROVING GROUND]/PS3_GAME/USRDIR/BOOT.BIN'...
LDR: !  
LDR: ! Mount info:
LDR: ! /dev_hdd0/ -> ./dev_hdd0/
LDR: ! /dev_hdd1/ -> ./dev_hdd1/
LDR: ! /dev_flash/ -> ./dev_flash/
LDR: ! /dev_usb000/ -> ./dev_usb000/
LDR: ! /dev_usb/ -> ./dev_usb000/
LDR: ! /app_home/ -> D:\Emulateurs\Rpcs3\dev_hdd0\game\BLES00130-[TONY HAWK'S PROVING GROUND]/PS3_GAME/
LDR: ! /dev_bdvd/ -> D:\Emulateurs\Rpcs3\dev_hdd0\game\BLES00130-[TONY HAWK'S PROVING GROUND]/PS3_GAME//../
LDR: ! /host_root/ -> 
LDR: ! /app_home/PS3_GAME/USRDIR/ -> D:\Emulateurs\Rpcs3\dev_hdd0\game\BLES00130-[TONY HAWK'S PROVING GROUND]/PS3_GAME//USRDIR/
LDR: ! /dev_flash2/ -> ./dev_flash2/
LDR: ! /app_home/Game/PS3_GAME/USRDIR/ -> D:\Emulateurs\Rpcs3\dev_hdd0\game\BLES00130-[TONY HAWK'S PROVING GROUND]/PS3_GAME//USRDIR/
LDR: ! //dev_hdd0/ -> ./dev_hdd0/
LDR: ! / -> D:\Emulateurs\Rpcs3\dev_hdd0\game\BLES00130-[TONY HAWK'S PROVING GROUND]/PS3_GAME//USRDIR/
LDR: !  
LDR: ! Title: TONY HAWK'S PROVING GROUND
LDR: ! Serial: BLES00130
LDR: !  
MEM: ! Initializing memory: m_base_addr = 0x2ced320000
MEM: ! Memory initialized.
LDR: ! Imported function 'cellGcmGetTiledPitchSize' in 'cellGcmSys' module
LDR: ! Imported function 'cellGcmSetPrepareFlip' in 'cellGcmSys' module
LDR: ! Imported function '_cellGcmInitBody' in 'cellGcmSys' module
LDR: ! Imported function 'cellGcmAddressToOffset' in 'cellGcmSys' module
LDR: ! Imported function 'cellGcmIoOffsetToAddress' in 'cellGcmSys' module
LDR: ! Imported function '_cellGcmFunc15' in 'cellGcmSys' module
LDR: ! Imported function 'cellGcmSetFlipMode' in 'cellGcmSys' module
LDR: ! Imported function 'cellGcmSetDebugOutputLevel' in 'cellGcmSys' module
LDR: ! Imported function 'cellGcmGetTimeStamp' in 'cellGcmSys' module
LDR: ! Imported function 'cellGcmGetReport' in 'cellGcmSys' module
LDR: ! Imported function 'cellGcmMapMainMemory' in 'cellGcmSys' module
LDR: ! Imported function 'cellGcmSetFlipHandler' in 'cellGcmSys' module
LDR: ! Imported function 'cellGcmSetDisplayBuffer' in 'cellGcmSys' module
LDR: ! Imported function 'cellGcmGetControlRegister' in 'cellGcmSys' module
LDR: ! Imported function 'cellGcmSetVBlankHandler' in 'cellGcmSys' module
LDR: ! Imported function 'cellGcmSetFlipImmediate' in 'cellGcmSys' module
LDR: ! Imported function 'cellGcmSetInvalidateTile' in 'cellGcmSys' module
LDR: ! Imported function 'cellGcmSetTile' in 'cellGcmSys' module
LDR: ! Imported function 'cellGcmSetZcull' in 'cellGcmSys' module
LDR: ! Imported function 'cellGcmSetFlip' in 'cellGcmSys' module
LDR: W Unimplemented function 'cellGcmSetWaitFlipUnsafe' in 'cellGcmSys' module
LDR: ! Imported function 'cellGcmGetConfiguration' in 'cellGcmSys' module
LDR: ! Imported function 'cellGcmUnmapEaIoAddress' in 'cellGcmSys' module
LDR: ! Imported function 'cellPadInfoPressMode' in 'sys_io' module
LDR: ! Imported function 'cellPadInit' in 'sys_io' module
LDR: ! Imported function 'cellPadGetInfo' in 'sys_io' module
LDR: ! Imported function 'cellPadInfoSensorMode' in 'sys_io' module
LDR: ! Imported function 'cellPadGetData' in 'sys_io' module
LDR: ! Imported function 'cellPadSetSensorMode' in 'sys_io' module
LDR: ! Imported function 'cellPadSetPressMode' in 'sys_io' module
LDR: ! Imported function 'cellSysmoduleUnloadModule' in 'cellSysmodule' module
LDR: ! Imported function 'cellSysmoduleLoadModule' in 'cellSysmodule' module
LDR: ! Imported function 'sys_net_initialize_network_ex' in 'sys_net' module
LDR: ! Imported function 'listen' in 'sys_net' module
LDR: ! Imported function 'sys_net_get_sockinfo' in 'sys_net' module
LDR: W Unimplemented function 'socketselect' in 'sys_net' module
LDR: ! Imported function '_sys_net_errno_loc' in 'sys_net' module
LDR: ! Imported function 'connect' in 'sys_net' module
LDR: ! Imported function 'socketclose' in 'sys_net' module
LDR: ! Imported function 'setsockopt' in 'sys_net' module
LDR: ! Imported function 'socket' in 'sys_net' module
LDR: ! Imported function 'shutdown' in 'sys_net' module
LDR: ! Imported function 'bind' in 'sys_net' module
LDR: ! Imported function 'sys_net_show_ifconfig' in 'sys_net' module
LDR: ! Imported function 'sys_net_finalize_network' in 'sys_net' module
LDR: ! Imported function '_sys_net_h_errno_loc' in 'sys_net' module
LDR: ! Imported function 'accept' in 'sys_net' module
LDR: ! Imported function 'inet_addr' in 'sys_net' module
LDR: ! Imported function 'send' in 'sys_net' module
LDR: ! Imported function 'recv' in 'sys_net' module
LDR: ! Imported function 'recvfrom' in 'sys_net' module
LDR: W Unimplemented function 'gethostbyname' in 'sys_net' module
LDR: W Unimplemented function 'inet_ntoa' in 'sys_net' module
LDR: ! Imported function 'sys_net_abort_resolver' in 'sys_net' module
LDR: ! Imported function 'sendto' in 'sys_net' module
LDR: ! Imported function 'sys_net_free_thread_context' in 'sys_net' module
LDR: ! Imported function 'cellNetCtlNetStartDialogLoadAsync' in 'cellNetCtl' module
LDR: ! Imported function 'cellNetCtlNetStartDialogUnloadAsync' in 'cellNetCtl' module
LDR: ! Imported function 'cellNetCtlTerm' in 'cellNetCtl' module
LDR: ! Imported function 'cellNetCtlGetInfo' in 'cellNetCtl' module
LDR: ! Imported function 'cellNetCtlGetState' in 'cellNetCtl' module
LDR: ! Imported function 'cellNetCtlInit' in 'cellNetCtl' module
LDR: ! Imported function 'cellSysutilUnregisterCallback' in 'cellSysutil' module
LDR: ! Imported function 'cellVideoOutConfigure' in 'cellSysutil' module
LDR: ! Imported function 'cellSysutilCheckCallback' in 'cellSysutil' module
LDR: ! Imported function 'cellSysCacheMount' in 'cellSysutil' module
LDR: ! Imported function 'cellSaveDataListAutoLoad' in 'cellSysutil' module
LDR: ! Imported function 'cellSysutilGetSystemParamInt' in 'cellSysutil' module
LDR: ! Imported function 'cellAudioOutConfigure' in 'cellSysutil' module
LDR: ! Imported function 'cellVideoOutGetState' in 'cellSysutil' module
LDR: ! Imported function 'cellSaveDataAutoSave2' in 'cellSysutil' module
LDR: ! Imported function 'cellSysutilRegisterCallback' in 'cellSysutil' module
LDR: ! Imported function 'cellVideoOutGetResolutionAvailability' in 'cellSysutil' module
LDR: W Unimplemented function 'cellDiscGameGetBootDiscInfo' in 'cellSysutil' module
LDR: ! Imported function 'cellAudioOutGetSoundAvailability' in 'cellSysutil' module
LDR: ! Imported function 'cellGameDataCheckCreate2' in 'cellSysutil' module
LDR: ! Imported function 'cellVideoOutGetResolution' in 'cellSysutil' module
LDR: ! Imported function 'cellGameDataCheckCreate' in 'cellSysutil' module
LDR: W Unimplemented function 'cellSaveDataDelete2' in 'cellSysutil' module
LDR: W Unimplemented function 'cellMsgDialogOpen' in 'cellSysutil' module
LDR: ! Imported function 'cellSaveDataAutoLoad2' in 'cellSysutil' module
LDR: ! Imported function 'cellFsFtruncate' in 'sys_fs' module
LDR: ! Imported function 'cellFsRmdir' in 'sys_fs' module
LDR: ! Imported function 'cellFsClose' in 'sys_fs' module
LDR: ! Imported function 'cellFsOpendir' in 'sys_fs' module
LDR: ! Imported function 'cellFsRead' in 'sys_fs' module
LDR: ! Imported function 'cellFsReaddir' in 'sys_fs' module
LDR: ! Imported function 'cellFsOpen' in 'sys_fs' module
LDR: ! Imported function 'cellFsStat' in 'sys_fs' module
LDR: ! Imported function 'cellFsUnlink' in 'sys_fs' module
LDR: ! Imported function 'cellFsFsync' in 'sys_fs' module
LDR: ! Imported function 'cellFsLseek' in 'sys_fs' module
LDR: ! Imported function 'cellFsMkdir' in 'sys_fs' module
LDR: ! Imported function 'cellFsWrite' in 'sys_fs' module
LDR: ! Imported function 'cellFsFstat' in 'sys_fs' module
LDR: ! Imported function 'cellFsClosedir' in 'sys_fs' module
LDR: W Unimplemented function 'cellUsbdInterruptTransfer' in 'cellUsbd' module
LDR: W Unimplemented function 'cellUsbdClosePipe' in 'cellUsbd' module
LDR: ! Imported function 'cellSpursEventFlagDetachLv2EventQueue' in 'cellSpurs' module
LDR: ! Imported function 'cellSpursEnableExceptionEventHandler' in 'cellSpurs' module
LDR: ! Imported function 'cellSpursEventFlagWait' in 'cellSpurs' module
LDR: ! Imported function 'cellSpursDetachLv2EventQueue' in 'cellSpurs' module
LDR: ! Imported function 'cellSpursCreateTaskset' in 'cellSpurs' module
LDR: ! Imported function 'cellSpursRemoveWorkload' in 'cellSpurs' module
LDR: ! Imported function '_cellSpursEventFlagInitialize' in 'cellSpurs' module
LDR: ! Imported function 'cellSpursWaitForWorkloadShutdown' in 'cellSpurs' module
LDR: ! Imported function 'cellSpursAddWorkload' in 'cellSpurs' module
LDR: ! Imported function 'cellSpursGetSpuThreadId' in 'cellSpurs' module
LDR: ! Imported function 'cellSpursWakeUp' in 'cellSpurs' module
LDR: ! Imported function 'cellSpursEventFlagAttachLv2EventQueue' in 'cellSpurs' module
LDR: ! Imported function 'cellSpursShutdownWorkload' in 'cellSpurs' module
LDR: ! Imported function 'cellSpursJoinTaskset' in 'cellSpurs' module
LDR: ! Imported function 'cellSpursShutdownTaskset' in 'cellSpurs' module
LDR: ! Imported function 'cellSpursInitialize' in 'cellSpurs' module
LDR: ! Imported function 'cellSpursAttachLv2EventQueue' in 'cellSpurs' module
LDR: ! Imported function 'cellSpursCreateTask' in 'cellSpurs' module
LDR: ! Imported function 'cellSpursFinalize' in 'cellSpurs' module
LDR: ! Imported function 'cellSpursSetExceptionEventHandler' in 'cellSpurs' module
LDR: ! Imported function 'cellSpursEventFlagSet' in 'cellSpurs' module
LDR: ! Imported function 'cellSpursReadyCountStore' in 'cellSpurs' module
LDR: ! Imported function 'cellAudioInit' in 'cellAudio' module
LDR: ! Imported function 'cellAudioSetNotifyEventQueue' in 'cellAudio' module
LDR: ! Imported function 'cellAudioGetPortTimestamp' in 'cellAudio' module
LDR: ! Imported function 'cellAudioPortClose' in 'cellAudio' module
LDR: ! Imported function 'cellAudioPortStop' in 'cellAudio' module
LDR: ! Imported function 'cellAudioGetPortConfig' in 'cellAudio' module
LDR: ! Imported function 'cellAudioPortStart' in 'cellAudio' module
LDR: ! Imported function 'cellAudioQuit' in 'cellAudio' module
LDR: ! Imported function 'cellAudioPortOpen' in 'cellAudio' module
LDR: ! Imported function 'cellAudioGetPortBlockTag' in 'cellAudio' module
LDR: ! Imported function 'cellAudioRemoveNotifyEventQueue' in 'cellAudio' module
LDR: ! Imported function 'cellSyncLFQueueSize' in 'cellSync' module
LDR: ! Imported function 'cellSyncMutexLock' in 'cellSync' module
LDR: ! Imported function 'cellSyncLFQueueClear' in 'cellSync' module
LDR: ! Imported function 'cellSyncQueueInitialize' in 'cellSync' module
LDR: ! Imported function 'cellSyncQueuePush' in 'cellSync' module
LDR: ! Imported function 'cellSyncMutexUnlock' in 'cellSync' module
LDR: ! Imported function 'cellSyncQueueTryPop' in 'cellSync' module
LDR: ! Imported function 'cellSyncMutexInitialize' in 'cellSync' module
LDR: ! Imported function 'cellSyncLFQueueInitialize' in 'cellSync' module
LDR: ! Imported function '_cellSyncLFQueuePushBody' in 'cellSync' module
LDR: ! Imported function 'cellSyncMutexTryLock' in 'cellSync' module
LDR: ! Imported function 'cellRtcGetCurrentClockLocalTime' in 'cellRtc' module
LDR: ! Imported function 'cellRtcSetTick' in 'cellRtc' module
LDR: ! Imported function 'cellRtcSetTime_t' in 'cellRtc' module
LDR: ! Imported function 'cellRtcConvertUtcToLocalTime' in 'cellRtc' module
LDR: ! Imported function 'cellRtcGetTick' in 'cellRtc' module
LDR: ! Imported function 'cellAtracGetBitrate' in 'cellAtrac' module
LDR: ! Imported function 'cellAtracGetChannel' in 'cellAtrac' module
LDR: ! Imported function 'cellAtracGetStreamDataInfo' in 'cellAtrac' module
LDR: ! Imported function 'cellAtracAddStreamData' in 'cellAtrac' module
LDR: ! Imported function 'cellAtracGetMaxSample' in 'cellAtrac' module
LDR: ! Imported function 'cellAtracSetDataAndGetMemSize' in 'cellAtrac' module
LDR: ! Imported function 'cellAtracDeleteDecoder' in 'cellAtrac' module
LDR: ! Imported function 'cellAtracResetPlayPosition' in 'cellAtrac' module
LDR: ! Imported function 'cellAtracSetLoopNum' in 'cellAtrac' module
LDR: ! Imported function 'cellAtracDecode' in 'cellAtrac' module
LDR: ! Imported function 'cellAtracGetBufferInfoForResetting' in 'cellAtrac' module
LDR: ! Imported function 'cellAtracGetSoundInfo' in 'cellAtrac' module
LDR: ! Imported function 'cellAtracGetRemainFrame' in 'cellAtrac' module
LDR: ! Imported function 'cellAtracCreateDecoder' in 'cellAtrac' module
LDR: ! Imported function 'sceNpManagerGetTicket' in 'sceNp' module
LDR: ! Imported function 'sceNpTerm' in 'sceNp' module
LDR: ! Imported function 'sceNpManagerGetTicketParam' in 'sceNp' module
LDR: ! Imported function 'sceNpManagerGetContentRatingFlag' in 'sceNp' module
LDR: ! Imported function 'sceNpManagerRequestTicket' in 'sceNp' module
LDR: ! Imported function 'sceNpManagerGetStatus' in 'sceNp' module
LDR: ! Imported function 'sceNpDrmIsAvailable' in 'sceNp' module
LDR: ! Imported function 'sceNpInit' in 'sceNp' module
LDR: ! Imported function 'sceNpManagerGetOnlineId' in 'sceNp' module
LDR: ! Imported function 'sceNpManagerRegisterCallback' in 'sceNp' module
LDR: ! Imported function 'sceNpManagerGetChatRestrictionFlag' in 'sceNp' module
LDR: ! Imported function 'sceNpManagerGetNpId' in 'sceNp' module
LDR: W Unimplemented function 'cellMicOpenEx' in 'cellMic' module
LDR: W Unimplemented function 'cellMicRead' in 'cellMic' module
LDR: W Unimplemented function 'cellMicGetDeviceAttr' in 'cellMic' module
LDR: W Unimplemented function 'cellMicReset' in 'cellMic' module
LDR: W Unimplemented function 'cellMicSetNotifyEventQueue' in 'cellMic' module
LDR: W Unimplemented function 'cellMicInit' in 'cellMic' module
LDR: W Unimplemented function 'cellMicGetFormatDsp' in 'cellMic' module
LDR: W Unimplemented function 'cellMicClose' in 'cellMic' module
LDR: W Unimplemented function 'cellMicGetType' in 'cellMic' module
LDR: W Unimplemented function 'cellMicSetDeviceAttr' in 'cellMic' module
LDR: W Unimplemented function 'cellMicGetSignalState' in 'cellMic' module
LDR: W Unimplemented function 'cellMicEnd' in 'cellMic' module
LDR: W Unimplemented function 'cellMicStart' in 'cellMic' module
LDR: W Unimplemented function 'cellCelpEncClose' in 'cellCelpEnc' module
LDR: W Unimplemented function 'cellCelpEncGetAu' in 'cellCelpEnc' module
LDR: W Unimplemented function 'cellCelpEncStart' in 'cellCelpEnc' module
LDR: W Unimplemented function 'cellCelpEncQueryAttr' in 'cellCelpEnc' module
LDR: W Unimplemented function 'cellCelpEncOpen' in 'cellCelpEnc' module
LDR: W Unimplemented function 'cellCelpEncEncodeFrame' in 'cellCelpEnc' module
LDR: W Unimplemented function 'cellCelpEncWaitForOutput' in 'cellCelpEnc' module
LDR: W Unimplemented function 'cellCelpEncEnd' in 'cellCelpEnc' module
LDR: ! Imported function 'cellAdecDecodeAu' in 'cellAdec' module
LDR: ! Imported function 'cellAdecStartSeq' in 'cellAdec' module
LDR: ! Imported function 'cellAdecQueryAttr' in 'cellAdec' module
LDR: ! Imported function 'cellAdecClose' in 'cellAdec' module
LDR: ! Imported function 'cellAdecGetPcm' in 'cellAdec' module
LDR: ! Imported function 'cellAdecGetPcmItem' in 'cellAdec' module
LDR: ! Imported function 'cellAdecOpen' in 'cellAdec' module
LDR: ! Imported function 'cellAdecEndSeq' in 'cellAdec' module
LDR: ! Imported function 'sys_lwmutex_lock' in 'sysPrxForUser' module
LDR: ! Imported function 'sys_lwmutex_unlock' in 'sysPrxForUser' module
LDR: ! Imported function 'sys_ppu_thread_create' in 'sysPrxForUser' module
LDR: ! Imported function '_sys_process_atexitspawn' in 'sysPrxForUser' module
LDR: ! Imported function 'sys_lwmutex_create' in 'sysPrxForUser' module
LDR: ! Imported function 'sys_ppu_thread_get_id' in 'sysPrxForUser' module
LDR: ! Imported function '_sys_heap_malloc' in 'sysPrxForUser' module
LDR: ! Imported function 'sys_mmapper_free_memory' in 'sysPrxForUser' module
LDR: ! Imported function '_sys_heap_memalign' in 'sysPrxForUser' module
LDR: ! Imported function 'sys_mmapper_unmap_memory' in 'sysPrxForUser' module
LDR: ! Imported function 'sys_spinlock_unlock' in 'sysPrxForUser' module
LDR: ! Imported function 'sys_spinlock_trylock' in 'sysPrxForUser' module
LDR: ! Imported function 'sys_initialize_tls' in 'sysPrxForUser' module
LDR: ! Imported function 'sys_time_get_system_time' in 'sysPrxForUser' module
LDR: W Unimplemented function '_sys_heap_free' in 'sysPrxForUser' module
LDR: ! Imported function 'sys_spinlock_initialize' in 'sysPrxForUser' module
LDR: ! Imported function 'sys_spinlock_lock' in 'sysPrxForUser' module
LDR: ! Imported function 'sys_prx_exitspawn_with_level' in 'sysPrxForUser' module
LDR: ! Imported function 'sys_lwmutex_trylock' in 'sysPrxForUser' module
LDR: W Unimplemented function '_sys_heap_delete_heap' in 'sysPrxForUser' module
LDR: ! Imported function 'sys_ppu_thread_exit' in 'sysPrxForUser' module
LDR: ! Imported function 'sys_mmapper_allocate_memory' in 'sysPrxForUser' module
LDR: ! Imported function '_sys_heap_create_heap' in 'sysPrxForUser' module
LDR: ! Imported function 'sys_lwmutex_destroy' in 'sysPrxForUser' module
LDR: ! Imported function 'sys_mmapper_map_memory' in 'sysPrxForUser' module
LDR: ! Imported function 'sys_spu_image_close' in 'sysPrxForUser' module
LDR: ! Imported function 'sys_process_exit' in 'sysPrxForUser' module
LDR: ! Imported function 'sys_spu_image_import' in 'sysPrxForUser' module
LDR: W Unimplemented function 'console_write' in 'sysPrxForUser' module
HLE: W {PPU[1] Thread (CPUThread)[0x00ea4034]} sys_lwmutex warning: sys_lwmutex_create(lwmutex_addr=0x107c0c70, attr_addr=0x1003c0b4)
HLE: ! {PPU[1] Thread (CPUThread)[0x00ea4034]} sys_lwmutex: *** lwmutex created [] (attribute=0x12): sq_id = 3
HLE: W {PPU[1] Thread (CPUThread)[0x00ea4034]} sys_lwmutex warning: sys_lwmutex_create(lwmutex_addr=0x107c0c88, attr_addr=0x1003c0b4)
HLE: ! {PPU[1] Thread (CPUThread)[0x00ea4034]} sys_lwmutex: *** lwmutex created [] (attribute=0x12): sq_id = 4
HLE: W {PPU[1] Thread (CPUThread)[0x00ea4034]} sys_lwmutex warning: sys_lwmutex_create(lwmutex_addr=0x30100020, attr_addr=0x1003c0b4)
HLE: ! {PPU[1] Thread (CPUThread)[0x00ea4034]} sys_lwmutex: *** lwmutex created [] (attribute=0x12): sq_id = 5
HLE: W {PPU[1] Thread (CPUThread)[0x00ea4034]} sys_lwmutex warning: sys_lwmutex_create(lwmutex_addr=0x30100050, attr_addr=0x1003c0b4)
HLE: ! {PPU[1] Thread (CPUThread)[0x00ea4034]} sys_lwmutex: *** lwmutex created [] (attribute=0x12): sq_id = 6
HLE: W {PPU[1] Thread (CPUThread)[0x00ea4034]} sys_lwmutex warning: sys_lwmutex_create(lwmutex_addr=0x30100080, attr_addr=0x1003c0b4)
HLE: ! {PPU[1] Thread (CPUThread)[0x00ea4034]} sys_lwmutex: *** lwmutex created [] (attribute=0x12): sq_id = 7
HLE: W {PPU[1] Thread (CPUThread)[0x00ea4034]} sys_lwmutex warning: sys_lwmutex_create(lwmutex_addr=0x301000b0, attr_addr=0x1003c0b4)
HLE: ! {PPU[1] Thread (CPUThread)[0x00ea4034]} sys_lwmutex: *** lwmutex created [] (attribute=0x12): sq_id = 8
HLE: W {PPU[1] Thread (CPUThread)[0x00ea4034]} sys_lwmutex warning: sys_lwmutex_create(lwmutex_addr=0x301000e0, attr_addr=0x1003c0b4)
HLE: ! {PPU[1] Thread (CPUThread)[0x00ea4034]} sys_lwmutex: *** lwmutex created [] (attribute=0x12): sq_id = 9
HLE: W {PPU[1] Thread (CPUThread)[0x00ea4034]} sys_lwmutex warning: sys_lwmutex_create(lwmutex_addr=0x30100110, attr_addr=0x1003c0b4)
HLE: ! {PPU[1] Thread (CPUThread)[0x00ea4034]} sys_lwmutex: *** lwmutex created [] (attribute=0x12): sq_id = 10
HLE: W {PPU[1] Thread (CPUThread)[0x00ea4034]} sys_lwmutex warning: sys_lwmutex_create(lwmutex_addr=0x30100140, attr_addr=0x1003c0b4)
HLE: ! {PPU[1] Thread (CPUThread)[0x00ea4034]} sys_lwmutex: *** lwmutex created [] (attribute=0x12): sq_id = 11
HLE: W {PPU[1] Thread (CPUThread)[0x0068c2a0]} sys_mmapper warning: sys_mmapper_allocate_address(size=0x10000000, flags=0x40a, alignment=0x0, alloc_addr=0xd000faa0)
HLE: W {PPU[1] Thread (CPUThread)[0x00ea4100]} sys_mmapper warning: sys_mmapper_allocate_memory(size=0xa600000, flags=0x400, mem_id_addr=0x1075aea8)
HLE: W {PPU[1] Thread (CPUThread)[0x00ea4124]} sys_mmapper warning: sys_mmapper_map_memory(start_addr=0x0, mem_id=0xc, flags=0x40000)
HLE: E {PPU[1] Thread (CPUThread)[0x00ea4124]} sys_mmapper error: sys_mmapper_map_memory failed!
HLE: W {PPU[1] Thread (CPUThread)[0x0068c348]} sys_mmapper warning: sys_mmapper_allocate_address(size=0x10000000, flags=0x40a, alignment=0x0, alloc_addr=0xd000faa0)
HLE: W {PPU[1] Thread (CPUThread)[0x00ea4100]} sys_mmapper warning: sys_mmapper_allocate_memory(size=0x800000, flags=0x400, mem_id_addr=0x1075aea4)
HLE: W {PPU[1] Thread (CPUThread)[0x00ea4124]} sys_mmapper warning: sys_mmapper_map_memory(start_addr=0x0, mem_id=0xd, flags=0x40000)
HLE: E {PPU[1] Thread (CPUThread)[0x00ea4124]} sys_mmapper error: sys_mmapper_map_memory failed!
TTY: About to test HEAP_SWAP address space.  The message 'page fault handler (DSI): invalid access address 0x70000000!' indicates a failure.
G: E {PPU[1] Thread (CPUThread)[0x0068c3a0]} Exception: Access violation: addr = 0x0 (is_alive=1, last_syscall=0x0 (Unknown func id: 0x00000000))
HLE: ! All threads stopped...
MEM: ! Closing memory...
