HLE: ! path: /dev_hdd0/game/
HLE: W No pause.bin found, Auto Pause will not work.
HLE: W No pause.bin found, Auto Pause will not work.
LDR: ! Loading 'D:\Emulateurs\Rpcs3\dev_hdd0\game\BLES01114-[Child of Eden]/PS3_GAME/USRDIR/BOOT.BIN'...
LDR: !  
LDR: ! Mount info:
LDR: ! /dev_hdd0/ -> ./dev_hdd0/
LDR: ! /dev_hdd1/ -> ./dev_hdd1/
LDR: ! /dev_flash/ -> ./dev_flash/
LDR: ! /dev_usb000/ -> ./dev_usb000/
LDR: ! /dev_usb/ -> ./dev_usb000/
LDR: ! /app_home/ -> D:\Emulateurs\Rpcs3\dev_hdd0\game\BLES01114-[Child of Eden]/PS3_GAME/
LDR: ! /dev_bdvd/ -> D:\Emulateurs\Rpcs3\dev_hdd0\game\BLES01114-[Child of Eden]/PS3_GAME//../
LDR: ! /host_root/ -> 
LDR: ! /app_home/PS3_GAME/USRDIR/ -> D:\Emulateurs\Rpcs3\dev_hdd0\game\BLES01114-[Child of Eden]/PS3_GAME//USRDIR/
LDR: ! /dev_flash2/ -> ./dev_flash2/
LDR: ! /app_home/Game/PS3_GAME/USRDIR/ -> D:\Emulateurs\Rpcs3\dev_hdd0\game\BLES01114-[Child of Eden]/PS3_GAME//USRDIR/
LDR: ! //dev_hdd0/ -> ./dev_hdd0/
LDR: ! / -> D:\Emulateurs\Rpcs3\dev_hdd0\game\BLES01114-[Child of Eden]/PS3_GAME//USRDIR/
LDR: !  
LDR: ! Title: Child of Eden
LDR: ! Serial: BLES01114
LDR: !  
MEM: ! Initializing memory: m_base_addr = 0xeaf07d0000
MEM: ! Memory initialized.
LDR: ! Imported function 'cellFsClose' in 'sys_fs' module
LDR: ! Imported function 'cellFsRead' in 'sys_fs' module
LDR: ! Imported function 'cellFsOpen' in 'sys_fs' module
LDR: ! Imported function 'cellFsLseek' in 'sys_fs' module
LDR: ! Imported function 'cellFsFstat' in 'sys_fs' module
LDR: ! Imported function 'cellFsSdataOpenByFd' in 'sys_fs' module
LDR: ! Imported function 'cellFsStat' in 'sys_fs' module
LDR: W Unknown module 'libgem'
LDR: ! Imported function 'cellGemUpdateStart' in 'libgem' module
LDR: ! Imported function 'cellGemInit' in 'libgem' module
LDR: ! Imported function 'cellGemGetTrackerHue' in 'libgem' module
LDR: ! Imported function 'cellGemConvertVideoFinish' in 'libgem' module
LDR: ! Imported function 'cellGemUpdateFinish' in 'libgem' module
LDR: ! Imported function 'cellGemEnableCameraPitchAngleCorrection' in 'libgem' module
LDR: ! Imported function 'cellGemSetRumble' in 'libgem' module
LDR: ! Imported function 'cellGemGetState' in 'libgem' module
LDR: ! Imported function 'cellGemConvertVideoStart' in 'libgem' module
LDR: ! Imported function 'cellGemTrackHues' in 'libgem' module
LDR: ! Imported function 'cellGemGetInfo' in 'libgem' module
LDR: ! Imported function 'cellGemPrepareCamera' in 'libgem' module
LDR: ! Imported function 'cellGemCalibrate' in 'libgem' module
LDR: ! Imported function 'cellGemPrepareVideoConvert' in 'libgem' module
LDR: ! Imported function 'cellGemForceRGB' in 'libgem' module
LDR: ! Imported function 'cellGemEnd' in 'libgem' module
LDR: ! Imported function 'cellGemInvalidateCalibration' in 'libgem' module
LDR: ! Imported function 'cellCameraReadEx' in 'cellCamera' module
LDR: ! Imported function 'cellCameraClose' in 'cellCamera' module
LDR: ! Imported function 'cellCameraStart' in 'cellCamera' module
LDR: ! Imported function 'cellCameraGetType' in 'cellCamera' module
LDR: ! Imported function 'cellCameraEnd' in 'cellCamera' module
LDR: ! Imported function 'cellCameraOpenEx' in 'cellCamera' module
LDR: ! Imported function 'cellCameraReset' in 'cellCamera' module
LDR: ! Imported function 'cellCameraInit' in 'cellCamera' module
LDR: ! Imported function 'cellGcmGetTiledPitchSize' in 'cellGcmSys' module
LDR: ! Imported function '_cellGcmInitBody' in 'cellGcmSys' module
LDR: ! Imported function '_cellGcmSetFlipCommand' in 'cellGcmSys' module
LDR: ! Imported function 'cellGcmAddressToOffset' in 'cellGcmSys' module
LDR: ! Imported function 'cellGcmSortRemapEaIoAddress' in 'cellGcmSys' module
LDR: ! Imported function '_cellGcmFunc15' in 'cellGcmSys' module
LDR: ! Imported function 'cellGcmBindTile' in 'cellGcmSys' module
LDR: ! Imported function 'cellGcmSetFlipMode' in 'cellGcmSys' module
LDR: ! Imported function 'cellGcmSetDebugOutputLevel' in 'cellGcmSys' module
LDR: ! Imported function 'cellGcmGetDefaultCommandWordSize' in 'cellGcmSys' module
LDR: ! Imported function 'cellGcmGetFlipStatus' in 'cellGcmSys' module
LDR: ! Imported function 'cellGcmGetDefaultSegmentWordSize' in 'cellGcmSys' module
LDR: ! Imported function 'cellGcmSetDefaultFifoSize' in 'cellGcmSys' module
LDR: ! Imported function 'cellGcmBindZcull' in 'cellGcmSys' module
LDR: ! Imported function 'cellGcmMapMainMemory' in 'cellGcmSys' module
LDR: ! Imported function 'cellGcmSetDisplayBuffer' in 'cellGcmSys' module
LDR: ! Imported function 'cellGcmGetControlRegister' in 'cellGcmSys' module
LDR: ! Imported function 'cellGcmSetVBlankHandler' in 'cellGcmSys' module
LDR: ! Imported function 'cellGcmResetFlipStatus' in 'cellGcmSys' module
LDR: ! Imported function 'cellGcmSetTileInfo' in 'cellGcmSys' module
LDR: ! Imported function '_cellGcmSetFlipCommandWithWaitLabel' in 'cellGcmSys' module
LDR: ! Imported function 'cellGcmUnbindTile' in 'cellGcmSys' module
LDR: ! Imported function 'cellGcmUnmapIoAddress' in 'cellGcmSys' module
LDR: ! Imported function 'cellGcmGetConfiguration' in 'cellGcmSys' module
LDR: ! Imported function 'cellGcmGetLabelAddress' in 'cellGcmSys' module
LDR: ! Imported function 'cellSysmoduleUnloadModule' in 'cellSysmodule' module
LDR: ! Imported function 'cellSysmoduleLoadModule' in 'cellSysmodule' module
LDR: ! Imported function 'sceNpBasicGetFriendListEntry' in 'sceNp' module
LDR: ! Imported function 'sceNpScoreGetRankingByNpId' in 'sceNp' module
LDR: ! Imported function 'sceNpScoreRecordScore' in 'sceNp' module
LDR: ! Imported function 'sceNpManagerGetAccountAge' in 'sceNp' module
LDR: ! Imported function 'sceNpScoreDestroyTitleCtx' in 'sceNp' module
LDR: ! Imported function 'sceNpScoreInit' in 'sceNp' module
LDR: ! Imported function 'sceNpTerm' in 'sceNp' module
LDR: ! Imported function 'sceNpManagerUnregisterCallback' in 'sceNp' module
LDR: ! Imported function 'sceNpScoreCreateTransactionCtx' in 'sceNp' module
LDR: ! Imported function 'sceNpScoreTerm' in 'sceNp' module
LDR: ! Imported function 'sceNpManagerGetStatus' in 'sceNp' module
LDR: ! Imported function 'sceNpDrmIsAvailable' in 'sceNp' module
LDR: ! Imported function 'sceNpBasicGetFriendListEntryCount' in 'sceNp' module
LDR: ! Imported function 'sceNpScoreCreateTitleCtx' in 'sceNp' module
LDR: ! Imported function 'sceNpInit' in 'sceNp' module
LDR: ! Imported function 'sceNpScoreDestroyTransactionCtx' in 'sceNp' module
LDR: ! Imported function 'sceNpProfileCallGui' in 'sceNp' module
LDR: ! Imported function 'sceNpManagerRegisterCallback' in 'sceNp' module
LDR: ! Imported function 'sceNpScoreAbortTransaction' in 'sceNp' module
LDR: ! Imported function 'sceNpScoreGetBoardInfo' in 'sceNp' module
LDR: ! Imported function 'sceNpScoreGetRankingByRange' in 'sceNp' module
LDR: ! Imported function 'sceNpManagerGetNpId' in 'sceNp' module
LDR: ! Imported function 'cellNetCtlNetStartDialogLoadAsync' in 'cellNetCtl' module
LDR: ! Imported function 'cellNetCtlNetStartDialogUnloadAsync' in 'cellNetCtl' module
LDR: ! Imported function 'cellNetCtlTerm' in 'cellNetCtl' module
LDR: ! Imported function 'cellNetCtlInit' in 'cellNetCtl' module
LDR: ! Imported function 'cellSysutilUnregisterCallback' in 'cellSysutil' module
LDR: ! Imported function 'cellVideoOutConfigure' in 'cellSysutil' module
LDR: ! Imported function 'cellSysutilCheckCallback' in 'cellSysutil' module
LDR: ! Imported function 'cellMsgDialogClose' in 'cellSysutil' module
LDR: ! Imported function 'cellSysutilEnableBgmPlayback' in 'cellSysutil' module
LDR: ! Imported function 'cellSysutilGetSystemParamInt' in 'cellSysutil' module
LDR: ! Imported function 'cellMsgDialogOpen2' in 'cellSysutil' module
LDR: ! Imported function 'cellVideoOutGetState' in 'cellSysutil' module
LDR: ! Imported function 'cellSaveDataAutoSave2' in 'cellSysutil' module
LDR: ! Imported function 'cellSysutilGetSystemParamString' in 'cellSysutil' module
LDR: ! Imported function 'cellMsgDialogProgressBarInc' in 'cellSysutil' module
LDR: ! Imported function 'cellMsgDialogProgressBarSetMsg' in 'cellSysutil' module
LDR: ! Imported function 'cellSysutilRegisterCallback' in 'cellSysutil' module
LDR: ! Imported function 'cellSysutilGetBgmPlaybackStatus' in 'cellSysutil' module
LDR: ! Imported function 'cellVideoOutGetResolutionAvailability' in 'cellSysutil' module
LDR: ! Imported function 'cellVideoOutGetResolution' in 'cellSysutil' module
LDR: ! Imported function 'cellSaveDataAutoLoad2' in 'cellSysutil' module
LDR: ! Imported function 'cellAudioOutConfigure' in 'cellSysutil' module
LDR: ! Imported function 'cellAudioOutGetDeviceInfo' in 'cellSysutil' module
LDR: ! Imported function 'cellAudioOutGetSoundAvailability' in 'cellSysutil' module
LDR: ! Imported function 'cellAudioOutGetNumberOfDevice' in 'cellSysutil' module
LDR: ! Imported function 'cellAudioOutGetConfiguration' in 'cellSysutil' module
LDR: ! Imported function 'cellAudioOutGetState' in 'cellSysutil' module
LDR: W Unknown module 'cellSysutilAvconfExt'
LDR: ! Imported function 'cellVideoOutSetGamma' in 'cellSysutilAvconfExt' module
LDR: ! Imported function 'cellVideoOutGetScreenSize' in 'cellSysutilAvconfExt' module
LDR: ! Imported function 'cellGameContentPermit' in 'cellGame' module
LDR: ! Imported function 'cellGameContentErrorDialog' in 'cellGame' module
LDR: ! Imported function 'cellGameBootCheck' in 'cellGame' module
LDR: ! Imported function 'cellPadInit' in 'sys_io' module
LDR: ! Imported function 'cellKbGetInfo' in 'sys_io' module
LDR: ! Imported function 'cellMouseGetData' in 'sys_io' module
LDR: ! Imported function 'cellKbInit' in 'sys_io' module
LDR: ! Imported function 'cellPadEnd' in 'sys_io' module
LDR: ! Imported function 'cellPadSetPortSetting' in 'sys_io' module
LDR: ! Imported function 'cellPadGetData' in 'sys_io' module
LDR: ! Imported function 'cellKbSetCodeType' in 'sys_io' module
LDR: ! Imported function 'cellPadGetInfo2' in 'sys_io' module
LDR: ! Imported function 'cellKbEnd' in 'sys_io' module
LDR: ! Imported function 'cellMouseInit' in 'sys_io' module
LDR: ! Imported function 'cellKbSetReadMode' in 'sys_io' module
LDR: ! Imported function 'cellMouseEnd' in 'sys_io' module
LDR: ! Imported function 'cellPadSetActDirect' in 'sys_io' module
LDR: ! Imported function 'cellKbRead' in 'sys_io' module
LDR: ! Imported function 'cellSpursAttributeSetNamePrefix' in 'cellSpurs' module
LDR: ! Imported function 'cellSpursAttributeEnableSpuPrintfIfAvailable' in 'cellSpurs' module
LDR: ! Imported function 'cellSpursInitializeWithAttribute2' in 'cellSpurs' module
LDR: ! Imported function '_cellSpursAttributeInitialize' in 'cellSpurs' module
LDR: ! Imported function 'cellSpursAttributeSetSpuThreadGroupType' in 'cellSpurs' module
LDR: ! Imported function 'cellSpursInitializeWithAttribute' in 'cellSpurs' module
LDR: ! Imported function 'cellSpursFinalize' in 'cellSpurs' module
LDR: ! Imported function 'cellSpursEventFlagDetachLv2EventQueue' in 'cellSpurs' module
LDR: ! Imported function 'cellSpursEventFlagWait' in 'cellSpurs' module
LDR: ! Imported function 'cellSpursDetachLv2EventQueue' in 'cellSpurs' module
LDR: ! Imported function 'cellSpursCreateTaskset' in 'cellSpurs' module
LDR: ! Imported function '_cellSpursEventFlagInitialize' in 'cellSpurs' module
LDR: ! Imported function 'cellSpursEventFlagAttachLv2EventQueue' in 'cellSpurs' module
LDR: ! Imported function 'cellSpursJoinTaskset' in 'cellSpurs' module
LDR: ! Imported function 'cellSpursShutdownTaskset' in 'cellSpurs' module
LDR: ! Imported function 'cellSpursAttachLv2EventQueue' in 'cellSpurs' module
LDR: ! Imported function 'cellSpursCreateTask' in 'cellSpurs' module
LDR: ! Imported function '_cellSpursSendSignal' in 'cellSpurs' module
LDR: ! Imported function 'cellSpursJobQueueAttributeSetDoBusyWaiting' in 'cellSpursJq' module
LDR: ! Imported function 'cellSpursJobQueueAttributeSetSubmitWithEntryLock' in 'cellSpursJq' module
LDR: ! Imported function 'cellSpursJobQueueAttributeSetMaxSizeJobDescriptor' in 'cellSpursJq' module
LDR: ! Imported function 'cellSpursJobQueueAttributeInitialize' in 'cellSpursJq' module
LDR: ! Imported function 'cellSpursJobQueueAttributeSetIsJobTypeMemoryCheck' in 'cellSpursJq' module
LDR: ! Imported function 'cellSpursShutdownJobQueue' in 'cellSpursJq' module
LDR: ! Imported function 'cellSpursJoinJobQueue' in 'cellSpursJq' module
LDR: ! Imported function '_cellSpursCreateJobQueueWithJobDescriptorPool' in 'cellSpursJq' module
LDR: ! Imported function '_cellSpursJobQueuePort2CopyPushJobBody' in 'cellSpursJq' module
LDR: ! Imported function 'cellSpursJobQueuePort2Destroy' in 'cellSpursJq' module
LDR: ! Imported function 'cellSpursJobQueueAttributeSetGrabParameters' in 'cellSpursJq' module
LDR: ! Imported function 'cellSpursJobQueuePort2Create' in 'cellSpursJq' module
LDR: ! Imported function 'cellSpursJobQueuePort2Sync' in 'cellSpursJq' module
LDR: ! Imported function 'cellSpursJobQueuePort2PushSync' in 'cellSpursJq' module
LDR: ! Imported function 'cellSpursJobQueueAttributeSetIsHaltOnError' in 'cellSpursJq' module
LDR: ! Imported function 'cellAudioInit' in 'cellAudio' module
LDR: ! Imported function 'cellAudioPortClose' in 'cellAudio' module
LDR: ! Imported function 'cellAudioPortStop' in 'cellAudio' module
LDR: ! Imported function 'cellAudioGetPortConfig' in 'cellAudio' module
LDR: ! Imported function 'cellAudioPortStart' in 'cellAudio' module
LDR: ! Imported function 'cellAudioQuit' in 'cellAudio' module
LDR: ! Imported function 'cellAudioPortOpen' in 'cellAudio' module
LDR: ! Imported function 'cellAudioSetNotifyEventQueue' in 'cellAudio' module
LDR: ! Imported function 'cellAudioGetPortTimestamp' in 'cellAudio' module
LDR: ! Imported function 'cellAudioGetPortBlockTag' in 'cellAudio' module
LDR: ! Imported function 'cellAudioRemoveNotifyEventQueue' in 'cellAudio' module
LDR: ! Imported function 'cellVdecOpenEx' in 'libvdec' module
LDR: ! Imported function 'cellVdecClose' in 'libvdec' module
LDR: ! Imported function 'cellVdecGetPicItem' in 'libvdec' module
LDR: ! Imported function 'cellVdecDecodeAu' in 'libvdec' module
LDR: ! Imported function 'cellVdecGetPicture' in 'libvdec' module
LDR: ! Imported function 'cellVdecEndSeq' in 'libvdec' module
LDR: ! Imported function 'cellVdecStartSeq' in 'libvdec' module
LDR: ! Imported function 'cellVdecQueryAttrEx' in 'libvdec' module
LDR: ! Imported function 'cellVdecSetFrameRate' in 'libvdec' module
LDR: ! Imported function 'cellVpostClose' in 'cellVpost' module
LDR: ! Imported function 'cellVpostQueryAttr' in 'cellVpost' module
LDR: ! Imported function 'cellVpostExec' in 'cellVpost' module
LDR: ! Imported function 'cellVpostOpen' in 'cellVpost' module
LDR: ! Imported function 'cellAdecDecodeAu' in 'cellAdec' module
LDR: ! Imported function 'cellAdecStartSeq' in 'cellAdec' module
LDR: ! Imported function 'cellAdecQueryAttr' in 'cellAdec' module
LDR: ! Imported function 'cellAdecClose' in 'cellAdec' module
LDR: ! Imported function 'cellAdecGetPcm' in 'cellAdec' module
LDR: ! Imported function 'cellAdecGetPcmItem' in 'cellAdec' module
LDR: ! Imported function 'cellAdecOpen' in 'cellAdec' module
LDR: ! Imported function 'cellAdecEndSeq' in 'cellAdec' module
LDR: W Unimplemented function 'UCS2stoUTF8s' in 'cellL10n' module
LDR: W Unimplemented function 'UTF8stoUCS2s' in 'cellL10n' module
LDR: ! Imported function 'sceNpTrophyRegisterContext' in 'sceNpTrophy' module
LDR: ! Imported function 'sceNpTrophyCreateHandle' in 'sceNpTrophy' module
LDR: ! Imported function 'sceNpTrophyGetRequiredDiskSpace' in 'sceNpTrophy' module
LDR: ! Imported function 'sceNpTrophyDestroyContext' in 'sceNpTrophy' module
LDR: ! Imported function 'sceNpTrophyInit' in 'sceNpTrophy' module
LDR: ! Imported function 'sceNpTrophyGetGameInfo' in 'sceNpTrophy' module
LDR: ! Imported function 'sceNpTrophyDestroyHandle' in 'sceNpTrophy' module
LDR: ! Imported function 'sceNpTrophyUnlockTrophy' in 'sceNpTrophy' module
LDR: ! Imported function 'sceNpTrophyTerm' in 'sceNpTrophy' module
LDR: ! Imported function 'sceNpTrophyGetTrophyUnlockState' in 'sceNpTrophy' module
LDR: ! Imported function 'sceNpTrophyCreateContext' in 'sceNpTrophy' module
LDR: ! Imported function 'cellRescGcmSurface2RescSrc' in 'cellResc' module
LDR: ! Imported function 'cellRescSetWaitFlip' in 'cellResc' module
LDR: ! Imported function 'cellRescSetDsts' in 'cellResc' module
LDR: ! Imported function 'cellRescSetDisplayMode' in 'cellResc' module
LDR: ! Imported function 'cellRescSetConvertAndFlip' in 'cellResc' module
LDR: ! Imported function 'cellRescExit' in 'cellResc' module
LDR: ! Imported function 'cellRescSetFlipHandler' in 'cellResc' module
LDR: ! Imported function 'cellRescInit' in 'cellResc' module
LDR: ! Imported function 'cellRescGetBufferSize' in 'cellResc' module
LDR: ! Imported function 'cellRescSetSrc' in 'cellResc' module
LDR: ! Imported function 'cellRescSetBufferAddress' in 'cellResc' module
LDR: ! Imported function 'cellRescVideoOutResolutionId2RescBufferMode' in 'cellResc' module
LDR: ! Imported function 'sys_lwmutex_lock' in 'sysPrxForUser' module
LDR: ! Imported function 'sys_lwmutex_unlock' in 'sysPrxForUser' module
LDR: ! Imported function 'sys_ppu_thread_create' in 'sysPrxForUser' module
LDR: ! Imported function '_sys_process_atexitspawn' in 'sysPrxForUser' module
LDR: ! Imported function 'sys_lwmutex_create' in 'sysPrxForUser' module
LDR: ! Imported function 'sys_ppu_thread_get_id' in 'sysPrxForUser' module
LDR: ! Imported function '_sys_heap_malloc' in 'sysPrxForUser' module
LDR: ! Imported function 'sys_prx_register_library' in 'sysPrxForUser' module
LDR: ! Imported function '_sys_heap_memalign' in 'sysPrxForUser' module
LDR: ! Imported function '_sys_spu_printf_initialize' in 'sysPrxForUser' module
LDR: ! Imported function 'sys_initialize_tls' in 'sysPrxForUser' module
LDR: ! Imported function 'sys_time_get_system_time' in 'sysPrxForUser' module
LDR: W Unimplemented function '_sys_heap_free' in 'sysPrxForUser' module
LDR: ! Imported function '_sys_process_at_Exitspawn' in 'sysPrxForUser' module
LDR: ! Imported function 'sys_prx_exitspawn_with_level' in 'sysPrxForUser' module
LDR: ! Imported function 'sys_ppu_thread_once' in 'sysPrxForUser' module
LDR: ! Imported function 'sys_lwmutex_trylock' in 'sysPrxForUser' module
LDR: W Unimplemented function '_sys_heap_delete_heap' in 'sysPrxForUser' module
LDR: ! Imported function 'sys_ppu_thread_exit' in 'sysPrxForUser' module
LDR: ! Imported function '_sys_heap_create_heap' in 'sysPrxForUser' module
LDR: ! Imported function 'sys_lwmutex_destroy' in 'sysPrxForUser' module
LDR: ! Imported function '_sys_spu_printf_finalize' in 'sysPrxForUser' module
LDR: ! Imported function 'sys_spu_image_close' in 'sysPrxForUser' module
LDR: ! Imported function 'sys_process_exit' in 'sysPrxForUser' module
HLE: W {PPU[1] Thread (CPUThread)[0x018eb034]} sys_lwmutex warning: sys_lwmutex_create(lwmutex_addr=0x186bbd8, attr_addr=0x15b0d10)
HLE: ! {PPU[1] Thread (CPUThread)[0x018eb034]} sys_lwmutex: *** lwmutex created [_lc_mtx] (attribute=0x12): sq_id = 3
HLE: W {PPU[1] Thread (CPUThread)[0x005bf1f8]} sys_memory warning: sys_memory_get_user_memory_size(mem_info_addr=0xd000fc04)
HLE: W {PPU[1] Thread (CPUThread)[0x018eb034]} sys_lwmutex warning: sys_lwmutex_create(lwmutex_addr=0x186b9d8, attr_addr=0x15b0d10)
HLE: ! {PPU[1] Thread (CPUThread)[0x018eb034]} sys_lwmutex: *** lwmutex created [_lc_mtx] (attribute=0x12): sq_id = 4
HLE: W {PPU[1] Thread (CPUThread)[0x018eb034]} sys_lwmutex warning: sys_lwmutex_create(lwmutex_addr=0x186ad28, attr_addr=0x15b0d10)
HLE: ! {PPU[1] Thread (CPUThread)[0x018eb034]} sys_lwmutex: *** lwmutex created [_lc_mtx] (attribute=0x12): sq_id = 5
HLE: W {PPU[1] Thread (CPUThread)[0x018eb034]} sys_lwmutex warning: sys_lwmutex_create(lwmutex_addr=0x186ad50, attr_addr=0x15b0d10)
HLE: ! {PPU[1] Thread (CPUThread)[0x018eb034]} sys_lwmutex: *** lwmutex created [_lc_mtx] (attribute=0x12): sq_id = 6
HLE: W {PPU[1] Thread (CPUThread)[0x018eb034]} sys_lwmutex warning: sys_lwmutex_create(lwmutex_addr=0x186ad78, attr_addr=0x15b0d10)
HLE: ! {PPU[1] Thread (CPUThread)[0x018eb034]} sys_lwmutex: *** lwmutex created [_lc_mtx] (attribute=0x12): sq_id = 7
HLE: W {PPU[1] Thread (CPUThread)[0x018eb034]} sys_lwmutex warning: sys_lwmutex_create(lwmutex_addr=0x186ac60, attr_addr=0x15b0d10)
HLE: ! {PPU[1] Thread (CPUThread)[0x018eb034]} sys_lwmutex: *** lwmutex created [_lc_mtx] (attribute=0x12): sq_id = 8
HLE: W {PPU[1] Thread (CPUThread)[0x018eb034]} sys_lwmutex warning: sys_lwmutex_create(lwmutex_addr=0x186ac88, attr_addr=0x15b0d10)
HLE: ! {PPU[1] Thread (CPUThread)[0x018eb034]} sys_lwmutex: *** lwmutex created [_lc_mtx] (attribute=0x12): sq_id = 9
HLE: W {PPU[1] Thread (CPUThread)[0x018eb034]} sys_lwmutex warning: sys_lwmutex_create(lwmutex_addr=0x186acb0, attr_addr=0x15b0d10)
HLE: ! {PPU[1] Thread (CPUThread)[0x018eb034]} sys_lwmutex: *** lwmutex created [_lc_mtx] (attribute=0x12): sq_id = 10
HLE: W {PPU[1] Thread (CPUThread)[0x018eb034]} sys_lwmutex warning: sys_lwmutex_create(lwmutex_addr=0x186acd8, attr_addr=0x15b0d10)
HLE: ! {PPU[1] Thread (CPUThread)[0x018eb034]} sys_lwmutex: *** lwmutex created [_lc_mtx] (attribute=0x12): sq_id = 11
HLE: W {PPU[1] Thread (CPUThread)[0x018eb034]} sys_lwmutex warning: sys_lwmutex_create(lwmutex_addr=0x186ad00, attr_addr=0x15b0d10)
HLE: ! {PPU[1] Thread (CPUThread)[0x018eb034]} sys_lwmutex: *** lwmutex created [_lc_mtx] (attribute=0x12): sq_id = 12
HLE: W {PPU[1] Thread (CPUThread)[0x018eb034]} sys_lwmutex warning: sys_lwmutex_create(lwmutex_addr=0x186bd28, attr_addr=0x17f3d38)
HLE: ! {PPU[1] Thread (CPUThread)[0x018eb034]} sys_lwmutex: *** lwmutex created [_lgcmtx] (attribute=0x12): sq_id = 13
HLE: W {PPU[1] Thread (CPUThread)[0x018eb034]} sys_lwmutex warning: sys_lwmutex_create(lwmutex_addr=0x186bca8, attr_addr=0x17f3d38)
HLE: ! {PPU[1] Thread (CPUThread)[0x018eb034]} sys_lwmutex: *** lwmutex created [_lgcmtx] (attribute=0x12): sq_id = 14
HLE: W {PPU[1] Thread (CPUThread)[0x018eb034]} sys_lwmutex warning: sys_lwmutex_create(lwmutex_addr=0x186bce8, attr_addr=0x17f3d48)
HLE: ! {PPU[1] Thread (CPUThread)[0x018eb034]} sys_lwmutex: *** lwmutex created [_lgcmtx] (attribute=0x22): sq_id = 15
HLE: W {PPU[1] Thread (CPUThread)[0x00508a3c]} sys_memory warning: sys_memory_get_user_memory_size(mem_info_addr=0xd000fcb0)
HLE: W {PPU[1] Thread (CPUThread)[0x018eb034]} sys_lwmutex warning: sys_lwmutex_create(lwmutex_addr=0x30100018, attr_addr=0xd000fba0)
HLE: ! {PPU[1] Thread (CPUThread)[0x018eb034]} sys_lwmutex: *** lwmutex created [] (attribute=0x22): sq_id = 16
HLE: W {PPU[1] Thread (CPUThread)[0x018eb034]} sys_lwmutex warning: sys_lwmutex_create(lwmutex_addr=0x30100048, attr_addr=0xd000fba0)
HLE: ! {PPU[1] Thread (CPUThread)[0x018eb034]} sys_lwmutex: *** lwmutex created [] (attribute=0x22): sq_id = 17
HLE: W {PPU[1] Thread (CPUThread)[0x018c9010]} cellGcmSys warning: _cellGcmInitBody(context_addr=0x1868b98, cmdSize=0x3fe000, ioSize=0x400000, ioAddress=0x30200000)
HLE: W {PPU[1] Thread (CPUThread)[0x018c9010]} cellGcmSys warning: *** local memory(addr=0xc0000000, size=0xf900000)
HLE: W {PPU[1] Thread (CPUThread)[0x018c9010]} cellGcmSys warning: cellGcmInit(): 256MB io address space used
HLE: W {PPU[1] Thread (CPUThread)[0x018c9010]} cellGcmSys warning: cellGcmMapEaIoAddress(ea=0x30200000, io=0x0, size=0x400000)
RSX: ! {RSXThread} RSX thread started
HLE: W {PPU[1] Thread (CPUThread)[0x018eb034]} sys_lwmutex warning: sys_lwmutex_create(lwmutex_addr=0x30100078, attr_addr=0xd000fb80)
HLE: ! {PPU[1] Thread (CPUThread)[0x018eb034]} sys_lwmutex: *** lwmutex created [] (attribute=0x22): sq_id = 18
HLE: W {PPU[1] Thread (CPUThread)[0x018eb034]} sys_lwmutex warning: sys_lwmutex_create(lwmutex_addr=0x301001a8, attr_addr=0xd000f980)
HLE: ! {PPU[1] Thread (CPUThread)[0x018eb034]} sys_lwmutex: *** lwmutex created [] (attribute=0x22): sq_id = 19
HLE: W {PPU[1] Thread (CPUThread)[0x018eb034]} sys_lwmutex warning: sys_lwmutex_create(lwmutex_addr=0x30100270, attr_addr=0xd000f9c0)
HLE: ! {PPU[1] Thread (CPUThread)[0x018eb034]} sys_lwmutex: *** lwmutex created [] (attribute=0x22): sq_id = 20
HLE: W {PPU[1] Thread (CPUThread)[0x018eb034]} sys_lwmutex warning: sys_lwmutex_create(lwmutex_addr=0x301016c8, attr_addr=0xd000f9a0)
HLE: ! {PPU[1] Thread (CPUThread)[0x018eb034]} sys_lwmutex: *** lwmutex created [] (attribute=0x22): sq_id = 21
HLE: W {PPU[1] Thread (CPUThread)[0x018cb010]} cellSysmodule warning: cellSysmoduleLoadModule(CELL_SYSMODULE_FS)
HLE: W {PPU[1] Thread (CPUThread)[0x018cb010]} cellSysmodule warning: cellSysmoduleLoadModule(CELL_SYSMODULE_SYSUTIL_GAME)
HLE: W {PPU[1] Thread (CPUThread)[0x018d501c]} cellGame warning: cellGameBootCheck(type_addr=0xd000f8f0, attributes_addr=0xd000f8f4, size_addr=0xd000f8f8, dirName_addr=0xd000f908)
HLE: W {PPU[1] Thread (CPUThread)[0x018d5004]} cellGame warning: cellGameContentPermit(contentInfoPath_addr=0xd000f928, usrdirPath_addr=0x17fda68)
HLE: W {PPU[1] Thread (CPUThread)[0x018eb034]} sys_lwmutex warning: sys_lwmutex_create(lwmutex_addr=0x30104678, attr_addr=0xd000f610)
HLE: ! {PPU[1] Thread (CPUThread)[0x018eb034]} sys_lwmutex: *** lwmutex created [] (attribute=0x22): sq_id = 22
HLE: W {PPU[1] Thread (CPUThread)[0x018eb034]} sys_lwmutex warning: sys_lwmutex_create(lwmutex_addr=0x30104698, attr_addr=0xd000f610)
HLE: ! {PPU[1] Thread (CPUThread)[0x018eb034]} sys_lwmutex: *** lwmutex created [] (attribute=0x22): sq_id = 23
HLE: W {PPU[1] Thread (CPUThread)[0x004fc4ac]} sys_event_flag warning: sys_event_flag_create(eflag_id_addr=0x301046b4, attr_addr=0xd000f690, init=0x0)
HLE: W {PPU[1] Thread (CPUThread)[0x004fc4ac]} sys_event_flag warning: *** event_flag created [] (protocol=0x2, type=0x20000): id = 24
HLE: W {PPU[1] Thread (CPUThread)[0x018d7028]} sys_io warning: cellKbInit(max_connect=2)
HLE: W {PPU[1] Thread (CPUThread)[0x018d707c]} sys_io warning: cellMouseInit(max_connect=1)
HLE: W {PPU[1] Thread (CPUThread)[0x018d7004]} sys_io warning: cellPadInit(max_connect=7)
HLE: W {PPU[1] Thread (CPUThread)[0x018d1040]} cellSysutil warning: cellSysutilGetSystemParamInt: CELL_SYSUTIL_SYSTEMPARAM_ID_ENTER_BUTTON_ASSIGN
HLE: W {PPU[1] Thread (CPUThread)[0x018c9064]} cellGcmSys warning: cellGcmSetDebugOutputLevel(level=0)
HLE: W {PPU[1] Thread (CPUThread)[0x018cb010]} cellSysmodule warning: cellSysmoduleLoadModule(CELL_SYSMODULE_AVCONF_EXT)
HLE: W {PPU[1] Thread (CPUThread)[0x018d3010]} cellAvconfExt warning: cellVideoOutGetScreenSize(videoOut=0, screenSize_addr=0xd000faa0)
HLE: W {PPU[1] Thread (CPUThread)[0x018d10ac]} cellSysutil warning: cellVideoOutGetResolutionAvailability(videoOut=0, resolutionId=0x81, option_addr=0x0, aspect=0x0, option=0xf3be7c70)
HLE: W {PPU[1] Thread (CPUThread)[0x018c90d0]} cellGcmSys warning: cellGcmSetVBlankHandler(handler_addr=0x17bfb18)
HLE: W {PPU[1] Thread (CPUThread)[0x018c9058]} cellGcmSys warning: cellGcmSetFlipMode(mode=2)
HLE: W {PPU[1] Thread (CPUThread)[0x018c9100]} cellGcmSys warning: cellGcmUnbindTile(index=0)
HLE: W {PPU[1] Thread (CPUThread)[0x018c9100]} cellGcmSys warning: cellGcmUnbindTile(index=1)
HLE: W {PPU[1] Thread (CPUThread)[0x018c9100]} cellGcmSys warning: cellGcmUnbindTile(index=2)
HLE: W {PPU[1] Thread (CPUThread)[0x018c9100]} cellGcmSys warning: cellGcmUnbindTile(index=3)
HLE: W {PPU[1] Thread (CPUThread)[0x018c90e8]} cellGcmSys warning: cellGcmSetTileInfo(index=0, location=0, offset=65536, size=3801088, pitch=5120, comp=0, base=0, bank=0)
HLE: W {PPU[1] Thread (CPUThread)[0x018c904c]} cellGcmSys warning: cellGcmBindTile(index=0)
HLE: W {PPU[1] Thread (CPUThread)[0x018c90e8]} cellGcmSys warning: cellGcmSetTileInfo(index=1, location=0, offset=3866624, size=3801088, pitch=5120, comp=0, base=0, bank=0)
HLE: W {PPU[1] Thread (CPUThread)[0x018c904c]} cellGcmSys warning: cellGcmBindTile(index=1)
HLE: W {PPU[1] Thread (CPUThread)[0x018c90e8]} cellGcmSys warning: cellGcmSetTileInfo(index=2, location=0, offset=7667712, size=3801088, pitch=5120, comp=9, base=0, bank=3)
HLE: E {PPU[1] Thread (CPUThread)[0x018c90e8]} cellGcmSys error: cellGcmSetTileInfo: bad compression mode! (9)
HLE: W {PPU[1] Thread (CPUThread)[0x018c904c]} cellGcmSys warning: cellGcmBindTile(index=2)
HLE: W {PPU[1] Thread (CPUThread)[0x018c90a0]} cellGcmSys warning: cellGcmBindZcull(index=3)
HLE: W {PPU[1] Thread (CPUThread)[0x018cb010]} cellSysmodule warning: cellSysmoduleLoadModule(CELL_SYSMODULE_SPURS)
HLE: W {PPU[1] Thread (CPUThread)[0x018cb010]} cellSysmodule warning: cellSysmoduleLoadModule(CELL_SYSMODULE_SPURS_JQ)
HLE: W {PPU[1] Thread (CPUThread)[0x018cb010]} cellSysmodule warning: cellSysmoduleLoadModule(CELL_SYSMODULE_GCM_SYS)
HLE: W {PPU[1] Thread (CPUThread)[0x018cb010]} cellSysmodule warning: cellSysmoduleLoadModule(CELL_SYSMODULE_AUDIO)
HLE: W {PPU[1] Thread (CPUThread)[0x018cb010]} cellSysmodule warning: cellSysmoduleLoadModule(CELL_SYSMODULE_VDEC_MPEG2)
HLE: W {PPU[1] Thread (CPUThread)[0x018cb010]} cellSysmodule warning: cellSysmoduleLoadModule(CELL_SYSMODULE_NETCTL)
HLE: W {PPU[1] Thread (CPUThread)[0x018cb010]} cellSysmodule warning: cellSysmoduleLoadModule(CELL_SYSMODULE_SYSUTIL_NP)
HLE: W {PPU[1] Thread (CPUThread)[0x018cb010]} cellSysmodule warning: cellSysmoduleLoadModule(CELL_SYSMODULE_L10N)
HLE: W {PPU[1] Thread (CPUThread)[0x018d1094]} cellSysutil warning: cellSysutilRegisterCallback(slot=0, func_addr=0x17b50b0, userdata=0x301055c0)
HLE: W {PPU[1] Thread (CPUThread)[0x018d1040]} cellSysutil warning: cellSysutilGetSystemParamInt: CELL_SYSUTIL_SYSTEMPARAM_ID_LANG
HLE: W {PPU[1] Thread (CPUThread)[0x018cb010]} cellSysmodule warning: cellSysmoduleLoadModule(CELL_SYSMODULE_SPURS_JQ)
HLE: W {PPU[1] Thread (CPUThread)[0x018eb0b8]} sys_ppu_thread warning: sys_ppu_thread_once(once_ctrl_addr=0x186b1d4, init_addr=0x17c5060)
HLE: W {PPU[1] Thread (CPUThread)[0x018eb034]} sys_lwmutex warning: sys_lwmutex_create(lwmutex_addr=0x186ada0, attr_addr=0xd000f3e0)
HLE: ! {PPU[1] Thread (CPUThread)[0x018eb034]} sys_lwmutex: *** lwmutex created [_lc_spf] (attribute=0x22): sq_id = 25
HLE: W {PPU[1] Thread (CPUThread)[0x005b8edc]} sys_event warning: sys_event_queue_create(equeue_id_addr=0x186adbc, attr_addr=0xd000f460, event_queue_key=0x0, size=127)
HLE: W {PPU[1] Thread (CPUThread)[0x005b8edc]} sys_event warning: *** event_queue created [_lc_spf] (protocol=0x2, type=0x1, key=0x0, size=0x7f): id = 26
HLE: W {PPU[1] Thread (CPUThread)[0x005b8f00]} sys_event warning: sys_event_port_create(eport_id_addr=0x186adc0, port_type=0x1, name=0xffffffff0000dead)
HLE: W {PPU[1] Thread (CPUThread)[0x005b8f00]} sys_event warning: *** sys_event_port created: id = 27
HLE: W {PPU[1] Thread (CPUThread)[0x005b8f1c]} sys_event warning: sys_event_port_connect_local(eport_id=27, equeue_id=26)
HLE: ! {PPU[1] Thread (CPUThread)[0x018eb01c]} sys_ppu_thread: *** New PPU Thread [_SPU_printf_server] (joinable, entry=0x17c5058): id = 28
HLE: W {PPU[1] Thread (CPUThread)[0x018eb070]} sysPrxForUser warning: _sys_spu_printf_initialize(agcb_addr=0x17c5040, dgcb_addr=0x17c5038, atcb_addr=0x17c5030, dtcb_addr=0x17c5028)
HLE: W {PPU[1] Thread (CPUThread)[0x018d9028]} cellSpurs warning: _cellSpursAttributeInitialize(attr_addr=0xd000f510, revision=2, sdkVersion=0x330000, nSpus=5, spuPriority=100, ppuPriority=2, exitIfNoWork=0)
HLE: W {PPU[1] Thread (CPUThread)[0x018d9004]} cellSpurs warning: cellSpursAttributeSetNamePrefix(attr_addr=0xd000f510, prefix_addr=0x1680130, size=9)
HLE: W {PPU[1] Thread (CPUThread)[0x018d9034]} cellSpurs warning: cellSpursAttributeSetSpuThreadGroupType(attr_addr=0xd000f510, type=24)
HLE: W {PPU[1] Thread (CPUThread)[0x018d9010]} cellSpurs warning: cellSpursAttributeEnableSpuPrintfIfAvailable(attr_addr=0xd000f510)
HLE: W {PPU[1] Thread (CPUThread)[0x018d901c]} cellSpurs warning: cellSpursInitializeWithAttribute2(spurs_addr=0x30175080, attr_addr=0xd000f510)
HLE: ! {PPU[1] Thread (CPUThread)[0x018d901c]} sys_semaphore: *** semaphore created [_spuWkl] (protocol=0x2): id = 29
HLE: ! {PPU[1] Thread (CPUThread)[0x018d901c]} sys_semaphore: *** semaphore created [_spuWkl] (protocol=0x2): id = 30
HLE: ! {PPU[1] Thread (CPUThread)[0x018d901c]} sys_semaphore: *** semaphore created [_spuWkl] (protocol=0x2): id = 31
HLE: ! {PPU[1] Thread (CPUThread)[0x018d901c]} sys_semaphore: *** semaphore created [_spuWkl] (protocol=0x2): id = 32
HLE: ! {PPU[1] Thread (CPUThread)[0x018d901c]} sys_semaphore: *** semaphore created [_spuWkl] (protocol=0x2): id = 33
HLE: ! {PPU[1] Thread (CPUThread)[0x018d901c]} sys_semaphore: *** semaphore created [_spuWkl] (protocol=0x2): id = 34
HLE: ! {PPU[1] Thread (CPUThread)[0x018d901c]} sys_semaphore: *** semaphore created [_spuWkl] (protocol=0x2): id = 35
HLE: ! {PPU[1] Thread (CPUThread)[0x018d901c]} sys_semaphore: *** semaphore created [_spuWkl] (protocol=0x2): id = 36
HLE: ! {PPU[1] Thread (CPUThread)[0x018d901c]} sys_semaphore: *** semaphore created [_spuWkl] (protocol=0x2): id = 37
HLE: ! {PPU[1] Thread (CPUThread)[0x018d901c]} sys_semaphore: *** semaphore created [_spuWkl] (protocol=0x2): id = 38
HLE: ! {PPU[1] Thread (CPUThread)[0x018d901c]} sys_semaphore: *** semaphore created [_spuWkl] (protocol=0x2): id = 39
HLE: ! {PPU[1] Thread (CPUThread)[0x018d901c]} sys_semaphore: *** semaphore created [_spuWkl] (protocol=0x2): id = 40
HLE: ! {PPU[1] Thread (CPUThread)[0x018d901c]} sys_semaphore: *** semaphore created [_spuWkl] (protocol=0x2): id = 41
HLE: ! {PPU[1] Thread (CPUThread)[0x018d901c]} sys_semaphore: *** semaphore created [_spuWkl] (protocol=0x2): id = 42
HLE: ! {PPU[1] Thread (CPUThread)[0x018d901c]} sys_semaphore: *** semaphore created [_spuWkl] (protocol=0x2): id = 43
HLE: ! {PPU[1] Thread (CPUThread)[0x018d901c]} sys_semaphore: *** semaphore created [_spuWkl] (protocol=0x2): id = 44
HLE: ! {PPU[1] Thread (CPUThread)[0x018d901c]} sys_semaphore: *** semaphore created [_spuWkl] (protocol=0x2): id = 45
HLE: ! {PPU[1] Thread (CPUThread)[0x018d901c]} sys_semaphore: *** semaphore created [_spuWkl] (protocol=0x2): id = 46
HLE: ! {PPU[1] Thread (CPUThread)[0x018d901c]} sys_semaphore: *** semaphore created [_spuWkl] (protocol=0x2): id = 47
HLE: ! {PPU[1] Thread (CPUThread)[0x018d901c]} sys_semaphore: *** semaphore created [_spuWkl] (protocol=0x2): id = 48
HLE: ! {PPU[1] Thread (CPUThread)[0x018d901c]} sys_semaphore: *** semaphore created [_spuWkl] (protocol=0x2): id = 49
HLE: ! {PPU[1] Thread (CPUThread)[0x018d901c]} sys_semaphore: *** semaphore created [_spuWkl] (protocol=0x2): id = 50
HLE: ! {PPU[1] Thread (CPUThread)[0x018d901c]} sys_semaphore: *** semaphore created [_spuWkl] (protocol=0x2): id = 51
HLE: ! {PPU[1] Thread (CPUThread)[0x018d901c]} sys_semaphore: *** semaphore created [_spuWkl] (protocol=0x2): id = 52
HLE: ! {PPU[1] Thread (CPUThread)[0x018d901c]} sys_semaphore: *** semaphore created [_spuWkl] (protocol=0x2): id = 53
HLE: ! {PPU[1] Thread (CPUThread)[0x018d901c]} sys_semaphore: *** semaphore created [_spuWkl] (protocol=0x2): id = 54
HLE: ! {PPU[1] Thread (CPUThread)[0x018d901c]} sys_semaphore: *** semaphore created [_spuWkl] (protocol=0x2): id = 55
HLE: ! {PPU[1] Thread (CPUThread)[0x018d901c]} sys_semaphore: *** semaphore created [_spuWkl] (protocol=0x2): id = 56
HLE: ! {PPU[1] Thread (CPUThread)[0x018d901c]} sys_semaphore: *** semaphore created [_spuWkl] (protocol=0x2): id = 57
HLE: ! {PPU[1] Thread (CPUThread)[0x018d901c]} sys_semaphore: *** semaphore created [_spuWkl] (protocol=0x2): id = 58
HLE: ! {PPU[1] Thread (CPUThread)[0x018d901c]} sys_semaphore: *** semaphore created [_spuWkl] (protocol=0x2): id = 59
HLE: ! {PPU[1] Thread (CPUThread)[0x018d901c]} sys_semaphore: *** semaphore created [_spuWkl] (protocol=0x2): id = 60
HLE: ! {PPU[1] Thread (CPUThread)[0x018d901c]} sys_semaphore: *** semaphore created [_spuPrv] (protocol=0x2): id = 61
HLE: E {PPU[1] Thread (CPUThread)[0x018d901c]} sys_spu TODO: Unsupported SPU Thread Group type (0x18)
HLE: ! {PPU[1] Thread (CPUThread)[0x018d901c]} sys_spu: *** SPU Thread Group created [Eden:QEGLCellSpursKernelGroup] (num=5, prio=100, type=0x18, container=0): id=62
HLE: E {PPU[1] Thread (CPUThread)[0x018d901c]} sys_spu TODO: Unsupported SPU Thread options (0x2)
HLE: W {PPU[1] Thread (CPUThread)[0x018d901c]} sys_spu warning: *** New SPU Thread [Eden:QEGLCellSpursKernel0] (ep=0x0, opt=0x2, a1=0x0, a2=0x0, a3=0x0, a4=0x0): id=63
HLE: E {PPU[1] Thread (CPUThread)[0x018d901c]} sys_spu TODO: Unsupported SPU Thread options (0x2)
HLE: W {PPU[1] Thread (CPUThread)[0x018d901c]} sys_spu warning: *** New SPU Thread [Eden:QEGLCellSpursKernel1] (ep=0x0, opt=0x2, a1=0x0, a2=0x0, a3=0x0, a4=0x0): id=64
HLE: E {PPU[1] Thread (CPUThread)[0x018d901c]} sys_spu TODO: Unsupported SPU Thread options (0x2)
HLE: W {PPU[1] Thread (CPUThread)[0x018d901c]} sys_spu warning: *** New SPU Thread [Eden:QEGLCellSpursKernel2] (ep=0x0, opt=0x2, a1=0x0, a2=0x0, a3=0x0, a4=0x0): id=65
HLE: E {PPU[1] Thread (CPUThread)[0x018d901c]} sys_spu TODO: Unsupported SPU Thread options (0x2)
HLE: W {PPU[1] Thread (CPUThread)[0x018d901c]} sys_spu warning: *** New SPU Thread [Eden:QEGLCellSpursKernel3] (ep=0x0, opt=0x2, a1=0x0, a2=0x0, a3=0x0, a4=0x0): id=66
HLE: E {PPU[1] Thread (CPUThread)[0x018d901c]} sys_spu TODO: Unsupported SPU Thread options (0x2)
HLE: W {PPU[1] Thread (CPUThread)[0x018d901c]} sys_spu warning: *** New SPU Thread [Eden:QEGLCellSpursKernel4] (ep=0x0, opt=0x2, a1=0x0, a2=0x0, a3=0x0, a4=0x0): id=67
HLE: W {PPU[1] Thread (CPUThread)[0x005b8ae8]} sys_spu warning: sys_spu_thread_group_connect_event_all_threads(id=62, eq_id=26, req=0x2, spup_addr=0xd000f470)
HLE: W {PPU[1] Thread (CPUThread)[0x005b8ae8]} sys_spu warning: *** spup -> 1
HLE: ! {PPU[1] Thread (CPUThread)[0x018d901c]} sys_lwmutex: *** lwmutex created [_spuPrv] (attribute=0x22): sq_id = 68
HLE: W {PPU[1] Thread (CPUThread)[0x018d901c]} sys_lwcond warning: *** lwcond created [_spuPrv] (lwmutex_addr=0x30175e30): id = 69
HLE: W {PPU[1] Thread (CPUThread)[0x018d901c]} sys_event warning: *** event_queue created [_spuPrv] (protocol=0x1, type=0x1, key=0x0, size=0x2a): id = 70
HLE: W {PPU[1] Thread (CPUThread)[0x018d901c]} sys_spu warning: sys_spu_thread_group_connect_event_all_threads(id=62, eq_id=70, req=0xffffffffffff0000, spup_addr=0x30175149)
HLE: W {PPU[1] Thread (CPUThread)[0x018d901c]} sys_spu warning: *** spup -> 16
HLE: W {PPU[1] Thread (CPUThread)[0x018d901c]} sys_event warning: *** sys_event_port created: id = 71
HLE: W {PPU[1] Thread (CPUThread)[0x018d901c]} sys_event warning: sys_event_port_connect_local(eport_id=71, equeue_id=70)
HLE: ! {PPU[1] Thread (CPUThread)[0x018d901c]} sys_ppu_thread: *** New PPU Thread [Eden:QEGLSpursHdlr0] (joinable, entry=0x0): id = 72
HLE: ! {PPU[1] Thread (CPUThread)[0x018d901c]} sys_ppu_thread: *** New PPU Thread [Eden:QEGLSpursHdlr1] (joinable, entry=0x0): id = 73
HLE: E {PPU[1] Thread (CPUThread)[0x018d901c]} sys_spu TODO: sys_spu_thread_group_connect_event(id=62, eq=70, et=0x2)
HLE: W {PPU[1] Thread (CPUThread)[0x018cb010]} cellSysmodule warning: cellSysmoduleLoadModule(CELL_SYSMODULE_SPURS_JQ)
HLE: E {PPU[1] Thread (CPUThread)[0x018db028]} cellSpursJq TODO: cellSpursJobQueueAttributeInitialize
HLE: E {PPU[1] Thread (CPUThread)[0x018db07c]} cellSpursJq TODO: cellSpursJobQueueAttributeSetGrabParameters
HLE: E {PPU[1] Thread (CPUThread)[0x018db01c]} cellSpursJq TODO: cellSpursJobQueueAttributeSetMaxSizeJobDescriptor
HLE: E {PPU[1] Thread (CPUThread)[0x018db010]} cellSpursJq TODO: cellSpursJobQueueAttributeSetSubmitWithEntryLock
HLE: E {PPU[1] Thread (CPUThread)[0x018db004]} cellSpursJq TODO: cellSpursJobQueueAttributeSetDoBusyWaiting
HLE: E {PPU[1] Thread (CPUThread)[0x018db0ac]} cellSpursJq TODO: cellSpursJobQueueAttributeSetIsHaltOnError
HLE: E {PPU[1] Thread (CPUThread)[0x018db034]} cellSpursJq TODO: cellSpursJobQueueAttributeSetIsJobTypeMemoryCheck
HLE: E {PPU[1] Thread (CPUThread)[0x018db058]} cellSpursJq TODO: _cellSpursCreateJobQueueWithJobDescriptorPool
HLE: W {PPU[1] Thread (CPUThread)[0x018cb010]} cellSysmodule warning: cellSysmoduleLoadModule(CELL_SYSMODULE_SPURS_JQ)
HLE: E {PPU[1] Thread (CPUThread)[0x018db028]} cellSpursJq TODO: cellSpursJobQueueAttributeInitialize
HLE: E {PPU[1] Thread (CPUThread)[0x018db07c]} cellSpursJq TODO: cellSpursJobQueueAttributeSetGrabParameters
HLE: E {PPU[1] Thread (CPUThread)[0x018db01c]} cellSpursJq TODO: cellSpursJobQueueAttributeSetMaxSizeJobDescriptor
HLE: E {PPU[1] Thread (CPUThread)[0x018db010]} cellSpursJq TODO: cellSpursJobQueueAttributeSetSubmitWithEntryLock
HLE: E {PPU[1] Thread (CPUThread)[0x018db004]} cellSpursJq TODO: cellSpursJobQueueAttributeSetDoBusyWaiting
HLE: E {PPU[1] Thread (CPUThread)[0x018db0ac]} cellSpursJq TODO: cellSpursJobQueueAttributeSetIsHaltOnError
HLE: E {PPU[1] Thread (CPUThread)[0x018db034]} cellSpursJq TODO: cellSpursJobQueueAttributeSetIsJobTypeMemoryCheck
HLE: E {PPU[1] Thread (CPUThread)[0x018db058]} cellSpursJq TODO: _cellSpursCreateJobQueueWithJobDescriptorPool
HLE: W {PPU[1] Thread (CPUThread)[0x018cb010]} cellSysmodule warning: cellSysmoduleLoadModule(CELL_SYSMODULE_SPURS_JQ)
HLE: E {PPU[1] Thread (CPUThread)[0x018db028]} cellSpursJq TODO: cellSpursJobQueueAttributeInitialize
HLE: E {PPU[1] Thread (CPUThread)[0x018db07c]} cellSpursJq TODO: cellSpursJobQueueAttributeSetGrabParameters
HLE: E {PPU[1] Thread (CPUThread)[0x018db01c]} cellSpursJq TODO: cellSpursJobQueueAttributeSetMaxSizeJobDescriptor
HLE: E {PPU[1] Thread (CPUThread)[0x018db010]} cellSpursJq TODO: cellSpursJobQueueAttributeSetSubmitWithEntryLock
HLE: E {PPU[1] Thread (CPUThread)[0x018db004]} cellSpursJq TODO: cellSpursJobQueueAttributeSetDoBusyWaiting
HLE: E {PPU[1] Thread (CPUThread)[0x018db0ac]} cellSpursJq TODO: cellSpursJobQueueAttributeSetIsHaltOnError
HLE: E {PPU[1] Thread (CPUThread)[0x018db034]} cellSpursJq TODO: cellSpursJobQueueAttributeSetIsJobTypeMemoryCheck
HLE: E {PPU[1] Thread (CPUThread)[0x018db058]} cellSpursJq TODO: _cellSpursCreateJobQueueWithJobDescriptorPool
HLE: W {PPU[1] Thread (CPUThread)[0x018cb010]} cellSysmodule warning: cellSysmoduleLoadModule(CELL_SYSMODULE_SPURS_JQ)
HLE: E {PPU[1] Thread (CPUThread)[0x018db028]} cellSpursJq TODO: cellSpursJobQueueAttributeInitialize
HLE: E {PPU[1] Thread (CPUThread)[0x018db07c]} cellSpursJq TODO: cellSpursJobQueueAttributeSetGrabParameters
HLE: E {PPU[1] Thread (CPUThread)[0x018db01c]} cellSpursJq TODO: cellSpursJobQueueAttributeSetMaxSizeJobDescriptor
HLE: E {PPU[1] Thread (CPUThread)[0x018db010]} cellSpursJq TODO: cellSpursJobQueueAttributeSetSubmitWithEntryLock
HLE: E {PPU[1] Thread (CPUThread)[0x018db004]} cellSpursJq TODO: cellSpursJobQueueAttributeSetDoBusyWaiting
HLE: E {PPU[1] Thread (CPUThread)[0x018db0ac]} cellSpursJq TODO: cellSpursJobQueueAttributeSetIsHaltOnError
HLE: E {PPU[1] Thread (CPUThread)[0x018db034]} cellSpursJq TODO: cellSpursJobQueueAttributeSetIsJobTypeMemoryCheck
HLE: E {PPU[1] Thread (CPUThread)[0x018db058]} cellSpursJq TODO: _cellSpursCreateJobQueueWithJobDescriptorPool
RSX: W {RSXThread} TODO: NV4097_SET_WINDOW_OFFSET: x=0, y=0
RSX: W {RSXThread} NV4097_SET_ZCULL_STATS_ENABLE: 1
RSX: W {RSXThread} New FBO (1280x720)
RSX: W {RSXThread} TODO: NV4097_SET_WINDOW_OFFSET: x=0, y=0
RSX: W {RSXThread} NV4097_SET_ZCULL_STATS_ENABLE: 1
HLE: ! {PPU[1] Thread (CPUThread)[0x016bf01c]} sys_fs: "/dev_bdvd/PS3_GAME/USRDIR/data.mself" opened: fd = 74
HLE: W {PPU[1] Thread (CPUThread)[0x016bf004]} sys_fs warning: cellFsClose(fd=74)
HLE: E {PPU[1] Thread (CPUThread)[0x016bf01c]} sys_fs error: "/dev_bdvd/PS3_GAME/USRDIR/data.mself" has unknown flags! flags: 0x00001000
HLE: E {PPU[1] Thread (CPUThread)[0x016bf01c]} sys_fs error: "/dev_bdvd/PS3_GAME/USRDIR/shader_r.bin" not found! flags: 0x00000000
HLE: W {PPU[1] Thread (CPUThread)[0x016bf004]} sys_fs warning: cellFsClose(fd=0)
PPU: ! {PPULLVMRecompiler} Removed 18 old versions
PPU: ! {PPULLVMRecompiler} Removed 19 old versions
PPU: ! {PPULLVMRecompiler} Removed 1 old versions
PPU: ! {PPULLVMRecompiler} Removed 1 old versions
PPU: ! {PPULLVMRecompiler} Removed 1 old versions
PPU: ! {PPULLVMRecompiler} Removed 2 old versions
PPU: ! {PPULLVMRecompiler} Removed 3 old versions
PPU: ! {PPULLVMRecompiler} Removed 1 old versions
PPU: ! {PPULLVMRecompiler} Removed 2 old versions
PPU: ! {PPULLVMRecompiler} Removed 1 old versions
RSX: W {VBlank thread} VBlank thread aborted
HLE: W {PPU[28] Thread (_SPU_printf_server)[0x005b8cb8]} sys_event warning: sys_event_queue_receive(equeue=26) aborted
RSX: W {RSXThread} RSX thread aborted
PPU: ! {PPULLVMRecompiler} PPU LLVM compiler thread exiting.
HLE: ! All threads stopped...
MEM: ! Closing memory...
