HLE: ! path: /dev_hdd0/game/
HLE: W No pause.bin found, Auto Pause will not work.
HLE: W No pause.bin found, Auto Pause will not work.
LDR: ! Loading 'D:\Emulateurs\Rpcs3\dev_hdd0\game\BLES02026-[Escape Dead Island]/PS3_GAME/USRDIR/BOOT.BIN'...
LDR: !  
LDR: ! Mount info:
LDR: ! /dev_hdd0/ -> ./dev_hdd0/
LDR: ! /dev_hdd1/ -> ./dev_hdd1/
LDR: ! /dev_flash/ -> ./dev_flash/
LDR: ! /dev_usb000/ -> ./dev_usb000/
LDR: ! /dev_usb/ -> ./dev_usb000/
LDR: ! /app_home/ -> D:\Emulateurs\Rpcs3\dev_hdd0\game\BLES02026-[Escape Dead Island]/PS3_GAME/
LDR: ! /dev_bdvd/ -> D:\Emulateurs\Rpcs3\dev_hdd0\game\BLES02026-[Escape Dead Island]/PS3_GAME//../
LDR: ! /host_root/ -> 
LDR: ! /app_home/PS3_GAME/USRDIR/ -> D:\Emulateurs\Rpcs3\dev_hdd0\game\BLES02026-[Escape Dead Island]/PS3_GAME//USRDIR/
LDR: ! /dev_flash2/ -> ./dev_flash2/
LDR: ! /app_home/Game/PS3_GAME/USRDIR/ -> D:\Emulateurs\Rpcs3\dev_hdd0\game\BLES02026-[Escape Dead Island]/PS3_GAME//USRDIR/
LDR: ! //dev_hdd0/ -> ./dev_hdd0/
LDR: ! / -> D:\Emulateurs\Rpcs3\dev_hdd0\game\BLES02026-[Escape Dead Island]/PS3_GAME//USRDIR/
LDR: ! /app_home//dev_bdvd/PS3_GAME/USRDIR/data/gos/ -> D:\Emulateurs\Rpcs3\dev_hdd0\game\BLES02026-[Escape Dead Island]/PS3_GAME//USRDIR/
LDR: !  
LDR: ! Title: Escape Dead Island
LDR: ! Serial: BLES02026
LDR: !  
LDR: W m_ehdr.e_type = 0x2
MEM: ! Initializing memory: base_addr = 0x1173370000
MEM: ! Memory initialized.
LDR: ! Imported function 'cellAudioInit' in 'cellAudio' module  (HLE)
LDR: ! Imported function 'cellAudioPortStop' in 'cellAudio' module  (HLE)
LDR: ! Imported function 'cellAudioGetPortConfig' in 'cellAudio' module  (HLE)
LDR: ! Imported function 'cellAudioPortStart' in 'cellAudio' module  (HLE)
LDR: ! Imported function 'cellAudioQuit' in 'cellAudio' module  (HLE)
LDR: ! Imported function 'cellAudioPortOpen' in 'cellAudio' module  (HLE)
LDR: ! Imported function 'cellFsAioFinish' in 'sys_fs' module  (HLE)
LDR: ! Imported function 'cellFsGetFreeSize' in 'sys_fs' module  (HLE)
LDR: ! Imported function 'cellFsAioInit' in 'sys_fs' module  (HLE)
LDR: ! Imported function 'cellFsClose' in 'sys_fs' module  (HLE)
LDR: ! Imported function 'cellFsRead' in 'sys_fs' module  (HLE)
LDR: ! Imported function 'cellFsOpen' in 'sys_fs' module  (HLE)
LDR: ! Imported function 'cellFsLseek' in 'sys_fs' module  (HLE)
LDR: ! Imported function 'cellFsOpendir' in 'sys_fs' module  (HLE)
LDR: ! Imported function 'cellFsStat' in 'sys_fs' module  (HLE)
LDR: ! Imported function 'cellFsGetDirectoryEntries' in 'sys_fs' module  (HLE)
LDR: ! Imported function 'cellFsSdataOpen' in 'sys_fs' module  (HLE)
LDR: ! Imported function 'cellFsWrite' in 'sys_fs' module  (HLE)
LDR: ! Imported function 'cellFsFstat' in 'sys_fs' module  (HLE)
LDR: ! Imported function 'cellFsClosedir' in 'sys_fs' module  (HLE)
LDR: ! Imported function 'cellGcmGetTiledPitchSize' in 'cellGcmSys' module  (HLE)
LDR: ! Imported function 'cellGcmSetUserHandler' in 'cellGcmSys' module  (HLE)
LDR: ! Imported function '_cellGcmInitBody' in 'cellGcmSys' module  (HLE)
LDR: ! Imported function '_cellGcmSetFlipCommand' in 'cellGcmSys' module  (HLE)
LDR: ! Imported function 'cellGcmAddressToOffset' in 'cellGcmSys' module  (HLE)
LDR: ! Imported function '_cellGcmFunc15' in 'cellGcmSys' module  (HLE)
LDR: ! Imported function 'cellGcmBindTile' in 'cellGcmSys' module  (HLE)
LDR: ! Imported function 'cellGcmSetFlipMode' in 'cellGcmSys' module  (HLE)
LDR: ! Imported function 'cellGcmSetDebugOutputLevel' in 'cellGcmSys' module  (HLE)
LDR: ! Imported function 'cellGcmGetDefaultCommandWordSize' in 'cellGcmSys' module  (HLE)
LDR: ! Imported function 'cellGcmGetFlipStatus' in 'cellGcmSys' module  (HLE)
LDR: ! Imported function 'cellGcmGetDefaultSegmentWordSize' in 'cellGcmSys' module  (HLE)
LDR: ! Imported function 'cellGcmSetDefaultFifoSize' in 'cellGcmSys' module  (HLE)
LDR: ! Imported function 'cellGcmMapMainMemory' in 'cellGcmSys' module  (HLE)
LDR: ! Imported function 'cellGcmSetFlipHandler' in 'cellGcmSys' module  (HLE)
LDR: ! Imported function 'cellGcmSetDisplayBuffer' in 'cellGcmSys' module  (HLE)
LDR: ! Imported function 'cellGcmGetControlRegister' in 'cellGcmSys' module  (HLE)
LDR: ! Imported function 'cellGcmSetVBlankHandler' in 'cellGcmSys' module  (HLE)
LDR: ! Imported function 'cellGcmResetFlipStatus' in 'cellGcmSys' module  (HLE)
LDR: ! Imported function 'cellGcmSetTileInfo' in 'cellGcmSys' module  (HLE)
LDR: ! Imported function 'cellGcmSetTile' in 'cellGcmSys' module  (HLE)
LDR: ! Imported function 'cellGcmSetZcull' in 'cellGcmSys' module  (HLE)
LDR: ! Imported function '_cellGcmSetFlipCommandWithWaitLabel' in 'cellGcmSys' module  (HLE)
LDR: ! Imported function 'cellGcmUnbindTile' in 'cellGcmSys' module  (HLE)
LDR: ! Imported function 'cellGcmGetConfiguration' in 'cellGcmSys' module  (HLE)
LDR: ! Imported function 'cellGcmUnmapEaIoAddress' in 'cellGcmSys' module  (HLE)
LDR: ! Imported function 'cellGcmGetLabelAddress' in 'cellGcmSys' module  (HLE)
LDR: ! Imported function 'cellGcmGetDisplayInfo' in 'cellGcmSys' module  (HLE)
LDR: ! Imported function 'cellGcmGetCurrentDisplayBufferId' in 'cellGcmSys' module  (HLE)
LDR: ! Imported function 'cellNetCtlNetStartDialogLoadAsync' in 'cellNetCtl' module  (HLE)
LDR: ! Imported function 'cellNetCtlAddHandler' in 'cellNetCtl' module  (HLE)
LDR: ! Imported function 'cellNetCtlNetStartDialogUnloadAsync' in 'cellNetCtl' module  (HLE)
LDR: ! Imported function 'cellNetCtlNetStartDialogAbortAsync' in 'cellNetCtl' module  (HLE)
LDR: ! Imported function 'cellNetCtlGetState' in 'cellNetCtl' module  (HLE)
LDR: ! Imported function 'cellNetCtlDelHandler' in 'cellNetCtl' module  (HLE)
LDR: ! Imported function 'cellNetCtlInit' in 'cellNetCtl' module  (HLE)
LDR: ! Imported function 'cellSpursEventFlagDetachLv2EventQueue' in 'cellSpurs' module  (HLE)
LDR: ! Imported function 'cellSpursEventFlagWait' in 'cellSpurs' module  (HLE)
LDR: ! Imported function 'cellSpursDetachLv2EventQueue' in 'cellSpurs' module  (HLE)
LDR: ! Imported function 'cellSpursCreateTaskset' in 'cellSpurs' module  (HLE)
LDR: ! Imported function '_cellSpursEventFlagInitialize' in 'cellSpurs' module  (HLE)
LDR: ! Imported function 'cellSpursEventFlagAttachLv2EventQueue' in 'cellSpurs' module  (HLE)
LDR: ! Imported function 'cellSpursJoinTaskset' in 'cellSpurs' module  (HLE)
LDR: ! Imported function 'cellSpursShutdownTaskset' in 'cellSpurs' module  (HLE)
LDR: ! Imported function 'cellSpursAttachLv2EventQueue' in 'cellSpurs' module  (HLE)
LDR: ! Imported function 'cellSpursCreateTask' in 'cellSpurs' module  (HLE)
LDR: ! Imported function '_cellSpursSendSignal' in 'cellSpurs' module  (HLE)
LDR: ! Imported function 'cellSpursAttributeSetNamePrefix' in 'cellSpurs' module  (HLE)
LDR: ! Imported function 'cellSpursAttributeEnableSpuPrintfIfAvailable' in 'cellSpurs' module  (HLE)
LDR: ! Imported function '_cellSpursTasksetAttributeInitialize' in 'cellSpurs' module  (HLE)
LDR: ! Imported function 'cellSpursCreateTaskWithAttribute' in 'cellSpurs' module  (HLE)
LDR: ! Imported function 'cellSpursInitializeWithAttribute2' in 'cellSpurs' module  (HLE)
LDR: ! Imported function 'cellSpursEventFlagClear' in 'cellSpurs' module  (HLE)
LDR: ! Imported function 'cellSpursTasksetAttributeSetName' in 'cellSpurs' module  (HLE)
LDR: ! Imported function 'cellSpursBarrierInitialize' in 'cellSpurs' module  (HLE)
LDR: ! Imported function 'cellSpursTaskGetContextSaveAreaSize' in 'cellSpurs' module  (HLE)
LDR: ! Imported function '_cellSpursAttributeInitialize' in 'cellSpurs' module  (HLE)
LDR: ! Imported function '_cellSpursTaskAttributeInitialize' in 'cellSpurs' module  (HLE)
LDR: ! Imported function 'cellSpursCreateTasksetWithAttribute' in 'cellSpurs' module  (HLE)
LDR: ! Imported function 'cellSpursFinalize' in 'cellSpurs' module  (HLE)
LDR: ! Imported function 'cellSpursEventFlagSet' in 'cellSpurs' module  (HLE)
LDR: ! Imported function '_cellSpursLFQueueInitialize' in 'cellSpurs' module  (HLE)
LDR: ! Imported function 'cellSpursQueueDetachLv2EventQueue' in 'cellSpurs' module  (HLE)
LDR: ! Imported function '_cellSpursQueueInitialize' in 'cellSpurs' module  (HLE)
LDR: ! Imported function 'cellSpursLFQueueAttachLv2EventQueue' in 'cellSpurs' module  (HLE)
LDR: ! Imported function 'cellSpursDestroyTaskset2' in 'cellSpurs' module  (HLE)
LDR: ! Imported function '_cellSpursLFQueuePopBody' in 'cellSpurs' module  (HLE)
LDR: ! Imported function 'cellSpursCreateTaskset2' in 'cellSpurs' module  (HLE)
LDR: ! Imported function 'cellSpursTasksetGetSpursAddress' in 'cellSpurs' module  (HLE)
LDR: ! Imported function 'cellSpursLFQueueDetachLv2EventQueue' in 'cellSpurs' module  (HLE)
LDR: ! Imported function '_cellSpursLFQueuePushBody' in 'cellSpurs' module  (HLE)
LDR: ! Imported function '_cellSpursTaskAttribute2Initialize' in 'cellSpurs' module  (HLE)
LDR: ! Imported function 'cellSpursQueuePopBody' in 'cellSpurs' module  (HLE)
LDR: ! Imported function 'cellSpursQueuePushBody' in 'cellSpurs' module  (HLE)
LDR: ! Imported function 'cellSpursJoinTask2' in 'cellSpurs' module  (HLE)
LDR: ! Imported function '_cellSpursTasksetAttribute2Initialize' in 'cellSpurs' module  (HLE)
LDR: ! Imported function 'cellSpursCreateTask2' in 'cellSpurs' module  (HLE)
LDR: ! Imported function 'cellSpursQueueAttachLv2EventQueue' in 'cellSpurs' module  (HLE)
LDR: ! Imported function 'cellSysmoduleUnloadModule' in 'cellSysmodule' module  (HLE)
LDR: ! Imported function 'cellSysmoduleLoadModule' in 'cellSysmodule' module  (HLE)
LDR: ! Imported function 'cellGameGetParamString' in 'cellGame' module  (HLE)
LDR: ! Imported function 'cellGameContentPermit' in 'cellGame' module  (HLE)
LDR: ! Imported function 'cellGameContentErrorDialog' in 'cellGame' module  (HLE)
LDR: ! Imported function 'cellGameGetParamInt' in 'cellGame' module  (HLE)
LDR: ! Imported function 'cellGamePatchCheck' in 'cellGame' module  (HLE)
LDR: ! Imported function 'cellGameDataCheck' in 'cellGame' module  (HLE)
LDR: ! Imported function 'cellGameBootCheck' in 'cellGame' module  (HLE)
LDR: ! Imported function 'sceNpTrophyRegisterContext' in 'sceNpTrophy' module  (HLE)
LDR: ! Imported function 'sceNpTrophyCreateHandle' in 'sceNpTrophy' module  (HLE)
LDR: ! Imported function 'sceNpTrophyGetRequiredDiskSpace' in 'sceNpTrophy' module  (HLE)
LDR: ! Imported function 'sceNpTrophyDestroyContext' in 'sceNpTrophy' module  (HLE)
LDR: ! Imported function 'sceNpTrophyInit' in 'sceNpTrophy' module  (HLE)
LDR: ! Imported function 'sceNpTrophyDestroyHandle' in 'sceNpTrophy' module  (HLE)
LDR: ! Imported function 'sceNpTrophyUnlockTrophy' in 'sceNpTrophy' module  (HLE)
LDR: ! Imported function 'sceNpTrophyTerm' in 'sceNpTrophy' module  (HLE)
LDR: ! Imported function 'sceNpTrophyCreateContext' in 'sceNpTrophy' module  (HLE)
LDR: ! Imported function 'cellSysutilUnregisterCallback' in 'cellSysutil' module  (HLE)
LDR: ! Imported function 'cellVideoOutConfigure' in 'cellSysutil' module  (HLE)
LDR: ! Imported function 'cellMsgDialogClose' in 'cellSysutil' module  (HLE)
LDR: W Unimplemented function 'cellOskDialogUnloadAsync' in 'cellSysutil' module (HLE)
LDR: ! Imported function 'cellSysutilGetSystemParamInt' in 'cellSysutil' module  (HLE)
LDR: ! Imported function 'cellAudioOutConfigure' in 'cellSysutil' module  (HLE)
LDR: ! Imported function 'cellMsgDialogAbort' in 'cellSysutil' module  (HLE)
LDR: ! Imported function 'cellMsgDialogOpen2' in 'cellSysutil' module  (HLE)
LDR: ! Imported function 'cellAudioOutGetDeviceInfo' in 'cellSysutil' module  (HLE)
LDR: W Unimplemented function 'cellOskDialogAddSupportLanguage' in 'cellSysutil' module (HLE)
LDR: W Unimplemented function 'cellOskDialogLoadAsync' in 'cellSysutil' module (HLE)
LDR: ! Imported function 'cellVideoOutGetState' in 'cellSysutil' module  (HLE)
LDR: ! Imported function 'cellSaveDataAutoSave2' in 'cellSysutil' module  (HLE)
LDR: ! Imported function 'cellMsgDialogProgressBarInc' in 'cellSysutil' module  (HLE)
LDR: ! Imported function 'cellSysutilRegisterCallback' in 'cellSysutil' module  (HLE)
LDR: ! Imported function 'cellVideoOutGetResolutionAvailability' in 'cellSysutil' module  (HLE)
LDR: W Unimplemented function 'cellOskDialogSetKeyLayoutOption' in 'cellSysutil' module (HLE)
LDR: W Unimplemented function 'cellOskDialogAbort' in 'cellSysutil' module (HLE)
LDR: ! Imported function 'cellAudioOutGetSoundAvailability' in 'cellSysutil' module  (HLE)
LDR: ! Imported function 'cellVideoOutGetResolution' in 'cellSysutil' module  (HLE)
LDR: ! Imported function 'cellAudioOutGetNumberOfDevice' in 'cellSysutil' module  (HLE)
LDR: ! Imported function 'cellAudioOutGetConfiguration' in 'cellSysutil' module  (HLE)
LDR: W Unimplemented function 'cellOskDialogSetLayoutMode' in 'cellSysutil' module (HLE)
LDR: ! Imported function 'cellAudioOutGetState' in 'cellSysutil' module  (HLE)
LDR: ! Imported function 'cellSaveDataAutoLoad2' in 'cellSysutil' module  (HLE)
LDR: ! Imported function 'cellSysutilCheckCallback' in 'cellSysutil' module  (HLE)
LDR: ! Imported function 'sceNpManagerUnregisterCallback' in 'sceNp' module  (HLE)
LDR: ! Imported function 'sceNpManagerGetContentRatingFlag' in 'sceNp' module  (HLE)
LDR: ! Imported function 'sceNpManagerGetStatus' in 'sceNp' module  (HLE)
LDR: ! Imported function 'sceNpDrmVerifyUpgradeLicense2' in 'sceNp' module  (HLE)
LDR: ! Imported function 'sceNpManagerRegisterCallback' in 'sceNp' module  (HLE)
LDR: ! Imported function 'sceNpManagerGetChatRestrictionFlag' in 'sceNp' module  (HLE)
LDR: ! Imported function 'sceNpDrmExecuteGamePurchase' in 'sceNp' module  (HLE)
LDR: ! Imported function 'sceNpManagerGetNpId' in 'sceNp' module  (HLE)
LDR: ! Imported function 'sceNpDrmIsAvailable' in 'sceNp' module  (HLE)
LDR: W Unimplemented function 'sceNp2Init' in 'sceNp2' module (HLE)
LDR: W Unimplemented function 'sceNp2Term' in 'sceNp2' module (HLE)
LDR: W Unknown module 'sceNpTus'
LDR: ! Imported function 'sceNpTusDeleteMultiSlotDataVUser' in 'sceNpTus' module  (HLE)
LDR: ! Imported function 'sceNpTusGetMultiSlotVariable' in 'sceNpTus' module  (HLE)
LDR: ! Imported function 'sceNpTusSetDataVUser' in 'sceNpTus' module  (HLE)
LDR: ! Imported function 'sceNpTusCreateTransactionCtx' in 'sceNpTus' module  (HLE)
LDR: ! Imported function 'sceNpTusTerm' in 'sceNpTus' module  (HLE)
LDR: ! Imported function 'sceNpTusGetMultiSlotVariableVUser' in 'sceNpTus' module  (HLE)
LDR: ! Imported function 'sceNpTusDestroyTitleCtx' in 'sceNpTus' module  (HLE)
LDR: ! Imported function 'sceNpTusDestroyTransactionCtx' in 'sceNpTus' module  (HLE)
LDR: ! Imported function 'sceNpTusCreateTitleCtx' in 'sceNpTus' module  (HLE)
LDR: ! Imported function 'sceNpTusSetData' in 'sceNpTus' module  (HLE)
LDR: ! Imported function 'sceNpTusGetData' in 'sceNpTus' module  (HLE)
LDR: ! Imported function 'sceNpTusInit' in 'sceNpTus' module  (HLE)
LDR: ! Imported function 'sceNpTusGetMultiSlotDataStatusVUser' in 'sceNpTus' module  (HLE)
LDR: ! Imported function 'sceNpTusGetDataVUser' in 'sceNpTus' module  (HLE)
LDR: ! Imported function 'sceNpTusDeleteMultiSlotVariable' in 'sceNpTus' module  (HLE)
LDR: ! Imported function 'sceNpTusDeleteMultiSlotVariableVUser' in 'sceNpTus' module  (HLE)
LDR: ! Imported function 'sceNpTusGetMultiSlotDataStatus' in 'sceNpTus' module  (HLE)
LDR: ! Imported function 'sceNpTusSetMultiSlotVariable' in 'sceNpTus' module  (HLE)
LDR: ! Imported function 'sceNpTusDeleteMultiSlotData' in 'sceNpTus' module  (HLE)
LDR: ! Imported function 'sceNpTusSetMultiSlotVariableVUser' in 'sceNpTus' module  (HLE)
LDR: ! Imported function 'cellPadInit' in 'sys_io' module  (HLE)
LDR: ! Imported function 'cellKbGetConfiguration' in 'sys_io' module  (HLE)
LDR: ! Imported function 'cellKbClearBuf' in 'sys_io' module  (HLE)
LDR: ! Imported function 'cellKbGetInfo' in 'sys_io' module  (HLE)
LDR: ! Imported function 'cellMouseGetData' in 'sys_io' module  (HLE)
LDR: ! Imported function 'cellMouseClearBuf' in 'sys_io' module  (HLE)
LDR: ! Imported function 'cellKbInit' in 'sys_io' module  (HLE)
LDR: ! Imported function 'cellKbCnvRawCode' in 'sys_io' module  (HLE)
LDR: ! Imported function 'cellPadEnd' in 'sys_io' module  (HLE)
LDR: ! Imported function 'cellPadSetPortSetting' in 'sys_io' module  (HLE)
LDR: ! Imported function 'cellMouseGetInfo' in 'sys_io' module  (HLE)
LDR: ! Imported function 'cellPadGetData' in 'sys_io' module  (HLE)
LDR: ! Imported function 'cellKbSetCodeType' in 'sys_io' module  (HLE)
LDR: ! Imported function 'cellPadGetInfo2' in 'sys_io' module  (HLE)
LDR: ! Imported function 'cellKbEnd' in 'sys_io' module  (HLE)
LDR: ! Imported function 'cellMouseInit' in 'sys_io' module  (HLE)
LDR: ! Imported function 'cellKbSetReadMode' in 'sys_io' module  (HLE)
LDR: ! Imported function 'cellMouseEnd' in 'sys_io' module  (HLE)
LDR: ! Imported function 'cellPadSetActDirect' in 'sys_io' module  (HLE)
LDR: ! Imported function 'cellKbRead' in 'sys_io' module  (HLE)
LDR: ! Imported function 'sys_net_initialize_network_ex' in 'sys_net' module  (HLE)
LDR: W Unimplemented function 'getsockname' in 'sys_net' module (HLE)
LDR: ! Imported function 'recvfrom' in 'sys_net' module  (HLE)
LDR: ! Imported function 'listen' in 'sys_net' module  (HLE)
LDR: W Unimplemented function 'socketselect' in 'sys_net' module (HLE)
LDR: W Unimplemented function 'getsockopt' in 'sys_net' module (HLE)
LDR: ! Imported function '_sys_net_errno_loc' in 'sys_net' module  (HLE)
LDR: ! Imported function 'connect' in 'sys_net' module  (HLE)
LDR: ! Imported function 'socketclose' in 'sys_net' module  (HLE)
LDR: W Unimplemented function 'gethostbyname' in 'sys_net' module (HLE)
LDR: ! Imported function 'setsockopt' in 'sys_net' module  (HLE)
LDR: ! Imported function 'sendto' in 'sys_net' module  (HLE)
LDR: ! Imported function 'socket' in 'sys_net' module  (HLE)
LDR: ! Imported function 'bind' in 'sys_net' module  (HLE)
LDR: ! Imported function 'sys_net_finalize_network' in 'sys_net' module  (HLE)
LDR: ! Imported function 'accept' in 'sys_net' module  (HLE)
LDR: ! Imported function 'send' in 'sys_net' module  (HLE)
LDR: W Unimplemented function 'getpeername' in 'sys_net' module (HLE)
LDR: ! Imported function 'recv' in 'sys_net' module  (HLE)
LDR: ! Imported function 'inet_addr' in 'sys_net' module  (HLE)
LDR: ! Imported function 'cellSpursJobQueueAttributeSetDoBusyWaiting' in 'cellSpursJq' module  (HLE)
LDR: ! Imported function '_cellSpursJobQueueAllocateJobDescriptorBody' in 'cellSpursJq' module  (HLE)
LDR: ! Imported function 'cellSpursJobQueueAttributeSetSubmitWithEntryLock' in 'cellSpursJq' module  (HLE)
LDR: ! Imported function 'cellSpursJobQueueAttributeSetMaxSizeJobDescriptor' in 'cellSpursJq' module  (HLE)
LDR: ! Imported function '_cellSpursJobQueuePushAndReleaseJobBody' in 'cellSpursJq' module  (HLE)
LDR: ! Imported function 'cellSpursJobQueueClose' in 'cellSpursJq' module  (HLE)
LDR: ! Imported function 'cellSpursJobQueueAttributeInitialize' in 'cellSpursJq' module  (HLE)
LDR: ! Imported function 'cellSpursJobQueueSemaphoreInitialize' in 'cellSpursJq' module  (HLE)
LDR: ! Imported function 'cellSpursJobQueueSemaphoreAcquire' in 'cellSpursJq' module  (HLE)
LDR: ! Imported function 'cellSpursJobQueueAttributeSetIsJobTypeMemoryCheck' in 'cellSpursJq' module  (HLE)
LDR: ! Imported function 'cellSpursShutdownJobQueue' in 'cellSpursJq' module  (HLE)
LDR: ! Imported function 'cellSpursJoinJobQueue' in 'cellSpursJq' module  (HLE)
LDR: ! Imported function '_cellSpursCreateJobQueueWithJobDescriptorPool' in 'cellSpursJq' module  (HLE)
LDR: ! Imported function 'cellSpursJobQueueAttributeSetGrabParameters' in 'cellSpursJq' module  (HLE)
LDR: ! Imported function 'cellSpursJobQueueAttributeSetIsHaltOnError' in 'cellSpursJq' module  (HLE)
LDR: ! Imported function 'cellSpursJobQueueOpen' in 'cellSpursJq' module  (HLE)
LDR: ! Imported function 'cellRtcGetCurrentTick' in 'cellRtc' module  (HLE)
LDR: ! Imported function 'cellRtcConvertUtcToLocalTime' in 'cellRtc' module  (HLE)
LDR: ! Imported function 'cellOvisGetOverlayTableSize' in 'cellOvis' module  (HLE)
LDR: ! Imported function 'cellOvisInitializeOverlayTable' in 'cellOvis' module  (HLE)
LDR: ! Imported function 'sys_lwmutex_lock' in 'sysPrxForUser' module  (HLE)
LDR: ! Imported function 'sys_lwmutex_unlock' in 'sysPrxForUser' module  (HLE)
LDR: ! Imported function 'sys_lwcond_destroy' in 'sysPrxForUser' module  (HLE)
LDR: ! Imported function 'sys_ppu_thread_create' in 'sysPrxForUser' module  (HLE)
LDR: ! Imported function 'sys_lwcond_wait' in 'sysPrxForUser' module  (HLE)
LDR: ! Imported function '_sys_process_atexitspawn' in 'sysPrxForUser' module  (HLE)
LDR: ! Imported function 'sys_lwmutex_create' in 'sysPrxForUser' module  (HLE)
LDR: ! Imported function 'sys_ppu_thread_get_id' in 'sysPrxForUser' module  (HLE)
LDR: ! Imported function 'sys_prx_register_library' in 'sysPrxForUser' module  (HLE)
LDR: ! Imported function '_sys_spu_printf_initialize' in 'sysPrxForUser' module  (HLE)
LDR: ! Imported function 'Unknown func id: 0x4f7172c9' in 'sysPrxForUser' module  (HLE)
LDR: ! Imported function 'sys_initialize_tls' in 'sysPrxForUser' module  (HLE)
LDR: ! Imported function 'sys_time_get_system_time' in 'sysPrxForUser' module  (HLE)
LDR: ! Imported function '_sys_process_at_Exitspawn' in 'sysPrxForUser' module  (HLE)
LDR: ! Imported function 'sys_prx_exitspawn_with_level' in 'sysPrxForUser' module  (HLE)
LDR: ! Imported function 'sys_ppu_thread_once' in 'sysPrxForUser' module  (HLE)
LDR: ! Imported function 'sys_lwmutex_trylock' in 'sysPrxForUser' module  (HLE)
LDR: ! Imported function 'sys_ppu_thread_exit' in 'sysPrxForUser' module  (HLE)
LDR: ! Imported function 'sys_lwmutex_destroy' in 'sysPrxForUser' module  (HLE)
LDR: ! Imported function 'sys_lwcond_create' in 'sysPrxForUser' module  (HLE)
LDR: ! Imported function '_sys_spu_printf_finalize' in 'sysPrxForUser' module  (HLE)
LDR: ! Imported function 'sys_spu_image_close' in 'sysPrxForUser' module  (HLE)
LDR: ! Imported function 'sys_process_exit' in 'sysPrxForUser' module  (HLE)
LDR: ! Imported function 'sys_lwcond_signal_all' in 'sysPrxForUser' module  (HLE)
HLE: W {PPU[1] Thread (main_thread)[0x011bc04c]} sys_lwmutex warning: sys_lwmutex_create(lwmutex_addr=0x113bdf0, attr_addr=0xd493f8)
HLE: ! {PPU[1] Thread (main_thread)[0x011bc04c]} sys_lwmutex : *** lwmutex created [_lc_mtx] (attribute=0x12): sq_id = 3
HLE: W {PPU[1] Thread (main_thread)[0x008521f0]} sys_memory warning: sys_memory_get_user_memory_size(mem_info_addr=0xd000fc04)
HLE: W {PPU[1] Thread (main_thread)[0x011bc04c]} sys_lwmutex warning: sys_lwmutex_create(lwmutex_addr=0x113bbf0, attr_addr=0xd493f8)
HLE: ! {PPU[1] Thread (main_thread)[0x011bc04c]} sys_lwmutex : *** lwmutex created [_lc_mtx] (attribute=0x12): sq_id = 4
HLE: W {PPU[1] Thread (main_thread)[0x011bc04c]} sys_lwmutex warning: sys_lwmutex_create(lwmutex_addr=0x113af40, attr_addr=0xd493f8)
HLE: ! {PPU[1] Thread (main_thread)[0x011bc04c]} sys_lwmutex : *** lwmutex created [_lc_mtx] (attribute=0x12): sq_id = 5
HLE: W {PPU[1] Thread (main_thread)[0x011bc04c]} sys_lwmutex warning: sys_lwmutex_create(lwmutex_addr=0x113af68, attr_addr=0xd493f8)
HLE: ! {PPU[1] Thread (main_thread)[0x011bc04c]} sys_lwmutex : *** lwmutex created [_lc_mtx] (attribute=0x12): sq_id = 6
HLE: W {PPU[1] Thread (main_thread)[0x011bc04c]} sys_lwmutex warning: sys_lwmutex_create(lwmutex_addr=0x113af90, attr_addr=0xd493f8)
HLE: ! {PPU[1] Thread (main_thread)[0x011bc04c]} sys_lwmutex : *** lwmutex created [_lc_mtx] (attribute=0x12): sq_id = 7
HLE: W {PPU[1] Thread (main_thread)[0x011bc04c]} sys_lwmutex warning: sys_lwmutex_create(lwmutex_addr=0x113ae78, attr_addr=0xd493f8)
HLE: ! {PPU[1] Thread (main_thread)[0x011bc04c]} sys_lwmutex : *** lwmutex created [_lc_mtx] (attribute=0x12): sq_id = 8
HLE: W {PPU[1] Thread (main_thread)[0x011bc04c]} sys_lwmutex warning: sys_lwmutex_create(lwmutex_addr=0x113aea0, attr_addr=0xd493f8)
HLE: ! {PPU[1] Thread (main_thread)[0x011bc04c]} sys_lwmutex : *** lwmutex created [_lc_mtx] (attribute=0x12): sq_id = 9
HLE: W {PPU[1] Thread (main_thread)[0x011bc04c]} sys_lwmutex warning: sys_lwmutex_create(lwmutex_addr=0x113aec8, attr_addr=0xd493f8)
HLE: ! {PPU[1] Thread (main_thread)[0x011bc04c]} sys_lwmutex : *** lwmutex created [_lc_mtx] (attribute=0x12): sq_id = 10
HLE: W {PPU[1] Thread (main_thread)[0x011bc04c]} sys_lwmutex warning: sys_lwmutex_create(lwmutex_addr=0x113aef0, attr_addr=0xd493f8)
HLE: ! {PPU[1] Thread (main_thread)[0x011bc04c]} sys_lwmutex : *** lwmutex created [_lc_mtx] (attribute=0x12): sq_id = 11
HLE: W {PPU[1] Thread (main_thread)[0x011bc04c]} sys_lwmutex warning: sys_lwmutex_create(lwmutex_addr=0x113af18, attr_addr=0xd493f8)
HLE: ! {PPU[1] Thread (main_thread)[0x011bc04c]} sys_lwmutex : *** lwmutex created [_lc_mtx] (attribute=0x12): sq_id = 12
HLE: W {PPU[1] Thread (main_thread)[0x011bc04c]} sys_lwmutex warning: sys_lwmutex_create(lwmutex_addr=0x30100020, attr_addr=0xd493f8)
HLE: ! {PPU[1] Thread (main_thread)[0x011bc04c]} sys_lwmutex : *** lwmutex created [_lc_mtx] (attribute=0x12): sq_id = 13
HLE: W {PPU[1] Thread (main_thread)[0x011bc04c]} sys_lwmutex warning: sys_lwmutex_create(lwmutex_addr=0x301000a0, attr_addr=0xd493f8)
HLE: ! {PPU[1] Thread (main_thread)[0x011bc04c]} sys_lwmutex : *** lwmutex created [_lc_mtx] (attribute=0x12): sq_id = 14
HLE: W {PPU[1] Thread (main_thread)[0x011bc04c]} sys_lwmutex warning: sys_lwmutex_create(lwmutex_addr=0x30100130, attr_addr=0xd493f8)
HLE: ! {PPU[1] Thread (main_thread)[0x011bc04c]} sys_lwmutex : *** lwmutex created [_lc_mtx] (attribute=0x12): sq_id = 15
HLE: W {PPU[1] Thread (main_thread)[0x011bc04c]} sys_lwmutex warning: sys_lwmutex_create(lwmutex_addr=0x30100190, attr_addr=0xd493f8)
HLE: ! {PPU[1] Thread (main_thread)[0x011bc04c]} sys_lwmutex : *** lwmutex created [_lc_mtx] (attribute=0x12): sq_id = 16
HLE: W {PPU[1] Thread (main_thread)[0x011bc04c]} sys_lwmutex warning: sys_lwmutex_create(lwmutex_addr=0x301001d0, attr_addr=0xd493f8)
HLE: ! {PPU[1] Thread (main_thread)[0x011bc04c]} sys_lwmutex : *** lwmutex created [_lc_mtx] (attribute=0x12): sq_id = 17
HLE: W {PPU[1] Thread (main_thread)[0x011bc04c]} sys_lwmutex warning: sys_lwmutex_create(lwmutex_addr=0x30100210, attr_addr=0xd493f8)
HLE: ! {PPU[1] Thread (main_thread)[0x011bc04c]} sys_lwmutex : *** lwmutex created [_lc_mtx] (attribute=0x12): sq_id = 18
HLE: W {PPU[1] Thread (main_thread)[0x011bc04c]} sys_lwmutex warning: sys_lwmutex_create(lwmutex_addr=0x301002d0, attr_addr=0xd493f8)
HLE: ! {PPU[1] Thread (main_thread)[0x011bc04c]} sys_lwmutex : *** lwmutex created [_lc_mtx] (attribute=0x12): sq_id = 19
HLE: W {PPU[1] Thread (main_thread)[0x011bc04c]} sys_lwmutex warning: sys_lwmutex_create(lwmutex_addr=0x30100300, attr_addr=0xd493f8)
HLE: ! {PPU[1] Thread (main_thread)[0x011bc04c]} sys_lwmutex : *** lwmutex created [_lc_mtx] (attribute=0x12): sq_id = 20
HLE: W {PPU[1] Thread (main_thread)[0x011bc04c]} sys_lwmutex warning: sys_lwmutex_create(lwmutex_addr=0x30100330, attr_addr=0xd493f8)
HLE: ! {PPU[1] Thread (main_thread)[0x011bc04c]} sys_lwmutex : *** lwmutex created [_lc_mtx] (attribute=0x12): sq_id = 21
HLE: W {PPU[1] Thread (main_thread)[0x011bc04c]} sys_lwmutex warning: sys_lwmutex_create(lwmutex_addr=0x30100360, attr_addr=0xd493f8)
HLE: ! {PPU[1] Thread (main_thread)[0x011bc04c]} sys_lwmutex : *** lwmutex created [_lc_mtx] (attribute=0x12): sq_id = 22
HLE: W {PPU[1] Thread (main_thread)[0x011bc04c]} sys_lwmutex warning: sys_lwmutex_create(lwmutex_addr=0x30100390, attr_addr=0xd493f8)
HLE: ! {PPU[1] Thread (main_thread)[0x011bc04c]} sys_lwmutex : *** lwmutex created [_lc_mtx] (attribute=0x12): sq_id = 23
HLE: W {PPU[1] Thread (main_thread)[0x011bc04c]} sys_lwmutex warning: sys_lwmutex_create(lwmutex_addr=0x301003c0, attr_addr=0xd493f8)
HLE: ! {PPU[1] Thread (main_thread)[0x011bc04c]} sys_lwmutex : *** lwmutex created [_lc_mtx] (attribute=0x12): sq_id = 24
HLE: W {PPU[1] Thread (main_thread)[0x011bc04c]} sys_lwmutex warning: sys_lwmutex_create(lwmutex_addr=0x113ace8, attr_addr=0xfb1858)
HLE: ! {PPU[1] Thread (main_thread)[0x011bc04c]} sys_lwmutex : *** lwmutex created [] (attribute=0x12): sq_id = 25
HLE: W {PPU[1] Thread (main_thread)[0x011bc04c]} sys_lwmutex warning: sys_lwmutex_create(lwmutex_addr=0x1105da0, attr_addr=0xd000fbf0)
HLE: ! {PPU[1] Thread (main_thread)[0x011bc04c]} sys_lwmutex : *** lwmutex created [] (attribute=0x12): sq_id = 26
HLE: W {PPU[1] Thread (main_thread)[0x011bc04c]} sys_lwmutex warning: sys_lwmutex_create(lwmutex_addr=0x1082450, attr_addr=0xd000fbf0)
HLE: ! {PPU[1] Thread (main_thread)[0x011bc04c]} sys_lwmutex : *** lwmutex created [] (attribute=0x12): sq_id = 27
HLE: W {PPU[1] Thread (main_thread)[0x011bc04c]} sys_lwmutex warning: sys_lwmutex_create(lwmutex_addr=0x1062460, attr_addr=0xd000fb40)
HLE: ! {PPU[1] Thread (main_thread)[0x011bc04c]} sys_lwmutex : *** lwmutex created [] (attribute=0x12): sq_id = 28
HLE: W {PPU[1] Thread (main_thread)[0x011bc04c]} sys_lwmutex warning: sys_lwmutex_create(lwmutex_addr=0x1066668, attr_addr=0xd000fb70)
HLE: ! {PPU[1] Thread (main_thread)[0x011bc04c]} sys_lwmutex : *** lwmutex created [] (attribute=0x12): sq_id = 29
HLE: W {PPU[1] Thread (main_thread)[0x011bc04c]} sys_lwmutex warning: sys_lwmutex_create(lwmutex_addr=0x10666a8, attr_addr=0xd000fb60)
HLE: ! {PPU[1] Thread (main_thread)[0x011bc04c]} sys_lwmutex : *** lwmutex created [] (attribute=0x12): sq_id = 30
HLE: W {PPU[1] Thread (main_thread)[0x011bc04c]} sys_lwmutex warning: sys_lwmutex_create(lwmutex_addr=0x1066aa0, attr_addr=0xd000fab8)
HLE: ! {PPU[1] Thread (main_thread)[0x011bc04c]} sys_lwmutex : *** lwmutex created [] (attribute=0x12): sq_id = 31
HLE: W {PPU[1] Thread (main_thread)[0x011bc04c]} sys_lwmutex warning: sys_lwmutex_create(lwmutex_addr=0x1066af0, attr_addr=0xd000fb48)
HLE: ! {PPU[1] Thread (main_thread)[0x011bc04c]} sys_lwmutex : *** lwmutex created [] (attribute=0x12): sq_id = 32
HLE: W {PPU[1] Thread (main_thread)[0x011bc04c]} sys_lwmutex warning: sys_lwmutex_create(lwmutex_addr=0x106ab50, attr_addr=0xd000fb50)
HLE: ! {PPU[1] Thread (main_thread)[0x011bc04c]} sys_lwmutex : *** lwmutex created [] (attribute=0x12): sq_id = 33
HLE: W {PPU[1] Thread (main_thread)[0x011bc04c]} sys_lwmutex warning: sys_lwmutex_create(lwmutex_addr=0x106abb0, attr_addr=0xd000faa0)
HLE: ! {PPU[1] Thread (main_thread)[0x011bc04c]} sys_lwmutex : *** lwmutex created [] (attribute=0x12): sq_id = 34
HLE: W {PPU[1] Thread (main_thread)[0x011bc04c]} sys_lwmutex warning: sys_lwmutex_create(lwmutex_addr=0x106abf8, attr_addr=0xd000faa0)
HLE: ! {PPU[1] Thread (main_thread)[0x011bc04c]} sys_lwmutex : *** lwmutex created [] (attribute=0x12): sq_id = 35
HLE: W {PPU[1] Thread (main_thread)[0x011bc04c]} sys_lwmutex warning: sys_lwmutex_create(lwmutex_addr=0x106ac40, attr_addr=0xd000faa0)
HLE: ! {PPU[1] Thread (main_thread)[0x011bc04c]} sys_lwmutex : *** lwmutex created [] (attribute=0x12): sq_id = 36
HLE: W {PPU[1] Thread (main_thread)[0x011bc04c]} sys_lwmutex warning: sys_lwmutex_create(lwmutex_addr=0x106ac88, attr_addr=0xd000fb40)
HLE: ! {PPU[1] Thread (main_thread)[0x011bc04c]} sys_lwmutex : *** lwmutex created [] (attribute=0x12): sq_id = 37
HLE: W {PPU[1] Thread (main_thread)[0x011a4010]} cellSysmodule warning: cellSysmoduleLoadModule(CELL_SYSMODULE_FS)
HLE: W {PPU[1] Thread (main_thread)[0x011a4010]} cellSysmodule warning: cellSysmoduleLoadModule(CELL_SYSMODULE_NET)
HLE: W {PPU[1] Thread (main_thread)[0x011a4010]} cellSysmodule warning: cellSysmoduleLoadModule(CELL_SYSMODULE_NETCTL)
HLE: W {PPU[1] Thread (main_thread)[0x011a4010]} cellSysmodule warning: cellSysmoduleLoadModule(CELL_SYSMODULE_SYSUTIL_GAME)
HLE: W {PPU[1] Thread (main_thread)[0x00f7a01c]} sys_fs warning: cellFsAioInit(mount_point_addr=0xcde468 (/app_home))
HLE: W {PPU[1] Thread (main_thread)[0x00f7a01c]} sys_fs warning: cellFsAioInit(mount_point_addr=0xcde478 (/dev_hdd0))
HLE: W {PPU[1] Thread (main_thread)[0x011bc04c]} sys_lwmutex warning: sys_lwmutex_create(lwmutex_addr=0xd000fb08, attr_addr=0xd000f660)
HLE: ! {PPU[1] Thread (main_thread)[0x011bc04c]} sys_lwmutex : *** lwmutex created [] (attribute=0x12): sq_id = 38
HLE: W {PPU[1] Thread (main_thread)[0x011a604c]} cellGame warning: cellGameBootCheck(type_addr=0xd000f820, attributes_addr=0xd000f824, size_addr=0xd000f828, dirName_addr=0xd000f838)
HLE: W {PPU[1] Thread (main_thread)[0x011a6028]} cellGame warning: cellGameGetParamInt(id=102, value_addr=0x3002c02c)
HLE: W {PPU[1] Thread (main_thread)[0x011a6004]} cellGame warning: cellGameGetParamString(id=0, buf_addr=0xd000f718, bufsize=128)
HLE: W {PPU[1] Thread (main_thread)[0x011a6004]} cellGame warning: cellGameGetParamString(id=100, buf_addr=0xd000f708, bufsize=10)
HLE: W {PPU[1] Thread (main_thread)[0x011a6004]} cellGame warning: cellGameGetParamString(id=106, buf_addr=0xd000f700, bufsize=6)
HLE: W {PPU[1] Thread (main_thread)[0x011a6010]} cellGame warning: cellGameContentPermit(contentInfoPath_addr=0xd000f858, usrdirPath_addr=0xd000f8d8)
HLE: W {PPU[1] Thread (main_thread)[0x011a6040]} cellGame warning: cellGameDataCheck(type=0x1, dirName_addr=0x0, size_addr=0xd000f850)
HLE: W {PPU[1] Thread (main_thread)[0x011a6010]} cellGame warning: cellGameContentPermit(contentInfoPath_addr=0xd000f860, usrdirPath_addr=0xd000f8e0)
HLE: W {PPU[1] Thread (main_thread)[0x011a6040]} cellGame warning: cellGameDataCheck(type=0x3, dirName_addr=0xcde550, size_addr=0xd000f850)
HLE: W {PPU[1] Thread (main_thread)[0x011a6040]} cellGame warning: cellGameDataCheck(): '/dev_hdd0/game/BLES02026' directory not found
HLE: W {PPU[1] Thread (main_thread)[0x011a6010]} cellGame warning: cellGameContentPermit(contentInfoPath_addr=0xd000f860, usrdirPath_addr=0xd000f8e0)
HLE: W {PPU[1] Thread (main_thread)[0x011a6010]} cellGame warning: cellGameContentPermit(): CELL_GAME_ERROR_FAILURE (no permission given)
HLE: W {PPU[1] Thread (main_thread)[0x00f7a004]} sys_fs warning: cellFsAioFinish(mount_point_addr=0xcde468 (/app_home))
HLE: W {PPU[1] Thread (main_thread)[0x00f7a004]} sys_fs warning: cellFsAioFinish(mount_point_addr=0xcde478 (/dev_hdd0))
HLE: W {PPU[1] Thread (main_thread)[0x011a4004]} cellSysmodule warning: cellSysmoduleUnloadModule(CELL_SYSMODULE_NET)
HLE: W {PPU[1] Thread (main_thread)[0x011a4004]} cellSysmodule warning: cellSysmoduleUnloadModule(CELL_SYSMODULE_NET)
HLE: W {PPU[1] Thread (main_thread)[0x011a4004]} cellSysmodule warning: cellSysmoduleUnloadModule(CELL_SYSMODULE_NET)
HLE: W {PPU[1] Thread (main_thread)[0x011a4004]} cellSysmodule warning: cellSysmoduleUnloadModule(CELL_SYSMODULE_NET)
HLE: W {PPU[1] Thread (main_thread)[0x011bc0dc]} sys_lwmutex warning: sys_lwmutex_destroy(lwmutex_addr=0xd000fb08)
HLE: W {PPU[1] Thread (main_thread)[0x011bc0dc]} sys_lwmutex warning: sys_lwmutex_destroy(lwmutex_addr=0x106ac88)
HLE: W {PPU[1] Thread (main_thread)[0x011bc0dc]} sys_lwmutex warning: sys_lwmutex_destroy(lwmutex_addr=0x106ac40)
HLE: W {PPU[1] Thread (main_thread)[0x011bc0dc]} sys_lwmutex warning: sys_lwmutex_destroy(lwmutex_addr=0x106abf8)
HLE: W {PPU[1] Thread (main_thread)[0x011bc0dc]} sys_lwmutex warning: sys_lwmutex_destroy(lwmutex_addr=0x106abb0)
HLE: W {PPU[1] Thread (main_thread)[0x011bc0dc]} sys_lwmutex warning: sys_lwmutex_destroy(lwmutex_addr=0x106ab50)
HLE: W {PPU[1] Thread (main_thread)[0x011bc0dc]} sys_lwmutex warning: sys_lwmutex_destroy(lwmutex_addr=0x1066af0)
HLE: W {PPU[1] Thread (main_thread)[0x011bc0dc]} sys_lwmutex warning: sys_lwmutex_destroy(lwmutex_addr=0x1066aa0)
HLE: W {PPU[1] Thread (main_thread)[0x011bc0dc]} sys_lwmutex warning: sys_lwmutex_destroy(lwmutex_addr=0x10666a8)
HLE: W {PPU[1] Thread (main_thread)[0x011bc0dc]} sys_lwmutex warning: sys_lwmutex_destroy(lwmutex_addr=0x1066668)
HLE: W {PPU[1] Thread (main_thread)[0x011bc0dc]} sys_lwmutex warning: sys_lwmutex_destroy(lwmutex_addr=0x1062460)
HLE: W {PPU[1] Thread (main_thread)[0x0084172c]} SysCall 988! r3: 0x1, r4: 0x0, pc: 0x84172c
HLE: W {PPU[1] Thread (main_thread)[0x011bc0dc]} sys_lwmutex warning: sys_lwmutex_destroy(lwmutex_addr=0x1082450)
HLE: W {PPU[1] Thread (main_thread)[0x011bc0dc]} sys_lwmutex warning: sys_lwmutex_destroy(lwmutex_addr=0x1105da0)
HLE: W {PPU[1] Thread (main_thread)[0x011bc0dc]} sys_lwmutex warning: sys_lwmutex_destroy(lwmutex_addr=0x113ace8)
HLE: W {PPU[1] Thread (main_thread)[0x011bc0dc]} sys_lwmutex warning: sys_lwmutex_destroy(lwmutex_addr=0x301003c0)
HLE: W {PPU[1] Thread (main_thread)[0x011bc0dc]} sys_lwmutex warning: sys_lwmutex_destroy(lwmutex_addr=0x30100390)
HLE: W {PPU[1] Thread (main_thread)[0x011bc0dc]} sys_lwmutex warning: sys_lwmutex_destroy(lwmutex_addr=0x30100360)
HLE: W {PPU[1] Thread (main_thread)[0x011bc0dc]} sys_lwmutex warning: sys_lwmutex_destroy(lwmutex_addr=0x30100330)
HLE: W {PPU[1] Thread (main_thread)[0x011bc0dc]} sys_lwmutex warning: sys_lwmutex_destroy(lwmutex_addr=0x30100300)
HLE: W {PPU[1] Thread (main_thread)[0x011bc0dc]} sys_lwmutex warning: sys_lwmutex_destroy(lwmutex_addr=0x301002d0)
HLE: W {PPU[1] Thread (main_thread)[0x0084665c]} SysCall 988! r3: 0x1, r4: 0x0, pc: 0x84665c
HLE: W {PPU[1] Thread (main_thread)[0x011bc0dc]} sys_lwmutex warning: sys_lwmutex_destroy(lwmutex_addr=0x113af40)
HLE: W {PPU[1] Thread (main_thread)[0x011bc0dc]} sys_lwmutex warning: sys_lwmutex_destroy(lwmutex_addr=0x113af68)
HLE: W {PPU[1] Thread (main_thread)[0x011bc0dc]} sys_lwmutex warning: sys_lwmutex_destroy(lwmutex_addr=0x113af90)
HLE: W {PPU[1] Thread (main_thread)[0x011bc0dc]} sys_lwmutex warning: sys_lwmutex_destroy(lwmutex_addr=0x113ae78)
HLE: W {PPU[1] Thread (main_thread)[0x011bc0dc]} sys_lwmutex warning: sys_lwmutex_destroy(lwmutex_addr=0x113aea0)
HLE: W {PPU[1] Thread (main_thread)[0x011bc0dc]} sys_lwmutex warning: sys_lwmutex_destroy(lwmutex_addr=0x113aec8)
HLE: W {PPU[1] Thread (main_thread)[0x011bc0dc]} sys_lwmutex warning: sys_lwmutex_destroy(lwmutex_addr=0x113aef0)
HLE: W {PPU[1] Thread (main_thread)[0x011bc0dc]} sys_lwmutex warning: sys_lwmutex_destroy(lwmutex_addr=0x113af18)
HLE: W {PPU[1] Thread (main_thread)[0x011bc0dc]} sys_lwmutex warning: sys_lwmutex_destroy(lwmutex_addr=0x113bbf0)
HLE: W {PPU[1] Thread (main_thread)[0x011bc0dc]} sys_lwmutex warning: sys_lwmutex_destroy(lwmutex_addr=0x113bdf0)
HLE: W {PPU[1] Thread (main_thread)[0x011bc10c]} sys_process warning: sys_process_exit(10)
HLE: S {PPU[1] Thread (main_thread)[0x011bc10c]} sys_process : Process finished
PPU: ! {PPU Recompilation Engine} PPU LLVM Recompilation thread exiting.
HLE: ! All threads stopped...
MEM: ! Closing memory...
