HLE: ! path: /dev_hdd0/game/
HLE: W No pause.bin found, Auto Pause will not work.
HLE: W No pause.bin found, Auto Pause will not work.
LDR: ! Loading 'D:\Emulateurs\Rpcs3\dev_hdd0\game\BLES01738-[Persona 4 ARENA]/PS3_GAME/USRDIR/BOOT.BIN'...
LDR: !  
LDR: ! Mount info:
LDR: ! /dev_hdd0/ -> ./dev_hdd0/
LDR: ! /dev_hdd1/ -> ./dev_hdd1/
LDR: ! /dev_flash/ -> ./dev_flash/
LDR: ! /dev_usb000/ -> ./dev_usb000/
LDR: ! /dev_usb/ -> ./dev_usb000/
LDR: ! /app_home/ -> D:\Emulateurs\Rpcs3\dev_hdd0\game\BLES01738-[Persona 4 ARENA]/PS3_GAME/
LDR: ! /dev_bdvd/ -> D:\Emulateurs\Rpcs3\dev_hdd0\game\BLES01738-[Persona 4 ARENA]/PS3_GAME//../
LDR: ! /host_root/ -> 
LDR: ! /app_home/PS3_GAME/USRDIR/ -> D:\Emulateurs\Rpcs3\dev_hdd0\game\BLES01738-[Persona 4 ARENA]/PS3_GAME//USRDIR/
LDR: ! /dev_flash2/ -> ./dev_flash2/
LDR: ! /app_home/Game/PS3_GAME/USRDIR/ -> D:\Emulateurs\Rpcs3\dev_hdd0\game\BLES01738-[Persona 4 ARENA]/PS3_GAME//USRDIR/
LDR: ! //dev_hdd0/ -> ./dev_hdd0/
LDR: ! / -> D:\Emulateurs\Rpcs3\dev_hdd0\game\BLES01738-[Persona 4 ARENA]/PS3_GAME//USRDIR/
LDR: ! /app_home//dev_bdvd/PS3_GAME/USRDIR/data/gos/ -> D:\Emulateurs\Rpcs3\dev_hdd0\game\BLES01738-[Persona 4 ARENA]/PS3_GAME//USRDIR/
LDR: !  
LDR: ! Title: Persona 4 ARENA
LDR: ! Serial: BLES01738
LDR: !  
MEM: ! Initializing memory: m_base_addr = 0xebc470000
MEM: ! Memory initialized.
LDR: ! Imported function 'cellPadInit' in 'sys_io' module
LDR: ! Imported function 'cellPadEnd' in 'sys_io' module
LDR: ! Imported function 'cellPadSetPortSetting' in 'sys_io' module
LDR: ! Imported function 'cellPadGetData' in 'sys_io' module
LDR: ! Imported function 'cellPadGetInfo2' in 'sys_io' module
LDR: ! Imported function 'cellPadSetActDirect' in 'sys_io' module
LDR: ! Imported function 'cellSysmoduleUnloadModule' in 'cellSysmodule' module
LDR: ! Imported function 'cellSysmoduleLoadModule' in 'cellSysmodule' module
LDR: ! Imported function 'cellVideoOutConfigure' in 'cellSysutil' module
LDR: ! Imported function 'cellSysutilCheckCallback' in 'cellSysutil' module
LDR: ! Imported function 'cellSysCacheMount' in 'cellSysutil' module
LDR: ! Imported function 'cellVideoOutGetDeviceInfo' in 'cellSysutil' module
LDR: ! Imported function 'cellSaveDataFixedLoad2' in 'cellSysutil' module
LDR: ! Imported function 'cellSaveDataFixedSave2' in 'cellSysutil' module
LDR: W Unimplemented function 'cellOskDialogUnloadAsync' in 'cellSysutil' module
LDR: ! Imported function 'cellSysutilGetSystemParamInt' in 'cellSysutil' module
LDR: ! Imported function 'cellAudioOutConfigure' in 'cellSysutil' module
LDR: ! Imported function 'cellSysCacheClear' in 'cellSysutil' module
LDR: ! Imported function 'cellMsgDialogOpen2' in 'cellSysutil' module
LDR: W Unimplemented function 'cellOskDialogLoadAsync' in 'cellSysutil' module
LDR: ! Imported function 'cellVideoOutGetState' in 'cellSysutil' module
LDR: ! Imported function 'cellSaveDataAutoSave2' in 'cellSysutil' module
LDR: ! Imported function 'cellSysutilRegisterCallback' in 'cellSysutil' module
LDR: W Unimplemented function 'cellOskDialogSetKeyLayoutOption' in 'cellSysutil' module
LDR: W Unimplemented function 'cellOskDialogAbort' in 'cellSysutil' module
LDR: ! Imported function 'cellAudioOutGetSoundAvailability' in 'cellSysutil' module
LDR: W Unimplemented function 'cellSaveDataFixedDelete' in 'cellSysutil' module
LDR: W Unimplemented function 'cellOskDialogSetDeviceMask' in 'cellSysutil' module
LDR: ! Imported function 'cellAudioOutGetNumberOfDevice' in 'cellSysutil' module
LDR: W Unimplemented function 'cellSaveDataDelete2' in 'cellSysutil' module
LDR: W Unimplemented function 'cellOskDialogSetLayoutMode' in 'cellSysutil' module
LDR: ! Imported function 'cellSaveDataAutoLoad2' in 'cellSysutil' module
LDR: ! Imported function 'cellAudioOutGetDeviceInfo' in 'cellSysutil' module
LDR: ! Imported function 'cellAudioOutGetConfiguration' in 'cellSysutil' module
LDR: ! Imported function 'cellAudioOutGetState' in 'cellSysutil' module
LDR: ! Imported function 'cellFsGetBlockSize' in 'sys_fs' module
LDR: ! Imported function 'cellFsRmdir' in 'sys_fs' module
LDR: ! Imported function 'cellFsClose' in 'sys_fs' module
LDR: ! Imported function 'cellFsOpendir' in 'sys_fs' module
LDR: ! Imported function 'cellFsRead' in 'sys_fs' module
LDR: ! Imported function 'cellFsReaddir' in 'sys_fs' module
LDR: ! Imported function 'cellFsOpen' in 'sys_fs' module
LDR: ! Imported function 'cellFsStat' in 'sys_fs' module
LDR: ! Imported function 'cellFsUnlink' in 'sys_fs' module
LDR: ! Imported function 'cellFsLseek' in 'sys_fs' module
LDR: ! Imported function 'cellFsMkdir' in 'sys_fs' module
LDR: ! Imported function 'cellFsWrite' in 'sys_fs' module
LDR: ! Imported function 'cellFsFstat' in 'sys_fs' module
LDR: ! Imported function 'cellFsClosedir' in 'sys_fs' module
LDR: ! Imported function 'cellAudioInit' in 'cellAudio' module
LDR: ! Imported function 'cellAudioPortStop' in 'cellAudio' module
LDR: ! Imported function 'cellAudioGetPortConfig' in 'cellAudio' module
LDR: ! Imported function 'cellAudioPortStart' in 'cellAudio' module
LDR: ! Imported function 'cellAudioQuit' in 'cellAudio' module
LDR: ! Imported function 'cellAudioPortOpen' in 'cellAudio' module
LDR: ! Imported function 'cellAudioSetNotifyEventQueue' in 'cellAudio' module
LDR: ! Imported function 'cellAudioGetPortTimestamp' in 'cellAudio' module
LDR: ! Imported function 'cellAudioPortClose' in 'cellAudio' module
LDR: ! Imported function 'cellAudioGetPortBlockTag' in 'cellAudio' module
LDR: ! Imported function 'cellAudioRemoveNotifyEventQueue' in 'cellAudio' module
LDR: ! Imported function '_cellSpursLFQueueInitialize' in 'cellSpurs' module
LDR: ! Imported function 'cellSpursAttributeSetNamePrefix' in 'cellSpurs' module
LDR: ! Imported function '_cellSpursTasksetAttributeInitialize' in 'cellSpurs' module
LDR: ! Imported function 'cellSpursLFQueueAttachLv2EventQueue' in 'cellSpurs' module
LDR: ! Imported function 'cellSpursEventFlagDetachLv2EventQueue' in 'cellSpurs' module
LDR: ! Imported function 'cellSpursEventFlagWait' in 'cellSpurs' module
LDR: ! Imported function 'cellSpursDetachLv2EventQueue' in 'cellSpurs' module
LDR: ! Imported function 'cellSpursCreateTaskset' in 'cellSpurs' module
LDR: ! Imported function '_cellSpursEventFlagInitialize' in 'cellSpurs' module
LDR: ! Imported function 'cellSpursTasksetAttributeSetName' in 'cellSpurs' module
LDR: ! Imported function 'cellSpursLFQueueDetachLv2EventQueue' in 'cellSpurs' module
LDR: ! Imported function 'cellSpursAttributeSetMemoryContainerForSpuThread' in 'cellSpurs' module
LDR: ! Imported function 'cellSpursEventFlagAttachLv2EventQueue' in 'cellSpurs' module
LDR: ! Imported function '_cellSpursLFQueuePushBody' in 'cellSpurs' module
LDR: ! Imported function '_cellSpursAttributeInitialize' in 'cellSpurs' module
LDR: ! Imported function 'cellSpursJoinTaskset' in 'cellSpurs' module
LDR: ! Imported function 'cellSpursShutdownTaskset' in 'cellSpurs' module
LDR: ! Imported function 'cellSpursInitializeWithAttribute' in 'cellSpurs' module
LDR: ! Imported function 'cellSpursInitialize' in 'cellSpurs' module
LDR: ! Imported function 'cellSpursAttachLv2EventQueue' in 'cellSpurs' module
LDR: ! Imported function 'cellSpursCreateTask' in 'cellSpurs' module
LDR: ! Imported function 'cellSpursCreateTasksetWithAttribute' in 'cellSpurs' module
LDR: ! Imported function 'cellSpursFinalize' in 'cellSpurs' module
LDR: ! Imported function '_cellSpursSendSignal' in 'cellSpurs' module
LDR: ! Imported function 'cellSailGraphicsAdapterGetFrame' in 'cellSail' module
LDR: ! Imported function 'cellSailPlayerCloseEsVideo' in 'cellSail' module
LDR: ! Imported function 'cellSailDescriptorCreateDatabase' in 'cellSail' module
LDR: ! Imported function 'cellSailFutureReset' in 'cellSail' module
LDR: ! Imported function 'cellSailPlayerSetSoundAdapter' in 'cellSail' module
LDR: ! Imported function 'cellSailGraphicsAdapterPtsToTimePosition' in 'cellSail' module
LDR: ! Imported function 'cellSailPlayerFinalize' in 'cellSail' module
LDR: ! Imported function 'cellSailPlayerSetGraphicsAdapter' in 'cellSail' module
LDR: ! Imported function 'cellSailGraphicsAdapterInitialize' in 'cellSail' module
LDR: ! Imported function 'cellSailPlayerInitialize2' in 'cellSail' module
LDR: ! Imported function 'cellSailDescriptorDestroyDatabase' in 'cellSail' module
LDR: ! Imported function 'cellSailGraphicsAdapterSetPreferredFormat' in 'cellSail' module
LDR: ! Imported function 'cellSailMemAllocatorInitialize' in 'cellSail' module
LDR: ! Imported function 'cellSailPlayerOpenStream' in 'cellSail' module
LDR: ! Imported function 'cellSailFutureGet' in 'cellSail' module
LDR: ! Imported function 'cellSailSoundAdapterInitialize' in 'cellSail' module
LDR: ! Imported function 'cellSailGraphicsAdapterUpdateAvSync' in 'cellSail' module
LDR: ! Imported function 'cellSailSoundAdapterPtsToTimePosition' in 'cellSail' module
LDR: ! Imported function 'cellSailFutureInitialize' in 'cellSail' module
LDR: ! Imported function 'cellSailPlayerReopenEsAudio' in 'cellSail' module
LDR: ! Imported function 'cellSailPlayerSetParameter' in 'cellSail' module
LDR: ! Imported function 'cellSailGraphicsAdapterFinalize' in 'cellSail' module
LDR: ! Imported function 'cellSailPlayerAddDescriptor' in 'cellSail' module
LDR: ! Imported function 'cellSailSoundAdapterGetFrame' in 'cellSail' module
LDR: ! Imported function 'cellSailPlayerCloseStream' in 'cellSail' module
LDR: ! Imported function 'cellSailFutureFinalize' in 'cellSail' module
LDR: ! Imported function 'cellSailFutureSet' in 'cellSail' module
LDR: ! Imported function 'cellSailPlayerBoot' in 'cellSail' module
LDR: ! Imported function 'cellSailPlayerCloseEsAudio' in 'cellSail' module
LDR: ! Imported function 'cellSailSoundAdapterFinalize' in 'cellSail' module
LDR: ! Imported function 'cellSailPlayerSetPaused' in 'cellSail' module
LDR: ! Imported function 'cellSailPlayerCreateDescriptor' in 'cellSail' module
LDR: ! Imported function 'cellSailPlayerStart' in 'cellSail' module
LDR: ! Imported function 'cellSailPlayerStop' in 'cellSail' module
LDR: ! Imported function 'cellSailSoundAdapterUpdateAvSync' in 'cellSail' module
LDR: ! Imported function 'cellSailSoundAdapterGetFormat' in 'cellSail' module
LDR: ! Imported function 'cellSailPlayerReopenEsVideo' in 'cellSail' module
LDR: ! Imported function 'cellSailPlayerDestroyDescriptor' in 'cellSail' module
LDR: ! Imported function 'cellSailGraphicsAdapterGetFormat' in 'cellSail' module
LDR: ! Imported function 'cellSyncLFQueueGetDirection' in 'cellSync' module
LDR: ! Imported function 'sys_net_initialize_network_ex' in 'sys_net' module
LDR: ! Imported function 'recvfrom' in 'sys_net' module
LDR: ! Imported function '_sys_net_errno_loc' in 'sys_net' module
LDR: ! Imported function 'socketclose' in 'sys_net' module
LDR: ! Imported function 'setsockopt' in 'sys_net' module
LDR: ! Imported function 'sendto' in 'sys_net' module
LDR: ! Imported function 'socket' in 'sys_net' module
LDR: ! Imported function 'bind' in 'sys_net' module
LDR: ! Imported function 'sys_net_finalize_network' in 'sys_net' module
LDR: ! Imported function 'sceNpBasicSendMessageGui' in 'sceNp' module
LDR: ! Imported function 'sceNpBasicGetFriendListEntry' in 'sceNp' module
LDR: ! Imported function 'sceNpScoreGetRankingByRangeAsync' in 'sceNp' module
LDR: ! Imported function 'sceNpScoreDestroyTitleCtx' in 'sceNp' module
LDR: ! Imported function 'sceNpScoreInit' in 'sceNp' module
LDR: ! Imported function 'sceNpScoreGetRankingByNpIdAsync' in 'sceNp' module
LDR: ! Imported function 'sceNpBasicRegisterContextSensitiveHandler' in 'sceNp' module
LDR: ! Imported function 'sceNpManagerUnregisterCallback' in 'sceNp' module
LDR: ! Imported function 'sceNpLookupDestroyTitleCtx' in 'sceNp' module
LDR: ! Imported function 'sceNpLookupInit' in 'sceNp' module
LDR: ! Imported function 'sceNpBasicRecvMessageAttachmentLoad' in 'sceNp' module
LDR: ! Imported function 'sceNpManagerGetContentRatingFlag' in 'sceNp' module
LDR: ! Imported function 'sceNpScoreCreateTransactionCtx' in 'sceNp' module
LDR: ! Imported function 'sceNpLookupPollAsync' in 'sceNp' module
LDR: ! Imported function 'sceNpScoreCensorCommentAsync' in 'sceNp' module
LDR: ! Imported function 'sceNpBasicRecvMessageCustom' in 'sceNp' module
LDR: ! Imported function 'sceNpLookupTerm' in 'sceNp' module
LDR: ! Imported function 'sceNpLookupTitleSmallStorageAsync' in 'sceNp' module
LDR: ! Imported function 'sceNpScoreTerm' in 'sceNp' module
LDR: ! Imported function 'sceNpScorePollAsync' in 'sceNp' module
LDR: ! Imported function 'sceNpManagerGetStatus' in 'sceNp' module
LDR: ! Imported function 'sceNpBasicUnregisterHandler' in 'sceNp' module
LDR: ! Imported function 'sceNpDrmIsAvailable' in 'sceNp' module
LDR: ! Imported function 'sceNpBasicGetFriendListEntryCount' in 'sceNp' module
LDR: ! Imported function 'sceNpManagerGetAccountRegion' in 'sceNp' module
LDR: ! Imported function 'sceNpScoreCreateTitleCtx' in 'sceNp' module
LDR: ! Imported function 'sceNpBasicAddPlayersHistoryAsync' in 'sceNp' module
LDR: ! Imported function 'sceNpManagerGetNetworkTime' in 'sceNp' module
LDR: ! Imported function 'sceNpManagerGetOnlineId' in 'sceNp' module
LDR: ! Imported function 'sceNpScoreDestroyTransactionCtx' in 'sceNp' module
LDR: ! Imported function 'sceNpLookupCreateTitleCtx' in 'sceNp' module
LDR: ! Imported function 'sceNpScoreGetGameDataAsync' in 'sceNp' module
LDR: ! Imported function 'sceNpBasicGetEvent' in 'sceNp' module
LDR: ! Imported function 'sceNpManagerRegisterCallback' in 'sceNp' module
LDR: ! Imported function 'sceNpLookupCreateTransactionCtx' in 'sceNp' module
LDR: ! Imported function 'sceNpManagerGetChatRestrictionFlag' in 'sceNp' module
LDR: ! Imported function 'sceNpScoreAbortTransaction' in 'sceNp' module
LDR: ! Imported function 'sceNpScoreRecordScoreAsync' in 'sceNp' module
LDR: ! Imported function 'sceNpScoreSanitizeComment' in 'sceNp' module
LDR: ! Imported function 'sceNpScoreRecordGameDataAsync' in 'sceNp' module
LDR: ! Imported function 'sceNpLookupDestroyTransactionCtx' in 'sceNp' module
LDR: ! Imported function 'sceNpManagerGetNpId' in 'sceNp' module
LDR: W Unimplemented function 'sceNpMatching2DestroyContext' in 'sceNp2' module
LDR: W Unimplemented function 'sceNpMatching2RegisterLobbyMessageCallback' in 'sceNp2' module
LDR: W Unimplemented function 'sceNpMatching2GetWorldInfoList' in 'sceNp2' module
LDR: W Unimplemented function 'sceNpMatching2RegisterLobbyEventCallback' in 'sceNp2' module
LDR: W Unimplemented function 'sceNpMatching2SearchRoom' in 'sceNp2' module
LDR: W Unimplemented function 'sceNpMatching2SignalingGetConnectionStatus' in 'sceNp2' module
LDR: W Unimplemented function 'sceNpMatching2LeaveRoom' in 'sceNp2' module
LDR: W Unimplemented function 'sceNpMatching2SetRoomDataExternal' in 'sceNp2' module
LDR: W Unimplemented function 'sceNpMatching2Term2' in 'sceNp2' module
LDR: W Unimplemented function 'sceNpMatching2SignalingGetConnectionInfo' in 'sceNp2' module
LDR: W Unimplemented function 'sceNpMatching2AbortRequest' in 'sceNp2' module
LDR: W Unimplemented function 'sceNpMatching2GetServerInfo' in 'sceNp2' module
LDR: W Unimplemented function 'sceNpMatching2GetEventData' in 'sceNp2' module
LDR: W Unimplemented function 'sceNp2Init' in 'sceNp2' module
LDR: W Unimplemented function 'sceNpMatching2JoinRoom' in 'sceNp2' module
LDR: W Unimplemented function 'sceNpMatching2ContextStartAsync' in 'sceNp2' module
LDR: W Unimplemented function 'sceNpMatching2RegisterContextCallback' in 'sceNp2' module
LDR: W Unimplemented function 'sceNpMatching2SetRoomDataInternal' in 'sceNp2' module
LDR: W Unimplemented function 'sceNpMatching2SignalingGetPingInfo' in 'sceNp2' module
LDR: W Unimplemented function 'sceNpMatching2GetServerIdListLocal' in 'sceNp2' module
LDR: W Unimplemented function 'sceNpMatching2CreateContext' in 'sceNp2' module
LDR: W Unimplemented function 'sceNpMatching2RegisterSignalingCallback' in 'sceNp2' module
LDR: W Unimplemented function 'sceNp2Term' in 'sceNp2' module
LDR: W Unimplemented function 'sceNpMatching2SetDefaultRequestOptParam' in 'sceNp2' module
LDR: W Unimplemented function 'sceNpMatching2RegisterRoomEventCallback' in 'sceNp2' module
LDR: W Unimplemented function 'sceNpMatching2GetRoomDataExternalList' in 'sceNp2' module
LDR: W Unimplemented function 'sceNpMatching2CreateJoinRoom' in 'sceNp2' module
LDR: W Unimplemented function 'sceNpMatching2ContextStop' in 'sceNp2' module
LDR: W Unimplemented function 'sceNpMatching2Init2' in 'sceNp2' module
LDR: W Unimplemented function 'sceNpMatching2RegisterRoomMessageCallback' in 'sceNp2' module
LDR: W Unknown module 'sceNpTus'
LDR: ! Imported function 'sceNpTusSetMultiSlotVariableAsync' in 'sceNpTus' module
LDR: ! Imported function 'sceNpTusCreateTransactionCtx' in 'sceNpTus' module
LDR: ! Imported function 'sceNpTusPollAsync' in 'sceNpTus' module
LDR: ! Imported function 'sceNpTusAddAndGetVariableAsync' in 'sceNpTus' module
LDR: ! Imported function 'sceNpTusTerm' in 'sceNpTus' module
LDR: ! Imported function 'sceNpTusDestroyTitleCtx' in 'sceNpTus' module
LDR: ! Imported function 'sceNpTusDeleteMultiSlotDataAsync' in 'sceNpTus' module
LDR: ! Imported function 'sceNpTusAbortTransaction' in 'sceNpTus' module
LDR: ! Imported function 'sceNpTusDestroyTransactionCtx' in 'sceNpTus' module
LDR: ! Imported function 'sceNpTusGetDataAsync' in 'sceNpTus' module
LDR: ! Imported function 'sceNpTusCreateTitleCtx' in 'sceNpTus' module
LDR: ! Imported function 'sceNpTusInit' in 'sceNpTus' module
LDR: ! Imported function 'sceNpTusGetMultiSlotVariableAsync' in 'sceNpTus' module
LDR: ! Imported function 'sceNpTusSetDataAsync' in 'sceNpTus' module
LDR: W Unknown module 'cellSysutilAvc2'
LDR: ! Imported function 'cellSysutilAvc2StartVoiceDetection' in 'cellSysutilAvc2' module
LDR: ! Imported function 'cellSysutilAvc2UnloadAsync' in 'cellSysutilAvc2' module
LDR: ! Imported function 'cellSysutilAvc2StopVoiceDetection' in 'cellSysutilAvc2' module
LDR: ! Imported function 'cellSysutilAvc2LoadAsync' in 'cellSysutilAvc2' module
LDR: ! Imported function 'cellSysutilAvc2JoinChatRequest' in 'cellSysutilAvc2' module
LDR: ! Imported function 'cellSysutilAvc2StartStreaming' in 'cellSysutilAvc2' module
LDR: ! Imported function 'cellSysutilAvc2InitParam' in 'cellSysutilAvc2' module
LDR: ! Imported function 'cellSysutilAvc2LeaveChatRequest' in 'cellSysutilAvc2' module
LDR: ! Imported function 'cellSysutilAvc2IsMicAttached' in 'cellSysutilAvc2' module
LDR: ! Imported function 'cellNetCtlNetStartDialogLoadAsync' in 'cellNetCtl' module
LDR: ! Imported function 'cellNetCtlNetStartDialogUnloadAsync' in 'cellNetCtl' module
LDR: ! Imported function 'cellNetCtlTerm' in 'cellNetCtl' module
LDR: ! Imported function 'cellNetCtlInit' in 'cellNetCtl' module
LDR: ! Imported function 'cellGcmGetTiledPitchSize' in 'cellGcmSys' module
LDR: ! Imported function '_cellGcmInitBody' in 'cellGcmSys' module
LDR: ! Imported function '_cellGcmSetFlipCommand' in 'cellGcmSys' module
LDR: ! Imported function 'cellGcmAddressToOffset' in 'cellGcmSys' module
LDR: ! Imported function '_cellGcmFunc15' in 'cellGcmSys' module
LDR: ! Imported function 'cellGcmBindTile' in 'cellGcmSys' module
LDR: ! Imported function 'cellGcmSetFlipMode' in 'cellGcmSys' module
LDR: ! Imported function 'cellGcmGetDefaultCommandWordSize' in 'cellGcmSys' module
LDR: ! Imported function 'cellGcmGetLastFlipTime' in 'cellGcmSys' module
LDR: ! Imported function 'cellGcmGetFlipStatus' in 'cellGcmSys' module
LDR: ! Imported function 'cellGcmGetDefaultSegmentWordSize' in 'cellGcmSys' module
LDR: ! Imported function 'cellGcmGetReport' in 'cellGcmSys' module
LDR: ! Imported function 'cellGcmSetDefaultFifoSize' in 'cellGcmSys' module
LDR: ! Imported function 'cellGcmBindZcull' in 'cellGcmSys' module
LDR: ! Imported function 'cellGcmMapMainMemory' in 'cellGcmSys' module
LDR: ! Imported function 'cellGcmSetDisplayBuffer' in 'cellGcmSys' module
LDR: ! Imported function 'cellGcmGetControlRegister' in 'cellGcmSys' module
LDR: ! Imported function 'cellGcmResetFlipStatus' in 'cellGcmSys' module
LDR: ! Imported function 'cellGcmSetTileInfo' in 'cellGcmSys' module
LDR: ! Imported function '_cellGcmSetFlipCommandWithWaitLabel' in 'cellGcmSys' module
LDR: ! Imported function 'cellGcmGetConfiguration' in 'cellGcmSys' module
LDR: ! Imported function 'cellGcmUnmapEaIoAddress' in 'cellGcmSys' module
LDR: ! Imported function 'cellGcmGetLabelAddress' in 'cellGcmSys' module
LDR: ! Imported function 'cellRescGcmSurface2RescSrc' in 'cellResc' module
LDR: ! Imported function 'cellRescSetWaitFlip' in 'cellResc' module
LDR: ! Imported function 'cellRescSetDsts' in 'cellResc' module
LDR: ! Imported function 'cellRescResetFlipStatus' in 'cellResc' module
LDR: ! Imported function 'cellRescAdjustAspectRatio' in 'cellResc' module
LDR: ! Imported function 'cellRescSetDisplayMode' in 'cellResc' module
LDR: ! Imported function 'cellRescSetConvertAndFlip' in 'cellResc' module
LDR: ! Imported function 'cellRescExit' in 'cellResc' module
LDR: ! Imported function 'cellRescInit' in 'cellResc' module
LDR: ! Imported function 'cellRescGetBufferSize' in 'cellResc' module
LDR: ! Imported function 'cellRescSetSrc' in 'cellResc' module
LDR: ! Imported function 'cellRescSetBufferAddress' in 'cellResc' module
LDR: ! Imported function 'cellRescGetFlipStatus' in 'cellResc' module
LDR: ! Imported function 'cellRescVideoOutResolutionId2RescBufferMode' in 'cellResc' module
LDR: ! Imported function 'cellRescCreateInterlaceTable' in 'cellResc' module
LDR: ! Imported function 'sceNpTrophyRegisterContext' in 'sceNpTrophy' module
LDR: ! Imported function 'sceNpTrophyCreateHandle' in 'sceNpTrophy' module
LDR: ! Imported function 'sceNpTrophyGetRequiredDiskSpace' in 'sceNpTrophy' module
LDR: ! Imported function 'sceNpTrophyDestroyContext' in 'sceNpTrophy' module
LDR: ! Imported function 'sceNpTrophyInit' in 'sceNpTrophy' module
LDR: ! Imported function 'sceNpTrophyDestroyHandle' in 'sceNpTrophy' module
LDR: ! Imported function 'sceNpTrophyUnlockTrophy' in 'sceNpTrophy' module
LDR: ! Imported function 'sceNpTrophyTerm' in 'sceNpTrophy' module
LDR: ! Imported function 'sceNpTrophyCreateContext' in 'sceNpTrophy' module
LDR: ! Imported function 'cellRtcSetTick' in 'cellRtc' module
LDR: ! Imported function 'cellRtcGetTick' in 'cellRtc' module
LDR: ! Imported function 'cellGameCreateGameData' in 'cellGame' module
LDR: ! Imported function 'cellGameContentPermit' in 'cellGame' module
LDR: ! Imported function 'cellGameContentErrorDialog' in 'cellGame' module
LDR: ! Imported function 'cellGamePatchCheck' in 'cellGame' module
LDR: ! Imported function 'cellGameDataCheck' in 'cellGame' module
LDR: ! Imported function 'cellGameBootCheck' in 'cellGame' module
LDR: W Unknown module 'sceNpCommerce2'
LDR: ! Imported function 'sceNpCommerce2GetStoreBrowseUserdata' in 'sceNpCommerce2' module
LDR: ! Imported function 'sceNpCommerce2Init' in 'sceNpCommerce2' module
LDR: ! Imported function 'sceNpCommerce2Term' in 'sceNpCommerce2' module
LDR: ! Imported function 'sceNpCommerce2ExecuteStoreBrowse' in 'sceNpCommerce2' module
LDR: ! Imported function 'sys_lwmutex_lock' in 'sysPrxForUser' module
LDR: ! Imported function 'sys_lwmutex_unlock' in 'sysPrxForUser' module
LDR: ! Imported function 'sys_lwcond_destroy' in 'sysPrxForUser' module
LDR: ! Imported function 'sys_ppu_thread_create' in 'sysPrxForUser' module
LDR: ! Imported function 'sys_lwcond_wait' in 'sysPrxForUser' module
LDR: ! Imported function '_sys_process_atexitspawn' in 'sysPrxForUser' module
LDR: ! Imported function 'sys_lwmutex_create' in 'sysPrxForUser' module
LDR: ! Imported function 'sys_ppu_thread_get_id' in 'sysPrxForUser' module
LDR: ! Imported function '_sys_heap_malloc' in 'sysPrxForUser' module
LDR: ! Imported function 'sys_prx_register_library' in 'sysPrxForUser' module
LDR: ! Imported function '_sys_heap_memalign' in 'sysPrxForUser' module
LDR: ! Imported function 'sys_initialize_tls' in 'sysPrxForUser' module
LDR: ! Imported function 'sys_time_get_system_time' in 'sysPrxForUser' module
LDR: W Unimplemented function '_sys_heap_free' in 'sysPrxForUser' module
LDR: ! Imported function '_sys_process_at_Exitspawn' in 'sysPrxForUser' module
LDR: ! Imported function 'sys_prx_exitspawn_with_level' in 'sysPrxForUser' module
LDR: ! Imported function 'sys_lwmutex_trylock' in 'sysPrxForUser' module
LDR: W Unimplemented function '_sys_heap_delete_heap' in 'sysPrxForUser' module
LDR: ! Imported function 'sys_ppu_thread_exit' in 'sysPrxForUser' module
LDR: ! Imported function '_sys_heap_create_heap' in 'sysPrxForUser' module
LDR: ! Imported function 'sys_lwmutex_destroy' in 'sysPrxForUser' module
LDR: ! Imported function 'sys_lwcond_create' in 'sysPrxForUser' module
LDR: ! Imported function 'sys_spu_image_close' in 'sysPrxForUser' module
LDR: ! Imported function 'sys_process_exit' in 'sysPrxForUser' module
LDR: ! Imported function 'sys_lwcond_signal_all' in 'sysPrxForUser' module
LDR: ! Imported function 'sys_lwcond_signal' in 'sysPrxForUser' module
HLE: W {PPU[1] Thread (CPUThread)[0x0178604c]} sys_lwmutex warning: sys_lwmutex_create(lwmutex_addr=0x1718220, attr_addr=0xa32f50)
HLE: ! {PPU[1] Thread (CPUThread)[0x0178604c]} sys_lwmutex: *** lwmutex created [_lc_mtx] (attribute=0x12): sq_id = 3
HLE: W {PPU[1] Thread (CPUThread)[0x009fb1f4]} sys_memory warning: sys_memory_get_user_memory_size(mem_info_addr=0xd000fc04)
HLE: W {PPU[1] Thread (CPUThread)[0x0178604c]} sys_lwmutex warning: sys_lwmutex_create(lwmutex_addr=0x1718020, attr_addr=0xa32f50)
HLE: ! {PPU[1] Thread (CPUThread)[0x0178604c]} sys_lwmutex: *** lwmutex created [_lc_mtx] (attribute=0x12): sq_id = 4
HLE: W {PPU[1] Thread (CPUThread)[0x0178604c]} sys_lwmutex warning: sys_lwmutex_create(lwmutex_addr=0x17177a8, attr_addr=0xa32f50)
HLE: ! {PPU[1] Thread (CPUThread)[0x0178604c]} sys_lwmutex: *** lwmutex created [_lc_mtx] (attribute=0x12): sq_id = 5
HLE: W {PPU[1] Thread (CPUThread)[0x0178604c]} sys_lwmutex warning: sys_lwmutex_create(lwmutex_addr=0x17177d0, attr_addr=0xa32f50)
HLE: ! {PPU[1] Thread (CPUThread)[0x0178604c]} sys_lwmutex: *** lwmutex created [_lc_mtx] (attribute=0x12): sq_id = 6
HLE: W {PPU[1] Thread (CPUThread)[0x0178604c]} sys_lwmutex warning: sys_lwmutex_create(lwmutex_addr=0x17177f8, attr_addr=0xa32f50)
HLE: ! {PPU[1] Thread (CPUThread)[0x0178604c]} sys_lwmutex: *** lwmutex created [_lc_mtx] (attribute=0x12): sq_id = 7
HLE: W {PPU[1] Thread (CPUThread)[0x0178604c]} sys_lwmutex warning: sys_lwmutex_create(lwmutex_addr=0x17176e0, attr_addr=0xa32f50)
HLE: ! {PPU[1] Thread (CPUThread)[0x0178604c]} sys_lwmutex: *** lwmutex created [_lc_mtx] (attribute=0x12): sq_id = 8
HLE: W {PPU[1] Thread (CPUThread)[0x0178604c]} sys_lwmutex warning: sys_lwmutex_create(lwmutex_addr=0x1717708, attr_addr=0xa32f50)
HLE: ! {PPU[1] Thread (CPUThread)[0x0178604c]} sys_lwmutex: *** lwmutex created [_lc_mtx] (attribute=0x12): sq_id = 9
HLE: W {PPU[1] Thread (CPUThread)[0x0178604c]} sys_lwmutex warning: sys_lwmutex_create(lwmutex_addr=0x1717730, attr_addr=0xa32f50)
HLE: ! {PPU[1] Thread (CPUThread)[0x0178604c]} sys_lwmutex: *** lwmutex created [_lc_mtx] (attribute=0x12): sq_id = 10
HLE: W {PPU[1] Thread (CPUThread)[0x0178604c]} sys_lwmutex warning: sys_lwmutex_create(lwmutex_addr=0x1717758, attr_addr=0xa32f50)
HLE: ! {PPU[1] Thread (CPUThread)[0x0178604c]} sys_lwmutex: *** lwmutex created [_lc_mtx] (attribute=0x12): sq_id = 11
HLE: W {PPU[1] Thread (CPUThread)[0x0178604c]} sys_lwmutex warning: sys_lwmutex_create(lwmutex_addr=0x1717780, attr_addr=0xa32f50)
HLE: ! {PPU[1] Thread (CPUThread)[0x0178604c]} sys_lwmutex: *** lwmutex created [_lc_mtx] (attribute=0x12): sq_id = 12
HLE: W {PPU[1] Thread (CPUThread)[0x0178604c]} sys_lwmutex warning: sys_lwmutex_create(lwmutex_addr=0x1713d00, attr_addr=0xd000fbd0)
HLE: ! {PPU[1] Thread (CPUThread)[0x0178604c]} sys_lwmutex: *** lwmutex created [] (attribute=0x22): sq_id = 13
HLE: W {PPU[1] Thread (CPUThread)[0x0178604c]} sys_lwmutex warning: sys_lwmutex_create(lwmutex_addr=0xfd0c58, attr_addr=0xd000fb50)
HLE: ! {PPU[1] Thread (CPUThread)[0x0178604c]} sys_lwmutex: *** lwmutex created [] (attribute=0x22): sq_id = 14
HLE: W {PPU[1] Thread (CPUThread)[0x009775c4]} sys_spu warning: sys_spu_initialize(max_usable_spu=6, max_raw_spu=1)
PPU: ! {PPULLVMRecompiler} Removed 7 old versions
HLE: W {PPU[1] Thread (CPUThread)[0x0178604c]} sys_lwmutex warning: sys_lwmutex_create(lwmutex_addr=0x1657078, attr_addr=0xd000fc30)
HLE: ! {PPU[1] Thread (CPUThread)[0x0178604c]} sys_lwmutex: *** lwmutex created [] (attribute=0x22): sq_id = 15
HLE: W {PPU[1] Thread (CPUThread)[0x00b36010]} cellSysmodule warning: cellSysmoduleLoadModule(CELL_SYSMODULE_FS)
HLE: W {PPU[1] Thread (CPUThread)[0x00b3a004]} sys_fs warning: cellFsGetBlockSize(file='/dev_bdvd', sector_size_addr=0xd000fc60, block_size_addr=0xd000fc68)
HLE: W {PPU[1] Thread (CPUThread)[0x00b3801c]} cellSysutil warning: cellSysCacheMount(param_addr=0x16569d8)
HLE: W {PPU[1] Thread (CPUThread)[0x00b38070]} cellSysutil warning: cellSysCacheClear()
HLE: W {PPU[1] Thread (CPUThread)[0x00b3a07c]} sys_fs warning: cellFsMkdir(path="/dev_hdd1/cache/BLES01738//00000000", mode=0x1c0)
HLE: W {PPU[1] Thread (CPUThread)[0x00b3a07c]} sys_fs warning: cellFsMkdir(path="/dev_hdd1/cache/BLES01738//00000001", mode=0x1c0)
HLE: W {PPU[1] Thread (CPUThread)[0x00b3a07c]} sys_fs warning: cellFsMkdir(path="/dev_hdd1/cache/BLES01738//00000002", mode=0x1c0)
HLE: W {PPU[1] Thread (CPUThread)[0x00b3a07c]} sys_fs warning: cellFsMkdir(path="/dev_hdd1/cache/BLES01738//00000003", mode=0x1c0)
HLE: W {PPU[1] Thread (CPUThread)[0x00b3a07c]} sys_fs warning: cellFsMkdir(path="/dev_hdd1/cache/BLES01738//00000004", mode=0x1c0)
HLE: W {PPU[1] Thread (CPUThread)[0x00b3a07c]} sys_fs warning: cellFsMkdir(path="/dev_hdd1/cache/BLES01738//00000005", mode=0x1c0)
HLE: W {PPU[1] Thread (CPUThread)[0x00b3a07c]} sys_fs warning: cellFsMkdir(path="/dev_hdd1/cache/BLES01738//00000006", mode=0x1c0)
HLE: W {PPU[1] Thread (CPUThread)[0x00b3a07c]} sys_fs warning: cellFsMkdir(path="/dev_hdd1/cache/BLES01738//00000007", mode=0x1c0)
HLE: W {PPU[1] Thread (CPUThread)[0x00b3a07c]} sys_fs warning: cellFsMkdir(path="/dev_hdd1/cache/BLES01738//00000008", mode=0x1c0)
HLE: W {PPU[1] Thread (CPUThread)[0x00b3a07c]} sys_fs warning: cellFsMkdir(path="/dev_hdd1/cache/BLES01738//00000009", mode=0x1c0)
HLE: W {PPU[1] Thread (CPUThread)[0x00b3a07c]} sys_fs warning: cellFsMkdir(path="/dev_hdd1/cache/BLES01738//0000000a", mode=0x1c0)
HLE: W {PPU[1] Thread (CPUThread)[0x00b3a07c]} sys_fs warning: cellFsMkdir(path="/dev_hdd1/cache/BLES01738//0000000b", mode=0x1c0)
HLE: W {PPU[1] Thread (CPUThread)[0x00b3a07c]} sys_fs warning: cellFsMkdir(path="/dev_hdd1/cache/BLES01738//0000000c", mode=0x1c0)
HLE: W {PPU[1] Thread (CPUThread)[0x00b3a07c]} sys_fs warning: cellFsMkdir(path="/dev_hdd1/cache/BLES01738//0000000d", mode=0x1c0)
HLE: W {PPU[1] Thread (CPUThread)[0x00b3a07c]} sys_fs warning: cellFsMkdir(path="/dev_hdd1/cache/BLES01738//0000000e", mode=0x1c0)
HLE: W {PPU[1] Thread (CPUThread)[0x00b3a07c]} sys_fs warning: cellFsMkdir(path="/dev_hdd1/cache/BLES01738//0000000f", mode=0x1c0)
HLE: W {PPU[1] Thread (CPUThread)[0x00b3a07c]} sys_fs warning: cellFsMkdir(path="/dev_hdd1/cache/BLES01738//00000010", mode=0x1c0)
HLE: W {PPU[1] Thread (CPUThread)[0x00b3a07c]} sys_fs warning: cellFsMkdir(path="/dev_hdd1/cache/BLES01738//00000011", mode=0x1c0)
HLE: W {PPU[1] Thread (CPUThread)[0x00b3a07c]} sys_fs warning: cellFsMkdir(path="/dev_hdd1/cache/BLES01738//00000012", mode=0x1c0)
HLE: W {PPU[1] Thread (CPUThread)[0x00b3a07c]} sys_fs warning: cellFsMkdir(path="/dev_hdd1/cache/BLES01738//00000013", mode=0x1c0)
HLE: W {PPU[1] Thread (CPUThread)[0x00b3a07c]} sys_fs warning: cellFsMkdir(path="/dev_hdd1/cache/BLES01738//00000014", mode=0x1c0)
HLE: W {PPU[1] Thread (CPUThread)[0x00b3a07c]} sys_fs warning: cellFsMkdir(path="/dev_hdd1/cache/BLES01738//00000015", mode=0x1c0)
HLE: W {PPU[1] Thread (CPUThread)[0x00b3a07c]} sys_fs warning: cellFsMkdir(path="/dev_hdd1/cache/BLES01738//00000016", mode=0x1c0)
HLE: W {PPU[1] Thread (CPUThread)[0x00b3a07c]} sys_fs warning: cellFsMkdir(path="/dev_hdd1/cache/BLES01738//00000017", mode=0x1c0)
HLE: W {PPU[1] Thread (CPUThread)[0x00b3a07c]} sys_fs warning: cellFsMkdir(path="/dev_hdd1/cache/BLES01738//00000018", mode=0x1c0)
HLE: W {PPU[1] Thread (CPUThread)[0x00b3a07c]} sys_fs warning: cellFsMkdir(path="/dev_hdd1/cache/BLES01738//00000019", mode=0x1c0)
HLE: W {PPU[1] Thread (CPUThread)[0x00b3a07c]} sys_fs warning: cellFsMkdir(path="/dev_hdd1/cache/BLES01738//0000001a", mode=0x1c0)
HLE: W {PPU[1] Thread (CPUThread)[0x00b3a07c]} sys_fs warning: cellFsMkdir(path="/dev_hdd1/cache/BLES01738//0000001b", mode=0x1c0)
HLE: W {PPU[1] Thread (CPUThread)[0x00b3a07c]} sys_fs warning: cellFsMkdir(path="/dev_hdd1/cache/BLES01738//0000001c", mode=0x1c0)
HLE: W {PPU[1] Thread (CPUThread)[0x00b3a07c]} sys_fs warning: cellFsMkdir(path="/dev_hdd1/cache/BLES01738//0000001d", mode=0x1c0)
HLE: W {PPU[1] Thread (CPUThread)[0x00b3a07c]} sys_fs warning: cellFsMkdir(path="/dev_hdd1/cache/BLES01738//0000001e", mode=0x1c0)
HLE: W {PPU[1] Thread (CPUThread)[0x00b3a07c]} sys_fs warning: cellFsMkdir(path="/dev_hdd1/cache/BLES01738//0000001f", mode=0x1c0)
HLE: W {PPU[1] Thread (CPUThread)[0x00b3a07c]} sys_fs warning: cellFsMkdir(path="/dev_hdd1/cache/BLES01738//00000020", mode=0x1c0)
HLE: W {PPU[1] Thread (CPUThread)[0x00b3a07c]} sys_fs warning: cellFsMkdir(path="/dev_hdd1/cache/BLES01738//00000021", mode=0x1c0)
HLE: W {PPU[1] Thread (CPUThread)[0x00b3a07c]} sys_fs warning: cellFsMkdir(path="/dev_hdd1/cache/BLES01738//00000022", mode=0x1c0)
HLE: W {PPU[1] Thread (CPUThread)[0x00b3a07c]} sys_fs warning: cellFsMkdir(path="/dev_hdd1/cache/BLES01738//00000023", mode=0x1c0)
HLE: W {PPU[1] Thread (CPUThread)[0x00b3a07c]} sys_fs warning: cellFsMkdir(path="/dev_hdd1/cache/BLES01738//00000024", mode=0x1c0)
HLE: W {PPU[1] Thread (CPUThread)[0x00b3a07c]} sys_fs warning: cellFsMkdir(path="/dev_hdd1/cache/BLES01738//00000025", mode=0x1c0)
HLE: W {PPU[1] Thread (CPUThread)[0x00b3e0dc]} cellSpurs warning: cellSpursInitialize(spurs_addr=0x165dd80, nSpus=4, spuPriority=250, ppuPriority=79, exitIfNoWork=0)
HLE: ! {PPU[1] Thread (CPUThread)[0x00b3e0dc]} sys_semaphore: *** semaphore created [_spuWkl] (protocol=0x2): id = 16
HLE: ! {PPU[1] Thread (CPUThread)[0x00b3e0dc]} sys_semaphore: *** semaphore created [_spuWkl] (protocol=0x2): id = 17
HLE: ! {PPU[1] Thread (CPUThread)[0x00b3e0dc]} sys_semaphore: *** semaphore created [_spuWkl] (protocol=0x2): id = 18
HLE: ! {PPU[1] Thread (CPUThread)[0x00b3e0dc]} sys_semaphore: *** semaphore created [_spuWkl] (protocol=0x2): id = 19
HLE: ! {PPU[1] Thread (CPUThread)[0x00b3e0dc]} sys_semaphore: *** semaphore created [_spuWkl] (protocol=0x2): id = 20
HLE: ! {PPU[1] Thread (CPUThread)[0x00b3e0dc]} sys_semaphore: *** semaphore created [_spuWkl] (protocol=0x2): id = 21
HLE: ! {PPU[1] Thread (CPUThread)[0x00b3e0dc]} sys_semaphore: *** semaphore created [_spuWkl] (protocol=0x2): id = 22
HLE: ! {PPU[1] Thread (CPUThread)[0x00b3e0dc]} sys_semaphore: *** semaphore created [_spuWkl] (protocol=0x2): id = 23
HLE: ! {PPU[1] Thread (CPUThread)[0x00b3e0dc]} sys_semaphore: *** semaphore created [_spuWkl] (protocol=0x2): id = 24
HLE: ! {PPU[1] Thread (CPUThread)[0x00b3e0dc]} sys_semaphore: *** semaphore created [_spuWkl] (protocol=0x2): id = 25
HLE: ! {PPU[1] Thread (CPUThread)[0x00b3e0dc]} sys_semaphore: *** semaphore created [_spuWkl] (protocol=0x2): id = 26
HLE: ! {PPU[1] Thread (CPUThread)[0x00b3e0dc]} sys_semaphore: *** semaphore created [_spuWkl] (protocol=0x2): id = 27
HLE: ! {PPU[1] Thread (CPUThread)[0x00b3e0dc]} sys_semaphore: *** semaphore created [_spuWkl] (protocol=0x2): id = 28
HLE: ! {PPU[1] Thread (CPUThread)[0x00b3e0dc]} sys_semaphore: *** semaphore created [_spuWkl] (protocol=0x2): id = 29
HLE: ! {PPU[1] Thread (CPUThread)[0x00b3e0dc]} sys_semaphore: *** semaphore created [_spuWkl] (protocol=0x2): id = 30
HLE: ! {PPU[1] Thread (CPUThread)[0x00b3e0dc]} sys_semaphore: *** semaphore created [_spuWkl] (protocol=0x2): id = 31
HLE: ! {PPU[1] Thread (CPUThread)[0x00b3e0dc]} sys_semaphore: *** semaphore created [_spuPrv] (protocol=0x2): id = 32
HLE: ! {PPU[1] Thread (CPUThread)[0x00b3e0dc]} sys_spu: *** SPU Thread Group created [CellSpursKernelGroup] (num=4, prio=250, type=0x0, container=0): id=33
HLE: E {PPU[1] Thread (CPUThread)[0x00b3e0dc]} sys_spu TODO: Unsupported SPU Thread options (0x2)
HLE: W {PPU[1] Thread (CPUThread)[0x00b3e0dc]} sys_spu warning: *** New SPU Thread [CellSpursKernel0] (ep=0x0, opt=0x2, a1=0x0, a2=0x0, a3=0x0, a4=0x0): id=34
HLE: E {PPU[1] Thread (CPUThread)[0x00b3e0dc]} sys_spu TODO: Unsupported SPU Thread options (0x2)
HLE: W {PPU[1] Thread (CPUThread)[0x00b3e0dc]} sys_spu warning: *** New SPU Thread [CellSpursKernel1] (ep=0x0, opt=0x2, a1=0x0, a2=0x0, a3=0x0, a4=0x0): id=35
HLE: E {PPU[1] Thread (CPUThread)[0x00b3e0dc]} sys_spu TODO: Unsupported SPU Thread options (0x2)
HLE: W {PPU[1] Thread (CPUThread)[0x00b3e0dc]} sys_spu warning: *** New SPU Thread [CellSpursKernel2] (ep=0x0, opt=0x2, a1=0x0, a2=0x0, a3=0x0, a4=0x0): id=36
HLE: E {PPU[1] Thread (CPUThread)[0x00b3e0dc]} sys_spu TODO: Unsupported SPU Thread options (0x2)
HLE: W {PPU[1] Thread (CPUThread)[0x00b3e0dc]} sys_spu warning: *** New SPU Thread [CellSpursKernel3] (ep=0x0, opt=0x2, a1=0x0, a2=0x0, a3=0x0, a4=0x0): id=37
HLE: ! {PPU[1] Thread (CPUThread)[0x00b3e0dc]} sys_lwmutex: *** lwmutex created [_spuPrv] (attribute=0x22): sq_id = 38
HLE: W {PPU[1] Thread (CPUThread)[0x00b3e0dc]} sys_lwcond warning: *** lwcond created [_spuPrv] (lwmutex_addr=0x165eb30): id = 39
HLE: W {PPU[1] Thread (CPUThread)[0x00b3e0dc]} sys_event warning: *** event_queue created [_spuPrv] (protocol=0x1, type=0x1, key=0x0, size=0x2a): id = 40
HLE: W {PPU[1] Thread (CPUThread)[0x00b3e0dc]} sys_spu warning: sys_spu_thread_group_connect_event_all_threads(id=33, eq_id=40, req=0xffffffffffff0000, spup_addr=0x165de49)
HLE: W {PPU[1] Thread (CPUThread)[0x00b3e0dc]} sys_spu warning: *** spup -> 16
HLE: W {PPU[1] Thread (CPUThread)[0x00b3e0dc]} sys_event warning: *** sys_event_port created: id = 41
HLE: W {PPU[1] Thread (CPUThread)[0x00b3e0dc]} sys_event warning: sys_event_port_connect_local(eport_id=41, equeue_id=40)
HLE: ! {PPU[1] Thread (CPUThread)[0x00b3e0dc]} sys_ppu_thread: *** New PPU Thread [SpursHdlr0] (joinable, entry=0x0): id = 42
HLE: ! {PPU[1] Thread (CPUThread)[0x00b3e0dc]} sys_ppu_thread: *** New PPU Thread [SpursHdlr1] (joinable, entry=0x0): id = 43
HLE: E {PPU[1] Thread (CPUThread)[0x00b3e0dc]} sys_spu TODO: sys_spu_thread_group_connect_event(id=33, eq=40, et=0x2)
HLE: W {PPU[1] Thread (CPUThread)[0x0178604c]} sys_lwmutex warning: sys_lwmutex_create(lwmutex_addr=0x165ed80, attr_addr=0xd000fc34)
HLE: ! {PPU[1] Thread (CPUThread)[0x0178604c]} sys_lwmutex: *** lwmutex created [] (attribute=0x22): sq_id = 44
HLE: W {PPU[1] Thread (CPUThread)[0x00b380ac]} cellSysutil warning: cellSysutilRegisterCallback(slot=0, func_addr=0xb68078, userdata=0x0)
HLE: W {PPU[1] Thread (CPUThread)[0x00b38058]} cellSysutil warning: cellSysutilGetSystemParamInt: CELL_SYSUTIL_SYSTEMPARAM_ID_ENTER_BUTTON_ASSIGN
HLE: W {PPU[1] Thread (CPUThread)[0x00b3c004]} cellAudio warning: cellAudioInit()
HLE: ! {Audio Thread} cellAudio: Audio thread started
HLE: W {PPU[1] Thread (CPUThread)[0x00b380d0]} cellSysutil warning: cellAudioOutGetSoundAvailability(audioOut=0, type=0, fs=0x4, option=0)
HLE: W {PPU[1] Thread (CPUThread)[0x00b38064]} cellSysutil warning: cellAudioOutConfigure(audioOut=0, config_addr=0xd000f9a0, option_addr=0x0, waitForEvent=1)
HLE: W {PPU[1] Thread (CPUThread)[0x00b3813c]} cellSysutil warning: cellAudioOutGetState(audioOut=0x0, deviceIndex=0x0, state_addr=0xd000f9b0)
HLE: W {PPU[1] Thread (CPUThread)[0x00b3c040]} cellAudio warning: cellAudioPortOpen(audioParam_addr=0x165cad8, portNum_addr=0xd000fb04)
HLE: W {PPU[1] Thread (CPUThread)[0x00b3c040]} cellAudio warning: *** audio port opened(nChannel=8, nBlock=8, attr=0x0, level=1.000000): port = 0
HLE: W {PPU[1] Thread (CPUThread)[0x00b3c01c]} cellAudio warning: cellAudioGetPortConfig(portNum=0x0, portConfig_addr=0x165caf8)
HLE: W {PPU[1] Thread (CPUThread)[0x00b3e0dc]} cellSpurs warning: cellSpursInitialize(spurs_addr=0x165cb80, nSpus=1, spuPriority=100, ppuPriority=78, exitIfNoWork=1)
HLE: ! {PPU[1] Thread (CPUThread)[0x00b3e0dc]} sys_semaphore: *** semaphore created [_spuWkl] (protocol=0x2): id = 45
HLE: ! {PPU[1] Thread (CPUThread)[0x00b3e0dc]} sys_semaphore: *** semaphore created [_spuWkl] (protocol=0x2): id = 46
HLE: ! {PPU[1] Thread (CPUThread)[0x00b3e0dc]} sys_semaphore: *** semaphore created [_spuWkl] (protocol=0x2): id = 47
HLE: ! {PPU[1] Thread (CPUThread)[0x00b3e0dc]} sys_semaphore: *** semaphore created [_spuWkl] (protocol=0x2): id = 48
HLE: ! {PPU[1] Thread (CPUThread)[0x00b3e0dc]} sys_semaphore: *** semaphore created [_spuWkl] (protocol=0x2): id = 49
HLE: ! {PPU[1] Thread (CPUThread)[0x00b3e0dc]} sys_semaphore: *** semaphore created [_spuWkl] (protocol=0x2): id = 50
HLE: ! {PPU[1] Thread (CPUThread)[0x00b3e0dc]} sys_semaphore: *** semaphore created [_spuWkl] (protocol=0x2): id = 51
HLE: ! {PPU[1] Thread (CPUThread)[0x00b3e0dc]} sys_semaphore: *** semaphore created [_spuWkl] (protocol=0x2): id = 52
HLE: ! {PPU[1] Thread (CPUThread)[0x00b3e0dc]} sys_semaphore: *** semaphore created [_spuWkl] (protocol=0x2): id = 53
HLE: ! {PPU[1] Thread (CPUThread)[0x00b3e0dc]} sys_semaphore: *** semaphore created [_spuWkl] (protocol=0x2): id = 54
HLE: ! {PPU[1] Thread (CPUThread)[0x00b3e0dc]} sys_semaphore: *** semaphore created [_spuWkl] (protocol=0x2): id = 55
HLE: ! {PPU[1] Thread (CPUThread)[0x00b3e0dc]} sys_semaphore: *** semaphore created [_spuWkl] (protocol=0x2): id = 56
HLE: ! {PPU[1] Thread (CPUThread)[0x00b3e0dc]} sys_semaphore: *** semaphore created [_spuWkl] (protocol=0x2): id = 57
HLE: ! {PPU[1] Thread (CPUThread)[0x00b3e0dc]} sys_semaphore: *** semaphore created [_spuWkl] (protocol=0x2): id = 58
HLE: ! {PPU[1] Thread (CPUThread)[0x00b3e0dc]} sys_semaphore: *** semaphore created [_spuWkl] (protocol=0x2): id = 59
HLE: ! {PPU[1] Thread (CPUThread)[0x00b3e0dc]} sys_semaphore: *** semaphore created [_spuWkl] (protocol=0x2): id = 60
HLE: ! {PPU[1] Thread (CPUThread)[0x00b3e0dc]} sys_semaphore: *** semaphore created [_spuPrv] (protocol=0x2): id = 61
HLE: ! {PPU[1] Thread (CPUThread)[0x00b3e0dc]} sys_spu: *** SPU Thread Group created [CellSpursKernelGroup] (num=1, prio=100, type=0x0, container=0): id=62
HLE: E {PPU[1] Thread (CPUThread)[0x00b3e0dc]} sys_spu TODO: Unsupported SPU Thread options (0x2)
HLE: W {PPU[1] Thread (CPUThread)[0x00b3e0dc]} sys_spu warning: *** New SPU Thread [CellSpursKernel0] (ep=0x0, opt=0x2, a1=0x0, a2=0x0, a3=0x0, a4=0x0): id=63
HLE: ! {PPU[1] Thread (CPUThread)[0x00b3e0dc]} sys_lwmutex: *** lwmutex created [_spuPrv] (attribute=0x22): sq_id = 64
HLE: W {PPU[1] Thread (CPUThread)[0x00b3e0dc]} sys_lwcond warning: *** lwcond created [_spuPrv] (lwmutex_addr=0x165d930): id = 65
HLE: W {PPU[1] Thread (CPUThread)[0x00b3e0dc]} sys_event warning: *** event_queue created [_spuPrv] (protocol=0x1, type=0x1, key=0x0, size=0x2a): id = 66
HLE: W {PPU[1] Thread (CPUThread)[0x00b3e0dc]} sys_spu warning: sys_spu_thread_group_connect_event_all_threads(id=62, eq_id=66, req=0xffffffffffff0000, spup_addr=0x165cc49)
HLE: W {PPU[1] Thread (CPUThread)[0x00b3e0dc]} sys_spu warning: *** spup -> 16
HLE: W {PPU[1] Thread (CPUThread)[0x00b3e0dc]} sys_event warning: *** sys_event_port created: id = 67
HLE: W {PPU[1] Thread (CPUThread)[0x00b3e0dc]} sys_event warning: sys_event_port_connect_local(eport_id=67, equeue_id=66)
HLE: ! {PPU[1] Thread (CPUThread)[0x00b3e0dc]} sys_ppu_thread: *** New PPU Thread [SpursHdlr0] (joinable, entry=0x0): id = 68
HLE: ! {PPU[1] Thread (CPUThread)[0x00b3e0dc]} sys_ppu_thread: *** New PPU Thread [SpursHdlr1] (joinable, entry=0x0): id = 69
HLE: E {PPU[1] Thread (CPUThread)[0x00b3e0dc]} sys_spu TODO: sys_spu_thread_group_connect_event(id=62, eq=66, et=0x2)
HLE: W {PPU[1] Thread (CPUThread)[0x0178604c]} sys_lwmutex warning: sys_lwmutex_create(lwmutex_addr=0x1726500, attr_addr=0xd000f890)
HLE: ! {PPU[1] Thread (CPUThread)[0x0178604c]} sys_lwmutex: *** lwmutex created [] (attribute=0x22): sq_id = 70
HLE: W {PPU[1] Thread (CPUThread)[0x00b3e058]} cellSpurs warning: cellSpursCreateTaskset(spurs_addr=0x165cb80, taskset_addr=0x1726900, args=0x0, priority_addr=0xd000fb08, maxContention=1)
HLE: E {PPU[1] Thread (CPUThread)[0x00b3e064]} cellSpurs TODO: _cellSpursEventFlagInitialize
HLE: E {PPU[1] Thread (CPUThread)[0x00b3e094]} cellSpurs TODO: cellSpursEventFlagAttachLv2EventQueue
HLE: E {PPU[1] Thread (CPUThread)[0x00b3e064]} cellSpurs TODO: _cellSpursEventFlagInitialize
HLE: E {PPU[1] Thread (CPUThread)[0x00b3e0f4]} cellSpurs TODO: cellSpursCreateTask
HLE: ! {PPU[1] Thread (CPUThread)[0x00b3a04c]} sys_fs: "/dev_flash/sys/external/flashATRAC.pic" opened: fd = 71
HLE: W {PPU[1] Thread (CPUThread)[0x00b3a01c]} sys_fs warning: cellFsClose(fd=71)
HLE: E {PPU[1] Thread (CPUThread)[0x00b3e118]} cellSpurs TODO: _cellSpursSendSignal
HLE: E {PPU[1] Thread (CPUThread)[0x00b3e040]} cellSpurs TODO: cellSpursEventFlagWait
HLE: E {PPU[1] Thread (CPUThread)[0x00b3e118]} cellSpurs TODO: _cellSpursSendSignal
HLE: E {PPU[1] Thread (CPUThread)[0x00b3e040]} cellSpurs TODO: cellSpursEventFlagWait
HLE: ! {PPU[1] Thread (CPUThread)[0x01786028]} sys_ppu_thread: *** New PPU Thread [MultiStream PU Thread] (joinable, entry=0xb685b0): id = 72
HLE: W {PPU[72] Thread (MultiStream PU Thread)[0x00b3c028]} cellAudio warning: cellAudioPortStart(portNum=0x0)
HLE: E {PPU[72] Thread (MultiStream PU Thread)[0x00b3e118]} cellSpurs TODO: _cellSpursSendSignal
HLE: E {PPU[72] Thread (MultiStream PU Thread)[0x00b3e040]} cellSpurs TODO: cellSpursEventFlagWait
HLE: W {PPU[1] Thread (CPUThread)[0x00b36010]} cellSysmodule warning: cellSysmoduleLoadModule(CELL_SYSMODULE_FS)
HLE: W {PPU[1] Thread (CPUThread)[0x00b36010]} cellSysmodule warning: cellSysmoduleLoadModule(CELL_SYSMODULE_SYSUTIL_GAME)
HLE: W {PPU[1] Thread (CPUThread)[0x01782040]} cellGame warning: cellGameBootCheck(type_addr=0xd000f9a4, attributes_addr=0xd000f9a0, size_addr=0xd000f9b8, dirName_addr=0x0)
HLE: W {PPU[1] Thread (CPUThread)[0x01782010]} cellGame warning: cellGameContentPermit(contentInfoPath_addr=0xd000f9f8, usrdirPath_addr=0x16540f0)
HLE: W {PPU[1] Thread (CPUThread)[0x00b3a004]} sys_fs warning: cellFsGetBlockSize(file='/dev_bdvd/PS3_GAME/USRDIR', sector_size_addr=0xd000f9b0, block_size_addr=0xd000f9a8)
HLE: W {PPU[1] Thread (CPUThread)[0x0178604c]} sys_lwmutex warning: sys_lwmutex_create(lwmutex_addr=0x16541f0, attr_addr=0xd000f9c4)
HLE: ! {PPU[1] Thread (CPUThread)[0x0178604c]} sys_lwmutex: *** lwmutex created [] (attribute=0x22): sq_id = 73
HLE: W {PPU[1] Thread (CPUThread)[0x009762dc]} sys_semaphore warning: sys_semaphore_create(sem_addr=0x1654208, attr_addr=0xd000f9d8, initial_count=0, max_count=80)
HLE: ! {PPU[1] Thread (CPUThread)[0x009762dc]} sys_semaphore: *** semaphore created [] (protocol=0x2): id = 74
HLE: ! {PPU[1] Thread (CPUThread)[0x01786028]} sys_ppu_thread: *** New PPU Thread [AAWin_FileReadThread] (joinable, entry=0xb68018): id = 75
HLE: E {PPU[72] Thread (MultiStream PU Thread)[0x00b3e118]} cellSpurs TODO: _cellSpursSendSignal
HLE: E {PPU[72] Thread (MultiStream PU Thread)[0x00b3e040]} cellSpurs TODO: cellSpursEventFlagWait
HLE: E {PPU[72] Thread (MultiStream PU Thread)[0x00b3e118]} cellSpurs TODO: _cellSpursSendSignal
HLE: E {PPU[72] Thread (MultiStream PU Thread)[0x00b3e040]} cellSpurs TODO: cellSpursEventFlagWait
HLE: W {PPU[1] Thread (CPUThread)[0x00b36010]} cellSysmodule warning: cellSysmoduleLoadModule(CELL_SYSMODULE_RESC)
HLE: W {PPU[1] Thread (CPUThread)[0x0177a010]} cellGcmSys warning: _cellGcmInitBody(context_addr=0x17175ac, cmdSize=0x100000, ioSize=0x200000, ioAddress=0x37100000)
HLE: E {PPU[72] Thread (MultiStream PU Thread)[0x00b3e118]} cellSpurs TODO: _cellSpursSendSignal
HLE: E {PPU[72] Thread (MultiStream PU Thread)[0x00b3e040]} cellSpurs TODO: cellSpursEventFlagWait
HLE: E {PPU[72] Thread (MultiStream PU Thread)[0x00b3e118]} cellSpurs TODO: _cellSpursSendSignal
HLE: E {PPU[72] Thread (MultiStream PU Thread)[0x00b3e040]} cellSpurs TODO: cellSpursEventFlagWait
HLE: E {PPU[72] Thread (MultiStream PU Thread)[0x00b3e118]} cellSpurs TODO: _cellSpursSendSignal
HLE: E {PPU[72] Thread (MultiStream PU Thread)[0x00b3e040]} cellSpurs TODO: cellSpursEventFlagWait
HLE: E {PPU[72] Thread (MultiStream PU Thread)[0x00b3e118]} cellSpurs TODO: _cellSpursSendSignal
HLE: E {PPU[72] Thread (MultiStream PU Thread)[0x00b3e040]} cellSpurs TODO: cellSpursEventFlagWait
HLE: E {PPU[72] Thread (MultiStream PU Thread)[0x00b3e118]} cellSpurs TODO: _cellSpursSendSignal
HLE: E {PPU[72] Thread (MultiStream PU Thread)[0x00b3e040]} cellSpurs TODO: cellSpursEventFlagWait
HLE: E {PPU[72] Thread (MultiStream PU Thread)[0x00b3e118]} cellSpurs TODO: _cellSpursSendSignal
HLE: E {PPU[72] Thread (MultiStream PU Thread)[0x00b3e040]} cellSpurs TODO: cellSpursEventFlagWait
HLE: E {PPU[72] Thread (MultiStream PU Thread)[0x00b3e118]} cellSpurs TODO: _cellSpursSendSignal
HLE: E {PPU[72] Thread (MultiStream PU Thread)[0x00b3e040]} cellSpurs TODO: cellSpursEventFlagWait
HLE: E {PPU[72] Thread (MultiStream PU Thread)[0x00b3e118]} cellSpurs TODO: _cellSpursSendSignal
HLE: E {PPU[72] Thread (MultiStream PU Thread)[0x00b3e040]} cellSpurs TODO: cellSpursEventFlagWait
HLE: E {PPU[72] Thread (MultiStream PU Thread)[0x00b3e118]} cellSpurs TODO: _cellSpursSendSignal
HLE: E {PPU[72] Thread (MultiStream PU Thread)[0x00b3e040]} cellSpurs TODO: cellSpursEventFlagWait
HLE: E {PPU[72] Thread (MultiStream PU Thread)[0x00b3e118]} cellSpurs TODO: _cellSpursSendSignal
HLE: E {PPU[72] Thread (MultiStream PU Thread)[0x00b3e040]} cellSpurs TODO: cellSpursEventFlagWait
HLE: W {PPU[1] Thread (CPUThread)[0x0177a010]} cellGcmSys warning: *** local memory(addr=0xc0000000, size=0xf900000)
HLE: W {PPU[1] Thread (CPUThread)[0x0177a010]} cellGcmSys warning: cellGcmInit(): 256MB io address space used
HLE: W {PPU[1] Thread (CPUThread)[0x0177a010]} cellGcmSys warning: cellGcmMapEaIoAddress(ea=0x37100000, io=0x0, size=0x200000)
RSX: ! {RSXThread} RSX thread started
HLE: W {PPU[1] Thread (CPUThread)[0x0177a0ac]} cellGcmSys warning: cellGcmMapMainMemory(ea=0x37300000,size=0x1600000,offset_addr=0xd000f650)
HLE: W {PPU[1] Thread (CPUThread)[0x00b38028]} cellSysutil warning: cellVideoOutGetDeviceInfo(videoOut=0, deviceIndex=0, info_addr=0x1660860)
HLE: W {PPU[1] Thread (CPUThread)[0x0177c064]} cellResc warning: cellRescInit(initConfig_addr=0xd000f660)
HLE: W {PPU[1] Thread (CPUThread)[0x0177c040]} cellResc warning: cellRescSetDisplayMode(displayMode=4)
HLE: W {PPU[1] Thread (CPUThread)[0x0177c040]} cellSysutil warning: cellVideoOutConfigure(videoOut=0, config_addr=0x300d7000, option_addr=0x0, waitForEvent=0x0)
HLE: W {PPU[1] Thread (CPUThread)[0x0177c040]} cellGcmSys warning: cellGcmSetFlipMode(mode=2)
HLE: W {PPU[1] Thread (CPUThread)[0x0177c070]} cellResc warning: cellRescGetBufferSize(colorBuffers_addr=0xd000f70c, vertexArray_addr=0xd000f700, fragmentShader_addr=0xd000f704)
HLE: W {PPU[1] Thread (CPUThread)[0x0177c088]} cellResc warning: cellRescSetBufferAddress(colorBuffers_addr=0xc0000000, vertexArray_addr=0xcf8ffe80, fragmentShader_addr=0xcf8ffb80)
HLE: W {PPU[1] Thread (CPUThread)[0x0177c0ac]} cellResc warning: cellRescCreateInterlaceTable(ea_addr=0xcf8ff380, depth = -812646784, length = 1)
HLE: E {PPU[1] Thread (CPUThread)[0x0177c0ac]} cellResc error: cellRescCreateInterlaceTable : CELL_RESC_ERROR_NOT_INITIALIZED
HLE: W {PPU[1] Thread (CPUThread)[0x0177a0dc]} cellGcmSys warning: cellGcmSetTileInfo(index=14, location=0, offset=0, size=10616832, pitch=5120, comp=0, base=0, bank=0)
HLE: W {PPU[1] Thread (CPUThread)[0x0177a040]} cellGcmSys warning: cellGcmBindTile(index=14)
HLE: W {PPU[1] Thread (CPUThread)[0x0177a0ac]} cellGcmSys warning: cellGcmMapMainMemory(ea=0x38900000,size=0x400000,offset_addr=0x1660a50)
HLE: W {PPU[1] Thread (CPUThread)[0x0177a0ac]} cellGcmSys warning: cellGcmMapMainMemory(ea=0x38d00000,size=0x100000,offset_addr=0x1660a7c)
HLE: W {PPU[1] Thread (CPUThread)[0x0177a0dc]} cellGcmSys warning: cellGcmSetTileInfo(index=0, location=0, offset=14548992, size=3932160, pitch=5120, comp=0, base=222, bank=0)
HLE: W {PPU[1] Thread (CPUThread)[0x0177a040]} cellGcmSys warning: cellGcmBindTile(index=0)
HLE: E {PPU[72] Thread (MultiStream PU Thread)[0x00b3e118]} cellSpurs TODO: _cellSpursSendSignal
HLE: E {PPU[72] Thread (MultiStream PU Thread)[0x00b3e040]} cellSpurs TODO: cellSpursEventFlagWait
HLE: E {PPU[72] Thread (MultiStream PU Thread)[0x00b3e118]} cellSpurs TODO: _cellSpursSendSignal
HLE: E {PPU[72] Thread (MultiStream PU Thread)[0x00b3e040]} cellSpurs TODO: cellSpursEventFlagWait
HLE: E {PPU[72] Thread (MultiStream PU Thread)[0x00b3e118]} cellSpurs TODO: _cellSpursSendSignal
HLE: E {PPU[72] Thread (MultiStream PU Thread)[0x00b3e040]} cellSpurs TODO: cellSpursEventFlagWait
RSX: W {RSXThread} NV406E_SEMAPHORE_ACQUIRE: 1
HLE: W {PPU[1] Thread (CPUThread)[0x0177c058]} cellResc warning: cellRescExit()
HLE: W {PPU[1] Thread (CPUThread)[0x00b38004]} cellSysutil warning: cellVideoOutConfigure(videoOut=0, config_addr=0xd000f720, option_addr=0x0, waitForEvent=0x0)
HLE: W {PPU[1] Thread (CPUThread)[0x0177a04c]} cellGcmSys warning: cellGcmSetFlipMode(mode=2)
HLE: W {PPU[1] Thread (CPUThread)[0x0177a0dc]} cellGcmSys warning: cellGcmSetTileInfo(index=1, location=0, offset=18481152, size=3932160, pitch=5120, comp=9, base=282, bank=1)
HLE: E {PPU[1] Thread (CPUThread)[0x0177a0dc]} cellGcmSys error: cellGcmSetTileInfo: bad compression mode! (9)
HLE: W {PPU[1] Thread (CPUThread)[0x0177a040]} cellGcmSys warning: cellGcmBindTile(index=1)
HLE: W {PPU[1] Thread (CPUThread)[0x0177a0a0]} cellGcmSys warning: cellGcmBindZcull(index=0)
HLE: W {PPU[1] Thread (CPUThread)[0x0177a0dc]} cellGcmSys warning: cellGcmSetTileInfo(index=2, location=0, offset=22413312, size=7864320, pitch=10240, comp=7, base=342, bank=0)
HLE: E {PPU[1] Thread (CPUThread)[0x0177a0dc]} cellGcmSys error: cellGcmSetTileInfo: bad compression mode! (7)
HLE: W {PPU[1] Thread (CPUThread)[0x0177a040]} cellGcmSys warning: cellGcmBindTile(index=2)
HLE: W {PPU[1] Thread (CPUThread)[0x0177a0dc]} cellGcmSys warning: cellGcmSetTileInfo(index=3, location=0, offset=30277632, size=7864320, pitch=10240, comp=11, base=462, bank=1)
HLE: E {PPU[1] Thread (CPUThread)[0x0177a0dc]} cellGcmSys error: cellGcmSetTileInfo: bad compression mode! (11)
HLE: W {PPU[1] Thread (CPUThread)[0x0177a040]} cellGcmSys warning: cellGcmBindTile(index=3)
HLE: W {PPU[1] Thread (CPUThread)[0x0177a0a0]} cellGcmSys warning: cellGcmBindZcull(index=1)
RSX: W {RSXThread} NV406E_SEMAPHORE_ACQUIRE: 3
HLE: W {PPU[1] Thread (CPUThread)[0x0177c064]} cellResc warning: cellRescInit(initConfig_addr=0xd000f680)
HLE: W {PPU[1] Thread (CPUThread)[0x0177c040]} cellResc warning: cellRescSetDisplayMode(displayMode=4)
HLE: W {PPU[1] Thread (CPUThread)[0x0177c040]} cellSysutil warning: cellVideoOutConfigure(videoOut=0, config_addr=0x300d7000, option_addr=0x0, waitForEvent=0x0)
HLE: W {PPU[1] Thread (CPUThread)[0x0177c040]} cellGcmSys warning: cellGcmSetFlipMode(mode=2)
HLE: W {PPU[1] Thread (CPUThread)[0x0177c088]} cellResc warning: cellRescSetBufferAddress(colorBuffers_addr=0xc0000000, vertexArray_addr=0xcf8ffe80, fragmentShader_addr=0xcf8ffb80)
HLE: W {PPU[1] Thread (CPUThread)[0x0177c0ac]} cellResc warning: cellRescCreateInterlaceTable(ea_addr=0xcf8ff380, depth = -812646784, length = 1)
HLE: E {PPU[1] Thread (CPUThread)[0x0177c0ac]} cellResc error: cellRescCreateInterlaceTable : CELL_RESC_ERROR_NOT_INITIALIZED
HLE: E {PPU[72] Thread (MultiStream PU Thread)[0x00b3e118]} cellSpurs TODO: _cellSpursSendSignal
HLE: E {PPU[72] Thread (MultiStream PU Thread)[0x00b3e040]} cellSpurs TODO: cellSpursEventFlagWait
HLE: E {PPU[72] Thread (MultiStream PU Thread)[0x00b3e118]} cellSpurs TODO: _cellSpursSendSignal
HLE: E {PPU[72] Thread (MultiStream PU Thread)[0x00b3e040]} cellSpurs TODO: cellSpursEventFlagWait
HLE: E {PPU[72] Thread (MultiStream PU Thread)[0x00b3e118]} cellSpurs TODO: _cellSpursSendSignal
HLE: E {PPU[72] Thread (MultiStream PU Thread)[0x00b3e040]} cellSpurs TODO: cellSpursEventFlagWait
HLE: E {PPU[72] Thread (MultiStream PU Thread)[0x00b3e118]} cellSpurs TODO: _cellSpursSendSignal
HLE: E {PPU[72] Thread (MultiStream PU Thread)[0x00b3e040]} cellSpurs TODO: cellSpursEventFlagWait
HLE: E {PPU[72] Thread (MultiStream PU Thread)[0x00b3e118]} cellSpurs TODO: _cellSpursSendSignal
HLE: E {PPU[72] Thread (MultiStream PU Thread)[0x00b3e040]} cellSpurs TODO: cellSpursEventFlagWait
HLE: E {PPU[72] Thread (MultiStream PU Thread)[0x00b3e118]} cellSpurs TODO: _cellSpursSendSignal
HLE: E {PPU[72] Thread (MultiStream PU Thread)[0x00b3e040]} cellSpurs TODO: cellSpursEventFlagWait
HLE: E {PPU[72] Thread (MultiStream PU Thread)[0x00b3e118]} cellSpurs TODO: _cellSpursSendSignal
HLE: E {PPU[72] Thread (MultiStream PU Thread)[0x00b3e040]} cellSpurs TODO: cellSpursEventFlagWait
HLE: E {PPU[72] Thread (MultiStream PU Thread)[0x00b3e118]} cellSpurs TODO: _cellSpursSendSignal
HLE: E {PPU[72] Thread (MultiStream PU Thread)[0x00b3e040]} cellSpurs TODO: cellSpursEventFlagWait
HLE: E {PPU[72] Thread (MultiStream PU Thread)[0x00b3e118]} cellSpurs TODO: _cellSpursSendSignal
HLE: E {PPU[72] Thread (MultiStream PU Thread)[0x00b3e040]} cellSpurs TODO: cellSpursEventFlagWait
HLE: E {PPU[72] Thread (MultiStream PU Thread)[0x00b3e118]} cellSpurs TODO: _cellSpursSendSignal
HLE: E {PPU[72] Thread (MultiStream PU Thread)[0x00b3e040]} cellSpurs TODO: cellSpursEventFlagWait
HLE: E {PPU[72] Thread (MultiStream PU Thread)[0x00b3e118]} cellSpurs TODO: _cellSpursSendSignal
HLE: E {PPU[72] Thread (MultiStream PU Thread)[0x00b3e040]} cellSpurs TODO: cellSpursEventFlagWait
HLE: E {PPU[72] Thread (MultiStream PU Thread)[0x00b3e118]} cellSpurs TODO: _cellSpursSendSignal
HLE: E {PPU[72] Thread (MultiStream PU Thread)[0x00b3e040]} cellSpurs TODO: cellSpursEventFlagWait
HLE: E {PPU[72] Thread (MultiStream PU Thread)[0x00b3e118]} cellSpurs TODO: _cellSpursSendSignal
HLE: E {PPU[72] Thread (MultiStream PU Thread)[0x00b3e040]} cellSpurs TODO: cellSpursEventFlagWait
HLE: E {PPU[72] Thread (MultiStream PU Thread)[0x00b3e118]} cellSpurs TODO: _cellSpursSendSignal
HLE: E {PPU[72] Thread (MultiStream PU Thread)[0x00b3e040]} cellSpurs TODO: cellSpursEventFlagWait
HLE: E {PPU[72] Thread (MultiStream PU Thread)[0x00b3e118]} cellSpurs TODO: _cellSpursSendSignal
HLE: E {PPU[72] Thread (MultiStream PU Thread)[0x00b3e040]} cellSpurs TODO: cellSpursEventFlagWait
HLE: E {PPU[72] Thread (MultiStream PU Thread)[0x00b3e118]} cellSpurs TODO: _cellSpursSendSignal
HLE: E {PPU[72] Thread (MultiStream PU Thread)[0x00b3e040]} cellSpurs TODO: cellSpursEventFlagWait
HLE: E {PPU[72] Thread (MultiStream PU Thread)[0x00b3e118]} cellSpurs TODO: _cellSpursSendSignal
HLE: E {PPU[72] Thread (MultiStream PU Thread)[0x00b3e040]} cellSpurs TODO: cellSpursEventFlagWait
HLE: E {PPU[72] Thread (MultiStream PU Thread)[0x00b3e118]} cellSpurs TODO: _cellSpursSendSignal
HLE: E {PPU[72] Thread (MultiStream PU Thread)[0x00b3e040]} cellSpurs TODO: cellSpursEventFlagWait
HLE: E {PPU[72] Thread (MultiStream PU Thread)[0x00b3e118]} cellSpurs TODO: _cellSpursSendSignal
HLE: E {PPU[72] Thread (MultiStream PU Thread)[0x00b3e040]} cellSpurs TODO: cellSpursEventFlagWait
HLE: E {PPU[72] Thread (MultiStream PU Thread)[0x00b3e118]} cellSpurs TODO: _cellSpursSendSignal
HLE: E {PPU[72] Thread (MultiStream PU Thread)[0x00b3e040]} cellSpurs TODO: cellSpursEventFlagWait
HLE: E {PPU[72] Thread (MultiStream PU Thread)[0x00b3e118]} cellSpurs TODO: _cellSpursSendSignal
HLE: E {PPU[72] Thread (MultiStream PU Thread)[0x00b3e040]} cellSpurs TODO: cellSpursEventFlagWait
HLE: E {PPU[72] Thread (MultiStream PU Thread)[0x00b3e118]} cellSpurs TODO: _cellSpursSendSignal
HLE: E {PPU[72] Thread (MultiStream PU Thread)[0x00b3e040]} cellSpurs TODO: cellSpursEventFlagWait
HLE: E {PPU[72] Thread (MultiStream PU Thread)[0x00b3e118]} cellSpurs TODO: _cellSpursSendSignal
HLE: E {PPU[72] Thread (MultiStream PU Thread)[0x00b3e040]} cellSpurs TODO: cellSpursEventFlagWait
HLE: E {PPU[72] Thread (MultiStream PU Thread)[0x00b3e118]} cellSpurs TODO: _cellSpursSendSignal
HLE: E {PPU[72] Thread (MultiStream PU Thread)[0x00b3e040]} cellSpurs TODO: cellSpursEventFlagWait
HLE: E {PPU[72] Thread (MultiStream PU Thread)[0x00b3e118]} cellSpurs TODO: _cellSpursSendSignal
HLE: E {PPU[72] Thread (MultiStream PU Thread)[0x00b3e040]} cellSpurs TODO: cellSpursEventFlagWait
HLE: E {PPU[72] Thread (MultiStream PU Thread)[0x00b3e118]} cellSpurs TODO: _cellSpursSendSignal
HLE: E {PPU[72] Thread (MultiStream PU Thread)[0x00b3e040]} cellSpurs TODO: cellSpursEventFlagWait
HLE: E {PPU[72] Thread (MultiStream PU Thread)[0x00b3e118]} cellSpurs TODO: _cellSpursSendSignal
HLE: E {PPU[72] Thread (MultiStream PU Thread)[0x00b3e040]} cellSpurs TODO: cellSpursEventFlagWait
HLE: W {PPU[1] Thread (CPUThread)[0x0177a0dc]} cellGcmSys warning: cellGcmSetTileInfo(index=4, location=0, offset=38273024, size=1048576, pitch=2048, comp=0, base=584, bank=0)
HLE: W {PPU[1] Thread (CPUThread)[0x0177a040]} cellGcmSys warning: cellGcmBindTile(index=4)
HLE: W {PPU[1] Thread (CPUThread)[0x0177a0dc]} cellGcmSys warning: cellGcmSetTileInfo(index=5, location=0, offset=39321600, size=3932160, pitch=5120, comp=0, base=600, bank=0)
HLE: W {PPU[1] Thread (CPUThread)[0x0177a040]} cellGcmSys warning: cellGcmBindTile(index=5)
HLE: W {PPU[1] Thread (CPUThread)[0x0177a0dc]} cellGcmSys warning: cellGcmSetTileInfo(index=6, location=0, offset=43253760, size=3932160, pitch=5120, comp=0, base=660, bank=0)
HLE: W {PPU[1] Thread (CPUThread)[0x0177a040]} cellGcmSys warning: cellGcmBindTile(index=6)
HLE: W {PPU[1] Thread (CPUThread)[0x0177a0dc]} cellGcmSys warning: cellGcmSetTileInfo(index=7, location=0, offset=47185920, size=3932160, pitch=5120, comp=0, base=720, bank=0)
HLE: W {PPU[1] Thread (CPUThread)[0x0177a040]} cellGcmSys warning: cellGcmBindTile(index=7)
HLE: W {PPU[1] Thread (CPUThread)[0x0177a0dc]} cellGcmSys warning: cellGcmSetTileInfo(index=8, location=0, offset=51118080, size=524288, pitch=2048, comp=0, base=780, bank=0)
HLE: W {PPU[1] Thread (CPUThread)[0x0177a040]} cellGcmSys warning: cellGcmBindTile(index=8)
HLE: W {PPU[1] Thread (CPUThread)[0x0177a0dc]} cellGcmSys warning: cellGcmSetTileInfo(index=9, location=0, offset=51642368, size=131072, pitch=1024, comp=0, base=788, bank=0)
HLE: W {PPU[1] Thread (CPUThread)[0x0177a040]} cellGcmSys warning: cellGcmBindTile(index=9)
HLE: W {PPU[1] Thread (CPUThread)[0x0177a0dc]} cellGcmSys warning: cellGcmSetTileInfo(index=10, location=0, offset=51773440, size=524288, pitch=2048, comp=0, base=790, bank=0)
HLE: W {PPU[1] Thread (CPUThread)[0x0177a040]} cellGcmSys warning: cellGcmBindTile(index=10)
HLE: W {PPU[1] Thread (CPUThread)[0x0177a0dc]} cellGcmSys warning: cellGcmSetTileInfo(index=11, location=0, offset=52297728, size=131072, pitch=1024, comp=0, base=798, bank=0)
HLE: W {PPU[1] Thread (CPUThread)[0x0177a040]} cellGcmSys warning: cellGcmBindTile(index=11)
HLE: W {PPU[1] Thread (CPUThread)[0x0177a0dc]} cellGcmSys warning: cellGcmSetTileInfo(index=12, location=0, offset=52428800, size=8388608, pitch=8192, comp=0, base=800, bank=0)
HLE: E {PPU[1] Thread (CPUThread)[0x0177a0dc]} cellGcmSys error: cellGcmSetTileInfo : CELL_GCM_ERROR_INVALID_VALUE
HLE: W {PPU[1] Thread (CPUThread)[0x0177a040]} cellGcmSys warning: cellGcmBindTile(index=12)
HLE: W {PPU[1] Thread (CPUThread)[0x0177a0dc]} cellGcmSys warning: cellGcmSetTileInfo(index=13, location=0, offset=60817408, size=8388608, pitch=8192, comp=0, base=928, bank=0)
HLE: E {PPU[1] Thread (CPUThread)[0x0177a0dc]} cellGcmSys error: cellGcmSetTileInfo : CELL_GCM_ERROR_INVALID_VALUE
HLE: W {PPU[1] Thread (CPUThread)[0x0177a040]} cellGcmSys warning: cellGcmBindTile(index=13)
HLE: W {PPU[1] Thread (CPUThread)[0x00b34004]} sys_io warning: cellPadInit(max_connect=4)
HLE: E {PPU[72] Thread (MultiStream PU Thread)[0x00b3e118]} cellSpurs TODO: _cellSpursSendSignal
HLE: E {PPU[72] Thread (MultiStream PU Thread)[0x00b3e040]} cellSpurs TODO: cellSpursEventFlagWait
HLE: E {PPU[72] Thread (MultiStream PU Thread)[0x00b3e118]} cellSpurs TODO: _cellSpursSendSignal
HLE: E {PPU[72] Thread (MultiStream PU Thread)[0x00b3e040]} cellSpurs TODO: cellSpursEventFlagWait
HLE: W {PPU[1] Thread (CPUThread)[0x00b36010]} cellSysmodule warning: cellSysmoduleLoadModule(CELL_SYSMODULE_NET)
HLE: W {PPU[1] Thread (CPUThread)[0x00b36010]} cellSysmodule warning: cellSysmoduleLoadModule(CELL_SYSMODULE_SYSUTIL_NP2)
HLE: W {PPU[1] Thread (CPUThread)[0x00b36010]} cellSysmodule warning: cellSysmoduleLoadModule(CELL_SYSMODULE_SYSUTIL_NP_COMMERCE2)
HLE: W {PPU[1] Thread (CPUThread)[0x00b36010]} cellSysmodule warning: cellSysmoduleLoadModule(CELL_SYSMODULE_SYSUTIL_AVCHAT2)
HLE: W {PPU[1] Thread (CPUThread)[0x00b36010]} cellSysmodule warning: cellSysmoduleLoadModule(CELL_SYSMODULE_SYSUTIL_NP_TUS)
HLE: W {PPU[1] Thread (CPUThread)[0x00b36010]} cellSysmodule warning: cellSysmoduleLoadModule(CELL_SYSMODULE_RTC)
HLE: W {PPU[1] Thread (CPUThread)[0x0176e004]} sys_net warning: sys_net_initialize_network_ex(param_addr=0xd000fad4)
HLE: W {PPU[1] Thread (CPUThread)[0x01778028]} cellNetCtl warning: cellNetCtlInit()
HLE: E {PPU[1] Thread (CPUThread)[0x017720a0]} TODO: sceNp2Init
HLE: W {PPU[1] Thread (CPUThread)[0x01784010]} cellNpCommerce2 warning: sceNpCommerce2Init()
HLE: W {PPU[1] Thread (CPUThread)[0x01770034]} sceNp warning: sceNpScoreInit()
HLE: E {PPU[1] Thread (CPUThread)[0x01774088]} cellNpTus TODO: sceNpTusInit
HLE: W {PPU[1] Thread (CPUThread)[0x01770070]} sceNp warning: sceNpLookupInit()
HLE: W {PPU[1] Thread (CPUThread)[0x0099da78]} sys_semaphore warning: sys_semaphore_create(sem_addr=0x1713cf4, attr_addr=0xd000fa30, initial_count=0, max_count=257)
HLE: ! {PPU[1] Thread (CPUThread)[0x0099da78]} sys_semaphore: *** semaphore created [] (protocol=0x2): id = 76
HLE: ! {PPU[1] Thread (CPUThread)[0x01786028]} sys_ppu_thread: *** New PPU Thread [NpBasicEventThread] (joinable, entry=0xb69b40): id = 77
HLE: E {PPU[1] Thread (CPUThread)[0x0177004c]} sceNp TODO: sceNpBasicRegisterContextSensitiveHandler
HLE: E {PPU[1] Thread (CPUThread)[0x01770190]} sceNp TODO: sceNpManagerRegisterCallback
HLE: W {PPU[1] Thread (CPUThread)[0x009ebe14]} SysCall 988! r3: 0x1, r4: 0x0, pc: 0x9ebe14
HLE: E {PPU[1] Thread (CPUThread)[0x01770058]} sceNp TODO: sceNpManagerUnregisterCallback
HLE: E {PPU[1] Thread (CPUThread)[0x01770100]} sceNp TODO: sceNpBasicUnregisterHandler
HLE: W {PPU[1] Thread (CPUThread)[0x017700c4]} sceNp warning: sceNpLookupTerm()
HLE: E {PPU[1] Thread (CPUThread)[0x01774034]} cellNpTus TODO: sceNpTusTerm
HLE: W {PPU[1] Thread (CPUThread)[0x017700dc]} sceNp warning: sceNpScoreTerm()
HLE: W {PPU[1] Thread (CPUThread)[0x0178401c]} cellNpCommerce2 warning: sceNpCommerce2Term()
HLE: E {PPU[1] Thread (CPUThread)[0x0177210c]} TODO: sceNp2Term
HLE: W {PPU[1] Thread (CPUThread)[0x0177801c]} cellNetCtl warning: cellNetCtlTerm()
HLE: W {PPU[1] Thread (CPUThread)[0x0176e064]} sys_net warning: sys_net_initialize_network_ex()
HLE: W {PPU[1] Thread (CPUThread)[0x00b36004]} cellSysmodule warning: cellSysmoduleUnloadModule(CELL_SYSMODULE_RTC)
HLE: W {PPU[1] Thread (CPUThread)[0x00b36004]} cellSysmodule warning: cellSysmoduleUnloadModule(CELL_SYSMODULE_SYSUTIL_NP_TUS)
HLE: W {PPU[1] Thread (CPUThread)[0x00b36004]} cellSysmodule warning: cellSysmoduleUnloadModule(CELL_SYSMODULE_SYSUTIL_NP_COMMERCE2)
HLE: W {PPU[1] Thread (CPUThread)[0x00b36004]} cellSysmodule warning: cellSysmoduleUnloadModule(CELL_SYSMODULE_SYSUTIL_AVCHAT2)
HLE: W {PPU[1] Thread (CPUThread)[0x00b36004]} cellSysmodule warning: cellSysmoduleUnloadModule(CELL_SYSMODULE_SYSUTIL_NP2)
HLE: W {PPU[1] Thread (CPUThread)[0x00b36004]} cellSysmodule warning: cellSysmoduleUnloadModule(CELL_SYSMODULE_NET)
HLE: W {PPU[1] Thread (CPUThread)[0x009fb530]} SysCall 988! r3: 0x4, r4: 0x0, pc: 0x9fb530
TTY: abort() is called from 0xTTY: 00000000009f809cTTY: 
TTY:                   from 0xTTY: 00000000009fb42cTTY: 
TTY:                   from 0xTTY: 0000000000a06408TTY: 
TTY:                   from 0xTTY: 000000000096abc8TTY: 
TTY:                   from 0xTTY: 0000000000a1ac34TTY: 
TTY:                   from 0xTTY: 00000000009487f8TTY: 
TTY:                   from 0xTTY: 00000000009ebaf8TTY: 
TTY:                   from 0xTTY: 00000000009ebe24TTY: 
TTY:                   from 0xTTY: 00000000000104f0TTY: 
TTY:                   from 0xTTY: 000000000001025cTTY: 
TTY: 

Continue... (Lv-2 is still running.)
HLE: W {PPU[1] Thread (CPUThread)[0x01786118]} sys_process warning: sys_process_exit(1)
HLE: S {PPU[1] Thread (CPUThread)[0x01786118]} sys_process: Process finished
HLE: W {Audio Thread} cellAudio warning: Audio thread aborted
RSX: W {RSXThread} RSX thread aborted
HLE: W {PPU[75] Thread (AAWin_FileReadThread)[0x00976d90]} sys_semaphore warning: sys_semaphore_wait(74) aborted
RSX: W {VBlank thread} VBlank thread aborted
PPU: ! {PPULLVMRecompiler} PPU LLVM compiler thread exiting.
HLE: ! All threads stopped...
MEM: ! Closing memory...
