HLE: ! path: /dev_hdd0/game/
HLE: W No pause.bin found, Auto Pause will not work.
HLE: W No pause.bin found, Auto Pause will not work.
LDR: ! Loading 'D:\Emulateurs\Rpcs3\dev_hdd0\game\BLES01864-[Tales of Symphonia Chronicles]/PS3_GAME/USRDIR/BOOT.BIN'...
LDR: !  
LDR: ! Mount info:
LDR: ! /dev_hdd0/ -> ./dev_hdd0/
LDR: ! /dev_hdd1/ -> ./dev_hdd1/
LDR: ! /dev_flash/ -> ./dev_flash/
LDR: ! /dev_usb000/ -> ./dev_usb000/
LDR: ! /dev_usb/ -> ./dev_usb000/
LDR: ! /app_home/ -> D:\Emulateurs\Rpcs3\dev_hdd0\game\BLES01864-[Tales of Symphonia Chronicles]/PS3_GAME/
LDR: ! /dev_bdvd/ -> D:\Emulateurs\Rpcs3\dev_hdd0\game\BLES01864-[Tales of Symphonia Chronicles]/PS3_GAME//../
LDR: ! /host_root/ -> 
LDR: ! /app_home/PS3_GAME/USRDIR/ -> D:\Emulateurs\Rpcs3\dev_hdd0\game\BLES01864-[Tales of Symphonia Chronicles]/PS3_GAME//USRDIR/
LDR: ! /dev_flash2/ -> ./dev_flash2/
LDR: ! /app_home/Game/PS3_GAME/USRDIR/ -> D:\Emulateurs\Rpcs3\dev_hdd0\game\BLES01864-[Tales of Symphonia Chronicles]/PS3_GAME//USRDIR/
LDR: ! //dev_hdd0/ -> ./dev_hdd0/
LDR: ! / -> D:\Emulateurs\Rpcs3\dev_hdd0\game\BLES01864-[Tales of Symphonia Chronicles]/PS3_GAME//USRDIR/
LDR: !  
LDR: ! Title: Tales of Symphonia Chronicles
LDR: ! Serial: BLES01864
LDR: !  
MEM: ! Initializing memory: m_base_addr = 0x51628a0000
MEM: ! Memory initialized.
LDR: W Unknown module 'Selector'
LDR: ! Imported function 'Unknown func id: 0x202824f8' in 'Selector' module
LDR: W Unknown module 'TLSystem'
LDR: ! Imported function 'Unknown func id: 0x22d5e12b' in 'TLSystem' module
LDR: ! Imported function 'Unknown func id: 0x557f3624' in 'TLSystem' module
LDR: ! Imported function 'Unknown func id: 0x7903337f' in 'TLSystem' module
LDR: ! Imported function 'Unknown func id: 0x9415a903' in 'TLSystem' module
LDR: ! Imported function 'Unknown func id: 0xbb01efdc' in 'TLSystem' module
LDR: ! Imported function 'Unknown func id: 0xe1dbc401' in 'TLSystem' module
LDR: W Unknown module 'TLGraphic'
LDR: ! Imported function 'Unknown func id: 0x99d95bdd' in 'TLGraphic' module
LDR: W Unknown module 'TLInput'
LDR: ! Imported function 'Unknown func id: 0x2a9c3ce8' in 'TLInput' module
LDR: W Unknown module 'TLFont'
LDR: ! Imported function 'Unknown func id: 0xf86a403e' in 'TLFont' module
LDR: W Unknown module 'TLHUD'
LDR: ! Imported function 'Unknown func id: 0xd4dd27d7' in 'TLHUD' module
LDR: W Unknown module 'TLGraphicTC2'
LDR: ! Imported function 'Unknown func id: 0x005003f0' in 'TLGraphicTC2' module
LDR: ! Imported function 'Unknown func id: 0x2730632e' in 'TLGraphicTC2' module
LDR: ! Imported function 'Unknown func id: 0x39b94456' in 'TLGraphicTC2' module
LDR: ! Imported function 'Unknown func id: 0x3ae6f9cc' in 'TLGraphicTC2' module
LDR: ! Imported function 'Unknown func id: 0x4a8d130e' in 'TLGraphicTC2' module
LDR: ! Imported function 'Unknown func id: 0x6373537b' in 'TLGraphicTC2' module
LDR: ! Imported function 'Unknown func id: 0x6db63d2b' in 'TLGraphicTC2' module
LDR: ! Imported function 'Unknown func id: 0x9c8a4ed1' in 'TLGraphicTC2' module
LDR: ! Imported function 'Unknown func id: 0xb8f18573' in 'TLGraphicTC2' module
LDR: ! Imported function 'Unknown func id: 0xdac8dc0b' in 'TLGraphicTC2' module
LDR: ! Imported function 'Unknown func id: 0xece07369' in 'TLGraphicTC2' module
LDR: ! Imported function 'cellSysmoduleUnloadModule' in 'cellSysmodule' module
LDR: ! Imported function 'cellSysmoduleLoadModule' in 'cellSysmodule' module
LDR: ! Imported function 'cellSysutilCheckCallback' in 'cellSysutil' module
LDR: ! Imported function 'cellSysutilRegisterCallback' in 'cellSysutil' module
LDR: ! Imported function 'cellGameContentPermit' in 'cellGame' module
LDR: ! Imported function 'cellGameBootCheck' in 'cellGame' module
LDR: ! Imported function 'cellFsStat' in 'sys_fs' module
LDR: ! Imported function 'sys_lwmutex_lock' in 'sysPrxForUser' module
LDR: ! Imported function 'sys_lwmutex_unlock' in 'sysPrxForUser' module
LDR: ! Imported function 'sys_ppu_thread_create' in 'sysPrxForUser' module
LDR: ! Imported function 'sys_prx_load_module' in 'sysPrxForUser' module
LDR: ! Imported function '_sys_process_atexitspawn' in 'sysPrxForUser' module
LDR: ! Imported function 'sys_lwmutex_create' in 'sysPrxForUser' module
LDR: ! Imported function 'sys_ppu_thread_get_id' in 'sysPrxForUser' module
LDR: ! Imported function 'sys_prx_register_library' in 'sysPrxForUser' module
LDR: ! Imported function '_sys_spu_printf_initialize' in 'sysPrxForUser' module
LDR: ! Imported function 'sys_game_process_exitspawn2' in 'sysPrxForUser' module
LDR: ! Imported function 'sys_initialize_tls' in 'sysPrxForUser' module
LDR: ! Imported function 'sys_time_get_system_time' in 'sysPrxForUser' module
LDR: ! Imported function '_sys_process_at_Exitspawn' in 'sysPrxForUser' module
LDR: ! Imported function 'sys_prx_start_module' in 'sysPrxForUser' module
LDR: ! Imported function 'sys_prx_exitspawn_with_level' in 'sysPrxForUser' module
LDR: ! Imported function 'sys_ppu_thread_once' in 'sysPrxForUser' module
LDR: ! Imported function 'sys_ppu_thread_exit' in 'sysPrxForUser' module
LDR: ! Imported function 'sys_lwmutex_destroy' in 'sysPrxForUser' module
LDR: ! Imported function '_sys_spu_printf_finalize' in 'sysPrxForUser' module
LDR: ! Imported function 'sys_process_exit' in 'sysPrxForUser' module
LDR: ! Imported function 'sys_prx_unload_module' in 'sysPrxForUser' module
HLE: W {PPU[1] Thread (CPUThread)[0x000d0040]} sys_lwmutex warning: sys_lwmutex_create(lwmutex_addr=0xbf6a8, attr_addr=0xa1304)
HLE: ! {PPU[1] Thread (CPUThread)[0x000d0040]} sys_lwmutex: *** lwmutex created [_lc_mtx] (attribute=0x12): sq_id = 3
HLE: W {PPU[1] Thread (CPUThread)[0x00040028]} sys_memory warning: sys_memory_get_user_memory_size(mem_info_addr=0xd000fc04)
HLE: W {PPU[1] Thread (CPUThread)[0x000d0040]} sys_lwmutex warning: sys_lwmutex_create(lwmutex_addr=0xbf2f0, attr_addr=0xa1304)
HLE: ! {PPU[1] Thread (CPUThread)[0x000d0040]} sys_lwmutex: *** lwmutex created [_lc_mtx] (attribute=0x12): sq_id = 4
HLE: W {PPU[1] Thread (CPUThread)[0x000d0040]} sys_lwmutex warning: sys_lwmutex_create(lwmutex_addr=0xbe638, attr_addr=0xa1304)
HLE: ! {PPU[1] Thread (CPUThread)[0x000d0040]} sys_lwmutex: *** lwmutex created [_lc_mtx] (attribute=0x12): sq_id = 5
HLE: W {PPU[1] Thread (CPUThread)[0x000d0040]} sys_lwmutex warning: sys_lwmutex_create(lwmutex_addr=0xbe660, attr_addr=0xa1304)
HLE: ! {PPU[1] Thread (CPUThread)[0x000d0040]} sys_lwmutex: *** lwmutex created [_lc_mtx] (attribute=0x12): sq_id = 6
HLE: W {PPU[1] Thread (CPUThread)[0x000d0040]} sys_lwmutex warning: sys_lwmutex_create(lwmutex_addr=0xbe688, attr_addr=0xa1304)
HLE: ! {PPU[1] Thread (CPUThread)[0x000d0040]} sys_lwmutex: *** lwmutex created [_lc_mtx] (attribute=0x12): sq_id = 7
HLE: W {PPU[1] Thread (CPUThread)[0x000d0040]} sys_lwmutex warning: sys_lwmutex_create(lwmutex_addr=0xbe570, attr_addr=0xa1304)
HLE: ! {PPU[1] Thread (CPUThread)[0x000d0040]} sys_lwmutex: *** lwmutex created [_lc_mtx] (attribute=0x12): sq_id = 8
HLE: W {PPU[1] Thread (CPUThread)[0x000d0040]} sys_lwmutex warning: sys_lwmutex_create(lwmutex_addr=0xbe598, attr_addr=0xa1304)
HLE: ! {PPU[1] Thread (CPUThread)[0x000d0040]} sys_lwmutex: *** lwmutex created [_lc_mtx] (attribute=0x12): sq_id = 9
HLE: W {PPU[1] Thread (CPUThread)[0x000d0040]} sys_lwmutex warning: sys_lwmutex_create(lwmutex_addr=0xbe5c0, attr_addr=0xa1304)
HLE: ! {PPU[1] Thread (CPUThread)[0x000d0040]} sys_lwmutex: *** lwmutex created [_lc_mtx] (attribute=0x12): sq_id = 10
HLE: W {PPU[1] Thread (CPUThread)[0x000d0040]} sys_lwmutex warning: sys_lwmutex_create(lwmutex_addr=0xbe5e8, attr_addr=0xa1304)
HLE: ! {PPU[1] Thread (CPUThread)[0x000d0040]} sys_lwmutex: *** lwmutex created [_lc_mtx] (attribute=0x12): sq_id = 11
HLE: W {PPU[1] Thread (CPUThread)[0x000d0040]} sys_lwmutex warning: sys_lwmutex_create(lwmutex_addr=0xbe610, attr_addr=0xa1304)
HLE: ! {PPU[1] Thread (CPUThread)[0x000d0040]} sys_lwmutex: *** lwmutex created [_lc_mtx] (attribute=0x12): sq_id = 12
HLE: W {PPU[1] Thread (CPUThread)[0x000d0040]} sys_lwmutex warning: sys_lwmutex_create(lwmutex_addr=0xbf7f0, attr_addr=0xb493c)
HLE: ! {PPU[1] Thread (CPUThread)[0x000d0040]} sys_lwmutex: *** lwmutex created [_lgcmtx] (attribute=0x12): sq_id = 13
HLE: W {PPU[1] Thread (CPUThread)[0x000d0040]} sys_lwmutex warning: sys_lwmutex_create(lwmutex_addr=0xbf770, attr_addr=0xb493c)
HLE: ! {PPU[1] Thread (CPUThread)[0x000d0040]} sys_lwmutex: *** lwmutex created [_lgcmtx] (attribute=0x12): sq_id = 14
HLE: W {PPU[1] Thread (CPUThread)[0x000d0040]} sys_lwmutex warning: sys_lwmutex_create(lwmutex_addr=0xbf7b0, attr_addr=0xb494c)
HLE: ! {PPU[1] Thread (CPUThread)[0x000d0040]} sys_lwmutex: *** lwmutex created [_lgcmtx] (attribute=0x22): sq_id = 15
HLE: W {PPU[1] Thread (CPUThread)[0x000d0040]} sys_lwmutex warning: sys_lwmutex_create(lwmutex_addr=0xb6410, attr_addr=0xa1304)
HLE: ! {PPU[1] Thread (CPUThread)[0x000d0040]} sys_lwmutex: *** lwmutex created [_lc_mtx] (attribute=0x12): sq_id = 16
HLE: W {PPU[1] Thread (CPUThread)[0x000d0040]} sys_lwmutex warning: sys_lwmutex_create(lwmutex_addr=0xb6710, attr_addr=0xa1304)
HLE: ! {PPU[1] Thread (CPUThread)[0x000d0040]} sys_lwmutex: *** lwmutex created [_lc_mtx] (attribute=0x12): sq_id = 17
HLE: W {PPU[1] Thread (CPUThread)[0x000d0040]} sys_lwmutex warning: sys_lwmutex_create(lwmutex_addr=0xb6d10, attr_addr=0xa1304)
HLE: ! {PPU[1] Thread (CPUThread)[0x000d0040]} sys_lwmutex: *** lwmutex created [_lc_mtx] (attribute=0x12): sq_id = 18
HLE: W {PPU[1] Thread (CPUThread)[0x000d0040]} sys_lwmutex warning: sys_lwmutex_create(lwmutex_addr=0xb7110, attr_addr=0xa1304)
HLE: ! {PPU[1] Thread (CPUThread)[0x000d0040]} sys_lwmutex: *** lwmutex created [_lc_mtx] (attribute=0x12): sq_id = 19
HLE: W {PPU[1] Thread (CPUThread)[0x000d0040]} sys_lwmutex warning: sys_lwmutex_create(lwmutex_addr=0xb7310, attr_addr=0xa1304)
HLE: ! {PPU[1] Thread (CPUThread)[0x000d0040]} sys_lwmutex: *** lwmutex created [_lc_mtx] (attribute=0x12): sq_id = 20
HLE: W {PPU[1] Thread (CPUThread)[0x000d0040]} sys_lwmutex warning: sys_lwmutex_create(lwmutex_addr=0xb7510, attr_addr=0xa1304)
HLE: ! {PPU[1] Thread (CPUThread)[0x000d0040]} sys_lwmutex: *** lwmutex created [_lc_mtx] (attribute=0x12): sq_id = 21
HLE: W {PPU[1] Thread (CPUThread)[0x000d0040]} sys_lwmutex warning: sys_lwmutex_create(lwmutex_addr=0xb7d10, attr_addr=0xa1304)
HLE: ! {PPU[1] Thread (CPUThread)[0x000d0040]} sys_lwmutex: *** lwmutex created [_lc_mtx] (attribute=0x12): sq_id = 22
HLE: W {PPU[1] Thread (CPUThread)[0x000d0040]} sys_lwmutex warning: sys_lwmutex_create(lwmutex_addr=0xb7e10, attr_addr=0xa1304)
HLE: ! {PPU[1] Thread (CPUThread)[0x000d0040]} sys_lwmutex: *** lwmutex created [_lc_mtx] (attribute=0x12): sq_id = 23
HLE: W {PPU[1] Thread (CPUThread)[0x000d0040]} sys_lwmutex warning: sys_lwmutex_create(lwmutex_addr=0xb7f10, attr_addr=0xa1304)
HLE: ! {PPU[1] Thread (CPUThread)[0x000d0040]} sys_lwmutex: *** lwmutex created [_lc_mtx] (attribute=0x12): sq_id = 24
HLE: W {PPU[1] Thread (CPUThread)[0x000d0040]} sys_lwmutex warning: sys_lwmutex_create(lwmutex_addr=0xb8010, attr_addr=0xa1304)
HLE: ! {PPU[1] Thread (CPUThread)[0x000d0040]} sys_lwmutex: *** lwmutex created [_lc_mtx] (attribute=0x12): sq_id = 25
HLE: W {PPU[1] Thread (CPUThread)[0x000d0040]} sys_lwmutex warning: sys_lwmutex_create(lwmutex_addr=0xb8110, attr_addr=0xa1304)
HLE: ! {PPU[1] Thread (CPUThread)[0x000d0040]} sys_lwmutex: *** lwmutex created [_lc_mtx] (attribute=0x12): sq_id = 26
HLE: W {PPU[1] Thread (CPUThread)[0x000d0040]} sys_lwmutex warning: sys_lwmutex_create(lwmutex_addr=0xb8210, attr_addr=0xa1304)
HLE: ! {PPU[1] Thread (CPUThread)[0x000d0040]} sys_lwmutex: *** lwmutex created [_lc_mtx] (attribute=0x12): sq_id = 27
HLE: E {PPU[1] Thread (CPUThread)[0x000d0058]} sys_prx TODO: sys_prx_register_library(lib_addr=0x9fdf4)
HLE: E {PPU[1] Thread (CPUThread)[0x000d0058]} sys_prx TODO: sys_prx_register_library(lib_addr=0x9fe10)
HLE: W {PPU[1] Thread (CPUThread)[0x000ca010]} cellSysutil warning: cellSysutilRegisterCallback(slot=1, func_addr=0xb10f8, userdata=0x0)
HLE: W {PPU[1] Thread (CPUThread)[0x000c8010]} cellSysmodule warning: cellSysmoduleLoadModule(CELL_SYSMODULE_SYSUTIL_GAME)
HLE: W {PPU[1] Thread (CPUThread)[0x000cc010]} cellGame warning: cellGameBootCheck(type_addr=0xb620c, attributes_addr=0xb6210, size_addr=0xd000fbc0, dirName_addr=0xd000faa0)
HLE: W {PPU[1] Thread (CPUThread)[0x000cc004]} cellGame warning: cellGameContentPermit(contentInfoPath_addr=0xd000fac0, usrdirPath_addr=0xd000fb40)
HLE: W {PPU[1] Thread (CPUThread)[0x000c8004]} cellSysmodule warning: cellSysmoduleUnloadModule(CELL_SYSMODULE_SYSUTIL_GAME)
HLE: W {PPU[1] Thread (CPUThread)[0x000ce004]} sys_fs warning: cellFsStat(path="/dev_bdvd/PS3_GAME/USRDIR/MODULE/EU/LIBRARY/TLSYSTEM.SPRX", sb_addr=0xd000fafc)
HLE: E {PPU[1] Thread (CPUThread)[0x000d0028]} sys_prx TODO: sys_prx_load_module(path="/dev_bdvd/PS3_GAME/USRDIR/MODULE/EU/LIBRARY/TLSYSTEM.SPRX", flags=0x0, pOpt=0x0)
LDR: W {PPU[1] Thread (CPUThread)[0x000d0028]} SELF: No NPDRM control info found!
HLE: E {PPU[1] Thread (CPUThread)[0x000d00a0]} sys_prx TODO: sys_prx_start_module(id=28, args=8, argp_addr=0xd000faf4, modres_addr=0xd000faf0, flags=0x0, pOpt=0x0)
HLE: E {PPU[1] Thread (CPUThread)[0x000a8010]} TODO: Unknown func id: 0x557f3624
HLE: W {PPU[1] Thread (CPUThread)[0x000ce004]} sys_fs warning: cellFsStat(path="/dev_bdvd/PS3_GAME/USRDIR/MODULE/EU/LIBRARY/TLGRAPHIC.SPRX", sb_addr=0xd000fb6c)
HLE: E {PPU[1] Thread (CPUThread)[0x000d0028]} sys_prx TODO: sys_prx_load_module(path="/dev_bdvd/PS3_GAME/USRDIR/MODULE/EU/LIBRARY/TLGRAPHIC.SPRX", flags=0x0, pOpt=0x0)
LDR: W {PPU[1] Thread (CPUThread)[0x000d0028]} SELF: No NPDRM control info found!
HLE: E {PPU[1] Thread (CPUThread)[0x000d00a0]} sys_prx TODO: sys_prx_start_module(id=29, args=8, argp_addr=0xd000fb64, modres_addr=0xd000fb60, flags=0x0, pOpt=0x0)
HLE: W {PPU[1] Thread (CPUThread)[0x000ce004]} sys_fs warning: cellFsStat(path="/dev_bdvd/PS3_GAME/USRDIR/MODULE/EU/LIBRARY/TLINPUT.SPRX", sb_addr=0xd000fb6c)
HLE: E {PPU[1] Thread (CPUThread)[0x000d0028]} sys_prx TODO: sys_prx_load_module(path="/dev_bdvd/PS3_GAME/USRDIR/MODULE/EU/LIBRARY/TLINPUT.SPRX", flags=0x0, pOpt=0x0)
LDR: W {PPU[1] Thread (CPUThread)[0x000d0028]} SELF: No NPDRM control info found!
HLE: E {PPU[1] Thread (CPUThread)[0x000d00a0]} sys_prx TODO: sys_prx_start_module(id=30, args=8, argp_addr=0xd000fb64, modres_addr=0xd000fb60, flags=0x0, pOpt=0x0)
HLE: W {PPU[1] Thread (CPUThread)[0x000ce004]} sys_fs warning: cellFsStat(path="/dev_bdvd/PS3_GAME/USRDIR/MODULE/EU/LIBRARY/TLFONT.SPRX", sb_addr=0xd000fb6c)
HLE: E {PPU[1] Thread (CPUThread)[0x000d0028]} sys_prx TODO: sys_prx_load_module(path="/dev_bdvd/PS3_GAME/USRDIR/MODULE/EU/LIBRARY/TLFONT.SPRX", flags=0x0, pOpt=0x0)
LDR: W {PPU[1] Thread (CPUThread)[0x000d0028]} SELF: No NPDRM control info found!
HLE: E {PPU[1] Thread (CPUThread)[0x000d00a0]} sys_prx TODO: sys_prx_start_module(id=31, args=8, argp_addr=0xd000fb64, modres_addr=0xd000fb60, flags=0x0, pOpt=0x0)
HLE: W {PPU[1] Thread (CPUThread)[0x000ce004]} sys_fs warning: cellFsStat(path="/dev_bdvd/PS3_GAME/USRDIR/MODULE/EU/LIBRARY/TLHUD.SPRX", sb_addr=0xd000fb6c)
HLE: E {PPU[1] Thread (CPUThread)[0x000d0028]} sys_prx TODO: sys_prx_load_module(path="/dev_bdvd/PS3_GAME/USRDIR/MODULE/EU/LIBRARY/TLHUD.SPRX", flags=0x0, pOpt=0x0)
LDR: W {PPU[1] Thread (CPUThread)[0x000d0028]} SELF: No NPDRM control info found!
HLE: E {PPU[1] Thread (CPUThread)[0x000d00a0]} sys_prx TODO: sys_prx_start_module(id=32, args=8, argp_addr=0xd000fb64, modres_addr=0xd000fb60, flags=0x0, pOpt=0x0)
HLE: W {PPU[1] Thread (CPUThread)[0x000ce004]} sys_fs warning: cellFsStat(path="/dev_bdvd/PS3_GAME/USRDIR/MODULE/EU/LIBRARY/TLGRAPHICTC2.SPRX", sb_addr=0xd000fb6c)
HLE: E {PPU[1] Thread (CPUThread)[0x000d0028]} sys_prx TODO: sys_prx_load_module(path="/dev_bdvd/PS3_GAME/USRDIR/MODULE/EU/LIBRARY/TLGRAPHICTC2.SPRX", flags=0x0, pOpt=0x0)
LDR: W {PPU[1] Thread (CPUThread)[0x000d0028]} SELF: No NPDRM control info found!
HLE: E {PPU[1] Thread (CPUThread)[0x000d00a0]} sys_prx TODO: sys_prx_start_module(id=33, args=8, argp_addr=0xd000fb64, modres_addr=0xd000fb60, flags=0x0, pOpt=0x0)
HLE: W {PPU[1] Thread (CPUThread)[0x000ce004]} sys_fs warning: cellFsStat(path="/dev_bdvd/PS3_GAME/USRDIR/MODULE/EU/LIBRARY/MOVIESOUND.SPRX", sb_addr=0xd000fb6c)
HLE: W {PPU[1] Thread (CPUThread)[0x000ce004]} sys_fs warning: cellFsStat: "/dev_bdvd/PS3_GAME/USRDIR/MODULE/EU/LIBRARY/MOVIESOUND.SPRX" not found.
HLE: W {PPU[1] Thread (CPUThread)[0x000ce004]} sys_fs warning: cellFsStat(path="/dev_bdvd/PS3_GAME/USRDIR/MODULE/EU/SYSTEM/MOVIESOUND.SPRX", sb_addr=0xd000fb6c)
HLE: E {PPU[1] Thread (CPUThread)[0x000d0028]} sys_prx TODO: sys_prx_load_module(path="/dev_bdvd/PS3_GAME/USRDIR/MODULE/EU/SYSTEM/MOVIESOUND.SPRX", flags=0x0, pOpt=0x0)
LDR: W {PPU[1] Thread (CPUThread)[0x000d0028]} SELF: No NPDRM control info found!
HLE: E {PPU[1] Thread (CPUThread)[0x000d00a0]} sys_prx TODO: sys_prx_start_module(id=34, args=8, argp_addr=0xd000fb64, modres_addr=0xd000fb60, flags=0x0, pOpt=0x0)
HLE: W {PPU[1] Thread (CPUThread)[0x000ce004]} sys_fs warning: cellFsStat(path="/dev_bdvd/PS3_GAME/USRDIR/MODULE/EU/LIBRARY/SELECTOR.SPRX", sb_addr=0xd000fb6c)
HLE: W {PPU[1] Thread (CPUThread)[0x000ce004]} sys_fs warning: cellFsStat: "/dev_bdvd/PS3_GAME/USRDIR/MODULE/EU/LIBRARY/SELECTOR.SPRX" not found.
HLE: W {PPU[1] Thread (CPUThread)[0x000ce004]} sys_fs warning: cellFsStat(path="/dev_bdvd/PS3_GAME/USRDIR/MODULE/EU/SYSTEM/SELECTOR.SPRX", sb_addr=0xd000fb6c)
HLE: E {PPU[1] Thread (CPUThread)[0x000d0028]} sys_prx TODO: sys_prx_load_module(path="/dev_bdvd/PS3_GAME/USRDIR/MODULE/EU/SYSTEM/SELECTOR.SPRX", flags=0x0, pOpt=0x0)
LDR: W {PPU[1] Thread (CPUThread)[0x000d0028]} SELF: No NPDRM control info found!
HLE: E {PPU[1] Thread (CPUThread)[0x000d00a0]} sys_prx TODO: sys_prx_start_module(id=35, args=8, argp_addr=0xd000fb64, modres_addr=0xd000fb60, flags=0x0, pOpt=0x0)
HLE: E {PPU[1] Thread (CPUThread)[0x000c604c]} TODO: Unknown func id: 0x6db63d2b
HLE: E {PPU[1] Thread (CPUThread)[0x000c601c]} TODO: Unknown func id: 0x39b94456
HLE: E {PPU[1] Thread (CPUThread)[0x000c6028]} TODO: Unknown func id: 0x3ae6f9cc
HLE: E {PPU[1] Thread (CPUThread)[0x000c6064]} TODO: Unknown func id: 0xb8f18573
HLE: E {PPU[1] Thread (CPUThread)[0x000c6058]} TODO: Unknown func id: 0x9c8a4ed1
HLE: E {PPU[1] Thread (CPUThread)[0x000a801c]} TODO: Unknown func id: 0x7903337f
HLE: E {PPU[1] Thread (CPUThread)[0x000c6040]} TODO: Unknown func id: 0x6373537b
G: E {PPU[1] Thread (CPUThread)[0x00019e84]} Exception: Access violation: addr = 0x0 (is_alive=1, last_syscall=0x0 (Unknown func id: 0x00000000))
HLE: ! All threads stopped...
MEM: ! Closing memory...
