HLE: ! path: /dev_hdd0/game/
HLE: W No pause.bin found, Auto Pause will not work.
HLE: W No pause.bin found, Auto Pause will not work.
LDR: ! Loading 'D:\Emulateurs\Rpcs3\dev_hdd0\game\BLES01856-[KILLER IS DEAD]/PS3_GAME/USRDIR/BOOT.BIN'...
LDR: !  
LDR: ! Mount info:
LDR: ! /dev_hdd0/ -> ./dev_hdd0/
LDR: ! /dev_hdd1/ -> ./dev_hdd1/
LDR: ! /dev_flash/ -> ./dev_flash/
LDR: ! /dev_usb000/ -> ./dev_usb000/
LDR: ! /dev_usb/ -> ./dev_usb000/
LDR: ! /app_home/ -> D:\Emulateurs\Rpcs3\dev_hdd0\game\BLES01856-[KILLER IS DEAD]/PS3_GAME/
LDR: ! /dev_bdvd/ -> D:\Emulateurs\Rpcs3\dev_hdd0\game\BLES01856-[KILLER IS DEAD]/PS3_GAME//../
LDR: ! /host_root/ -> 
LDR: ! /app_home/PS3_GAME/USRDIR/ -> D:\Emulateurs\Rpcs3\dev_hdd0\game\BLES01856-[KILLER IS DEAD]/PS3_GAME//USRDIR/
LDR: ! /dev_flash2/ -> ./dev_flash2/
LDR: ! /app_home/Game/PS3_GAME/USRDIR/ -> D:\Emulateurs\Rpcs3\dev_hdd0\game\BLES01856-[KILLER IS DEAD]/PS3_GAME//USRDIR/
LDR: ! //dev_hdd0/ -> ./dev_hdd0/
LDR: ! / -> D:\Emulateurs\Rpcs3\dev_hdd0\game\BLES01856-[KILLER IS DEAD]/PS3_GAME//USRDIR/
LDR: !  
LDR: ! Title: KILLER IS DEAD™
LDR: ! Serial: BLES01856
LDR: !  
MEM: ! Initializing memory: m_base_addr = 0x6e4afd0000
MEM: ! Memory initialized.
LDR: ! Imported function 'sys_net_initialize_network_ex' in 'sys_net' module
LDR: W Unimplemented function 'getsockname' in 'sys_net' module
LDR: ! Imported function 'recvfrom' in 'sys_net' module
LDR: ! Imported function 'listen' in 'sys_net' module
LDR: ! Imported function 'sys_net_get_sockinfo' in 'sys_net' module
LDR: W Unimplemented function 'socketselect' in 'sys_net' module
LDR: W Unimplemented function 'getsockopt' in 'sys_net' module
LDR: ! Imported function '_sys_net_errno_loc' in 'sys_net' module
LDR: ! Imported function 'connect' in 'sys_net' module
LDR: ! Imported function 'socketclose' in 'sys_net' module
LDR: W Unimplemented function 'gethostbyname' in 'sys_net' module
LDR: ! Imported function 'setsockopt' in 'sys_net' module
LDR: ! Imported function 'sendto' in 'sys_net' module
LDR: ! Imported function 'socket' in 'sys_net' module
LDR: ! Imported function 'bind' in 'sys_net' module
LDR: ! Imported function 'accept' in 'sys_net' module
LDR: ! Imported function 'inet_addr' in 'sys_net' module
LDR: ! Imported function 'send' in 'sys_net' module
LDR: ! Imported function 'recv' in 'sys_net' module
LDR: ! Imported function 'sys_net_finalize_network' in 'sys_net' module
LDR: W Unimplemented function 'gethostbyaddr' in 'sys_net' module
LDR: ! Imported function 'cellNetCtlNetStartDialogLoadAsync' in 'cellNetCtl' module
LDR: ! Imported function 'cellNetCtlAddHandler' in 'cellNetCtl' module
LDR: ! Imported function 'cellNetCtlNetStartDialogUnloadAsync' in 'cellNetCtl' module
LDR: ! Imported function 'cellNetCtlTerm' in 'cellNetCtl' module
LDR: ! Imported function 'cellNetCtlGetInfo' in 'cellNetCtl' module
LDR: ! Imported function 'cellNetCtlGetNatInfo' in 'cellNetCtl' module
LDR: ! Imported function 'cellNetCtlGetState' in 'cellNetCtl' module
LDR: ! Imported function 'cellNetCtlDelHandler' in 'cellNetCtl' module
LDR: ! Imported function 'cellNetCtlInit' in 'cellNetCtl' module
LDR: ! Imported function 'cellPadInit' in 'sys_io' module
LDR: ! Imported function 'cellKbClearBuf' in 'sys_io' module
LDR: ! Imported function 'cellKbGetInfo' in 'sys_io' module
LDR: ! Imported function 'cellMouseClearBuf' in 'sys_io' module
LDR: ! Imported function 'cellPadSetPortSetting' in 'sys_io' module
LDR: ! Imported function 'cellMouseGetInfo' in 'sys_io' module
LDR: ! Imported function 'cellMouseGetDataList' in 'sys_io' module
LDR: ! Imported function 'cellPadGetData' in 'sys_io' module
LDR: ! Imported function 'cellPadGetInfo2' in 'sys_io' module
LDR: ! Imported function 'cellPadSetActDirect' in 'sys_io' module
LDR: ! Imported function 'cellKbRead' in 'sys_io' module
LDR: ! Imported function 'cellFsRmdir' in 'sys_fs' module
LDR: ! Imported function 'cellFsClose' in 'sys_fs' module
LDR: ! Imported function 'cellFsOpendir' in 'sys_fs' module
LDR: ! Imported function 'cellFsRead' in 'sys_fs' module
LDR: ! Imported function 'cellFsReaddir' in 'sys_fs' module
LDR: ! Imported function 'cellFsSdataOpenByFd' in 'sys_fs' module
LDR: ! Imported function 'cellFsOpen' in 'sys_fs' module
LDR: ! Imported function 'cellFsStat' in 'sys_fs' module
LDR: ! Imported function 'cellFsUnlink' in 'sys_fs' module
LDR: ! Imported function 'cellFsFsync' in 'sys_fs' module
LDR: ! Imported function 'cellFsLseek' in 'sys_fs' module
LDR: ! Imported function 'cellFsGetFreeSize' in 'sys_fs' module
LDR: ! Imported function 'cellFsSdataOpen' in 'sys_fs' module
LDR: ! Imported function 'cellFsMkdir' in 'sys_fs' module
LDR: W Unimplemented function 'cellFsUtime' in 'sys_fs' module
LDR: ! Imported function 'cellFsWrite' in 'sys_fs' module
LDR: ! Imported function 'cellFsFstat' in 'sys_fs' module
LDR: ! Imported function 'cellFsRename' in 'sys_fs' module
LDR: ! Imported function 'cellFsClosedir' in 'sys_fs' module
LDR: ! Imported function 'cellSysutilUnregisterCallback' in 'cellSysutil' module
LDR: ! Imported function 'cellVideoOutConfigure' in 'cellSysutil' module
LDR: ! Imported function 'cellSysutilCheckCallback' in 'cellSysutil' module
LDR: ! Imported function 'cellSysCacheMount' in 'cellSysutil' module
LDR: ! Imported function 'cellVideoOutGetDeviceInfo' in 'cellSysutil' module
LDR: ! Imported function 'cellMsgDialogClose' in 'cellSysutil' module
LDR: W Unimplemented function 'cellOskDialogUnloadAsync' in 'cellSysutil' module
LDR: ! Imported function 'cellMsgDialogOpenErrorCode' in 'cellSysutil' module
LDR: ! Imported function 'cellSysutilGetSystemParamInt' in 'cellSysutil' module
LDR: ! Imported function 'cellAudioOutConfigure' in 'cellSysutil' module
LDR: ! Imported function 'cellMsgDialogAbort' in 'cellSysutil' module
LDR: ! Imported function 'cellVideoOutGetNumberOfDevice' in 'cellSysutil' module
LDR: ! Imported function 'cellMsgDialogOpen2' in 'cellSysutil' module
LDR: ! Imported function 'cellAudioOutGetDeviceInfo' in 'cellSysutil' module
LDR: ! Imported function 'cellMsgDialogProgressBarReset' in 'cellSysutil' module
LDR: W Unimplemented function 'cellOskDialogLoadAsync' in 'cellSysutil' module
LDR: ! Imported function 'cellSaveDataAutoSave2' in 'cellSysutil' module
LDR: W Unimplemented function 'cellStorageDataImport' in 'cellSysutil' module
LDR: ! Imported function 'cellSysutilGetSystemParamString' in 'cellSysutil' module
LDR: ! Imported function 'cellMsgDialogProgressBarInc' in 'cellSysutil' module
LDR: ! Imported function 'cellSysutilRegisterCallback' in 'cellSysutil' module
LDR: ! Imported function 'cellVideoOutGetResolutionAvailability' in 'cellSysutil' module
LDR: W Unimplemented function 'cellOskDialogSetKeyLayoutOption' in 'cellSysutil' module
LDR: W Unimplemented function 'cellOskDialogAbort' in 'cellSysutil' module
LDR: ! Imported function 'cellAudioOutGetSoundAvailability' in 'cellSysutil' module
LDR: W Unimplemented function 'cellOskDialogSetInitialKeyLayout' in 'cellSysutil' module
LDR: W Unimplemented function 'cellOskDialogSetDeviceMask' in 'cellSysutil' module
LDR: ! Imported function 'cellVideoOutGetResolution' in 'cellSysutil' module
LDR: ! Imported function 'cellAudioOutGetNumberOfDevice' in 'cellSysutil' module
LDR: ! Imported function 'cellAudioOutGetConfiguration' in 'cellSysutil' module
LDR: W Unimplemented function 'cellSaveDataDelete2' in 'cellSysutil' module
LDR: W Unimplemented function 'cellOskDialogSetLayoutMode' in 'cellSysutil' module
LDR: ! Imported function 'cellAudioOutGetState' in 'cellSysutil' module
LDR: ! Imported function 'cellSaveDataAutoLoad2' in 'cellSysutil' module
LDR: ! Imported function '_cellSpursLFQueueInitialize' in 'cellSpurs' module
LDR: ! Imported function 'cellSpursAttributeSetNamePrefix' in 'cellSpurs' module
LDR: ! Imported function 'cellSpursAttributeEnableSpuPrintfIfAvailable' in 'cellSpurs' module
LDR: ! Imported function '_cellSpursTasksetAttributeInitialize' in 'cellSpurs' module
LDR: ! Imported function 'cellSpursLFQueueAttachLv2EventQueue' in 'cellSpurs' module
LDR: ! Imported function 'cellSpursEventFlagDetachLv2EventQueue' in 'cellSpurs' module
LDR: ! Imported function 'cellSpursCreateJobChainWithAttribute' in 'cellSpurs' module
LDR: ! Imported function '_cellSpursJobChainAttributeInitialize' in 'cellSpurs' module
LDR: ! Imported function 'cellSpursEventFlagWait' in 'cellSpurs' module
LDR: ! Imported function 'cellSpursEventFlagClear' in 'cellSpurs' module
LDR: ! Imported function 'cellSpursDetachLv2EventQueue' in 'cellSpurs' module
LDR: ! Imported function 'cellSpursCreateTaskset' in 'cellSpurs' module
LDR: ! Imported function '_cellSpursEventFlagInitialize' in 'cellSpurs' module
LDR: ! Imported function 'cellSpursTasksetAttributeSetName' in 'cellSpurs' module
LDR: ! Imported function 'cellSpursLFQueueDetachLv2EventQueue' in 'cellSpurs' module
LDR: ! Imported function 'cellSpursEventFlagAttachLv2EventQueue' in 'cellSpurs' module
LDR: ! Imported function '_cellSpursLFQueuePushBody' in 'cellSpurs' module
LDR: ! Imported function '_cellSpursAttributeInitialize' in 'cellSpurs' module
LDR: ! Imported function 'cellSpursJoinTaskset' in 'cellSpurs' module
LDR: ! Imported function 'cellSpursJobChainAttributeSetName' in 'cellSpurs' module
LDR: ! Imported function 'cellSpursShutdownTaskset' in 'cellSpurs' module
LDR: ! Imported function 'cellSpursAttributeSetSpuThreadGroupType' in 'cellSpurs' module
LDR: ! Imported function 'cellSpursInitializeWithAttribute' in 'cellSpurs' module
LDR: ! Imported function 'cellSpursAttachLv2EventQueue' in 'cellSpurs' module
LDR: ! Imported function 'cellSpursCreateTask' in 'cellSpurs' module
LDR: ! Imported function 'cellSpursCreateTasksetWithAttribute' in 'cellSpurs' module
LDR: ! Imported function 'cellSpursFinalize' in 'cellSpurs' module
LDR: ! Imported function '_cellSpursSendSignal' in 'cellSpurs' module
LDR: ! Imported function 'cellSpursRunJobChain' in 'cellSpurs' module
LDR: ! Imported function 'cellSpursQueueDetachLv2EventQueue' in 'cellSpurs' module
LDR: ! Imported function '_cellSpursQueueInitialize' in 'cellSpurs' module
LDR: ! Imported function 'cellSpursJobGuardInitialize' in 'cellSpurs' module
LDR: ! Imported function 'cellSpursShutdownJobChain' in 'cellSpurs' module
LDR: ! Imported function 'cellSpursQueuePopBody' in 'cellSpurs' module
LDR: ! Imported function 'cellSpursQueuePushBody' in 'cellSpurs' module
LDR: ! Imported function 'cellSpursJoinJobChain' in 'cellSpurs' module
LDR: ! Imported function 'cellSpursInitialize' in 'cellSpurs' module
LDR: ! Imported function 'cellSpursJobGuardNotify' in 'cellSpurs' module
LDR: ! Imported function 'cellSpursQueueAttachLv2EventQueue' in 'cellSpurs' module
LDR: ! Imported function 'cellSysmoduleUnloadModule' in 'cellSysmodule' module
LDR: ! Imported function 'cellSysmoduleLoadModule' in 'cellSysmodule' module
LDR: ! Imported function 'cellSysmoduleInitialize' in 'cellSysmodule' module
LDR: ! Imported function 'cellRtcGetCurrentClockLocalTime' in 'cellRtc' module
LDR: ! Imported function 'cellRtcGetCurrentClock' in 'cellRtc' module
LDR: ! Imported function 'cellRtcSetTick' in 'cellRtc' module
LDR: ! Imported function 'cellRtcSetTime_t' in 'cellRtc' module
LDR: ! Imported function 'cellRtcGetDayOfWeek' in 'cellRtc' module
LDR: ! Imported function 'cellRtcGetTick' in 'cellRtc' module
LDR: ! Imported function 'cellRtcGetTime_t' in 'cellRtc' module
LDR: ! Imported function 'cellRtcGetCurrentTick' in 'cellRtc' module
LDR: ! Imported function 'cellRtcConvertUtcToLocalTime' in 'cellRtc' module
LDR: ! Imported function 'cellAudioInit' in 'cellAudio' module
LDR: ! Imported function 'cellAudioPortStop' in 'cellAudio' module
LDR: ! Imported function 'cellAudioGetPortConfig' in 'cellAudio' module
LDR: ! Imported function 'cellAudioPortStart' in 'cellAudio' module
LDR: ! Imported function 'cellAudioQuit' in 'cellAudio' module
LDR: ! Imported function 'cellAudioPortOpen' in 'cellAudio' module
LDR: ! Imported function 'cellAudioPortClose' in 'cellAudio' module
LDR: ! Imported function 'sceNpBasicGetFriendListEntry' in 'sceNp' module
LDR: ! Imported function 'sceNpManagerGetTicket' in 'sceNp' module
LDR: ! Imported function 'sceNpSignalingGetConnectionInfo' in 'sceNp' module
LDR: ! Imported function 'sceNpScoreGetRankingByRangeAsync' in 'sceNp' module
LDR: ! Imported function 'sceNpScoreDestroyTitleCtx' in 'sceNp' module
LDR: ! Imported function 'sceNpScoreInit' in 'sceNp' module
LDR: ! Imported function 'sceNpScoreGetRankingByNpIdAsync' in 'sceNp' module
LDR: ! Imported function 'sceNpTerm' in 'sceNp' module
LDR: ! Imported function 'sceNpSignalingAddExtendedHandler' in 'sceNp' module
LDR: ! Imported function 'sceNpManagerUnregisterCallback' in 'sceNp' module
LDR: ! Imported function 'sceNpLookupInit' in 'sceNp' module
LDR: ! Imported function 'sceNpSignalingActivateConnection' in 'sceNp' module
LDR: ! Imported function 'sceNpSignalingCreateCtx' in 'sceNp' module
LDR: ! Imported function 'sceNpManagerGetContentRatingFlag' in 'sceNp' module
LDR: ! Imported function 'sceNpScoreCreateTransactionCtx' in 'sceNp' module
LDR: ! Imported function 'sceNpManagerRequestTicket' in 'sceNp' module
LDR: ! Imported function 'sceNpSignalingTerminateConnection' in 'sceNp' module
LDR: ! Imported function 'sceNpScoreTerm' in 'sceNp' module
LDR: ! Imported function 'sceNpSignalingGetLocalNetInfo' in 'sceNp' module
LDR: ! Imported function 'sceNpScorePollAsync' in 'sceNp' module
LDR: ! Imported function 'sceNpManagerGetStatus' in 'sceNp' module
LDR: ! Imported function 'sceNpSignalingDestroyCtx' in 'sceNp' module
LDR: ! Imported function 'sceNpBasicGetFriendListEntryCount' in 'sceNp' module
LDR: ! Imported function 'sceNpScoreCreateTitleCtx' in 'sceNp' module
LDR: ! Imported function 'sceNpInit' in 'sceNp' module
LDR: ! Imported function 'sceNpManagerGetNetworkTime' in 'sceNp' module
LDR: ! Imported function 'sceNpManagerGetOnlineId' in 'sceNp' module
LDR: ! Imported function 'sceNpScoreDestroyTransactionCtx' in 'sceNp' module
LDR: ! Imported function 'sceNpManagerRegisterCallback' in 'sceNp' module
LDR: ! Imported function 'sceNpDrmIsAvailable2' in 'sceNp' module
LDR: ! Imported function 'sceNpScoreRecordScoreAsync' in 'sceNp' module
LDR: ! Imported function 'sceNpManagerGetOnlineName' in 'sceNp' module
LDR: ! Imported function 'sceNpSignalingDeactivateConnection' in 'sceNp' module
LDR: ! Imported function 'sceNpManagerGetNpId' in 'sceNp' module
LDR: ! Imported function 'sceNpTrophyRegisterContext' in 'sceNpTrophy' module
LDR: ! Imported function 'sceNpTrophyCreateHandle' in 'sceNpTrophy' module
LDR: ! Imported function 'sceNpTrophyGetRequiredDiskSpace' in 'sceNpTrophy' module
LDR: ! Imported function 'sceNpTrophyDestroyContext' in 'sceNpTrophy' module
LDR: ! Imported function 'sceNpTrophyInit' in 'sceNpTrophy' module
LDR: ! Imported function 'sceNpTrophyGetGameInfo' in 'sceNpTrophy' module
LDR: ! Imported function 'sceNpTrophyDestroyHandle' in 'sceNpTrophy' module
LDR: ! Imported function 'sceNpTrophyUnlockTrophy' in 'sceNpTrophy' module
LDR: ! Imported function 'sceNpTrophyTerm' in 'sceNpTrophy' module
LDR: ! Imported function 'sceNpTrophyGetTrophyUnlockState' in 'sceNpTrophy' module
LDR: ! Imported function 'sceNpTrophyGetTrophyIcon' in 'sceNpTrophy' module
LDR: ! Imported function 'sceNpTrophyCreateContext' in 'sceNpTrophy' module
LDR: ! Imported function 'sceNpTrophyGetTrophyInfo' in 'sceNpTrophy' module
LDR: ! Imported function 'cellGameGetParamString' in 'cellGame' module
LDR: ! Imported function 'cellGameCreateGameData' in 'cellGame' module
LDR: ! Imported function 'cellGameContentPermit' in 'cellGame' module
LDR: ! Imported function 'cellGameContentErrorDialog' in 'cellGame' module
LDR: ! Imported function 'cellGameDataCheck' in 'cellGame' module
LDR: ! Imported function 'cellGameBootCheck' in 'cellGame' module
LDR: ! Imported function 'cellPngDecDecodeData' in 'cellPngDec' module
LDR: ! Imported function 'cellPngDecExtCreate' in 'cellPngDec' module
LDR: ! Imported function 'cellPngDecClose' in 'cellPngDec' module
LDR: ! Imported function 'cellPngDecDestroy' in 'cellPngDec' module
LDR: ! Imported function 'cellPngDecReadHeader' in 'cellPngDec' module
LDR: ! Imported function 'cellPngDecOpen' in 'cellPngDec' module
LDR: ! Imported function 'cellPngDecSetParameter' in 'cellPngDec' module
LDR: ! Imported function 'cellRescSetWaitFlip' in 'cellResc' module
LDR: ! Imported function 'cellRescAdjustAspectRatio' in 'cellResc' module
LDR: ! Imported function 'cellRescSetDisplayMode' in 'cellResc' module
LDR: ! Imported function 'cellRescSetConvertAndFlip' in 'cellResc' module
LDR: ! Imported function 'cellRescSetFlipHandler' in 'cellResc' module
LDR: ! Imported function 'cellRescInit' in 'cellResc' module
LDR: ! Imported function 'cellRescGetBufferSize' in 'cellResc' module
LDR: ! Imported function 'cellRescSetSrc' in 'cellResc' module
LDR: ! Imported function 'cellRescSetBufferAddress' in 'cellResc' module
LDR: ! Imported function 'cellRescSetVBlankHandler' in 'cellResc' module
LDR: ! Imported function 'cellRescCreateInterlaceTable' in 'cellResc' module
LDR: ! Imported function 'cellGcmGetTiledPitchSize' in 'cellGcmSys' module
LDR: ! Imported function 'cellGcmSetUserHandler' in 'cellGcmSys' module
LDR: ! Imported function 'cellGcmSetPrepareFlip' in 'cellGcmSys' module
LDR: ! Imported function '_cellGcmInitBody' in 'cellGcmSys' module
LDR: ! Imported function 'cellGcmAddressToOffset' in 'cellGcmSys' module
LDR: ! Imported function 'cellGcmSortRemapEaIoAddress' in 'cellGcmSys' module
LDR: ! Imported function 'cellGcmIoOffsetToAddress' in 'cellGcmSys' module
LDR: ! Imported function '_cellGcmFunc15' in 'cellGcmSys' module
LDR: ! Imported function 'cellGcmBindTile' in 'cellGcmSys' module
LDR: ! Imported function 'cellGcmSetFlipMode' in 'cellGcmSys' module
LDR: ! Imported function 'cellGcmGetTimeStamp' in 'cellGcmSys' module
LDR: ! Imported function 'cellGcmGetDefaultCommandWordSize' in 'cellGcmSys' module
LDR: ! Imported function 'cellGcmGetDefaultSegmentWordSize' in 'cellGcmSys' module
LDR: ! Imported function 'cellGcmSetDefaultFifoSize' in 'cellGcmSys' module
LDR: ! Imported function 'cellGcmBindZcull' in 'cellGcmSys' module
LDR: ! Imported function 'cellGcmMapMainMemory' in 'cellGcmSys' module
LDR: ! Imported function 'cellGcmSetFlipHandler' in 'cellGcmSys' module
LDR: ! Imported function 'cellGcmSetDisplayBuffer' in 'cellGcmSys' module
LDR: ! Imported function 'cellGcmGetControlRegister' in 'cellGcmSys' module
LDR: ! Imported function 'cellGcmUnbindZcull' in 'cellGcmSys' module
LDR: ! Imported function 'cellGcmSetVBlankHandler' in 'cellGcmSys' module
LDR: ! Imported function 'cellGcmSetFlipImmediate' in 'cellGcmSys' module
LDR: ! Imported function 'cellGcmSetTileInfo' in 'cellGcmSys' module
LDR: ! Imported function 'cellGcmInitDefaultFifoMode' in 'cellGcmSys' module
LDR: ! Imported function 'cellGcmSetGraphicsHandler' in 'cellGcmSys' module
LDR: ! Imported function 'cellGcmUnbindTile' in 'cellGcmSys' module
LDR: ! Imported function 'cellGcmUnmapIoAddress' in 'cellGcmSys' module
LDR: ! Imported function 'cellGcmGetConfiguration' in 'cellGcmSys' module
LDR: ! Imported function 'cellGcmGetLabelAddress' in 'cellGcmSys' module
LDR: ! Imported function 'sys_lwmutex_lock' in 'sysPrxForUser' module
LDR: ! Imported function 'sys_lwmutex_unlock' in 'sysPrxForUser' module
LDR: ! Imported function 'sys_lwcond_destroy' in 'sysPrxForUser' module
LDR: ! Imported function 'sys_ppu_thread_create' in 'sysPrxForUser' module
LDR: ! Imported function 'sys_prx_load_module' in 'sysPrxForUser' module
LDR: ! Imported function 'sys_lwcond_wait' in 'sysPrxForUser' module
LDR: ! Imported function '_sys_process_atexitspawn' in 'sysPrxForUser' module
LDR: ! Imported function 'sys_lwmutex_create' in 'sysPrxForUser' module
LDR: ! Imported function 'sys_ppu_thread_get_id' in 'sysPrxForUser' module
LDR: ! Imported function 'sys_mmapper_free_memory' in 'sysPrxForUser' module
LDR: ! Imported function 'sys_prx_register_library' in 'sysPrxForUser' module
LDR: ! Imported function '_sys_spu_printf_initialize' in 'sysPrxForUser' module
LDR: ! Imported function 'sys_mmapper_unmap_memory' in 'sysPrxForUser' module
LDR: ! Imported function 'Unknown func id: 0x4f7172c9' in 'sysPrxForUser' module
LDR: ! Imported function 'sys_initialize_tls' in 'sysPrxForUser' module
LDR: ! Imported function 'sys_time_get_system_time' in 'sysPrxForUser' module
LDR: ! Imported function '_sys_process_at_Exitspawn' in 'sysPrxForUser' module
LDR: ! Imported function 'sys_prx_exitspawn_with_level' in 'sysPrxForUser' module
LDR: W Unimplemented function 'sys_prx_load_module_on_memcontainer_by_fd' in 'sysPrxForUser' module
LDR: ! Imported function 'sys_ppu_thread_once' in 'sysPrxForUser' module
LDR: ! Imported function 'sys_prx_load_module_on_memcontainer' in 'sysPrxForUser' module
LDR: ! Imported function 'sys_lwmutex_trylock' in 'sysPrxForUser' module
LDR: ! Imported function 'sys_ppu_thread_exit' in 'sysPrxForUser' module
LDR: ! Imported function 'sys_mmapper_allocate_memory' in 'sysPrxForUser' module
LDR: ! Imported function 'sys_lwmutex_destroy' in 'sysPrxForUser' module
LDR: ! Imported function 'sys_lwcond_create' in 'sysPrxForUser' module
LDR: ! Imported function 'sys_mmapper_map_memory' in 'sysPrxForUser' module
LDR: ! Imported function '_sys_spu_printf_finalize' in 'sysPrxForUser' module
LDR: ! Imported function 'sys_spu_image_close' in 'sysPrxForUser' module
LDR: ! Imported function 'sys_process_exit' in 'sysPrxForUser' module
LDR: ! Imported function 'sys_lwcond_signal_all' in 'sysPrxForUser' module
LDR: W Unimplemented function 'sys_prx_load_module_by_fd' in 'sysPrxForUser' module
LDR: ! Imported function 'sys_lwcond_signal' in 'sysPrxForUser' module
LDR: ! Imported function 'cellOvisGetOverlayTableSize' in 'cellOvis' module
LDR: ! Imported function 'cellOvisInitializeOverlayTable' in 'cellOvis' module
HLE: W {PPU[1] Thread (CPUThread)[0x01efa058]} sys_lwmutex warning: *** lwmutex created [_lc_mtx] (attribute=0x12): sq_id = 3
HLE: W {PPU[1] Thread (CPUThread)[0x010fe9ac]} sys_memory warning: sys_memory_get_user_memory_size(mem_info_addr=0xd000fc04)
HLE: W {PPU[1] Thread (CPUThread)[0x01efa058]} sys_lwmutex warning: *** lwmutex created [_lc_mtx] (attribute=0x12): sq_id = 4
HLE: W {PPU[1] Thread (CPUThread)[0x01efa058]} sys_lwmutex warning: *** lwmutex created [_lc_mtx] (attribute=0x12): sq_id = 5
HLE: W {PPU[1] Thread (CPUThread)[0x01efa058]} sys_lwmutex warning: *** lwmutex created [_lc_mtx] (attribute=0x12): sq_id = 6
HLE: W {PPU[1] Thread (CPUThread)[0x01efa058]} sys_lwmutex warning: *** lwmutex created [_lc_mtx] (attribute=0x12): sq_id = 7
HLE: W {PPU[1] Thread (CPUThread)[0x01efa058]} sys_lwmutex warning: *** lwmutex created [_lc_mtx] (attribute=0x12): sq_id = 8
HLE: W {PPU[1] Thread (CPUThread)[0x01efa058]} sys_lwmutex warning: *** lwmutex created [_lc_mtx] (attribute=0x12): sq_id = 9
HLE: W {PPU[1] Thread (CPUThread)[0x01efa058]} sys_lwmutex warning: *** lwmutex created [_lc_mtx] (attribute=0x12): sq_id = 10
HLE: W {PPU[1] Thread (CPUThread)[0x01efa058]} sys_lwmutex warning: *** lwmutex created [_lc_mtx] (attribute=0x12): sq_id = 11
HLE: W {PPU[1] Thread (CPUThread)[0x01efa058]} sys_lwmutex warning: *** lwmutex created [_lc_mtx] (attribute=0x12): sq_id = 12
HLE: W {PPU[1] Thread (CPUThread)[0x01efa058]} sys_lwmutex warning: *** lwmutex created [_lgcmtx] (attribute=0x12): sq_id = 13
HLE: W {PPU[1] Thread (CPUThread)[0x01efa058]} sys_lwmutex warning: *** lwmutex created [_lgcmtx] (attribute=0x22): sq_id = 14
HLE: W {PPU[1] Thread (CPUThread)[0x01efa058]} sys_lwmutex warning: *** lwmutex created [] (attribute=0x12): sq_id = 15
HLE: W {PPU[1] Thread (CPUThread)[0x010f0e98]} sys_time warning: sys_time_get_timezone(timezone_addr=0xd000fb20, summertime_addr=0xd000fb24)
HLE: W {PPU[1] Thread (CPUThread)[0x010f0e98]} cellSysutil warning: cellSysutilGetSystemParamInt: CELL_SYSUTIL_SYSTEMPARAM_ID_TIMEZONE
HLE: W {PPU[1] Thread (CPUThread)[0x010f0e98]} cellSysutil warning: cellSysutilGetSystemParamInt: CELL_SYSUTIL_SYSTEMPARAM_ID_SUMMERTIME
HLE: W {PPU[1] Thread (CPUThread)[0x010f809c]} sys_time warning: sys_time_get_timezone(timezone_addr=0xd000fa70, summertime_addr=0xd000fa74)
HLE: W {PPU[1] Thread (CPUThread)[0x010f809c]} cellSysutil warning: cellSysutilGetSystemParamInt: CELL_SYSUTIL_SYSTEMPARAM_ID_TIMEZONE
HLE: W {PPU[1] Thread (CPUThread)[0x010f809c]} cellSysutil warning: cellSysutilGetSystemParamInt: CELL_SYSUTIL_SYSTEMPARAM_ID_SUMMERTIME
HLE: W {PPU[1] Thread (CPUThread)[0x010f2908]} sys_time warning: sys_time_get_timezone(timezone_addr=0xd000fb20, summertime_addr=0xd000fb24)
HLE: W {PPU[1] Thread (CPUThread)[0x010f2908]} cellSysutil warning: cellSysutilGetSystemParamInt: CELL_SYSUTIL_SYSTEMPARAM_ID_TIMEZONE
HLE: W {PPU[1] Thread (CPUThread)[0x010f2908]} cellSysutil warning: cellSysutilGetSystemParamInt: CELL_SYSUTIL_SYSTEMPARAM_ID_SUMMERTIME
HLE: W {PPU[1] Thread (CPUThread)[0x010f809c]} sys_time warning: sys_time_get_timezone(timezone_addr=0xd000fa70, summertime_addr=0xd000fa74)
HLE: W {PPU[1] Thread (CPUThread)[0x010f809c]} cellSysutil warning: cellSysutilGetSystemParamInt: CELL_SYSUTIL_SYSTEMPARAM_ID_TIMEZONE
HLE: W {PPU[1] Thread (CPUThread)[0x010f809c]} cellSysutil warning: cellSysutilGetSystemParamInt: CELL_SYSUTIL_SYSTEMPARAM_ID_SUMMERTIME
HLE: W {PPU[1] Thread (CPUThread)[0x010f0e3c]} sys_time warning: sys_time_get_timezone(timezone_addr=0xd000fb20, summertime_addr=0xd000fb24)
HLE: W {PPU[1] Thread (CPUThread)[0x010f0e3c]} cellSysutil warning: cellSysutilGetSystemParamInt: CELL_SYSUTIL_SYSTEMPARAM_ID_TIMEZONE
HLE: W {PPU[1] Thread (CPUThread)[0x010f0e3c]} cellSysutil warning: cellSysutilGetSystemParamInt: CELL_SYSUTIL_SYSTEMPARAM_ID_SUMMERTIME
HLE: W {PPU[1] Thread (CPUThread)[0x010f2908]} sys_time warning: sys_time_get_timezone(timezone_addr=0xd000fb20, summertime_addr=0xd000fb24)
HLE: W {PPU[1] Thread (CPUThread)[0x010f2908]} cellSysutil warning: cellSysutilGetSystemParamInt: CELL_SYSUTIL_SYSTEMPARAM_ID_TIMEZONE
HLE: W {PPU[1] Thread (CPUThread)[0x010f2908]} cellSysutil warning: cellSysutilGetSystemParamInt: CELL_SYSUTIL_SYSTEMPARAM_ID_SUMMERTIME
HLE: W {PPU[1] Thread (CPUThread)[0x01efa058]} sys_lwmutex warning: *** lwmutex created [ps3HDDL] (attribute=0x12): sq_id = 16
HLE: W {PPU[1] Thread (CPUThread)[0x01efa058]} sys_lwmutex warning: *** lwmutex created [] (attribute=0x12): sq_id = 17
HLE: W {PPU[1] Thread (CPUThread)[0x0092febc]} sys_memory warning: sys_memory_get_user_memory_size(mem_info_addr=0xd000eb34)
HLE: W {PPU[1] Thread (CPUThread)[0x0092fefc]} sys_memory warning: sys_memory_get_user_memory_size(mem_info_addr=0xd000eb34)
HLE: W {PPU[1] Thread (CPUThread)[0x01efa058]} sys_lwmutex warning: *** lwmutex created [] (attribute=0x12): sq_id = 18
HLE: W {PPU[1] Thread (CPUThread)[0x01efa058]} sys_lwmutex warning: *** lwmutex created [] (attribute=0x12): sq_id = 19
HLE: W {PPU[1] Thread (CPUThread)[0x01efa058]} sys_lwmutex warning: *** lwmutex created [] (attribute=0x12): sq_id = 20
HLE: W {PPU[1] Thread (CPUThread)[0x01efa058]} sys_lwmutex warning: *** lwmutex created [] (attribute=0x12): sq_id = 21
HLE: W {PPU[1] Thread (CPUThread)[0x01efa058]} sys_lwmutex warning: *** lwmutex created [] (attribute=0x12): sq_id = 22
HLE: W {PPU[1] Thread (CPUThread)[0x01efa058]} sys_lwmutex warning: *** lwmutex created [ps3HDDL] (attribute=0x12): sq_id = 23
HLE: W {PPU[1] Thread (CPUThread)[0x01efa058]} sys_lwmutex warning: *** lwmutex created [] (attribute=0x12): sq_id = 24
HLE: W {PPU[1] Thread (CPUThread)[0x01efa058]} sys_lwmutex warning: *** lwmutex created [] (attribute=0x12): sq_id = 25
HLE: W {PPU[1] Thread (CPUThread)[0x01efa058]} sys_lwmutex warning: *** lwmutex created [] (attribute=0x12): sq_id = 26
HLE: W {PPU[1] Thread (CPUThread)[0x01efa058]} sys_lwmutex warning: *** lwmutex created [] (attribute=0x12): sq_id = 27
HLE: W {PPU[1] Thread (CPUThread)[0x01efa058]} sys_lwmutex warning: *** lwmutex created [] (attribute=0x12): sq_id = 28
HLE: W {PPU[1] Thread (CPUThread)[0x01efa058]} sys_lwmutex warning: *** lwmutex created [] (attribute=0x12): sq_id = 29
HLE: W {PPU[1] Thread (CPUThread)[0x01efa058]} sys_lwmutex warning: *** lwmutex created [] (attribute=0x12): sq_id = 30
HLE: W {PPU[1] Thread (CPUThread)[0x01c6f010]} cellSysmodule warning: cellSysmoduleLoadModule(CELL_SYSMODULE_FS)
HLE: W {PPU[1] Thread (CPUThread)[0x01c6f010]} cellSysmodule warning: cellSysmoduleLoadModule(CELL_SYSMODULE_SPURS)
HLE: W {PPU[1] Thread (CPUThread)[0x01c6f010]} cellSysmodule warning: cellSysmoduleLoadModule(CELL_SYSMODULE_SYSUTIL)
HLE: W {PPU[1] Thread (CPUThread)[0x01c6f010]} cellSysmodule warning: cellSysmoduleLoadModule(CELL_SYSMODULE_RTC)
HLE: W {PPU[1] Thread (CPUThread)[0x01c6f010]} cellSysmodule warning: cellSysmoduleLoadModule(CELL_SYSMODULE_GCM_SYS)
HLE: W {PPU[1] Thread (CPUThread)[0x01c6f010]} cellSysmodule warning: cellSysmoduleLoadModule(CELL_SYSMODULE_AUDIO)
HLE: W {PPU[1] Thread (CPUThread)[0x01c6f010]} cellSysmodule warning: cellSysmoduleLoadModule(CELL_SYSMODULE_IO)
HLE: W {PPU[1] Thread (CPUThread)[0x01c6f010]} cellSysmodule warning: cellSysmoduleLoadModule(CELL_SYSMODULE_SYSUTIL_SAVEDATA)
HLE: W {PPU[1] Thread (CPUThread)[0x01c6f010]} cellSysmodule warning: cellSysmoduleLoadModule(CELL_SYSMODULE_SYSUTIL_GAME)
HLE: W {PPU[1] Thread (CPUThread)[0x01c6f010]} cellSysmodule warning: cellSysmoduleLoadModule(CELL_SYSMODULE_SYSUTIL_NP)
HLE: W {PPU[1] Thread (CPUThread)[0x01c6f010]} cellSysmodule warning: cellSysmoduleLoadModule(CELL_SYSMODULE_SYSUTIL_NP_TROPHY)
HLE: W {PPU[1] Thread (CPUThread)[0x0093b6fc]} sys_memory warning: sys_memory_get_user_memory_size(mem_info_addr=0xd000f9ec)
HLE: W {PPU[1] Thread (CPUThread)[0x01ef2040]} cellGame warning: cellGameBootCheck(type_addr=0xd000f450, attributes_addr=0xd000f454, size_addr=0xd000f458, dirName_addr=0x0)
HLE: W {PPU[1] Thread (CPUThread)[0x01ef2004]} cellGame warning: cellGameGetParamString(id=100, buf_addr=0x1dee7d4, bufsize=10)
HLE: W {PPU[1] Thread (CPUThread)[0x01ef201c]} cellGame warning: cellGameContentPermit(contentInfoPath_addr=0xd000f468, usrdirPath_addr=0xd000f4e8)
HLE: W {PPU[1] Thread (CPUThread)[0x009100e8]} sys_mmapper warning: sys_mmapper_allocate_address(size=0x10000000, flags=0x40f, alignment=0x10000000, alloc_addr=0x30050a90)
HLE: W {PPU[1] Thread (CPUThread)[0x009100e8]} sys_mmapper warning: sys_mmapper_allocate_address(size=0x10000000, flags=0x40f, alignment=0x10000000, alloc_addr=0x30050ed0)
HLE: W {PPU[1] Thread (CPUThread)[0x01ef8118]} cellGcmSys warning: cellGcmInitDefaultFifoMode(mode=1)
HLE: W {PPU[1] Thread (CPUThread)[0x01ef8028]} cellGcmSys warning: _cellGcmInitBody(context_addr=0x1e50f38, cmdSize=0x2ff000, ioSize=0x300000, ioAddress=0x30100000)
HLE: W {PPU[1] Thread (CPUThread)[0x01ef8028]} cellGcmSys warning: *** local memory(addr=0xc0000000, size=0xf900000)
HLE: W {PPU[1] Thread (CPUThread)[0x01ef8028]} cellGcmSys warning: cellGcmInit(): 256MB io address space used
HLE: W {PPU[1] Thread (CPUThread)[0x01ef8028]} cellGcmSys warning: cellGcmMapEaIoAddress(ea=0x30100000, io=0x0, size=0x300000)
RSX: ! {RSXThread} RSX thread started
HLE: W {PPU[1] Thread (CPUThread)[0x01c6b088]} cellSysutil warning: cellVideoOutGetNumberOfDevice(videoOut=0)
HLE: W {PPU[1] Thread (CPUThread)[0x01c6b034]} cellSysutil warning: cellVideoOutGetDeviceInfo(videoOut=0, deviceIndex=0, info_addr=0xd000f2dc)
HLE: W {PPU[1] Thread (CPUThread)[0x01c6b100]} cellSysutil warning: cellVideoOutGetResolutionAvailability(videoOut=0, resolutionId=0x0, option_addr=0x0, aspect=0x0, option=0x4ce40da0)
HLE: W {PPU[1] Thread (CPUThread)[0x01c6b010]} cellSysutil warning: cellVideoOutConfigure(videoOut=0, config_addr=0xd000f1f0, option_addr=0x0, waitForEvent=0x0)
HLE: W {PPU[1] Thread (CPUThread)[0x01ef8070]} cellGcmSys warning: cellGcmSetFlipMode(mode=1)
HLE: W {PPU[1] Thread (CPUThread)[0x01ef80f4]} cellGcmSys warning: cellGcmSetVBlankHandler(handler_addr=0x1cb4c68)
HLE: W {PPU[1] Thread (CPUThread)[0x01ef80c4]} cellGcmSys warning: cellGcmSetFlipHandler(handler_addr=30100576)
HLE: W {PPU[1] Thread (CPUThread)[0x01ef8010]} cellGcmSys warning: cellGcmSetUserHandler(handler_addr=0x1cb4c70)
HLE: E {PPU[1] Thread (CPUThread)[0x01ef8124]} cellGcmSys TODO: cellGcmSetGraphicsHandler
HLE: W {PPU[1] Thread (CPUThread)[0x01efa118]} sys_mmapper warning: sys_mmapper_allocate_memory(size=0x100000, flags=0x400, mem_id_addr=0xd000efe4)
HLE: W {PPU[1] Thread (CPUThread)[0x01efa13c]} sys_mmapper warning: sys_mmapper_map_memory(start_addr=0x0, mem_id=0x1f, flags=0x40000)
HLE: E {PPU[1] Thread (CPUThread)[0x01efa13c]} sys_mmapper error: sys_mmapper_map_memory failed!
HLE: W {PPU[1] Thread (CPUThread)[0x01efa118]} sys_mmapper warning: sys_mmapper_allocate_memory(size=0x100000, flags=0x400, mem_id_addr=0xd000efe4)
HLE: W {PPU[1] Thread (CPUThread)[0x01efa13c]} sys_mmapper warning: sys_mmapper_map_memory(start_addr=0x100000, mem_id=0x20, flags=0x40000)
HLE: E {PPU[1] Thread (CPUThread)[0x01efa13c]} sys_mmapper error: sys_mmapper_map_memory failed!
HLE: W {PPU[1] Thread (CPUThread)[0x01efa118]} sys_mmapper warning: sys_mmapper_allocate_memory(size=0x100000, flags=0x400, mem_id_addr=0xd000efe4)
HLE: W {PPU[1] Thread (CPUThread)[0x01efa13c]} sys_mmapper warning: sys_mmapper_map_memory(start_addr=0x200000, mem_id=0x21, flags=0x40000)
HLE: E {PPU[1] Thread (CPUThread)[0x01efa13c]} sys_mmapper error: sys_mmapper_map_memory failed!
HLE: W {PPU[1] Thread (CPUThread)[0x01efa118]} sys_mmapper warning: sys_mmapper_allocate_memory(size=0x100000, flags=0x400, mem_id_addr=0xd000efe4)
HLE: W {PPU[1] Thread (CPUThread)[0x01efa13c]} sys_mmapper warning: sys_mmapper_map_memory(start_addr=0x300000, mem_id=0x22, flags=0x40000)
HLE: E {PPU[1] Thread (CPUThread)[0x01efa13c]} sys_mmapper error: sys_mmapper_map_memory failed!
HLE: W {PPU[1] Thread (CPUThread)[0x01efa118]} sys_mmapper warning: sys_mmapper_allocate_memory(size=0x100000, flags=0x400, mem_id_addr=0xd000efe4)
HLE: W {PPU[1] Thread (CPUThread)[0x01efa13c]} sys_mmapper warning: sys_mmapper_map_memory(start_addr=0x400000, mem_id=0x23, flags=0x40000)
HLE: E {PPU[1] Thread (CPUThread)[0x01efa13c]} sys_mmapper error: sys_mmapper_map_memory failed!
HLE: W {PPU[1] Thread (CPUThread)[0x01efa118]} sys_mmapper warning: sys_mmapper_allocate_memory(size=0x100000, flags=0x400, mem_id_addr=0xd000efe4)
HLE: W {PPU[1] Thread (CPUThread)[0x01efa13c]} sys_mmapper warning: sys_mmapper_map_memory(start_addr=0x500000, mem_id=0x24, flags=0x40000)
HLE: E {PPU[1] Thread (CPUThread)[0x01efa13c]} sys_mmapper error: sys_mmapper_map_memory failed!
HLE: W {PPU[1] Thread (CPUThread)[0x01efa118]} sys_mmapper warning: sys_mmapper_allocate_memory(size=0x100000, flags=0x400, mem_id_addr=0xd000efe4)
HLE: W {PPU[1] Thread (CPUThread)[0x01efa13c]} sys_mmapper warning: sys_mmapper_map_memory(start_addr=0x600000, mem_id=0x25, flags=0x40000)
HLE: E {PPU[1] Thread (CPUThread)[0x01efa13c]} sys_mmapper error: sys_mmapper_map_memory failed!
HLE: W {PPU[1] Thread (CPUThread)[0x01efa118]} sys_mmapper warning: sys_mmapper_allocate_memory(size=0x100000, flags=0x400, mem_id_addr=0xd000efe4)
HLE: W {PPU[1] Thread (CPUThread)[0x01efa13c]} sys_mmapper warning: sys_mmapper_map_memory(start_addr=0x700000, mem_id=0x26, flags=0x40000)
HLE: E {PPU[1] Thread (CPUThread)[0x01efa13c]} sys_mmapper error: sys_mmapper_map_memory failed!
HLE: W {PPU[1] Thread (CPUThread)[0x01efa118]} sys_mmapper warning: sys_mmapper_allocate_memory(size=0x100000, flags=0x400, mem_id_addr=0xd000efe4)
HLE: W {PPU[1] Thread (CPUThread)[0x01efa13c]} sys_mmapper warning: sys_mmapper_map_memory(start_addr=0x800000, mem_id=0x27, flags=0x40000)
HLE: E {PPU[1] Thread (CPUThread)[0x01efa13c]} sys_mmapper error: sys_mmapper_map_memory failed!
HLE: W {PPU[1] Thread (CPUThread)[0x01efa118]} sys_mmapper warning: sys_mmapper_allocate_memory(size=0x100000, flags=0x400, mem_id_addr=0xd000efe4)
HLE: W {PPU[1] Thread (CPUThread)[0x01efa13c]} sys_mmapper warning: sys_mmapper_map_memory(start_addr=0x900000, mem_id=0x28, flags=0x40000)
HLE: E {PPU[1] Thread (CPUThread)[0x01efa13c]} sys_mmapper error: sys_mmapper_map_memory failed!
HLE: W {PPU[1] Thread (CPUThread)[0x01ef80b8]} cellGcmSys warning: cellGcmMapMainMemory(ea=0x0,size=0xa00000,offset_addr=0xd000efe0)
G: E {PPU[1] Thread (CPUThread)[0x0090ddf8]} Exception: Access violation: addr = 0xfa0 (is_alive=1, last_syscall=0x0 (Unknown func id: 0x00000000))
RSX: W {VBlank thread} VBlank thread aborted
RSX: W {RSXThread} RSX thread aborted
HLE: ! All threads stopped...
MEM: ! Closing memory...
