HLE: ! path: /dev_hdd0/game/
HLE: W No pause.bin found, Auto Pause will not work.
HLE: W No pause.bin found, Auto Pause will not work.
LDR: ! Loading 'D:\Emulateurs\Rpcs3\dev_hdd0\game\BLES01593-[Atelier MeruruThe Apprentice of Arland]/PS3_GAME/USRDIR/BOOT.BIN'...
LDR: !  
LDR: ! Mount info:
LDR: ! /dev_hdd0/ -> ./dev_hdd0/
LDR: ! /dev_hdd1/ -> ./dev_hdd1/
LDR: ! /dev_flash/ -> ./dev_flash/
LDR: ! /dev_usb000/ -> ./dev_usb000/
LDR: ! /dev_usb/ -> ./dev_usb000/
LDR: ! /app_home/ -> D:\Emulateurs\Rpcs3\dev_hdd0\game\BLES01593-[Atelier MeruruThe Apprentice of Arland]/PS3_GAME/
LDR: ! /dev_bdvd/ -> D:\Emulateurs\Rpcs3\dev_hdd0\game\BLES01593-[Atelier MeruruThe Apprentice of Arland]/PS3_GAME//../
LDR: ! /host_root/ -> 
LDR: ! /app_home/PS3_GAME/USRDIR/ -> D:\Emulateurs\Rpcs3\dev_hdd0\game\BLES01593-[Atelier MeruruThe Apprentice of Arland]/PS3_GAME//USRDIR/
LDR: ! /dev_flash2/ -> ./dev_flash2/
LDR: ! /app_home/Game/PS3_GAME/USRDIR/ -> D:\Emulateurs\Rpcs3\dev_hdd0\game\BLES01593-[Atelier MeruruThe Apprentice of Arland]/PS3_GAME//USRDIR/
LDR: ! //dev_hdd0/ -> ./dev_hdd0/
LDR: ! / -> D:\Emulateurs\Rpcs3\dev_hdd0\game\BLES01593-[Atelier MeruruThe Apprentice of Arland]/PS3_GAME//USRDIR/
LDR: !  
LDR: ! Title: Atelier Meruru
The Apprentice of Arland
LDR: ! Serial: BLES01593
LDR: !  
MEM: ! Initializing memory: m_base_addr = 0xab80000000
MEM: ! Memory initialized.
LDR: ! Imported function 'cellVideoOutConfigure' in 'cellSysutil' module
LDR: ! Imported function 'cellSysutilCheckCallback' in 'cellSysutil' module
LDR: ! Imported function 'cellSaveDataListLoad2' in 'cellSysutil' module
LDR: ! Imported function 'cellMsgDialogClose' in 'cellSysutil' module
LDR: ! Imported function 'cellSaveDataListAutoLoad' in 'cellSysutil' module
LDR: ! Imported function 'cellSaveDataFixedLoad2' in 'cellSysutil' module
LDR: ! Imported function 'cellSaveDataFixedSave2' in 'cellSysutil' module
LDR: ! Imported function 'cellSaveDataListSave2' in 'cellSysutil' module
LDR: ! Imported function 'cellAudioOutConfigure' in 'cellSysutil' module
LDR: ! Imported function 'cellSaveDataListAutoSave' in 'cellSysutil' module
LDR: ! Imported function 'cellMsgDialogAbort' in 'cellSysutil' module
LDR: ! Imported function 'cellMsgDialogOpen2' in 'cellSysutil' module
LDR: ! Imported function 'cellAudioOutGetDeviceInfo' in 'cellSysutil' module
LDR: ! Imported function 'cellMsgDialogProgressBarReset' in 'cellSysutil' module
LDR: ! Imported function 'cellVideoOutGetState' in 'cellSysutil' module
LDR: ! Imported function 'cellSaveDataAutoSave2' in 'cellSysutil' module
LDR: W Unimplemented function 'cellSaveDataUserFixedDelete' in 'cellSysutil' module
LDR: ! Imported function 'cellMsgDialogProgressBarInc' in 'cellSysutil' module
LDR: ! Imported function 'cellMsgDialogProgressBarSetMsg' in 'cellSysutil' module
LDR: ! Imported function 'cellSysutilRegisterCallback' in 'cellSysutil' module
LDR: ! Imported function 'cellVideoOutGetResolutionAvailability' in 'cellSysutil' module
LDR: ! Imported function 'cellVideoOutGetResolution' in 'cellSysutil' module
LDR: W Unimplemented function 'cellSaveDataDelete2' in 'cellSysutil' module
LDR: ! Imported function 'cellAudioOutGetState' in 'cellSysutil' module
LDR: ! Imported function 'cellSaveDataAutoLoad2' in 'cellSysutil' module
LDR: ! Imported function 'cellAudioOutGetSoundAvailability' in 'cellSysutil' module
LDR: ! Imported function 'cellAudioOutGetNumberOfDevice' in 'cellSysutil' module
LDR: ! Imported function 'cellAudioOutGetConfiguration' in 'cellSysutil' module
LDR: ! Imported function 'cellGcmGetTiledPitchSize' in 'cellGcmSys' module
LDR: ! Imported function 'cellGcmSetUserHandler' in 'cellGcmSys' module
LDR: ! Imported function '_cellGcmInitBody' in 'cellGcmSys' module
LDR: ! Imported function 'cellGcmAddressToOffset' in 'cellGcmSys' module
LDR: ! Imported function 'cellGcmGetOffsetTable' in 'cellGcmSys' module
LDR: ! Imported function '_cellGcmFunc15' in 'cellGcmSys' module
LDR: ! Imported function 'cellGcmBindTile' in 'cellGcmSys' module
LDR: ! Imported function 'cellGcmSetFlipMode' in 'cellGcmSys' module
LDR: ! Imported function 'cellGcmGetDefaultCommandWordSize' in 'cellGcmSys' module
LDR: ! Imported function 'cellGcmMapEaIoAddressWithFlags' in 'cellGcmSys' module
LDR: ! Imported function 'cellGcmGetLastFlipTime' in 'cellGcmSys' module
LDR: ! Imported function 'cellGcmMapEaIoAddress' in 'cellGcmSys' module
LDR: ! Imported function 'cellGcmGetReportDataAddressLocation' in 'cellGcmSys' module
LDR: ! Imported function 'cellGcmGetDefaultSegmentWordSize' in 'cellGcmSys' module
LDR: ! Imported function 'cellGcmSetDefaultFifoSize' in 'cellGcmSys' module
LDR: ! Imported function 'cellGcmBindZcull' in 'cellGcmSys' module
LDR: ! Imported function 'cellGcmSetDisplayBuffer' in 'cellGcmSys' module
LDR: ! Imported function 'cellGcmGetControlRegister' in 'cellGcmSys' module
LDR: ! Imported function 'cellGcmUnbindZcull' in 'cellGcmSys' module
LDR: ! Imported function 'cellGcmSetVBlankHandler' in 'cellGcmSys' module
LDR: ! Imported function 'cellGcmSetFlipImmediate' in 'cellGcmSys' module
LDR: ! Imported function 'cellGcmSetTileInfo' in 'cellGcmSys' module
LDR: ! Imported function 'cellGcmUnbindTile' in 'cellGcmSys' module
LDR: ! Imported function 'cellGcmGetConfiguration' in 'cellGcmSys' module
LDR: ! Imported function 'cellGcmUnmapEaIoAddress' in 'cellGcmSys' module
LDR: ! Imported function 'cellGcmGetLabelAddress' in 'cellGcmSys' module
LDR: ! Imported function 'cellRescGcmSurface2RescSrc' in 'cellResc' module
LDR: ! Imported function 'cellRescSetWaitFlip' in 'cellResc' module
LDR: ! Imported function 'cellRescSetDsts' in 'cellResc' module
LDR: ! Imported function 'cellRescResetFlipStatus' in 'cellResc' module
LDR: ! Imported function 'cellRescAdjustAspectRatio' in 'cellResc' module
LDR: ! Imported function 'cellRescSetDisplayMode' in 'cellResc' module
LDR: ! Imported function 'cellRescSetConvertAndFlip' in 'cellResc' module
LDR: ! Imported function 'cellRescInit' in 'cellResc' module
LDR: ! Imported function 'cellRescGetBufferSize' in 'cellResc' module
LDR: ! Imported function 'cellRescSetSrc' in 'cellResc' module
LDR: ! Imported function 'cellRescSetBufferAddress' in 'cellResc' module
LDR: ! Imported function 'cellRescGetFlipStatus' in 'cellResc' module
LDR: ! Imported function 'cellRescVideoOutResolutionId2RescBufferMode' in 'cellResc' module
LDR: ! Imported function 'cellRescCreateInterlaceTable' in 'cellResc' module
LDR: ! Imported function 'cellPadClearBuf' in 'sys_io' module
LDR: ! Imported function 'cellPadInit' in 'sys_io' module
LDR: ! Imported function 'cellKbClearBuf' in 'sys_io' module
LDR: ! Imported function 'cellKbGetInfo' in 'sys_io' module
LDR: ! Imported function 'cellMouseGetData' in 'sys_io' module
LDR: ! Imported function 'cellMouseClearBuf' in 'sys_io' module
LDR: ! Imported function 'cellKbInit' in 'sys_io' module
LDR: ! Imported function 'cellPadEnd' in 'sys_io' module
LDR: ! Imported function 'cellPadSetPortSetting' in 'sys_io' module
LDR: ! Imported function 'cellMouseGetInfo' in 'sys_io' module
LDR: ! Imported function 'cellPadGetData' in 'sys_io' module
LDR: ! Imported function 'cellKbSetCodeType' in 'sys_io' module
LDR: ! Imported function 'cellPadGetInfo2' in 'sys_io' module
LDR: ! Imported function 'cellKbEnd' in 'sys_io' module
LDR: ! Imported function 'cellMouseInit' in 'sys_io' module
LDR: ! Imported function 'cellKbSetReadMode' in 'sys_io' module
LDR: ! Imported function 'cellMouseEnd' in 'sys_io' module
LDR: ! Imported function 'cellPadSetActDirect' in 'sys_io' module
LDR: ! Imported function 'cellKbRead' in 'sys_io' module
LDR: ! Imported function 'cellFsStReadInit' in 'sys_fs' module
LDR: ! Imported function 'cellFsStRead' in 'sys_fs' module
LDR: ! Imported function 'cellFsClose' in 'sys_fs' module
LDR: ! Imported function 'cellFsRead' in 'sys_fs' module
LDR: ! Imported function 'cellFsOpen' in 'sys_fs' module
LDR: ! Imported function 'cellFsStat' in 'sys_fs' module
LDR: ! Imported function 'cellFsStReadStart' in 'sys_fs' module
LDR: ! Imported function 'cellFsLseek' in 'sys_fs' module
LDR: ! Imported function 'cellFsMkdir' in 'sys_fs' module
LDR: ! Imported function 'cellFsStReadFinish' in 'sys_fs' module
LDR: ! Imported function 'cellFsWrite' in 'sys_fs' module
LDR: ! Imported function 'cellFsFstat' in 'sys_fs' module
LDR: ! Imported function 'cellFsStReadStop' in 'sys_fs' module
LDR: ! Imported function 'cellFsOpendir' in 'sys_fs' module
LDR: ! Imported function 'cellFsReaddir' in 'sys_fs' module
LDR: ! Imported function 'cellFsClosedir' in 'sys_fs' module
LDR: ! Imported function 'cellSysmoduleUnloadModule' in 'cellSysmodule' module
LDR: ! Imported function 'cellSysmoduleLoadModule' in 'cellSysmodule' module
LDR: ! Imported function 'cellSysmoduleInitialize' in 'cellSysmodule' module
LDR: ! Imported function 'cellSysmoduleFinalize' in 'cellSysmodule' module
LDR: ! Imported function 'cellSysmoduleIsLoaded' in 'cellSysmodule' module
LDR: ! Imported function 'cellSpursEventFlagWait' in 'cellSpurs' module
LDR: ! Imported function 'cellSpursDetachLv2EventQueue' in 'cellSpurs' module
LDR: ! Imported function 'cellSpursRemoveWorkload' in 'cellSpurs' module
LDR: ! Imported function 'cellSpursWaitForWorkloadShutdown' in 'cellSpurs' module
LDR: ! Imported function 'cellSpursAddWorkload' in 'cellSpurs' module
LDR: ! Imported function 'cellSpursWakeUp' in 'cellSpurs' module
LDR: ! Imported function 'cellSpursShutdownWorkload' in 'cellSpurs' module
LDR: ! Imported function '_cellSpursWorkloadFlagReceiver' in 'cellSpurs' module
LDR: ! Imported function 'cellSpursInitialize' in 'cellSpurs' module
LDR: ! Imported function 'cellSpursAttachLv2EventQueue' in 'cellSpurs' module
LDR: ! Imported function 'cellSpursGetWorkloadFlag' in 'cellSpurs' module
LDR: ! Imported function 'cellSpursFinalize' in 'cellSpurs' module
LDR: ! Imported function 'cellSpursReadyCountStore' in 'cellSpurs' module
LDR: ! Imported function 'cellSpursEventFlagDetachLv2EventQueue' in 'cellSpurs' module
LDR: ! Imported function 'cellSpursCreateTaskset' in 'cellSpurs' module
LDR: ! Imported function '_cellSpursEventFlagInitialize' in 'cellSpurs' module
LDR: ! Imported function 'cellSpursEventFlagAttachLv2EventQueue' in 'cellSpurs' module
LDR: ! Imported function 'cellSpursJoinTaskset' in 'cellSpurs' module
LDR: ! Imported function 'cellSpursShutdownTaskset' in 'cellSpurs' module
LDR: ! Imported function 'cellSpursCreateTask' in 'cellSpurs' module
LDR: ! Imported function '_cellSpursSendSignal' in 'cellSpurs' module
LDR: ! Imported function 'cellSpursDestroyTaskset2' in 'cellSpurs' module
LDR: ! Imported function 'cellSpursCreateTaskset2' in 'cellSpurs' module
LDR: ! Imported function 'cellSpursTryJoinTask2' in 'cellSpurs' module
LDR: ! Imported function 'cellSpursJoinTask2' in 'cellSpurs' module
LDR: ! Imported function '_cellSpursTasksetAttribute2Initialize' in 'cellSpurs' module
LDR: ! Imported function 'cellSpursCreateTask2' in 'cellSpurs' module
LDR: ! Imported function 'cellNetCtlGetInfo' in 'cellNetCtl' module
LDR: ! Imported function 'cellNetCtlTerm' in 'cellNetCtl' module
LDR: ! Imported function 'cellNetCtlGetState' in 'cellNetCtl' module
LDR: ! Imported function 'cellNetCtlInit' in 'cellNetCtl' module
LDR: W Unimplemented function 'cellFontGetKerning' in 'cellFont' module
LDR: ! Imported function 'cellFontGetHorizontalLayout' in 'cellFont' module
LDR: ! Imported function 'cellFontGetRenderCharGlyphMetrics' in 'cellFont' module
LDR: ! Imported function 'cellFontBindRenderer' in 'cellFont' module
LDR: ! Imported function 'cellFontSetupRenderEffectSlant' in 'cellFont' module
LDR: ! Imported function 'cellFontRenderCharGlyphImage' in 'cellFont' module
LDR: ! Imported function 'cellFontRenderSurfaceInit' in 'cellFont' module
LDR: ! Imported function 'cellFontGetFontIdCode' in 'cellFont' module
LDR: W Unimplemented function 'cellFontGetRenderEffectSlant' in 'cellFont' module
LDR: ! Imported function 'cellFontUnbindRenderer' in 'cellFont' module
LDR: ! Imported function 'cellFontCreateRenderer' in 'cellFont' module
LDR: ! Imported function 'cellFontOpenFontsetOnMemory' in 'cellFont' module
LDR: ! Imported function 'cellFontDestroyRenderer' in 'cellFont' module
LDR: ! Imported function 'cellFontSetScalePixel' in 'cellFont' module
LDR: ! Imported function 'cellFontEndLibrary' in 'cellFont' module
LDR: ! Imported function 'cellFontEnd' in 'cellFont' module
LDR: ! Imported function 'cellFontOpenFontMemory' in 'cellFont' module
LDR: ! Imported function 'cellFontCloseFont' in 'cellFont' module
LDR: ! Imported function 'cellFontInitializeWithRevision' in 'cellFont' module
LDR: ! Imported function 'cellGameCreateGameData' in 'cellGame' module
LDR: ! Imported function 'cellGameContentPermit' in 'cellGame' module
LDR: ! Imported function 'cellGamePatchCheck' in 'cellGame' module
LDR: ! Imported function 'cellGameDataCheck' in 'cellGame' module
LDR: ! Imported function 'cellGameBootCheck' in 'cellGame' module
LDR: W Unknown module 'cellSysutilAvconfExt'
LDR: ! Imported function 'cellVideoOutGetScreenSize' in 'cellSysutilAvconfExt' module
LDR: ! Imported function 'cellSyncMutexUnlock' in 'cellSync' module
LDR: ! Imported function 'cellSyncMutexInitialize' in 'cellSync' module
LDR: ! Imported function 'cellSyncMutexTryLock' in 'cellSync' module
LDR: ! Imported function 'cellAudioCreateNotifyEventQueue' in 'cellAudio' module
LDR: ! Imported function 'cellAudioInit' in 'cellAudio' module
LDR: ! Imported function 'cellAudioSetNotifyEventQueue' in 'cellAudio' module
LDR: ! Imported function 'cellAudioPortClose' in 'cellAudio' module
LDR: ! Imported function 'cellAudioPortStop' in 'cellAudio' module
LDR: ! Imported function 'cellAudioGetPortConfig' in 'cellAudio' module
LDR: ! Imported function 'cellAudioPortStart' in 'cellAudio' module
LDR: ! Imported function 'cellAudioQuit' in 'cellAudio' module
LDR: ! Imported function 'cellAudioPortOpen' in 'cellAudio' module
LDR: ! Imported function 'cellAudioGetPortTimestamp' in 'cellAudio' module
LDR: ! Imported function 'cellAudioGetPortBlockTag' in 'cellAudio' module
LDR: ! Imported function 'cellAudioRemoveNotifyEventQueue' in 'cellAudio' module
LDR: ! Imported function 'cellUserInfoGetStat' in 'cellUserInfo' module
LDR: ! Imported function 'cellUserInfoSelectUser_ListType' in 'cellUserInfo' module
LDR: ! Imported function 'sceNpTrophyRegisterContext' in 'sceNpTrophy' module
LDR: ! Imported function 'sceNpTrophyCreateHandle' in 'sceNpTrophy' module
LDR: ! Imported function 'sceNpTrophyGetRequiredDiskSpace' in 'sceNpTrophy' module
LDR: ! Imported function 'sceNpTrophyInit' in 'sceNpTrophy' module
LDR: ! Imported function 'sceNpTrophyAbortHandle' in 'sceNpTrophy' module
LDR: ! Imported function 'sceNpTrophyUnlockTrophy' in 'sceNpTrophy' module
LDR: ! Imported function 'sceNpTrophyCreateContext' in 'sceNpTrophy' module
LDR: ! Imported function 'sceNpDrmIsAvailable' in 'sceNp' module
LDR: ! Imported function 'sceNpInit' in 'sceNp' module
LDR: W Unimplemented function 'cellSpursJobQueueGetSpurs' in 'cellSpursJq' module
LDR: W Unimplemented function 'cellSpursJobQueueAttributeSetDoBusyWaiting' in 'cellSpursJq' module
LDR: W Unimplemented function 'cellSpursJobQueueAttributeSetSubmitWithEntryLock' in 'cellSpursJq' module
LDR: W Unimplemented function 'cellSpursJobQueueAttributeSetMaxSizeJobDescriptor' in 'cellSpursJq' module
LDR: W Unimplemented function 'cellSpursJobQueuePortFinalize' in 'cellSpursJq' module
LDR: W Unimplemented function 'cellSpursJobQueuePortInitialize' in 'cellSpursJq' module
LDR: W Unimplemented function 'cellSpursJobQueueAttributeInitialize' in 'cellSpursJq' module
LDR: W Unimplemented function '_cellSpursJobQueuePortPushBody' in 'cellSpursJq' module
LDR: W Unimplemented function 'cellSpursJobQueueAttributeSetIsJobTypeMemoryCheck' in 'cellSpursJq' module
LDR: W Unimplemented function 'cellSpursShutdownJobQueue' in 'cellSpursJq' module
LDR: W Unimplemented function 'cellSpursJoinJobQueue' in 'cellSpursJq' module
LDR: W Unimplemented function 'cellSpursJobQueuePortGetJobQueue' in 'cellSpursJq' module
LDR: W Unimplemented function 'cellSpursJobQueueAttributeSetGrabParameters' in 'cellSpursJq' module
LDR: W Unimplemented function '_cellSpursCreateJobQueue' in 'cellSpursJq' module
LDR: W Unimplemented function 'cellSpursJobQueueAttributeSetIsHaltOnError' in 'cellSpursJq' module
LDR: ! Imported function 'cellSailGraphicsAdapterGetFrame' in 'cellSail' module
LDR: ! Imported function 'cellSailFutureReset' in 'cellSail' module
LDR: ! Imported function 'cellSailPlayerSetSoundAdapter' in 'cellSail' module
LDR: ! Imported function 'cellSailPlayerFinalize' in 'cellSail' module
LDR: ! Imported function 'cellSailPlayerSetGraphicsAdapter' in 'cellSail' module
LDR: ! Imported function 'cellSailGraphicsAdapterInitialize' in 'cellSail' module
LDR: ! Imported function 'cellSailPlayerInitialize2' in 'cellSail' module
LDR: ! Imported function 'cellSailGraphicsAdapterSetPreferredFormat' in 'cellSail' module
LDR: ! Imported function 'cellSailMemAllocatorInitialize' in 'cellSail' module
LDR: ! Imported function 'cellSailPlayerOpenStream' in 'cellSail' module
LDR: ! Imported function 'cellSailFutureGet' in 'cellSail' module
LDR: ! Imported function 'cellSailSoundAdapterInitialize' in 'cellSail' module
LDR: ! Imported function 'cellSailGraphicsAdapterUpdateAvSync' in 'cellSail' module
LDR: ! Imported function 'cellSailFutureInitialize' in 'cellSail' module
LDR: ! Imported function 'cellSailGraphicsAdapterFinalize' in 'cellSail' module
LDR: ! Imported function 'cellSailPlayerAddDescriptor' in 'cellSail' module
LDR: ! Imported function 'cellSailSoundAdapterGetFrame' in 'cellSail' module
LDR: ! Imported function 'cellSailFutureFinalize' in 'cellSail' module
LDR: ! Imported function 'cellSailFutureSet' in 'cellSail' module
LDR: ! Imported function 'cellSailPlayerBoot' in 'cellSail' module
LDR: ! Imported function 'cellSailSoundAdapterFinalize' in 'cellSail' module
LDR: ! Imported function 'cellSailPlayerCreateDescriptor' in 'cellSail' module
LDR: ! Imported function 'cellSailPlayerStart' in 'cellSail' module
LDR: ! Imported function 'cellSailPlayerStop' in 'cellSail' module
LDR: ! Imported function 'cellSailSoundAdapterUpdateAvSync' in 'cellSail' module
LDR: ! Imported function 'cellSailSoundAdapterGetFormat' in 'cellSail' module
LDR: ! Imported function 'cellSailPlayerSetRepeatMode' in 'cellSail' module
LDR: ! Imported function 'cellSailPlayerDestroyDescriptor' in 'cellSail' module
LDR: ! Imported function 'cellSailGraphicsAdapterGetFormat' in 'cellSail' module
LDR: W Unimplemented function 'cellFiberPpuUtilWorkerControlRunFibers' in 'cellFiber' module
LDR: W Unimplemented function 'cellFiberPpuUtilWorkerControlSetPollingMode' in 'cellFiber' module
LDR: W Unimplemented function 'cellFiberPpuSelf' in 'cellFiber' module
LDR: W Unimplemented function '_cellFiberPpuUtilWorkerControlAttributeInitialize' in 'cellFiber' module
LDR: W Unimplemented function 'cellFiberPpuWaitSignal' in 'cellFiber' module
LDR: W Unimplemented function 'cellFiberPpuSendSignal' in 'cellFiber' module
LDR: W Unimplemented function 'cellFiberPpuUtilWorkerControlFinalize' in 'cellFiber' module
LDR: W Unimplemented function 'cellFiberPpuJoinFiber' in 'cellFiber' module
LDR: W Unimplemented function 'cellFiberPpuUtilWorkerControlWakeup' in 'cellFiber' module
LDR: W Unimplemented function 'cellFiberPpuUtilWorkerControlCreateFiber' in 'cellFiber' module
LDR: W Unimplemented function 'cellFiberPpuUtilWorkerControlShutdown' in 'cellFiber' module
LDR: W Unimplemented function '_cellFiberPpuAttributeInitialize' in 'cellFiber' module
LDR: W Unimplemented function 'cellFiberPpuUtilWorkerControlInitializeWithAttribute' in 'cellFiber' module
LDR: W Unimplemented function '_cellFiberPpuInitialize' in 'cellFiber' module
LDR: ! Imported function 'cellSync2SemaphoreRelease' in 'cellSync2' module
LDR: ! Imported function 'cellSync2SemaphoreFinalize' in 'cellSync2' module
LDR: ! Imported function '_cellSync2SemaphoreAttributeInitialize' in 'cellSync2' module
LDR: ! Imported function 'cellSync2SemaphoreInitialize' in 'cellSync2' module
LDR: ! Imported function 'cellSync2SemaphoreAcquire' in 'cellSync2' module
LDR: ! Imported function 'L10nConvertStr' in 'cellL10n' module
LDR: ! Imported function 'sys_lwmutex_lock' in 'sysPrxForUser' module
LDR: ! Imported function 'sys_lwmutex_unlock' in 'sysPrxForUser' module
LDR: ! Imported function 'sys_lwcond_destroy' in 'sysPrxForUser' module
LDR: ! Imported function 'sys_ppu_thread_create' in 'sysPrxForUser' module
LDR: ! Imported function 'sys_lwcond_wait' in 'sysPrxForUser' module
LDR: ! Imported function '_sys_process_atexitspawn' in 'sysPrxForUser' module
LDR: ! Imported function 'sys_lwmutex_create' in 'sysPrxForUser' module
LDR: ! Imported function 'sys_ppu_thread_get_id' in 'sysPrxForUser' module
LDR: ! Imported function '_sys_heap_malloc' in 'sysPrxForUser' module
LDR: ! Imported function 'sys_prx_register_library' in 'sysPrxForUser' module
LDR: ! Imported function '_sys_heap_memalign' in 'sysPrxForUser' module
LDR: ! Imported function 'sys_initialize_tls' in 'sysPrxForUser' module
LDR: ! Imported function 'sys_time_get_system_time' in 'sysPrxForUser' module
LDR: W Unimplemented function '_sys_heap_free' in 'sysPrxForUser' module
LDR: ! Imported function '_sys_process_at_Exitspawn' in 'sysPrxForUser' module
LDR: ! Imported function 'sys_prx_exitspawn_with_level' in 'sysPrxForUser' module
LDR: ! Imported function 'sys_lwmutex_trylock' in 'sysPrxForUser' module
LDR: W Unimplemented function '_sys_heap_delete_heap' in 'sysPrxForUser' module
LDR: ! Imported function 'sys_ppu_thread_exit' in 'sysPrxForUser' module
LDR: ! Imported function '_sys_heap_create_heap' in 'sysPrxForUser' module
LDR: ! Imported function 'sys_lwmutex_destroy' in 'sysPrxForUser' module
LDR: ! Imported function 'sys_lwcond_create' in 'sysPrxForUser' module
LDR: ! Imported function 'sys_spu_image_close' in 'sysPrxForUser' module
LDR: ! Imported function 'sys_process_exit' in 'sysPrxForUser' module
LDR: ! Imported function 'sys_lwcond_signal_all' in 'sysPrxForUser' module
LDR: ! Imported function 'sys_spu_image_import' in 'sysPrxForUser' module
LDR: ! Imported function 'sys_lwcond_signal' in 'sysPrxForUser' module
LDR: ! Imported function 'sys_net_initialize_network_ex' in 'sys_net' module
LDR: ! Imported function 'listen' in 'sys_net' module
LDR: W Unimplemented function 'socketselect' in 'sys_net' module
LDR: ! Imported function 'connect' in 'sys_net' module
LDR: ! Imported function 'socketclose' in 'sys_net' module
LDR: ! Imported function 'setsockopt' in 'sys_net' module
LDR: ! Imported function 'socket' in 'sys_net' module
LDR: ! Imported function 'bind' in 'sys_net' module
LDR: ! Imported function 'sys_net_show_ifconfig' in 'sys_net' module
LDR: ! Imported function 'sys_net_finalize_network' in 'sys_net' module
LDR: ! Imported function 'accept' in 'sys_net' module
LDR: ! Imported function 'inet_addr' in 'sys_net' module
LDR: ! Imported function 'send' in 'sys_net' module
LDR: ! Imported function 'recv' in 'sys_net' module
LDR: ! Imported function 'cellFontInitLibraryFreeTypeWithRevision' in 'cellFontFT' module
HLE: W {PPU[1] Thread (CPUThread)[0x0174404c]} sys_lwmutex warning: *** lwmutex created [_lc_mtx] (attribute=0x12): sq_id = 3
HLE: W {PPU[1] Thread (CPUThread)[0x0001f380]} sys_memory warning: sys_memory_get_user_memory_size(mem_info_addr=0xd0010c04)
HLE: W {PPU[1] Thread (CPUThread)[0x0174404c]} sys_lwmutex warning: *** lwmutex created [_lc_mtx] (attribute=0x12): sq_id = 4
HLE: W {PPU[1] Thread (CPUThread)[0x0174404c]} sys_lwmutex warning: *** lwmutex created [_lc_mtx] (attribute=0x12): sq_id = 5
HLE: W {PPU[1] Thread (CPUThread)[0x0174404c]} sys_lwmutex warning: *** lwmutex created [_lc_mtx] (attribute=0x12): sq_id = 6
HLE: W {PPU[1] Thread (CPUThread)[0x0174404c]} sys_lwmutex warning: *** lwmutex created [_lc_mtx] (attribute=0x12): sq_id = 7
HLE: W {PPU[1] Thread (CPUThread)[0x0174404c]} sys_lwmutex warning: *** lwmutex created [_lc_mtx] (attribute=0x12): sq_id = 8
HLE: W {PPU[1] Thread (CPUThread)[0x0174404c]} sys_lwmutex warning: *** lwmutex created [_lc_mtx] (attribute=0x12): sq_id = 9
HLE: W {PPU[1] Thread (CPUThread)[0x0174404c]} sys_lwmutex warning: *** lwmutex created [_lc_mtx] (attribute=0x12): sq_id = 10
HLE: W {PPU[1] Thread (CPUThread)[0x0174404c]} sys_lwmutex warning: *** lwmutex created [_lc_mtx] (attribute=0x12): sq_id = 11
HLE: W {PPU[1] Thread (CPUThread)[0x0174404c]} sys_lwmutex warning: *** lwmutex created [_lc_mtx] (attribute=0x12): sq_id = 12
HLE: W {PPU[1] Thread (CPUThread)[0x0174404c]} sys_lwmutex warning: *** lwmutex created [] (attribute=0x22): sq_id = 13
HLE: W {PPU[1] Thread (CPUThread)[0x002cde6c]} sys_mutex warning: *** mutex created [] (protocol=0x2, recursive=false): id = 14
HLE: W {PPU[1] Thread (CPUThread)[0x002cde6c]} sys_mutex warning: *** mutex created [] (protocol=0x2, recursive=false): id = 15
HLE: W {PPU[1] Thread (CPUThread)[0x002cde6c]} sys_mutex warning: *** mutex created [] (protocol=0x2, recursive=false): id = 16
HLE: W {PPU[1] Thread (CPUThread)[0x002cde6c]} sys_mutex warning: *** mutex created [] (protocol=0x2, recursive=false): id = 17
HLE: W {PPU[1] Thread (CPUThread)[0x002cde6c]} sys_mutex warning: *** mutex created [] (protocol=0x2, recursive=false): id = 18
HLE: W {PPU[1] Thread (CPUThread)[0x002cde6c]} sys_mutex warning: *** mutex created [] (protocol=0x2, recursive=false): id = 19
HLE: W {PPU[1] Thread (CPUThread)[0x002c8438]} sys_mutex warning: *** mutex created [] (protocol=0x2, recursive=false): id = 20
HLE: W {PPU[1] Thread (CPUThread)[0x003c7598]} sys_memory warning: sys_memory_get_user_memory_size(mem_info_addr=0xd000e630)
HLE: W {PPU[1] Thread (CPUThread)[0x003c7598]} sys_memory warning: sys_memory_get_user_memory_size(mem_info_addr=0xd000e630)
HLE: W {PPU[1] Thread (CPUThread)[0x003c7598]} sys_memory warning: sys_memory_get_user_memory_size(mem_info_addr=0xd000e630)
HLE: W {PPU[1] Thread (CPUThread)[0x003c7598]} sys_memory warning: sys_memory_get_user_memory_size(mem_info_addr=0xd000e630)
HLE: W {PPU[1] Thread (CPUThread)[0x003c74b0]} sys_memory warning: sys_memory_get_user_memory_size(mem_info_addr=0xd0010720)
HLE: W {PPU[1] Thread (CPUThread)[0x01724010]} cellSysmodule warning: cellSysmoduleLoadModule(CELL_SYSMODULE_SYSUTIL_NP)
HLE: W {PPU[1] Thread (CPUThread)[0x01724010]} cellSysmodule warning: cellSysmoduleLoadModule(CELL_SYSMODULE_SYSUTIL_SAVEDATA)
HLE: W {PPU[1] Thread (CPUThread)[0x01724010]} cellSysmodule warning: cellSysmoduleLoadModule(CELL_SYSMODULE_SYSUTIL_USERINFO)
HLE: W {PPU[1] Thread (CPUThread)[0x01724010]} cellSysmodule warning: cellSysmoduleLoadModule(CELL_SYSMODULE_PAMF)
HLE: W {PPU[1] Thread (CPUThread)[0x01724010]} cellSysmodule warning: cellSysmoduleLoadModule(CELL_SYSMODULE_SYNC2)
HLE: W {PPU[1] Thread (CPUThread)[0x00f4d0e8]} cellSysutil warning: cellSysutilRegisterCallback(slot=2, func_addr=0x1051088, userdata=0x0)
HLE: W {PPU[1] Thread (CPUThread)[0x01724010]} cellSysmodule warning: cellSysmoduleLoadModule(CELL_SYSMODULE_USBD)
HLE: W {PPU[1] Thread (CPUThread)[0x01724010]} cellSysmodule warning: cellSysmoduleLoadModule(CELL_SYSMODULE_NET)
HLE: W {PPU[1] Thread (CPUThread)[0x00f4d0e8]} cellSysutil warning: cellSysutilRegisterCallback(slot=0, func_addr=0x105d7c0, userdata=0x148f180)
HLE: W {PPU[1] Thread (CPUThread)[0x0059ba18]} sys_spu warning: sys_spu_initialize(max_usable_spu=6, max_raw_spu=0)
HLE: E {PPU[1] Thread (CPUThread)[0x0001b10c]} sys_fs error: "/app_home/sampleArg.txt" not found! flags: 0x00000000
HLE: W {PPU[1] Thread (CPUThread)[0x00f4f01c]} cellGcmSys warning: _cellGcmInitBody(context_addr=0x13f6464, cmdSize=0xf0000, ioSize=0x100000, ioAddress=0x3a200000)
HLE: W {PPU[1] Thread (CPUThread)[0x00f4f01c]} cellGcmSys warning: *** local memory(addr=0xc0000000, size=0xf900000)
HLE: W {PPU[1] Thread (CPUThread)[0x00f4f01c]} cellGcmSys warning: cellGcmInit(): 256MB io address space used
HLE: W {PPU[1] Thread (CPUThread)[0x00f4f01c]} cellGcmSys warning: cellGcmMapEaIoAddress(ea=0x3a200000, io=0x0, size=0x100000)
RSX: ! {RSXThread} RSX thread started
HLE: W {PPU[1] Thread (CPUThread)[0x00f4f0e8]} cellGcmSys warning: cellGcmSetVBlankHandler(handler_addr=0x105d7d0)
HLE: W {PPU[1] Thread (CPUThread)[0x00f4f010]} cellGcmSys warning: cellGcmSetUserHandler(handler_addr=0x105d7f0)
HLE: W {PPU[1] Thread (CPUThread)[0x00f4d0f4]} cellSysutil warning: cellVideoOutGetResolutionAvailability(videoOut=0, resolutionId=0x2, option_addr=0x2, aspect=0x0, option=0x72f720)
HLE: W {PPU[1] Thread (CPUThread)[0x00f4d004]} cellSysutil warning: cellVideoOutConfigure(videoOut=0, config_addr=0xd0010b38, option_addr=0x0, waitForEvent=0x0)
HLE: W {PPU[1] Thread (CPUThread)[0x00f4f058]} cellGcmSys warning: cellGcmSetFlipMode(mode=2)
HLE: W {PPU[1] Thread (CPUThread)[0x00f4f100]} cellGcmSys warning: cellGcmSetTileInfo(index=0, location=0, offset=0, size=7864320, pitch=5120, comp=7, base=0, bank=0)
HLE: E {PPU[1] Thread (CPUThread)[0x00f4f100]} cellGcmSys error: cellGcmSetTileInfo: bad compression mode! (7)
HLE: W {PPU[1] Thread (CPUThread)[0x00f4f04c]} cellGcmSys warning: cellGcmBindTile(index=0)
HLE: W {PPU[1] Thread (CPUThread)[0x00f4f100]} cellGcmSys warning: cellGcmSetTileInfo(index=1, location=0, offset=7864320, size=3932160, pitch=5120, comp=10, base=120, bank=2)
HLE: E {PPU[1] Thread (CPUThread)[0x00f4f100]} cellGcmSys error: cellGcmSetTileInfo: bad compression mode! (10)
HLE: W {PPU[1] Thread (CPUThread)[0x00f4f04c]} cellGcmSys warning: cellGcmBindTile(index=1)
HLE: W {PPU[1] Thread (CPUThread)[0x00f4f0b8]} cellGcmSys warning: cellGcmBindZcull(index=0)
HLE: W {PPU[1] Thread (CPUThread)[0x01724010]} cellSysmodule warning: cellSysmoduleLoadModule(CELL_SYSMODULE_RESC)
HLE: W {PPU[1] Thread (CPUThread)[0x0171e058]} cellResc warning: cellRescInit(initConfig_addr=0xd0010b70)
HLE: W {PPU[1] Thread (CPUThread)[0x0171e040]} cellResc warning: cellRescSetDisplayMode(displayMode=4)
HLE: W {PPU[1] Thread (CPUThread)[0x0171e040]} cellSysutil warning: cellVideoOutConfigure(videoOut=0, config_addr=0x30016000, option_addr=0x0, waitForEvent=0x0)
HLE: W {PPU[1] Thread (CPUThread)[0x0171e040]} cellGcmSys warning: cellGcmSetFlipMode(mode=2)
HLE: W {PPU[1] Thread (CPUThread)[0x0171e064]} cellResc warning: cellRescGetBufferSize(colorBuffers_addr=0xd0010ad4, vertexArray_addr=0xd0010ad8, fragmentShader_addr=0xd0010adc)
HLE: W {PPU[1] Thread (CPUThread)[0x0171e07c]} cellResc warning: cellRescSetBufferAddress(colorBuffers_addr=0xc0b40000, vertexArray_addr=0xc1c20000, fragmentShader_addr=0xc1c20400)
HLE: W {PPU[1] Thread (CPUThread)[0x00f4f100]} cellGcmSys warning: cellGcmSetTileInfo(index=2, location=0, offset=11796480, size=17694720, pitch=7680, comp=7, base=180, bank=0)
HLE: E {PPU[1] Thread (CPUThread)[0x00f4f100]} cellGcmSys error: cellGcmSetTileInfo: bad compression mode! (7)
HLE: W {PPU[1] Thread (CPUThread)[0x00f4f04c]} cellGcmSys warning: cellGcmBindTile(index=2)
HLE: W {PPU[1] Thread (CPUThread)[0x0171e0a0]} cellResc warning: cellRescCreateInterlaceTable(ea_addr=0xc1c20800, depth = 0, length = 1)
HLE: E {PPU[1] Thread (CPUThread)[0x0171e0a0]} cellResc error: cellRescCreateInterlaceTable : CELL_RESC_ERROR_NOT_INITIALIZED
HLE: W {PPU[1] Thread (CPUThread)[0x00f4f088]} cellGcmSys warning: cellGcmMapEaIoAddress(ea=0x3a300000, io=0xd100000, size=0xf00000)
HLE: W {PPU[1] Thread (CPUThread)[0x00f4f070]} cellGcmSys warning: cellGcmMapEaIoAddressWithFlags(ea=0x3b200000, io=0xe000000, size=0x100000, flags=0x2)
HLE: W {PPU[1] Thread (CPUThread)[0x00f4f070]} cellGcmSys warning: cellGcmMapEaIoAddress(ea=0x3b200000, io=0xe000000, size=0x100000)
HLE: W {PPU[1] Thread (CPUThread)[0x01720010]} sys_io warning: cellPadInit(max_connect=7)
HLE: W {PPU[1] Thread (CPUThread)[0x0172004c]} sys_io warning: cellKbInit(max_connect=7)
HLE: W {PPU[1] Thread (CPUThread)[0x017200ac]} sys_io warning: cellMouseInit(max_connect=7)
HLE: W {PPU[1] Thread (CPUThread)[0x01724010]} cellSysmodule warning: cellSysmoduleLoadModule(CELL_SYSMODULE_NET)
HLE: W {PPU[1] Thread (CPUThread)[0x01724010]} cellSysmodule warning: cellSysmoduleLoadModule(CELL_SYSMODULE_NETCTL)
HLE: W {PPU[1] Thread (CPUThread)[0x01724010]} cellSysmodule warning: cellSysmoduleLoadModule(CELL_SYSMODULE_RESC)
HLE: W {PPU[1] Thread (CPUThread)[0x01724010]} cellSysmodule warning: cellSysmoduleLoadModule(CELL_SYSMODULE_USBD)
HLE: W {PPU[1] Thread (CPUThread)[0x01724010]} cellSysmodule warning: cellSysmoduleLoadModule(CELL_SYSMODULE_FS)
HLE: W {PPU[1] Thread (CPUThread)[0x01724010]} cellSysmodule warning: cellSysmoduleLoadModule(CELL_SYSMODULE_SYSUTIL_GAME)
HLE: W {PPU[1] Thread (CPUThread)[0x01726064]} cellSpurs warning: cellSpursInitialize(spurs_addr=0x3b200400, nSpus=2, spuPriority=250, ppuPriority=-1, exitIfNoWork=0)
HLE: W {PPU[1] Thread (CPUThread)[0x0174404c]} sys_lwmutex warning: *** lwmutex created [] (attribute=0x22): sq_id = 21
HLE: W {PPU[1] Thread (CPUThread)[0x01744100]} sys_lwcond warning: *** lwcond created [] (lwmutex_addr=0x306f5930): id = 22
HLE: W {PPU[1] Thread (CPUThread)[0x0174404c]} sys_lwmutex warning: *** lwmutex created [] (attribute=0x22): sq_id = 23
HLE: W {PPU[1] Thread (CPUThread)[0x01744100]} sys_lwcond warning: *** lwcond created [] (lwmutex_addr=0x306f59a0): id = 24
HLE: W {PPU[1] Thread (CPUThread)[0x0174404c]} sys_lwmutex warning: *** lwmutex created [] (attribute=0x22): sq_id = 25
HLE: W {PPU[1] Thread (CPUThread)[0x01744100]} sys_lwcond warning: *** lwcond created [] (lwmutex_addr=0x306f5a00): id = 26
HLE: W {PPU[1] Thread (CPUThread)[0x0174404c]} sys_lwmutex warning: *** lwmutex created [] (attribute=0x22): sq_id = 27
HLE: W {PPU[1] Thread (CPUThread)[0x01744100]} sys_lwcond warning: *** lwcond created [] (lwmutex_addr=0x306f5a40): id = 28
HLE: W {PPU[1] Thread (CPUThread)[0x0174404c]} sys_lwmutex warning: *** lwmutex created [] (attribute=0x22): sq_id = 29
HLE: W {PPU[1] Thread (CPUThread)[0x01744100]} sys_lwcond warning: *** lwcond created [] (lwmutex_addr=0x306f5a80): id = 30
HLE: W {PPU[1] Thread (CPUThread)[0x0174404c]} sys_lwmutex warning: *** lwmutex created [] (attribute=0x22): sq_id = 31
HLE: W {PPU[1] Thread (CPUThread)[0x01744100]} sys_lwcond warning: *** lwcond created [] (lwmutex_addr=0x306f5ac0): id = 32
HLE: W {PPU[1] Thread (CPUThread)[0x0174404c]} sys_lwmutex warning: *** lwmutex created [] (attribute=0x22): sq_id = 33
HLE: W {PPU[1] Thread (CPUThread)[0x01744100]} sys_lwcond warning: *** lwcond created [] (lwmutex_addr=0x306f5b00): id = 34
HLE: W {PPU[1] Thread (CPUThread)[0x0174404c]} sys_lwmutex warning: *** lwmutex created [] (attribute=0x22): sq_id = 35
HLE: W {PPU[1] Thread (CPUThread)[0x01744100]} sys_lwcond warning: *** lwcond created [] (lwmutex_addr=0x306f5b40): id = 36
HLE: W {PPU[1] Thread (CPUThread)[0x0174404c]} sys_lwmutex warning: *** lwmutex created [] (attribute=0x22): sq_id = 37
HLE: W {PPU[1] Thread (CPUThread)[0x01744100]} sys_lwcond warning: *** lwcond created [] (lwmutex_addr=0x306f5b80): id = 38
HLE: W {PPU[1] Thread (CPUThread)[0x0174404c]} sys_lwmutex warning: *** lwmutex created [] (attribute=0x22): sq_id = 39
HLE: W {PPU[1] Thread (CPUThread)[0x01744100]} sys_lwcond warning: *** lwcond created [] (lwmutex_addr=0x306f5bc0): id = 40
HLE: W {PPU[1] Thread (CPUThread)[0x0174404c]} sys_lwmutex warning: *** lwmutex created [] (attribute=0x22): sq_id = 41
HLE: W {PPU[1] Thread (CPUThread)[0x01744100]} sys_lwcond warning: *** lwcond created [] (lwmutex_addr=0x306f5c30): id = 42
HLE: W {PPU[1] Thread (CPUThread)[0x0174404c]} sys_lwmutex warning: *** lwmutex created [] (attribute=0x22): sq_id = 43
HLE: W {PPU[1] Thread (CPUThread)[0x01744100]} sys_lwcond warning: *** lwcond created [] (lwmutex_addr=0x306f5c70): id = 44
HLE: W {PPU[1] Thread (CPUThread)[0x0174404c]} sys_lwmutex warning: *** lwmutex created [] (attribute=0x22): sq_id = 45
HLE: W {PPU[1] Thread (CPUThread)[0x01744100]} sys_lwcond warning: *** lwcond created [] (lwmutex_addr=0x306f5cb0): id = 46
HLE: W {PPU[1] Thread (CPUThread)[0x0174404c]} sys_lwmutex warning: *** lwmutex created [] (attribute=0x22): sq_id = 47
HLE: W {PPU[1] Thread (CPUThread)[0x01744100]} sys_lwcond warning: *** lwcond created [] (lwmutex_addr=0x306f5cf0): id = 48
HLE: W {PPU[1] Thread (CPUThread)[0x0174404c]} sys_lwmutex warning: *** lwmutex created [] (attribute=0x22): sq_id = 49
HLE: W {PPU[1] Thread (CPUThread)[0x01744100]} sys_lwcond warning: *** lwcond created [] (lwmutex_addr=0x306f5d30): id = 50
HLE: W {PPU[1] Thread (CPUThread)[0x0174404c]} sys_lwmutex warning: *** lwmutex created [] (attribute=0x22): sq_id = 51
HLE: W {PPU[1] Thread (CPUThread)[0x01744100]} sys_lwcond warning: *** lwcond created [] (lwmutex_addr=0x306f5da0): id = 52
HLE: W {PPU[1] Thread (CPUThread)[0x0174404c]} sys_lwmutex warning: *** lwmutex created [] (attribute=0x22): sq_id = 53
HLE: W {PPU[1] Thread (CPUThread)[0x01744100]} sys_lwcond warning: *** lwcond created [] (lwmutex_addr=0x306f5e10): id = 54
HLE: W {PPU[1] Thread (CPUThread)[0x0174404c]} sys_lwmutex warning: *** lwmutex created [] (attribute=0x22): sq_id = 55
HLE: W {PPU[1] Thread (CPUThread)[0x01744100]} sys_lwcond warning: *** lwcond created [] (lwmutex_addr=0x306f5e50): id = 56
HLE: W {PPU[1] Thread (CPUThread)[0x0174404c]} sys_lwmutex warning: *** lwmutex created [] (attribute=0x22): sq_id = 57
HLE: W {PPU[1] Thread (CPUThread)[0x01744100]} sys_lwcond warning: *** lwcond created [] (lwmutex_addr=0x306f6dd0): id = 58
HLE: W {PPU[1] Thread (CPUThread)[0x0174404c]} sys_lwmutex warning: *** lwmutex created [] (attribute=0x22): sq_id = 59
HLE: W {PPU[1] Thread (CPUThread)[0x01744100]} sys_lwcond warning: *** lwcond created [] (lwmutex_addr=0x306f9620): id = 60
HLE: W {PPU[1] Thread (CPUThread)[0x0174404c]} sys_lwmutex warning: *** lwmutex created [] (attribute=0x22): sq_id = 61
HLE: W {PPU[1] Thread (CPUThread)[0x01744100]} sys_lwcond warning: *** lwcond created [] (lwmutex_addr=0x306f9660): id = 62
HLE: E {PPU[1] Thread (CPUThread)[0x01728004]} cellNetCtl TODO: cellNetCtlGetInfo(code=10, info_addr=0xd00104c0)
HLE: W {PPU[1] Thread (CPUThread)[0x01724010]} cellSysmodule warning: cellSysmoduleLoadModule(CELL_SYSMODULE_FS)
HLE: W {PPU[1] Thread (CPUThread)[0x01724010]} cellSysmodule warning: cellSysmoduleLoadModule(CELL_SYSMODULE_FONT)
HLE: W {PPU[1] Thread (CPUThread)[0x01724010]} cellSysmodule warning: cellSysmoduleLoadModule(CELL_SYSMODULE_FREETYPE)
HLE: W {PPU[1] Thread (CPUThread)[0x01724010]} cellSysmodule warning: cellSysmoduleLoadModule(CELL_SYSMODULE_FONTFT)
HLE: W {PPU[1] Thread (CPUThread)[0x0172a0dc]} cellFont warning: cellFontInitializeWithRevision(revisionFlags=0x61, config=0xd00107a8)
HLE: W {PPU[1] Thread (CPUThread)[0x01748004]} cellFontFT warning: cellFontInitLibraryFreeTypeWithRevision(revisionFlags=0x41, config_addr=0xd00107d0, lib_addr_addr=0x15fe070
HLE: W {PPU[1] Thread (CPUThread)[0x0172a07c]} cellFont warning: cellFontCreateRenderer(library_addr=0x30016000, config_addr=0xd00107bc, Renderer_addr=0x15fe074)
HLE: W {PPU[1] Thread (CPUThread)[0x01726034]} cellSpurs warning: cellSpursAddWorkload()
HLE: W {PPU[1] Thread (CPUThread)[0x01726058]} cellSpurs warning: _cellSpursWorkloadFlagReceiver()
HLE: W {PPU[1] Thread (CPUThread)[0x01726094]} cellSpurs warning: cellSpursReadyCountStore()
HLE: W {PPU[1] Thread (CPUThread)[0x01726040]} cellSpurs warning: cellSpursWakeUp()
HLE: W {PPU[1] Thread (CPUThread)[0x0026b670]} sys_event warning: sys_event_queue_create(equeue_id_addr=0x1582e00, attr_addr=0xd0010760, event_queue_key=0x0, size=3)
HLE: W {PPU[1] Thread (CPUThread)[0x0026b670]} sys_event warning: *** event_queue created [] (protocol=0x2, type=0x1): id = 63
HLE: W {PPU[1] Thread (CPUThread)[0x002cde6c]} sys_mutex warning: *** mutex created [] (protocol=0x2, recursive=false): id = 64
HLE: W {PPU[1] Thread (CPUThread)[0x002cde6c]} sys_mutex warning: *** mutex created [] (protocol=0x2, recursive=false): id = 65
HLE: W {PPU[1] Thread (CPUThread)[0x0015692c]} sys_mutex warning: *** mutex created [] (protocol=0x2, recursive=false): id = 66
HLE: W {PPU[1] Thread (CPUThread)[0x0174404c]} sys_lwmutex warning: *** lwmutex created [] (attribute=0x22): sq_id = 67
HLE: W {PPU[1] Thread (CPUThread)[0x01744100]} sys_lwcond warning: *** lwcond created [] (lwmutex_addr=0x306fd400): id = 68
HLE: W {PPU[1] Thread (CPUThread)[0x0174404c]} sys_lwmutex warning: *** lwmutex created [] (attribute=0x22): sq_id = 69
HLE: W {PPU[1] Thread (CPUThread)[0x01744100]} sys_lwcond warning: *** lwcond created [] (lwmutex_addr=0x306fd440): id = 70
HLE: E {PPU[1] Thread (CPUThread)[0x01728004]} cellNetCtl TODO: cellNetCtlGetInfo(code=10, info_addr=0xd00100d0)
HLE: W {PPU[1] Thread (CPUThread)[0x003cab88]} sys_mutex warning: *** mutex created [] (protocol=0x2, recursive=false): id = 71
HLE: ! {PPU[1] Thread (CPUThread)[0x01744028]} sys_ppu_thread: *** New PPU Thread [PhyreEngineLoadingThread] (flags=0x1, entry=0x105bb08): id = 72
HLE: ! {PPU[1] Thread (CPUThread)[0x01744028]} sys_ppu_thread: *** New PPU Thread [PhyreEngineLoadingThread] (flags=0x1, entry=0x105bb08): id = 73
HLE: W {PPU[1] Thread (CPUThread)[0x0172607c]} cellSpurs warning: cellSpursGetWorkloadFlag()
G: E {PPU[1] Thread (CPUThread)[0x017200dc]} Exception: Access violation: addr = 0x0 (last_syscall=0xff0a21b7 (cellKbRead))
HLE: W {VBlank thread} Callback::Branch() aborted
RSX: W {RSXThread} RSX thread aborted
RSX: W {VBlank thread} VBlank thread aborted
HLE: ! All threads stopped...
MEM: ! Closing memory...
