HLE: ! path: /dev_hdd0/game/
HLE: W No pause.bin found, Auto Pause will not work.
HLE: W No pause.bin found, Auto Pause will not work.
LDR: ! Loading 'D:\Emulateurs\Rpcs3\dev_hdd0\game\BLES00444-[ETERNAL SONATA]/PS3_GAME/USRDIR/BOOT.BIN'...
LDR: !  
LDR: ! Mount info:
LDR: ! /dev_hdd0/ -> ./dev_hdd0/
LDR: ! /dev_hdd1/ -> ./dev_hdd1/
LDR: ! /dev_flash/ -> ./dev_flash/
LDR: ! /dev_usb000/ -> ./dev_usb000/
LDR: ! /dev_usb/ -> ./dev_usb000/
LDR: ! /app_home/ -> D:\Emulateurs\Rpcs3\dev_hdd0\game\BLES00444-[ETERNAL SONATA]/PS3_GAME/
LDR: ! /dev_bdvd/ -> D:\Emulateurs\Rpcs3\dev_hdd0\game\BLES00444-[ETERNAL SONATA]/PS3_GAME//../
LDR: ! /host_root/ -> 
LDR: ! /app_home/PS3_GAME/USRDIR/ -> D:\Emulateurs\Rpcs3\dev_hdd0\game\BLES00444-[ETERNAL SONATA]/PS3_GAME//USRDIR/
LDR: ! /dev_flash2/ -> ./dev_flash2/
LDR: ! /app_home/Game/PS3_GAME/USRDIR/ -> D:\Emulateurs\Rpcs3\dev_hdd0\game\BLES00444-[ETERNAL SONATA]/PS3_GAME//USRDIR/
LDR: ! //dev_hdd0/ -> ./dev_hdd0/
LDR: ! / -> D:\Emulateurs\Rpcs3\dev_hdd0\game\BLES00444-[ETERNAL SONATA]/PS3_GAME//USRDIR/
LDR: !  
LDR: ! Title: ETERNAL SONATA
LDR: ! Serial: BLES00444
LDR: !  
MEM: ! Initializing memory: m_base_addr = 0x4584aa0000
MEM: ! Memory initialized.
LDR: ! Imported function 'cellPadClearBuf' in 'sys_io' module
LDR: ! Imported function 'cellPadInit' in 'sys_io' module
LDR: ! Imported function 'cellPadGetInfo' in 'sys_io' module
LDR: ! Imported function 'cellPadEnd' in 'sys_io' module
LDR: ! Imported function 'cellPadGetData' in 'sys_io' module
LDR: ! Imported function 'cellPadSetActDirect' in 'sys_io' module
LDR: ! Imported function 'cellPadSetPressMode' in 'sys_io' module
LDR: ! Imported function 'cellGcmGetTiledPitchSize' in 'cellGcmSys' module
LDR: ! Imported function '_cellGcmInitBody' in 'cellGcmSys' module
LDR: ! Imported function '_cellGcmSetFlipCommand' in 'cellGcmSys' module
LDR: ! Imported function 'cellGcmAddressToOffset' in 'cellGcmSys' module
LDR: ! Imported function '_cellGcmFunc15' in 'cellGcmSys' module
LDR: ! Imported function 'cellGcmSetFlipMode' in 'cellGcmSys' module
LDR: ! Imported function 'cellGcmGetFlipStatus' in 'cellGcmSys' module
LDR: ! Imported function 'cellGcmGetReport' in 'cellGcmSys' module
LDR: ! Imported function 'cellGcmMapMainMemory' in 'cellGcmSys' module
LDR: ! Imported function 'cellGcmSetDisplayBuffer' in 'cellGcmSys' module
LDR: ! Imported function 'cellGcmGetControlRegister' in 'cellGcmSys' module
LDR: ! Imported function 'cellGcmSetVBlankHandler' in 'cellGcmSys' module
LDR: ! Imported function 'cellGcmResetFlipStatus' in 'cellGcmSys' module
LDR: ! Imported function 'cellGcmSetTile' in 'cellGcmSys' module
LDR: ! Imported function 'cellGcmSetZcull' in 'cellGcmSys' module
LDR: ! Imported function 'cellGcmGetConfiguration' in 'cellGcmSys' module
LDR: ! Imported function 'cellGcmGetLabelAddress' in 'cellGcmSys' module
LDR: ! Imported function 'cellSysutilUnregisterCallback' in 'cellSysutil' module
LDR: ! Imported function 'cellVideoOutConfigure' in 'cellSysutil' module
LDR: ! Imported function 'cellSysutilCheckCallback' in 'cellSysutil' module
LDR: ! Imported function 'cellSaveDataListLoad2' in 'cellSysutil' module
LDR: ! Imported function 'cellSaveDataListSave2' in 'cellSysutil' module
LDR: ! Imported function 'cellSysutilGetSystemParamInt' in 'cellSysutil' module
LDR: ! Imported function 'cellAudioOutConfigure' in 'cellSysutil' module
LDR: ! Imported function 'cellVideoOutGetNumberOfDevice' in 'cellSysutil' module
LDR: ! Imported function 'cellVideoOutGetState' in 'cellSysutil' module
LDR: ! Imported function 'cellSaveDataAutoSave2' in 'cellSysutil' module
LDR: ! Imported function 'cellSysutilRegisterCallback' in 'cellSysutil' module
LDR: ! Imported function 'cellVideoOutGetResolutionAvailability' in 'cellSysutil' module
LDR: ! Imported function 'cellAudioOutGetSoundAvailability' in 'cellSysutil' module
LDR: ! Imported function 'cellVideoOutGetResolution' in 'cellSysutil' module
LDR: W Unimplemented function 'cellSaveDataDelete2' in 'cellSysutil' module
LDR: ! Imported function 'cellAudioOutGetState' in 'cellSysutil' module
LDR: ! Imported function 'cellSaveDataAutoLoad2' in 'cellSysutil' module
LDR: W Unknown module 'cellSysutilAvconfExt'
LDR: ! Imported function 'cellVideoOutSetGamma' in 'cellSysutilAvconfExt' module
LDR: ! Imported function 'cellFsClose' in 'sys_fs' module
LDR: ! Imported function 'cellFsOpendir' in 'sys_fs' module
LDR: ! Imported function 'cellFsRead' in 'sys_fs' module
LDR: ! Imported function 'cellFsReaddir' in 'sys_fs' module
LDR: ! Imported function 'cellFsOpen' in 'sys_fs' module
LDR: ! Imported function 'cellFsStat' in 'sys_fs' module
LDR: ! Imported function 'cellFsUnlink' in 'sys_fs' module
LDR: ! Imported function 'cellFsAioRead' in 'sys_fs' module
LDR: ! Imported function 'cellFsAioInit' in 'sys_fs' module
LDR: ! Imported function 'cellFsWrite' in 'sys_fs' module
LDR: ! Imported function 'cellFsFstat' in 'sys_fs' module
LDR: ! Imported function 'cellFsClosedir' in 'sys_fs' module
LDR: ! Imported function 'cellFsLseek' in 'sys_fs' module
LDR: ! Imported function 'cellSysmoduleUnloadModule' in 'cellSysmodule' module
LDR: ! Imported function 'cellSysmoduleLoadModule' in 'cellSysmodule' module
LDR: ! Imported function 'cellAudioInit' in 'cellAudio' module
LDR: ! Imported function 'cellAudioPortClose' in 'cellAudio' module
LDR: ! Imported function 'cellAudioPortStop' in 'cellAudio' module
LDR: ! Imported function 'cellAudioGetPortConfig' in 'cellAudio' module
LDR: ! Imported function 'cellAudioPortStart' in 'cellAudio' module
LDR: ! Imported function 'cellAudioQuit' in 'cellAudio' module
LDR: ! Imported function 'cellAudioPortOpen' in 'cellAudio' module
LDR: ! Imported function 'cellSpursAttributeSetNamePrefix' in 'cellSpurs' module
LDR: ! Imported function 'cellSpursCreateJobChainWithAttribute' in 'cellSpurs' module
LDR: ! Imported function '_cellSpursJobChainAttributeInitialize' in 'cellSpurs' module
LDR: ! Imported function 'cellSpursEventFlagWait' in 'cellSpurs' module
LDR: ! Imported function 'cellSpursDetachLv2EventQueue' in 'cellSpurs' module
LDR: ! Imported function '_cellSpursEventFlagInitialize' in 'cellSpurs' module
LDR: ! Imported function 'cellSpursEventFlagAttachLv2EventQueue' in 'cellSpurs' module
LDR: ! Imported function '_cellSpursAttributeInitialize' in 'cellSpurs' module
LDR: ! Imported function 'cellSpursJobChainAttributeSetName' in 'cellSpurs' module
LDR: ! Imported function 'cellSpursInitializeWithAttribute' in 'cellSpurs' module
LDR: ! Imported function 'cellSpursInitialize' in 'cellSpurs' module
LDR: ! Imported function 'cellSpursAttachLv2EventQueue' in 'cellSpurs' module
LDR: ! Imported function 'cellSpursRunJobChain' in 'cellSpurs' module
LDR: ! Imported function 'cellSpursEventFlagDetachLv2EventQueue' in 'cellSpurs' module
LDR: ! Imported function 'cellSpursCreateTaskset' in 'cellSpurs' module
LDR: ! Imported function 'cellSpursJoinTaskset' in 'cellSpurs' module
LDR: ! Imported function 'cellSpursShutdownTaskset' in 'cellSpurs' module
LDR: ! Imported function 'cellSpursCreateTask' in 'cellSpurs' module
LDR: ! Imported function '_cellSpursSendSignal' in 'cellSpurs' module
LDR: ! Imported function 'jstrchk' in 'cellL10n' module
LDR: W Unimplemented function 'l10n_convert_str' in 'cellL10n' module
LDR: W Unimplemented function 'l10n_get_converter' in 'cellL10n' module
LDR: ! Imported function 'cellRescGcmSurface2RescSrc' in 'cellResc' module
LDR: ! Imported function 'cellRescSetWaitFlip' in 'cellResc' module
LDR: ! Imported function 'cellRescResetFlipStatus' in 'cellResc' module
LDR: ! Imported function 'cellRescSetDisplayMode' in 'cellResc' module
LDR: ! Imported function 'cellRescSetConvertAndFlip' in 'cellResc' module
LDR: ! Imported function 'cellRescInit' in 'cellResc' module
LDR: ! Imported function 'cellRescGetBufferSize' in 'cellResc' module
LDR: ! Imported function 'cellRescSetSrc' in 'cellResc' module
LDR: ! Imported function 'cellRescSetBufferAddress' in 'cellResc' module
LDR: ! Imported function 'cellRescGetFlipStatus' in 'cellResc' module
LDR: ! Imported function 'cellRescSetVBlankHandler' in 'cellResc' module
LDR: ! Imported function 'cellRescCreateInterlaceTable' in 'cellResc' module
LDR: ! Imported function 'sys_lwmutex_lock' in 'sysPrxForUser' module
LDR: ! Imported function 'sys_lwmutex_unlock' in 'sysPrxForUser' module
LDR: ! Imported function 'sys_ppu_thread_create' in 'sysPrxForUser' module
LDR: ! Imported function '_sys_process_atexitspawn' in 'sysPrxForUser' module
LDR: ! Imported function 'sys_lwmutex_create' in 'sysPrxForUser' module
LDR: ! Imported function 'sys_ppu_thread_get_id' in 'sysPrxForUser' module
LDR: ! Imported function 'sys_initialize_tls' in 'sysPrxForUser' module
LDR: ! Imported function 'sys_time_get_system_time' in 'sysPrxForUser' module
LDR: ! Imported function '_sys_process_at_Exitspawn' in 'sysPrxForUser' module
LDR: ! Imported function 'sys_prx_exitspawn_with_level' in 'sysPrxForUser' module
LDR: ! Imported function 'sys_ppu_thread_exit' in 'sysPrxForUser' module
LDR: ! Imported function 'sys_lwmutex_destroy' in 'sysPrxForUser' module
LDR: ! Imported function 'sys_spu_image_close' in 'sysPrxForUser' module
LDR: ! Imported function 'sys_process_exit' in 'sysPrxForUser' module
HLE: W {PPU[1] Thread (CPUThread)[0x00a37034]} sys_lwmutex warning: sys_lwmutex_create(lwmutex_addr=0x9ebca0, attr_addr=0x47d250)
HLE: ! {PPU[1] Thread (CPUThread)[0x00a37034]} sys_lwmutex: *** lwmutex created [_lc_mtx] (attribute=0x12): sq_id = 3
HLE: W {PPU[1] Thread (CPUThread)[0x003f9054]} sys_memory warning: sys_memory_get_user_memory_size(mem_info_addr=0xd000fc04)
HLE: W {PPU[1] Thread (CPUThread)[0x00a37034]} sys_lwmutex warning: sys_lwmutex_create(lwmutex_addr=0x9ebaa0, attr_addr=0x47d250)
HLE: ! {PPU[1] Thread (CPUThread)[0x00a37034]} sys_lwmutex: *** lwmutex created [_lc_mtx] (attribute=0x12): sq_id = 4
HLE: W {PPU[1] Thread (CPUThread)[0x00a37034]} sys_lwmutex warning: sys_lwmutex_create(lwmutex_addr=0x9eb228, attr_addr=0x47d250)
HLE: ! {PPU[1] Thread (CPUThread)[0x00a37034]} sys_lwmutex: *** lwmutex created [_lc_mtx] (attribute=0x12): sq_id = 5
HLE: W {PPU[1] Thread (CPUThread)[0x00a37034]} sys_lwmutex warning: sys_lwmutex_create(lwmutex_addr=0x9eb250, attr_addr=0x47d250)
HLE: ! {PPU[1] Thread (CPUThread)[0x00a37034]} sys_lwmutex: *** lwmutex created [_lc_mtx] (attribute=0x12): sq_id = 6
HLE: W {PPU[1] Thread (CPUThread)[0x00a37034]} sys_lwmutex warning: sys_lwmutex_create(lwmutex_addr=0x9eb278, attr_addr=0x47d250)
HLE: ! {PPU[1] Thread (CPUThread)[0x00a37034]} sys_lwmutex: *** lwmutex created [_lc_mtx] (attribute=0x12): sq_id = 7
HLE: W {PPU[1] Thread (CPUThread)[0x00a37034]} sys_lwmutex warning: sys_lwmutex_create(lwmutex_addr=0x9eb160, attr_addr=0x47d250)
HLE: ! {PPU[1] Thread (CPUThread)[0x00a37034]} sys_lwmutex: *** lwmutex created [_lc_mtx] (attribute=0x12): sq_id = 8
HLE: W {PPU[1] Thread (CPUThread)[0x00a37034]} sys_lwmutex warning: sys_lwmutex_create(lwmutex_addr=0x9eb188, attr_addr=0x47d250)
HLE: ! {PPU[1] Thread (CPUThread)[0x00a37034]} sys_lwmutex: *** lwmutex created [_lc_mtx] (attribute=0x12): sq_id = 9
HLE: W {PPU[1] Thread (CPUThread)[0x00a37034]} sys_lwmutex warning: sys_lwmutex_create(lwmutex_addr=0x9eb1b0, attr_addr=0x47d250)
HLE: ! {PPU[1] Thread (CPUThread)[0x00a37034]} sys_lwmutex: *** lwmutex created [_lc_mtx] (attribute=0x12): sq_id = 10
HLE: W {PPU[1] Thread (CPUThread)[0x00a37034]} sys_lwmutex warning: sys_lwmutex_create(lwmutex_addr=0x9eb1d8, attr_addr=0x47d250)
HLE: ! {PPU[1] Thread (CPUThread)[0x00a37034]} sys_lwmutex: *** lwmutex created [_lc_mtx] (attribute=0x12): sq_id = 11
HLE: W {PPU[1] Thread (CPUThread)[0x00a37034]} sys_lwmutex warning: sys_lwmutex_create(lwmutex_addr=0x9eb200, attr_addr=0x47d250)
HLE: ! {PPU[1] Thread (CPUThread)[0x00a37034]} sys_lwmutex: *** lwmutex created [_lc_mtx] (attribute=0x12): sq_id = 12
HLE: W {PPU[1] Thread (CPUThread)[0x0031d8f0]} sys_semaphore warning: sys_semaphore_create(sem_addr=0x9cbf64, attr_addr=0xd000fb40, initial_count=1, max_count=1)
HLE: ! {PPU[1] Thread (CPUThread)[0x0031d8f0]} sys_semaphore: *** semaphore created [] (protocol=0x2): id = 13
HLE: W {PPU[1] Thread (CPUThread)[0x0031d8f0]} sys_semaphore warning: sys_semaphore_create(sem_addr=0x8ad320, attr_addr=0xd000fb30, initial_count=1, max_count=1)
HLE: ! {PPU[1] Thread (CPUThread)[0x0031d8f0]} sys_semaphore: *** semaphore created [] (protocol=0x2): id = 14
HLE: W {PPU[1] Thread (CPUThread)[0x0031d8f0]} sys_semaphore warning: sys_semaphore_create(sem_addr=0x8a6d2c, attr_addr=0xd000fb40, initial_count=1, max_count=1)
HLE: ! {PPU[1] Thread (CPUThread)[0x0031d8f0]} sys_semaphore: *** semaphore created [] (protocol=0x2): id = 15
HLE: W {PPU[1] Thread (CPUThread)[0x0031d8f0]} sys_semaphore warning: sys_semaphore_create(sem_addr=0x83e71c, attr_addr=0xd000fb40, initial_count=1, max_count=1)
HLE: ! {PPU[1] Thread (CPUThread)[0x0031d8f0]} sys_semaphore: *** semaphore created [] (protocol=0x2): id = 16
HLE: W {PPU[1] Thread (CPUThread)[0x0050607c]} cellSysutil warning: cellSysutilRegisterCallback(slot=3, func_addr=0x530840, userdata=0x0)
HLE: W {PPU[1] Thread (CPUThread)[0x00506040]} cellSysutil warning: cellSysutilGetSystemParamInt: CELL_SYSUTIL_SYSTEMPARAM_ID_LANG
HLE: W {PPU[1] Thread (CPUThread)[0x00506040]} cellSysutil warning: cellSysutilGetSystemParamInt: CELL_SYSUTIL_SYSTEMPARAM_ID_LANG
HLE: W {PPU[1] Thread (CPUThread)[0x0031d8f0]} sys_semaphore warning: sys_semaphore_create(sem_addr=0x8a69e0, attr_addr=0xd000fa50, initial_count=1, max_count=1)
HLE: ! {PPU[1] Thread (CPUThread)[0x0031d8f0]} sys_semaphore: *** semaphore created [] (protocol=0x2): id = 17
HLE: W {PPU[1] Thread (CPUThread)[0x0031d8f0]} sys_semaphore warning: sys_semaphore_create(sem_addr=0x85bb60, attr_addr=0xd000f1f0, initial_count=1, max_count=1)
HLE: ! {PPU[1] Thread (CPUThread)[0x0031d8f0]} sys_semaphore: *** semaphore created [] (protocol=0x2): id = 18
HLE: W {PPU[1] Thread (CPUThread)[0x0031d8f0]} sys_semaphore warning: sys_semaphore_create(sem_addr=0x85bb78, attr_addr=0xd000f1f0, initial_count=2, max_count=2)
HLE: ! {PPU[1] Thread (CPUThread)[0x0031d8f0]} sys_semaphore: *** semaphore created [] (protocol=0x2): id = 19
HLE: W {PPU[1] Thread (CPUThread)[0x0031d8f0]} sys_semaphore warning: sys_semaphore_create(sem_addr=0x85bb90, attr_addr=0xd000f1f0, initial_count=0, max_count=32)
HLE: ! {PPU[1] Thread (CPUThread)[0x0031d8f0]} sys_semaphore: *** semaphore created [] (protocol=0x2): id = 20
HLE: W {PPU[1] Thread (CPUThread)[0x0031d8f0]} sys_semaphore warning: sys_semaphore_create(sem_addr=0x85bba8, attr_addr=0xd000f1f0, initial_count=0, max_count=4)
HLE: ! {PPU[1] Thread (CPUThread)[0x0031d8f0]} sys_semaphore: *** semaphore created [] (protocol=0x2): id = 21
HLE: W {PPU[1] Thread (CPUThread)[0x0031d8f0]} sys_semaphore warning: sys_semaphore_create(sem_addr=0x85bbec, attr_addr=0xd000f1f0, initial_count=0, max_count=1)
HLE: ! {PPU[1] Thread (CPUThread)[0x0031d8f0]} sys_semaphore: *** semaphore created [] (protocol=0x2): id = 22
HLE: ! {PPU[1] Thread (CPUThread)[0x00a3701c]} sys_ppu_thread: *** New PPU Thread [] (non-joinable, entry=0x532270): id = 23
HLE: ! {PPU[1] Thread (CPUThread)[0x00a3701c]} sys_ppu_thread: *** New PPU Thread [] (non-joinable, entry=0x5322c0): id = 24
HLE: W {PPU[1] Thread (CPUThread)[0x0031d8f0]} sys_semaphore warning: sys_semaphore_create(sem_addr=0x89c700, attr_addr=0xd000f1f0, initial_count=1, max_count=1)
HLE: ! {PPU[1] Thread (CPUThread)[0x0031d8f0]} sys_semaphore: *** semaphore created [] (protocol=0x2): id = 25
HLE: W {PPU[1] Thread (CPUThread)[0x0031d8f0]} sys_semaphore warning: sys_semaphore_create(sem_addr=0x89fa48, attr_addr=0xd000f1f0, initial_count=1, max_count=1)
HLE: ! {PPU[1] Thread (CPUThread)[0x0031d8f0]} sys_semaphore: *** semaphore created [] (protocol=0x2): id = 26
HLE: W {PPU[1] Thread (CPUThread)[0x0031d8f0]} sys_semaphore warning: sys_semaphore_create(sem_addr=0x8a2d90, attr_addr=0xd000f1f0, initial_count=1, max_count=1)
HLE: ! {PPU[1] Thread (CPUThread)[0x0031d8f0]} sys_semaphore: *** semaphore created [] (protocol=0x2): id = 27
HLE: W {PPU[1] Thread (CPUThread)[0x0050c010]} cellSysmodule warning: cellSysmoduleLoadModule(CELL_SYSMODULE_FS)
HLE: W {PPU[1] Thread (CPUThread)[0x0050a064]} sys_fs warning: cellFsAioInit(mount_point_addr=0x489d88 (/dev_bdvd))
HLE: ! {PPU[1] Thread (CPUThread)[0x0050a034]} sys_fs: "/dev_bdvd/PS3_GAME/USRDIR/archives/root.files" opened: fd = 28
HLE: ! {PPU[1] Thread (CPUThread)[0x0050a034]} sys_fs: "/dev_bdvd/PS3_GAME/USRDIR/archives/campdata.files" opened: fd = 29
HLE: ! {PPU[1] Thread (CPUThread)[0x0050a034]} sys_fs: "/dev_bdvd/PS3_GAME/USRDIR/archives/btldata.files" opened: fd = 30
HLE: ! {PPU[1] Thread (CPUThread)[0x0050a034]} sys_fs: "/dev_bdvd/PS3_GAME/USRDIR/archives/cfdata.files" opened: fd = 31
HLE: ! {PPU[1] Thread (CPUThread)[0x0050a034]} sys_fs: "/dev_bdvd/PS3_GAME/USRDIR/archives/evdata.files" opened: fd = 32
HLE: ! {PPU[1] Thread (CPUThread)[0x0050a034]} sys_fs: "/dev_bdvd/PS3_GAME/USRDIR/archives/maptex.files" opened: fd = 33
HLE: ! {PPU[1] Thread (CPUThread)[0x0050a034]} sys_fs: "/dev_bdvd/PS3_GAME/USRDIR/archives/mapse.files" opened: fd = 34
HLE: ! {PPU[1] Thread (CPUThread)[0x0050a034]} sys_fs: "/dev_bdvd/PS3_GAME/USRDIR/archives/cxs.files" opened: fd = 35
HLE: W {PPU[1] Thread (CPUThread)[0x00506058]} cellSysutil warning: cellVideoOutGetNumberOfDevice(videoOut=0)
HLE: W {PPU[1] Thread (CPUThread)[0x00506088]} cellSysutil warning: cellVideoOutGetResolutionAvailability(videoOut=0, resolutionId=0x2, option_addr=0x2, aspect=0x0, option=0x87238a80)
HLE: W {PPU[1] Thread (CPUThread)[0x00504010]} cellGcmSys warning: _cellGcmInitBody(context_addr=0x9ea77c, cmdSize=0x3ff000, ioSize=0x400000, ioAddress=0x3bc00000)
HLE: W {PPU[1] Thread (CPUThread)[0x00504010]} cellGcmSys warning: *** local memory(addr=0xc0000000, size=0xf900000)
HLE: W {PPU[1] Thread (CPUThread)[0x00504010]} cellGcmSys warning: cellGcmInit(): 256MB io address space used
HLE: W {PPU[1] Thread (CPUThread)[0x00504010]} cellGcmSys warning: cellGcmMapEaIoAddress(ea=0x3bc00000, io=0x0, size=0x400000)
RSX: ! {RSXThread} RSX thread started
HLE: W {PPU[1] Thread (CPUThread)[0x00504064]} cellGcmSys warning: cellGcmMapMainMemory(ea=0x30100000,size=0xbb00000,offset_addr=0xd000fab8)
HLE: W {PPU[1] Thread (CPUThread)[0x00506010]} cellSysutil warning: cellVideoOutConfigure(videoOut=0, config_addr=0xd000faf8, option_addr=0x0, waitForEvent=0x0)
HLE: W {PPU[1] Thread (CPUThread)[0x0050c010]} cellSysmodule warning: cellSysmoduleLoadModule(CELL_SYSMODULE_AVCONF_EXT)
HLE: E {PPU[1] Thread (CPUThread)[0x00508004]} TODO: cellVideoOutSetGamma
HLE: W {PPU[1] Thread (CPUThread)[0x00504040]} cellGcmSys warning: cellGcmSetFlipMode(mode=2)
HLE: W {PPU[1] Thread (CPUThread)[0x0031d8f0]} sys_semaphore warning: sys_semaphore_create(sem_addr=0x840420, attr_addr=0xd000f950, initial_count=1, max_count=1)
HLE: ! {PPU[1] Thread (CPUThread)[0x0031d8f0]} sys_semaphore: *** semaphore created [] (protocol=0x2): id = 36
HLE: W {PPU[1] Thread (CPUThread)[0x005040a0]} cellGcmSys warning: cellGcmSetTile(index=0, location=0, offset=65536, size=3801088, pitch=5120, comp=0, base=0, bank=0)
HLE: W {PPU[1] Thread (CPUThread)[0x005040a0]} cellGcmSys warning: cellGcmSetTile(index=1, location=0, offset=3932160, size=3801088, pitch=5120, comp=0, base=0, bank=0)
HLE: W {PPU[1] Thread (CPUThread)[0x005040a0]} cellGcmSys warning: cellGcmSetTile(index=2, location=0, offset=7798784, size=3801088, pitch=5120, comp=9, base=0, bank=1)
HLE: E {PPU[1] Thread (CPUThread)[0x005040a0]} cellGcmSys error: cellGcmSetTile: bad compression mode! (9)
HLE: W {PPU[1] Thread (CPUThread)[0x005040a0]} cellGcmSys warning: cellGcmSetTile(index=3, location=0, offset=11665408, size=7536640, pitch=10240, comp=7, base=178, bank=0)
HLE: E {PPU[1] Thread (CPUThread)[0x005040a0]} cellGcmSys error: cellGcmSetTile: bad compression mode! (7)
HLE: W {PPU[1] Thread (CPUThread)[0x005040a0]} cellGcmSys warning: cellGcmSetTile(index=4, location=0, offset=19267584, size=7536640, pitch=10240, comp=11, base=294, bank=1)
HLE: E {PPU[1] Thread (CPUThread)[0x005040a0]} cellGcmSys error: cellGcmSetTile: bad compression mode! (11)
HLE: E {PPU[1] Thread (CPUThread)[0x005040ac]} cellGcmSys TODO: cellGcmSetZcull(index=0, offset=0x1260000, width=1280, height=768, cullStart=0x0, zFormat=0x2, aaFormat=0x3, zCullDir=0x0, zCullFormat=0x1, sFunc=0x5, sRef=0x0, sMask=0x2)
HLE: W {PPU[1] Thread (CPUThread)[0x00504088]} cellGcmSys warning: cellGcmSetVBlankHandler(handler_addr=0x531c00)
HLE: W {PPU[1] Thread (CPUThread)[0x0031d8f0]} sys_semaphore warning: sys_semaphore_create(sem_addr=0x9d377c, attr_addr=0xd000f8a0, initial_count=1, max_count=1)
HLE: ! {PPU[1] Thread (CPUThread)[0x0031d8f0]} sys_semaphore: *** semaphore created [] (protocol=0x2): id = 37
HLE: W {PPU[1] Thread (CPUThread)[0x00a31058]} cellSpurs warning: _cellSpursAttributeInitialize(attr_addr=0xd000f778, revision=2, sdkVersion=0x230001, nSpus=5, spuPriority=250, ppuPriority=79, exitIfNoWork=1)
HLE: W {PPU[1] Thread (CPUThread)[0x00a31004]} cellSpurs warning: cellSpursAttributeSetNamePrefix(attr_addr=0xd000f778, prefix_addr=0x48ca38, size=4)
HLE: W {PPU[1] Thread (CPUThread)[0x00a31070]} cellSpurs warning: cellSpursInitializeWithAttribute(spurs_addr=0x8b9800, attr_addr=0xd000f778)
HLE: ! {PPU[1] Thread (CPUThread)[0x00a31070]} sys_semaphore: *** semaphore created [_spuWkl] (protocol=0x2): id = 38
HLE: ! {PPU[1] Thread (CPUThread)[0x00a31070]} sys_semaphore: *** semaphore created [_spuWkl] (protocol=0x2): id = 39
HLE: ! {PPU[1] Thread (CPUThread)[0x00a31070]} sys_semaphore: *** semaphore created [_spuWkl] (protocol=0x2): id = 40
HLE: ! {PPU[1] Thread (CPUThread)[0x00a31070]} sys_semaphore: *** semaphore created [_spuWkl] (protocol=0x2): id = 41
HLE: ! {PPU[1] Thread (CPUThread)[0x00a31070]} sys_semaphore: *** semaphore created [_spuWkl] (protocol=0x2): id = 42
HLE: ! {PPU[1] Thread (CPUThread)[0x00a31070]} sys_semaphore: *** semaphore created [_spuWkl] (protocol=0x2): id = 43
HLE: ! {PPU[1] Thread (CPUThread)[0x00a31070]} sys_semaphore: *** semaphore created [_spuWkl] (protocol=0x2): id = 44
HLE: ! {PPU[1] Thread (CPUThread)[0x00a31070]} sys_semaphore: *** semaphore created [_spuWkl] (protocol=0x2): id = 45
HLE: ! {PPU[1] Thread (CPUThread)[0x00a31070]} sys_semaphore: *** semaphore created [_spuWkl] (protocol=0x2): id = 46
HLE: ! {PPU[1] Thread (CPUThread)[0x00a31070]} sys_semaphore: *** semaphore created [_spuWkl] (protocol=0x2): id = 47
HLE: ! {PPU[1] Thread (CPUThread)[0x00a31070]} sys_semaphore: *** semaphore created [_spuWkl] (protocol=0x2): id = 48
HLE: ! {PPU[1] Thread (CPUThread)[0x00a31070]} sys_semaphore: *** semaphore created [_spuWkl] (protocol=0x2): id = 49
HLE: ! {PPU[1] Thread (CPUThread)[0x00a31070]} sys_semaphore: *** semaphore created [_spuWkl] (protocol=0x2): id = 50
HLE: ! {PPU[1] Thread (CPUThread)[0x00a31070]} sys_semaphore: *** semaphore created [_spuWkl] (protocol=0x2): id = 51
HLE: ! {PPU[1] Thread (CPUThread)[0x00a31070]} sys_semaphore: *** semaphore created [_spuWkl] (protocol=0x2): id = 52
HLE: ! {PPU[1] Thread (CPUThread)[0x00a31070]} sys_semaphore: *** semaphore created [_spuWkl] (protocol=0x2): id = 53
HLE: ! {PPU[1] Thread (CPUThread)[0x00a31070]} sys_semaphore: *** semaphore created [_spuPrv] (protocol=0x2): id = 54
HLE: ! {PPU[1] Thread (CPUThread)[0x00a31070]} sys_spu: *** SPU Thread Group created [TCX_CellSpursKernelGroup] (num=5, prio=250, type=0x0, container=0): id=55
HLE: E {PPU[1] Thread (CPUThread)[0x00a31070]} sys_spu TODO: Unsupported SPU Thread options (0x2)
HLE: W {PPU[1] Thread (CPUThread)[0x00a31070]} sys_spu warning: *** New SPU Thread [TCX_CellSpursKernel0] (ep=0x0, opt=0x2, a1=0x0, a2=0x0, a3=0x0, a4=0x0): id=56
HLE: E {PPU[1] Thread (CPUThread)[0x00a31070]} sys_spu TODO: Unsupported SPU Thread options (0x2)
HLE: W {PPU[1] Thread (CPUThread)[0x00a31070]} sys_spu warning: *** New SPU Thread [TCX_CellSpursKernel1] (ep=0x0, opt=0x2, a1=0x0, a2=0x0, a3=0x0, a4=0x0): id=57
HLE: E {PPU[1] Thread (CPUThread)[0x00a31070]} sys_spu TODO: Unsupported SPU Thread options (0x2)
HLE: W {PPU[1] Thread (CPUThread)[0x00a31070]} sys_spu warning: *** New SPU Thread [TCX_CellSpursKernel2] (ep=0x0, opt=0x2, a1=0x0, a2=0x0, a3=0x0, a4=0x0): id=58
HLE: E {PPU[1] Thread (CPUThread)[0x00a31070]} sys_spu TODO: Unsupported SPU Thread options (0x2)
HLE: W {PPU[1] Thread (CPUThread)[0x00a31070]} sys_spu warning: *** New SPU Thread [TCX_CellSpursKernel3] (ep=0x0, opt=0x2, a1=0x0, a2=0x0, a3=0x0, a4=0x0): id=59
HLE: E {PPU[1] Thread (CPUThread)[0x00a31070]} sys_spu TODO: Unsupported SPU Thread options (0x2)
HLE: W {PPU[1] Thread (CPUThread)[0x00a31070]} sys_spu warning: *** New SPU Thread [TCX_CellSpursKernel4] (ep=0x0, opt=0x2, a1=0x0, a2=0x0, a3=0x0, a4=0x0): id=60
HLE: ! {PPU[1] Thread (CPUThread)[0x00a31070]} sys_lwmutex: *** lwmutex created [_spuPrv] (attribute=0x22): sq_id = 61
HLE: W {PPU[1] Thread (CPUThread)[0x00a31070]} sys_lwcond warning: *** lwcond created [_spuPrv] (lwmutex_addr=0x8ba5b0): id = 62
HLE: W {PPU[1] Thread (CPUThread)[0x00a31070]} sys_event warning: *** event_queue created [_spuPrv] (protocol=0x1, type=0x1, key=0x0, size=0x2a): id = 63
HLE: W {PPU[1] Thread (CPUThread)[0x00a31070]} sys_spu warning: sys_spu_thread_group_connect_event_all_threads(id=55, eq_id=63, req=0xffffffffffff0000, spup_addr=0x8b98c9)
HLE: W {PPU[1] Thread (CPUThread)[0x00a31070]} sys_spu warning: *** spup -> 16
HLE: W {PPU[1] Thread (CPUThread)[0x00a31070]} sys_event warning: *** sys_event_port created: id = 64
HLE: W {PPU[1] Thread (CPUThread)[0x00a31070]} sys_event warning: sys_event_port_connect_local(eport_id=64, equeue_id=63)
HLE: ! {PPU[1] Thread (CPUThread)[0x00a31070]} sys_ppu_thread: *** New PPU Thread [TCX_SpursHdlr0] (joinable, entry=0x0): id = 65
HLE: ! {PPU[1] Thread (CPUThread)[0x00a31070]} sys_ppu_thread: *** New PPU Thread [TCX_SpursHdlr1] (joinable, entry=0x0): id = 66
HLE: E {PPU[1] Thread (CPUThread)[0x00a31070]} sys_spu TODO: sys_spu_thread_group_connect_event(id=55, eq=63, et=0x2)
HLE: W {PPU[1] Thread (CPUThread)[0x0030acd4]} sys_event warning: sys_event_queue_create(equeue_id_addr=0x9caba8, attr_addr=0xd000f768, event_queue_key=0x0, size=8)
HLE: W {PPU[1] Thread (CPUThread)[0x0030acd4]} sys_event warning: *** event_queue created [] (protocol=0x2, type=0x1, key=0x0, size=0x8): id = 67
HLE: ! {PPU[1] Thread (CPUThread)[0x00a3701c]} sys_ppu_thread: *** New PPU Thread [TCX_PrintfHandler] (joinable, entry=0x533520): id = 68
HLE: W {PPU[1] Thread (CPUThread)[0x0030aecc]} sys_event warning: sys_event_port_create(eport_id_addr=0x9cabb8, port_type=0x1, name=0xfee1dead)
HLE: W {PPU[1] Thread (CPUThread)[0x0030aecc]} sys_event warning: *** sys_event_port created: id = 69
HLE: W {PPU[1] Thread (CPUThread)[0x0030aee4]} sys_event warning: sys_event_port_connect_local(eport_id=69, equeue_id=67)
HLE: W {PPU[1] Thread (CPUThread)[0x00a31088]} cellSpurs warning: cellSpursAttachLv2EventQueue(spurs_addr=0x8b9800, queue=67, port_addr=0xd000f750, isDynamic=0)
HLE: W {PPU[1] Thread (CPUThread)[0x00a31088]} sys_spu warning: sys_spu_thread_group_connect_event_all_threads(id=55, eq_id=67, req=0x2, spup_addr=0xd000f750)
HLE: W {PPU[1] Thread (CPUThread)[0x00a31088]} sys_spu warning: *** spup -> 1
HLE: E {PPU[1] Thread (CPUThread)[0x00a3101c]} cellSpurs TODO: _cellSpursJobChainAttributeInitialize
HLE: E {PPU[1] Thread (CPUThread)[0x00a31064]} cellSpurs TODO: cellSpursJobChainAttributeSetName
HLE: E {PPU[1] Thread (CPUThread)[0x00a31010]} cellSpurs TODO: cellSpursCreateJobChainWithAttribute
HLE: E {PPU[1] Thread (CPUThread)[0x00a31040]} cellSpurs TODO: _cellSpursEventFlagInitialize
HLE: E {PPU[1] Thread (CPUThread)[0x00a3104c]} cellSpurs TODO: cellSpursEventFlagAttachLv2EventQueue
HLE: W {PPU[1] Thread (CPUThread)[0x005040a0]} cellGcmSys warning: cellGcmSetTile(index=5, location=0, offset=27459584, size=2359296, pitch=3072, comp=0, base=0, bank=0)
HLE: W {PPU[1] Thread (CPUThread)[0x005040a0]} cellGcmSys warning: cellGcmSetTile(index=6, location=0, offset=32243712, size=983040, pitch=2560, comp=0, base=0, bank=0)
HLE: W {PPU[1] Thread (CPUThread)[0x005040a0]} cellGcmSys warning: cellGcmSetTile(index=7, location=0, offset=34209792, size=3801088, pitch=5120, comp=0, base=0, bank=0)
HLE: W {PPU[1] Thread (CPUThread)[0x005040a0]} cellGcmSys warning: cellGcmSetTile(index=8, location=0, offset=51445760, size=3801088, pitch=5120, comp=0, base=0, bank=0)
HLE: W {PPU[1] Thread (CPUThread)[0x005040a0]} cellGcmSys warning: cellGcmSetTile(index=9, location=0, offset=58982400, size=983040, pitch=2560, comp=0, base=0, bank=0)
RSX: E {RSXThread} NV4097_SET_POINT_PARAMS_ENABLE: 1
RSX: W {RSXThread} NV4097_SET_ZCULL_STATS_ENABLE: 1
RSX: W {RSXThread} New FBO (720x576)
RSX: W {RSXThread} TODO: NV4097_SET_WINDOW_OFFSET: x=0, y=0
RSX: W {RSXThread} TODO: NV4097_SET_ANTI_ALIASING_CONTROL: ffff0000
RSX: W {RSXThread} New FBO (1280x720)
RSX: W {RSXThread} NV4097_SET_VERTEX_ATTRIB_INPUT_MASK: 9
RSX: W {RSXThread} NV4097_SET_VERTEX_ATTRIB_OUTPUT_MASK: 21
RSX: E {RSXThread} TODO: CELL_GCM_NV4097_INLINE_ARRAY(0x4254b7ee, 0x427d1a78, 0x0, 0xc00000ff)
RSX: W {RSXThread} FP not found in buffer!
RSX: W {RSXThread} VP not found in buffer!
RSX: ! {RSXThread} Add program (0):
RSX: ! {RSXThread} *** prog id = 3
RSX: ! {RSXThread} *** vp id = 2
RSX: ! {RSXThread} *** fp id = 1
RSX: ! {RSXThread} *** vp data size = 96
RSX: ! {RSXThread} *** fp data size = 16
RSX: ! {RSXThread} *** vp shader = 
#version 330

uniform mat4 scaleOffsetMat = mat4(1.0);
vec4 dst_reg1 = vec4(0.0);
vec4 dst_reg7 = vec4(0.0);
vec4 tmp0;
vec4 dst_reg0 = vec4(0.0f, 0.0f, 0.0f, 1.0f);
layout (location = 3) in vec4 in_diff_color;
layout (location = 0) in vec4 in_pos;
uniform vec4 vc[468];
out vec4 diff_color;
out vec4 tc0;

void func0();

void main()
{
	func0();
	gl_Position = dst_reg0;
	diff_color = dst_reg1;
	tc0 = dst_reg7;
	gl_Position = gl_Position * scaleOffsetMat;
}

void func0()
{
	dst_reg1 = in_diff_color;
	dst_reg7 = vc[467].xxxx;
	tmp0 = (in_pos.yyyy * vc[13]);
	tmp0 = (in_pos.xxxx * vc[12] + tmp0);
	tmp0 = (in_pos.zzzz * vc[14] + tmp0);
	dst_reg0 = (in_pos.wwww * vc[15] + tmp0);
}

RSX: ! {RSXThread} *** fp shader = 
#version 330

vec4 r0 = vec4(0.0, 0.0, 0.0, 0.0);
in vec4 diff_color;
layout (location = 0) out vec4 ocol0;

void main()
{
	r0 = diff_color;
	ocol0 = r0;
}

