HLE: ! path: /dev_hdd0/game/
HLE: W No pause.bin found, Auto Pause will not work.
HLE: W No pause.bin found, Auto Pause will not work.
LDR: ! Loading 'D:\Emulateurs\Rpcs3\dev_hdd0\game\BLES00954-[MONOPOLY Streets]/PS3_GAME/USRDIR/BOOT.BIN'...
LDR: !  
LDR: ! Mount info:
LDR: ! /dev_hdd0/ -> ./dev_hdd0/
LDR: ! /dev_hdd1/ -> ./dev_hdd1/
LDR: ! /dev_flash/ -> ./dev_flash/
LDR: ! /dev_usb000/ -> ./dev_usb000/
LDR: ! /dev_usb/ -> ./dev_usb000/
LDR: ! /app_home/ -> D:\Emulateurs\Rpcs3\dev_hdd0\game\BLES00954-[MONOPOLY Streets]/PS3_GAME/
LDR: ! /dev_bdvd/ -> D:\Emulateurs\Rpcs3\dev_hdd0\game\BLES00954-[MONOPOLY Streets]/PS3_GAME//../
LDR: ! /host_root/ -> 
LDR: ! /app_home/PS3_GAME/USRDIR/ -> D:\Emulateurs\Rpcs3\dev_hdd0\game\BLES00954-[MONOPOLY Streets]/PS3_GAME//USRDIR/
LDR: ! /dev_flash2/ -> ./dev_flash2/
LDR: ! /app_home/Game/PS3_GAME/USRDIR/ -> D:\Emulateurs\Rpcs3\dev_hdd0\game\BLES00954-[MONOPOLY Streets]/PS3_GAME//USRDIR/
LDR: ! //dev_hdd0/ -> ./dev_hdd0/
LDR: ! / -> D:\Emulateurs\Rpcs3\dev_hdd0\game\BLES00954-[MONOPOLY Streets]/PS3_GAME//USRDIR/
LDR: ! /app_home//dev_bdvd/PS3_GAME/USRDIR/data/gos/ -> D:\Emulateurs\Rpcs3\dev_hdd0\game\BLES00954-[MONOPOLY Streets]/PS3_GAME//USRDIR/
LDR: !  
LDR: ! Title: MONOPOLY Streets
LDR: ! Serial: BLES00954
LDR: !  
MEM: ! Initializing memory: m_base_addr = 0xae377c0000
MEM: ! Memory initialized.
LDR: ! Imported function 'sceNpBasicSendMessageGui' in 'sceNp' module
LDR: ! Imported function 'sceNpManagerGetTicket' in 'sceNp' module
LDR: ! Imported function 'sceNpBasicRegisterContextSensitiveHandler' in 'sceNp' module
LDR: W Unimplemented function 'Unknown func id: 0x4210c462' in 'sceNp' module
LDR: ! Imported function 'sceNpTerm' in 'sceNp' module
LDR: ! Imported function 'sceNpManagerUnregisterCallback' in 'sceNp' module
LDR: ! Imported function 'sceNpManagerGetTicketParam' in 'sceNp' module
LDR: ! Imported function 'sceNpBasicGetFriendPresenceByIndex2' in 'sceNp' module
LDR: ! Imported function 'sceNpBasicRecvMessageAttachmentLoad' in 'sceNp' module
LDR: ! Imported function 'sceNpManagerGetContentRatingFlag' in 'sceNp' module
LDR: ! Imported function 'sceNpBasicRecvMessageCustom' in 'sceNp' module
LDR: ! Imported function 'sceNpManagerRequestTicket2' in 'sceNp' module
LDR: ! Imported function 'sceNpManagerGetStatus' in 'sceNp' module
LDR: ! Imported function 'sceNpDrmIsAvailable' in 'sceNp' module
LDR: ! Imported function 'sceNpBasicGetFriendListEntryCount' in 'sceNp' module
LDR: ! Imported function 'sceNpManagerGetAccountRegion' in 'sceNp' module
LDR: ! Imported function 'sceNpBasicAddPlayersHistoryAsync' in 'sceNp' module
LDR: ! Imported function 'sceNpInit' in 'sceNp' module
LDR: ! Imported function 'sceNpUtilCmpNpId' in 'sceNp' module
LDR: ! Imported function 'sceNpBasicGetEvent' in 'sceNp' module
LDR: ! Imported function 'sceNpManagerRegisterCallback' in 'sceNp' module
LDR: ! Imported function 'sceNpManagerGetChatRestrictionFlag' in 'sceNp' module
LDR: ! Imported function 'sceNpManagerGetNpId' in 'sceNp' module
LDR: ! Imported function 'sceNpDrmIsAvailable2' in 'sceNp' module
LDR: W Unknown module 'cellPrx_EAWebkitPrx'
LDR: ! Imported function 'Unknown func id: 0xb84a04ac' in 'cellPrx_EAWebkitPrx' module
LDR: ! Imported function 'cellPadInit' in 'sys_io' module
LDR: ! Imported function 'cellKbClearBuf' in 'sys_io' module
LDR: ! Imported function 'cellKbGetInfo' in 'sys_io' module
LDR: ! Imported function 'cellMouseClearBuf' in 'sys_io' module
LDR: ! Imported function 'cellKbSetLEDStatus' in 'sys_io' module
LDR: ! Imported function 'cellKbInit' in 'sys_io' module
LDR: ! Imported function 'cellPadEnd' in 'sys_io' module
LDR: ! Imported function 'cellPadSetPortSetting' in 'sys_io' module
LDR: ! Imported function 'cellMouseGetInfo' in 'sys_io' module
LDR: ! Imported function 'cellMouseGetDataList' in 'sys_io' module
LDR: ! Imported function 'cellPadGetData' in 'sys_io' module
LDR: ! Imported function 'cellKbSetCodeType' in 'sys_io' module
LDR: ! Imported function 'cellPadGetInfo2' in 'sys_io' module
LDR: ! Imported function 'cellKbEnd' in 'sys_io' module
LDR: ! Imported function 'cellMouseInit' in 'sys_io' module
LDR: ! Imported function 'cellKbSetReadMode' in 'sys_io' module
LDR: ! Imported function 'cellMouseEnd' in 'sys_io' module
LDR: ! Imported function 'cellPadSetActDirect' in 'sys_io' module
LDR: ! Imported function 'cellKbRead' in 'sys_io' module
LDR: ! Imported function 'cellFsReadWithOffset' in 'sys_fs' module
LDR: ! Imported function 'cellFsFtruncate' in 'sys_fs' module
LDR: ! Imported function 'cellFsGetBlockSize' in 'sys_fs' module
LDR: ! Imported function 'cellFsRmdir' in 'sys_fs' module
LDR: ! Imported function 'cellFsClose' in 'sys_fs' module
LDR: ! Imported function 'cellFsOpendir' in 'sys_fs' module
LDR: ! Imported function 'cellFsAioWrite' in 'sys_fs' module
LDR: ! Imported function 'cellFsRead' in 'sys_fs' module
LDR: ! Imported function 'cellFsReaddir' in 'sys_fs' module
LDR: ! Imported function 'cellFsOpen' in 'sys_fs' module
LDR: ! Imported function 'cellFsStat' in 'sys_fs' module
LDR: W Unimplemented function 'cellFsAioCancel' in 'sys_fs' module
LDR: ! Imported function 'cellFsUnlink' in 'sys_fs' module
LDR: ! Imported function 'cellFsAioFinish' in 'sys_fs' module
LDR: ! Imported function 'cellFsLseek' in 'sys_fs' module
LDR: ! Imported function 'cellFsGetFreeSize' in 'sys_fs' module
LDR: ! Imported function 'cellFsSdataOpen' in 'sys_fs' module
LDR: ! Imported function 'cellFsMkdir' in 'sys_fs' module
LDR: ! Imported function 'cellFsAioRead' in 'sys_fs' module
LDR: ! Imported function 'cellFsAioInit' in 'sys_fs' module
LDR: ! Imported function 'cellFsWrite' in 'sys_fs' module
LDR: ! Imported function 'cellFsFstat' in 'sys_fs' module
LDR: ! Imported function 'cellFsRename' in 'sys_fs' module
LDR: ! Imported function 'cellFsClosedir' in 'sys_fs' module
LDR: ! Imported function 'cellGcmGetTiledPitchSize' in 'cellGcmSys' module
LDR: ! Imported function 'cellGcmSetUserHandler' in 'cellGcmSys' module
LDR: ! Imported function '_cellGcmInitBody' in 'cellGcmSys' module
LDR: ! Imported function '_cellGcmSetFlipCommand' in 'cellGcmSys' module
LDR: ! Imported function 'cellGcmAddressToOffset' in 'cellGcmSys' module
LDR: ! Imported function '_cellGcmFunc15' in 'cellGcmSys' module
LDR: ! Imported function 'cellGcmBindTile' in 'cellGcmSys' module
LDR: ! Imported function 'cellGcmSetFlipMode' in 'cellGcmSys' module
LDR: ! Imported function 'cellGcmSetSecondVFrequency' in 'cellGcmSys' module
LDR: ! Imported function 'cellGcmSetDebugOutputLevel' in 'cellGcmSys' module
LDR: ! Imported function 'cellGcmGetTimeStamp' in 'cellGcmSys' module
LDR: ! Imported function 'cellGcmGetDefaultCommandWordSize' in 'cellGcmSys' module
LDR: ! Imported function 'cellGcmGetDefaultSegmentWordSize' in 'cellGcmSys' module
LDR: ! Imported function 'cellGcmSetDefaultFifoSize' in 'cellGcmSys' module
LDR: ! Imported function 'cellGcmMapMainMemory' in 'cellGcmSys' module
LDR: ! Imported function 'cellGcmSetFlipHandler' in 'cellGcmSys' module
LDR: ! Imported function 'cellGcmSetDisplayBuffer' in 'cellGcmSys' module
LDR: ! Imported function 'cellGcmGetControlRegister' in 'cellGcmSys' module
LDR: ! Imported function 'cellGcmUnbindZcull' in 'cellGcmSys' module
LDR: ! Imported function 'cellGcmSetVBlankHandler' in 'cellGcmSys' module
LDR: ! Imported function 'cellGcmSetTileInfo' in 'cellGcmSys' module
LDR: ! Imported function 'cellGcmSetInvalidateTile' in 'cellGcmSys' module
LDR: ! Imported function 'cellGcmSetZcull' in 'cellGcmSys' module
LDR: ! Imported function '_cellGcmSetFlipCommandWithWaitLabel' in 'cellGcmSys' module
LDR: ! Imported function 'cellGcmUnbindTile' in 'cellGcmSys' module
LDR: ! Imported function 'cellGcmGetConfiguration' in 'cellGcmSys' module
LDR: ! Imported function 'cellGcmGetLabelAddress' in 'cellGcmSys' module
LDR: ! Imported function 'cellSpursDetachLv2EventQueue' in 'cellSpurs' module
LDR: ! Imported function 'cellSpursAttachLv2EventQueue' in 'cellSpurs' module
LDR: ! Imported function 'cellSpursAttributeSetNamePrefix' in 'cellSpurs' module
LDR: ! Imported function 'cellSpursCreateJobChainWithAttribute' in 'cellSpurs' module
LDR: ! Imported function '_cellSpursJobChainAttributeInitialize' in 'cellSpurs' module
LDR: ! Imported function 'cellSpursRemoveWorkload' in 'cellSpurs' module
LDR: ! Imported function 'cellSpursWaitForWorkloadShutdown' in 'cellSpurs' module
LDR: ! Imported function 'cellSpursJobGuardInitialize' in 'cellSpurs' module
LDR: ! Imported function 'cellSpursGetSpuThreadId' in 'cellSpurs' module
LDR: ! Imported function 'cellSpursShutdownJobChain' in 'cellSpurs' module
LDR: ! Imported function '_cellSpursAttributeInitialize' in 'cellSpurs' module
LDR: ! Imported function 'cellSpursShutdownWorkload' in 'cellSpurs' module
LDR: ! Imported function 'cellSpursJoinJobChain' in 'cellSpurs' module
LDR: ! Imported function 'cellSpursInitializeWithAttribute' in 'cellSpurs' module
LDR: ! Imported function 'cellSpursAddWorkloadWithAttribute' in 'cellSpurs' module
LDR: ! Imported function 'cellSpursFinalize' in 'cellSpurs' module
LDR: ! Imported function 'cellSpursJobGuardNotify' in 'cellSpurs' module
LDR: ! Imported function '_cellSpursWorkloadAttributeInitialize' in 'cellSpurs' module
LDR: ! Imported function 'cellSpursRunJobChain' in 'cellSpurs' module
LDR: ! Imported function 'cellSpursReadyCountStore' in 'cellSpurs' module
LDR: W Unimplemented function 'socketpoll' in 'sys_net' module
LDR: ! Imported function 'sys_net_initialize_network_ex' in 'sys_net' module
LDR: W Unimplemented function 'getsockname' in 'sys_net' module
LDR: ! Imported function 'recvfrom' in 'sys_net' module
LDR: ! Imported function 'listen' in 'sys_net' module
LDR: W Unimplemented function 'getsockopt' in 'sys_net' module
LDR: ! Imported function '_sys_net_errno_loc' in 'sys_net' module
LDR: ! Imported function 'connect' in 'sys_net' module
LDR: ! Imported function 'socketclose' in 'sys_net' module
LDR: W Unimplemented function 'gethostbyname' in 'sys_net' module
LDR: ! Imported function 'setsockopt' in 'sys_net' module
LDR: ! Imported function 'sys_net_abort_resolver' in 'sys_net' module
LDR: ! Imported function 'sendto' in 'sys_net' module
LDR: ! Imported function 'socket' in 'sys_net' module
LDR: ! Imported function 'shutdown' in 'sys_net' module
LDR: ! Imported function 'bind' in 'sys_net' module
LDR: ! Imported function 'sys_net_finalize_network' in 'sys_net' module
LDR: ! Imported function 'accept' in 'sys_net' module
LDR: ! Imported function 'send' in 'sys_net' module
LDR: W Unimplemented function 'gethostbyaddr' in 'sys_net' module
LDR: W Unimplemented function 'getpeername' in 'sys_net' module
LDR: ! Imported function 'recv' in 'sys_net' module
LDR: ! Imported function 'sys_net_free_thread_context' in 'sys_net' module
LDR: ! Imported function 'cellNetCtlNetStartDialogLoadAsync' in 'cellNetCtl' module
LDR: ! Imported function 'cellNetCtlAddHandler' in 'cellNetCtl' module
LDR: ! Imported function 'cellNetCtlNetStartDialogUnloadAsync' in 'cellNetCtl' module
LDR: ! Imported function 'cellNetCtlTerm' in 'cellNetCtl' module
LDR: ! Imported function 'cellNetCtlGetInfo' in 'cellNetCtl' module
LDR: ! Imported function 'cellNetCtlGetState' in 'cellNetCtl' module
LDR: ! Imported function 'cellNetCtlDelHandler' in 'cellNetCtl' module
LDR: ! Imported function 'cellNetCtlInit' in 'cellNetCtl' module
LDR: ! Imported function 'cellSysutilUnregisterCallback' in 'cellSysutil' module
LDR: ! Imported function 'cellVideoOutConfigure' in 'cellSysutil' module
LDR: ! Imported function 'cellSysutilCheckCallback' in 'cellSysutil' module
LDR: W Unimplemented function 'cellOskDialogUnloadAsync' in 'cellSysutil' module
LDR: ! Imported function 'cellSysutilGetSystemParamInt' in 'cellSysutil' module
LDR: ! Imported function 'cellVideoOutGetNumberOfDevice' in 'cellSysutil' module
LDR: W Unimplemented function 'cellOskDialogLoadAsync' in 'cellSysutil' module
LDR: ! Imported function 'cellVideoOutGetState' in 'cellSysutil' module
LDR: ! Imported function 'cellSysutilGetSystemParamString' in 'cellSysutil' module
LDR: ! Imported function 'cellSysutilRegisterCallback' in 'cellSysutil' module
LDR: ! Imported function 'cellVideoOutGetResolutionAvailability' in 'cellSysutil' module
LDR: W Unimplemented function 'cellOskDialogAbort' in 'cellSysutil' module
LDR: ! Imported function 'cellVideoOutGetResolution' in 'cellSysutil' module
LDR: W Unimplemented function 'cellOskDialogSetLayoutMode' in 'cellSysutil' module
LDR: ! Imported function 'cellSaveDataListLoad2' in 'cellSysutil' module
LDR: ! Imported function 'cellSaveDataFixedLoad2' in 'cellSysutil' module
LDR: ! Imported function 'cellSaveDataFixedSave2' in 'cellSysutil' module
LDR: ! Imported function 'cellSaveDataListSave2' in 'cellSysutil' module
LDR: ! Imported function 'cellSaveDataAutoSave2' in 'cellSysutil' module
LDR: ! Imported function 'cellSysutilGetBgmPlaybackStatus' in 'cellSysutil' module
LDR: W Unimplemented function 'cellSaveDataDelete2' in 'cellSysutil' module
LDR: ! Imported function 'cellAudioOutGetState' in 'cellSysutil' module
LDR: ! Imported function 'cellSaveDataAutoLoad2' in 'cellSysutil' module
LDR: ! Imported function 'cellSysmoduleUnloadModule' in 'cellSysmodule' module
LDR: ! Imported function 'cellSysmoduleLoadModule' in 'cellSysmodule' module
LDR: ! Imported function 'cellSysmoduleIsLoaded' in 'cellSysmodule' module
LDR: ! Imported function 'cellAudioInit' in 'cellAudio' module
LDR: ! Imported function 'cellAudioPortClose' in 'cellAudio' module
LDR: ! Imported function 'cellAudioPortStop' in 'cellAudio' module
LDR: ! Imported function 'cellAudioGetPortConfig' in 'cellAudio' module
LDR: ! Imported function 'cellAudioPortStart' in 'cellAudio' module
LDR: ! Imported function 'cellAudioQuit' in 'cellAudio' module
LDR: ! Imported function 'cellAudioPortOpen' in 'cellAudio' module
LDR: ! Imported function 'cellAudioSetPortLevel' in 'cellAudio' module
LDR: ! Imported function 'cellRtcGetCurrentClockLocalTime' in 'cellRtc' module
LDR: ! Imported function 'cellRtcGetCurrentClock' in 'cellRtc' module
LDR: ! Imported function 'cellRtcSetTick' in 'cellRtc' module
LDR: ! Imported function 'cellRtcSetTime_t' in 'cellRtc' module
LDR: ! Imported function 'cellRtcGetDayOfWeek' in 'cellRtc' module
LDR: ! Imported function 'cellRtcConvertUtcToLocalTime' in 'cellRtc' module
LDR: ! Imported function 'cellRtcGetTick' in 'cellRtc' module
LDR: ! Imported function 'cellRtcGetTime_t' in 'cellRtc' module
LDR: ! Imported function 'sys_lwmutex_lock' in 'sysPrxForUser' module
LDR: ! Imported function 'sys_lwmutex_unlock' in 'sysPrxForUser' module
LDR: ! Imported function 'sys_ppu_thread_create' in 'sysPrxForUser' module
LDR: ! Imported function 'sys_prx_load_module' in 'sysPrxForUser' module
LDR: ! Imported function '_sys_process_atexitspawn' in 'sysPrxForUser' module
LDR: ! Imported function 'sys_lwmutex_create' in 'sysPrxForUser' module
LDR: ! Imported function 'sys_ppu_thread_get_id' in 'sysPrxForUser' module
LDR: ! Imported function 'sys_prx_register_library' in 'sysPrxForUser' module
LDR: ! Imported function '_sys_spu_printf_initialize' in 'sysPrxForUser' module
LDR: ! Imported function 'sys_game_process_exitspawn2' in 'sysPrxForUser' module
LDR: ! Imported function 'sys_initialize_tls' in 'sysPrxForUser' module
LDR: ! Imported function 'sys_prx_stop_module' in 'sysPrxForUser' module
LDR: ! Imported function 'sys_time_get_system_time' in 'sysPrxForUser' module
LDR: ! Imported function '_sys_process_at_Exitspawn' in 'sysPrxForUser' module
LDR: ! Imported function 'sys_prx_start_module' in 'sysPrxForUser' module
LDR: ! Imported function 'sys_prx_exitspawn_with_level' in 'sysPrxForUser' module
LDR: ! Imported function 'sys_ppu_thread_once' in 'sysPrxForUser' module
LDR: ! Imported function 'sys_ppu_thread_exit' in 'sysPrxForUser' module
LDR: ! Imported function 'sys_raw_spu_image_load' in 'sysPrxForUser' module
LDR: ! Imported function 'sys_lwmutex_destroy' in 'sysPrxForUser' module
LDR: ! Imported function '_sys_spu_printf_finalize' in 'sysPrxForUser' module
LDR: ! Imported function 'sys_spu_image_close' in 'sysPrxForUser' module
LDR: ! Imported function 'sys_process_exit' in 'sysPrxForUser' module
LDR: ! Imported function 'sys_spu_image_import' in 'sysPrxForUser' module
LDR: ! Imported function 'sys_prx_unload_module' in 'sysPrxForUser' module
LDR: ! Imported function 'sys_raw_spu_load' in 'sysPrxForUser' module
LDR: ! Imported function 'sceNpTrophyRegisterContext' in 'sceNpTrophy' module
LDR: ! Imported function 'sceNpTrophyCreateHandle' in 'sceNpTrophy' module
LDR: ! Imported function 'sceNpTrophyGetRequiredDiskSpace' in 'sceNpTrophy' module
LDR: ! Imported function 'sceNpTrophyDestroyContext' in 'sceNpTrophy' module
LDR: ! Imported function 'sceNpTrophyInit' in 'sceNpTrophy' module
LDR: ! Imported function 'sceNpTrophyAbortHandle' in 'sceNpTrophy' module
LDR: ! Imported function 'sceNpTrophyDestroyHandle' in 'sceNpTrophy' module
LDR: ! Imported function 'sceNpTrophyUnlockTrophy' in 'sceNpTrophy' module
LDR: ! Imported function 'sceNpTrophyTerm' in 'sceNpTrophy' module
LDR: ! Imported function 'sceNpTrophyCreateContext' in 'sceNpTrophy' module
LDR: W Unimplemented function 'cellCelpEncClose' in 'cellCelpEnc' module
LDR: W Unimplemented function 'cellCelpEncGetAu' in 'cellCelpEnc' module
LDR: W Unimplemented function 'cellCelpEncStart' in 'cellCelpEnc' module
LDR: W Unimplemented function 'cellCelpEncQueryAttr' in 'cellCelpEnc' module
LDR: W Unimplemented function 'cellCelpEncOpen' in 'cellCelpEnc' module
LDR: W Unimplemented function 'cellCelpEncEncodeFrame' in 'cellCelpEnc' module
LDR: W Unimplemented function 'cellCelpEncWaitForOutput' in 'cellCelpEnc' module
LDR: W Unimplemented function 'cellCelpEncEnd' in 'cellCelpEnc' module
LDR: ! Imported function 'cellAdecDecodeAu' in 'cellAdec' module
LDR: ! Imported function 'cellAdecStartSeq' in 'cellAdec' module
LDR: ! Imported function 'cellAdecQueryAttr' in 'cellAdec' module
LDR: ! Imported function 'cellAdecClose' in 'cellAdec' module
LDR: ! Imported function 'cellAdecGetPcm' in 'cellAdec' module
LDR: ! Imported function 'cellAdecGetPcmItem' in 'cellAdec' module
LDR: ! Imported function 'cellAdecOpen' in 'cellAdec' module
LDR: ! Imported function 'cellAdecEndSeq' in 'cellAdec' module
LDR: W Unknown module 'cellHttp'
LDR: ! Imported function 'cellHttpInit' in 'cellHttp' module
LDR: ! Imported function 'cellHttpsInit' in 'cellHttp' module
LDR: ! Imported function 'cellHttpEndCookie' in 'cellHttp' module
LDR: ! Imported function 'cellHttpInitCookie' in 'cellHttp' module
LDR: ! Imported function 'cellHttpEnd' in 'cellHttp' module
LDR: ! Imported function 'cellHttpsEnd' in 'cellHttp' module
LDR: W Unknown module 'sceNpCommerce2'
LDR: ! Imported function 'sceNpCommerce2DoCheckoutStartAsync' in 'sceNpCommerce2' module
LDR: ! Imported function 'sceNpCommerce2DestroyReq' in 'sceNpCommerce2' module
LDR: ! Imported function 'sceNpCommerce2Init' in 'sceNpCommerce2' module
LDR: ! Imported function 'sceNpCommerce2GetCategoryContentsStart' in 'sceNpCommerce2' module
LDR: ! Imported function 'sceNpCommerce2DoDlListFinishAsync' in 'sceNpCommerce2' module
LDR: ! Imported function 'sceNpCommerce2Term' in 'sceNpCommerce2' module
LDR: ! Imported function 'sceNpCommerce2CreateSessionAbort' in 'sceNpCommerce2' module
LDR: ! Imported function 'sceNpCommerce2DoDlListStartAsync' in 'sceNpCommerce2' module
LDR: ! Imported function 'sceNpCommerce2DestroyCtx' in 'sceNpCommerce2' module
LDR: ! Imported function 'sceNpCommerce2GetCategoryContentsCreateReq' in 'sceNpCommerce2' module
LDR: ! Imported function 'sceNpCommerce2AbortReq' in 'sceNpCommerce2' module
LDR: ! Imported function 'sceNpCommerce2GetProductInfoStart' in 'sceNpCommerce2' module
LDR: ! Imported function 'sceNpCommerce2CreateSessionFinish' in 'sceNpCommerce2' module
LDR: ! Imported function 'sceNpCommerce2GetContentInfo' in 'sceNpCommerce2' module
LDR: ! Imported function 'sceNpCommerce2DestroyGetCategoryContentsResult' in 'sceNpCommerce2' module
LDR: ! Imported function 'sceNpCommerce2SetBGDLAvailability' in 'sceNpCommerce2' module
LDR: ! Imported function 'sceNpCommerce2GetProductInfoCreateReq' in 'sceNpCommerce2' module
LDR: ! Imported function 'sceNpCommerce2GetCategoryInfo' in 'sceNpCommerce2' module
LDR: ! Imported function 'sceNpCommerce2GetProductInfoGetResult' in 'sceNpCommerce2' module
LDR: ! Imported function 'sceNpCommerce2GetCategoryContentsGetResult' in 'sceNpCommerce2' module
LDR: ! Imported function 'sceNpCommerce2CreateSessionStart' in 'sceNpCommerce2' module
LDR: ! Imported function 'sceNpCommerce2DoCheckoutFinishAsync' in 'sceNpCommerce2' module
LDR: ! Imported function 'sceNpCommerce2InitGetCategoryContentsResult' in 'sceNpCommerce2' module
LDR: ! Imported function 'sceNpCommerce2CreateCtx' in 'sceNpCommerce2' module
LDR: ! Imported function 'sceNpCommerce2GetPrice' in 'sceNpCommerce2' module
LDR: ! Imported function 'sceNpCommerce2GetGameSkuInfoFromGameProductInfo' in 'sceNpCommerce2' module
LDR: ! Imported function 'sceNpCommerce2GetGameProductInfoFromContentInfo' in 'sceNpCommerce2' module
LDR: ! Imported function 'sceNpCommerce2GetGameProductInfo' in 'sceNpCommerce2' module
LDR: ! Imported function 'sceNpCommerce2DestroyGetProductInfoResult' in 'sceNpCommerce2' module
LDR: ! Imported function 'sceNpCommerce2InitGetProductInfoResult' in 'sceNpCommerce2' module
LDR: ! Imported function 'sceNpCommerce2GetCategoryInfoFromContentInfo' in 'sceNpCommerce2' module
LDR: ! Imported function 'cellGameGetParamString' in 'cellGame' module
LDR: ! Imported function 'cellGameContentPermit' in 'cellGame' module
LDR: ! Imported function 'cellGameContentErrorDialog' in 'cellGame' module
LDR: ! Imported function 'cellGamePatchCheck' in 'cellGame' module
LDR: ! Imported function 'cellGameDataCheck' in 'cellGame' module
LDR: ! Imported function 'cellGameBootCheck' in 'cellGame' module
LDR: W Unimplemented function 'cellSslEnd' in 'cellSsl' module
LDR: W Unimplemented function 'cellSslCertificateLoader' in 'cellSsl' module
LDR: W Unimplemented function 'cellSslInit' in 'cellSsl' module
LDR: W Unimplemented function 'cellMicRead' in 'cellMic' module
LDR: W Unimplemented function 'cellMicIsAttached' in 'cellMic' module
LDR: W Unimplemented function 'cellMicSetSignalAttr' in 'cellMic' module
LDR: W Unimplemented function 'cellMicInit' in 'cellMic' module
LDR: W Unimplemented function 'cellMicClose' in 'cellMic' module
LDR: W Unimplemented function 'cellMicGetSignalState' in 'cellMic' module
LDR: W Unimplemented function 'cellMicEnd' in 'cellMic' module
LDR: W Unimplemented function 'cellMicOpen' in 'cellMic' module
LDR: W Unimplemented function 'cellMicStart' in 'cellMic' module
LDR: W Unknown module 'cellSysutilAvconfExt'
LDR: ! Imported function 'cellVideoOutSetGamma' in 'cellSysutilAvconfExt' module
HLE: W {PPU[1] Thread (CPUThread)[0x017ba040]} sys_lwmutex warning: sys_lwmutex_create(lwmutex_addr=0x1788210, attr_addr=0x7f5c54)
HLE: ! {PPU[1] Thread (CPUThread)[0x017ba040]} sys_lwmutex: *** lwmutex created [_lc_mtx] (attribute=0x12): sq_id = 3
HLE: W {PPU[1] Thread (CPUThread)[0x005cf1c0]} sys_memory warning: sys_memory_get_user_memory_size(mem_info_addr=0xd000fc04)
HLE: W {PPU[1] Thread (CPUThread)[0x017ba040]} sys_lwmutex warning: sys_lwmutex_create(lwmutex_addr=0x1787e60, attr_addr=0x7f5c54)
HLE: ! {PPU[1] Thread (CPUThread)[0x017ba040]} sys_lwmutex: *** lwmutex created [_lc_mtx] (attribute=0x12): sq_id = 4
HLE: W {PPU[1] Thread (CPUThread)[0x017ba040]} sys_lwmutex warning: sys_lwmutex_create(lwmutex_addr=0x17871a8, attr_addr=0x7f5c54)
HLE: ! {PPU[1] Thread (CPUThread)[0x017ba040]} sys_lwmutex: *** lwmutex created [_lc_mtx] (attribute=0x12): sq_id = 5
HLE: W {PPU[1] Thread (CPUThread)[0x017ba040]} sys_lwmutex warning: sys_lwmutex_create(lwmutex_addr=0x17871d0, attr_addr=0x7f5c54)
HLE: ! {PPU[1] Thread (CPUThread)[0x017ba040]} sys_lwmutex: *** lwmutex created [_lc_mtx] (attribute=0x12): sq_id = 6
HLE: W {PPU[1] Thread (CPUThread)[0x017ba040]} sys_lwmutex warning: sys_lwmutex_create(lwmutex_addr=0x17871f8, attr_addr=0x7f5c54)
HLE: ! {PPU[1] Thread (CPUThread)[0x017ba040]} sys_lwmutex: *** lwmutex created [_lc_mtx] (attribute=0x12): sq_id = 7
HLE: W {PPU[1] Thread (CPUThread)[0x017ba040]} sys_lwmutex warning: sys_lwmutex_create(lwmutex_addr=0x17870e0, attr_addr=0x7f5c54)
HLE: ! {PPU[1] Thread (CPUThread)[0x017ba040]} sys_lwmutex: *** lwmutex created [_lc_mtx] (attribute=0x12): sq_id = 8
HLE: W {PPU[1] Thread (CPUThread)[0x017ba040]} sys_lwmutex warning: sys_lwmutex_create(lwmutex_addr=0x1787108, attr_addr=0x7f5c54)
HLE: ! {PPU[1] Thread (CPUThread)[0x017ba040]} sys_lwmutex: *** lwmutex created [_lc_mtx] (attribute=0x12): sq_id = 9
HLE: W {PPU[1] Thread (CPUThread)[0x017ba040]} sys_lwmutex warning: sys_lwmutex_create(lwmutex_addr=0x1787130, attr_addr=0x7f5c54)
HLE: ! {PPU[1] Thread (CPUThread)[0x017ba040]} sys_lwmutex: *** lwmutex created [_lc_mtx] (attribute=0x12): sq_id = 10
HLE: W {PPU[1] Thread (CPUThread)[0x017ba040]} sys_lwmutex warning: sys_lwmutex_create(lwmutex_addr=0x1787158, attr_addr=0x7f5c54)
HLE: ! {PPU[1] Thread (CPUThread)[0x017ba040]} sys_lwmutex: *** lwmutex created [_lc_mtx] (attribute=0x12): sq_id = 11
HLE: W {PPU[1] Thread (CPUThread)[0x017ba040]} sys_lwmutex warning: sys_lwmutex_create(lwmutex_addr=0x1787180, attr_addr=0x7f5c54)
HLE: ! {PPU[1] Thread (CPUThread)[0x017ba040]} sys_lwmutex: *** lwmutex created [_lc_mtx] (attribute=0x12): sq_id = 12
HLE: W {PPU[1] Thread (CPUThread)[0x017b4010]} cellSysmodule warning: cellSysmoduleLoadModule(CELL_SYSMODULE_IO)
HLE: W {PPU[1] Thread (CPUThread)[0x017b4010]} cellSysmodule warning: cellSysmoduleLoadModule(CELL_SYSMODULE_NET)
HLE: W {PPU[1] Thread (CPUThread)[0x017b4010]} cellSysmodule warning: cellSysmoduleLoadModule(CELL_SYSMODULE_SYSUTIL_NP)
HLE: W {PPU[1] Thread (CPUThread)[0x017b4010]} cellSysmodule warning: cellSysmoduleLoadModule(CELL_SYSMODULE_SYSUTIL_NP_TROPHY)
HLE: W {PPU[1] Thread (CPUThread)[0x017b4010]} cellSysmodule warning: cellSysmoduleLoadModule(CELL_SYSMODULE_SPURS)
HLE: W {PPU[1] Thread (CPUThread)[0x017b4010]} cellSysmodule warning: cellSysmoduleLoadModule(CELL_SYSMODULE_SYNC)
HLE: W {PPU[1] Thread (CPUThread)[0x017b4010]} cellSysmodule warning: cellSysmoduleLoadModule(CELL_SYSMODULE_FS)
HLE: W {PPU[1] Thread (CPUThread)[0x017b4010]} cellSysmodule warning: cellSysmoduleLoadModule(CELL_SYSMODULE_GCM_SYS)
HLE: W {PPU[1] Thread (CPUThread)[0x017b4010]} cellSysmodule warning: cellSysmoduleLoadModule(CELL_SYSMODULE_GCM_SYS)
HLE: W {PPU[1] Thread (CPUThread)[0x017b4010]} cellSysmodule warning: cellSysmoduleLoadModule(CELL_SYSMODULE_SHEAP)
HLE: W {PPU[1] Thread (CPUThread)[0x017b4010]} cellSysmodule warning: cellSysmoduleLoadModule(CELL_SYSMODULE_USBD)
HLE: W {PPU[1] Thread (CPUThread)[0x017b4010]} cellSysmodule warning: cellSysmoduleLoadModule(CELL_SYSMODULE_AUDIO)
HLE: W {PPU[1] Thread (CPUThread)[0x017b4010]} cellSysmodule warning: cellSysmoduleLoadModule(CELL_SYSMODULE_SYSUTIL)
HLE: W {PPU[1] Thread (CPUThread)[0x017b4010]} cellSysmodule warning: cellSysmoduleLoadModule(CELL_SYSMODULE_RTC)
HLE: W {PPU[1] Thread (CPUThread)[0x017b4010]} cellSysmodule warning: cellSysmoduleLoadModule(CELL_SYSMODULE_AVCONF_EXT)
HLE: W {PPU[1] Thread (CPUThread)[0x017b4010]} cellSysmodule warning: cellSysmoduleLoadModule(CELL_SYSMODULE_MIC)
HLE: W {PPU[1] Thread (CPUThread)[0x017b4010]} cellSysmodule warning: cellSysmoduleLoadModule(CELL_SYSMODULE_SYSUTIL_GAME)
HLE: W {PPU[1] Thread (CPUThread)[0x017b4010]} cellSysmodule warning: cellSysmoduleLoadModule(CELL_SYSMODULE_SYSUTIL_NP_COMMERCE2)
HLE: W {PPU[1] Thread (CPUThread)[0x017b4010]} cellSysmodule warning: cellSysmoduleLoadModule(CELL_SYSMODULE_HTTPS)
HLE: W {PPU[1] Thread (CPUThread)[0x017ba040]} sys_lwmutex warning: sys_lwmutex_create(lwmutex_addr=0x17ad6a8, attr_addr=0xd000fb60)
HLE: ! {PPU[1] Thread (CPUThread)[0x017ba040]} sys_lwmutex: *** lwmutex created [] (attribute=0x11): sq_id = 13
HLE: W {PPU[1] Thread (CPUThread)[0x017ba040]} sys_lwmutex warning: sys_lwmutex_create(lwmutex_addr=0x17ad620, attr_addr=0xd000fbf0)
HLE: ! {PPU[1] Thread (CPUThread)[0x017ba040]} sys_lwmutex: *** lwmutex created [] (attribute=0x11): sq_id = 14
HLE: W {PPU[1] Thread (CPUThread)[0x017ba040]} sys_lwmutex warning: sys_lwmutex_create(lwmutex_addr=0x17908a0, attr_addr=0xd000fbf0)
HLE: ! {PPU[1] Thread (CPUThread)[0x017ba040]} sys_lwmutex: *** lwmutex created [] (attribute=0x11): sq_id = 15
HLE: W {PPU[1] Thread (CPUThread)[0x017ba040]} sys_lwmutex warning: sys_lwmutex_create(lwmutex_addr=0x17907e0, attr_addr=0xd000fbd0)
HLE: ! {PPU[1] Thread (CPUThread)[0x017ba040]} sys_lwmutex: *** lwmutex created [] (attribute=0x11): sq_id = 16
HLE: W {PPU[1] Thread (CPUThread)[0x002ad048]} sys_mutex warning: *** mutex created [] (protocol=0x2, recursive=true): id = 17
HLE: W {PPU[1] Thread (CPUThread)[0x017ba040]} sys_lwmutex warning: sys_lwmutex_create(lwmutex_addr=0x1788890, attr_addr=0x11a4cec)
HLE: ! {PPU[1] Thread (CPUThread)[0x017ba040]} sys_lwmutex: *** lwmutex created [_lgcmtx] (attribute=0x12): sq_id = 18
HLE: W {PPU[1] Thread (CPUThread)[0x017ba040]} sys_lwmutex warning: sys_lwmutex_create(lwmutex_addr=0x1788850, attr_addr=0x11a4cfc)
HLE: ! {PPU[1] Thread (CPUThread)[0x017ba040]} sys_lwmutex: *** lwmutex created [_lgcmtx] (attribute=0x22): sq_id = 19
HLE: W {PPU[1] Thread (CPUThread)[0x017ba040]} sys_lwmutex warning: sys_lwmutex_create(lwmutex_addr=0x12d2910, attr_addr=0xd000f4c0)
HLE: ! {PPU[1] Thread (CPUThread)[0x017ba040]} sys_lwmutex: *** lwmutex created [] (attribute=0x12): sq_id = 20
HLE: W {PPU[1] Thread (CPUThread)[0x017ba040]} sys_lwmutex warning: sys_lwmutex_create(lwmutex_addr=0x39efffd0, attr_addr=0x7f5c54)
HLE: ! {PPU[1] Thread (CPUThread)[0x017ba040]} sys_lwmutex: *** lwmutex created [_lc_mtx] (attribute=0x12): sq_id = 21
HLE: W {PPU[1] Thread (CPUThread)[0x017ba040]} sys_lwmutex warning: sys_lwmutex_create(lwmutex_addr=0x39efff48, attr_addr=0x7f5c54)
HLE: ! {PPU[1] Thread (CPUThread)[0x017ba040]} sys_lwmutex: *** lwmutex created [_lc_mtx] (attribute=0x12): sq_id = 22
HLE: W {PPU[1] Thread (CPUThread)[0x017ba040]} sys_lwmutex warning: sys_lwmutex_create(lwmutex_addr=0x39effea0, attr_addr=0x7f5c54)
HLE: ! {PPU[1] Thread (CPUThread)[0x017ba040]} sys_lwmutex: *** lwmutex created [_lc_mtx] (attribute=0x12): sq_id = 23
HLE: W {PPU[1] Thread (CPUThread)[0x017ba040]} sys_lwmutex warning: sys_lwmutex_create(lwmutex_addr=0x39effe38, attr_addr=0x7f5c54)
HLE: ! {PPU[1] Thread (CPUThread)[0x017ba040]} sys_lwmutex: *** lwmutex created [_lc_mtx] (attribute=0x12): sq_id = 24
HLE: W {PPU[1] Thread (CPUThread)[0x017ba040]} sys_lwmutex warning: sys_lwmutex_create(lwmutex_addr=0x39effdf0, attr_addr=0x7f5c54)
HLE: ! {PPU[1] Thread (CPUThread)[0x017ba040]} sys_lwmutex: *** lwmutex created [_lc_mtx] (attribute=0x12): sq_id = 25
HLE: W {PPU[1] Thread (CPUThread)[0x017ba040]} sys_lwmutex warning: sys_lwmutex_create(lwmutex_addr=0x39effda8, attr_addr=0x7f5c54)
HLE: ! {PPU[1] Thread (CPUThread)[0x017ba040]} sys_lwmutex: *** lwmutex created [_lc_mtx] (attribute=0x12): sq_id = 26
HLE: W {PPU[1] Thread (CPUThread)[0x017ba040]} sys_lwmutex warning: sys_lwmutex_create(lwmutex_addr=0x39effcd8, attr_addr=0x7f5c54)
HLE: ! {PPU[1] Thread (CPUThread)[0x017ba040]} sys_lwmutex: *** lwmutex created [_lc_mtx] (attribute=0x12): sq_id = 27
HLE: W {PPU[1] Thread (CPUThread)[0x017ba040]} sys_lwmutex warning: sys_lwmutex_create(lwmutex_addr=0x39effca0, attr_addr=0x7f5c54)
HLE: ! {PPU[1] Thread (CPUThread)[0x017ba040]} sys_lwmutex: *** lwmutex created [_lc_mtx] (attribute=0x12): sq_id = 28
HLE: W {PPU[1] Thread (CPUThread)[0x017ba040]} sys_lwmutex warning: sys_lwmutex_create(lwmutex_addr=0x39effc68, attr_addr=0x7f5c54)
HLE: ! {PPU[1] Thread (CPUThread)[0x017ba040]} sys_lwmutex: *** lwmutex created [_lc_mtx] (attribute=0x12): sq_id = 29
HLE: W {PPU[1] Thread (CPUThread)[0x017ba040]} sys_lwmutex warning: sys_lwmutex_create(lwmutex_addr=0x39effc30, attr_addr=0x7f5c54)
HLE: ! {PPU[1] Thread (CPUThread)[0x017ba040]} sys_lwmutex: *** lwmutex created [_lc_mtx] (attribute=0x12): sq_id = 30
HLE: W {PPU[1] Thread (CPUThread)[0x017ba040]} sys_lwmutex warning: sys_lwmutex_create(lwmutex_addr=0x39effbf8, attr_addr=0x7f5c54)
HLE: ! {PPU[1] Thread (CPUThread)[0x017ba040]} sys_lwmutex: *** lwmutex created [_lc_mtx] (attribute=0x12): sq_id = 31
HLE: W {PPU[1] Thread (CPUThread)[0x017ba040]} sys_lwmutex warning: sys_lwmutex_create(lwmutex_addr=0x39effbc0, attr_addr=0x7f5c54)
HLE: ! {PPU[1] Thread (CPUThread)[0x017ba040]} sys_lwmutex: *** lwmutex created [_lc_mtx] (attribute=0x12): sq_id = 32
HLE: W {PPU[1] Thread (CPUThread)[0x017ba040]} sys_lwmutex warning: sys_lwmutex_create(lwmutex_addr=0x1785f38, attr_addr=0xd000fb20)
HLE: ! {PPU[1] Thread (CPUThread)[0x017ba040]} sys_lwmutex: *** lwmutex created [] (attribute=0x12): sq_id = 33
HLE: W {PPU[1] Thread (CPUThread)[0x002ac0fc]} sys_semaphore warning: sys_semaphore_create(sem_addr=0x17824e8, attr_addr=0xd000fb40, initial_count=0, max_count=100000)
HLE: ! {PPU[1] Thread (CPUThread)[0x002ac0fc]} sys_semaphore: *** semaphore created [] (protocol=0x2): id = 34
HLE: W {PPU[1] Thread (CPUThread)[0x002ad048]} sys_mutex warning: *** mutex created [] (protocol=0x2, recursive=true): id = 35
HLE: W {PPU[1] Thread (CPUThread)[0x002ad048]} sys_mutex warning: *** mutex created [] (protocol=0x2, recursive=true): id = 36
HLE: W {PPU[1] Thread (CPUThread)[0x002ad048]} sys_mutex warning: *** mutex created [] (protocol=0x2, recursive=true): id = 37
HLE: W {PPU[1] Thread (CPUThread)[0x002ac0fc]} sys_semaphore warning: sys_semaphore_create(sem_addr=0x14c3f88, attr_addr=0xd000fb40, initial_count=0, max_count=100000)
HLE: ! {PPU[1] Thread (CPUThread)[0x002ac0fc]} sys_semaphore: *** semaphore created [] (protocol=0x2): id = 38
HLE: W {PPU[1] Thread (CPUThread)[0x002ac0fc]} sys_semaphore warning: sys_semaphore_create(sem_addr=0x154afa8, attr_addr=0xd000fb40, initial_count=0, max_count=100000)
HLE: ! {PPU[1] Thread (CPUThread)[0x002ac0fc]} sys_semaphore: *** semaphore created [] (protocol=0x2): id = 39
HLE: W {PPU[1] Thread (CPUThread)[0x002ac9f8]} sys_mutex warning: *** mutex created [] (protocol=0x2, recursive=false): id = 40
HLE: W {PPU[1] Thread (CPUThread)[0x002acac8]} sys_cond warning: *** condition created [] (mutex_id=40): id = 41
HLE: W {PPU[1] Thread (CPUThread)[0x002ac0fc]} sys_semaphore warning: sys_semaphore_create(sem_addr=0x154afc8, attr_addr=0xd000fb40, initial_count=0, max_count=100000)
HLE: ! {PPU[1] Thread (CPUThread)[0x002ac0fc]} sys_semaphore: *** semaphore created [] (protocol=0x2): id = 42
HLE: W {PPU[1] Thread (CPUThread)[0x002ac0fc]} sys_semaphore warning: sys_semaphore_create(sem_addr=0x154afe8, attr_addr=0xd000fb40, initial_count=0, max_count=100000)
HLE: ! {PPU[1] Thread (CPUThread)[0x002ac0fc]} sys_semaphore: *** semaphore created [] (protocol=0x2): id = 43
HLE: W {PPU[1] Thread (CPUThread)[0x002ac0fc]} sys_semaphore warning: sys_semaphore_create(sem_addr=0x154b008, attr_addr=0xd000fb40, initial_count=0, max_count=100000)
HLE: ! {PPU[1] Thread (CPUThread)[0x002ac0fc]} sys_semaphore: *** semaphore created [] (protocol=0x2): id = 44
HLE: W {PPU[1] Thread (CPUThread)[0x017b207c]} cellSysutil warning: cellVideoOutGetResolutionAvailability(videoOut=0, resolutionId=0x1, option_addr=0x0, aspect=0x0, option=0x3808bcc0)
HLE: W {PPU[1] Thread (CPUThread)[0x002ac9f8]} sys_mutex warning: *** mutex created [] (protocol=0x2, recursive=false): id = 45
HLE: W {PPU[1] Thread (CPUThread)[0x002acac8]} sys_cond warning: *** condition created [] (mutex_id=45): id = 46
HLE: W {PPU[1] Thread (CPUThread)[0x002ac9f8]} sys_mutex warning: *** mutex created [] (protocol=0x2, recursive=false): id = 47
HLE: W {PPU[1] Thread (CPUThread)[0x002acac8]} sys_cond warning: *** condition created [] (mutex_id=47): id = 48
HLE: W {PPU[1] Thread (CPUThread)[0x002ac0fc]} sys_semaphore warning: sys_semaphore_create(sem_addr=0x125f780, attr_addr=0xd000fb50, initial_count=0, max_count=100000)
HLE: ! {PPU[1] Thread (CPUThread)[0x002ac0fc]} sys_semaphore: *** semaphore created [] (protocol=0x2): id = 49
HLE: W {PPU[1] Thread (CPUThread)[0x017b4010]} cellSysmodule warning: cellSysmoduleLoadModule(CELL_SYSMODULE_FS)
HLE: W {PPU[1] Thread (CPUThread)[0x008da07c]} sys_fs warning: cellFsStat(path="/app_home/", sb_addr=0xd000f720)
PPU: ! {PPULLVMRecompiler} Removed 1 old versions
HLE: W {PPU[1] Thread (CPUThread)[0x002ac0fc]} sys_semaphore warning: sys_semaphore_create(sem_addr=0x12471e8, attr_addr=0xd000fac0, initial_count=0, max_count=100000)
HLE: ! {PPU[1] Thread (CPUThread)[0x002ac0fc]} sys_semaphore: *** semaphore created [] (protocol=0x2): id = 50
HLE: W {PPU[1] Thread (CPUThread)[0x002ac0fc]} sys_semaphore warning: sys_semaphore_create(sem_addr=0x1247248, attr_addr=0xd000fb50, initial_count=0, max_count=100000)
HLE: ! {PPU[1] Thread (CPUThread)[0x002ac0fc]} sys_semaphore: *** semaphore created [] (protocol=0x2): id = 51
HLE: W {PPU[1] Thread (CPUThread)[0x002ac0fc]} sys_semaphore warning: sys_semaphore_create(sem_addr=0x11d2e60, attr_addr=0xd000faa0, initial_count=0, max_count=100000)
HLE: ! {PPU[1] Thread (CPUThread)[0x002ac0fc]} sys_semaphore: *** semaphore created [] (protocol=0x2): id = 52
HLE: E {PPU[1] Thread (CPUThread)[0x017ba058]} sys_prx TODO: sys_prx_register_library(lib_addr=0x7dcbfc)
HLE: E {PPU[1] Thread (CPUThread)[0x017ba058]} sys_prx TODO: sys_prx_register_library(lib_addr=0x7dcc18)
HLE: W {PPU[1] Thread (CPUThread)[0x017b2070]} cellSysutil warning: cellSysutilRegisterCallback(slot=3, func_addr=0x91d1d8, userdata=0x0)
HLE: W {PPU[1] Thread (CPUThread)[0x002aa42c]} sys_spu warning: sys_spu_initialize(max_usable_spu=4, max_raw_spu=2)
HLE: W {PPU[1] Thread (CPUThread)[0x017ba040]} sys_lwmutex warning: sys_lwmutex_create(lwmutex_addr=0x31a08500, attr_addr=0xd000f730)
HLE: ! {PPU[1] Thread (CPUThread)[0x017ba040]} sys_lwmutex: *** lwmutex created [] (attribute=0x12): sq_id = 53
HLE: W {PPU[1] Thread (CPUThread)[0x017ba040]} sys_lwmutex warning: sys_lwmutex_create(lwmutex_addr=0x31a08a30, attr_addr=0xd000f730)
HLE: ! {PPU[1] Thread (CPUThread)[0x017ba040]} sys_lwmutex: *** lwmutex created [] (attribute=0x12): sq_id = 54
HLE: W {PPU[1] Thread (CPUThread)[0x017b2040]} cellSysutil warning: cellVideoOutGetNumberOfDevice(videoOut=0)
HLE: W {PPU[1] Thread (CPUThread)[0x017b4010]} cellSysmodule warning: cellSysmoduleLoadModule(CELL_SYSMODULE_GCM_SYS)
HLE: W {PPU[1] Thread (CPUThread)[0x008dc01c]} cellGcmSys warning: _cellGcmInitBody(context_addr=0x1788238, cmdSize=0x3ff000, ioSize=0x400000, ioAddress=0x30200000)
HLE: W {PPU[1] Thread (CPUThread)[0x008dc01c]} cellGcmSys warning: *** local memory(addr=0xc0000000, size=0xf900000)
HLE: W {PPU[1] Thread (CPUThread)[0x008dc01c]} cellGcmSys warning: cellGcmInit(): 256MB io address space used
HLE: W {PPU[1] Thread (CPUThread)[0x008dc01c]} cellGcmSys warning: cellGcmMapEaIoAddress(ea=0x30200000, io=0x0, size=0x400000)
RSX: ! {RSXThread} RSX thread started
HLE: W {PPU[1] Thread (CPUThread)[0x008dc0ac]} cellGcmSys warning: cellGcmMapMainMemory(ea=0x30600000,size=0x9900000,offset_addr=0xd000f5a0)
HLE: W {PPU[1] Thread (CPUThread)[0x008dc070]} cellGcmSys warning: cellGcmSetDebugOutputLevel(level=0)
HLE: W {PPU[1] Thread (CPUThread)[0x008dc0e8]} cellGcmSys warning: cellGcmSetVBlankHandler(handler_addr=0x9282a0)
HLE: W {PPU[1] Thread (CPUThread)[0x008dc064]} cellGcmSys warning: cellGcmSetSecondVFrequency(level=2)
HLE: W {PPU[1] Thread (CPUThread)[0x017b2010]} cellSysutil warning: cellVideoOutConfigure(videoOut=0, config_addr=0xd000f664, option_addr=0x0, waitForEvent=0x0)
HLE: W {PPU[1] Thread (CPUThread)[0x008dc0f4]} cellGcmSys warning: cellGcmSetTileInfo(index=0, location=0, offset=0, size=3932160, pitch=5120, comp=10, base=0, bank=1)
HLE: E {PPU[1] Thread (CPUThread)[0x008dc0f4]} cellGcmSys error: cellGcmSetTileInfo: bad compression mode! (10)
HLE: W {PPU[1] Thread (CPUThread)[0x008dc04c]} cellGcmSys warning: cellGcmBindTile(index=0)
HLE: E {PPU[1] Thread (CPUThread)[0x008dc10c]} cellGcmSys TODO: cellGcmSetZcull(index=0, offset=0x0, width=1280, height=768, cullStart=0x0, zFormat=0x2, aaFormat=0x0, zCullDir=0x0, zCullFormat=0x1, sFunc=0x0, sRef=0x80, sMask=0xff)
HLE: W {PPU[1] Thread (CPUThread)[0x008dc0f4]} cellGcmSys warning: cellGcmSetTileInfo(index=1, location=0, offset=3932160, size=7864320, pitch=5120, comp=0, base=0, bank=0)
HLE: W {PPU[1] Thread (CPUThread)[0x008dc04c]} cellGcmSys warning: cellGcmBindTile(index=1)
HLE: W {PPU[1] Thread (CPUThread)[0x008dc058]} cellGcmSys warning: cellGcmSetFlipMode(mode=2)
HLE: W {PPU[1] Thread (CPUThread)[0x008dc0e8]} cellGcmSys warning: cellGcmSetVBlankHandler(handler_addr=0x928290)
HLE: W {PPU[1] Thread (CPUThread)[0x008dc010]} cellGcmSys warning: cellGcmSetUserHandler(handler_addr=0x9282a8)
HLE: W {PPU[1] Thread (CPUThread)[0x008dc0b8]} cellGcmSys warning: cellGcmSetFlipHandler(handler_addr=9601672)
HLE: W {PPU[1] Thread (CPUThread)[0x002ac9f8]} sys_mutex warning: *** mutex created [] (protocol=0x2, recursive=false): id = 55
HLE: W {PPU[1] Thread (CPUThread)[0x002acac8]} sys_cond warning: *** condition created [] (mutex_id=55): id = 56
HLE: ! {PPU[1] Thread (CPUThread)[0x017ba01c]} sys_ppu_thread: *** New PPU Thread [] (non-joinable, entry=0x91d270): id = 57
HLE: W {PPU[1] Thread (CPUThread)[0x017ba040]} sys_lwmutex warning: sys_lwmutex_create(lwmutex_addr=0x31a08f60, attr_addr=0xd000f6c0)
HLE: ! {PPU[1] Thread (CPUThread)[0x017ba040]} sys_lwmutex: *** lwmutex created [] (attribute=0x12): sq_id = 58
HLE: W {PPU[1] Thread (CPUThread)[0x017ba0e8]} sys_lwmutex warning: sys_lwmutex_destroy(lwmutex_addr=0x31a08f60)
HLE: W {PPU[1] Thread (CPUThread)[0x002ac9f8]} sys_mutex warning: *** mutex created [] (protocol=0x2, recursive=false): id = 59
HLE: W {PPU[1] Thread (CPUThread)[0x002acac8]} sys_cond warning: *** condition created [] (mutex_id=59): id = 60
HLE: ! {PPU[1] Thread (CPUThread)[0x017ba01c]} sys_ppu_thread: *** New PPU Thread [] (non-joinable, entry=0x91d270): id = 61
HLE: W {PPU[1] Thread (CPUThread)[0x017ba040]} sys_lwmutex warning: sys_lwmutex_create(lwmutex_addr=0x31a48390, attr_addr=0xd000f7e0)
HLE: ! {PPU[1] Thread (CPUThread)[0x017ba040]} sys_lwmutex: *** lwmutex created [] (attribute=0x12): sq_id = 62
HLE: W {PPU[1] Thread (CPUThread)[0x002ad048]} sys_mutex warning: *** mutex created [] (protocol=0x2, recursive=true): id = 63
HLE: W {PPU[1] Thread (CPUThread)[0x002ad048]} sys_mutex warning: *** mutex created [] (protocol=0x2, recursive=true): id = 64
HLE: W {PPU[1] Thread (CPUThread)[0x002ad048]} sys_mutex warning: *** mutex created [] (protocol=0x2, recursive=true): id = 65
HLE: W {PPU[1] Thread (CPUThread)[0x002ac9f8]} sys_mutex warning: *** mutex created [] (protocol=0x2, recursive=false): id = 66
HLE: W {PPU[1] Thread (CPUThread)[0x002acac8]} sys_cond warning: *** condition created [] (mutex_id=66): id = 67
HLE: W {PPU[1] Thread (CPUThread)[0x002ac9f8]} sys_mutex warning: *** mutex created [] (protocol=0x2, recursive=false): id = 68
HLE: W {PPU[1] Thread (CPUThread)[0x002acac8]} sys_cond warning: *** condition created [] (mutex_id=68): id = 69
HLE: ! {PPU[1] Thread (CPUThread)[0x017ba01c]} sys_ppu_thread: *** New PPU Thread [null:] (non-joinable, entry=0x91d270): id = 70
HLE: W {PPU[70] Thread (null:)[0x002ad8c0]} sys_cond warning: *** condition on recursive mutex(65)
HLE: W {PPU[70] Thread (null:)[0x002ad8c0]} sys_cond warning: *** condition created [] (mutex_id=65): id = 71
PPU: ! {PPULLVMRecompiler} Removed 22 old versions
PPU: ! {PPULLVMRecompiler} Removed 15 old versions
RSX: W {VBlank thread} VBlank thread aborted
HLE: W {PPU[70] Thread (null:)[0x002ad908]} sys_cond warning: sys_cond_wait(id=71) aborted
RSX: W {RSXThread} RSX thread aborted
HLE: W {PPU[61] Thread[0x002ad394]} sys_cond warning: sys_cond_wait(id=46) aborted
HLE: W {PPU[57] Thread[0x002ad394]} sys_cond warning: sys_cond_wait(id=41) aborted
PPU: ! {PPULLVMRecompiler} PPU LLVM compiler thread exiting.
HLE: W {PPU[1] Thread (CPUThread)[0x002abf84]} sys_timer warning: sys_timer_usleep(sleep_time=281474976710655) aborted
HLE: ! All threads stopped...
HLE: ! sys_mutex: Mutex(64) was owned by thread 1 (recursive=1)
MEM: ! Closing memory...
