HLE: ! path: /dev_hdd0/game/
HLE: W No pause.bin found, Auto Pause will not work.
HLE: W No pause.bin found, Auto Pause will not work.
LDR: ! Loading 'D:\Emulateurs\Rpcs3\dev_hdd0\game\BLES01992-[Atelier Escha & Logy ~Alchemists of the Dusk Sky~]/PS3_GAME/USRDIR/BOOT.BIN'...
LDR: !  
LDR: ! Mount info:
LDR: ! /dev_hdd0/ -> ./dev_hdd0/
LDR: ! /dev_hdd1/ -> ./dev_hdd1/
LDR: ! /dev_flash/ -> ./dev_flash/
LDR: ! /dev_usb000/ -> ./dev_usb000/
LDR: ! /dev_usb/ -> ./dev_usb000/
LDR: ! /app_home/ -> D:\Emulateurs\Rpcs3\dev_hdd0\game\BLES01992-[Atelier Escha & Logy ~Alchemists of the Dusk Sky~]/PS3_GAME/
LDR: ! /dev_bdvd/ -> D:\Emulateurs\Rpcs3\dev_hdd0\game\BLES01992-[Atelier Escha & Logy ~Alchemists of the Dusk Sky~]/PS3_GAME//../
LDR: ! /host_root/ -> 
LDR: ! /app_home/PS3_GAME/USRDIR/ -> D:\Emulateurs\Rpcs3\dev_hdd0\game\BLES01992-[Atelier Escha & Logy ~Alchemists of the Dusk Sky~]/PS3_GAME//USRDIR/
LDR: ! /dev_flash2/ -> ./dev_flash2/
LDR: ! /app_home/Game/PS3_GAME/USRDIR/ -> D:\Emulateurs\Rpcs3\dev_hdd0\game\BLES01992-[Atelier Escha & Logy ~Alchemists of the Dusk Sky~]/PS3_GAME//USRDIR/
LDR: ! //dev_hdd0/ -> ./dev_hdd0/
LDR: ! / -> D:\Emulateurs\Rpcs3\dev_hdd0\game\BLES01992-[Atelier Escha & Logy ~Alchemists of the Dusk Sky~]/PS3_GAME//USRDIR/
LDR: ! /app_home//dev_bdvd/PS3_GAME/USRDIR/data/gos/ -> D:\Emulateurs\Rpcs3\dev_hdd0\game\BLES01992-[Atelier Escha & Logy ~Alchemists of the Dusk Sky~]/PS3_GAME//USRDIR/
LDR: !  
LDR: ! Title: Atelier Escha & Logy
~Alchemists of the Dusk Sky~
LDR: ! Serial: BLES01992
LDR: !  
MEM: ! Initializing memory: m_base_addr = 0x38d81f0000
MEM: ! Memory initialized.
LDR: ! Imported function 'cellSysmoduleUnloadModule' in 'cellSysmodule' module
LDR: ! Imported function 'cellSysmoduleLoadModule' in 'cellSysmodule' module
LDR: ! Imported function 'cellFsClose' in 'sys_fs' module
LDR: ! Imported function 'cellFsRead' in 'sys_fs' module
LDR: ! Imported function 'cellFsOpen' in 'sys_fs' module
LDR: ! Imported function 'cellFsStat' in 'sys_fs' module
LDR: ! Imported function 'cellFsMkdir' in 'sys_fs' module
LDR: ! Imported function 'cellFsWrite' in 'sys_fs' module
LDR: ! Imported function 'cellFsFstat' in 'sys_fs' module
LDR: ! Imported function 'cellFsReadWithOffset' in 'sys_fs' module
LDR: ! Imported function 'cellFsRmdir' in 'sys_fs' module
LDR: W Unimplemented function 'cellFsSetIoBuffer' in 'sys_fs' module
LDR: ! Imported function 'cellFsOpendir' in 'sys_fs' module
LDR: ! Imported function 'cellFsUnlink' in 'sys_fs' module
LDR: W Unimplemented function 'cellFsWriteWithOffset' in 'sys_fs' module
LDR: ! Imported function 'cellFsFsync' in 'sys_fs' module
LDR: ! Imported function 'cellFsGetDirectoryEntries' in 'sys_fs' module
LDR: W Unimplemented function 'cellFsUtime' in 'sys_fs' module
LDR: ! Imported function 'cellFsRename' in 'sys_fs' module
LDR: ! Imported function 'cellFsClosedir' in 'sys_fs' module
LDR: ! Imported function 'cellFsLseek' in 'sys_fs' module
LDR: ! Imported function 'cellSysutilUnregisterCallback' in 'cellSysutil' module
LDR: ! Imported function 'cellVideoOutConfigure' in 'cellSysutil' module
LDR: ! Imported function 'cellSysutilCheckCallback' in 'cellSysutil' module
LDR: ! Imported function 'cellSaveDataListLoad2' in 'cellSysutil' module
LDR: ! Imported function 'cellVideoOutGetDeviceInfo' in 'cellSysutil' module
LDR: ! Imported function 'cellSaveDataFixedSave2' in 'cellSysutil' module
LDR: ! Imported function 'cellSaveDataListSave2' in 'cellSysutil' module
LDR: ! Imported function 'cellMsgDialogAbort' in 'cellSysutil' module
LDR: ! Imported function 'cellVideoOutGetNumberOfDevice' in 'cellSysutil' module
LDR: ! Imported function 'cellMsgDialogOpen2' in 'cellSysutil' module
LDR: ! Imported function 'cellMsgDialogProgressBarReset' in 'cellSysutil' module
LDR: ! Imported function 'cellMsgDialogProgressBarInc' in 'cellSysutil' module
LDR: ! Imported function 'cellMsgDialogProgressBarSetMsg' in 'cellSysutil' module
LDR: ! Imported function 'cellSysutilRegisterCallback' in 'cellSysutil' module
LDR: ! Imported function 'cellVideoOutGetResolution' in 'cellSysutil' module
LDR: W Unimplemented function 'cellSaveDataDelete2' in 'cellSysutil' module
LDR: ! Imported function 'cellSaveDataAutoLoad2' in 'cellSysutil' module
LDR: ! Imported function 'cellAudioOutConfigure' in 'cellSysutil' module
LDR: ! Imported function 'cellAudioOutSetCopyControl' in 'cellSysutil' module
LDR: ! Imported function 'cellAudioOutGetConfiguration' in 'cellSysutil' module
LDR: ! Imported function 'cellAudioOutGetState' in 'cellSysutil' module
LDR: ! Imported function 'cellAudioOutGetDeviceInfo' in 'cellSysutil' module
LDR: ! Imported function 'cellAudioOutGetSoundAvailability' in 'cellSysutil' module
LDR: ! Imported function 'cellAudioOutGetNumberOfDevice' in 'cellSysutil' module
LDR: ! Imported function 'cellUserInfoGetStat' in 'cellUserInfo' module
LDR: ! Imported function 'cellGcmSetPrepareFlip' in 'cellGcmSys' module
LDR: ! Imported function 'cellGcmAddressToOffset' in 'cellGcmSys' module
LDR: ! Imported function 'cellGcmSetSecondVFrequency' in 'cellGcmSys' module
LDR: ! Imported function 'cellGcmSetDebugOutputLevel' in 'cellGcmSys' module
LDR: ! Imported function 'cellGcmGetCurrentDisplayBufferId' in 'cellGcmSys' module
LDR: ! Imported function 'cellGcmSetFlipHandler' in 'cellGcmSys' module
LDR: ! Imported function 'cellGcmSetDisplayBuffer' in 'cellGcmSys' module
LDR: ! Imported function 'cellGcmGetControlRegister' in 'cellGcmSys' module
LDR: ! Imported function 'cellGcmSetVBlankHandler' in 'cellGcmSys' module
LDR: ! Imported function 'cellGcmSetFlipImmediate' in 'cellGcmSys' module
LDR: ! Imported function 'cellGcmSetInvalidateTile' in 'cellGcmSys' module
LDR: ! Imported function 'cellGcmSetTile' in 'cellGcmSys' module
LDR: ! Imported function 'cellGcmSetZcull' in 'cellGcmSys' module
LDR: ! Imported function 'cellGcmSetSecondVHandler' in 'cellGcmSys' module
LDR: ! Imported function 'cellGcmGetConfiguration' in 'cellGcmSys' module
LDR: ! Imported function 'cellGcmUnmapEaIoAddress' in 'cellGcmSys' module
LDR: ! Imported function 'cellGcmGetLabelAddress' in 'cellGcmSys' module
LDR: ! Imported function 'cellGcmSetVBlankFrequency' in 'cellGcmSys' module
LDR: ! Imported function 'cellGcmGetTiledPitchSize' in 'cellGcmSys' module
LDR: ! Imported function '_cellGcmInitBody' in 'cellGcmSys' module
LDR: ! Imported function '_cellGcmSetFlipCommand' in 'cellGcmSys' module
LDR: ! Imported function '_cellGcmFunc15' in 'cellGcmSys' module
LDR: ! Imported function '_cellGcmSetFlipCommandWithWaitLabel' in 'cellGcmSys' module
LDR: ! Imported function 'cellGcmGetLastFlipTime' in 'cellGcmSys' module
LDR: ! Imported function 'cellRescSetWaitFlip' in 'cellResc' module
LDR: ! Imported function 'cellRescAdjustAspectRatio' in 'cellResc' module
LDR: ! Imported function 'cellRescSetDisplayMode' in 'cellResc' module
LDR: ! Imported function 'cellRescSetConvertAndFlip' in 'cellResc' module
LDR: ! Imported function 'cellRescExit' in 'cellResc' module
LDR: ! Imported function 'cellRescSetFlipHandler' in 'cellResc' module
LDR: ! Imported function 'cellRescInit' in 'cellResc' module
LDR: ! Imported function 'cellRescGetBufferSize' in 'cellResc' module
LDR: ! Imported function 'cellRescSetSrc' in 'cellResc' module
LDR: ! Imported function 'cellRescSetBufferAddress' in 'cellResc' module
LDR: ! Imported function 'cellRescSetVBlankHandler' in 'cellResc' module
LDR: ! Imported function 'cellRescCreateInterlaceTable' in 'cellResc' module
LDR: ! Imported function '_cellSpursLFQueueInitialize' in 'cellSpurs' module
LDR: ! Imported function 'cellSpursCreateTaskset' in 'cellSpurs' module
LDR: ! Imported function '_cellSpursLFQueuePushBody' in 'cellSpurs' module
LDR: ! Imported function 'cellSpursJoinTaskset' in 'cellSpurs' module
LDR: ! Imported function 'cellSpursShutdownTaskset' in 'cellSpurs' module
LDR: ! Imported function 'cellSpursCreateTask' in 'cellSpurs' module
LDR: ! Imported function 'cellSpursEventFlagDetachLv2EventQueue' in 'cellSpurs' module
LDR: ! Imported function 'cellSpursCreateJobChainWithAttribute' in 'cellSpurs' module
LDR: ! Imported function '_cellSpursJobChainAttributeInitialize' in 'cellSpurs' module
LDR: ! Imported function 'cellSpursEventFlagWait' in 'cellSpurs' module
LDR: ! Imported function 'cellSpursEventFlagClear' in 'cellSpurs' module
LDR: ! Imported function '_cellSpursEventFlagInitialize' in 'cellSpurs' module
LDR: ! Imported function 'cellSpursEventFlagAttachLv2EventQueue' in 'cellSpurs' module
LDR: ! Imported function 'cellSpursJobChainAttributeSetName' in 'cellSpurs' module
LDR: ! Imported function 'cellSpursJoinJobChain' in 'cellSpurs' module
LDR: ! Imported function 'cellSpursInitialize' in 'cellSpurs' module
LDR: ! Imported function 'cellSpursFinalize' in 'cellSpurs' module
LDR: ! Imported function 'cellSpursRunJobChain' in 'cellSpurs' module
LDR: ! Imported function '_cellSpursTasksetAttributeInitialize' in 'cellSpurs' module
LDR: ! Imported function 'cellSpursCreateTaskWithAttribute' in 'cellSpurs' module
LDR: ! Imported function 'cellSpursTaskExitCodeInitialize' in 'cellSpurs' module
LDR: ! Imported function 'cellSpursTasksetAttributeSetTasksetSize' in 'cellSpurs' module
LDR: ! Imported function 'cellSpursTaskAttributeSetExitCodeContainer' in 'cellSpurs' module
LDR: ! Imported function '_cellSpursTaskAttributeInitialize' in 'cellSpurs' module
LDR: ! Imported function 'cellSpursCreateTasksetWithAttribute' in 'cellSpurs' module
LDR: ! Imported function 'cellSpursTaskExitCodeTryGet' in 'cellSpurs' module
LDR: ! Imported function 'cellSpursDetachLv2EventQueue' in 'cellSpurs' module
LDR: ! Imported function 'cellSpursAttachLv2EventQueue' in 'cellSpurs' module
LDR: ! Imported function '_cellSpursSendSignal' in 'cellSpurs' module
LDR: W Unknown module 'cellSysutilAvconfExt'
LDR: ! Imported function 'cellVideoOutSetGamma' in 'cellSysutilAvconfExt' module
LDR: ! Imported function 'L10nConvertStr' in 'cellL10n' module
LDR: ! Imported function 'sceNpTerm' in 'sceNp' module
LDR: ! Imported function 'sceNpInit' in 'sceNp' module
LDR: ! Imported function 'sceNpDrmIsAvailable' in 'sceNp' module
LDR: ! Imported function 'cellGameCreateGameData' in 'cellGame' module
LDR: ! Imported function 'cellGameContentPermit' in 'cellGame' module
LDR: ! Imported function 'cellGameDeleteGameData' in 'cellGame' module
LDR: ! Imported function 'cellGamePatchCheck' in 'cellGame' module
LDR: ! Imported function 'cellGameDataCheck' in 'cellGame' module
LDR: ! Imported function 'cellGameBootCheck' in 'cellGame' module
LDR: ! Imported function 'sceNpTrophyRegisterContext' in 'sceNpTrophy' module
LDR: ! Imported function 'sceNpTrophyCreateHandle' in 'sceNpTrophy' module
LDR: ! Imported function 'sceNpTrophyGetRequiredDiskSpace' in 'sceNpTrophy' module
LDR: ! Imported function 'sceNpTrophyDestroyContext' in 'sceNpTrophy' module
LDR: ! Imported function 'sceNpTrophyInit' in 'sceNpTrophy' module
LDR: ! Imported function 'sceNpTrophyAbortHandle' in 'sceNpTrophy' module
LDR: ! Imported function 'sceNpTrophyDestroyHandle' in 'sceNpTrophy' module
LDR: ! Imported function 'sceNpTrophyUnlockTrophy' in 'sceNpTrophy' module
LDR: ! Imported function 'sceNpTrophyTerm' in 'sceNpTrophy' module
LDR: ! Imported function 'sceNpTrophyCreateContext' in 'sceNpTrophy' module
LDR: ! Imported function 'cellSyncMutexLock' in 'cellSync' module
LDR: ! Imported function 'cellSyncMutexUnlock' in 'cellSync' module
LDR: ! Imported function 'cellSyncMutexInitialize' in 'cellSync' module
LDR: ! Imported function 'cellPadClearBuf' in 'sys_io' module
LDR: ! Imported function 'cellPadInit' in 'sys_io' module
LDR: ! Imported function 'cellKbGetConfiguration' in 'sys_io' module
LDR: ! Imported function 'cellKbClearBuf' in 'sys_io' module
LDR: ! Imported function 'cellKbGetInfo' in 'sys_io' module
LDR: ! Imported function 'cellMouseClearBuf' in 'sys_io' module
LDR: ! Imported function 'cellKbSetLEDStatus' in 'sys_io' module
LDR: ! Imported function 'cellKbInit' in 'sys_io' module
LDR: ! Imported function 'cellKbCnvRawCode' in 'sys_io' module
LDR: ! Imported function 'cellPadEnd' in 'sys_io' module
LDR: ! Imported function 'cellPadSetPortSetting' in 'sys_io' module
LDR: ! Imported function 'cellMouseGetInfo' in 'sys_io' module
LDR: ! Imported function 'cellMouseGetDataList' in 'sys_io' module
LDR: ! Imported function 'cellPadGetData' in 'sys_io' module
LDR: ! Imported function 'cellKbSetCodeType' in 'sys_io' module
LDR: ! Imported function 'cellPadGetInfo2' in 'sys_io' module
LDR: ! Imported function 'cellKbEnd' in 'sys_io' module
LDR: ! Imported function 'cellMouseInit' in 'sys_io' module
LDR: ! Imported function 'cellKbSetReadMode' in 'sys_io' module
LDR: ! Imported function 'cellMouseEnd' in 'sys_io' module
LDR: ! Imported function 'cellPadSetActDirect' in 'sys_io' module
LDR: ! Imported function 'cellKbRead' in 'sys_io' module
LDR: ! Imported function 'cellAtracGetBitrate' in 'cellAtrac' module
LDR: ! Imported function 'cellAtracSetSecondBuffer' in 'cellAtrac' module
LDR: ! Imported function 'cellAtracGetChannel' in 'cellAtrac' module
LDR: ! Imported function 'cellAtracCreateDecoderExt' in 'cellAtrac' module
LDR: ! Imported function 'cellAtracGetStreamDataInfo' in 'cellAtrac' module
LDR: ! Imported function 'cellAtracAddStreamData' in 'cellAtrac' module
LDR: ! Imported function 'cellAtracGetMaxSample' in 'cellAtrac' module
LDR: ! Imported function 'cellAtracSetDataAndGetMemSize' in 'cellAtrac' module
LDR: ! Imported function 'cellAtracDeleteDecoder' in 'cellAtrac' module
LDR: ! Imported function 'cellAtracResetPlayPosition' in 'cellAtrac' module
LDR: ! Imported function 'cellAtracSetLoopNum' in 'cellAtrac' module
LDR: ! Imported function 'cellAtracDecode' in 'cellAtrac' module
LDR: ! Imported function 'cellAtracIsSecondBufferNeeded' in 'cellAtrac' module
LDR: ! Imported function 'cellAtracGetBufferInfoForResetting' in 'cellAtrac' module
LDR: ! Imported function 'cellAtracGetLoopInfo' in 'cellAtrac' module
LDR: ! Imported function 'cellAtracGetSecondBufferInfo' in 'cellAtrac' module
LDR: ! Imported function 'cellAtracGetVacantSize' in 'cellAtrac' module
LDR: ! Imported function 'cellAtracGetSoundInfo' in 'cellAtrac' module
LDR: ! Imported function 'cellAtracGetRemainFrame' in 'cellAtrac' module
LDR: ! Imported function 'cellAtracCreateDecoder' in 'cellAtrac' module
LDR: ! Imported function 'cellAudioCreateNotifyEventQueue' in 'cellAudio' module
LDR: ! Imported function 'cellAudioInit' in 'cellAudio' module
LDR: ! Imported function 'cellAudioSetNotifyEventQueue' in 'cellAudio' module
LDR: ! Imported function 'cellAudioGetPortTimestamp' in 'cellAudio' module
LDR: ! Imported function 'cellAudioPortClose' in 'cellAudio' module
LDR: ! Imported function 'cellAudioPortStop' in 'cellAudio' module
LDR: ! Imported function 'cellAudioGetPortConfig' in 'cellAudio' module
LDR: ! Imported function 'cellAudioPortStart' in 'cellAudio' module
LDR: ! Imported function 'cellAudioQuit' in 'cellAudio' module
LDR: ! Imported function 'cellAudioPortOpen' in 'cellAudio' module
LDR: ! Imported function 'cellAudioGetPortBlockTag' in 'cellAudio' module
LDR: ! Imported function 'cellAudioRemoveNotifyEventQueue' in 'cellAudio' module
LDR: ! Imported function 'cellPamfReaderSetStreamWithTypeAndIndex' in 'cellPamf' module
LDR: ! Imported function 'cellSailGraphicsAdapterGetFrame' in 'cellSail' module
LDR: ! Imported function 'cellSailDescriptorCreateDatabase' in 'cellSail' module
LDR: ! Imported function 'cellSailDescriptorSetEs' in 'cellSail' module
LDR: ! Imported function 'cellSailPlayerSetSoundAdapter' in 'cellSail' module
LDR: ! Imported function 'cellSailDescriptorClose' in 'cellSail' module
LDR: ! Imported function 'cellSailGraphicsAdapterPtsToTimePosition' in 'cellSail' module
LDR: ! Imported function 'cellSailPlayerFinalize' in 'cellSail' module
LDR: ! Imported function 'cellSailPlayerSetGraphicsAdapter' in 'cellSail' module
LDR: ! Imported function 'cellSailGraphicsAdapterInitialize' in 'cellSail' module
LDR: ! Imported function 'cellSailPlayerInitialize2' in 'cellSail' module
LDR: ! Imported function 'cellSailDescriptorDestroyDatabase' in 'cellSail' module
LDR: ! Imported function 'cellSailGraphicsAdapterSetPreferredFormat' in 'cellSail' module
LDR: ! Imported function 'cellSailMemAllocatorInitialize' in 'cellSail' module
LDR: ! Imported function 'cellSailPlayerOpenStream' in 'cellSail' module
LDR: ! Imported function 'cellSailSoundAdapterInitialize' in 'cellSail' module
LDR: ! Imported function 'cellSailGraphicsAdapterUpdateAvSync' in 'cellSail' module
LDR: ! Imported function 'cellSailSoundAdapterPtsToTimePosition' in 'cellSail' module
LDR: ! Imported function 'cellSailPlayerSetParameter' in 'cellSail' module
LDR: ! Imported function 'cellSailGraphicsAdapterFinalize' in 'cellSail' module
LDR: ! Imported function 'cellSailDescriptorSetAutoSelection' in 'cellSail' module
LDR: ! Imported function 'cellSailPlayerAddDescriptor' in 'cellSail' module
LDR: ! Imported function 'cellSailSoundAdapterGetFrame' in 'cellSail' module
LDR: ! Imported function 'cellSailPlayerCloseStream' in 'cellSail' module
LDR: ! Imported function 'cellSailPlayerBoot' in 'cellSail' module
LDR: ! Imported function 'cellSailDescriptorOpen' in 'cellSail' module
LDR: ! Imported function 'cellSailSoundAdapterFinalize' in 'cellSail' module
LDR: ! Imported function 'cellSailPlayerSetPaused' in 'cellSail' module
LDR: ! Imported function 'cellSailPlayerCreateDescriptor' in 'cellSail' module
LDR: ! Imported function 'cellSailAviMovieGetStreamByTypeAndIndex' in 'cellSail' module
LDR: ! Imported function 'cellSailPlayerStart' in 'cellSail' module
LDR: ! Imported function 'cellSailPlayerStop' in 'cellSail' module
LDR: ! Imported function 'cellSailSoundAdapterUpdateAvSync' in 'cellSail' module
LDR: ! Imported function 'cellSailSoundAdapterGetFormat' in 'cellSail' module
LDR: ! Imported function 'cellSailPlayerDestroyDescriptor' in 'cellSail' module
LDR: ! Imported function 'cellSailGraphicsAdapterGetFormat' in 'cellSail' module
LDR: ! Imported function 'sys_lwmutex_lock' in 'sysPrxForUser' module
LDR: ! Imported function 'sys_lwmutex_unlock' in 'sysPrxForUser' module
LDR: ! Imported function 'sys_lwcond_destroy' in 'sysPrxForUser' module
LDR: ! Imported function 'sys_ppu_thread_create' in 'sysPrxForUser' module
LDR: ! Imported function 'sys_lwcond_wait' in 'sysPrxForUser' module
LDR: ! Imported function '_sys_process_atexitspawn' in 'sysPrxForUser' module
LDR: ! Imported function 'sys_lwmutex_create' in 'sysPrxForUser' module
LDR: ! Imported function 'sys_ppu_thread_get_id' in 'sysPrxForUser' module
LDR: ! Imported function 'sys_prx_register_library' in 'sysPrxForUser' module
LDR: ! Imported function 'sys_initialize_tls' in 'sysPrxForUser' module
LDR: ! Imported function 'sys_time_get_system_time' in 'sysPrxForUser' module
LDR: ! Imported function '_sys_process_at_Exitspawn' in 'sysPrxForUser' module
LDR: ! Imported function 'sys_prx_exitspawn_with_level' in 'sysPrxForUser' module
LDR: ! Imported function 'sys_ppu_thread_exit' in 'sysPrxForUser' module
LDR: ! Imported function 'sys_lwmutex_destroy' in 'sysPrxForUser' module
LDR: ! Imported function 'sys_lwcond_create' in 'sysPrxForUser' module
LDR: ! Imported function 'sys_spu_image_close' in 'sysPrxForUser' module
LDR: ! Imported function 'sys_process_exit' in 'sysPrxForUser' module
LDR: ! Imported function 'sys_lwcond_signal_all' in 'sysPrxForUser' module
LDR: ! Imported function 'sys_lwcond_signal' in 'sysPrxForUser' module
HLE: W {PPU[1] Thread (CPUThread)[0x00b8104c]} sys_lwmutex warning: sys_lwmutex_create(lwmutex_addr=0xb25008, attr_addr=0x8d54f8)
HLE: ! {PPU[1] Thread (CPUThread)[0x00b8104c]} sys_lwmutex : *** lwmutex created [_lc_mtx] (attribute=0x12): sq_id = 3
HLE: W {PPU[1] Thread (CPUThread)[0x0055e104]} sys_memory warning: sys_memory_get_user_memory_size(mem_info_addr=0xd000fc04)
HLE: W {PPU[1] Thread (CPUThread)[0x00b8104c]} sys_lwmutex warning: sys_lwmutex_create(lwmutex_addr=0xb24e08, attr_addr=0x8d54f8)
HLE: ! {PPU[1] Thread (CPUThread)[0x00b8104c]} sys_lwmutex : *** lwmutex created [_lc_mtx] (attribute=0x12): sq_id = 4
HLE: W {PPU[1] Thread (CPUThread)[0x00b8104c]} sys_lwmutex warning: sys_lwmutex_create(lwmutex_addr=0xb24590, attr_addr=0x8d54f8)
HLE: ! {PPU[1] Thread (CPUThread)[0x00b8104c]} sys_lwmutex : *** lwmutex created [_lc_mtx] (attribute=0x12): sq_id = 5
HLE: W {PPU[1] Thread (CPUThread)[0x00b8104c]} sys_lwmutex warning: sys_lwmutex_create(lwmutex_addr=0xb245b8, attr_addr=0x8d54f8)
HLE: ! {PPU[1] Thread (CPUThread)[0x00b8104c]} sys_lwmutex : *** lwmutex created [_lc_mtx] (attribute=0x12): sq_id = 6
HLE: W {PPU[1] Thread (CPUThread)[0x00b8104c]} sys_lwmutex warning: sys_lwmutex_create(lwmutex_addr=0xb245e0, attr_addr=0x8d54f8)
HLE: ! {PPU[1] Thread (CPUThread)[0x00b8104c]} sys_lwmutex : *** lwmutex created [_lc_mtx] (attribute=0x12): sq_id = 7
HLE: W {PPU[1] Thread (CPUThread)[0x00b8104c]} sys_lwmutex warning: sys_lwmutex_create(lwmutex_addr=0xb244c8, attr_addr=0x8d54f8)
HLE: ! {PPU[1] Thread (CPUThread)[0x00b8104c]} sys_lwmutex : *** lwmutex created [_lc_mtx] (attribute=0x12): sq_id = 8
HLE: W {PPU[1] Thread (CPUThread)[0x00b8104c]} sys_lwmutex warning: sys_lwmutex_create(lwmutex_addr=0xb244f0, attr_addr=0x8d54f8)
HLE: ! {PPU[1] Thread (CPUThread)[0x00b8104c]} sys_lwmutex : *** lwmutex created [_lc_mtx] (attribute=0x12): sq_id = 9
HLE: W {PPU[1] Thread (CPUThread)[0x00b8104c]} sys_lwmutex warning: sys_lwmutex_create(lwmutex_addr=0xb24518, attr_addr=0x8d54f8)
HLE: ! {PPU[1] Thread (CPUThread)[0x00b8104c]} sys_lwmutex : *** lwmutex created [_lc_mtx] (attribute=0x12): sq_id = 10
HLE: W {PPU[1] Thread (CPUThread)[0x00b8104c]} sys_lwmutex warning: sys_lwmutex_create(lwmutex_addr=0xb24540, attr_addr=0x8d54f8)
HLE: ! {PPU[1] Thread (CPUThread)[0x00b8104c]} sys_lwmutex : *** lwmutex created [_lc_mtx] (attribute=0x12): sq_id = 11
HLE: W {PPU[1] Thread (CPUThread)[0x00b8104c]} sys_lwmutex warning: sys_lwmutex_create(lwmutex_addr=0xb24568, attr_addr=0x8d54f8)
HLE: ! {PPU[1] Thread (CPUThread)[0x00b8104c]} sys_lwmutex : *** lwmutex created [_lc_mtx] (attribute=0x12): sq_id = 12
HLE: W {PPU[1] Thread (CPUThread)[0x009c70a0]} cellSysutil warning: cellSysutilRegisterCallback(slot=0, func_addr=0x9e08d0, userdata=0x0)
HLE: W {PPU[1] Thread (CPUThread)[0x009c3010]} cellSysmodule warning: cellSysmoduleLoadModule(CELL_SYSMODULE_FS)
HLE: W {PPU[1] Thread (CPUThread)[0x009c3010]} cellSysmodule warning: cellSysmoduleLoadModule(CELL_SYSMODULE_SAIL)
HLE: W {PPU[1] Thread (CPUThread)[0x009c3010]} cellSysmodule warning: cellSysmoduleLoadModule(CELL_SYSMODULE_ATRAC3PLUS)
HLE: W {PPU[1] Thread (CPUThread)[0x009c3010]} cellSysmodule warning: cellSysmoduleLoadModule(CELL_SYSMODULE_SYSUTIL_NP)
HLE: W {PPU[1] Thread (CPUThread)[0x009c3010]} cellSysmodule warning: cellSysmoduleLoadModule(CELL_SYSMODULE_SYSUTIL_GAME)
HLE: W {PPU[1] Thread (CPUThread)[0x009c3010]} cellSysmodule warning: cellSysmoduleLoadModule(CELL_SYSMODULE_L10N)
HLE: W {PPU[1] Thread (CPUThread)[0x00b8104c]} sys_lwmutex warning: sys_lwmutex_create(lwmutex_addr=0x321fffa0, attr_addr=0xd000fa9c)
HLE: ! {PPU[1] Thread (CPUThread)[0x00b8104c]} sys_lwmutex : *** lwmutex created [] (attribute=0x12): sq_id = 13
HLE: W {PPU[1] Thread (CPUThread)[0x00b8104c]} sys_lwmutex warning: sys_lwmutex_create(lwmutex_addr=0x321fffb8, attr_addr=0xd000fa9c)
HLE: ! {PPU[1] Thread (CPUThread)[0x00b8104c]} sys_lwmutex : *** lwmutex created [] (attribute=0x12): sq_id = 14
HLE: W {PPU[1] Thread (CPUThread)[0x009cf0b8]} cellSpurs warning: cellSpursInitialize(spurs_addr=0x31b00080, nSpus=5, spuPriority=80, ppuPriority=90, exitIfNoWork=0)
HLE: ! {PPU[1] Thread (CPUThread)[0x009cf0b8]} sys_semaphore : *** semaphore created [_spuWkl] (protocol=0x2): id = 15
HLE: ! {PPU[1] Thread (CPUThread)[0x009cf0b8]} sys_semaphore : *** semaphore created [_spuWkl] (protocol=0x2): id = 16
HLE: ! {PPU[1] Thread (CPUThread)[0x009cf0b8]} sys_semaphore : *** semaphore created [_spuWkl] (protocol=0x2): id = 17
HLE: ! {PPU[1] Thread (CPUThread)[0x009cf0b8]} sys_semaphore : *** semaphore created [_spuWkl] (protocol=0x2): id = 18
HLE: ! {PPU[1] Thread (CPUThread)[0x009cf0b8]} sys_semaphore : *** semaphore created [_spuWkl] (protocol=0x2): id = 19
HLE: ! {PPU[1] Thread (CPUThread)[0x009cf0b8]} sys_semaphore : *** semaphore created [_spuWkl] (protocol=0x2): id = 20
HLE: ! {PPU[1] Thread (CPUThread)[0x009cf0b8]} sys_semaphore : *** semaphore created [_spuWkl] (protocol=0x2): id = 21
HLE: ! {PPU[1] Thread (CPUThread)[0x009cf0b8]} sys_semaphore : *** semaphore created [_spuWkl] (protocol=0x2): id = 22
HLE: ! {PPU[1] Thread (CPUThread)[0x009cf0b8]} sys_semaphore : *** semaphore created [_spuWkl] (protocol=0x2): id = 23
HLE: ! {PPU[1] Thread (CPUThread)[0x009cf0b8]} sys_semaphore : *** semaphore created [_spuWkl] (protocol=0x2): id = 24
HLE: ! {PPU[1] Thread (CPUThread)[0x009cf0b8]} sys_semaphore : *** semaphore created [_spuWkl] (protocol=0x2): id = 25
HLE: ! {PPU[1] Thread (CPUThread)[0x009cf0b8]} sys_semaphore : *** semaphore created [_spuWkl] (protocol=0x2): id = 26
HLE: ! {PPU[1] Thread (CPUThread)[0x009cf0b8]} sys_semaphore : *** semaphore created [_spuWkl] (protocol=0x2): id = 27
HLE: ! {PPU[1] Thread (CPUThread)[0x009cf0b8]} sys_semaphore : *** semaphore created [_spuWkl] (protocol=0x2): id = 28
HLE: ! {PPU[1] Thread (CPUThread)[0x009cf0b8]} sys_semaphore : *** semaphore created [_spuWkl] (protocol=0x2): id = 29
HLE: ! {PPU[1] Thread (CPUThread)[0x009cf0b8]} sys_semaphore : *** semaphore created [_spuWkl] (protocol=0x2): id = 30
HLE: ! {PPU[1] Thread (CPUThread)[0x009cf0b8]} sys_semaphore : *** semaphore created [_spuPrv] (protocol=0x2): id = 31
HLE: ! {PPU[1] Thread (CPUThread)[0x009cf0b8]} sys_spu : *** SPU Thread Group created [CellSpursKernelGroup] (num=5, prio=80, type=0x0, container=0): id=32
HLE: E {PPU[1] Thread (CPUThread)[0x009cf0b8]} sys_spu TODO: Unsupported SPU Thread options (0x2)
HLE: W {PPU[1] Thread (CPUThread)[0x009cf0b8]} sys_spu warning: *** New SPU Thread [CellSpursKernel0] (ep=0x0, opt=0x2, a1=0x0, a2=0x0, a3=0x0, a4=0x0): id=33
HLE: E {PPU[1] Thread (CPUThread)[0x009cf0b8]} sys_spu TODO: Unsupported SPU Thread options (0x2)
HLE: W {PPU[1] Thread (CPUThread)[0x009cf0b8]} sys_spu warning: *** New SPU Thread [CellSpursKernel1] (ep=0x0, opt=0x2, a1=0x0, a2=0x0, a3=0x0, a4=0x0): id=34
HLE: E {PPU[1] Thread (CPUThread)[0x009cf0b8]} sys_spu TODO: Unsupported SPU Thread options (0x2)
HLE: W {PPU[1] Thread (CPUThread)[0x009cf0b8]} sys_spu warning: *** New SPU Thread [CellSpursKernel2] (ep=0x0, opt=0x2, a1=0x0, a2=0x0, a3=0x0, a4=0x0): id=35
HLE: E {PPU[1] Thread (CPUThread)[0x009cf0b8]} sys_spu TODO: Unsupported SPU Thread options (0x2)
HLE: W {PPU[1] Thread (CPUThread)[0x009cf0b8]} sys_spu warning: *** New SPU Thread [CellSpursKernel3] (ep=0x0, opt=0x2, a1=0x0, a2=0x0, a3=0x0, a4=0x0): id=36
HLE: E {PPU[1] Thread (CPUThread)[0x009cf0b8]} sys_spu TODO: Unsupported SPU Thread options (0x2)
HLE: W {PPU[1] Thread (CPUThread)[0x009cf0b8]} sys_spu warning: *** New SPU Thread [CellSpursKernel4] (ep=0x0, opt=0x2, a1=0x0, a2=0x0, a3=0x0, a4=0x0): id=37
HLE: ! {PPU[1] Thread (CPUThread)[0x009cf0b8]} sys_lwmutex : *** lwmutex created [_spuPrv] (attribute=0x22): sq_id = 38
HLE: W {PPU[1] Thread (CPUThread)[0x009cf0b8]} sys_lwcond warning: *** lwcond created [_spuPrv] (lwmutex_addr=0x31b00e30): id = 39
HLE: W {PPU[1] Thread (CPUThread)[0x009cf0b8]} sys_event warning: *** event_queue created [_spuPrv] (protocol=0x1, type=0x1, key=0x0, size=0x2a): id = 40
HLE: W {PPU[1] Thread (CPUThread)[0x009cf0b8]} sys_spu warning: sys_spu_thread_group_connect_event_all_threads(id=32, eq_id=40, req=0xffffffffffff0000, spup_addr=0x31b00149)
HLE: W {PPU[1] Thread (CPUThread)[0x009cf0b8]} sys_spu warning: *** spup -> 16
HLE: W {PPU[1] Thread (CPUThread)[0x009cf0b8]} sys_event warning: *** sys_event_port created: id = 41
HLE: W {PPU[1] Thread (CPUThread)[0x009cf0b8]} sys_event warning: sys_event_port_connect_local(eport_id=41, equeue_id=40)
HLE: ! {PPU[1] Thread (CPUThread)[0x009cf0b8]} sys_ppu_thread : *** New PPU Thread [SpursHdlr0] (joinable, entry=0x0): id = 42
HLE: W {PPU[42] Thread (SpursHdlr0)[0x00000000]} sys_spu warning: sys_spu_thread_group_start(id=32)
HLE: ! {PPU[1] Thread (CPUThread)[0x009cf0b8]} sys_ppu_thread : *** New PPU Thread [SpursHdlr1] (joinable, entry=0x0): id = 43
HLE: E {PPU[1] Thread (CPUThread)[0x009cf0b8]} sys_spu TODO: sys_spu_thread_group_connect_event(id=32, eq=40, et=0x2)
HLE: W {PPU[1] Thread (CPUThread)[0x00b8104c]} sys_lwmutex warning: sys_lwmutex_create(lwmutex_addr=0x31b01110, attr_addr=0xd000f950)
HLE: ! {PPU[1] Thread (CPUThread)[0x00b8104c]} sys_lwmutex : *** lwmutex created [] (attribute=0x22): sq_id = 44
HLE: W {PPU[1] Thread (CPUThread)[0x00b8104c]} sys_lwmutex warning: sys_lwmutex_create(lwmutex_addr=0x31b01140, attr_addr=0xd000f8e0)
HLE: ! {PPU[1] Thread (CPUThread)[0x00b8104c]} sys_lwmutex : *** lwmutex created [] (attribute=0x22): sq_id = 45
HLE: W {PPU[1] Thread (CPUThread)[0x00b8104c]} sys_lwmutex warning: sys_lwmutex_create(lwmutex_addr=0x31b015f0, attr_addr=0xd000f8e0)
HLE: ! {PPU[1] Thread (CPUThread)[0x00b8104c]} sys_lwmutex : *** lwmutex created [] (attribute=0x22): sq_id = 46
HLE: W {PPU[1] Thread (CPUThread)[0x00b8104c]} sys_lwmutex warning: sys_lwmutex_create(lwmutex_addr=0x31b01aa0, attr_addr=0xd000f8e0)
HLE: ! {PPU[1] Thread (CPUThread)[0x00b8104c]} sys_lwmutex : *** lwmutex created [] (attribute=0x22): sq_id = 47
HLE: W {PPU[1] Thread (CPUThread)[0x00b8104c]} sys_lwmutex warning: sys_lwmutex_create(lwmutex_addr=0x31b01f50, attr_addr=0xd000f8e0)
HLE: ! {PPU[1] Thread (CPUThread)[0x00b8104c]} sys_lwmutex : *** lwmutex created [] (attribute=0x22): sq_id = 48
HLE: W {PPU[1] Thread (CPUThread)[0x00b8104c]} sys_lwmutex warning: sys_lwmutex_create(lwmutex_addr=0x31b02400, attr_addr=0xd000f8e0)
HLE: ! {PPU[1] Thread (CPUThread)[0x00b8104c]} sys_lwmutex : *** lwmutex created [] (attribute=0x22): sq_id = 49
HLE: W {PPU[1] Thread (CPUThread)[0x00b8104c]} sys_lwmutex warning: sys_lwmutex_create(lwmutex_addr=0x31b028b0, attr_addr=0xd000f8e0)
HLE: ! {PPU[1] Thread (CPUThread)[0x00b8104c]} sys_lwmutex : *** lwmutex created [] (attribute=0x22): sq_id = 50
HLE: W {PPU[1] Thread (CPUThread)[0x00b8104c]} sys_lwmutex warning: sys_lwmutex_create(lwmutex_addr=0x31b02d60, attr_addr=0xd000f8e0)
HLE: ! {PPU[1] Thread (CPUThread)[0x00b8104c]} sys_lwmutex : *** lwmutex created [] (attribute=0x22): sq_id = 51
HLE: W {PPU[1] Thread (CPUThread)[0x00b8104c]} sys_lwmutex warning: sys_lwmutex_create(lwmutex_addr=0x31b03210, attr_addr=0xd000f8e0)
HLE: ! {PPU[1] Thread (CPUThread)[0x00b8104c]} sys_lwmutex : *** lwmutex created [] (attribute=0x22): sq_id = 52
HLE: W {PPU[1] Thread (CPUThread)[0x00b8104c]} sys_lwmutex warning: sys_lwmutex_create(lwmutex_addr=0x31b036c0, attr_addr=0xd000f8e0)
HLE: ! {PPU[1] Thread (CPUThread)[0x00b8104c]} sys_lwmutex : *** lwmutex created [] (attribute=0x22): sq_id = 53
HLE: W {PPU[1] Thread (CPUThread)[0x00b8104c]} sys_lwmutex warning: sys_lwmutex_create(lwmutex_addr=0x31b03b70, attr_addr=0xd000f8e0)
HLE: ! {PPU[1] Thread (CPUThread)[0x00b8104c]} sys_lwmutex : *** lwmutex created [] (attribute=0x22): sq_id = 54
HLE: W {PPU[1] Thread (CPUThread)[0x00b8104c]} sys_lwmutex warning: sys_lwmutex_create(lwmutex_addr=0x31b04020, attr_addr=0xd000f8e0)
HLE: ! {PPU[1] Thread (CPUThread)[0x00b8104c]} sys_lwmutex : *** lwmutex created [] (attribute=0x22): sq_id = 55
HLE: W {PPU[1] Thread (CPUThread)[0x00b8104c]} sys_lwmutex warning: sys_lwmutex_create(lwmutex_addr=0x31b044d0, attr_addr=0xd000f8e0)
HLE: ! {PPU[1] Thread (CPUThread)[0x00b8104c]} sys_lwmutex : *** lwmutex created [] (attribute=0x22): sq_id = 56
HLE: W {PPU[1] Thread (CPUThread)[0x00b8104c]} sys_lwmutex warning: sys_lwmutex_create(lwmutex_addr=0x31b04a08, attr_addr=0xd000f8d0)
HLE: ! {PPU[1] Thread (CPUThread)[0x00b8104c]} sys_lwmutex : *** lwmutex created [] (attribute=0x22): sq_id = 57
HLE: W {PPU[1] Thread (CPUThread)[0x00b8104c]} sys_lwmutex warning: sys_lwmutex_create(lwmutex_addr=0x31b04a20, attr_addr=0xd000f8c0)
HLE: ! {PPU[1] Thread (CPUThread)[0x00b8104c]} sys_lwmutex : *** lwmutex created [] (attribute=0x22): sq_id = 58
HLE: W {PPU[1] Thread (CPUThread)[0x003992d4]} sys_event_flag warning: sys_event_flag_create(eflag_id_addr=0x31b04a38, attr_addr=0xd000f850, init=0x0)
HLE: W {PPU[1] Thread (CPUThread)[0x003992d4]} sys_event_flag warning: *** event_flag created [] (protocol=0x2, type=0x20000): id = 59
HLE: W {PPU[1] Thread (CPUThread)[0x00399308]} sys_event_flag warning: sys_event_flag_create(eflag_id_addr=0x31b04a3c, attr_addr=0xd000f830, init=0x0)
HLE: W {PPU[1] Thread (CPUThread)[0x00399308]} sys_event_flag warning: *** event_flag created [] (protocol=0x2, type=0x10000): id = 60
HLE: W {PPU[1] Thread (CPUThread)[0x00b8104c]} sys_lwmutex warning: sys_lwmutex_create(lwmutex_addr=0x31b04ac8, attr_addr=0xd000f8d0)
HLE: W {PPU[42] Thread (SpursHdlr0)[0x00000000]} sys_spu warning: sys_spu_thread_group_join(id=32, cause_addr=0x0, status_addr=0x0)
HLE: ! {PPU[1] Thread (CPUThread)[0x00b8104c]} sys_lwmutex : *** lwmutex created [] (attribute=0x22): sq_id = 61
HLE: W {PPU[1] Thread (CPUThread)[0x00b8104c]} sys_lwmutex warning: sys_lwmutex_create(lwmutex_addr=0x31b04ae0, attr_addr=0xd000f8c0)
HLE: ! {PPU[1] Thread (CPUThread)[0x00b8104c]} sys_lwmutex : *** lwmutex created [] (attribute=0x22): sq_id = 62
HLE: W {PPU[1] Thread (CPUThread)[0x003992d4]} sys_event_flag warning: sys_event_flag_create(eflag_id_addr=0x31b04af8, attr_addr=0xd000f850, init=0x0)
HLE: W {PPU[1] Thread (CPUThread)[0x003992d4]} sys_event_flag warning: *** event_flag created [] (protocol=0x2, type=0x20000): id = 63
HLE: W {PPU[1] Thread (CPUThread)[0x00399308]} sys_event_flag warning: sys_event_flag_create(eflag_id_addr=0x31b04afc, attr_addr=0xd000f830, init=0x0)
HLE: W {PPU[1] Thread (CPUThread)[0x00399308]} sys_event_flag warning: *** event_flag created [] (protocol=0x2, type=0x10000): id = 64
HLE: W {PPU[1] Thread (CPUThread)[0x00b8104c]} sys_lwmutex warning: sys_lwmutex_create(lwmutex_addr=0x31b04b88, attr_addr=0xd000f8d0)
HLE: ! {PPU[1] Thread (CPUThread)[0x00b8104c]} sys_lwmutex : *** lwmutex created [] (attribute=0x22): sq_id = 65
HLE: W {PPU[1] Thread (CPUThread)[0x00b8104c]} sys_lwmutex warning: sys_lwmutex_create(lwmutex_addr=0x31b04ba0, attr_addr=0xd000f8c0)
HLE: ! {PPU[1] Thread (CPUThread)[0x00b8104c]} sys_lwmutex : *** lwmutex created [] (attribute=0x22): sq_id = 66
HLE: W {PPU[1] Thread (CPUThread)[0x003992d4]} sys_event_flag warning: sys_event_flag_create(eflag_id_addr=0x31b04bb8, attr_addr=0xd000f850, init=0x0)
HLE: W {PPU[1] Thread (CPUThread)[0x003992d4]} sys_event_flag warning: *** event_flag created [] (protocol=0x2, type=0x20000): id = 67
HLE: W {PPU[1] Thread (CPUThread)[0x00399308]} sys_event_flag warning: sys_event_flag_create(eflag_id_addr=0x31b04bbc, attr_addr=0xd000f830, init=0x0)
HLE: W {PPU[1] Thread (CPUThread)[0x00399308]} sys_event_flag warning: *** event_flag created [] (protocol=0x2, type=0x10000): id = 68
HLE: W {PPU[1] Thread (CPUThread)[0x00b8104c]} sys_lwmutex warning: sys_lwmutex_create(lwmutex_addr=0x31b04c48, attr_addr=0xd000f8d0)
HLE: ! {PPU[1] Thread (CPUThread)[0x00b8104c]} sys_lwmutex : *** lwmutex created [] (attribute=0x22): sq_id = 69
HLE: W {PPU[1] Thread (CPUThread)[0x00b8104c]} sys_lwmutex warning: sys_lwmutex_create(lwmutex_addr=0x31b04c60, attr_addr=0xd000f8c0)
HLE: ! {PPU[1] Thread (CPUThread)[0x00b8104c]} sys_lwmutex : *** lwmutex created [] (attribute=0x22): sq_id = 70
HLE: W {PPU[1] Thread (CPUThread)[0x003992d4]} sys_event_flag warning: sys_event_flag_create(eflag_id_addr=0x31b04c78, attr_addr=0xd000f850, init=0x0)
HLE: W {PPU[1] Thread (CPUThread)[0x003992d4]} sys_event_flag warning: *** event_flag created [] (protocol=0x2, type=0x20000): id = 71
HLE: W {PPU[1] Thread (CPUThread)[0x00399308]} sys_event_flag warning: sys_event_flag_create(eflag_id_addr=0x31b04c7c, attr_addr=0xd000f830, init=0x0)
HLE: W {PPU[1] Thread (CPUThread)[0x00399308]} sys_event_flag warning: *** event_flag created [] (protocol=0x2, type=0x10000): id = 72
HLE: W {PPU[1] Thread (CPUThread)[0x00b8104c]} sys_lwmutex warning: sys_lwmutex_create(lwmutex_addr=0x31b04d08, attr_addr=0xd000f8d0)
HLE: ! {PPU[1] Thread (CPUThread)[0x00b8104c]} sys_lwmutex : *** lwmutex created [] (attribute=0x22): sq_id = 73
HLE: W {PPU[1] Thread (CPUThread)[0x00b8104c]} sys_lwmutex warning: sys_lwmutex_create(lwmutex_addr=0x31b04d20, attr_addr=0xd000f8c0)
HLE: ! {PPU[1] Thread (CPUThread)[0x00b8104c]} sys_lwmutex : *** lwmutex created [] (attribute=0x22): sq_id = 74
HLE: W {PPU[1] Thread (CPUThread)[0x003992d4]} sys_event_flag warning: sys_event_flag_create(eflag_id_addr=0x31b04d38, attr_addr=0xd000f850, init=0x0)
HLE: W {PPU[1] Thread (CPUThread)[0x003992d4]} sys_event_flag warning: *** event_flag created [] (protocol=0x2, type=0x20000): id = 75
HLE: W {PPU[1] Thread (CPUThread)[0x00399308]} sys_event_flag warning: sys_event_flag_create(eflag_id_addr=0x31b04d3c, attr_addr=0xd000f830, init=0x0)
HLE: W {PPU[1] Thread (CPUThread)[0x00399308]} sys_event_flag warning: *** event_flag created [] (protocol=0x2, type=0x10000): id = 76
HLE: W {PPU[1] Thread (CPUThread)[0x00b8104c]} sys_lwmutex warning: sys_lwmutex_create(lwmutex_addr=0x31b04dc8, attr_addr=0xd000f8d0)
HLE: ! {PPU[1] Thread (CPUThread)[0x00b8104c]} sys_lwmutex : *** lwmutex created [] (attribute=0x22): sq_id = 77
HLE: W {PPU[1] Thread (CPUThread)[0x00b8104c]} sys_lwmutex warning: sys_lwmutex_create(lwmutex_addr=0x31b04de0, attr_addr=0xd000f8c0)
HLE: ! {PPU[1] Thread (CPUThread)[0x00b8104c]} sys_lwmutex : *** lwmutex created [] (attribute=0x22): sq_id = 78
HLE: W {PPU[1] Thread (CPUThread)[0x003992d4]} sys_event_flag warning: sys_event_flag_create(eflag_id_addr=0x31b04df8, attr_addr=0xd000f850, init=0x0)
HLE: W {PPU[1] Thread (CPUThread)[0x003992d4]} sys_event_flag warning: *** event_flag created [] (protocol=0x2, type=0x20000): id = 79
HLE: W {PPU[1] Thread (CPUThread)[0x00399308]} sys_event_flag warning: sys_event_flag_create(eflag_id_addr=0x31b04dfc, attr_addr=0xd000f830, init=0x0)
HLE: W {PPU[1] Thread (CPUThread)[0x00399308]} sys_event_flag warning: *** event_flag created [] (protocol=0x2, type=0x10000): id = 80
HLE: W {PPU[1] Thread (CPUThread)[0x00b8104c]} sys_lwmutex warning: sys_lwmutex_create(lwmutex_addr=0x31b04e88, attr_addr=0xd000f8d0)
HLE: ! {PPU[1] Thread (CPUThread)[0x00b8104c]} sys_lwmutex : *** lwmutex created [] (attribute=0x22): sq_id = 81
HLE: W {PPU[1] Thread (CPUThread)[0x00b8104c]} sys_lwmutex warning: sys_lwmutex_create(lwmutex_addr=0x31b04ea0, attr_addr=0xd000f8c0)
HLE: ! {PPU[1] Thread (CPUThread)[0x00b8104c]} sys_lwmutex : *** lwmutex created [] (attribute=0x22): sq_id = 82
HLE: W {PPU[1] Thread (CPUThread)[0x003992d4]} sys_event_flag warning: sys_event_flag_create(eflag_id_addr=0x31b04eb8, attr_addr=0xd000f850, init=0x0)
HLE: W {PPU[1] Thread (CPUThread)[0x003992d4]} sys_event_flag warning: *** event_flag created [] (protocol=0x2, type=0x20000): id = 83
HLE: W {PPU[1] Thread (CPUThread)[0x00399308]} sys_event_flag warning: sys_event_flag_create(eflag_id_addr=0x31b04ebc, attr_addr=0xd000f830, init=0x0)
HLE: W {PPU[1] Thread (CPUThread)[0x00399308]} sys_event_flag warning: *** event_flag created [] (protocol=0x2, type=0x10000): id = 84
HLE: W {PPU[1] Thread (CPUThread)[0x00b8104c]} sys_lwmutex warning: sys_lwmutex_create(lwmutex_addr=0x31b04f48, attr_addr=0xd000f8d0)
HLE: ! {PPU[1] Thread (CPUThread)[0x00b8104c]} sys_lwmutex : *** lwmutex created [] (attribute=0x22): sq_id = 85
HLE: W {PPU[1] Thread (CPUThread)[0x00b8104c]} sys_lwmutex warning: sys_lwmutex_create(lwmutex_addr=0x31b04f60, attr_addr=0xd000f8c0)
HLE: ! {PPU[1] Thread (CPUThread)[0x00b8104c]} sys_lwmutex : *** lwmutex created [] (attribute=0x22): sq_id = 86
HLE: W {PPU[1] Thread (CPUThread)[0x003992d4]} sys_event_flag warning: sys_event_flag_create(eflag_id_addr=0x31b04f78, attr_addr=0xd000f850, init=0x0)
HLE: W {PPU[1] Thread (CPUThread)[0x003992d4]} sys_event_flag warning: *** event_flag created [] (protocol=0x2, type=0x20000): id = 87
HLE: W {PPU[1] Thread (CPUThread)[0x00399308]} sys_event_flag warning: sys_event_flag_create(eflag_id_addr=0x31b04f7c, attr_addr=0xd000f830, init=0x0)
HLE: W {PPU[1] Thread (CPUThread)[0x00399308]} sys_event_flag warning: *** event_flag created [] (protocol=0x2, type=0x10000): id = 88
HLE: W {PPU[1] Thread (CPUThread)[0x00b8104c]} sys_lwmutex warning: sys_lwmutex_create(lwmutex_addr=0x31b05008, attr_addr=0xd000f8d0)
HLE: ! {PPU[1] Thread (CPUThread)[0x00b8104c]} sys_lwmutex : *** lwmutex created [] (attribute=0x22): sq_id = 89
HLE: W {PPU[1] Thread (CPUThread)[0x00b8104c]} sys_lwmutex warning: sys_lwmutex_create(lwmutex_addr=0x31b05020, attr_addr=0xd000f8c0)
HLE: ! {PPU[1] Thread (CPUThread)[0x00b8104c]} sys_lwmutex : *** lwmutex created [] (attribute=0x22): sq_id = 90
HLE: W {PPU[1] Thread (CPUThread)[0x003992d4]} sys_event_flag warning: sys_event_flag_create(eflag_id_addr=0x31b05038, attr_addr=0xd000f850, init=0x0)
HLE: W {PPU[1] Thread (CPUThread)[0x003992d4]} sys_event_flag warning: *** event_flag created [] (protocol=0x2, type=0x20000): id = 91
HLE: W {PPU[1] Thread (CPUThread)[0x00399308]} sys_event_flag warning: sys_event_flag_create(eflag_id_addr=0x31b0503c, attr_addr=0xd000f830, init=0x0)
HLE: W {PPU[1] Thread (CPUThread)[0x00399308]} sys_event_flag warning: *** event_flag created [] (protocol=0x2, type=0x10000): id = 92
HLE: W {PPU[1] Thread (CPUThread)[0x00b8104c]} sys_lwmutex warning: sys_lwmutex_create(lwmutex_addr=0x31b050c8, attr_addr=0xd000f8d0)
HLE: ! {PPU[1] Thread (CPUThread)[0x00b8104c]} sys_lwmutex : *** lwmutex created [] (attribute=0x22): sq_id = 93
HLE: W {PPU[1] Thread (CPUThread)[0x00b8104c]} sys_lwmutex warning: sys_lwmutex_create(lwmutex_addr=0x31b050e0, attr_addr=0xd000f8c0)
HLE: ! {PPU[1] Thread (CPUThread)[0x00b8104c]} sys_lwmutex : *** lwmutex created [] (attribute=0x22): sq_id = 94
HLE: W {PPU[1] Thread (CPUThread)[0x003992d4]} sys_event_flag warning: sys_event_flag_create(eflag_id_addr=0x31b050f8, attr_addr=0xd000f850, init=0x0)
HLE: W {PPU[1] Thread (CPUThread)[0x003992d4]} sys_event_flag warning: *** event_flag created [] (protocol=0x2, type=0x20000): id = 95
HLE: W {PPU[1] Thread (CPUThread)[0x00399308]} sys_event_flag warning: sys_event_flag_create(eflag_id_addr=0x31b050fc, attr_addr=0xd000f830, init=0x0)
HLE: W {PPU[1] Thread (CPUThread)[0x00399308]} sys_event_flag warning: *** event_flag created [] (protocol=0x2, type=0x10000): id = 96
HLE: W {PPU[1] Thread (CPUThread)[0x00b8104c]} sys_lwmutex warning: sys_lwmutex_create(lwmutex_addr=0x31b05188, attr_addr=0xd000f8d0)
HLE: ! {PPU[1] Thread (CPUThread)[0x00b8104c]} sys_lwmutex : *** lwmutex created [] (attribute=0x22): sq_id = 97
HLE: W {PPU[1] Thread (CPUThread)[0x00b8104c]} sys_lwmutex warning: sys_lwmutex_create(lwmutex_addr=0x31b051a0, attr_addr=0xd000f8c0)
HLE: ! {PPU[1] Thread (CPUThread)[0x00b8104c]} sys_lwmutex : *** lwmutex created [] (attribute=0x22): sq_id = 98
HLE: W {PPU[1] Thread (CPUThread)[0x003992d4]} sys_event_flag warning: sys_event_flag_create(eflag_id_addr=0x31b051b8, attr_addr=0xd000f850, init=0x0)
HLE: W {PPU[1] Thread (CPUThread)[0x003992d4]} sys_event_flag warning: *** event_flag created [] (protocol=0x2, type=0x20000): id = 99
HLE: W {PPU[1] Thread (CPUThread)[0x00399308]} sys_event_flag warning: sys_event_flag_create(eflag_id_addr=0x31b051bc, attr_addr=0xd000f830, init=0x0)
HLE: W {PPU[1] Thread (CPUThread)[0x00399308]} sys_event_flag warning: *** event_flag created [] (protocol=0x2, type=0x10000): id = 100
HLE: W {PPU[1] Thread (CPUThread)[0x00b8104c]} sys_lwmutex warning: sys_lwmutex_create(lwmutex_addr=0x31b05248, attr_addr=0xd000f8d0)
HLE: ! {PPU[1] Thread (CPUThread)[0x00b8104c]} sys_lwmutex : *** lwmutex created [] (attribute=0x22): sq_id = 101
HLE: W {PPU[1] Thread (CPUThread)[0x00b8104c]} sys_lwmutex warning: sys_lwmutex_create(lwmutex_addr=0x31b05260, attr_addr=0xd000f8c0)
HLE: ! {PPU[1] Thread (CPUThread)[0x00b8104c]} sys_lwmutex : *** lwmutex created [] (attribute=0x22): sq_id = 102
HLE: W {PPU[1] Thread (CPUThread)[0x003992d4]} sys_event_flag warning: sys_event_flag_create(eflag_id_addr=0x31b05278, attr_addr=0xd000f850, init=0x0)
HLE: W {PPU[1] Thread (CPUThread)[0x003992d4]} sys_event_flag warning: *** event_flag created [] (protocol=0x2, type=0x20000): id = 103
HLE: W {PPU[1] Thread (CPUThread)[0x00399308]} sys_event_flag warning: sys_event_flag_create(eflag_id_addr=0x31b0527c, attr_addr=0xd000f830, init=0x0)
HLE: W {PPU[1] Thread (CPUThread)[0x00399308]} sys_event_flag warning: *** event_flag created [] (protocol=0x2, type=0x10000): id = 104
HLE: W {PPU[1] Thread (CPUThread)[0x00b8104c]} sys_lwmutex warning: sys_lwmutex_create(lwmutex_addr=0x31b05b90, attr_addr=0xd000f700)
HLE: ! {PPU[1] Thread (CPUThread)[0x00b8104c]} sys_lwmutex : *** lwmutex created [] (attribute=0x22): sq_id = 105
HLE: W {PPU[1] Thread (CPUThread)[0x00b8104c]} sys_lwmutex warning: sys_lwmutex_create(lwmutex_addr=0x31b064c0, attr_addr=0xd000f700)
HLE: ! {PPU[1] Thread (CPUThread)[0x00b8104c]} sys_lwmutex : *** lwmutex created [] (attribute=0x22): sq_id = 106
HLE: W {PPU[1] Thread (CPUThread)[0x00b8104c]} sys_lwmutex warning: sys_lwmutex_create(lwmutex_addr=0x31b06df0, attr_addr=0xd000f700)
HLE: ! {PPU[1] Thread (CPUThread)[0x00b8104c]} sys_lwmutex : *** lwmutex created [] (attribute=0x22): sq_id = 107
HLE: W {PPU[1] Thread (CPUThread)[0x00b8104c]} sys_lwmutex warning: sys_lwmutex_create(lwmutex_addr=0x31b07720, attr_addr=0xd000f700)
HLE: ! {PPU[1] Thread (CPUThread)[0x00b8104c]} sys_lwmutex : *** lwmutex created [] (attribute=0x22): sq_id = 108
HLE: W {PPU[1] Thread (CPUThread)[0x00b8104c]} sys_lwmutex warning: sys_lwmutex_create(lwmutex_addr=0x31b08050, attr_addr=0xd000f700)
HLE: ! {PPU[1] Thread (CPUThread)[0x00b8104c]} sys_lwmutex : *** lwmutex created [] (attribute=0x22): sq_id = 109
HLE: W {PPU[1] Thread (CPUThread)[0x00b8104c]} sys_lwmutex warning: sys_lwmutex_create(lwmutex_addr=0x31b08980, attr_addr=0xd000f700)
HLE: ! {PPU[1] Thread (CPUThread)[0x00b8104c]} sys_lwmutex : *** lwmutex created [] (attribute=0x22): sq_id = 110
HLE: W {PPU[1] Thread (CPUThread)[0x00b8104c]} sys_lwmutex warning: sys_lwmutex_create(lwmutex_addr=0x31b092b0, attr_addr=0xd000f700)
HLE: ! {PPU[1] Thread (CPUThread)[0x00b8104c]} sys_lwmutex : *** lwmutex created [] (attribute=0x22): sq_id = 111
HLE: W {PPU[1] Thread (CPUThread)[0x00b8104c]} sys_lwmutex warning: sys_lwmutex_create(lwmutex_addr=0x31b09be8, attr_addr=0xd000f700)
HLE: ! {PPU[1] Thread (CPUThread)[0x00b8104c]} sys_lwmutex : *** lwmutex created [] (attribute=0x22): sq_id = 112
HLE: W {PPU[1] Thread (CPUThread)[0x003995e8]} sys_event_flag warning: sys_event_flag_create(eflag_id_addr=0x31b09c58, attr_addr=0xd000f7f0, init=0x0)
HLE: W {PPU[1] Thread (CPUThread)[0x003995e8]} sys_event_flag warning: *** event_flag created [] (protocol=0x2, type=0x10000): id = 113
HLE: W {PPU[1] Thread (CPUThread)[0x00b8104c]} sys_lwmutex warning: sys_lwmutex_create(lwmutex_addr=0x31b09ca0, attr_addr=0xd000f8a0)
HLE: ! {PPU[1] Thread (CPUThread)[0x00b8104c]} sys_lwmutex : *** lwmutex created [] (attribute=0x22): sq_id = 114
HLE: ! {PPU[1] Thread (CPUThread)[0x00b81028]} sys_ppu_thread : *** New PPU Thread [KtglFsThread_Bdvd] (joinable, entry=0x9dca98): id = 115
HLE: W {PPU[1] Thread (CPUThread)[0x00b8104c]} sys_lwmutex warning: sys_lwmutex_create(lwmutex_addr=0x31b0a5d0, attr_addr=0xd000f700)
HLE: ! {PPU[1] Thread (CPUThread)[0x00b8104c]} sys_lwmutex : *** lwmutex created [] (attribute=0x22): sq_id = 116
HLE: W {PPU[1] Thread (CPUThread)[0x00399764]} sys_event_flag warning: sys_event_flag_create(eflag_id_addr=0x31b0a640, attr_addr=0xd000f7d0, init=0x0)
HLE: W {PPU[1] Thread (CPUThread)[0x00399764]} sys_event_flag warning: *** event_flag created [] (protocol=0x2, type=0x10000): id = 117
HLE: W {PPU[1] Thread (CPUThread)[0x00b8104c]} sys_lwmutex warning: sys_lwmutex_create(lwmutex_addr=0x31b0a688, attr_addr=0xd000f890)
HLE: ! {PPU[1] Thread (CPUThread)[0x00b8104c]} sys_lwmutex : *** lwmutex created [] (attribute=0x22): sq_id = 118
HLE: ! {PPU[1] Thread (CPUThread)[0x00b81028]} sys_ppu_thread : *** New PPU Thread [KtglFsThread_Hdd] (joinable, entry=0x9dca98): id = 119
HLE: W {PPU[1] Thread (CPUThread)[0x00b8104c]} sys_lwmutex warning: sys_lwmutex_create(lwmutex_addr=0x31b0a6c8, attr_addr=0xd000fb78)
HLE: ! {PPU[1] Thread (CPUThread)[0x00b8104c]} sys_lwmutex : *** lwmutex created [] (attribute=0x12): sq_id = 120
HLE: W {PPU[1] Thread (CPUThread)[0x00b8104c]} sys_lwmutex warning: sys_lwmutex_create(lwmutex_addr=0x31b0a6f8, attr_addr=0xd000fb78)
HLE: ! {PPU[1] Thread (CPUThread)[0x00b8104c]} sys_lwmutex : *** lwmutex created [] (attribute=0x12): sq_id = 121
HLE: W {PPU[1] Thread (CPUThread)[0x00b8104c]} sys_lwmutex warning: sys_lwmutex_create(lwmutex_addr=0x31b0a788, attr_addr=0xd000fb78)
HLE: ! {PPU[1] Thread (CPUThread)[0x00b8104c]} sys_lwmutex : *** lwmutex created [] (attribute=0x12): sq_id = 122
HLE: W {PPU[1] Thread (CPUThread)[0x00b8104c]} sys_lwmutex warning: sys_lwmutex_create(lwmutex_addr=0x31b0a818, attr_addr=0xd000fb78)
HLE: ! {PPU[1] Thread (CPUThread)[0x00b8104c]} sys_lwmutex : *** lwmutex created [] (attribute=0x12): sq_id = 123
HLE: W {PPU[1] Thread (CPUThread)[0x00b8104c]} sys_lwmutex warning: sys_lwmutex_create(lwmutex_addr=0x31b0a8a8, attr_addr=0xd000fb78)
HLE: ! {PPU[1] Thread (CPUThread)[0x00b8104c]} sys_lwmutex : *** lwmutex created [] (attribute=0x12): sq_id = 124
HLE: W {PPU[1] Thread (CPUThread)[0x00b8104c]} sys_lwmutex warning: sys_lwmutex_create(lwmutex_addr=0x31b0a938, attr_addr=0xd000faa8)
HLE: ! {PPU[1] Thread (CPUThread)[0x00b8104c]} sys_lwmutex : *** lwmutex created [] (attribute=0x12): sq_id = 125
HLE: W {PPU[1] Thread (CPUThread)[0x009cb0e8]} cellGcmSys warning: _cellGcmInitBody(context_addr=0xb1ef80, cmdSize=0x10000, ioSize=0x1900000, ioAddress=0x30200000)
HLE: W {PPU[1] Thread (CPUThread)[0x009cb0e8]} cellGcmSys warning: *** local memory(addr=0xc0000000, size=0xf900000)
HLE: W {PPU[1] Thread (CPUThread)[0x009cb0e8]} cellGcmSys warning: cellGcmInit(): 256MB io address space used
HLE: W {PPU[1] Thread (CPUThread)[0x009cb0e8]} cellGcmSys warning: cellGcmMapEaIoAddress(ea=0x30200000, io=0x0, size=0x1900000)
RSX: ! {RSXThread} RSX thread started
HLE: W {PPU[1] Thread (CPUThread)[0x009cf010]} cellSpurs warning: cellSpursCreateTaskset(spurs_addr=0x31b00080, taskset_addr=0x31b59000, args=0x31b4f78031b59000, priority_addr=0xd000f9b0, maxContention=5)
HLE: E {PPU[1] Thread (CPUThread)[0x009cf004]} cellSpurs TODO: _cellSpursLFQueueInitialize
HLE: E {PPU[1] Thread (CPUThread)[0x009cf004]} cellSpurs TODO: _cellSpursLFQueueInitialize
HLE: E {PPU[1] Thread (CPUThread)[0x009cf004]} cellSpurs TODO: _cellSpursLFQueueInitialize
HLE: E {PPU[1] Thread (CPUThread)[0x009cf004]} cellSpurs TODO: _cellSpursLFQueueInitialize
HLE: E {PPU[1] Thread (CPUThread)[0x009cf004]} cellSpurs TODO: _cellSpursLFQueueInitialize
HLE: E {PPU[1] Thread (CPUThread)[0x009cf040]} cellSpurs TODO: cellSpursCreateTask
HLE: E {PPU[1] Thread (CPUThread)[0x009cf01c]} cellSpurs TODO: _cellSpursLFQueuePushBody
RSX: W {VBlank thread} VBlank thread aborted
HLE: W {PPU[115] Thread (KtglFsThread_Bdvd)[0x0039eeac]} sys_event_flag warning: sys_event_flag_wait(id=113) aborted
RSX: W {RSXThread} RSX thread aborted
HLE: W {PPU[119] Thread (KtglFsThread_Hdd)[0x0039eeac]} sys_event_flag warning: sys_event_flag_wait(id=117) aborted
HLE: W {PPU[42] Thread (SpursHdlr0)[0x00000000]} sys_spu warning: sys_spu_thread_group_join(id=32) aborted
HLE: W {PPU[42] Thread (SpursHdlr0)[0x00000000]} cellSpurs warning: SPURS Handler Thread 0 aborted
PPU: ! {PPULLVMRecompiler} PPU LLVM compiler thread exiting.
