HLE: ! path: /dev_hdd0/game/
HLE: W No pause.bin found, Auto Pause will not work.
HLE: W No pause.bin found, Auto Pause will not work.
LDR: ! Loading 'D:\Emulateurs\Rpcs3\dev_hdd0\game\BLES00461-[Skate 2]/PS3_GAME/USRDIR/BOOT.BIN'...
LDR: !  
LDR: ! Mount info:
LDR: ! /dev_hdd0/ -> ./dev_hdd0/
LDR: ! /dev_hdd1/ -> ./dev_hdd1/
LDR: ! /dev_flash/ -> ./dev_flash/
LDR: ! /dev_usb000/ -> ./dev_usb000/
LDR: ! /dev_usb/ -> ./dev_usb000/
LDR: ! /app_home/ -> D:\Emulateurs\Rpcs3\dev_hdd0\game\BLES00461-[Skate 2]/PS3_GAME/
LDR: ! /dev_bdvd/ -> D:\Emulateurs\Rpcs3\dev_hdd0\game\BLES00461-[Skate 2]/PS3_GAME//../
LDR: ! /host_root/ -> 
LDR: ! /app_home/PS3_GAME/USRDIR/ -> D:\Emulateurs\Rpcs3\dev_hdd0\game\BLES00461-[Skate 2]/PS3_GAME//USRDIR/
LDR: ! /dev_flash2/ -> ./dev_flash2/
LDR: ! /app_home/Game/PS3_GAME/USRDIR/ -> D:\Emulateurs\Rpcs3\dev_hdd0\game\BLES00461-[Skate 2]/PS3_GAME//USRDIR/
LDR: ! //dev_hdd0/ -> ./dev_hdd0/
LDR: ! / -> D:\Emulateurs\Rpcs3\dev_hdd0\game\BLES00461-[Skate 2]/PS3_GAME//USRDIR/
LDR: !  
LDR: ! Title: Skate 2
LDR: ! Serial: BLES00461
LDR: !  
MEM: ! Initializing memory: m_base_addr = 0xab5e930000
MEM: ! Memory initialized.
LDR: ! Imported function 'cellSpursDetachLv2EventQueue' in 'cellSpurs' module
LDR: ! Imported function 'cellSpursRemoveWorkload' in 'cellSpurs' module
LDR: ! Imported function 'cellSpursWaitForWorkloadShutdown' in 'cellSpurs' module
LDR: ! Imported function 'cellSpursGetSpuThreadId' in 'cellSpurs' module
LDR: ! Imported function '_cellSpursAttributeInitialize' in 'cellSpurs' module
LDR: ! Imported function 'cellSpursShutdownWorkload' in 'cellSpurs' module
LDR: ! Imported function 'cellSpursAttributeSetSpuThreadGroupType' in 'cellSpurs' module
LDR: ! Imported function 'cellSpursInitializeWithAttribute' in 'cellSpurs' module
LDR: ! Imported function 'cellSpursAttachLv2EventQueue' in 'cellSpurs' module
LDR: ! Imported function 'cellSpursAddWorkloadWithAttribute' in 'cellSpurs' module
LDR: ! Imported function 'cellSpursFinalize' in 'cellSpurs' module
LDR: ! Imported function '_cellSpursWorkloadAttributeInitialize' in 'cellSpurs' module
LDR: ! Imported function 'cellSpursReadyCountStore' in 'cellSpurs' module
LDR: ! Imported function 'sceNpBasicSendMessageGui' in 'sceNp' module
LDR: ! Imported function 'sceNpBasicGetFriendListEntry' in 'sceNp' module
LDR: ! Imported function 'sceNpBasicAddPlayersHistory' in 'sceNp' module
LDR: ! Imported function 'sceNpBasicAddFriend' in 'sceNp' module
LDR: ! Imported function 'sceNpBasicSendMessageAttachment' in 'sceNp' module
LDR: ! Imported function 'sceNpTerm' in 'sceNp' module
LDR: ! Imported function 'sceNpBasicRecvMessageAttachmentLoad' in 'sceNp' module
LDR: ! Imported function 'sceNpManagerGetContentRatingFlag' in 'sceNp' module
LDR: ! Imported function 'sceNpBasicRecvMessageCustom' in 'sceNp' module
LDR: ! Imported function 'sceNpManagerGetStatus' in 'sceNp' module
LDR: ! Imported function 'sceNpBasicGetCustomInvitationEntryCount' in 'sceNp' module
LDR: ! Imported function 'sceNpDrmIsAvailable' in 'sceNp' module
LDR: ! Imported function 'sceNpBasicGetFriendListEntryCount' in 'sceNp' module
LDR: ! Imported function 'sceNpBasicRecvMessageAttachment' in 'sceNp' module
LDR: ! Imported function 'sceNpInit' in 'sceNp' module
LDR: ! Imported function 'sceNpProfileCallGui' in 'sceNp' module
LDR: ! Imported function 'sceNpUtilCmpNpId' in 'sceNp' module
LDR: ! Imported function 'sceNpManagerGetChatRestrictionFlag' in 'sceNp' module
LDR: ! Imported function 'sceNpManagerGetNpId' in 'sceNp' module
LDR: ! Imported function 'sceNpManagerGetTicket' in 'sceNp' module
LDR: ! Imported function 'sceNpManagerGetAccountAge' in 'sceNp' module
LDR: ! Imported function 'sceNpManagerGetPsHandle' in 'sceNp' module
LDR: ! Imported function 'sceNpManagerGetMyLanguages' in 'sceNp' module
LDR: ! Imported function 'sceNpLookupAbortTransaction' in 'sceNp' module
LDR: ! Imported function 'sceNpBasicRegisterContextSensitiveHandler' in 'sceNp' module
LDR: ! Imported function 'sceNpManagerUnregisterCallback' in 'sceNp' module
LDR: ! Imported function 'sceNpManagerGetTicketParam' in 'sceNp' module
LDR: ! Imported function 'sceNpLookupDestroyTitleCtx' in 'sceNp' module
LDR: ! Imported function 'sceNpLookupInit' in 'sceNp' module
LDR: ! Imported function 'sceNpBasicGetBlockListEntryCount' in 'sceNp' module
LDR: ! Imported function 'sceNpLookupPollAsync' in 'sceNp' module
LDR: ! Imported function 'sceNpManagerRequestTicket' in 'sceNp' module
LDR: ! Imported function 'sceNpLookupTerm' in 'sceNp' module
LDR: ! Imported function 'sceNpCommerceSetDataFlagFinish' in 'sceNp' module
LDR: ! Imported function 'sceNpCommerceSetDataFlagStart' in 'sceNp' module
LDR: ! Imported function 'sceNpBasicUnregisterHandler' in 'sceNp' module
LDR: ! Imported function 'sceNpManagerGetAccountRegion' in 'sceNp' module
LDR: ! Imported function 'sceNpBasicAddPlayersHistoryAsync' in 'sceNp' module
LDR: ! Imported function 'sceNpLookupCreateTitleCtx' in 'sceNp' module
LDR: ! Imported function 'sceNpLookupNpIdAsync' in 'sceNp' module
LDR: ! Imported function 'sceNpBasicGetEvent' in 'sceNp' module
LDR: ! Imported function 'sceNpCommerceDestroyCtx' in 'sceNp' module
LDR: ! Imported function 'sceNpManagerRegisterCallback' in 'sceNp' module
LDR: ! Imported function 'sceNpLookupCreateTransactionCtx' in 'sceNp' module
LDR: ! Imported function 'sceNpBasicGetBlockListEntry' in 'sceNp' module
LDR: ! Imported function 'sceNpLookupDestroyTransactionCtx' in 'sceNp' module
LDR: ! Imported function 'sceNpCommerceCreateCtx' in 'sceNp' module
LDR: W Unimplemented function 'Unknown func id: 0x4210c462' in 'sceNp' module
LDR: ! Imported function 'cellGcmGetTiledPitchSize' in 'cellGcmSys' module
LDR: ! Imported function '_cellGcmInitBody' in 'cellGcmSys' module
LDR: ! Imported function '_cellGcmSetFlipCommand' in 'cellGcmSys' module
LDR: ! Imported function 'cellGcmAddressToOffset' in 'cellGcmSys' module
LDR: ! Imported function '_cellGcmFunc15' in 'cellGcmSys' module
LDR: ! Imported function 'cellGcmSetFlipMode' in 'cellGcmSys' module
LDR: ! Imported function 'cellGcmSetSecondVFrequency' in 'cellGcmSys' module
LDR: ! Imported function 'cellGcmSetDebugOutputLevel' in 'cellGcmSys' module
LDR: ! Imported function 'cellGcmGetTimeStamp' in 'cellGcmSys' module
LDR: ! Imported function 'cellGcmMapMainMemory' in 'cellGcmSys' module
LDR: ! Imported function 'cellGcmSetDisplayBuffer' in 'cellGcmSys' module
LDR: ! Imported function 'cellGcmGetControlRegister' in 'cellGcmSys' module
LDR: ! Imported function 'cellGcmSetVBlankHandler' in 'cellGcmSys' module
LDR: ! Imported function 'cellGcmSetInvalidateTile' in 'cellGcmSys' module
LDR: ! Imported function 'cellGcmSetTile' in 'cellGcmSys' module
LDR: ! Imported function 'cellGcmSetZcull' in 'cellGcmSys' module
LDR: ! Imported function 'cellGcmSetSecondVHandler' in 'cellGcmSys' module
LDR: ! Imported function 'cellGcmGetConfiguration' in 'cellGcmSys' module
LDR: ! Imported function 'cellGcmGetLabelAddress' in 'cellGcmSys' module
LDR: W Unimplemented function 'socketpoll' in 'sys_net' module
LDR: ! Imported function 'sys_net_initialize_network_ex' in 'sys_net' module
LDR: W Unimplemented function 'getsockname' in 'sys_net' module
LDR: ! Imported function 'recvfrom' in 'sys_net' module
LDR: ! Imported function 'sys_net_if_ctl' in 'sys_net' module
LDR: ! Imported function 'listen' in 'sys_net' module
LDR: ! Imported function 'sys_net_get_sockinfo' in 'sys_net' module
LDR: W Unimplemented function 'getsockopt' in 'sys_net' module
LDR: ! Imported function '_sys_net_errno_loc' in 'sys_net' module
LDR: ! Imported function 'connect' in 'sys_net' module
LDR: ! Imported function 'socketclose' in 'sys_net' module
LDR: W Unimplemented function 'gethostbyname' in 'sys_net' module
LDR: W Unimplemented function 'inet_ntoa' in 'sys_net' module
LDR: ! Imported function 'setsockopt' in 'sys_net' module
LDR: ! Imported function 'sys_net_abort_resolver' in 'sys_net' module
LDR: ! Imported function 'sys_net_abort_socket' in 'sys_net' module
LDR: ! Imported function 'sendto' in 'sys_net' module
LDR: ! Imported function 'socket' in 'sys_net' module
LDR: ! Imported function 'shutdown' in 'sys_net' module
LDR: ! Imported function 'bind' in 'sys_net' module
LDR: ! Imported function 'sys_net_finalize_network' in 'sys_net' module
LDR: ! Imported function 'accept' in 'sys_net' module
LDR: ! Imported function 'inet_addr' in 'sys_net' module
LDR: ! Imported function 'send' in 'sys_net' module
LDR: W Unimplemented function 'getpeername' in 'sys_net' module
LDR: ! Imported function 'recv' in 'sys_net' module
LDR: ! Imported function 'sys_net_free_thread_context' in 'sys_net' module
LDR: W Unimplemented function 'socketselect' in 'sys_net' module
LDR: W Unimplemented function 'inet_aton' in 'sys_net' module
LDR: W Unimplemented function 'gethostbyaddr' in 'sys_net' module
LDR: ! Imported function 'cellNetCtlNetStartDialogLoadAsync' in 'cellNetCtl' module
LDR: ! Imported function 'cellNetCtlAddHandler' in 'cellNetCtl' module
LDR: ! Imported function 'cellNetCtlNetStartDialogUnloadAsync' in 'cellNetCtl' module
LDR: ! Imported function 'cellNetCtlTerm' in 'cellNetCtl' module
LDR: ! Imported function 'cellNetCtlGetInfo' in 'cellNetCtl' module
LDR: ! Imported function 'cellNetCtlGetNatInfo' in 'cellNetCtl' module
LDR: ! Imported function 'cellNetCtlGetState' in 'cellNetCtl' module
LDR: ! Imported function 'cellNetCtlDelHandler' in 'cellNetCtl' module
LDR: ! Imported function 'cellNetCtlInit' in 'cellNetCtl' module
LDR: ! Imported function 'cellPadInfoPressMode' in 'sys_io' module
LDR: ! Imported function 'cellPadInit' in 'sys_io' module
LDR: ! Imported function 'cellPadInfoSensorMode' in 'sys_io' module
LDR: ! Imported function 'cellPadGetData' in 'sys_io' module
LDR: ! Imported function 'cellPadGetInfo2' in 'sys_io' module
LDR: ! Imported function 'cellPadSetSensorMode' in 'sys_io' module
LDR: ! Imported function 'cellPadSetActDirect' in 'sys_io' module
LDR: ! Imported function 'cellPadSetPressMode' in 'sys_io' module
LDR: ! Imported function 'cellFsFtruncate' in 'sys_fs' module
LDR: ! Imported function 'cellFsRmdir' in 'sys_fs' module
LDR: ! Imported function 'cellFsClose' in 'sys_fs' module
LDR: ! Imported function 'cellFsOpendir' in 'sys_fs' module
LDR: ! Imported function 'cellFsRead' in 'sys_fs' module
LDR: ! Imported function 'cellFsReaddir' in 'sys_fs' module
LDR: ! Imported function 'cellFsOpen' in 'sys_fs' module
LDR: ! Imported function 'cellFsStat' in 'sys_fs' module
LDR: ! Imported function 'cellFsUnlink' in 'sys_fs' module
LDR: ! Imported function 'cellFsLseek' in 'sys_fs' module
LDR: ! Imported function 'cellFsMkdir' in 'sys_fs' module
LDR: ! Imported function 'cellFsWrite' in 'sys_fs' module
LDR: ! Imported function 'cellFsFstat' in 'sys_fs' module
LDR: ! Imported function 'cellFsRename' in 'sys_fs' module
LDR: ! Imported function 'cellFsClosedir' in 'sys_fs' module
LDR: W Unimplemented function 'cellFsUtime' in 'sys_fs' module
LDR: ! Imported function 'cellSysmoduleUnloadModule' in 'cellSysmodule' module
LDR: ! Imported function 'cellSysmoduleLoadModule' in 'cellSysmodule' module
LDR: ! Imported function 'cellSysutilUnregisterCallback' in 'cellSysutil' module
LDR: ! Imported function 'cellVideoOutConfigure' in 'cellSysutil' module
LDR: ! Imported function 'cellSysutilCheckCallback' in 'cellSysutil' module
LDR: ! Imported function 'cellSaveDataListLoad2' in 'cellSysutil' module
LDR: ! Imported function 'cellSysCacheMount' in 'cellSysutil' module
LDR: ! Imported function 'cellSaveDataListAutoLoad' in 'cellSysutil' module
LDR: ! Imported function 'cellSysutilEnableBgmPlayback' in 'cellSysutil' module
LDR: ! Imported function 'cellSaveDataFixedLoad2' in 'cellSysutil' module
LDR: ! Imported function 'cellSaveDataFixedSave2' in 'cellSysutil' module
LDR: ! Imported function 'cellSaveDataListSave2' in 'cellSysutil' module
LDR: W Unimplemented function 'cellOskDialogUnloadAsync' in 'cellSysutil' module
LDR: ! Imported function 'cellSysutilGetSystemParamInt' in 'cellSysutil' module
LDR: ! Imported function 'cellAudioOutConfigure' in 'cellSysutil' module
LDR: ! Imported function 'cellMsgDialogAbort' in 'cellSysutil' module
LDR: ! Imported function 'cellSysCacheClear' in 'cellSysutil' module
LDR: ! Imported function 'cellVideoOutGetNumberOfDevice' in 'cellSysutil' module
LDR: ! Imported function 'cellMsgDialogOpen2' in 'cellSysutil' module
LDR: ! Imported function 'cellAudioOutGetDeviceInfo' in 'cellSysutil' module
LDR: W Unimplemented function 'cellOskDialogLoadAsync' in 'cellSysutil' module
LDR: ! Imported function 'cellVideoOutGetState' in 'cellSysutil' module
LDR: ! Imported function 'cellSaveDataAutoSave2' in 'cellSysutil' module
LDR: ! Imported function 'cellMsgDialogProgressBarInc' in 'cellSysutil' module
LDR: W Unimplemented function 'cellGameDataExitBroken' in 'cellSysutil' module
LDR: ! Imported function 'cellSysutilRegisterCallback' in 'cellSysutil' module
LDR: ! Imported function 'cellVideoOutGetResolutionAvailability' in 'cellSysutil' module
LDR: W Unimplemented function 'cellOskDialogSetKeyLayoutOption' in 'cellSysutil' module
LDR: W Unimplemented function 'cellOskDialogAbort' in 'cellSysutil' module
LDR: W Unimplemented function 'cellDiscGameGetBootDiscInfo' in 'cellSysutil' module
LDR: ! Imported function 'cellAudioOutGetSoundAvailability' in 'cellSysutil' module
LDR: ! Imported function 'cellGameDataCheckCreate2' in 'cellSysutil' module
LDR: ! Imported function 'cellSysutilDisableBgmPlayback' in 'cellSysutil' module
LDR: W Unimplemented function 'cellOskDialogSetLayoutMode' in 'cellSysutil' module
LDR: ! Imported function 'cellSaveDataAutoLoad2' in 'cellSysutil' module
LDR: ! Imported function 'cellAudioInit' in 'cellAudio' module
LDR: ! Imported function 'cellAudioSetNotifyEventQueue' in 'cellAudio' module
LDR: ! Imported function 'cellAudioPortClose' in 'cellAudio' module
LDR: ! Imported function 'cellAudioPortStop' in 'cellAudio' module
LDR: ! Imported function 'cellAudioGetPortConfig' in 'cellAudio' module
LDR: ! Imported function 'cellAudioPortStart' in 'cellAudio' module
LDR: ! Imported function 'cellAudioQuit' in 'cellAudio' module
LDR: ! Imported function 'cellAudioPortOpen' in 'cellAudio' module
LDR: ! Imported function 'cellAudioRemoveNotifyEventQueue' in 'cellAudio' module
LDR: ! Imported function 'cellRtcGetCurrentClockLocalTime' in 'cellRtc' module
LDR: ! Imported function 'cellRtcGetCurrentClock' in 'cellRtc' module
LDR: ! Imported function 'cellRtcSetTick' in 'cellRtc' module
LDR: ! Imported function 'cellRtcSetTime_t' in 'cellRtc' module
LDR: ! Imported function 'cellRtcGetDayOfWeek' in 'cellRtc' module
LDR: ! Imported function 'cellRtcConvertUtcToLocalTime' in 'cellRtc' module
LDR: ! Imported function 'cellRtcGetTick' in 'cellRtc' module
LDR: ! Imported function 'cellRtcGetTime_t' in 'cellRtc' module
LDR: W Unknown module 'cellSaveData'
LDR: ! Imported function 'cellSaveDataListDelete' in 'cellSaveData' module
LDR: W Unknown module 'sceNpCommerce2'
LDR: ! Imported function 'sceNpCommerce2DoCheckoutStartAsync' in 'sceNpCommerce2' module
LDR: ! Imported function 'sceNpCommerce2DestroyReq' in 'sceNpCommerce2' module
LDR: ! Imported function 'sceNpCommerce2Init' in 'sceNpCommerce2' module
LDR: ! Imported function 'sceNpCommerce2GetCategoryContentsStart' in 'sceNpCommerce2' module
LDR: ! Imported function 'sceNpCommerce2Term' in 'sceNpCommerce2' module
LDR: ! Imported function 'sceNpCommerce2CreateSessionAbort' in 'sceNpCommerce2' module
LDR: ! Imported function 'sceNpCommerce2GetCategoryContentsCreateReq' in 'sceNpCommerce2' module
LDR: ! Imported function 'sceNpCommerce2GetProductInfoStart' in 'sceNpCommerce2' module
LDR: ! Imported function 'sceNpCommerce2CreateSessionFinish' in 'sceNpCommerce2' module
LDR: ! Imported function 'sceNpCommerce2GetContentInfo' in 'sceNpCommerce2' module
LDR: ! Imported function 'sceNpCommerce2DestroyGetCategoryContentsResult' in 'sceNpCommerce2' module
LDR: ! Imported function 'sceNpCommerce2GetProductInfoCreateReq' in 'sceNpCommerce2' module
LDR: ! Imported function 'sceNpCommerce2GetCategoryInfo' in 'sceNpCommerce2' module
LDR: ! Imported function 'sceNpCommerce2GetProductInfoGetResult' in 'sceNpCommerce2' module
LDR: ! Imported function 'sceNpCommerce2GetCategoryContentsGetResult' in 'sceNpCommerce2' module
LDR: ! Imported function 'sceNpCommerce2CreateSessionStart' in 'sceNpCommerce2' module
LDR: ! Imported function 'sceNpCommerce2DoCheckoutFinishAsync' in 'sceNpCommerce2' module
LDR: ! Imported function 'sceNpCommerce2InitGetCategoryContentsResult' in 'sceNpCommerce2' module
LDR: ! Imported function 'sceNpCommerce2CreateCtx' in 'sceNpCommerce2' module
LDR: ! Imported function 'sceNpCommerce2GetGameSkuInfoFromGameProductInfo' in 'sceNpCommerce2' module
LDR: ! Imported function 'sceNpCommerce2GetGameProductInfoFromContentInfo' in 'sceNpCommerce2' module
LDR: ! Imported function 'sceNpCommerce2GetGameProductInfo' in 'sceNpCommerce2' module
LDR: ! Imported function 'sceNpCommerce2DestroyGetProductInfoResult' in 'sceNpCommerce2' module
LDR: ! Imported function 'sceNpCommerce2InitGetProductInfoResult' in 'sceNpCommerce2' module
LDR: W Unknown module 'cellHttp'
LDR: ! Imported function 'cellHttpInit' in 'cellHttp' module
LDR: ! Imported function 'cellHttpsInit' in 'cellHttp' module
LDR: ! Imported function 'cellHttpEndCookie' in 'cellHttp' module
LDR: ! Imported function 'cellHttpInitCookie' in 'cellHttp' module
LDR: ! Imported function 'cellHttpEnd' in 'cellHttp' module
LDR: ! Imported function 'cellHttpsEnd' in 'cellHttp' module
LDR: W Unimplemented function 'cellSslEnd' in 'cellSsl' module
LDR: W Unimplemented function 'cellSslCertificateLoader' in 'cellSsl' module
LDR: W Unimplemented function 'cellSslInit' in 'cellSsl' module
LDR: ! Imported function 'sceNpTrophyRegisterContext' in 'sceNpTrophy' module
LDR: ! Imported function 'sceNpTrophyCreateHandle' in 'sceNpTrophy' module
LDR: ! Imported function 'sceNpTrophyInit' in 'sceNpTrophy' module
LDR: ! Imported function 'sceNpTrophyUnlockTrophy' in 'sceNpTrophy' module
LDR: ! Imported function 'sceNpTrophyGetTrophyUnlockState' in 'sceNpTrophy' module
LDR: ! Imported function 'sceNpTrophyCreateContext' in 'sceNpTrophy' module
LDR: W Unimplemented function 'cellMicRead' in 'cellMic' module
LDR: W Unimplemented function 'cellMicIsAttached' in 'cellMic' module
LDR: W Unimplemented function 'cellMicSetSignalAttr' in 'cellMic' module
LDR: W Unimplemented function 'cellMicInit' in 'cellMic' module
LDR: W Unimplemented function 'cellMicClose' in 'cellMic' module
LDR: W Unimplemented function 'cellMicGetSignalState' in 'cellMic' module
LDR: W Unimplemented function 'cellMicEnd' in 'cellMic' module
LDR: W Unimplemented function 'cellMicOpen' in 'cellMic' module
LDR: W Unimplemented function 'cellMicStart' in 'cellMic' module
LDR: ! Imported function 'cellAdecDecodeAu' in 'cellAdec' module
LDR: ! Imported function 'cellAdecStartSeq' in 'cellAdec' module
LDR: ! Imported function 'cellAdecQueryAttr' in 'cellAdec' module
LDR: ! Imported function 'cellAdecClose' in 'cellAdec' module
LDR: ! Imported function 'cellAdecGetPcm' in 'cellAdec' module
LDR: ! Imported function 'cellAdecGetPcmItem' in 'cellAdec' module
LDR: ! Imported function 'cellAdecOpen' in 'cellAdec' module
LDR: ! Imported function 'cellAdecEndSeq' in 'cellAdec' module
LDR: W Unimplemented function 'cellCelpEncClose' in 'cellCelpEnc' module
LDR: W Unimplemented function 'cellCelpEncGetAu' in 'cellCelpEnc' module
LDR: W Unimplemented function 'cellCelpEncStart' in 'cellCelpEnc' module
LDR: W Unimplemented function 'cellCelpEncQueryAttr' in 'cellCelpEnc' module
LDR: W Unimplemented function 'cellCelpEncOpen' in 'cellCelpEnc' module
LDR: W Unimplemented function 'cellCelpEncEncodeFrame' in 'cellCelpEnc' module
LDR: W Unimplemented function 'cellCelpEncWaitForOutput' in 'cellCelpEnc' module
LDR: W Unimplemented function 'cellCelpEncEnd' in 'cellCelpEnc' module
LDR: ! Imported function 'sys_lwmutex_lock' in 'sysPrxForUser' module
LDR: ! Imported function 'sys_lwmutex_unlock' in 'sysPrxForUser' module
LDR: ! Imported function 'sys_ppu_thread_create' in 'sysPrxForUser' module
LDR: ! Imported function '_sys_process_atexitspawn' in 'sysPrxForUser' module
LDR: ! Imported function 'sys_lwmutex_create' in 'sysPrxForUser' module
LDR: ! Imported function 'sys_ppu_thread_get_id' in 'sysPrxForUser' module
LDR: ! Imported function 'sys_prx_register_library' in 'sysPrxForUser' module
LDR: ! Imported function 'sys_initialize_tls' in 'sysPrxForUser' module
LDR: ! Imported function 'sys_time_get_system_time' in 'sysPrxForUser' module
LDR: ! Imported function 'sys_raw_spu_load' in 'sysPrxForUser' module
LDR: ! Imported function '_sys_process_at_Exitspawn' in 'sysPrxForUser' module
LDR: ! Imported function 'sys_prx_exitspawn_with_level' in 'sysPrxForUser' module
LDR: ! Imported function 'sys_ppu_thread_exit' in 'sysPrxForUser' module
LDR: ! Imported function 'sys_lwmutex_destroy' in 'sysPrxForUser' module
LDR: ! Imported function 'sys_spu_image_close' in 'sysPrxForUser' module
LDR: ! Imported function 'sys_process_exit' in 'sysPrxForUser' module
LDR: ! Imported function 'sys_spu_image_import' in 'sysPrxForUser' module
HLE: W {PPU[1] Thread (CPUThread)[0x014f8034]} sys_lwmutex warning: *** lwmutex created [_lc_mtx] (attribute=0x12): sq_id = 3
HLE: W {PPU[1] Thread (CPUThread)[0x00b4d750]} sys_memory warning: sys_memory_get_user_memory_size(mem_info_addr=0xd000fc04)
HLE: W {PPU[1] Thread (CPUThread)[0x014f8034]} sys_lwmutex warning: *** lwmutex created [_lc_mtx] (attribute=0x12): sq_id = 4
HLE: W {PPU[1] Thread (CPUThread)[0x014f8034]} sys_lwmutex warning: *** lwmutex created [_lc_mtx] (attribute=0x12): sq_id = 5
HLE: W {PPU[1] Thread (CPUThread)[0x014f8034]} sys_lwmutex warning: *** lwmutex created [_lc_mtx] (attribute=0x12): sq_id = 6
HLE: W {PPU[1] Thread (CPUThread)[0x014f8034]} sys_lwmutex warning: *** lwmutex created [_lc_mtx] (attribute=0x12): sq_id = 7
HLE: W {PPU[1] Thread (CPUThread)[0x014f8034]} sys_lwmutex warning: *** lwmutex created [_lc_mtx] (attribute=0x12): sq_id = 8
HLE: W {PPU[1] Thread (CPUThread)[0x014f8034]} sys_lwmutex warning: *** lwmutex created [_lc_mtx] (attribute=0x12): sq_id = 9
HLE: W {PPU[1] Thread (CPUThread)[0x014f8034]} sys_lwmutex warning: *** lwmutex created [_lc_mtx] (attribute=0x12): sq_id = 10
HLE: W {PPU[1] Thread (CPUThread)[0x014f8034]} sys_lwmutex warning: *** lwmutex created [_lc_mtx] (attribute=0x12): sq_id = 11
HLE: W {PPU[1] Thread (CPUThread)[0x014f8034]} sys_lwmutex warning: *** lwmutex created [_lc_mtx] (attribute=0x12): sq_id = 12
HLE: W {PPU[1] Thread (CPUThread)[0x014f8034]} sys_lwmutex warning: *** lwmutex created [] (attribute=0x12): sq_id = 13
HLE: W {PPU[1] Thread (CPUThread)[0x00555620]} sys_memory warning: sys_memory_get_user_memory_size(mem_info_addr=0xd000f750)
HLE: W {PPU[1] Thread (CPUThread)[0x00786c78]} sys_semaphore warning: sys_semaphore_create(sem_addr=0x13c4370, attr_addr=0xd000f5b0, initial_count=0, max_count=100000)
HLE: ! {PPU[1] Thread (CPUThread)[0x00786c78]} sys_semaphore: *** semaphore created [] (protocol=0x2): id = 14
HLE: W {PPU[1] Thread (CPUThread)[0x00787f40]} sys_mutex warning: *** mutex created [] (protocol=0x2, recursive=true): id = 15
HLE: W {PPU[1] Thread (CPUThread)[0x0055bf18]} sys_memory warning: sys_memory_container_create(cid_addr=0x13c4218, yield_size=0x1000000)
HLE: W {PPU[1] Thread (CPUThread)[0x0055bf18]} sys_memory warning: *** memory_container created(addr=0x30100000): id = 16
HLE: W {PPU[1] Thread (CPUThread)[0x014f8034]} sys_lwmutex warning: *** lwmutex created [] (attribute=0x12): sq_id = 17
HLE: W {PPU[1] Thread (CPUThread)[0x014f8034]} sys_lwmutex warning: *** lwmutex created [] (attribute=0x12): sq_id = 18
HLE: W {PPU[1] Thread (CPUThread)[0x014f8034]} sys_lwmutex warning: *** lwmutex created [] (attribute=0x12): sq_id = 19
HLE: W {PPU[1] Thread (CPUThread)[0x014f8034]} sys_lwmutex warning: *** lwmutex created [] (attribute=0x12): sq_id = 20
HLE: W {PPU[1] Thread (CPUThread)[0x014f8034]} sys_lwmutex warning: *** lwmutex created [] (attribute=0x12): sq_id = 21
HLE: W {PPU[1] Thread (CPUThread)[0x014f8034]} sys_lwmutex warning: *** lwmutex created [] (attribute=0x12): sq_id = 22
HLE: W {PPU[1] Thread (CPUThread)[0x00555620]} sys_memory warning: sys_memory_get_user_memory_size(mem_info_addr=0xd000f570)
HLE: W {PPU[1] Thread (CPUThread)[0x014f8034]} sys_lwmutex warning: *** lwmutex created [_lc_mtx] (attribute=0x12): sq_id = 23
HLE: W {PPU[1] Thread (CPUThread)[0x014f8034]} sys_lwmutex warning: *** lwmutex created [_lc_mtx] (attribute=0x12): sq_id = 24
HLE: W {PPU[1] Thread (CPUThread)[0x014f8034]} sys_lwmutex warning: *** lwmutex created [_lc_mtx] (attribute=0x12): sq_id = 25
HLE: W {PPU[1] Thread (CPUThread)[0x014f8034]} sys_lwmutex warning: *** lwmutex created [_lc_mtx] (attribute=0x12): sq_id = 26
HLE: W {PPU[1] Thread (CPUThread)[0x014f8034]} sys_lwmutex warning: *** lwmutex created [_lc_mtx] (attribute=0x12): sq_id = 27
HLE: W {PPU[1] Thread (CPUThread)[0x014f8034]} sys_lwmutex warning: *** lwmutex created [_lc_mtx] (attribute=0x12): sq_id = 28
HLE: W {PPU[1] Thread (CPUThread)[0x014f8034]} sys_lwmutex warning: *** lwmutex created [_lc_mtx] (attribute=0x12): sq_id = 29
HLE: W {PPU[1] Thread (CPUThread)[0x014f8034]} sys_lwmutex warning: *** lwmutex created [_lc_mtx] (attribute=0x12): sq_id = 30
HLE: W {PPU[1] Thread (CPUThread)[0x014f8034]} sys_lwmutex warning: *** lwmutex created [_lc_mtx] (attribute=0x12): sq_id = 31
HLE: W {PPU[1] Thread (CPUThread)[0x014f8034]} sys_lwmutex warning: *** lwmutex created [_lc_mtx] (attribute=0x12): sq_id = 32
HLE: W {PPU[1] Thread (CPUThread)[0x014f8034]} sys_lwmutex warning: *** lwmutex created [_lc_mtx] (attribute=0x12): sq_id = 33
HLE: W {PPU[1] Thread (CPUThread)[0x014f8034]} sys_lwmutex warning: *** lwmutex created [_lc_mtx] (attribute=0x12): sq_id = 34
HLE: W {PPU[1] Thread (CPUThread)[0x00787f40]} sys_mutex warning: *** mutex created [] (protocol=0x2, recursive=true): id = 35
HLE: W {PPU[1] Thread (CPUThread)[0x00787f40]} sys_mutex warning: *** mutex created [] (protocol=0x2, recursive=true): id = 36
HLE: W {PPU[1] Thread (CPUThread)[0x00787f40]} sys_mutex warning: *** mutex created [] (protocol=0x2, recursive=true): id = 37
HLE: W {PPU[1] Thread (CPUThread)[0x014e2124]} cellSysutil warning: cellVideoOutGetResolutionAvailability(videoOut=0, resolutionId=0x1, option_addr=0x0, aspect=0x0, option=0x608a6b30)
PPU: E {PPU[1] Thread (CPUThread)[0x0079ad40]} GetRegBySPR error: Unknown SPR 0x10c! #pc: 0x79ad40
PPU: ! {PPU[1] Thread (CPUThread)[0x0079ad40]} r0 = 0x8
PPU: ! {PPU[1] Thread (CPUThread)[0xac0079ad40]} r1 = 0xd000fc00
PPU: ! {PPU[1] Thread (CPUThread)[0xac0079ad40]} r2 = 0x1326a7c
PPU: ! {PPU[1] Thread (CPUThread)[0xac0079ad40]} r3 = 0x4c4b400
PPU: ! {PPU[1] Thread (CPUThread)[0xac0079ad40]} r4 = 0xffff
PPU: ! {PPU[1] Thread (CPUThread)[0xac0079ad40]} r5 = 0x0
PPU: ! {PPU[1] Thread (CPUThread)[0xac0079ad40]} r6 = 0x135f148
PPU: ! {PPU[1] Thread (CPUThread)[0xac0079ad40]} r7 = 0x1
PPU: ! {PPU[1] Thread (CPUThread)[0xac0079ad40]} r8 = 0x28
PPU: ! {PPU[1] Thread (CPUThread)[0xac0079ad40]} r9 = 0x1
PPU: ! {PPU[1] Thread (CPUThread)[0x0079ad40]} r10 = 0xffffffffffffffff
PPU: ! {PPU[1] Thread (CPUThread)[0xac0079ad40]} r11 = 0x13fb3b8
PPU: ! {PPU[1] Thread (CPUThread)[0xac0079ad40]} r12 = 0x11e2080
PPU: ! {PPU[1] Thread (CPUThread)[0x0079ad40]} r13 = 0x30007060
PPU: ! {PPU[1] Thread (CPUThread)[0xac0079ad40]} r14 = 0x0
PPU: ! {PPU[1] Thread (CPUThread)[0xac0079ad40]} r15 = 0x0
PPU: ! {PPU[1] Thread (CPUThread)[0xac0079ad40]} r16 = 0x0
PPU: ! {PPU[1] Thread (CPUThread)[0xac0079ad40]} r17 = 0x0
PPU: ! {PPU[1] Thread (CPUThread)[0xac0079ad40]} r18 = 0x0
PPU: ! {PPU[1] Thread (CPUThread)[0xac0079ad40]} r19 = 0x0
PPU: ! {PPU[1] Thread (CPUThread)[0xac0079ad40]} r20 = 0x0
PPU: ! {PPU[1] Thread (CPUThread)[0xac0079ad40]} r21 = 0x0
PPU: ! {PPU[1] Thread (CPUThread)[0xac0079ad40]} r22 = 0x0
PPU: ! {PPU[1] Thread (CPUThread)[0xac0079ad40]} r23 = 0x0
PPU: ! {PPU[1] Thread (CPUThread)[0xac0079ad40]} r24 = 0x0
PPU: ! {PPU[1] Thread (CPUThread)[0xac0079ad40]} r25 = 0x0
PPU: ! {PPU[1] Thread (CPUThread)[0xac0079ad40]} r26 = 0x14fc010
PPU: ! {PPU[1] Thread (CPUThread)[0xac0079ad40]} r27 = 0x14fc000
PPU: ! {PPU[1] Thread (CPUThread)[0xac0079ad40]} r28 = 0x1
PPU: ! {PPU[1] Thread (CPUThread)[0xac0079ad40]} r29 = 0x14fc010
PPU: ! {PPU[1] Thread (CPUThread)[0xac0079ad40]} r30 = 0x0
PPU: ! {PPU[1] Thread (CPUThread)[0xac0079ad40]} r31 = 0x12401b8
PPU: ! {PPU[1] Thread (CPUThread)[0xac0079ad40]} f0 = 0.000000
PPU: ! {PPU[1] Thread (CPUThread)[0xac0079ad40]} f1 = 0.000000
PPU: ! {PPU[1] Thread (CPUThread)[0xac0079ad40]} f2 = 0.000000
PPU: ! {PPU[1] Thread (CPUThread)[0xac0079ad40]} f3 = 0.000000
PPU: ! {PPU[1] Thread (CPUThread)[0xac0079ad40]} f4 = 0.000000
PPU: ! {PPU[1] Thread (CPUThread)[0xac0079ad40]} f5 = 0.000000
PPU: ! {PPU[1] Thread (CPUThread)[0xac0079ad40]} f6 = 0.000000
PPU: ! {PPU[1] Thread (CPUThread)[0xac0079ad40]} f7 = 0.000000
PPU: ! {PPU[1] Thread (CPUThread)[0xac0079ad40]} f8 = 0.000000
PPU: ! {PPU[1] Thread (CPUThread)[0xac0079ad40]} f9 = 0.000000
PPU: ! {PPU[1] Thread (CPUThread)[0xac0079ad40]} f10 = 0.000000
PPU: ! {PPU[1] Thread (CPUThread)[0xac0079ad40]} f11 = 0.000000
PPU: ! {PPU[1] Thread (CPUThread)[0xac0079ad40]} f12 = 0.000000
PPU: ! {PPU[1] Thread (CPUThread)[0xac0079ad40]} f13 = 0.000000
PPU: ! {PPU[1] Thread (CPUThread)[0xac0079ad40]} f14 = 0.000000
PPU: ! {PPU[1] Thread (CPUThread)[0xac0079ad40]} f15 = 0.000000
PPU: ! {PPU[1] Thread (CPUThread)[0xac0079ad40]} f16 = 0.000000
PPU: ! {PPU[1] Thread (CPUThread)[0xac0079ad40]} f17 = 0.000000
PPU: ! {PPU[1] Thread (CPUThread)[0xac0079ad40]} f18 = 0.000000
PPU: ! {PPU[1] Thread (CPUThread)[0xac0079ad40]} f19 = 0.000000
PPU: ! {PPU[1] Thread (CPUThread)[0xac0079ad40]} f20 = 0.000000
PPU: ! {PPU[1] Thread (CPUThread)[0xac0079ad40]} f21 = 0.000000
PPU: ! {PPU[1] Thread (CPUThread)[0xac0079ad40]} f22 = 0.000000
PPU: ! {PPU[1] Thread (CPUThread)[0xac0079ad40]} f23 = 0.000000
PPU: ! {PPU[1] Thread (CPUThread)[0xac0079ad40]} f24 = 0.000000
PPU: ! {PPU[1] Thread (CPUThread)[0xac0079ad40]} f25 = 0.000000
PPU: ! {PPU[1] Thread (CPUThread)[0xac0079ad40]} f26 = 0.000000
PPU: ! {PPU[1] Thread (CPUThread)[0xac0079ad40]} f27 = 0.000000
PPU: ! {PPU[1] Thread (CPUThread)[0xac0079ad40]} f28 = 0.000000
PPU: ! {PPU[1] Thread (CPUThread)[0xac0079ad40]} f29 = 0.000000
PPU: ! {PPU[1] Thread (CPUThread)[0xac0079ad40]} f30 = 0.000000
PPU: ! {PPU[1] Thread (CPUThread)[0xac0079ad40]} f31 = 0.000000
PPU: ! {PPU[1] Thread (CPUThread)[0x0079ad40]} v0 = 0x        c11cf5c3         12401f8 [x: 0 y: -9.81 z: 0 w: 3.01235e-038]
PPU: ! {PPU[1] Thread (CPUThread)[0x0079ad40]} v1 = 0x        c19cf5c3         14fc000 [x: 0 y: -19.62 z: 0 w: 3.81576e-038]
PPU: ! {PPU[1] Thread (CPUThread)[0x0079ad40]} v2 = 0x               0               0 [x: 0 y: 0 z: 0 w: 0]
PPU: ! {PPU[1] Thread (CPUThread)[0x0079ad40]} v3 = 0x               0               0 [x: 0 y: 0 z: 0 w: 0]
PPU: ! {PPU[1] Thread (CPUThread)[0x0079ad40]} v4 = 0x               0               0 [x: 0 y: 0 z: 0 w: 0]
PPU: ! {PPU[1] Thread (CPUThread)[0x0079ad40]} v5 = 0x               0               0 [x: 0 y: 0 z: 0 w: 0]
PPU: ! {PPU[1] Thread (CPUThread)[0x0079ad40]} v6 = 0x               0               0 [x: 0 y: 0 z: 0 w: 0]
PPU: ! {PPU[1] Thread (CPUThread)[0x0079ad40]} v7 = 0x               0               0 [x: 0 y: 0 z: 0 w: 0]
PPU: ! {PPU[1] Thread (CPUThread)[0x0079ad40]} v8 = 0x3f8000003f800000         1326a7c [x: 1 y: 1 z: 0 w: 3.27698e-038]
PPU: ! {PPU[1] Thread (CPUThread)[0x0079ad40]} v9 = 0x3f0000003f000000         14fc000 [x: 0.5 y: 0.5 z: 0 w: 3.81576e-038]
PPU: ! {PPU[1] Thread (CPUThread)[0x0079ad40]} v10 = 0x3f800000bf800000    4e2000000000 [x: 1 y: -1 z: 2.8026e-041 w: 0]
PPU: ! {PPU[1] Thread (CPUThread)[0x0079ad40]} v11 = 0x322bcc77322bcc77322bcc77322bcc77 [x: 1e-008 y: 1e-008 z: 1e-008 w: 1e-008]
PPU: ! {PPU[1] Thread (CPUThread)[0x0079ad40]} v12 = 0xbf8000003f800000         1326a7c [x: -1 y: 1 z: 0 w: 3.27698e-038]
PPU: ! {PPU[1] Thread (CPUThread)[0x0079ad40]} v13 = 0x        c09cf5c3         143c420 [x: 0 y: -4.905 z: 0 w: 3.59566e-038]
PPU: ! {PPU[1] Thread (CPUThread)[0x0079ad40]} v14 = 0x               0               0 [x: 0 y: 0 z: 0 w: 0]
PPU: ! {PPU[1] Thread (CPUThread)[0x0079ad40]} v15 = 0x               0               0 [x: 0 y: 0 z: 0 w: 0]
PPU: ! {PPU[1] Thread (CPUThread)[0x0079ad40]} v16 = 0x               0               0 [x: 0 y: 0 z: 0 w: 0]
PPU: ! {PPU[1] Thread (CPUThread)[0x0079ad40]} v17 = 0x               0               0 [x: 0 y: 0 z: 0 w: 0]
PPU: ! {PPU[1] Thread (CPUThread)[0x0079ad40]} v18 = 0x               0               0 [x: 0 y: 0 z: 0 w: 0]
PPU: ! {PPU[1] Thread (CPUThread)[0x0079ad40]} v19 = 0x               0               0 [x: 0 y: 0 z: 0 w: 0]
PPU: ! {PPU[1] Thread (CPUThread)[0x0079ad40]} v20 = 0x               0               0 [x: 0 y: 0 z: 0 w: 0]
PPU: ! {PPU[1] Thread (CPUThread)[0x0079ad40]} v21 = 0x               0               0 [x: 0 y: 0 z: 0 w: 0]
PPU: ! {PPU[1] Thread (CPUThread)[0x0079ad40]} v22 = 0x               0               0 [x: 0 y: 0 z: 0 w: 0]
PPU: ! {PPU[1] Thread (CPUThread)[0x0079ad40]} v23 = 0x               0               0 [x: 0 y: 0 z: 0 w: 0]
PPU: ! {PPU[1] Thread (CPUThread)[0x0079ad40]} v24 = 0x               0               0 [x: 0 y: 0 z: 0 w: 0]
PPU: ! {PPU[1] Thread (CPUThread)[0x0079ad40]} v25 = 0x               0               0 [x: 0 y: 0 z: 0 w: 0]
PPU: ! {PPU[1] Thread (CPUThread)[0x0079ad40]} v26 = 0x               0               0 [x: 0 y: 0 z: 0 w: 0]
PPU: ! {PPU[1] Thread (CPUThread)[0x0079ad40]} v27 = 0x               0               0 [x: 0 y: 0 z: 0 w: 0]
PPU: ! {PPU[1] Thread (CPUThread)[0x0079ad40]} v28 = 0x               0               0 [x: 0 y: 0 z: 0 w: 0]
PPU: ! {PPU[1] Thread (CPUThread)[0x0079ad40]} v29 = 0x               0               0 [x: 0 y: 0 z: 0 w: 0]
PPU: ! {PPU[1] Thread (CPUThread)[0x0079ad40]} v30 = 0x               0               0 [x: 0 y: 0 z: 0 w: 0]
PPU: ! {PPU[1] Thread (CPUThread)[0x0079ad40]} v31 = 0x               0               0 [x: 0 y: 0 z: 0 w: 0]
PPU: ! {PPU[1] Thread (CPUThread)[0xffffffff0079ad40]} CR = 0x22000042
PPU: ! {PPU[1] Thread (CPUThread)[0xac0079ad40]} LR = 0x55550c
PPU: ! {PPU[1] Thread (CPUThread)[0xac0079ad40]} CTR = 0x8
PPU: ! {PPU[1] Thread (CPUThread)[0x0079ad40]} XER = 0x0 [CA=140694538682368 | OV=738734374912 | SO=-4294967296]
PPU: ! {PPU[1] Thread (CPUThread)[0x0079ad40]} FPSCR = 0x4000 [RN=0 | NI=0 | XE=0 | ZE=0 | UE=0 | OE=0 | VE=0 | VXCVI=0 | VXSQRT=0 | VXSOFT=0 | FPRF=4 | FI=0 | FR=0 | VXVC=0 | VXIMZ=0 | VXZDZ=0 | VXIDI=0 | VXISI=0 | VXSNAN=0 | XX=0 | ZX=0 | UX=0 | OX=0 | VX=0 | FEX=0 | FX=0]
HLE: ! All threads stopped...
MEM: ! Closing memory...
