HLE: ! path: /dev_hdd0/game/
HLE: W No pause.bin found, Auto Pause will not work.
HLE: W No pause.bin found, Auto Pause will not work.
LDR: ! Loading 'D:\Emulateurs\Rpcs3\dev_hdd0\game\BLES01081-[YAKUZA 4]/PS3_GAME/USRDIR/BOOT.BIN'...
LDR: !  
LDR: ! Mount info:
LDR: ! /dev_hdd0/ -> ./dev_hdd0/
LDR: ! /dev_hdd1/ -> ./dev_hdd1/
LDR: ! /dev_flash/ -> ./dev_flash/
LDR: ! /dev_usb000/ -> ./dev_usb000/
LDR: ! /dev_usb/ -> ./dev_usb000/
LDR: ! /app_home/ -> D:\Emulateurs\Rpcs3\dev_hdd0\game\BLES01081-[YAKUZA 4]/PS3_GAME/
LDR: ! /dev_bdvd/ -> D:\Emulateurs\Rpcs3\dev_hdd0\game\BLES01081-[YAKUZA 4]/PS3_GAME//../
LDR: ! /host_root/ -> 
LDR: ! /app_home/PS3_GAME/USRDIR/ -> D:\Emulateurs\Rpcs3\dev_hdd0\game\BLES01081-[YAKUZA 4]/PS3_GAME//USRDIR/
LDR: ! /dev_flash2/ -> ./dev_flash2/
LDR: ! /app_home/Game/PS3_GAME/USRDIR/ -> D:\Emulateurs\Rpcs3\dev_hdd0\game\BLES01081-[YAKUZA 4]/PS3_GAME//USRDIR/
LDR: ! //dev_hdd0/ -> ./dev_hdd0/
LDR: ! / -> D:\Emulateurs\Rpcs3\dev_hdd0\game\BLES01081-[YAKUZA 4]/PS3_GAME//USRDIR/
LDR: ! /app_home//dev_bdvd/PS3_GAME/USRDIR/data/gos/ -> D:\Emulateurs\Rpcs3\dev_hdd0\game\BLES01081-[YAKUZA 4]/PS3_GAME//USRDIR/
LDR: !  
LDR: ! Title: YAKUZA 4
LDR: ! Serial: BLES01081
LDR: !  
MEM: ! Initializing memory: m_base_addr = 0x9c26130000
MEM: ! Memory initialized.
LDR: ! Imported function 'cellAudioInit' in 'cellAudio' module
LDR: ! Imported function 'cellAudioQuit' in 'cellAudio' module
LDR: ! Imported function 'cellAudioSetNotifyEventQueue' in 'cellAudio' module
LDR: ! Imported function 'cellAudioGetPortTimestamp' in 'cellAudio' module
LDR: ! Imported function 'cellAudioPortClose' in 'cellAudio' module
LDR: ! Imported function 'cellAudioPortStop' in 'cellAudio' module
LDR: ! Imported function 'cellAudioGetPortConfig' in 'cellAudio' module
LDR: ! Imported function 'cellAudioPortStart' in 'cellAudio' module
LDR: ! Imported function 'cellAudioPortOpen' in 'cellAudio' module
LDR: ! Imported function 'cellAudioGetPortBlockTag' in 'cellAudio' module
LDR: ! Imported function 'cellAudioRemoveNotifyEventQueue' in 'cellAudio' module
LDR: ! Imported function 'sceNpTrophyRegisterContext' in 'sceNpTrophy' module
LDR: ! Imported function 'sceNpTrophyCreateHandle' in 'sceNpTrophy' module
LDR: ! Imported function 'sceNpTrophyGetRequiredDiskSpace' in 'sceNpTrophy' module
LDR: ! Imported function 'sceNpTrophyDestroyContext' in 'sceNpTrophy' module
LDR: ! Imported function 'sceNpTrophyInit' in 'sceNpTrophy' module
LDR: ! Imported function 'sceNpTrophyDestroyHandle' in 'sceNpTrophy' module
LDR: ! Imported function 'sceNpTrophyUnlockTrophy' in 'sceNpTrophy' module
LDR: ! Imported function 'sceNpTrophyTerm' in 'sceNpTrophy' module
LDR: ! Imported function 'sceNpTrophyGetTrophyUnlockState' in 'sceNpTrophy' module
LDR: ! Imported function 'sceNpTrophyCreateContext' in 'sceNpTrophy' module
LDR: ! Imported function 'cellFsClose' in 'sys_fs' module
LDR: ! Imported function 'cellFsOpendir' in 'sys_fs' module
LDR: ! Imported function 'cellFsRead' in 'sys_fs' module
LDR: ! Imported function 'cellFsReaddir' in 'sys_fs' module
LDR: ! Imported function 'cellFsOpen' in 'sys_fs' module
LDR: ! Imported function 'cellFsStat' in 'sys_fs' module
LDR: ! Imported function 'cellFsUnlink' in 'sys_fs' module
LDR: ! Imported function 'cellFsLseek' in 'sys_fs' module
LDR: ! Imported function 'cellFsMkdir' in 'sys_fs' module
LDR: ! Imported function 'cellFsWrite' in 'sys_fs' module
LDR: ! Imported function 'cellFsFstat' in 'sys_fs' module
LDR: ! Imported function 'cellFsClosedir' in 'sys_fs' module
LDR: ! Imported function 'cellFsFtruncate' in 'sys_fs' module
LDR: ! Imported function 'cellFsFsync' in 'sys_fs' module
LDR: ! Imported function 'cellFsSdataOpen' in 'sys_fs' module
LDR: ! Imported function 'cellFsRename' in 'sys_fs' module
LDR: ! Imported function 'cellSysutilUnregisterCallback' in 'cellSysutil' module
LDR: ! Imported function 'cellSysutilCheckCallback' in 'cellSysutil' module
LDR: ! Imported function 'cellSaveDataListLoad2' in 'cellSysutil' module
LDR: ! Imported function 'cellSysCacheMount' in 'cellSysutil' module
LDR: ! Imported function 'cellMsgDialogClose' in 'cellSysutil' module
LDR: ! Imported function 'cellSaveDataListAutoLoad' in 'cellSysutil' module
LDR: ! Imported function 'cellSaveDataFixedLoad2' in 'cellSysutil' module
LDR: ! Imported function 'cellSaveDataFixedSave2' in 'cellSysutil' module
LDR: ! Imported function 'cellSaveDataListSave2' in 'cellSysutil' module
LDR: W Unimplemented function 'cellOskDialogUnloadAsync' in 'cellSysutil' module
LDR: ! Imported function 'cellMsgDialogOpenErrorCode' in 'cellSysutil' module
LDR: ! Imported function 'cellAudioOutConfigure' in 'cellSysutil' module
LDR: ! Imported function 'cellSysCacheClear' in 'cellSysutil' module
LDR: ! Imported function 'cellMsgDialogOpen2' in 'cellSysutil' module
LDR: W Unimplemented function 'cellOskDialogLoadAsync' in 'cellSysutil' module
LDR: ! Imported function 'cellHddGameCheck' in 'cellSysutil' module
LDR: ! Imported function 'cellMsgDialogProgressBarInc' in 'cellSysutil' module
LDR: ! Imported function 'cellSysutilRegisterCallback' in 'cellSysutil' module
LDR: ! Imported function 'cellAudioOutGetSoundAvailability' in 'cellSysutil' module
LDR: ! Imported function 'cellAudioOutGetNumberOfDevice' in 'cellSysutil' module
LDR: W Unimplemented function 'cellSaveDataDelete2' in 'cellSysutil' module
LDR: W Unimplemented function 'cellOskDialogSetLayoutMode' in 'cellSysutil' module
LDR: ! Imported function 'cellAudioOutGetState' in 'cellSysutil' module
LDR: ! Imported function 'cellVideoOutConfigure' in 'cellSysutil' module
LDR: ! Imported function 'cellVideoOutGetDeviceInfo' in 'cellSysutil' module
LDR: ! Imported function 'cellVideoOutGetState' in 'cellSysutil' module
LDR: ! Imported function 'cellVideoOutGetResolution' in 'cellSysutil' module
LDR: ! Imported function 'cellSysmoduleUnloadModule' in 'cellSysmodule' module
LDR: ! Imported function 'cellSysmoduleLoadModule' in 'cellSysmodule' module
LDR: ! Imported function 'cellSpursAttributeSetNamePrefix' in 'cellSpurs' module
LDR: ! Imported function 'cellSpursAttributeEnableSpuPrintfIfAvailable' in 'cellSpurs' module
LDR: ! Imported function 'cellSpursTaskExitCodeGet' in 'cellSpurs' module
LDR: ! Imported function '_cellSpursTasksetAttributeInitialize' in 'cellSpurs' module
LDR: ! Imported function 'cellSpursCreateTaskWithAttribute' in 'cellSpurs' module
LDR: ! Imported function 'cellSpursEventFlagDetachLv2EventQueue' in 'cellSpurs' module
LDR: ! Imported function 'cellSpursCreateJobChainWithAttribute' in 'cellSpurs' module
LDR: ! Imported function 'cellSpursTaskExitCodeInitialize' in 'cellSpurs' module
LDR: ! Imported function '_cellSpursJobChainAttributeInitialize' in 'cellSpurs' module
LDR: ! Imported function 'cellSpursEventFlagWait' in 'cellSpurs' module
LDR: ! Imported function '_cellSpursEventFlagInitialize' in 'cellSpurs' module
LDR: ! Imported function 'cellSpursTasksetAttributeSetName' in 'cellSpurs' module
LDR: ! Imported function 'cellSpursJobGuardInitialize' in 'cellSpurs' module
LDR: ! Imported function 'cellSpursShutdownJobChain' in 'cellSpurs' module
LDR: ! Imported function 'cellSpursEventFlagAttachLv2EventQueue' in 'cellSpurs' module
LDR: ! Imported function 'cellSpursTasksetAttributeSetTasksetSize' in 'cellSpurs' module
LDR: ! Imported function '_cellSpursAttributeInitialize' in 'cellSpurs' module
LDR: ! Imported function 'cellSpursJoinTaskset' in 'cellSpurs' module
LDR: ! Imported function 'cellSpursJobChainAttributeSetName' in 'cellSpurs' module
LDR: ! Imported function 'cellSpursTaskAttributeSetExitCodeContainer' in 'cellSpurs' module
LDR: ! Imported function 'cellSpursShutdownTaskset' in 'cellSpurs' module
LDR: ! Imported function 'cellSpursJoinJobChain' in 'cellSpurs' module
LDR: ! Imported function 'cellSpursAttributeSetSpuThreadGroupType' in 'cellSpurs' module
LDR: ! Imported function 'cellSpursInitializeWithAttribute' in 'cellSpurs' module
LDR: ! Imported function '_cellSpursTaskAttributeInitialize' in 'cellSpurs' module
LDR: ! Imported function 'cellSpursCreateTasksetWithAttribute' in 'cellSpurs' module
LDR: ! Imported function 'cellSpursFinalize' in 'cellSpurs' module
LDR: ! Imported function 'cellSpursJobGuardNotify' in 'cellSpurs' module
LDR: ! Imported function 'cellSpursTaskExitCodeTryGet' in 'cellSpurs' module
LDR: ! Imported function 'cellSpursRunJobChain' in 'cellSpurs' module
LDR: ! Imported function '_cellSpursLFQueueInitialize' in 'cellSpurs' module
LDR: ! Imported function 'cellSpursQueueDetachLv2EventQueue' in 'cellSpurs' module
LDR: ! Imported function '_cellSpursQueueInitialize' in 'cellSpurs' module
LDR: ! Imported function 'cellSpursLFQueueAttachLv2EventQueue' in 'cellSpurs' module
LDR: ! Imported function 'cellSpursCreateTaskset' in 'cellSpurs' module
LDR: ! Imported function 'cellSpursLFQueueDetachLv2EventQueue' in 'cellSpurs' module
LDR: ! Imported function '_cellSpursLFQueuePushBody' in 'cellSpurs' module
LDR: ! Imported function 'cellSpursTaskGetContextSaveAreaSize' in 'cellSpurs' module
LDR: ! Imported function 'cellSpursQueuePopBody' in 'cellSpurs' module
LDR: ! Imported function 'cellSpursQueuePushBody' in 'cellSpurs' module
LDR: ! Imported function 'cellSpursCreateTask' in 'cellSpurs' module
LDR: ! Imported function 'cellSpursQueueAttachLv2EventQueue' in 'cellSpurs' module
LDR: ! Imported function 'cellSpursEventFlagSet' in 'cellSpurs' module
LDR: ! Imported function 'cellGameGetParamString' in 'cellGame' module
LDR: ! Imported function 'cellGameCreateGameData' in 'cellGame' module
LDR: ! Imported function 'cellGameContentPermit' in 'cellGame' module
LDR: ! Imported function 'cellGameContentErrorDialog' in 'cellGame' module
LDR: ! Imported function 'cellGameDataCheck' in 'cellGame' module
LDR: ! Imported function 'cellGcmGetTiledPitchSize' in 'cellGcmSys' module
LDR: ! Imported function '_cellGcmInitBody' in 'cellGcmSys' module
LDR: ! Imported function '_cellGcmSetFlipCommand' in 'cellGcmSys' module
LDR: ! Imported function 'cellGcmAddressToOffset' in 'cellGcmSys' module
LDR: ! Imported function '_cellGcmFunc15' in 'cellGcmSys' module
LDR: ! Imported function 'cellGcmBindTile' in 'cellGcmSys' module
LDR: ! Imported function 'cellGcmSetFlipMode' in 'cellGcmSys' module
LDR: ! Imported function 'cellGcmGetTimeStamp' in 'cellGcmSys' module
LDR: ! Imported function 'cellGcmGetDefaultCommandWordSize' in 'cellGcmSys' module
LDR: ! Imported function 'cellGcmGetLastFlipTime' in 'cellGcmSys' module
LDR: ! Imported function 'cellGcmGetReport' in 'cellGcmSys' module
LDR: ! Imported function 'cellGcmSetDefaultFifoSize' in 'cellGcmSys' module
LDR: ! Imported function 'cellGcmBindZcull' in 'cellGcmSys' module
LDR: ! Imported function 'cellGcmSetDisplayBuffer' in 'cellGcmSys' module
LDR: ! Imported function 'cellGcmGetControlRegister' in 'cellGcmSys' module
LDR: ! Imported function 'cellGcmUnbindZcull' in 'cellGcmSys' module
LDR: ! Imported function 'cellGcmSetVBlankHandler' in 'cellGcmSys' module
LDR: ! Imported function 'cellGcmResetFlipStatus' in 'cellGcmSys' module
LDR: ! Imported function 'cellGcmSetTileInfo' in 'cellGcmSys' module
LDR: ! Imported function 'cellGcmInitDefaultFifoMode' in 'cellGcmSys' module
LDR: ! Imported function '_cellGcmSetFlipCommandWithWaitLabel' in 'cellGcmSys' module
LDR: ! Imported function 'cellGcmUnbindTile' in 'cellGcmSys' module
LDR: ! Imported function 'cellGcmGetConfiguration' in 'cellGcmSys' module
LDR: ! Imported function 'cellGcmGetLabelAddress' in 'cellGcmSys' module
LDR: ! Imported function 'cellGcmSetVBlankFrequency' in 'cellGcmSys' module
LDR: W Unknown module 'cellSysutilAvconfExt'
LDR: ! Imported function 'cellVideoOutSetGamma' in 'cellSysutilAvconfExt' module
LDR: ! Imported function 'sys_net_initialize_network_ex' in 'sys_net' module
LDR: ! Imported function 'listen' in 'sys_net' module
LDR: W Unimplemented function 'socketselect' in 'sys_net' module
LDR: ! Imported function 'sys_net_close_dump' in 'sys_net' module
LDR: ! Imported function 'connect' in 'sys_net' module
LDR: ! Imported function 'socketclose' in 'sys_net' module
LDR: ! Imported function 'setsockopt' in 'sys_net' module
LDR: ! Imported function 'sys_net_read_dump' in 'sys_net' module
LDR: ! Imported function 'sys_net_abort_socket' in 'sys_net' module
LDR: ! Imported function 'socket' in 'sys_net' module
LDR: ! Imported function 'sys_net_open_dump' in 'sys_net' module
LDR: ! Imported function 'bind' in 'sys_net' module
LDR: ! Imported function 'sys_net_finalize_network' in 'sys_net' module
LDR: ! Imported function 'accept' in 'sys_net' module
LDR: ! Imported function 'inet_addr' in 'sys_net' module
LDR: ! Imported function 'send' in 'sys_net' module
LDR: ! Imported function 'recv' in 'sys_net' module
LDR: ! Imported function 'sys_net_free_thread_context' in 'sys_net' module
LDR: ! Imported function 'sceNpBasicGetFriendListEntry' in 'sceNp' module
LDR: ! Imported function 'sceNpScoreGetRankingByNpId' in 'sceNp' module
LDR: ! Imported function 'sceNpScoreRecordScore' in 'sceNp' module
LDR: ! Imported function 'sceNpScoreDestroyTitleCtx' in 'sceNp' module
LDR: ! Imported function 'sceNpScoreSetPlayerCharacterId' in 'sceNp' module
LDR: ! Imported function 'sceNpScoreSetTimeout' in 'sceNp' module
LDR: ! Imported function 'sceNpScoreInit' in 'sceNp' module
LDR: ! Imported function 'sceNpTerm' in 'sceNp' module
LDR: ! Imported function 'sceNpManagerGetContentRatingFlag' in 'sceNp' module
LDR: ! Imported function 'sceNpScoreCreateTransactionCtx' in 'sceNp' module
LDR: ! Imported function 'sceNpScoreTerm' in 'sceNp' module
LDR: ! Imported function 'sceNpManagerGetStatus' in 'sceNp' module
LDR: ! Imported function 'sceNpDrmIsAvailable' in 'sceNp' module
LDR: ! Imported function 'sceNpBasicGetFriendListEntryCount' in 'sceNp' module
LDR: ! Imported function 'sceNpScoreCreateTitleCtx' in 'sceNp' module
LDR: ! Imported function 'sceNpInit' in 'sceNp' module
LDR: ! Imported function 'sceNpScoreDestroyTransactionCtx' in 'sceNp' module
LDR: ! Imported function 'sceNpManagerRegisterCallback' in 'sceNp' module
LDR: ! Imported function 'sceNpScoreAbortTransaction' in 'sceNp' module
LDR: ! Imported function 'sceNpScoreGetRankingByRange' in 'sceNp' module
LDR: ! Imported function 'sceNpManagerGetNpId' in 'sceNp' module
LDR: ! Imported function 'cellNetCtlNetStartDialogLoadAsync' in 'cellNetCtl' module
LDR: W Unimplemented function 'cellGameUpdateCheckStartAsyncEx' in 'cellNetCtl' module
LDR: ! Imported function 'cellNetCtlAddHandler' in 'cellNetCtl' module
LDR: ! Imported function 'cellNetCtlNetStartDialogUnloadAsync' in 'cellNetCtl' module
LDR: ! Imported function 'cellNetCtlTerm' in 'cellNetCtl' module
LDR: W Unimplemented function 'cellGameUpdateTerm' in 'cellNetCtl' module
LDR: ! Imported function 'cellNetCtlGetInfo' in 'cellNetCtl' module
LDR: W Unimplemented function 'cellGameUpdateCheckStartWithoutDialogAsyncEx' in 'cellNetCtl' module
LDR: ! Imported function 'cellNetCtlGetState' in 'cellNetCtl' module
LDR: W Unimplemented function 'cellGameUpdateInit' in 'cellNetCtl' module
LDR: ! Imported function 'cellNetCtlInit' in 'cellNetCtl' module
LDR: W Unimplemented function 'cellGameUpdateCheckFinishAsyncEx' in 'cellNetCtl' module
LDR: ! Imported function 'cellPadClearBuf' in 'sys_io' module
LDR: ! Imported function 'cellPadInit' in 'sys_io' module
LDR: ! Imported function 'cellMouseGetData' in 'sys_io' module
LDR: ! Imported function 'cellPadEnd' in 'sys_io' module
LDR: ! Imported function 'cellPadSetPortSetting' in 'sys_io' module
LDR: ! Imported function 'cellMouseGetInfo' in 'sys_io' module
LDR: ! Imported function 'cellPadGetData' in 'sys_io' module
LDR: ! Imported function 'cellPadGetInfo2' in 'sys_io' module
LDR: ! Imported function 'cellMouseInit' in 'sys_io' module
LDR: ! Imported function 'cellMouseEnd' in 'sys_io' module
LDR: ! Imported function 'cellPadSetActDirect' in 'sys_io' module
LDR: ! Imported function 'cellSailGraphicsAdapterGetFrame' in 'cellSail' module
LDR: ! Imported function 'cellSailDescriptorCreateDatabase' in 'cellSail' module
LDR: ! Imported function 'cellSailDescriptorSetEs' in 'cellSail' module
LDR: ! Imported function 'cellSailPlayerSetSoundAdapter' in 'cellSail' module
LDR: ! Imported function 'cellSailDescriptorClose' in 'cellSail' module
LDR: ! Imported function 'cellSailPlayerInitialize' in 'cellSail' module
LDR: ! Imported function 'cellSailGraphicsAdapterPtsToTimePosition' in 'cellSail' module
LDR: ! Imported function 'cellSailPlayerFinalize' in 'cellSail' module
LDR: ! Imported function 'cellSailPlayerSetGraphicsAdapter' in 'cellSail' module
LDR: ! Imported function 'cellSailGraphicsAdapterInitialize' in 'cellSail' module
LDR: ! Imported function 'cellSailDescriptorDestroyDatabase' in 'cellSail' module
LDR: ! Imported function 'cellSailGraphicsAdapterSetPreferredFormat' in 'cellSail' module
LDR: ! Imported function 'cellSailMemAllocatorInitialize' in 'cellSail' module
LDR: ! Imported function 'cellSailPlayerOpenStream' in 'cellSail' module
LDR: ! Imported function 'cellSailFutureGet' in 'cellSail' module
LDR: ! Imported function 'cellSailSoundAdapterInitialize' in 'cellSail' module
LDR: ! Imported function 'cellSailGraphicsAdapterUpdateAvSync' in 'cellSail' module
LDR: ! Imported function 'cellSailPlayerReplaceEventHandler' in 'cellSail' module
LDR: ! Imported function 'cellSailSoundAdapterPtsToTimePosition' in 'cellSail' module
LDR: ! Imported function 'cellSailFutureInitialize' in 'cellSail' module
LDR: ! Imported function 'cellSailPlayerSetParameter' in 'cellSail' module
LDR: ! Imported function 'cellSailPlayerGetDescriptorCount' in 'cellSail' module
LDR: ! Imported function 'cellSailGraphicsAdapterFinalize' in 'cellSail' module
LDR: ! Imported function 'cellSailDescriptorSetAutoSelection' in 'cellSail' module
LDR: ! Imported function 'cellSailPlayerAddDescriptor' in 'cellSail' module
LDR: ! Imported function 'cellSailSoundAdapterGetFrame' in 'cellSail' module
LDR: ! Imported function 'cellSailPlayerCloseStream' in 'cellSail' module
LDR: ! Imported function 'cellSailFutureFinalize' in 'cellSail' module
LDR: ! Imported function 'cellSailPlayerRemoveDescriptor' in 'cellSail' module
LDR: ! Imported function 'cellSailFutureSet' in 'cellSail' module
LDR: ! Imported function 'cellSailPlayerIsPaused' in 'cellSail' module
LDR: ! Imported function 'cellSailPlayerBoot' in 'cellSail' module
LDR: ! Imported function 'cellSailDescriptorOpen' in 'cellSail' module
LDR: ! Imported function 'cellSailSoundAdapterFinalize' in 'cellSail' module
LDR: ! Imported function 'cellSailPlayerSetPaused' in 'cellSail' module
LDR: ! Imported function 'cellSailDescriptorGetStreamType' in 'cellSail' module
LDR: ! Imported function 'cellSailPlayerCreateDescriptor' in 'cellSail' module
LDR: ! Imported function 'cellSailPlayerStart' in 'cellSail' module
LDR: ! Imported function 'cellSailPlayerStop' in 'cellSail' module
LDR: ! Imported function 'cellSailSoundAdapterUpdateAvSync' in 'cellSail' module
LDR: ! Imported function 'cellSailSoundAdapterGetFormat' in 'cellSail' module
LDR: ! Imported function 'cellSailPlayerSetRepeatMode' in 'cellSail' module
LDR: ! Imported function 'cellSailPlayerDestroyDescriptor' in 'cellSail' module
LDR: ! Imported function 'cellSailGraphicsAdapterGetFormat' in 'cellSail' module
LDR: ! Imported function 'cellPamfReaderSetStreamWithTypeAndIndex' in 'cellPamf' module
LDR: ! Imported function 'cellPamfReaderGetNumberOfStreams' in 'cellPamf' module
LDR: ! Imported function 'cellPamfReaderSetStreamWithIndex' in 'cellPamf' module
LDR: ! Imported function 'cellPamfReaderGetPresentationStartTime' in 'cellPamf' module
LDR: ! Imported function 'cellPamfReaderGetStreamInfo' in 'cellPamf' module
LDR: ! Imported function 'cellPamfReaderGetStreamTypeAndChannel' in 'cellPamf' module
LDR: ! Imported function 'cellPamfReaderInitialize' in 'cellPamf' module
LDR: ! Imported function 'cellPamfReaderGetNumberOfSpecificStreams' in 'cellPamf' module
LDR: ! Imported function 'cellPamfReaderGetMuxRateBound' in 'cellPamf' module
LDR: ! Imported function 'cellPamfReaderGetPresentationEndTime' in 'cellPamf' module
LDR: ! Imported function 'cellVpostClose' in 'cellVpost' module
LDR: ! Imported function 'cellVpostQueryAttr' in 'cellVpost' module
LDR: ! Imported function 'cellVpostExec' in 'cellVpost' module
LDR: ! Imported function 'cellVpostOpen' in 'cellVpost' module
LDR: ! Imported function 'cellSyncMutexUnlock' in 'cellSync' module
LDR: ! Imported function 'cellSyncMutexInitialize' in 'cellSync' module
LDR: ! Imported function 'cellSyncMutexTryLock' in 'cellSync' module
LDR: ! Imported function 'sys_lwmutex_lock' in 'sysPrxForUser' module
LDR: ! Imported function 'sys_lwmutex_unlock' in 'sysPrxForUser' module
LDR: ! Imported function 'sys_lwcond_destroy' in 'sysPrxForUser' module
LDR: ! Imported function 'sys_ppu_thread_create' in 'sysPrxForUser' module
LDR: ! Imported function 'sys_prx_load_module' in 'sysPrxForUser' module
LDR: ! Imported function 'sys_lwcond_wait' in 'sysPrxForUser' module
LDR: ! Imported function '_sys_process_atexitspawn' in 'sysPrxForUser' module
LDR: ! Imported function 'sys_lwmutex_create' in 'sysPrxForUser' module
LDR: ! Imported function 'sys_ppu_thread_get_id' in 'sysPrxForUser' module
LDR: ! Imported function '_sys_heap_malloc' in 'sysPrxForUser' module
LDR: ! Imported function 'sys_prx_register_library' in 'sysPrxForUser' module
LDR: ! Imported function '_sys_heap_memalign' in 'sysPrxForUser' module
LDR: ! Imported function '_sys_spu_printf_initialize' in 'sysPrxForUser' module
LDR: ! Imported function 'sys_game_process_exitspawn2' in 'sysPrxForUser' module
LDR: ! Imported function 'sys_initialize_tls' in 'sysPrxForUser' module
LDR: ! Imported function 'sys_prx_stop_module' in 'sysPrxForUser' module
LDR: ! Imported function 'sys_time_get_system_time' in 'sysPrxForUser' module
LDR: W Unimplemented function '_sys_heap_free' in 'sysPrxForUser' module
LDR: ! Imported function '_sys_process_at_Exitspawn' in 'sysPrxForUser' module
LDR: ! Imported function 'sys_prx_start_module' in 'sysPrxForUser' module
LDR: ! Imported function 'sys_prx_exitspawn_with_level' in 'sysPrxForUser' module
LDR: ! Imported function 'sys_ppu_thread_once' in 'sysPrxForUser' module
LDR: ! Imported function 'sys_lwmutex_trylock' in 'sysPrxForUser' module
LDR: W Unimplemented function '_sys_heap_delete_heap' in 'sysPrxForUser' module
LDR: ! Imported function 'sys_ppu_thread_exit' in 'sysPrxForUser' module
LDR: ! Imported function '_sys_heap_create_heap' in 'sysPrxForUser' module
LDR: ! Imported function 'sys_lwmutex_destroy' in 'sysPrxForUser' module
LDR: ! Imported function 'sys_lwcond_create' in 'sysPrxForUser' module
LDR: ! Imported function '_sys_spu_printf_finalize' in 'sysPrxForUser' module
LDR: ! Imported function 'sys_spu_image_close' in 'sysPrxForUser' module
LDR: ! Imported function 'sys_process_exit' in 'sysPrxForUser' module
LDR: ! Imported function 'sys_spu_image_import' in 'sysPrxForUser' module
LDR: ! Imported function 'sys_lwcond_signal' in 'sysPrxForUser' module
LDR: ! Imported function 'sys_prx_unload_module' in 'sysPrxForUser' module
HLE: W {PPU[1] Thread (CPUThread)[0x01400058]} sys_lwmutex warning: sys_lwmutex_create(lwmutex_addr=0x137f630, attr_addr=0xf59320)
HLE: ! {PPU[1] Thread (CPUThread)[0x01400058]} sys_lwmutex : *** lwmutex created [_lc_mtx] (attribute=0x12): sq_id = 3
HLE: W {PPU[1] Thread (CPUThread)[0x00db6920]} sys_memory warning: sys_memory_get_user_memory_size(mem_info_addr=0xd000fc04)
HLE: W {PPU[1] Thread (CPUThread)[0x01400058]} sys_lwmutex warning: sys_lwmutex_create(lwmutex_addr=0x137f280, attr_addr=0xf59320)
HLE: ! {PPU[1] Thread (CPUThread)[0x01400058]} sys_lwmutex : *** lwmutex created [_lc_mtx] (attribute=0x12): sq_id = 4
HLE: W {PPU[1] Thread (CPUThread)[0x01400058]} sys_lwmutex warning: sys_lwmutex_create(lwmutex_addr=0x137e5c8, attr_addr=0xf59320)
HLE: ! {PPU[1] Thread (CPUThread)[0x01400058]} sys_lwmutex : *** lwmutex created [_lc_mtx] (attribute=0x12): sq_id = 5
HLE: W {PPU[1] Thread (CPUThread)[0x01400058]} sys_lwmutex warning: sys_lwmutex_create(lwmutex_addr=0x137e5f0, attr_addr=0xf59320)
HLE: ! {PPU[1] Thread (CPUThread)[0x01400058]} sys_lwmutex : *** lwmutex created [_lc_mtx] (attribute=0x12): sq_id = 6
HLE: W {PPU[1] Thread (CPUThread)[0x01400058]} sys_lwmutex warning: sys_lwmutex_create(lwmutex_addr=0x137e618, attr_addr=0xf59320)
HLE: ! {PPU[1] Thread (CPUThread)[0x01400058]} sys_lwmutex : *** lwmutex created [_lc_mtx] (attribute=0x12): sq_id = 7
HLE: W {PPU[1] Thread (CPUThread)[0x01400058]} sys_lwmutex warning: sys_lwmutex_create(lwmutex_addr=0x137e500, attr_addr=0xf59320)
HLE: ! {PPU[1] Thread (CPUThread)[0x01400058]} sys_lwmutex : *** lwmutex created [_lc_mtx] (attribute=0x12): sq_id = 8
HLE: W {PPU[1] Thread (CPUThread)[0x01400058]} sys_lwmutex warning: sys_lwmutex_create(lwmutex_addr=0x137e528, attr_addr=0xf59320)
HLE: ! {PPU[1] Thread (CPUThread)[0x01400058]} sys_lwmutex : *** lwmutex created [_lc_mtx] (attribute=0x12): sq_id = 9
HLE: W {PPU[1] Thread (CPUThread)[0x01400058]} sys_lwmutex warning: sys_lwmutex_create(lwmutex_addr=0x137e550, attr_addr=0xf59320)
HLE: ! {PPU[1] Thread (CPUThread)[0x01400058]} sys_lwmutex : *** lwmutex created [_lc_mtx] (attribute=0x12): sq_id = 10
HLE: W {PPU[1] Thread (CPUThread)[0x01400058]} sys_lwmutex warning: sys_lwmutex_create(lwmutex_addr=0x137e578, attr_addr=0xf59320)
HLE: ! {PPU[1] Thread (CPUThread)[0x01400058]} sys_lwmutex : *** lwmutex created [_lc_mtx] (attribute=0x12): sq_id = 11
HLE: W {PPU[1] Thread (CPUThread)[0x01400058]} sys_lwmutex warning: sys_lwmutex_create(lwmutex_addr=0x137e5a0, attr_addr=0xf59320)
HLE: ! {PPU[1] Thread (CPUThread)[0x01400058]} sys_lwmutex : *** lwmutex created [_lc_mtx] (attribute=0x12): sq_id = 12
HLE: W {PPU[1] Thread (CPUThread)[0x01400058]} sys_lwmutex warning: sys_lwmutex_create(lwmutex_addr=0x12d26b8, attr_addr=0xd000fbd0)
HLE: ! {PPU[1] Thread (CPUThread)[0x01400058]} sys_lwmutex : *** lwmutex created [] (attribute=0x12): sq_id = 13
HLE: E {PPU[1] Thread (CPUThread)[0x0140007c]} sys_prx TODO: sys_prx_register_library(lib_addr=0xea7da4)
HLE: E {PPU[1] Thread (CPUThread)[0x0140007c]} sys_prx TODO: sys_prx_register_library(lib_addr=0xea7dc0)
HLE: W {PPU[1] Thread (CPUThread)[0x01400058]} sys_lwmutex warning: sys_lwmutex_create(lwmutex_addr=0x125e148, attr_addr=0xd000faf0)
HLE: ! {PPU[1] Thread (CPUThread)[0x01400058]} sys_lwmutex : *** lwmutex created [] (attribute=0x12): sq_id = 14
HLE: W {PPU[1] Thread (CPUThread)[0x0102c0d0]} cellSysutil warning: cellSysutilRegisterCallback(slot=0, func_addr=0x1038390, userdata=0x0)
HLE: W {PPU[1] Thread (CPUThread)[0x01400058]} sys_lwmutex warning: sys_lwmutex_create(lwmutex_addr=0x11dd500, attr_addr=0xd000fc84)
HLE: ! {PPU[1] Thread (CPUThread)[0x01400058]} sys_lwmutex : *** lwmutex created [] (attribute=0x12): sq_id = 15
HLE: W {PPU[1] Thread (CPUThread)[0x01400058]} sys_lwmutex warning: sys_lwmutex_create(lwmutex_addr=0x12d1308, attr_addr=0xd000f978)
HLE: ! {PPU[1] Thread (CPUThread)[0x01400058]} sys_lwmutex : *** lwmutex created [] (attribute=0x12): sq_id = 16
HLE: W {PPU[1] Thread (CPUThread)[0x01400058]} sys_lwmutex warning: sys_lwmutex_create(lwmutex_addr=0x37f7bb20, attr_addr=0xd000f978)
HLE: ! {PPU[1] Thread (CPUThread)[0x01400058]} sys_lwmutex : *** lwmutex created [] (attribute=0x12): sq_id = 17
HLE: W {PPU[1] Thread (CPUThread)[0x01400148]} sys_lwcond warning: *** lwcond created [] (lwmutex_addr=0x37f7bb20): id = 18
HLE: W {PPU[1] Thread (CPUThread)[0x01400058]} sys_lwmutex warning: sys_lwmutex_create(lwmutex_addr=0x380d1210, attr_addr=0xd000f978)
HLE: ! {PPU[1] Thread (CPUThread)[0x01400058]} sys_lwmutex : *** lwmutex created [] (attribute=0x12): sq_id = 19
HLE: W {PPU[1] Thread (CPUThread)[0x01400148]} sys_lwcond warning: *** lwcond created [] (lwmutex_addr=0x380d1210): id = 20
HLE: W {PPU[1] Thread (CPUThread)[0x01400058]} sys_lwmutex warning: sys_lwmutex_create(lwmutex_addr=0x380d1260, attr_addr=0xd000f978)
HLE: ! {PPU[1] Thread (CPUThread)[0x01400058]} sys_lwmutex : *** lwmutex created [] (attribute=0x12): sq_id = 21
HLE: W {PPU[1] Thread (CPUThread)[0x01400148]} sys_lwcond warning: *** lwcond created [] (lwmutex_addr=0x380d1260): id = 22
HLE: W {PPU[1] Thread (CPUThread)[0x01400058]} sys_lwmutex warning: sys_lwmutex_create(lwmutex_addr=0x380d12b0, attr_addr=0xd000f978)
HLE: ! {PPU[1] Thread (CPUThread)[0x01400058]} sys_lwmutex : *** lwmutex created [] (attribute=0x12): sq_id = 23
HLE: W {PPU[1] Thread (CPUThread)[0x01400148]} sys_lwcond warning: *** lwcond created [] (lwmutex_addr=0x380d12b0): id = 24
HLE: W {PPU[1] Thread (CPUThread)[0x01400058]} sys_lwmutex warning: sys_lwmutex_create(lwmutex_addr=0x380d1300, attr_addr=0xd000f978)
HLE: ! {PPU[1] Thread (CPUThread)[0x01400058]} sys_lwmutex : *** lwmutex created [] (attribute=0x12): sq_id = 25
HLE: W {PPU[1] Thread (CPUThread)[0x01400148]} sys_lwcond warning: *** lwcond created [] (lwmutex_addr=0x380d1300): id = 26
HLE: W {PPU[1] Thread (CPUThread)[0x01400058]} sys_lwmutex warning: sys_lwmutex_create(lwmutex_addr=0x380d1350, attr_addr=0xd000f978)
HLE: ! {PPU[1] Thread (CPUThread)[0x01400058]} sys_lwmutex : *** lwmutex created [] (attribute=0x12): sq_id = 27
HLE: W {PPU[1] Thread (CPUThread)[0x01400148]} sys_lwcond warning: *** lwcond created [] (lwmutex_addr=0x380d1350): id = 28
HLE: W {PPU[1] Thread (CPUThread)[0x01400058]} sys_lwmutex warning: sys_lwmutex_create(lwmutex_addr=0x380d13a0, attr_addr=0xd000f978)
HLE: ! {PPU[1] Thread (CPUThread)[0x01400058]} sys_lwmutex : *** lwmutex created [] (attribute=0x12): sq_id = 29
HLE: W {PPU[1] Thread (CPUThread)[0x01400148]} sys_lwcond warning: *** lwcond created [] (lwmutex_addr=0x380d13a0): id = 30
HLE: W {PPU[1] Thread (CPUThread)[0x01400058]} sys_lwmutex warning: sys_lwmutex_create(lwmutex_addr=0x380d13f0, attr_addr=0xd000f978)
HLE: ! {PPU[1] Thread (CPUThread)[0x01400058]} sys_lwmutex : *** lwmutex created [] (attribute=0x12): sq_id = 31
HLE: W {PPU[1] Thread (CPUThread)[0x01400148]} sys_lwcond warning: *** lwcond created [] (lwmutex_addr=0x380d13f0): id = 32
HLE: W {PPU[1] Thread (CPUThread)[0x01400058]} sys_lwmutex warning: sys_lwmutex_create(lwmutex_addr=0x380d1440, attr_addr=0xd000f978)
HLE: ! {PPU[1] Thread (CPUThread)[0x01400058]} sys_lwmutex : *** lwmutex created [] (attribute=0x12): sq_id = 33
HLE: W {PPU[1] Thread (CPUThread)[0x01400148]} sys_lwcond warning: *** lwcond created [] (lwmutex_addr=0x380d1440): id = 34
HLE: W {PPU[1] Thread (CPUThread)[0x01400058]} sys_lwmutex warning: sys_lwmutex_create(lwmutex_addr=0x380d1490, attr_addr=0xd000f978)
HLE: ! {PPU[1] Thread (CPUThread)[0x01400058]} sys_lwmutex : *** lwmutex created [] (attribute=0x12): sq_id = 35
HLE: W {PPU[1] Thread (CPUThread)[0x01400148]} sys_lwcond warning: *** lwcond created [] (lwmutex_addr=0x380d1490): id = 36
HLE: W {PPU[1] Thread (CPUThread)[0x01400058]} sys_lwmutex warning: sys_lwmutex_create(lwmutex_addr=0x380d14e0, attr_addr=0xd000f978)
HLE: ! {PPU[1] Thread (CPUThread)[0x01400058]} sys_lwmutex : *** lwmutex created [] (attribute=0x12): sq_id = 37
HLE: W {PPU[1] Thread (CPUThread)[0x01400148]} sys_lwcond warning: *** lwcond created [] (lwmutex_addr=0x380d14e0): id = 38
HLE: W {PPU[1] Thread (CPUThread)[0x01400058]} sys_lwmutex warning: sys_lwmutex_create(lwmutex_addr=0x380d1530, attr_addr=0xd000f978)
HLE: ! {PPU[1] Thread (CPUThread)[0x01400058]} sys_lwmutex : *** lwmutex created [] (attribute=0x12): sq_id = 39
HLE: W {PPU[1] Thread (CPUThread)[0x01400148]} sys_lwcond warning: *** lwcond created [] (lwmutex_addr=0x380d1530): id = 40
HLE: W {PPU[1] Thread (CPUThread)[0x01400058]} sys_lwmutex warning: sys_lwmutex_create(lwmutex_addr=0x380d1580, attr_addr=0xd000f978)
HLE: ! {PPU[1] Thread (CPUThread)[0x01400058]} sys_lwmutex : *** lwmutex created [] (attribute=0x12): sq_id = 41
HLE: W {PPU[1] Thread (CPUThread)[0x01400148]} sys_lwcond warning: *** lwcond created [] (lwmutex_addr=0x380d1580): id = 42
HLE: W {PPU[1] Thread (CPUThread)[0x01400058]} sys_lwmutex warning: sys_lwmutex_create(lwmutex_addr=0x380d15d0, attr_addr=0xd000f978)
HLE: ! {PPU[1] Thread (CPUThread)[0x01400058]} sys_lwmutex : *** lwmutex created [] (attribute=0x12): sq_id = 43
HLE: W {PPU[1] Thread (CPUThread)[0x01400148]} sys_lwcond warning: *** lwcond created [] (lwmutex_addr=0x380d15d0): id = 44
HLE: W {PPU[1] Thread (CPUThread)[0x01400058]} sys_lwmutex warning: sys_lwmutex_create(lwmutex_addr=0x380d1620, attr_addr=0xd000f978)
HLE: ! {PPU[1] Thread (CPUThread)[0x01400058]} sys_lwmutex : *** lwmutex created [] (attribute=0x12): sq_id = 45
HLE: W {PPU[1] Thread (CPUThread)[0x01400148]} sys_lwcond warning: *** lwcond created [] (lwmutex_addr=0x380d1620): id = 46
HLE: W {PPU[1] Thread (CPUThread)[0x01400058]} sys_lwmutex warning: sys_lwmutex_create(lwmutex_addr=0x380d1670, attr_addr=0xd000f978)
HLE: ! {PPU[1] Thread (CPUThread)[0x01400058]} sys_lwmutex : *** lwmutex created [] (attribute=0x12): sq_id = 47
HLE: W {PPU[1] Thread (CPUThread)[0x01400148]} sys_lwcond warning: *** lwcond created [] (lwmutex_addr=0x380d1670): id = 48
HLE: W {PPU[1] Thread (CPUThread)[0x01400058]} sys_lwmutex warning: sys_lwmutex_create(lwmutex_addr=0x380d16c0, attr_addr=0xd000f978)
HLE: ! {PPU[1] Thread (CPUThread)[0x01400058]} sys_lwmutex : *** lwmutex created [] (attribute=0x12): sq_id = 49
HLE: W {PPU[1] Thread (CPUThread)[0x01400148]} sys_lwcond warning: *** lwcond created [] (lwmutex_addr=0x380d16c0): id = 50
HLE: W {PPU[1] Thread (CPUThread)[0x01400058]} sys_lwmutex warning: sys_lwmutex_create(lwmutex_addr=0x380d1710, attr_addr=0xd000f978)
HLE: ! {PPU[1] Thread (CPUThread)[0x01400058]} sys_lwmutex : *** lwmutex created [] (attribute=0x12): sq_id = 51
HLE: W {PPU[1] Thread (CPUThread)[0x01400148]} sys_lwcond warning: *** lwcond created [] (lwmutex_addr=0x380d1710): id = 52
HLE: W {PPU[1] Thread (CPUThread)[0x01400058]} sys_lwmutex warning: sys_lwmutex_create(lwmutex_addr=0x380d1760, attr_addr=0xd000f978)
HLE: ! {PPU[1] Thread (CPUThread)[0x01400058]} sys_lwmutex : *** lwmutex created [] (attribute=0x12): sq_id = 53
HLE: W {PPU[1] Thread (CPUThread)[0x01400148]} sys_lwcond warning: *** lwcond created [] (lwmutex_addr=0x380d1760): id = 54
HLE: W {PPU[1] Thread (CPUThread)[0x01400058]} sys_lwmutex warning: sys_lwmutex_create(lwmutex_addr=0x380d17b0, attr_addr=0xd000f978)
HLE: ! {PPU[1] Thread (CPUThread)[0x01400058]} sys_lwmutex : *** lwmutex created [] (attribute=0x12): sq_id = 55
HLE: W {PPU[1] Thread (CPUThread)[0x01400148]} sys_lwcond warning: *** lwcond created [] (lwmutex_addr=0x380d17b0): id = 56
HLE: W {PPU[1] Thread (CPUThread)[0x01400058]} sys_lwmutex warning: sys_lwmutex_create(lwmutex_addr=0x380d1800, attr_addr=0xd000f978)
HLE: ! {PPU[1] Thread (CPUThread)[0x01400058]} sys_lwmutex : *** lwmutex created [] (attribute=0x12): sq_id = 57
HLE: W {PPU[1] Thread (CPUThread)[0x01400148]} sys_lwcond warning: *** lwcond created [] (lwmutex_addr=0x380d1800): id = 58
HLE: W {PPU[1] Thread (CPUThread)[0x01400058]} sys_lwmutex warning: sys_lwmutex_create(lwmutex_addr=0x380d1850, attr_addr=0xd000f978)
HLE: ! {PPU[1] Thread (CPUThread)[0x01400058]} sys_lwmutex : *** lwmutex created [] (attribute=0x12): sq_id = 59
HLE: W {PPU[1] Thread (CPUThread)[0x01400148]} sys_lwcond warning: *** lwcond created [] (lwmutex_addr=0x380d1850): id = 60
HLE: W {PPU[1] Thread (CPUThread)[0x01400058]} sys_lwmutex warning: sys_lwmutex_create(lwmutex_addr=0x380d18a0, attr_addr=0xd000f978)
HLE: ! {PPU[1] Thread (CPUThread)[0x01400058]} sys_lwmutex : *** lwmutex created [] (attribute=0x12): sq_id = 61
HLE: W {PPU[1] Thread (CPUThread)[0x01400148]} sys_lwcond warning: *** lwcond created [] (lwmutex_addr=0x380d18a0): id = 62
HLE: W {PPU[1] Thread (CPUThread)[0x01400058]} sys_lwmutex warning: sys_lwmutex_create(lwmutex_addr=0x380d18f0, attr_addr=0xd000f978)
HLE: ! {PPU[1] Thread (CPUThread)[0x01400058]} sys_lwmutex : *** lwmutex created [] (attribute=0x12): sq_id = 63
HLE: W {PPU[1] Thread (CPUThread)[0x01400148]} sys_lwcond warning: *** lwcond created [] (lwmutex_addr=0x380d18f0): id = 64
HLE: W {PPU[1] Thread (CPUThread)[0x01400058]} sys_lwmutex warning: sys_lwmutex_create(lwmutex_addr=0x380d1940, attr_addr=0xd000f978)
HLE: ! {PPU[1] Thread (CPUThread)[0x01400058]} sys_lwmutex : *** lwmutex created [] (attribute=0x12): sq_id = 65
HLE: W {PPU[1] Thread (CPUThread)[0x01400148]} sys_lwcond warning: *** lwcond created [] (lwmutex_addr=0x380d1940): id = 66
HLE: W {PPU[1] Thread (CPUThread)[0x01400058]} sys_lwmutex warning: sys_lwmutex_create(lwmutex_addr=0x380d1990, attr_addr=0xd000f978)
HLE: ! {PPU[1] Thread (CPUThread)[0x01400058]} sys_lwmutex : *** lwmutex created [] (attribute=0x12): sq_id = 67
HLE: W {PPU[1] Thread (CPUThread)[0x01400148]} sys_lwcond warning: *** lwcond created [] (lwmutex_addr=0x380d1990): id = 68
HLE: W {PPU[1] Thread (CPUThread)[0x01400058]} sys_lwmutex warning: sys_lwmutex_create(lwmutex_addr=0x380d19e0, attr_addr=0xd000f978)
HLE: ! {PPU[1] Thread (CPUThread)[0x01400058]} sys_lwmutex : *** lwmutex created [] (attribute=0x12): sq_id = 69
HLE: W {PPU[1] Thread (CPUThread)[0x01400148]} sys_lwcond warning: *** lwcond created [] (lwmutex_addr=0x380d19e0): id = 70
HLE: W {PPU[1] Thread (CPUThread)[0x01400058]} sys_lwmutex warning: sys_lwmutex_create(lwmutex_addr=0x380d1a30, attr_addr=0xd000f978)
HLE: ! {PPU[1] Thread (CPUThread)[0x01400058]} sys_lwmutex : *** lwmutex created [] (attribute=0x12): sq_id = 71
HLE: W {PPU[1] Thread (CPUThread)[0x01400148]} sys_lwcond warning: *** lwcond created [] (lwmutex_addr=0x380d1a30): id = 72
HLE: W {PPU[1] Thread (CPUThread)[0x01400058]} sys_lwmutex warning: sys_lwmutex_create(lwmutex_addr=0x380d1a80, attr_addr=0xd000f978)
HLE: ! {PPU[1] Thread (CPUThread)[0x01400058]} sys_lwmutex : *** lwmutex created [] (attribute=0x12): sq_id = 73
HLE: W {PPU[1] Thread (CPUThread)[0x01400148]} sys_lwcond warning: *** lwcond created [] (lwmutex_addr=0x380d1a80): id = 74
HLE: W {PPU[1] Thread (CPUThread)[0x01400058]} sys_lwmutex warning: sys_lwmutex_create(lwmutex_addr=0x380d1ad0, attr_addr=0xd000f978)
HLE: ! {PPU[1] Thread (CPUThread)[0x01400058]} sys_lwmutex : *** lwmutex created [] (attribute=0x12): sq_id = 75
HLE: W {PPU[1] Thread (CPUThread)[0x01400148]} sys_lwcond warning: *** lwcond created [] (lwmutex_addr=0x380d1ad0): id = 76
HLE: W {PPU[1] Thread (CPUThread)[0x01400058]} sys_lwmutex warning: sys_lwmutex_create(lwmutex_addr=0x380d1b20, attr_addr=0xd000f978)
HLE: ! {PPU[1] Thread (CPUThread)[0x01400058]} sys_lwmutex : *** lwmutex created [] (attribute=0x12): sq_id = 77
HLE: W {PPU[1] Thread (CPUThread)[0x01400148]} sys_lwcond warning: *** lwcond created [] (lwmutex_addr=0x380d1b20): id = 78
HLE: W {PPU[1] Thread (CPUThread)[0x01400058]} sys_lwmutex warning: sys_lwmutex_create(lwmutex_addr=0x380d1b70, attr_addr=0xd000f978)
HLE: ! {PPU[1] Thread (CPUThread)[0x01400058]} sys_lwmutex : *** lwmutex created [] (attribute=0x12): sq_id = 79
HLE: W {PPU[1] Thread (CPUThread)[0x01400148]} sys_lwcond warning: *** lwcond created [] (lwmutex_addr=0x380d1b70): id = 80
HLE: W {PPU[1] Thread (CPUThread)[0x01400058]} sys_lwmutex warning: sys_lwmutex_create(lwmutex_addr=0x380d1bc0, attr_addr=0xd000f978)
HLE: ! {PPU[1] Thread (CPUThread)[0x01400058]} sys_lwmutex : *** lwmutex created [] (attribute=0x12): sq_id = 81
HLE: W {PPU[1] Thread (CPUThread)[0x01400148]} sys_lwcond warning: *** lwcond created [] (lwmutex_addr=0x380d1bc0): id = 82
HLE: W {PPU[1] Thread (CPUThread)[0x01400058]} sys_lwmutex warning: sys_lwmutex_create(lwmutex_addr=0x380d1c10, attr_addr=0xd000f978)
HLE: ! {PPU[1] Thread (CPUThread)[0x01400058]} sys_lwmutex : *** lwmutex created [] (attribute=0x12): sq_id = 83
HLE: W {PPU[1] Thread (CPUThread)[0x01400148]} sys_lwcond warning: *** lwcond created [] (lwmutex_addr=0x380d1c10): id = 84
HLE: W {PPU[1] Thread (CPUThread)[0x01400058]} sys_lwmutex warning: sys_lwmutex_create(lwmutex_addr=0x380d1c60, attr_addr=0xd000f978)
HLE: ! {PPU[1] Thread (CPUThread)[0x01400058]} sys_lwmutex : *** lwmutex created [] (attribute=0x12): sq_id = 85
HLE: W {PPU[1] Thread (CPUThread)[0x01400148]} sys_lwcond warning: *** lwcond created [] (lwmutex_addr=0x380d1c60): id = 86
HLE: W {PPU[1] Thread (CPUThread)[0x01400058]} sys_lwmutex warning: sys_lwmutex_create(lwmutex_addr=0x380d1cb0, attr_addr=0xd000f978)
HLE: ! {PPU[1] Thread (CPUThread)[0x01400058]} sys_lwmutex : *** lwmutex created [] (attribute=0x12): sq_id = 87
HLE: W {PPU[1] Thread (CPUThread)[0x01400148]} sys_lwcond warning: *** lwcond created [] (lwmutex_addr=0x380d1cb0): id = 88
HLE: W {PPU[1] Thread (CPUThread)[0x01400058]} sys_lwmutex warning: sys_lwmutex_create(lwmutex_addr=0x380d1d00, attr_addr=0xd000f978)
HLE: ! {PPU[1] Thread (CPUThread)[0x01400058]} sys_lwmutex : *** lwmutex created [] (attribute=0x12): sq_id = 89
HLE: W {PPU[1] Thread (CPUThread)[0x01400148]} sys_lwcond warning: *** lwcond created [] (lwmutex_addr=0x380d1d00): id = 90
HLE: W {PPU[1] Thread (CPUThread)[0x01400058]} sys_lwmutex warning: sys_lwmutex_create(lwmutex_addr=0x380d1d50, attr_addr=0xd000f978)
HLE: ! {PPU[1] Thread (CPUThread)[0x01400058]} sys_lwmutex : *** lwmutex created [] (attribute=0x12): sq_id = 91
HLE: W {PPU[1] Thread (CPUThread)[0x01400148]} sys_lwcond warning: *** lwcond created [] (lwmutex_addr=0x380d1d50): id = 92
HLE: W {PPU[1] Thread (CPUThread)[0x01400058]} sys_lwmutex warning: sys_lwmutex_create(lwmutex_addr=0x380d1da0, attr_addr=0xd000f978)
HLE: ! {PPU[1] Thread (CPUThread)[0x01400058]} sys_lwmutex : *** lwmutex created [] (attribute=0x12): sq_id = 93
HLE: W {PPU[1] Thread (CPUThread)[0x01400148]} sys_lwcond warning: *** lwcond created [] (lwmutex_addr=0x380d1da0): id = 94
HLE: W {PPU[1] Thread (CPUThread)[0x01400058]} sys_lwmutex warning: sys_lwmutex_create(lwmutex_addr=0x380d1df0, attr_addr=0xd000f978)
HLE: ! {PPU[1] Thread (CPUThread)[0x01400058]} sys_lwmutex : *** lwmutex created [] (attribute=0x12): sq_id = 95
HLE: W {PPU[1] Thread (CPUThread)[0x01400148]} sys_lwcond warning: *** lwcond created [] (lwmutex_addr=0x380d1df0): id = 96
HLE: W {PPU[1] Thread (CPUThread)[0x01400058]} sys_lwmutex warning: sys_lwmutex_create(lwmutex_addr=0x380d1e40, attr_addr=0xd000f978)
HLE: ! {PPU[1] Thread (CPUThread)[0x01400058]} sys_lwmutex : *** lwmutex created [] (attribute=0x12): sq_id = 97
HLE: W {PPU[1] Thread (CPUThread)[0x01400148]} sys_lwcond warning: *** lwcond created [] (lwmutex_addr=0x380d1e40): id = 98
HLE: W {PPU[1] Thread (CPUThread)[0x01400058]} sys_lwmutex warning: sys_lwmutex_create(lwmutex_addr=0x380d1e90, attr_addr=0xd000f978)
HLE: ! {PPU[1] Thread (CPUThread)[0x01400058]} sys_lwmutex : *** lwmutex created [] (attribute=0x12): sq_id = 99
HLE: W {PPU[1] Thread (CPUThread)[0x01400148]} sys_lwcond warning: *** lwcond created [] (lwmutex_addr=0x380d1e90): id = 100
HLE: W {PPU[1] Thread (CPUThread)[0x01400058]} sys_lwmutex warning: sys_lwmutex_create(lwmutex_addr=0x380d1ee0, attr_addr=0xd000f978)
HLE: ! {PPU[1] Thread (CPUThread)[0x01400058]} sys_lwmutex : *** lwmutex created [] (attribute=0x12): sq_id = 101
HLE: W {PPU[1] Thread (CPUThread)[0x01400148]} sys_lwcond warning: *** lwcond created [] (lwmutex_addr=0x380d1ee0): id = 102
HLE: W {PPU[1] Thread (CPUThread)[0x01400058]} sys_lwmutex warning: sys_lwmutex_create(lwmutex_addr=0x380d1f30, attr_addr=0xd000f978)
HLE: ! {PPU[1] Thread (CPUThread)[0x01400058]} sys_lwmutex : *** lwmutex created [] (attribute=0x12): sq_id = 103
HLE: W {PPU[1] Thread (CPUThread)[0x01400148]} sys_lwcond warning: *** lwcond created [] (lwmutex_addr=0x380d1f30): id = 104
HLE: W {PPU[1] Thread (CPUThread)[0x01400058]} sys_lwmutex warning: sys_lwmutex_create(lwmutex_addr=0x380d1f80, attr_addr=0xd000f978)
HLE: ! {PPU[1] Thread (CPUThread)[0x01400058]} sys_lwmutex : *** lwmutex created [] (attribute=0x12): sq_id = 105
HLE: W {PPU[1] Thread (CPUThread)[0x01400148]} sys_lwcond warning: *** lwcond created [] (lwmutex_addr=0x380d1f80): id = 106
HLE: W {PPU[1] Thread (CPUThread)[0x01400058]} sys_lwmutex warning: sys_lwmutex_create(lwmutex_addr=0x380d1fd0, attr_addr=0xd000f978)
HLE: ! {PPU[1] Thread (CPUThread)[0x01400058]} sys_lwmutex : *** lwmutex created [] (attribute=0x12): sq_id = 107
HLE: W {PPU[1] Thread (CPUThread)[0x01400148]} sys_lwcond warning: *** lwcond created [] (lwmutex_addr=0x380d1fd0): id = 108
HLE: W {PPU[1] Thread (CPUThread)[0x01400058]} sys_lwmutex warning: sys_lwmutex_create(lwmutex_addr=0x380d2020, attr_addr=0xd000f978)
HLE: ! {PPU[1] Thread (CPUThread)[0x01400058]} sys_lwmutex : *** lwmutex created [] (attribute=0x12): sq_id = 109
HLE: W {PPU[1] Thread (CPUThread)[0x01400148]} sys_lwcond warning: *** lwcond created [] (lwmutex_addr=0x380d2020): id = 110
HLE: W {PPU[1] Thread (CPUThread)[0x01400058]} sys_lwmutex warning: sys_lwmutex_create(lwmutex_addr=0x380d2070, attr_addr=0xd000f978)
HLE: ! {PPU[1] Thread (CPUThread)[0x01400058]} sys_lwmutex : *** lwmutex created [] (attribute=0x12): sq_id = 111
HLE: W {PPU[1] Thread (CPUThread)[0x01400148]} sys_lwcond warning: *** lwcond created [] (lwmutex_addr=0x380d2070): id = 112
HLE: W {PPU[1] Thread (CPUThread)[0x01400058]} sys_lwmutex warning: sys_lwmutex_create(lwmutex_addr=0x380d20c0, attr_addr=0xd000f978)
HLE: ! {PPU[1] Thread (CPUThread)[0x01400058]} sys_lwmutex : *** lwmutex created [] (attribute=0x12): sq_id = 113
HLE: W {PPU[1] Thread (CPUThread)[0x01400148]} sys_lwcond warning: *** lwcond created [] (lwmutex_addr=0x380d20c0): id = 114
HLE: W {PPU[1] Thread (CPUThread)[0x01400058]} sys_lwmutex warning: sys_lwmutex_create(lwmutex_addr=0x380d2110, attr_addr=0xd000f978)
HLE: ! {PPU[1] Thread (CPUThread)[0x01400058]} sys_lwmutex : *** lwmutex created [] (attribute=0x12): sq_id = 115
HLE: W {PPU[1] Thread (CPUThread)[0x01400148]} sys_lwcond warning: *** lwcond created [] (lwmutex_addr=0x380d2110): id = 116
HLE: W {PPU[1] Thread (CPUThread)[0x01400058]} sys_lwmutex warning: sys_lwmutex_create(lwmutex_addr=0x380d2160, attr_addr=0xd000f978)
HLE: ! {PPU[1] Thread (CPUThread)[0x01400058]} sys_lwmutex : *** lwmutex created [] (attribute=0x12): sq_id = 117
HLE: W {PPU[1] Thread (CPUThread)[0x01400148]} sys_lwcond warning: *** lwcond created [] (lwmutex_addr=0x380d2160): id = 118
HLE: W {PPU[1] Thread (CPUThread)[0x01400058]} sys_lwmutex warning: sys_lwmutex_create(lwmutex_addr=0x380d21b0, attr_addr=0xd000f978)
HLE: ! {PPU[1] Thread (CPUThread)[0x01400058]} sys_lwmutex : *** lwmutex created [] (attribute=0x12): sq_id = 119
HLE: W {PPU[1] Thread (CPUThread)[0x01400148]} sys_lwcond warning: *** lwcond created [] (lwmutex_addr=0x380d21b0): id = 120
HLE: W {PPU[1] Thread (CPUThread)[0x01400058]} sys_lwmutex warning: sys_lwmutex_create(lwmutex_addr=0x380d2200, attr_addr=0xd000f978)
HLE: ! {PPU[1] Thread (CPUThread)[0x01400058]} sys_lwmutex : *** lwmutex created [] (attribute=0x12): sq_id = 121
HLE: W {PPU[1] Thread (CPUThread)[0x01400148]} sys_lwcond warning: *** lwcond created [] (lwmutex_addr=0x380d2200): id = 122
HLE: W {PPU[1] Thread (CPUThread)[0x01400058]} sys_lwmutex warning: sys_lwmutex_create(lwmutex_addr=0x380d2250, attr_addr=0xd000f978)
HLE: ! {PPU[1] Thread (CPUThread)[0x01400058]} sys_lwmutex : *** lwmutex created [] (attribute=0x12): sq_id = 123
HLE: W {PPU[1] Thread (CPUThread)[0x01400148]} sys_lwcond warning: *** lwcond created [] (lwmutex_addr=0x380d2250): id = 124
HLE: W {PPU[1] Thread (CPUThread)[0x01400058]} sys_lwmutex warning: sys_lwmutex_create(lwmutex_addr=0x380d22a0, attr_addr=0xd000f978)
HLE: ! {PPU[1] Thread (CPUThread)[0x01400058]} sys_lwmutex : *** lwmutex created [] (attribute=0x12): sq_id = 125
HLE: W {PPU[1] Thread (CPUThread)[0x01400148]} sys_lwcond warning: *** lwcond created [] (lwmutex_addr=0x380d22a0): id = 126
HLE: W {PPU[1] Thread (CPUThread)[0x01400058]} sys_lwmutex warning: sys_lwmutex_create(lwmutex_addr=0x380d22f0, attr_addr=0xd000f978)
HLE: ! {PPU[1] Thread (CPUThread)[0x01400058]} sys_lwmutex : *** lwmutex created [] (attribute=0x12): sq_id = 127
HLE: W {PPU[1] Thread (CPUThread)[0x01400148]} sys_lwcond warning: *** lwcond created [] (lwmutex_addr=0x380d22f0): id = 128
HLE: W {PPU[1] Thread (CPUThread)[0x01400058]} sys_lwmutex warning: sys_lwmutex_create(lwmutex_addr=0x380d2340, attr_addr=0xd000f978)
HLE: ! {PPU[1] Thread (CPUThread)[0x01400058]} sys_lwmutex : *** lwmutex created [] (attribute=0x12): sq_id = 129
HLE: W {PPU[1] Thread (CPUThread)[0x01400148]} sys_lwcond warning: *** lwcond created [] (lwmutex_addr=0x380d2340): id = 130
HLE: W {PPU[1] Thread (CPUThread)[0x01400058]} sys_lwmutex warning: sys_lwmutex_create(lwmutex_addr=0x380d2390, attr_addr=0xd000f978)
HLE: ! {PPU[1] Thread (CPUThread)[0x01400058]} sys_lwmutex : *** lwmutex created [] (attribute=0x12): sq_id = 131
HLE: W {PPU[1] Thread (CPUThread)[0x01400148]} sys_lwcond warning: *** lwcond created [] (lwmutex_addr=0x380d2390): id = 132
HLE: W {PPU[1] Thread (CPUThread)[0x01400058]} sys_lwmutex warning: sys_lwmutex_create(lwmutex_addr=0x380d23e0, attr_addr=0xd000f978)
HLE: ! {PPU[1] Thread (CPUThread)[0x01400058]} sys_lwmutex : *** lwmutex created [] (attribute=0x12): sq_id = 133
HLE: W {PPU[1] Thread (CPUThread)[0x01400148]} sys_lwcond warning: *** lwcond created [] (lwmutex_addr=0x380d23e0): id = 134
HLE: W {PPU[1] Thread (CPUThread)[0x01400058]} sys_lwmutex warning: sys_lwmutex_create(lwmutex_addr=0x380d2430, attr_addr=0xd000f978)
HLE: ! {PPU[1] Thread (CPUThread)[0x01400058]} sys_lwmutex : *** lwmutex created [] (attribute=0x12): sq_id = 135
HLE: W {PPU[1] Thread (CPUThread)[0x01400148]} sys_lwcond warning: *** lwcond created [] (lwmutex_addr=0x380d2430): id = 136
HLE: W {PPU[1] Thread (CPUThread)[0x01400058]} sys_lwmutex warning: sys_lwmutex_create(lwmutex_addr=0x380d2480, attr_addr=0xd000f978)
HLE: ! {PPU[1] Thread (CPUThread)[0x01400058]} sys_lwmutex : *** lwmutex created [] (attribute=0x12): sq_id = 137
HLE: W {PPU[1] Thread (CPUThread)[0x01400148]} sys_lwcond warning: *** lwcond created [] (lwmutex_addr=0x380d2480): id = 138
HLE: W {PPU[1] Thread (CPUThread)[0x01400058]} sys_lwmutex warning: sys_lwmutex_create(lwmutex_addr=0x380d24d0, attr_addr=0xd000f978)
HLE: ! {PPU[1] Thread (CPUThread)[0x01400058]} sys_lwmutex : *** lwmutex created [] (attribute=0x12): sq_id = 139
HLE: W {PPU[1] Thread (CPUThread)[0x01400148]} sys_lwcond warning: *** lwcond created [] (lwmutex_addr=0x380d24d0): id = 140
HLE: W {PPU[1] Thread (CPUThread)[0x01400058]} sys_lwmutex warning: sys_lwmutex_create(lwmutex_addr=0x380d2520, attr_addr=0xd000f978)
HLE: ! {PPU[1] Thread (CPUThread)[0x01400058]} sys_lwmutex : *** lwmutex created [] (attribute=0x12): sq_id = 141
HLE: W {PPU[1] Thread (CPUThread)[0x01400148]} sys_lwcond warning: *** lwcond created [] (lwmutex_addr=0x380d2520): id = 142
HLE: W {PPU[1] Thread (CPUThread)[0x01400058]} sys_lwmutex warning: sys_lwmutex_create(lwmutex_addr=0x380d2570, attr_addr=0xd000f978)
HLE: ! {PPU[1] Thread (CPUThread)[0x01400058]} sys_lwmutex : *** lwmutex created [] (attribute=0x12): sq_id = 143
HLE: W {PPU[1] Thread (CPUThread)[0x01400148]} sys_lwcond warning: *** lwcond created [] (lwmutex_addr=0x380d2570): id = 144
HLE: W {PPU[1] Thread (CPUThread)[0x00c5e20c]} sys_semaphore warning: sys_semaphore_create(sem_addr=0xd000f790, attr_addr=0xd000f798, initial_count=0, max_count=2147483647)
HLE: ! {PPU[1] Thread (CPUThread)[0x00c5e20c]} sys_semaphore : *** semaphore created [] (protocol=0x2): id = 145
HLE: W {PPU[1] Thread (CPUThread)[0x01400058]} sys_lwmutex warning: sys_lwmutex_create(lwmutex_addr=0x30502070, attr_addr=0xd000f840)
HLE: ! {PPU[1] Thread (CPUThread)[0x01400058]} sys_lwmutex : *** lwmutex created [] (attribute=0x12): sq_id = 146
HLE: ! {PPU[1] Thread (CPUThread)[0x01400028]} sys_ppu_thread : *** New PPU Thread [pxd::async_file_access(0)] (joinable, entry=0x1056b58): id = 147
HLE: W {PPU[1] Thread (CPUThread)[0x00c5e20c]} sys_semaphore warning: sys_semaphore_create(sem_addr=0xd000f790, attr_addr=0xd000f798, initial_count=0, max_count=2147483647)
HLE: ! {PPU[1] Thread (CPUThread)[0x00c5e20c]} sys_semaphore : *** semaphore created [] (protocol=0x2): id = 148
HLE: W {PPU[1] Thread (CPUThread)[0x01400058]} sys_lwmutex warning: sys_lwmutex_create(lwmutex_addr=0x305028f0, attr_addr=0xd000f840)
HLE: ! {PPU[1] Thread (CPUThread)[0x01400058]} sys_lwmutex : *** lwmutex created [] (attribute=0x12): sq_id = 149
HLE: ! {PPU[1] Thread (CPUThread)[0x01400028]} sys_ppu_thread : *** New PPU Thread [pxd::async_file_access(1)] (joinable, entry=0x1056b58): id = 150
HLE: W {PPU[1] Thread (CPUThread)[0x01400058]} sys_lwmutex warning: sys_lwmutex_create(lwmutex_addr=0x12d2a20, attr_addr=0xd000f950)
HLE: ! {PPU[1] Thread (CPUThread)[0x01400058]} sys_lwmutex : *** lwmutex created [] (attribute=0x12): sq_id = 151
HLE: W {PPU[1] Thread (CPUThread)[0x01400058]} sys_lwmutex warning: sys_lwmutex_create(lwmutex_addr=0x12d6448, attr_addr=0xd000f9d0)
HLE: ! {PPU[1] Thread (CPUThread)[0x01400058]} sys_lwmutex : *** lwmutex created [] (attribute=0x12): sq_id = 152
HLE: W {PPU[1] Thread (CPUThread)[0x0102e010]} cellSysmodule warning: cellSysmoduleLoadModule(CELL_SYSMODULE_FS)
HLE: W {PPU[1] Thread (CPUThread)[0x0102e010]} cellSysmodule warning: cellSysmoduleLoadModule(CELL_SYSMODULE_SYSUTIL_GAME)
HLE: W {PPU[1] Thread (CPUThread)[0x013f6010]} sys_io warning: cellPadInit(max_connect=7)
HLE: W {PPU[1] Thread (CPUThread)[0x00c5e20c]} sys_semaphore warning: sys_semaphore_create(sem_addr=0xd000fa20, attr_addr=0xd000fa28, initial_count=0, max_count=2147483647)
HLE: ! {PPU[1] Thread (CPUThread)[0x00c5e20c]} sys_semaphore : *** semaphore created [] (protocol=0x2): id = 153
HLE: W {PPU[1] Thread (CPUThread)[0x00c5e20c]} sys_semaphore warning: sys_semaphore_create(sem_addr=0xd000fa20, attr_addr=0xd000fa28, initial_count=0, max_count=2147483647)
HLE: ! {PPU[1] Thread (CPUThread)[0x00c5e20c]} sys_semaphore : *** semaphore created [] (protocol=0x2): id = 154
HLE: ! {PPU[1] Thread (CPUThread)[0x01400028]} sys_ppu_thread : *** New PPU Thread [mt_task_thread] (joinable, entry=0x1056b58): id = 155
HLE: W {PPU[1] Thread (CPUThread)[0x013e80c4]} cellSpurs warning: _cellSpursAttributeInitialize(attr_addr=0xd000f770, revision=2, sdkVersion=0x270001, nSpus=5, spuPriority=250, ppuPriority=450, exitIfNoWork=0)
HLE: W {PPU[1] Thread (CPUThread)[0x013e8004]} cellSpurs warning: cellSpursAttributeSetNamePrefix(attr_addr=0xd000f770, prefix_addr=0xd000f740, size=5)
HLE: W {PPU[1] Thread (CPUThread)[0x013e810c]} cellSpurs warning: cellSpursAttributeSetSpuThreadGroupType(attr_addr=0xd000f770, type=24)
HLE: W {PPU[1] Thread (CPUThread)[0x013e8118]} cellSpurs warning: cellSpursInitializeWithAttribute(spurs_addr=0x38113780, attr_addr=0xd000f770)
HLE: ! {PPU[1] Thread (CPUThread)[0x013e8118]} sys_semaphore : *** semaphore created [_spuWkl] (protocol=0x2): id = 156
HLE: ! {PPU[1] Thread (CPUThread)[0x013e8118]} sys_semaphore : *** semaphore created [_spuWkl] (protocol=0x2): id = 157
HLE: ! {PPU[1] Thread (CPUThread)[0x013e8118]} sys_semaphore : *** semaphore created [_spuWkl] (protocol=0x2): id = 158
HLE: ! {PPU[1] Thread (CPUThread)[0x013e8118]} sys_semaphore : *** semaphore created [_spuWkl] (protocol=0x2): id = 159
HLE: ! {PPU[1] Thread (CPUThread)[0x013e8118]} sys_semaphore : *** semaphore created [_spuWkl] (protocol=0x2): id = 160
HLE: ! {PPU[1] Thread (CPUThread)[0x013e8118]} sys_semaphore : *** semaphore created [_spuWkl] (protocol=0x2): id = 161
HLE: ! {PPU[1] Thread (CPUThread)[0x013e8118]} sys_semaphore : *** semaphore created [_spuWkl] (protocol=0x2): id = 162
HLE: ! {PPU[1] Thread (CPUThread)[0x013e8118]} sys_semaphore : *** semaphore created [_spuWkl] (protocol=0x2): id = 163
HLE: ! {PPU[1] Thread (CPUThread)[0x013e8118]} sys_semaphore : *** semaphore created [_spuWkl] (protocol=0x2): id = 164
HLE: ! {PPU[1] Thread (CPUThread)[0x013e8118]} sys_semaphore : *** semaphore created [_spuWkl] (protocol=0x2): id = 165
HLE: ! {PPU[1] Thread (CPUThread)[0x013e8118]} sys_semaphore : *** semaphore created [_spuWkl] (protocol=0x2): id = 166
HLE: ! {PPU[1] Thread (CPUThread)[0x013e8118]} sys_semaphore : *** semaphore created [_spuWkl] (protocol=0x2): id = 167
HLE: ! {PPU[1] Thread (CPUThread)[0x013e8118]} sys_semaphore : *** semaphore created [_spuWkl] (protocol=0x2): id = 168
HLE: ! {PPU[1] Thread (CPUThread)[0x013e8118]} sys_semaphore : *** semaphore created [_spuWkl] (protocol=0x2): id = 169
HLE: ! {PPU[1] Thread (CPUThread)[0x013e8118]} sys_semaphore : *** semaphore created [_spuWkl] (protocol=0x2): id = 170
HLE: ! {PPU[1] Thread (CPUThread)[0x013e8118]} sys_semaphore : *** semaphore created [_spuWkl] (protocol=0x2): id = 171
HLE: ! {PPU[1] Thread (CPUThread)[0x013e8118]} sys_semaphore : *** semaphore created [_spuPrv] (protocol=0x2): id = 172
HLE: E {PPU[1] Thread (CPUThread)[0x013e8118]} sys_spu TODO: Unsupported SPU Thread Group type (0x18)
HLE: ! {PPU[1] Thread (CPUThread)[0x013e8118]} sys_spu : *** SPU Thread Group created [pxd::CellSpursKernelGroup] (num=5, prio=250, type=0x18, container=0): id=173
HLE: E {PPU[1] Thread (CPUThread)[0x013e8118]} sys_spu TODO: Unsupported SPU Thread options (0x2)
HLE: W {PPU[1] Thread (CPUThread)[0x013e8118]} sys_spu warning: *** New SPU Thread [pxd::CellSpursKernel0] (ep=0x0, opt=0x2, a1=0x0, a2=0x0, a3=0x0, a4=0x0): id=174
HLE: E {PPU[1] Thread (CPUThread)[0x013e8118]} sys_spu TODO: Unsupported SPU Thread options (0x2)
HLE: W {PPU[1] Thread (CPUThread)[0x013e8118]} sys_spu warning: *** New SPU Thread [pxd::CellSpursKernel1] (ep=0x0, opt=0x2, a1=0x0, a2=0x0, a3=0x0, a4=0x0): id=175
HLE: E {PPU[1] Thread (CPUThread)[0x013e8118]} sys_spu TODO: Unsupported SPU Thread options (0x2)
HLE: W {PPU[1] Thread (CPUThread)[0x013e8118]} sys_spu warning: *** New SPU Thread [pxd::CellSpursKernel2] (ep=0x0, opt=0x2, a1=0x0, a2=0x0, a3=0x0, a4=0x0): id=176
HLE: E {PPU[1] Thread (CPUThread)[0x013e8118]} sys_spu TODO: Unsupported SPU Thread options (0x2)
HLE: W {PPU[1] Thread (CPUThread)[0x013e8118]} sys_spu warning: *** New SPU Thread [pxd::CellSpursKernel3] (ep=0x0, opt=0x2, a1=0x0, a2=0x0, a3=0x0, a4=0x0): id=177
HLE: E {PPU[1] Thread (CPUThread)[0x013e8118]} sys_spu TODO: Unsupported SPU Thread options (0x2)
HLE: W {PPU[1] Thread (CPUThread)[0x013e8118]} sys_spu warning: *** New SPU Thread [pxd::CellSpursKernel4] (ep=0x0, opt=0x2, a1=0x0, a2=0x0, a3=0x0, a4=0x0): id=178
HLE: ! {PPU[1] Thread (CPUThread)[0x013e8118]} sys_lwmutex : *** lwmutex created [_spuPrv] (attribute=0x22): sq_id = 179
HLE: W {PPU[1] Thread (CPUThread)[0x013e8118]} sys_lwcond warning: *** lwcond created [_spuPrv] (lwmutex_addr=0x38114530): id = 180
HLE: W {PPU[1] Thread (CPUThread)[0x013e8118]} sys_event warning: *** event_queue created [_spuPrv] (protocol=0x1, type=0x1, key=0x0, size=0x2a): id = 181
HLE: W {PPU[1] Thread (CPUThread)[0x013e8118]} sys_spu warning: sys_spu_thread_group_connect_event_all_threads(id=173, eq_id=181, req=0xffffffffffff0000, spup_addr=0x38113849)
HLE: W {PPU[1] Thread (CPUThread)[0x013e8118]} sys_spu warning: *** spup -> 16
HLE: W {PPU[1] Thread (CPUThread)[0x013e8118]} sys_event warning: *** sys_event_port created: id = 182
HLE: W {PPU[1] Thread (CPUThread)[0x013e8118]} sys_event warning: sys_event_port_connect_local(eport_id=182, equeue_id=181)
HLE: ! {PPU[1] Thread (CPUThread)[0x013e8118]} sys_ppu_thread : *** New PPU Thread [pxd::SpursHdlr0] (joinable, entry=0x0): id = 183
HLE: W {PPU[183] Thread (pxd::SpursHdlr0)[0x00000000]} sys_spu warning: sys_spu_thread_group_start(id=173)
HLE: ! {PPU[1] Thread (CPUThread)[0x013e8118]} sys_ppu_thread : *** New PPU Thread [pxd::SpursHdlr1] (joinable, entry=0x0): id = 184
HLE: E {PPU[1] Thread (CPUThread)[0x013e8118]} sys_spu TODO: sys_spu_thread_group_connect_event(id=173, eq=181, et=0x2)
HLE: E {PPU[1] Thread (CPUThread)[0x013e8028]} cellSpurs TODO: _cellSpursTasksetAttributeInitialize
HLE: E {PPU[1] Thread (CPUThread)[0x013e80b8]} cellSpurs TODO: cellSpursTasksetAttributeSetTasksetSize
HLE: E {PPU[1] Thread (CPUThread)[0x013e8088]} cellSpurs TODO: cellSpursTasksetAttributeSetName
HLE: E {PPU[1] Thread (CPUThread)[0x013e8130]} cellSpurs TODO: cellSpursCreateTasksetWithAttribute
HLE: E {PPU[1] Thread (CPUThread)[0x013e807c]} cellSpurs TODO: _cellSpursEventFlagInitialize
HLE: E {PPU[1] Thread (CPUThread)[0x013e80ac]} cellSpurs TODO: cellSpursEventFlagAttachLv2EventQueue
HLE: W {PPU[183] Thread (pxd::SpursHdlr0)[0x00000000]} sys_spu warning: sys_spu_thread_group_join(id=173, cause_addr=0x0, status_addr=0x0)
HLE: E {PPU[1] Thread (CPUThread)[0x013e8064]} cellSpurs TODO: _cellSpursJobChainAttributeInitialize
HLE: E {PPU[1] Thread (CPUThread)[0x013e80dc]} cellSpurs TODO: cellSpursJobChainAttributeSetName
HLE: E {PPU[1] Thread (CPUThread)[0x013e804c]} cellSpurs TODO: cellSpursCreateJobChainWithAttribute
HLE: E {PPU[1] Thread (CPUThread)[0x013e8094]} cellSpurs TODO: cellSpursJobGuardInitialize
HLE: E {PPU[1] Thread (CPUThread)[0x013e8148]} cellSpurs TODO: cellSpursJobGuardNotify
HLE: E {PPU[1] Thread (CPUThread)[0x013e8160]} cellSpurs TODO: cellSpursRunJobChain
HLE: W {PPU[1] Thread (CPUThread)[0x013f6064]} sys_io warning: cellMouseInit(max_connect=1)
HLE: W {PPU[1] Thread (CPUThread)[0x0102c124]} cellSysutil warning: cellVideoOutGetDeviceInfo(videoOut=0, deviceIndex=0, info_addr=0xd000f3cc)
HLE: W {PPU[1] Thread (CPUThread)[0x0102e010]} cellSysmodule warning: cellSysmoduleLoadModule(CELL_SYSMODULE_GCM_SYS)
HLE: W {PPU[1] Thread (CPUThread)[0x013ec0e8]} cellGcmSys warning: cellGcmInitDefaultFifoMode(mode=0)
HLE: W {PPU[1] Thread (CPUThread)[0x013ec010]} cellGcmSys warning: _cellGcmInitBody(context_addr=0x1310448, cmdSize=0xa00000, ioSize=0x1a00000, ioAddress=0x38400000)
HLE: W {PPU[1] Thread (CPUThread)[0x013ec010]} cellGcmSys warning: *** local memory(addr=0xc0000000, size=0xf900000)
HLE: W {PPU[1] Thread (CPUThread)[0x013ec010]} cellGcmSys warning: cellGcmInit(): 256MB io address space used
HLE: W {PPU[1] Thread (CPUThread)[0x013ec010]} cellGcmSys warning: cellGcmMapEaIoAddress(ea=0x38400000, io=0x0, size=0x1a00000)
RSX: ! {RSXThread} RSX thread started
HLE: W {PPU[1] Thread (CPUThread)[0x013ec088]} cellGcmSys warning: cellGcmSetDefaultFifoSize(bufferSize=0x400, segmentSize=0x40000)
HLE: W {PPU[1] Thread (CPUThread)[0x0102c124]} cellSysutil warning: cellVideoOutGetDeviceInfo(videoOut=0, deviceIndex=0, info_addr=0xd000f204)
HLE: W {PPU[1] Thread (CPUThread)[0x0102c118]} cellSysutil warning: cellVideoOutConfigure(videoOut=0, config_addr=0xd000f1dc, option_addr=0x0, waitForEvent=0x0)
HLE: W {PPU[1] Thread (CPUThread)[0x013ec04c]} cellGcmSys warning: cellGcmSetFlipMode(mode=2)
HLE: E {PPU[1] Thread (CPUThread)[0x013ec124]} cellGcmSys TODO: cellGcmSetVBlankFrequency
HLE: W {PPU[1] Thread (CPUThread)[0x013ec0dc]} cellGcmSys warning: cellGcmSetTileInfo(index=0, location=0, offset=0, size=7864320, pitch=5120, comp=7, base=0, bank=0)
HLE: E {PPU[1] Thread (CPUThread)[0x013ec0dc]} cellGcmSys error: cellGcmSetTileInfo: bad compression mode! (7)
HLE: W {PPU[1] Thread (CPUThread)[0x013ec040]} cellGcmSys warning: cellGcmBindTile(index=0)
RSX: W {RSXThread} NV4097_SET_COLOR_MASK_MRT: 0xfff0
RSX: W {RSXThread} New FBO (720x576)
RSX: W {RSXThread} TODO: NV4097_SET_WINDOW_OFFSET: x=0, y=0
RSX: W {RSXThread} NV4097_SET_COLOR_MASK_MRT: 0xfff0
RSX: E {RSXThread} TODO: CELL_GCM_NV4097_SET_TRANSFORM_BRANCH_BITS(0x0)
RSX: W {RSXThread} New FBO (1280x720)
PPU: ! {PPULLVMRecompiler} Removed 2 old versions
PPU: ! {PPULLVMRecompiler} Removed 7 old versions
HLE: W {PPU[155] Thread (mt_task_thread)[0x00c5e29c]} sys_semaphore warning: sys_semaphore_wait(153) aborted
RSX: W {RSXThread} RSX thread aborted
HLE: W {PPU[150] Thread (pxd::async_file_access(1))[0x00c5e29c]} sys_semaphore warning: sys_semaphore_wait(148) aborted
RSX: W {VBlank thread} VBlank thread aborted
HLE: W {PPU[147] Thread (pxd::async_file_access(0))[0x00c5e29c]} sys_semaphore warning: sys_semaphore_wait(145) aborted
HLE: W {PPU[183] Thread (pxd::SpursHdlr0)[0x00000000]} sys_spu warning: sys_spu_thread_group_join(id=173) aborted
HLE: W {PPU[183] Thread (pxd::SpursHdlr0)[0x00000000]} cellSpurs warning: SPURS Handler Thread 0 aborted
PPU: ! {PPULLVMRecompiler} PPU LLVM compiler thread exiting.
