HLE: ! path: /dev_hdd0/game/
HLE: W No pause.bin found, Auto Pause will not work.
HLE: W No pause.bin found, Auto Pause will not work.
LDR: ! Loading 'D:\Emulateurs\Rpcs3\dev_hdd0\game\BLES01269-[FINAL FANTASY XIII2]/PS3_GAME/USRDIR/BOOT.BIN'...
LDR: !  
LDR: ! Mount info:
LDR: ! /dev_hdd0/ -> ./dev_hdd0/
LDR: ! /dev_hdd1/ -> ./dev_hdd1/
LDR: ! /dev_flash/ -> ./dev_flash/
LDR: ! /dev_usb000/ -> ./dev_usb000/
LDR: ! /dev_usb/ -> ./dev_usb000/
LDR: ! /app_home/ -> D:\Emulateurs\Rpcs3\dev_hdd0\game\BLES01269-[FINAL FANTASY XIII2]/PS3_GAME/
LDR: ! /dev_bdvd/ -> D:\Emulateurs\Rpcs3\dev_hdd0\game\BLES01269-[FINAL FANTASY XIII2]/PS3_GAME//../
LDR: ! /host_root/ -> 
LDR: ! /app_home/PS3_GAME/USRDIR/ -> D:\Emulateurs\Rpcs3\dev_hdd0\game\BLES01269-[FINAL FANTASY XIII2]/PS3_GAME//USRDIR/
LDR: ! /dev_flash2/ -> ./dev_flash2/
LDR: ! /app_home/Game/PS3_GAME/USRDIR/ -> D:\Emulateurs\Rpcs3\dev_hdd0\game\BLES01269-[FINAL FANTASY XIII2]/PS3_GAME//USRDIR/
LDR: ! //dev_hdd0/ -> ./dev_hdd0/
LDR: ! / -> D:\Emulateurs\Rpcs3\dev_hdd0\game\BLES01269-[FINAL FANTASY XIII2]/PS3_GAME//USRDIR/
LDR: !  
LDR: ! Title: FINAL FANTASY XIII-2
LDR: ! Serial: BLES01269
LDR: !  
MEM: ! Initializing memory: m_base_addr = 0xb72b120000
MEM: ! Memory initialized.
LDR: ! Imported function 'sys_net_initialize_network_ex' in 'sys_net' module
LDR: ! Imported function 'connect' in 'sys_net' module
LDR: ! Imported function 'socketclose' in 'sys_net' module
LDR: ! Imported function 'setsockopt' in 'sys_net' module
LDR: ! Imported function 'socket' in 'sys_net' module
LDR: ! Imported function 'bind' in 'sys_net' module
LDR: ! Imported function 'sys_net_finalize_network' in 'sys_net' module
LDR: ! Imported function 'inet_addr' in 'sys_net' module
LDR: ! Imported function 'send' in 'sys_net' module
LDR: ! Imported function 'recv' in 'sys_net' module
LDR: W Unimplemented function 'getsockname' in 'sys_net' module
LDR: ! Imported function 'recvfrom' in 'sys_net' module
LDR: ! Imported function 'listen' in 'sys_net' module
LDR: W Unimplemented function 'socketselect' in 'sys_net' module
LDR: ! Imported function '_sys_net_errno_loc' in 'sys_net' module
LDR: W Unimplemented function 'gethostbyname' in 'sys_net' module
LDR: ! Imported function 'sendto' in 'sys_net' module
LDR: ! Imported function 'shutdown' in 'sys_net' module
LDR: ! Imported function 'accept' in 'sys_net' module
LDR: ! Imported function 'sys_net_free_thread_context' in 'sys_net' module
LDR: ! Imported function 'cellSysutilUnregisterCallback' in 'cellSysutil' module
LDR: ! Imported function 'cellVideoOutConfigure' in 'cellSysutil' module
LDR: ! Imported function 'cellSysutilCheckCallback' in 'cellSysutil' module
LDR: ! Imported function 'cellSaveDataListLoad2' in 'cellSysutil' module
LDR: ! Imported function 'cellSysCacheMount' in 'cellSysutil' module
LDR: ! Imported function 'cellSaveDataListAutoLoad' in 'cellSysutil' module
LDR: ! Imported function 'cellSaveDataFixedLoad2' in 'cellSysutil' module
LDR: ! Imported function 'cellSaveDataListSave2' in 'cellSysutil' module
LDR: ! Imported function 'cellSysutilGetSystemParamInt' in 'cellSysutil' module
LDR: ! Imported function 'cellAudioOutConfigure' in 'cellSysutil' module
LDR: ! Imported function 'cellSysCacheClear' in 'cellSysutil' module
LDR: ! Imported function 'cellMsgDialogOpen2' in 'cellSysutil' module
LDR: ! Imported function 'cellAudioOutGetDeviceInfo' in 'cellSysutil' module
LDR: ! Imported function 'cellVideoOutGetState' in 'cellSysutil' module
LDR: ! Imported function 'cellSaveDataAutoSave2' in 'cellSysutil' module
LDR: ! Imported function 'cellSysutilRegisterCallback' in 'cellSysutil' module
LDR: ! Imported function 'cellVideoOutGetResolutionAvailability' in 'cellSysutil' module
LDR: ! Imported function 'cellAudioOutGetSoundAvailability' in 'cellSysutil' module
LDR: ! Imported function 'cellVideoOutGetResolution' in 'cellSysutil' module
LDR: ! Imported function 'cellAudioOutGetNumberOfDevice' in 'cellSysutil' module
LDR: ! Imported function 'cellAudioOutGetConfiguration' in 'cellSysutil' module
LDR: W Unimplemented function 'cellSaveDataDelete2' in 'cellSysutil' module
LDR: ! Imported function 'cellAudioOutGetState' in 'cellSysutil' module
LDR: ! Imported function 'cellSaveDataAutoLoad2' in 'cellSysutil' module
LDR: ! Imported function 'cellUserInfoGetStat' in 'cellUserInfo' module
LDR: W Unknown module 'cellSaveDataDuplicate'
LDR: ! Imported function 'Unknown func id: 0x039511ab' in 'cellSaveDataDuplicate' module
LDR: W Unknown module 'cellSaveData'
LDR: ! Imported function 'cellSaveDataListDelete' in 'cellSaveData' module
LDR: ! Imported function 'cellGameCreateGameData' in 'cellGame' module
LDR: ! Imported function 'cellGameContentPermit' in 'cellGame' module
LDR: ! Imported function 'cellGameThemeInstallFromBuffer' in 'cellGame' module
LDR: ! Imported function 'cellGameContentErrorDialog' in 'cellGame' module
LDR: ! Imported function 'cellGamePatchCheck' in 'cellGame' module
LDR: ! Imported function 'cellGameSetParamString' in 'cellGame' module
LDR: ! Imported function 'cellGameDataCheck' in 'cellGame' module
LDR: ! Imported function 'cellGameGetSizeKB' in 'cellGame' module
LDR: ! Imported function 'cellGameBootCheck' in 'cellGame' module
LDR: ! Imported function 'cellGcmGetTiledPitchSize' in 'cellGcmSys' module
LDR: ! Imported function 'cellGcmSetUserHandler' in 'cellGcmSys' module
LDR: ! Imported function 'cellGcmSetQueueHandler' in 'cellGcmSys' module
LDR: ! Imported function 'cellGcmSetPrepareFlip' in 'cellGcmSys' module
LDR: ! Imported function 'cellGcmAddressToOffset' in 'cellGcmSys' module
LDR: ! Imported function 'cellGcmGetOffsetTable' in 'cellGcmSys' module
LDR: ! Imported function 'cellGcmIoOffsetToAddress' in 'cellGcmSys' module
LDR: ! Imported function 'cellGcmBindTile' in 'cellGcmSys' module
LDR: ! Imported function 'cellGcmSetFlipMode' in 'cellGcmSys' module
LDR: ! Imported function 'cellGcmSetSecondVFrequency' in 'cellGcmSys' module
LDR: ! Imported function 'cellGcmSetDebugOutputLevel' in 'cellGcmSys' module
LDR: ! Imported function 'cellGcmGetTimeStamp' in 'cellGcmSys' module
LDR: ! Imported function 'cellGcmMapEaIoAddressWithFlags' in 'cellGcmSys' module
LDR: ! Imported function 'cellGcmGetReportDataAddressLocation' in 'cellGcmSys' module
LDR: ! Imported function 'cellGcmBindZcull' in 'cellGcmSys' module
LDR: ! Imported function 'cellGcmMapMainMemory' in 'cellGcmSys' module
LDR: ! Imported function 'cellGcmSetFlipHandler' in 'cellGcmSys' module
LDR: ! Imported function 'cellGcmSetDisplayBuffer' in 'cellGcmSys' module
LDR: ! Imported function 'cellGcmGetControlRegister' in 'cellGcmSys' module
LDR: ! Imported function 'cellGcmUnbindZcull' in 'cellGcmSys' module
LDR: ! Imported function 'cellGcmSetVBlankHandler' in 'cellGcmSys' module
LDR: ! Imported function 'cellGcmSetFlipImmediate' in 'cellGcmSys' module
LDR: ! Imported function 'cellGcmSetTileInfo' in 'cellGcmSys' module
LDR: ! Imported function 'cellGcmInitDefaultFifoMode' in 'cellGcmSys' module
LDR: ! Imported function 'cellGcmSetGraphicsHandler' in 'cellGcmSys' module
LDR: ! Imported function 'cellGcmUnbindTile' in 'cellGcmSys' module
LDR: ! Imported function 'cellGcmMapLocalMemory' in 'cellGcmSys' module
LDR: ! Imported function 'cellGcmSetSecondVHandler' in 'cellGcmSys' module
LDR: ! Imported function 'cellGcmGetConfiguration' in 'cellGcmSys' module
LDR: ! Imported function 'cellGcmUnmapEaIoAddress' in 'cellGcmSys' module
LDR: ! Imported function 'cellGcmGetLabelAddress' in 'cellGcmSys' module
LDR: ! Imported function 'cellGcmInitSystemMode' in 'cellGcmSys' module
LDR: ! Imported function 'cellGcmSetVBlankFrequency' in 'cellGcmSys' module
LDR: ! Imported function '_cellGcmInitBody' in 'cellGcmSys' module
LDR: ! Imported function '_cellGcmFunc15' in 'cellGcmSys' module
LDR: ! Imported function 'cellGcmGetDefaultCommandWordSize' in 'cellGcmSys' module
LDR: ! Imported function 'cellGcmGetDefaultSegmentWordSize' in 'cellGcmSys' module
LDR: ! Imported function 'cellGcmSetDefaultFifoSize' in 'cellGcmSys' module
LDR: ! Imported function '_cellSpursLFQueueInitialize' in 'cellSpurs' module
LDR: ! Imported function 'cellSpursAttributeSetNamePrefix' in 'cellSpurs' module
LDR: ! Imported function '_cellSpursQueueInitialize' in 'cellSpurs' module
LDR: ! Imported function 'cellSpursAttributeEnableSpuPrintfIfAvailable' in 'cellSpurs' module
LDR: ! Imported function '_cellSpursTasksetAttributeInitialize' in 'cellSpurs' module
LDR: ! Imported function 'cellSpursLFQueueAttachLv2EventQueue' in 'cellSpurs' module
LDR: ! Imported function 'cellSpursTaskGetLoadableSegmentPattern' in 'cellSpurs' module
LDR: ! Imported function 'cellSpursCreateTaskWithAttribute' in 'cellSpurs' module
LDR: ! Imported function 'cellSpursEventFlagDetachLv2EventQueue' in 'cellSpurs' module
LDR: ! Imported function 'cellSpursJobChainAttributeSetJobTypeMemoryCheck' in 'cellSpurs' module
LDR: ! Imported function 'cellSpursCreateJobChainWithAttribute' in 'cellSpurs' module
LDR: ! Imported function '_cellSpursJobChainAttributeInitialize' in 'cellSpurs' module
LDR: ! Imported function 'cellSpursEventFlagWait' in 'cellSpurs' module
LDR: ! Imported function 'cellSpursEventFlagClear' in 'cellSpurs' module
LDR: ! Imported function 'cellSpursDetachLv2EventQueue' in 'cellSpurs' module
LDR: ! Imported function 'cellSpursCreateTaskset' in 'cellSpurs' module
LDR: W Unimplemented function 'cellSpursTraceInitialize' in 'cellSpurs' module
LDR: ! Imported function '_cellSpursEventFlagInitialize' in 'cellSpurs' module
LDR: ! Imported function 'cellSpursTasksetAttributeSetName' in 'cellSpurs' module
LDR: ! Imported function 'cellSpursJobGuardInitialize' in 'cellSpurs' module
LDR: ! Imported function 'cellSpursEventFlagTryWait' in 'cellSpurs' module
LDR: ! Imported function 'cellSpursShutdownJobChain' in 'cellSpurs' module
LDR: ! Imported function 'cellSpursLFQueueDetachLv2EventQueue' in 'cellSpurs' module
LDR: W Unimplemented function 'cellSpursTraceFinalize' in 'cellSpurs' module
LDR: ! Imported function 'cellSpursTaskGetReadOnlyAreaPattern' in 'cellSpurs' module
LDR: ! Imported function 'cellSpursEventFlagAttachLv2EventQueue' in 'cellSpurs' module
LDR: ! Imported function '_cellSpursLFQueuePushBody' in 'cellSpurs' module
LDR: ! Imported function 'cellSpursQueuePushBody' in 'cellSpurs' module
LDR: ! Imported function '_cellSpursAttributeInitialize' in 'cellSpurs' module
LDR: ! Imported function 'cellSpursJoinTaskset' in 'cellSpurs' module
LDR: ! Imported function 'cellSpursJobChainAttributeSetName' in 'cellSpurs' module
LDR: ! Imported function 'cellSpursShutdownTaskset' in 'cellSpurs' module
LDR: ! Imported function 'cellSpursJoinJobChain' in 'cellSpurs' module
LDR: ! Imported function 'cellSpursAttributeSetSpuThreadGroupType' in 'cellSpurs' module
LDR: ! Imported function 'cellSpursInitializeWithAttribute' in 'cellSpurs' module
LDR: ! Imported function '_cellSpursTaskAttributeInitialize' in 'cellSpurs' module
LDR: ! Imported function 'cellSpursAttachLv2EventQueue' in 'cellSpurs' module
LDR: ! Imported function 'cellSpursJobChainAttributeSetHaltOnError' in 'cellSpurs' module
LDR: ! Imported function 'cellSpursCreateTask' in 'cellSpurs' module
LDR: ! Imported function 'cellSpursCreateTasksetWithAttribute' in 'cellSpurs' module
LDR: ! Imported function 'cellSpursGetNumSpuThread' in 'cellSpurs' module
LDR: ! Imported function 'cellSpursFinalize' in 'cellSpurs' module
LDR: W Unimplemented function 'cellSpursTraceStart' in 'cellSpurs' module
LDR: ! Imported function 'cellSpursJobGuardNotify' in 'cellSpurs' module
LDR: W Unimplemented function 'cellSpursTraceStop' in 'cellSpurs' module
LDR: ! Imported function '_cellSpursSendSignal' in 'cellSpurs' module
LDR: ! Imported function 'cellSpursRunJobChain' in 'cellSpurs' module
LDR: ! Imported function 'cellSpursEventFlagSet' in 'cellSpurs' module
LDR: ! Imported function 'cellFsReadWithOffset' in 'sys_fs' module
LDR: ! Imported function 'cellFsRmdir' in 'sys_fs' module
LDR: ! Imported function 'cellFsClose' in 'sys_fs' module
LDR: ! Imported function 'cellFsOpendir' in 'sys_fs' module
LDR: ! Imported function 'cellFsRead' in 'sys_fs' module
LDR: ! Imported function 'cellFsReaddir' in 'sys_fs' module
LDR: ! Imported function 'cellFsOpen' in 'sys_fs' module
LDR: ! Imported function 'cellFsStat' in 'sys_fs' module
LDR: ! Imported function 'cellFsUnlink' in 'sys_fs' module
LDR: W Unimplemented function 'cellFsWriteWithOffset' in 'sys_fs' module
LDR: ! Imported function 'cellFsFsync' in 'sys_fs' module
LDR: ! Imported function 'cellFsGetDirectoryEntries' in 'sys_fs' module
LDR: ! Imported function 'cellFsLseek' in 'sys_fs' module
LDR: ! Imported function 'cellFsGetFreeSize' in 'sys_fs' module
LDR: ! Imported function 'cellFsSdataOpen' in 'sys_fs' module
LDR: ! Imported function 'cellFsMkdir' in 'sys_fs' module
LDR: ! Imported function 'cellFsWrite' in 'sys_fs' module
LDR: ! Imported function 'cellFsFstat' in 'sys_fs' module
LDR: ! Imported function 'cellFsRename' in 'sys_fs' module
LDR: ! Imported function 'cellFsClosedir' in 'sys_fs' module
LDR: ! Imported function 'cellSysmoduleUnloadModule' in 'cellSysmodule' module
LDR: ! Imported function 'cellSysmoduleLoadModule' in 'cellSysmodule' module
LDR: ! Imported function 'cellSysmoduleIsLoaded' in 'cellSysmodule' module
LDR: ! Imported function 'cellPadClearBuf' in 'sys_io' module
LDR: ! Imported function 'cellPadInit' in 'sys_io' module
LDR: ! Imported function 'cellKbClearBuf' in 'sys_io' module
LDR: ! Imported function 'cellKbGetInfo' in 'sys_io' module
LDR: ! Imported function 'cellMouseClearBuf' in 'sys_io' module
LDR: ! Imported function 'cellKbSetLEDStatus' in 'sys_io' module
LDR: ! Imported function 'cellKbInit' in 'sys_io' module
LDR: ! Imported function 'cellPadEnd' in 'sys_io' module
LDR: ! Imported function 'cellMouseGetInfo' in 'sys_io' module
LDR: ! Imported function 'cellMouseGetDataList' in 'sys_io' module
LDR: ! Imported function 'cellPadGetData' in 'sys_io' module
LDR: ! Imported function 'cellKbSetCodeType' in 'sys_io' module
LDR: ! Imported function 'cellPadGetInfo2' in 'sys_io' module
LDR: ! Imported function 'cellKbEnd' in 'sys_io' module
LDR: ! Imported function 'cellMouseInit' in 'sys_io' module
LDR: ! Imported function 'cellKbSetReadMode' in 'sys_io' module
LDR: ! Imported function 'cellMouseEnd' in 'sys_io' module
LDR: ! Imported function 'cellPadSetActDirect' in 'sys_io' module
LDR: ! Imported function 'cellKbRead' in 'sys_io' module
LDR: ! Imported function 'cellSyncQueuePush' in 'cellSync' module
LDR: ! Imported function 'cellAudioInit' in 'cellAudio' module
LDR: ! Imported function 'cellAudioGetPortConfig' in 'cellAudio' module
LDR: ! Imported function 'cellAudioPortStart' in 'cellAudio' module
LDR: ! Imported function 'cellAudioPortOpen' in 'cellAudio' module
LDR: ! Imported function 'cellAudioSetNotifyEventQueue' in 'cellAudio' module
LDR: ! Imported function 'cellAudioGetPortTimestamp' in 'cellAudio' module
LDR: ! Imported function 'cellAudioPortClose' in 'cellAudio' module
LDR: ! Imported function 'cellAudioPortStop' in 'cellAudio' module
LDR: ! Imported function 'cellAudioGetPortBlockTag' in 'cellAudio' module
LDR: ! Imported function 'cellAudioRemoveNotifyEventQueue' in 'cellAudio' module
LDR: ! Imported function 'cellPamfReaderGetPresentationStartTime' in 'cellPamf' module
LDR: ! Imported function 'cellPamfReaderGetPresentationEndTime' in 'cellPamf' module
LDR: ! Imported function 'cellSailGraphicsAdapterGetFrame' in 'cellSail' module
LDR: ! Imported function 'cellSailDescriptorCreateDatabase' in 'cellSail' module
LDR: ! Imported function 'cellSailPlayerSetSoundAdapter' in 'cellSail' module
LDR: ! Imported function 'cellSailGraphicsAdapterPtsToTimePosition' in 'cellSail' module
LDR: ! Imported function 'cellSailPlayerFinalize' in 'cellSail' module
LDR: ! Imported function 'cellSailPlayerSetGraphicsAdapter' in 'cellSail' module
LDR: ! Imported function 'cellSailGraphicsAdapterInitialize' in 'cellSail' module
LDR: ! Imported function 'cellSailPlayerInitialize2' in 'cellSail' module
LDR: ! Imported function 'cellSailDescriptorDestroyDatabase' in 'cellSail' module
LDR: ! Imported function 'cellSailGraphicsAdapterSetPreferredFormat' in 'cellSail' module
LDR: ! Imported function 'cellSailMemAllocatorInitialize' in 'cellSail' module
LDR: ! Imported function 'cellSailPlayerOpenStream' in 'cellSail' module
LDR: ! Imported function 'cellSailSoundAdapterInitialize' in 'cellSail' module
LDR: ! Imported function 'cellSailGraphicsAdapterUpdateAvSync' in 'cellSail' module
LDR: ! Imported function 'cellSailSoundAdapterPtsToTimePosition' in 'cellSail' module
LDR: ! Imported function 'cellSailPlayerSetParameter' in 'cellSail' module
LDR: ! Imported function 'cellSailPlayerGetDescriptorCount' in 'cellSail' module
LDR: ! Imported function 'cellSailGraphicsAdapterFinalize' in 'cellSail' module
LDR: ! Imported function 'cellSailPlayerAddDescriptor' in 'cellSail' module
LDR: ! Imported function 'cellSailSoundAdapterGetFrame' in 'cellSail' module
LDR: ! Imported function 'cellSailPlayerCloseStream' in 'cellSail' module
LDR: ! Imported function 'cellSailPlayerSetEsAudioMuted' in 'cellSail' module
LDR: ! Imported function 'cellSailPlayerBoot' in 'cellSail' module
LDR: ! Imported function 'cellSailSoundAdapterFinalize' in 'cellSail' module
LDR: ! Imported function 'cellSailPlayerSetPaused' in 'cellSail' module
LDR: ! Imported function 'cellSailPlayerCreateDescriptor' in 'cellSail' module
LDR: ! Imported function 'cellSailPlayerStart' in 'cellSail' module
LDR: ! Imported function 'cellSailPlayerStop' in 'cellSail' module
LDR: ! Imported function 'cellSailSoundAdapterUpdateAvSync' in 'cellSail' module
LDR: ! Imported function 'cellSailSoundAdapterGetFormat' in 'cellSail' module
LDR: ! Imported function 'cellSailPlayerSetRepeatMode' in 'cellSail' module
LDR: ! Imported function 'cellSailPlayerDestroyDescriptor' in 'cellSail' module
LDR: ! Imported function 'cellSailGraphicsAdapterGetFormat' in 'cellSail' module
LDR: ! Imported function 'cellFiberPpuYield' in 'cellFiber' module
LDR: ! Imported function 'cellFiberPpuRunFibers' in 'cellFiber' module
LDR: ! Imported function 'cellFiberPpuSelf' in 'cellFiber' module
LDR: ! Imported function 'cellFiberPpuCreateFiber' in 'cellFiber' module
LDR: ! Imported function 'cellFiberPpuFinalizeScheduler' in 'cellFiber' module
LDR: ! Imported function '_cellFiberPpuSchedulerAttributeInitialize' in 'cellFiber' module
LDR: ! Imported function 'cellFiberPpuWaitFlag' in 'cellFiber' module
LDR: ! Imported function 'cellFiberPpuJoinFiber' in 'cellFiber' module
LDR: ! Imported function 'cellFiberPpuGetScheduler' in 'cellFiber' module
LDR: ! Imported function '_cellFiberPpuAttributeInitialize' in 'cellFiber' module
LDR: ! Imported function 'cellFiberPpuHasRunnableFiber' in 'cellFiber' module
LDR: ! Imported function 'cellFiberPpuInitializeScheduler' in 'cellFiber' module
LDR: ! Imported function 'cellFiberPpuCheckFlags' in 'cellFiber' module
LDR: ! Imported function '_cellFiberPpuInitialize' in 'cellFiber' module
LDR: W Unknown module 'cellSysutilAvconfExt'
LDR: ! Imported function 'cellVideoOutSetGamma' in 'cellSysutilAvconfExt' module
LDR: ! Imported function 'sceNpTerm' in 'sceNp' module
LDR: ! Imported function 'sceNpManagerUnregisterCallback' in 'sceNp' module
LDR: ! Imported function 'sceNpManagerGetContentRatingFlag' in 'sceNp' module
LDR: ! Imported function 'sceNpManagerRequestTicket2' in 'sceNp' module
LDR: ! Imported function 'sceNpManagerGetEntitlementById' in 'sceNp' module
LDR: ! Imported function 'sceNpManagerGetStatus' in 'sceNp' module
LDR: ! Imported function 'sceNpDrmIsAvailable' in 'sceNp' module
LDR: ! Imported function 'sceNpManagerGetAccountRegion' in 'sceNp' module
LDR: ! Imported function 'sceNpInit' in 'sceNp' module
LDR: ! Imported function 'sceNpManagerGetNetworkTime' in 'sceNp' module
LDR: ! Imported function 'sceNpManagerGetOnlineId' in 'sceNp' module
LDR: ! Imported function 'sceNpManagerRegisterCallback' in 'sceNp' module
LDR: ! Imported function 'sceNpManagerGetChatRestrictionFlag' in 'sceNp' module
LDR: ! Imported function 'sceNpDrmIsAvailable2' in 'sceNp' module
LDR: ! Imported function 'sceNpManagerGetNpId' in 'sceNp' module
LDR: ! Imported function 'sceNpTrophyRegisterContext' in 'sceNpTrophy' module
LDR: ! Imported function 'sceNpTrophyCreateHandle' in 'sceNpTrophy' module
LDR: ! Imported function 'sceNpTrophyGetRequiredDiskSpace' in 'sceNpTrophy' module
LDR: ! Imported function 'sceNpTrophyDestroyContext' in 'sceNpTrophy' module
LDR: ! Imported function 'sceNpTrophyInit' in 'sceNpTrophy' module
LDR: ! Imported function 'sceNpTrophyAbortHandle' in 'sceNpTrophy' module
LDR: ! Imported function 'sceNpTrophyGetGameInfo' in 'sceNpTrophy' module
LDR: ! Imported function 'sceNpTrophyDestroyHandle' in 'sceNpTrophy' module
LDR: ! Imported function 'sceNpTrophyUnlockTrophy' in 'sceNpTrophy' module
LDR: ! Imported function 'sceNpTrophyTerm' in 'sceNpTrophy' module
LDR: ! Imported function 'sceNpTrophyGetTrophyUnlockState' in 'sceNpTrophy' module
LDR: ! Imported function 'sceNpTrophyCreateContext' in 'sceNpTrophy' module
LDR: ! Imported function 'sceNpTrophyGetTrophyInfo' in 'sceNpTrophy' module
LDR: W Unknown module 'sceNpCommerce2'
LDR: ! Imported function 'sceNpCommerce2DestroyReq' in 'sceNpCommerce2' module
LDR: ! Imported function 'sceNpCommerce2Init' in 'sceNpCommerce2' module
LDR: ! Imported function 'sceNpCommerce2GetCategoryContentsStart' in 'sceNpCommerce2' module
LDR: ! Imported function 'sceNpCommerce2Term' in 'sceNpCommerce2' module
LDR: ! Imported function 'sceNpCommerce2CreateSessionAbort' in 'sceNpCommerce2' module
LDR: ! Imported function 'sceNpCommerce2DestroyCtx' in 'sceNpCommerce2' module
LDR: ! Imported function 'sceNpCommerce2GetCategoryContentsCreateReq' in 'sceNpCommerce2' module
LDR: ! Imported function 'sceNpCommerce2AbortReq' in 'sceNpCommerce2' module
LDR: ! Imported function 'sceNpCommerce2GetProductInfoStart' in 'sceNpCommerce2' module
LDR: ! Imported function 'sceNpCommerce2CreateSessionFinish' in 'sceNpCommerce2' module
LDR: ! Imported function 'sceNpCommerce2GetContentInfo' in 'sceNpCommerce2' module
LDR: ! Imported function 'sceNpCommerce2DoProductBrowseStartAsync' in 'sceNpCommerce2' module
LDR: ! Imported function 'sceNpCommerce2GetProductInfoCreateReq' in 'sceNpCommerce2' module
LDR: ! Imported function 'sceNpCommerce2DoProductCodeFinishAsync' in 'sceNpCommerce2' module
LDR: ! Imported function 'sceNpCommerce2DoProductBrowseFinishAsync' in 'sceNpCommerce2' module
LDR: ! Imported function 'sceNpCommerce2GetCategoryInfo' in 'sceNpCommerce2' module
LDR: ! Imported function 'sceNpCommerce2GetProductInfoGetResult' in 'sceNpCommerce2' module
LDR: ! Imported function 'sceNpCommerce2GetCategoryContentsGetResult' in 'sceNpCommerce2' module
LDR: ! Imported function 'sceNpCommerce2CreateSessionStart' in 'sceNpCommerce2' module
LDR: ! Imported function 'sceNpCommerce2InitGetCategoryContentsResult' in 'sceNpCommerce2' module
LDR: ! Imported function 'sceNpCommerce2CreateCtx' in 'sceNpCommerce2' module
LDR: ! Imported function 'sceNpCommerce2GetGameSkuInfoFromGameProductInfo' in 'sceNpCommerce2' module
LDR: ! Imported function 'sceNpCommerce2DoProductCodeStartAsync' in 'sceNpCommerce2' module
LDR: ! Imported function 'sceNpCommerce2GetGameProductInfoFromContentInfo' in 'sceNpCommerce2' module
LDR: ! Imported function 'sceNpCommerce2GetGameProductInfo' in 'sceNpCommerce2' module
LDR: ! Imported function 'sceNpCommerce2InitGetProductInfoResult' in 'sceNpCommerce2' module
LDR: ! Imported function 'sceNpCommerce2GetCategoryInfoFromContentInfo' in 'sceNpCommerce2' module
LDR: ! Imported function 'cellNetCtlNetStartDialogLoadAsync' in 'cellNetCtl' module
LDR: ! Imported function 'cellNetCtlNetStartDialogUnloadAsync' in 'cellNetCtl' module
LDR: ! Imported function 'cellNetCtlTerm' in 'cellNetCtl' module
LDR: ! Imported function 'cellNetCtlNetStartDialogAbortAsync' in 'cellNetCtl' module
LDR: ! Imported function 'cellNetCtlGetState' in 'cellNetCtl' module
LDR: ! Imported function 'cellNetCtlInit' in 'cellNetCtl' module
LDR: ! Imported function 'cellNetCtlGetInfo' in 'cellNetCtl' module
LDR: W Unknown module 'cellHttp'
LDR: ! Imported function 'cellHttpInit' in 'cellHttp' module
LDR: ! Imported function 'cellHttpsInit' in 'cellHttp' module
LDR: ! Imported function 'cellHttpEndCookie' in 'cellHttp' module
LDR: ! Imported function 'cellHttpInitCookie' in 'cellHttp' module
LDR: ! Imported function 'cellHttpEnd' in 'cellHttp' module
LDR: ! Imported function 'cellHttpsEnd' in 'cellHttp' module
LDR: W Unimplemented function 'cellSslEnd' in 'cellSsl' module
LDR: W Unimplemented function 'cellSslCertificateLoader' in 'cellSsl' module
LDR: W Unimplemented function 'cellSslInit' in 'cellSsl' module
LDR: ! Imported function 'cellRtcGetCurrentClockLocalTime' in 'cellRtc' module
LDR: ! Imported function 'cellRtcTickAddDays' in 'cellRtc' module
LDR: ! Imported function 'cellRtcSetTick' in 'cellRtc' module
LDR: W Unknown module 'sceNpSns'
LDR: ! Imported function 'Unknown func id: 0x2c0f3548' in 'sceNpSns' module
LDR: ! Imported function 'Unknown func id: 0x3711833f' in 'sceNpSns' module
LDR: ! Imported function 'Unknown func id: 0x6e42c0dd' in 'sceNpSns' module
LDR: ! Imported function 'Unknown func id: 0x702dc876' in 'sceNpSns' module
LDR: ! Imported function 'Unknown func id: 0x8fd1d549' in 'sceNpSns' module
LDR: W Unknown module 'white_casino'
LDR: ! Imported function 'Unknown func id: 0x8fb2693e' in 'white_casino' module
LDR: ! Imported function 'Unknown func id: 0x964afe1b' in 'white_casino' module
LDR: ! Imported function 'Unknown func id: 0x9b6f523a' in 'white_casino' module
LDR: ! Imported function 'Unknown func id: 0xb16a4368' in 'white_casino' module
LDR: ! Imported function 'Unknown func id: 0xbca7a95c' in 'white_casino' module
LDR: ! Imported function 'Unknown func id: 0xe540e3da' in 'white_casino' module
LDR: W Unknown module 'white_colosseum'
LDR: ! Imported function 'Unknown func id: 0x2509dda8' in 'white_colosseum' module
LDR: ! Imported function 'Unknown func id: 0x4de86ee6' in 'white_colosseum' module
LDR: ! Imported function 'Unknown func id: 0x88437cdd' in 'white_colosseum' module
LDR: W Unknown module 'white_valhalla'
LDR: ! Imported function 'Unknown func id: 0x2a6a277f' in 'white_valhalla' module
LDR: ! Imported function 'Unknown func id: 0x8f735c75' in 'white_valhalla' module
LDR: ! Imported function 'Unknown func id: 0xd2b77ef4' in 'white_valhalla' module
LDR: W Unknown module 'white_lightning'
LDR: ! Imported function 'Unknown func id: 0x1fb4324c' in 'white_lightning' module
LDR: ! Imported function 'Unknown func id: 0x54232ee9' in 'white_lightning' module
LDR: ! Imported function 'Unknown func id: 0x65c47feb' in 'white_lightning' module
LDR: ! Imported function 'Unknown func id: 0x68982821' in 'white_lightning' module
LDR: ! Imported function 'Unknown func id: 0x79d024f7' in 'white_lightning' module
LDR: ! Imported function 'Unknown func id: 0xc4d68d7f' in 'white_lightning' module
LDR: ! Imported function 'Unknown func id: 0xd9ce31ed' in 'white_lightning' module
LDR: ! Imported function 'sys_lwmutex_lock' in 'sysPrxForUser' module
LDR: ! Imported function 'sys_lwmutex_unlock' in 'sysPrxForUser' module
LDR: ! Imported function 'sys_lwcond_destroy' in 'sysPrxForUser' module
LDR: ! Imported function 'sys_ppu_thread_create' in 'sysPrxForUser' module
LDR: ! Imported function 'sys_prx_load_module' in 'sysPrxForUser' module
LDR: ! Imported function 'sys_lwcond_wait' in 'sysPrxForUser' module
LDR: ! Imported function '_sys_process_atexitspawn' in 'sysPrxForUser' module
LDR: ! Imported function 'sys_lwmutex_create' in 'sysPrxForUser' module
LDR: ! Imported function 'sys_ppu_thread_get_id' in 'sysPrxForUser' module
LDR: ! Imported function '_sys_heap_malloc' in 'sysPrxForUser' module
LDR: ! Imported function 'sys_mmapper_free_memory' in 'sysPrxForUser' module
LDR: ! Imported function 'sys_prx_register_library' in 'sysPrxForUser' module
LDR: ! Imported function '_sys_heap_memalign' in 'sysPrxForUser' module
LDR: ! Imported function '_sys_spu_printf_initialize' in 'sysPrxForUser' module
LDR: ! Imported function 'sys_mmapper_unmap_memory' in 'sysPrxForUser' module
LDR: ! Imported function 'sys_spinlock_unlock' in 'sysPrxForUser' module
LDR: ! Imported function 'sys_game_process_exitspawn2' in 'sysPrxForUser' module
LDR: ! Imported function 'sys_initialize_tls' in 'sysPrxForUser' module
LDR: ! Imported function 'sys_prx_stop_module' in 'sysPrxForUser' module
LDR: ! Imported function 'sys_time_get_system_time' in 'sysPrxForUser' module
LDR: W Unimplemented function '_sys_heap_free' in 'sysPrxForUser' module
LDR: ! Imported function 'sys_spinlock_initialize' in 'sysPrxForUser' module
LDR: ! Imported function '_sys_process_at_Exitspawn' in 'sysPrxForUser' module
LDR: ! Imported function 'sys_prx_start_module' in 'sysPrxForUser' module
LDR: ! Imported function 'sys_spinlock_lock' in 'sysPrxForUser' module
LDR: ! Imported function 'sys_prx_exitspawn_with_level' in 'sysPrxForUser' module
LDR: ! Imported function 'sys_ppu_thread_once' in 'sysPrxForUser' module
LDR: ! Imported function 'sys_lwmutex_trylock' in 'sysPrxForUser' module
LDR: W Unimplemented function '_sys_heap_delete_heap' in 'sysPrxForUser' module
LDR: ! Imported function 'sys_ppu_thread_exit' in 'sysPrxForUser' module
LDR: ! Imported function 'sys_mmapper_allocate_memory' in 'sysPrxForUser' module
LDR: ! Imported function '_sys_heap_create_heap' in 'sysPrxForUser' module
LDR: ! Imported function 'sys_lwmutex_destroy' in 'sysPrxForUser' module
LDR: ! Imported function 'sys_lwcond_create' in 'sysPrxForUser' module
LDR: ! Imported function 'sys_mmapper_map_memory' in 'sysPrxForUser' module
LDR: ! Imported function '_sys_spu_printf_finalize' in 'sysPrxForUser' module
LDR: ! Imported function 'sys_spu_image_close' in 'sysPrxForUser' module
LDR: ! Imported function 'sys_process_exit' in 'sysPrxForUser' module
LDR: ! Imported function 'sys_lwcond_signal_all' in 'sysPrxForUser' module
LDR: ! Imported function 'sys_prx_unload_module' in 'sysPrxForUser' module
HLE: W {PPU[1] Thread (CPUThread)[0x01594058]} sys_lwmutex warning: sys_lwmutex_create(lwmutex_addr=0x1514ba0, attr_addr=0xcc6210)
HLE: ! {PPU[1] Thread (CPUThread)[0x01594058]} sys_lwmutex: *** lwmutex created [_lc_mtx] (attribute=0x12): sq_id = 3
HLE: W {PPU[1] Thread (CPUThread)[0x00ab410c]} sys_memory warning: sys_memory_get_user_memory_size(mem_info_addr=0xd000fc04)
HLE: W {PPU[1] Thread (CPUThread)[0x01594058]} sys_lwmutex warning: sys_lwmutex_create(lwmutex_addr=0x15147e8, attr_addr=0xcc6210)
HLE: ! {PPU[1] Thread (CPUThread)[0x01594058]} sys_lwmutex: *** lwmutex created [_lc_mtx] (attribute=0x12): sq_id = 4
HLE: W {PPU[1] Thread (CPUThread)[0x01594058]} sys_lwmutex warning: sys_lwmutex_create(lwmutex_addr=0x1513b30, attr_addr=0xcc6210)
HLE: ! {PPU[1] Thread (CPUThread)[0x01594058]} sys_lwmutex: *** lwmutex created [_lc_mtx] (attribute=0x12): sq_id = 5
HLE: W {PPU[1] Thread (CPUThread)[0x01594058]} sys_lwmutex warning: sys_lwmutex_create(lwmutex_addr=0x1513b58, attr_addr=0xcc6210)
HLE: ! {PPU[1] Thread (CPUThread)[0x01594058]} sys_lwmutex: *** lwmutex created [_lc_mtx] (attribute=0x12): sq_id = 6
HLE: W {PPU[1] Thread (CPUThread)[0x01594058]} sys_lwmutex warning: sys_lwmutex_create(lwmutex_addr=0x1513b80, attr_addr=0xcc6210)
HLE: ! {PPU[1] Thread (CPUThread)[0x01594058]} sys_lwmutex: *** lwmutex created [_lc_mtx] (attribute=0x12): sq_id = 7
HLE: W {PPU[1] Thread (CPUThread)[0x01594058]} sys_lwmutex warning: sys_lwmutex_create(lwmutex_addr=0x1513a68, attr_addr=0xcc6210)
HLE: ! {PPU[1] Thread (CPUThread)[0x01594058]} sys_lwmutex: *** lwmutex created [_lc_mtx] (attribute=0x12): sq_id = 8
HLE: W {PPU[1] Thread (CPUThread)[0x01594058]} sys_lwmutex warning: sys_lwmutex_create(lwmutex_addr=0x1513a90, attr_addr=0xcc6210)
HLE: ! {PPU[1] Thread (CPUThread)[0x01594058]} sys_lwmutex: *** lwmutex created [_lc_mtx] (attribute=0x12): sq_id = 9
HLE: W {PPU[1] Thread (CPUThread)[0x01594058]} sys_lwmutex warning: sys_lwmutex_create(lwmutex_addr=0x1513ab8, attr_addr=0xcc6210)
HLE: ! {PPU[1] Thread (CPUThread)[0x01594058]} sys_lwmutex: *** lwmutex created [_lc_mtx] (attribute=0x12): sq_id = 10
HLE: W {PPU[1] Thread (CPUThread)[0x01594058]} sys_lwmutex warning: sys_lwmutex_create(lwmutex_addr=0x1513ae0, attr_addr=0xcc6210)
HLE: ! {PPU[1] Thread (CPUThread)[0x01594058]} sys_lwmutex: *** lwmutex created [_lc_mtx] (attribute=0x12): sq_id = 11
HLE: W {PPU[1] Thread (CPUThread)[0x01594058]} sys_lwmutex warning: sys_lwmutex_create(lwmutex_addr=0x1513b08, attr_addr=0xcc6210)
HLE: ! {PPU[1] Thread (CPUThread)[0x01594058]} sys_lwmutex: *** lwmutex created [_lc_mtx] (attribute=0x12): sq_id = 12
HLE: W {PPU[1] Thread (CPUThread)[0x01594058]} sys_lwmutex warning: sys_lwmutex_create(lwmutex_addr=0x30100020, attr_addr=0xcc6210)
HLE: ! {PPU[1] Thread (CPUThread)[0x01594058]} sys_lwmutex: *** lwmutex created [_lc_mtx] (attribute=0x12): sq_id = 13
HLE: W {PPU[1] Thread (CPUThread)[0x01594058]} sys_lwmutex warning: sys_lwmutex_create(lwmutex_addr=0x301000a0, attr_addr=0xcc6210)
HLE: ! {PPU[1] Thread (CPUThread)[0x01594058]} sys_lwmutex: *** lwmutex created [_lc_mtx] (attribute=0x12): sq_id = 14
HLE: W {PPU[1] Thread (CPUThread)[0x01594058]} sys_lwmutex warning: sys_lwmutex_create(lwmutex_addr=0x30100130, attr_addr=0xcc6210)
HLE: ! {PPU[1] Thread (CPUThread)[0x01594058]} sys_lwmutex: *** lwmutex created [_lc_mtx] (attribute=0x12): sq_id = 15
HLE: W {PPU[1] Thread (CPUThread)[0x01594058]} sys_lwmutex warning: sys_lwmutex_create(lwmutex_addr=0x30100190, attr_addr=0xcc6210)
HLE: ! {PPU[1] Thread (CPUThread)[0x01594058]} sys_lwmutex: *** lwmutex created [_lc_mtx] (attribute=0x12): sq_id = 16
HLE: W {PPU[1] Thread (CPUThread)[0x01594058]} sys_lwmutex warning: sys_lwmutex_create(lwmutex_addr=0x301001d0, attr_addr=0xcc6210)
HLE: ! {PPU[1] Thread (CPUThread)[0x01594058]} sys_lwmutex: *** lwmutex created [_lc_mtx] (attribute=0x12): sq_id = 17
HLE: W {PPU[1] Thread (CPUThread)[0x01594058]} sys_lwmutex warning: sys_lwmutex_create(lwmutex_addr=0x30100210, attr_addr=0xcc6210)
HLE: ! {PPU[1] Thread (CPUThread)[0x01594058]} sys_lwmutex: *** lwmutex created [_lc_mtx] (attribute=0x12): sq_id = 18
HLE: W {PPU[1] Thread (CPUThread)[0x01594058]} sys_lwmutex warning: sys_lwmutex_create(lwmutex_addr=0x301002d0, attr_addr=0xcc6210)
HLE: ! {PPU[1] Thread (CPUThread)[0x01594058]} sys_lwmutex: *** lwmutex created [_lc_mtx] (attribute=0x12): sq_id = 19
HLE: W {PPU[1] Thread (CPUThread)[0x01594058]} sys_lwmutex warning: sys_lwmutex_create(lwmutex_addr=0x30100300, attr_addr=0xcc6210)
HLE: ! {PPU[1] Thread (CPUThread)[0x01594058]} sys_lwmutex: *** lwmutex created [_lc_mtx] (attribute=0x12): sq_id = 20
HLE: W {PPU[1] Thread (CPUThread)[0x01594058]} sys_lwmutex warning: sys_lwmutex_create(lwmutex_addr=0x30100330, attr_addr=0xcc6210)
HLE: ! {PPU[1] Thread (CPUThread)[0x01594058]} sys_lwmutex: *** lwmutex created [_lc_mtx] (attribute=0x12): sq_id = 21
HLE: W {PPU[1] Thread (CPUThread)[0x01594058]} sys_lwmutex warning: sys_lwmutex_create(lwmutex_addr=0x30100360, attr_addr=0xcc6210)
HLE: ! {PPU[1] Thread (CPUThread)[0x01594058]} sys_lwmutex: *** lwmutex created [_lc_mtx] (attribute=0x12): sq_id = 22
HLE: W {PPU[1] Thread (CPUThread)[0x01594058]} sys_lwmutex warning: sys_lwmutex_create(lwmutex_addr=0x30100390, attr_addr=0xcc6210)
HLE: ! {PPU[1] Thread (CPUThread)[0x01594058]} sys_lwmutex: *** lwmutex created [_lc_mtx] (attribute=0x12): sq_id = 23
HLE: W {PPU[1] Thread (CPUThread)[0x01594058]} sys_lwmutex warning: sys_lwmutex_create(lwmutex_addr=0x301003c0, attr_addr=0xcc6210)
HLE: ! {PPU[1] Thread (CPUThread)[0x01594058]} sys_lwmutex: *** lwmutex created [_lc_mtx] (attribute=0x12): sq_id = 24
HLE: W {PPU[1] Thread (CPUThread)[0x01594058]} sys_lwmutex warning: sys_lwmutex_create(lwmutex_addr=0x14efa08, attr_addr=0xd000fbe8)
HLE: ! {PPU[1] Thread (CPUThread)[0x01594058]} sys_lwmutex: *** lwmutex created [] (attribute=0x12): sq_id = 25
HLE: W {PPU[1] Thread (CPUThread)[0x01594058]} sys_lwmutex warning: sys_lwmutex_create(lwmutex_addr=0x14ef5e0, attr_addr=0xd000fbe8)
HLE: ! {PPU[1] Thread (CPUThread)[0x01594058]} sys_lwmutex: *** lwmutex created [] (attribute=0x12): sq_id = 26
HLE: W {PPU[1] Thread (CPUThread)[0x01594058]} sys_lwmutex warning: sys_lwmutex_create(lwmutex_addr=0x147e7a0, attr_addr=0xd000fbf0)
HLE: ! {PPU[1] Thread (CPUThread)[0x01594058]} sys_lwmutex: *** lwmutex created [] (attribute=0x12): sq_id = 27
HLE: W {PPU[1] Thread (CPUThread)[0x01594058]} sys_lwmutex warning: sys_lwmutex_create(lwmutex_addr=0x1470470, attr_addr=0xd000fb50)
HLE: ! {PPU[1] Thread (CPUThread)[0x01594058]} sys_lwmutex: *** lwmutex created [] (attribute=0x12): sq_id = 28
HLE: W {PPU[1] Thread (CPUThread)[0x01594058]} sys_lwmutex warning: sys_lwmutex_create(lwmutex_addr=0x11ff908, attr_addr=0xd000fac0)
HLE: ! {PPU[1] Thread (CPUThread)[0x01594058]} sys_lwmutex: *** lwmutex created [] (attribute=0x12): sq_id = 29
HLE: W {PPU[1] Thread (CPUThread)[0x01594058]} sys_lwmutex warning: sys_lwmutex_create(lwmutex_addr=0x14589c8, attr_addr=0xd000fbe0)
HLE: ! {PPU[1] Thread (CPUThread)[0x01594058]} sys_lwmutex: *** lwmutex created [] (attribute=0x12): sq_id = 30
HLE: W {PPU[1] Thread (CPUThread)[0x01594058]} sys_lwmutex warning: sys_lwmutex_create(lwmutex_addr=0x14586b0, attr_addr=0xd000fbe0)
HLE: ! {PPU[1] Thread (CPUThread)[0x01594058]} sys_lwmutex: *** lwmutex created [] (attribute=0x12): sq_id = 31
HLE: W {PPU[1] Thread (CPUThread)[0x01594058]} sys_lwmutex warning: sys_lwmutex_create(lwmutex_addr=0x14586f0, attr_addr=0xd000fbd0)
HLE: ! {PPU[1] Thread (CPUThread)[0x01594058]} sys_lwmutex: *** lwmutex created [] (attribute=0x12): sq_id = 32
HLE: W {PPU[1] Thread (CPUThread)[0x01594058]} sys_lwmutex warning: sys_lwmutex_create(lwmutex_addr=0x1458638, attr_addr=0xd000fbe0)
HLE: ! {PPU[1] Thread (CPUThread)[0x01594058]} sys_lwmutex: *** lwmutex created [] (attribute=0x12): sq_id = 33
HLE: W {PPU[1] Thread (CPUThread)[0x01594058]} sys_lwmutex warning: sys_lwmutex_create(lwmutex_addr=0x1458668, attr_addr=0xd000fbd0)
HLE: ! {PPU[1] Thread (CPUThread)[0x01594058]} sys_lwmutex: *** lwmutex created [] (attribute=0x12): sq_id = 34
HLE: W {PPU[1] Thread (CPUThread)[0x01594058]} sys_lwmutex warning: sys_lwmutex_create(lwmutex_addr=0x1458138, attr_addr=0xd000fbc0)
HLE: ! {PPU[1] Thread (CPUThread)[0x01594058]} sys_lwmutex: *** lwmutex created [] (attribute=0x12): sq_id = 35
HLE: W {PPU[1] Thread (CPUThread)[0x01594058]} sys_lwmutex warning: sys_lwmutex_create(lwmutex_addr=0x1458590, attr_addr=0xd000fbb0)
HLE: ! {PPU[1] Thread (CPUThread)[0x01594058]} sys_lwmutex: *** lwmutex created [] (attribute=0x12): sq_id = 36
HLE: W {PPU[1] Thread (CPUThread)[0x01594058]} sys_lwmutex warning: sys_lwmutex_create(lwmutex_addr=0x14585b0, attr_addr=0xd000fba0)
HLE: ! {PPU[1] Thread (CPUThread)[0x01594058]} sys_lwmutex: *** lwmutex created [] (attribute=0x12): sq_id = 37
HLE: W {PPU[1] Thread (CPUThread)[0x01594058]} sys_lwmutex warning: sys_lwmutex_create(lwmutex_addr=0x14585d0, attr_addr=0xd000fb90)
HLE: ! {PPU[1] Thread (CPUThread)[0x01594058]} sys_lwmutex: *** lwmutex created [] (attribute=0x12): sq_id = 38
HLE: W {PPU[1] Thread (CPUThread)[0x01594058]} sys_lwmutex warning: sys_lwmutex_create(lwmutex_addr=0x14585f0, attr_addr=0xd000fb80)
HLE: ! {PPU[1] Thread (CPUThread)[0x01594058]} sys_lwmutex: *** lwmutex created [] (attribute=0x12): sq_id = 39
HLE: W {PPU[1] Thread (CPUThread)[0x01594058]} sys_lwmutex warning: sys_lwmutex_create(lwmutex_addr=0x14580f8, attr_addr=0xd000fbf0)
HLE: ! {PPU[1] Thread (CPUThread)[0x01594058]} sys_lwmutex: *** lwmutex created [] (attribute=0x12): sq_id = 40
HLE: W {PPU[1] Thread (CPUThread)[0x01594058]} sys_lwmutex warning: sys_lwmutex_create(lwmutex_addr=0x13a8b30, attr_addr=0x13a8b48)
HLE: ! {PPU[1] Thread (CPUThread)[0x01594058]} sys_lwmutex: *** lwmutex created [] (attribute=0x11): sq_id = 41
HLE: W {PPU[1] Thread (CPUThread)[0x01594058]} sys_lwmutex warning: sys_lwmutex_create(lwmutex_addr=0x13a2c88, attr_addr=0x13a8b48)
HLE: ! {PPU[1] Thread (CPUThread)[0x01594058]} sys_lwmutex: *** lwmutex created [] (attribute=0x11): sq_id = 42
HLE: W {PPU[1] Thread (CPUThread)[0x01594058]} sys_lwmutex warning: sys_lwmutex_create(lwmutex_addr=0x13a2ca0, attr_addr=0x13a8b48)
HLE: ! {PPU[1] Thread (CPUThread)[0x01594058]} sys_lwmutex: *** lwmutex created [] (attribute=0x11): sq_id = 43
HLE: W {PPU[1] Thread (CPUThread)[0x01594058]} sys_lwmutex warning: sys_lwmutex_create(lwmutex_addr=0x13a2cb8, attr_addr=0x13a8b48)
HLE: ! {PPU[1] Thread (CPUThread)[0x01594058]} sys_lwmutex: *** lwmutex created [] (attribute=0x11): sq_id = 44
HLE: W {PPU[1] Thread (CPUThread)[0x01594058]} sys_lwmutex warning: sys_lwmutex_create(lwmutex_addr=0x13a2cd0, attr_addr=0x13a8b48)
HLE: ! {PPU[1] Thread (CPUThread)[0x01594058]} sys_lwmutex: *** lwmutex created [] (attribute=0x11): sq_id = 45
HLE: W {PPU[1] Thread (CPUThread)[0x01594058]} sys_lwmutex warning: sys_lwmutex_create(lwmutex_addr=0x13a2ce8, attr_addr=0x13a8b48)
HLE: ! {PPU[1] Thread (CPUThread)[0x01594058]} sys_lwmutex: *** lwmutex created [] (attribute=0x11): sq_id = 46
HLE: W {PPU[1] Thread (CPUThread)[0x01594058]} sys_lwmutex warning: sys_lwmutex_create(lwmutex_addr=0x13a2d00, attr_addr=0x13a8b48)
HLE: ! {PPU[1] Thread (CPUThread)[0x01594058]} sys_lwmutex: *** lwmutex created [] (attribute=0x11): sq_id = 47
HLE: W {PPU[1] Thread (CPUThread)[0x01594058]} sys_lwmutex warning: sys_lwmutex_create(lwmutex_addr=0x13a2d18, attr_addr=0x13a8b48)
HLE: ! {PPU[1] Thread (CPUThread)[0x01594058]} sys_lwmutex: *** lwmutex created [] (attribute=0x11): sq_id = 48
HLE: W {PPU[1] Thread (CPUThread)[0x01594058]} sys_lwmutex warning: sys_lwmutex_create(lwmutex_addr=0x13a2d30, attr_addr=0x13a8b48)
HLE: ! {PPU[1] Thread (CPUThread)[0x01594058]} sys_lwmutex: *** lwmutex created [] (attribute=0x11): sq_id = 49
HLE: W {PPU[1] Thread (CPUThread)[0x01594058]} sys_lwmutex warning: sys_lwmutex_create(lwmutex_addr=0x13a2d48, attr_addr=0x13a8b48)
HLE: ! {PPU[1] Thread (CPUThread)[0x01594058]} sys_lwmutex: *** lwmutex created [] (attribute=0x11): sq_id = 50
HLE: W {PPU[1] Thread (CPUThread)[0x01594058]} sys_lwmutex warning: sys_lwmutex_create(lwmutex_addr=0x13a2d60, attr_addr=0x13a8b48)
HLE: ! {PPU[1] Thread (CPUThread)[0x01594058]} sys_lwmutex: *** lwmutex created [] (attribute=0x11): sq_id = 51
HLE: W {PPU[1] Thread (CPUThread)[0x01594058]} sys_lwmutex warning: sys_lwmutex_create(lwmutex_addr=0x13a2d78, attr_addr=0x13a8b48)
HLE: ! {PPU[1] Thread (CPUThread)[0x01594058]} sys_lwmutex: *** lwmutex created [] (attribute=0x11): sq_id = 52
HLE: W {PPU[1] Thread (CPUThread)[0x01594058]} sys_lwmutex warning: sys_lwmutex_create(lwmutex_addr=0x13a2d90, attr_addr=0x13a8b48)
HLE: ! {PPU[1] Thread (CPUThread)[0x01594058]} sys_lwmutex: *** lwmutex created [] (attribute=0x11): sq_id = 53
HLE: W {PPU[1] Thread (CPUThread)[0x01594058]} sys_lwmutex warning: sys_lwmutex_create(lwmutex_addr=0x13a2da8, attr_addr=0x13a8b48)
HLE: ! {PPU[1] Thread (CPUThread)[0x01594058]} sys_lwmutex: *** lwmutex created [] (attribute=0x11): sq_id = 54
HLE: W {PPU[1] Thread (CPUThread)[0x01594058]} sys_lwmutex warning: sys_lwmutex_create(lwmutex_addr=0x13a2dc0, attr_addr=0x13a8b48)
HLE: ! {PPU[1] Thread (CPUThread)[0x01594058]} sys_lwmutex: *** lwmutex created [] (attribute=0x11): sq_id = 55
HLE: W {PPU[1] Thread (CPUThread)[0x01594058]} sys_lwmutex warning: sys_lwmutex_create(lwmutex_addr=0x13a2dd8, attr_addr=0x13a8b48)
HLE: ! {PPU[1] Thread (CPUThread)[0x01594058]} sys_lwmutex: *** lwmutex created [] (attribute=0x11): sq_id = 56
HLE: W {PPU[1] Thread (CPUThread)[0x01594058]} sys_lwmutex warning: sys_lwmutex_create(lwmutex_addr=0x13a2df0, attr_addr=0x13a8b48)
HLE: ! {PPU[1] Thread (CPUThread)[0x01594058]} sys_lwmutex: *** lwmutex created [] (attribute=0x11): sq_id = 57
HLE: W {PPU[1] Thread (CPUThread)[0x01594058]} sys_lwmutex warning: sys_lwmutex_create(lwmutex_addr=0x13a2e08, attr_addr=0x13a8b48)
HLE: ! {PPU[1] Thread (CPUThread)[0x01594058]} sys_lwmutex: *** lwmutex created [] (attribute=0x11): sq_id = 58
HLE: W {PPU[1] Thread (CPUThread)[0x01594058]} sys_lwmutex warning: sys_lwmutex_create(lwmutex_addr=0x13a2e20, attr_addr=0x13a8b48)
HLE: ! {PPU[1] Thread (CPUThread)[0x01594058]} sys_lwmutex: *** lwmutex created [] (attribute=0x11): sq_id = 59
HLE: W {PPU[1] Thread (CPUThread)[0x01594058]} sys_lwmutex warning: sys_lwmutex_create(lwmutex_addr=0x13f71e0, attr_addr=0xd000fbf0)
HLE: ! {PPU[1] Thread (CPUThread)[0x01594058]} sys_lwmutex: *** lwmutex created [] (attribute=0x12): sq_id = 60
HLE: W {PPU[1] Thread (CPUThread)[0x01594058]} sys_lwmutex warning: sys_lwmutex_create(lwmutex_addr=0x13f4f48, attr_addr=0xd000fbf0)
HLE: ! {PPU[1] Thread (CPUThread)[0x01594058]} sys_lwmutex: *** lwmutex created [] (attribute=0x12): sq_id = 61
HLE: W {PPU[1] Thread (CPUThread)[0x01594058]} sys_lwmutex warning: sys_lwmutex_create(lwmutex_addr=0x13a2e38, attr_addr=0x13a8b48)
HLE: ! {PPU[1] Thread (CPUThread)[0x01594058]} sys_lwmutex: *** lwmutex created [] (attribute=0x11): sq_id = 62
HLE: W {PPU[1] Thread (CPUThread)[0x01594058]} sys_lwmutex warning: sys_lwmutex_create(lwmutex_addr=0x13a2e50, attr_addr=0x13a8b48)
HLE: ! {PPU[1] Thread (CPUThread)[0x01594058]} sys_lwmutex: *** lwmutex created [] (attribute=0x11): sq_id = 63
HLE: W {PPU[1] Thread (CPUThread)[0x01594058]} sys_lwmutex warning: sys_lwmutex_create(lwmutex_addr=0x13a2e68, attr_addr=0x13a8b48)
HLE: ! {PPU[1] Thread (CPUThread)[0x01594058]} sys_lwmutex: *** lwmutex created [] (attribute=0x11): sq_id = 64
HLE: W {PPU[1] Thread (CPUThread)[0x01594058]} sys_lwmutex warning: sys_lwmutex_create(lwmutex_addr=0x13a2e80, attr_addr=0x13a8b48)
HLE: ! {PPU[1] Thread (CPUThread)[0x01594058]} sys_lwmutex: *** lwmutex created [] (attribute=0x11): sq_id = 65
HLE: W {PPU[1] Thread (CPUThread)[0x01594058]} sys_lwmutex warning: sys_lwmutex_create(lwmutex_addr=0x13a2e98, attr_addr=0x13a8b48)
HLE: ! {PPU[1] Thread (CPUThread)[0x01594058]} sys_lwmutex: *** lwmutex created [] (attribute=0x11): sq_id = 66
HLE: W {PPU[1] Thread (CPUThread)[0x01594058]} sys_lwmutex warning: sys_lwmutex_create(lwmutex_addr=0x13a2eb0, attr_addr=0x13a8b48)
HLE: ! {PPU[1] Thread (CPUThread)[0x01594058]} sys_lwmutex: *** lwmutex created [] (attribute=0x11): sq_id = 67
HLE: W {PPU[1] Thread (CPUThread)[0x01594058]} sys_lwmutex warning: sys_lwmutex_create(lwmutex_addr=0x13a2ec8, attr_addr=0x13a8b48)
HLE: ! {PPU[1] Thread (CPUThread)[0x01594058]} sys_lwmutex: *** lwmutex created [] (attribute=0x11): sq_id = 68
HLE: W {PPU[1] Thread (CPUThread)[0x01594058]} sys_lwmutex warning: sys_lwmutex_create(lwmutex_addr=0x13a2ee0, attr_addr=0x13a8b48)
HLE: ! {PPU[1] Thread (CPUThread)[0x01594058]} sys_lwmutex: *** lwmutex created [] (attribute=0x11): sq_id = 69
HLE: W {PPU[1] Thread (CPUThread)[0x01594058]} sys_lwmutex warning: sys_lwmutex_create(lwmutex_addr=0x13a2ef8, attr_addr=0x13a8b48)
HLE: ! {PPU[1] Thread (CPUThread)[0x01594058]} sys_lwmutex: *** lwmutex created [] (attribute=0x11): sq_id = 70
HLE: W {PPU[1] Thread (CPUThread)[0x01594058]} sys_lwmutex warning: sys_lwmutex_create(lwmutex_addr=0x13a2f10, attr_addr=0x13a8b48)
HLE: ! {PPU[1] Thread (CPUThread)[0x01594058]} sys_lwmutex: *** lwmutex created [] (attribute=0x11): sq_id = 71
HLE: W {PPU[1] Thread (CPUThread)[0x01594058]} sys_lwmutex warning: sys_lwmutex_create(lwmutex_addr=0x13a2be8, attr_addr=0xd000fbf0)
HLE: ! {PPU[1] Thread (CPUThread)[0x01594058]} sys_lwmutex: *** lwmutex created [] (attribute=0x12): sq_id = 72
HLE: W {PPU[1] Thread (CPUThread)[0x01594058]} sys_lwmutex warning: sys_lwmutex_create(lwmutex_addr=0x13a2bd0, attr_addr=0xd000fbe0)
HLE: ! {PPU[1] Thread (CPUThread)[0x01594058]} sys_lwmutex: *** lwmutex created [] (attribute=0x12): sq_id = 73
HLE: W {PPU[1] Thread (CPUThread)[0x01594058]} sys_lwmutex warning: sys_lwmutex_create(lwmutex_addr=0x13a2f28, attr_addr=0x13a8b48)
HLE: ! {PPU[1] Thread (CPUThread)[0x01594058]} sys_lwmutex: *** lwmutex created [] (attribute=0x11): sq_id = 74
HLE: W {PPU[1] Thread (CPUThread)[0x01594058]} sys_lwmutex warning: sys_lwmutex_create(lwmutex_addr=0x13a2f40, attr_addr=0x13a8b48)
HLE: ! {PPU[1] Thread (CPUThread)[0x01594058]} sys_lwmutex: *** lwmutex created [] (attribute=0x11): sq_id = 75
HLE: W {PPU[1] Thread (CPUThread)[0x01594058]} sys_lwmutex warning: sys_lwmutex_create(lwmutex_addr=0x13a2f58, attr_addr=0x13a8b48)
HLE: ! {PPU[1] Thread (CPUThread)[0x01594058]} sys_lwmutex: *** lwmutex created [] (attribute=0x11): sq_id = 76
HLE: W {PPU[1] Thread (CPUThread)[0x01594058]} sys_lwmutex warning: sys_lwmutex_create(lwmutex_addr=0x13a2f70, attr_addr=0x13a8b48)
HLE: ! {PPU[1] Thread (CPUThread)[0x01594058]} sys_lwmutex: *** lwmutex created [] (attribute=0x11): sq_id = 77
HLE: W {PPU[1] Thread (CPUThread)[0x01594058]} sys_lwmutex warning: sys_lwmutex_create(lwmutex_addr=0x13a2f88, attr_addr=0x13a8b48)
HLE: ! {PPU[1] Thread (CPUThread)[0x01594058]} sys_lwmutex: *** lwmutex created [] (attribute=0x11): sq_id = 78
HLE: W {PPU[1] Thread (CPUThread)[0x01594058]} sys_lwmutex warning: sys_lwmutex_create(lwmutex_addr=0x13a2fa0, attr_addr=0x13a8b48)
HLE: ! {PPU[1] Thread (CPUThread)[0x01594058]} sys_lwmutex: *** lwmutex created [] (attribute=0x11): sq_id = 79
HLE: W {PPU[1] Thread (CPUThread)[0x01594058]} sys_lwmutex warning: sys_lwmutex_create(lwmutex_addr=0x13a2fb8, attr_addr=0x13a8b48)
HLE: ! {PPU[1] Thread (CPUThread)[0x01594058]} sys_lwmutex: *** lwmutex created [] (attribute=0x11): sq_id = 80
HLE: W {PPU[1] Thread (CPUThread)[0x01594058]} sys_lwmutex warning: sys_lwmutex_create(lwmutex_addr=0x13a2fd0, attr_addr=0x13a8b48)
HLE: ! {PPU[1] Thread (CPUThread)[0x01594058]} sys_lwmutex: *** lwmutex created [] (attribute=0x11): sq_id = 81
HLE: W {PPU[1] Thread (CPUThread)[0x01594058]} sys_lwmutex warning: sys_lwmutex_create(lwmutex_addr=0x13a2fe8, attr_addr=0x13a8b48)
HLE: ! {PPU[1] Thread (CPUThread)[0x01594058]} sys_lwmutex: *** lwmutex created [] (attribute=0x11): sq_id = 82
HLE: W {PPU[1] Thread (CPUThread)[0x01594058]} sys_lwmutex warning: sys_lwmutex_create(lwmutex_addr=0x13a3000, attr_addr=0x13a8b48)
HLE: ! {PPU[1] Thread (CPUThread)[0x01594058]} sys_lwmutex: *** lwmutex created [] (attribute=0x11): sq_id = 83
HLE: W {PPU[1] Thread (CPUThread)[0x01594058]} sys_lwmutex warning: sys_lwmutex_create(lwmutex_addr=0x13a3018, attr_addr=0x13a8b48)
HLE: ! {PPU[1] Thread (CPUThread)[0x01594058]} sys_lwmutex: *** lwmutex created [] (attribute=0x11): sq_id = 84
HLE: W {PPU[1] Thread (CPUThread)[0x01594058]} sys_lwmutex warning: sys_lwmutex_create(lwmutex_addr=0x13a3030, attr_addr=0x13a8b48)
HLE: ! {PPU[1] Thread (CPUThread)[0x01594058]} sys_lwmutex: *** lwmutex created [] (attribute=0x11): sq_id = 85
HLE: W {PPU[1] Thread (CPUThread)[0x01594058]} sys_lwmutex warning: sys_lwmutex_create(lwmutex_addr=0x13a3048, attr_addr=0x13a8b48)
HLE: ! {PPU[1] Thread (CPUThread)[0x01594058]} sys_lwmutex: *** lwmutex created [] (attribute=0x11): sq_id = 86
HLE: W {PPU[1] Thread (CPUThread)[0x01594058]} sys_lwmutex warning: sys_lwmutex_create(lwmutex_addr=0x13a3060, attr_addr=0x13a8b48)
HLE: ! {PPU[1] Thread (CPUThread)[0x01594058]} sys_lwmutex: *** lwmutex created [] (attribute=0x11): sq_id = 87
HLE: W {PPU[1] Thread (CPUThread)[0x01594058]} sys_lwmutex warning: sys_lwmutex_create(lwmutex_addr=0x13a3078, attr_addr=0x13a8b48)
HLE: ! {PPU[1] Thread (CPUThread)[0x01594058]} sys_lwmutex: *** lwmutex created [] (attribute=0x11): sq_id = 88
HLE: W {PPU[1] Thread (CPUThread)[0x01594058]} sys_lwmutex warning: sys_lwmutex_create(lwmutex_addr=0x13a3090, attr_addr=0x13a8b48)
HLE: ! {PPU[1] Thread (CPUThread)[0x01594058]} sys_lwmutex: *** lwmutex created [] (attribute=0x11): sq_id = 89
HLE: E {PPU[1] Thread (CPUThread)[0x01594088]} sys_prx TODO: sys_prx_register_library(lib_addr=0xc23a40)
HLE: E {PPU[1] Thread (CPUThread)[0x01594088]} sys_prx TODO: sys_prx_register_library(lib_addr=0xc23a24)
HLE: W {PPU[1] Thread (CPUThread)[0x0156c010]} cellSysmodule warning: cellSysmoduleLoadModule(CELL_SYSMODULE_FS)
HLE: W {PPU[1] Thread (CPUThread)[0x0156c010]} cellSysmodule warning: cellSysmoduleLoadModule(CELL_SYSMODULE_AVCONF_EXT)
HLE: W {PPU[1] Thread (CPUThread)[0x0156c010]} cellSysmodule warning: cellSysmoduleLoadModule(CELL_SYSMODULE_SYSUTIL_NP_TROPHY)
HLE: W {PPU[1] Thread (CPUThread)[0x0156c010]} cellSysmodule warning: cellSysmoduleLoadModule(CELL_SYSMODULE_SYSUTIL_GAME)
HLE: W {PPU[1] Thread (CPUThread)[0x0156c010]} cellSysmodule warning: cellSysmoduleLoadModule(CELL_SYSMODULE_SYSUTIL_USERINFO)
HLE: W {PPU[1] Thread (CPUThread)[0x0156a058]} sys_fs warning: cellFsStat(path="/app_home/PS3_GAME/USRDIR/.communicator", sb_addr=0xd000fb40)
HLE: W {PPU[1] Thread (CPUThread)[0x0156a058]} sys_fs warning: cellFsStat: "/app_home/PS3_GAME/USRDIR/.communicator" not found.
HLE: W {PPU[1] Thread (CPUThread)[0x009207c0]} sys_memory warning: sys_memory_get_user_memory_size(mem_info_addr=0xd000fbd8)
HLE: W {PPU[1] Thread (CPUThread)[0x00920824]} sys_memory warning: sys_memory_get_user_memory_size(mem_info_addr=0xd000fbd0)
HLE: W {PPU[1] Thread (CPUThread)[0x0159416c]} sys_mmapper warning: sys_mmapper_allocate_memory(size=0xa400000, flags=0x400, mem_id_addr=0x1472900)
HLE: W {PPU[1] Thread (CPUThread)[0x00920910]} sys_mmapper warning: sys_mmapper_allocate_address(size=0x10000000, flags=0x40f, alignment=0x10000000, alloc_addr=0x1472904)
HLE: W {PPU[1] Thread (CPUThread)[0x0159419c]} sys_mmapper warning: sys_mmapper_map_memory(start_addr=0x0, mem_id=0x5a, flags=0x40000)
HLE: E {PPU[1] Thread (CPUThread)[0x0159419c]} sys_mmapper error: sys_mmapper_map_memory failed!
HLE: W {PPU[1] Thread (CPUThread)[0x0156613c]} cellGcmSys warning: cellGcmMapLocalMemory(address=0xd000fad0, size=0xd000fad4)
HLE: W {PPU[1] Thread (CPUThread)[0x0155c0b8]} cellSysutil warning: cellSysutilRegisterCallback(slot=0, func_addr=0x1197290, userdata=0x0)
HLE: W {PPU[1] Thread (CPUThread)[0x00920c74]} sys_spu warning: sys_spu_initialize(max_usable_spu=6, max_raw_spu=0)
HLE: W {PPU[1] Thread (CPUThread)[0x01568154]} cellSpurs warning: _cellSpursAttributeInitialize(attr_addr=0xd000f850, revision=2, sdkVersion=0x330000, nSpus=5, spuPriority=0, ppuPriority=1, exitIfNoWork=0)
HLE: W {PPU[1] Thread (CPUThread)[0x01568010]} cellSpurs warning: cellSpursAttributeSetNamePrefix(attr_addr=0xd000f850, prefix_addr=0xcb4790, size=9)
HLE: W {PPU[1] Thread (CPUThread)[0x01568190]} cellSpurs warning: cellSpursAttributeSetSpuThreadGroupType(attr_addr=0xd000f850, type=24)
HLE: W {PPU[1] Thread (CPUThread)[0x0156819c]} cellSpurs warning: cellSpursInitializeWithAttribute(spurs_addr=0x1470900, attr_addr=0xd000f850)
HLE: ! {PPU[1] Thread (CPUThread)[0x0156819c]} sys_semaphore: *** semaphore created [_spuWkl] (protocol=0x2): id = 91
HLE: ! {PPU[1] Thread (CPUThread)[0x0156819c]} sys_semaphore: *** semaphore created [_spuWkl] (protocol=0x2): id = 92
HLE: ! {PPU[1] Thread (CPUThread)[0x0156819c]} sys_semaphore: *** semaphore created [_spuWkl] (protocol=0x2): id = 93
HLE: ! {PPU[1] Thread (CPUThread)[0x0156819c]} sys_semaphore: *** semaphore created [_spuWkl] (protocol=0x2): id = 94
HLE: ! {PPU[1] Thread (CPUThread)[0x0156819c]} sys_semaphore: *** semaphore created [_spuWkl] (protocol=0x2): id = 95
HLE: ! {PPU[1] Thread (CPUThread)[0x0156819c]} sys_semaphore: *** semaphore created [_spuWkl] (protocol=0x2): id = 96
HLE: ! {PPU[1] Thread (CPUThread)[0x0156819c]} sys_semaphore: *** semaphore created [_spuWkl] (protocol=0x2): id = 97
HLE: ! {PPU[1] Thread (CPUThread)[0x0156819c]} sys_semaphore: *** semaphore created [_spuWkl] (protocol=0x2): id = 98
HLE: ! {PPU[1] Thread (CPUThread)[0x0156819c]} sys_semaphore: *** semaphore created [_spuWkl] (protocol=0x2): id = 99
HLE: ! {PPU[1] Thread (CPUThread)[0x0156819c]} sys_semaphore: *** semaphore created [_spuWkl] (protocol=0x2): id = 100
HLE: ! {PPU[1] Thread (CPUThread)[0x0156819c]} sys_semaphore: *** semaphore created [_spuWkl] (protocol=0x2): id = 101
HLE: ! {PPU[1] Thread (CPUThread)[0x0156819c]} sys_semaphore: *** semaphore created [_spuWkl] (protocol=0x2): id = 102
HLE: ! {PPU[1] Thread (CPUThread)[0x0156819c]} sys_semaphore: *** semaphore created [_spuWkl] (protocol=0x2): id = 103
HLE: ! {PPU[1] Thread (CPUThread)[0x0156819c]} sys_semaphore: *** semaphore created [_spuWkl] (protocol=0x2): id = 104
HLE: ! {PPU[1] Thread (CPUThread)[0x0156819c]} sys_semaphore: *** semaphore created [_spuWkl] (protocol=0x2): id = 105
HLE: ! {PPU[1] Thread (CPUThread)[0x0156819c]} sys_semaphore: *** semaphore created [_spuWkl] (protocol=0x2): id = 106
HLE: ! {PPU[1] Thread (CPUThread)[0x0156819c]} sys_semaphore: *** semaphore created [_spuPrv] (protocol=0x2): id = 107
HLE: E {PPU[1] Thread (CPUThread)[0x0156819c]} sys_spu TODO: Unsupported SPU Thread Group type (0x18)
HLE: ! {PPU[1] Thread (CPUThread)[0x0156819c]} sys_spu: *** SPU Thread Group created [UserSpursCellSpursKernelGroup] (num=5, prio=0, type=0x18, container=0): id=108
HLE: E {PPU[1] Thread (CPUThread)[0x0156819c]} sys_spu TODO: Unsupported SPU Thread options (0x2)
HLE: W {PPU[1] Thread (CPUThread)[0x0156819c]} sys_spu warning: *** New SPU Thread [UserSpursCellSpursKernel0] (ep=0x0, opt=0x2, a1=0x0, a2=0x0, a3=0x0, a4=0x0): id=109
HLE: E {PPU[1] Thread (CPUThread)[0x0156819c]} sys_spu TODO: Unsupported SPU Thread options (0x2)
HLE: W {PPU[1] Thread (CPUThread)[0x0156819c]} sys_spu warning: *** New SPU Thread [UserSpursCellSpursKernel1] (ep=0x0, opt=0x2, a1=0x0, a2=0x0, a3=0x0, a4=0x0): id=110
HLE: E {PPU[1] Thread (CPUThread)[0x0156819c]} sys_spu TODO: Unsupported SPU Thread options (0x2)
HLE: W {PPU[1] Thread (CPUThread)[0x0156819c]} sys_spu warning: *** New SPU Thread [UserSpursCellSpursKernel2] (ep=0x0, opt=0x2, a1=0x0, a2=0x0, a3=0x0, a4=0x0): id=111
HLE: E {PPU[1] Thread (CPUThread)[0x0156819c]} sys_spu TODO: Unsupported SPU Thread options (0x2)
HLE: W {PPU[1] Thread (CPUThread)[0x0156819c]} sys_spu warning: *** New SPU Thread [UserSpursCellSpursKernel3] (ep=0x0, opt=0x2, a1=0x0, a2=0x0, a3=0x0, a4=0x0): id=112
HLE: E {PPU[1] Thread (CPUThread)[0x0156819c]} sys_spu TODO: Unsupported SPU Thread options (0x2)
HLE: W {PPU[1] Thread (CPUThread)[0x0156819c]} sys_spu warning: *** New SPU Thread [UserSpursCellSpursKernel4] (ep=0x0, opt=0x2, a1=0x0, a2=0x0, a3=0x0, a4=0x0): id=113
HLE: ! {PPU[1] Thread (CPUThread)[0x0156819c]} sys_lwmutex: *** lwmutex created [_spuPrv] (attribute=0x22): sq_id = 114
HLE: W {PPU[1] Thread (CPUThread)[0x0156819c]} sys_lwcond warning: *** lwcond created [_spuPrv] (lwmutex_addr=0x14716b0): id = 115
HLE: W {PPU[1] Thread (CPUThread)[0x0156819c]} sys_event warning: *** event_queue created [_spuPrv] (protocol=0x1, type=0x1, key=0x0, size=0x2a): id = 116
HLE: W {PPU[1] Thread (CPUThread)[0x0156819c]} sys_spu warning: sys_spu_thread_group_connect_event_all_threads(id=108, eq_id=116, req=0xffffffffffff0000, spup_addr=0x14709c9)
HLE: W {PPU[1] Thread (CPUThread)[0x0156819c]} sys_spu warning: *** spup -> 16
HLE: W {PPU[1] Thread (CPUThread)[0x0156819c]} sys_event warning: *** sys_event_port created: id = 117
HLE: W {PPU[1] Thread (CPUThread)[0x0156819c]} sys_event warning: sys_event_port_connect_local(eport_id=117, equeue_id=116)
HLE: ! {PPU[1] Thread (CPUThread)[0x0156819c]} sys_ppu_thread: *** New PPU Thread [UserSpursSpursHdlr0] (joinable, entry=0x0): id = 118
HLE: ! {PPU[1] Thread (CPUThread)[0x0156819c]} sys_ppu_thread: *** New PPU Thread [UserSpursSpursHdlr1] (joinable, entry=0x0): id = 119
HLE: E {PPU[1] Thread (CPUThread)[0x0156819c]} sys_spu TODO: sys_spu_thread_group_connect_event(id=108, eq=116, et=0x2)
HLE: W {PPU[1] Thread (CPUThread)[0x01568154]} cellSpurs warning: _cellSpursAttributeInitialize(attr_addr=0xd000fa50, revision=2, sdkVersion=0x330000, nSpus=1, spuPriority=128, ppuPriority=1, exitIfNoWork=0)
HLE: W {PPU[1] Thread (CPUThread)[0x01568010]} cellSpurs warning: cellSpursAttributeSetNamePrefix(attr_addr=0xd000fa50, prefix_addr=0xcb47a0, size=11)
HLE: W {PPU[1] Thread (CPUThread)[0x01568190]} cellSpurs warning: cellSpursAttributeSetSpuThreadGroupType(attr_addr=0xd000f850, type=0)
HLE: W {PPU[1] Thread (CPUThread)[0x0156819c]} cellSpurs warning: cellSpursInitializeWithAttribute(spurs_addr=0x1471900, attr_addr=0xd000fa50)
HLE: ! {PPU[1] Thread (CPUThread)[0x0156819c]} sys_semaphore: *** semaphore created [_spuWkl] (protocol=0x2): id = 120
HLE: ! {PPU[1] Thread (CPUThread)[0x0156819c]} sys_semaphore: *** semaphore created [_spuWkl] (protocol=0x2): id = 121
HLE: ! {PPU[1] Thread (CPUThread)[0x0156819c]} sys_semaphore: *** semaphore created [_spuWkl] (protocol=0x2): id = 122
HLE: ! {PPU[1] Thread (CPUThread)[0x0156819c]} sys_semaphore: *** semaphore created [_spuWkl] (protocol=0x2): id = 123
HLE: ! {PPU[1] Thread (CPUThread)[0x0156819c]} sys_semaphore: *** semaphore created [_spuWkl] (protocol=0x2): id = 124
HLE: ! {PPU[1] Thread (CPUThread)[0x0156819c]} sys_semaphore: *** semaphore created [_spuWkl] (protocol=0x2): id = 125
HLE: ! {PPU[1] Thread (CPUThread)[0x0156819c]} sys_semaphore: *** semaphore created [_spuWkl] (protocol=0x2): id = 126
HLE: ! {PPU[1] Thread (CPUThread)[0x0156819c]} sys_semaphore: *** semaphore created [_spuWkl] (protocol=0x2): id = 127
HLE: ! {PPU[1] Thread (CPUThread)[0x0156819c]} sys_semaphore: *** semaphore created [_spuWkl] (protocol=0x2): id = 128
HLE: ! {PPU[1] Thread (CPUThread)[0x0156819c]} sys_semaphore: *** semaphore created [_spuWkl] (protocol=0x2): id = 129
HLE: ! {PPU[1] Thread (CPUThread)[0x0156819c]} sys_semaphore: *** semaphore created [_spuWkl] (protocol=0x2): id = 130
HLE: ! {PPU[1] Thread (CPUThread)[0x0156819c]} sys_semaphore: *** semaphore created [_spuWkl] (protocol=0x2): id = 131
HLE: ! {PPU[1] Thread (CPUThread)[0x0156819c]} sys_semaphore: *** semaphore created [_spuWkl] (protocol=0x2): id = 132
HLE: ! {PPU[1] Thread (CPUThread)[0x0156819c]} sys_semaphore: *** semaphore created [_spuWkl] (protocol=0x2): id = 133
HLE: ! {PPU[1] Thread (CPUThread)[0x0156819c]} sys_semaphore: *** semaphore created [_spuWkl] (protocol=0x2): id = 134
HLE: ! {PPU[1] Thread (CPUThread)[0x0156819c]} sys_semaphore: *** semaphore created [_spuWkl] (protocol=0x2): id = 135
HLE: ! {PPU[1] Thread (CPUThread)[0x0156819c]} sys_semaphore: *** semaphore created [_spuPrv] (protocol=0x2): id = 136
HLE: ! {PPU[1] Thread (CPUThread)[0x0156819c]} sys_spu: *** SPU Thread Group created [SystemSpursCellSpursKernelGroup] (num=1, prio=128, type=0x0, container=0): id=137
HLE: E {PPU[1] Thread (CPUThread)[0x0156819c]} sys_spu TODO: Unsupported SPU Thread options (0x2)
HLE: W {PPU[1] Thread (CPUThread)[0x0156819c]} sys_spu warning: *** New SPU Thread [SystemSpursCellSpursKernel0] (ep=0x0, opt=0x2, a1=0x0, a2=0x0, a3=0x0, a4=0x0): id=138
HLE: ! {PPU[1] Thread (CPUThread)[0x0156819c]} sys_lwmutex: *** lwmutex created [_spuPrv] (attribute=0x22): sq_id = 139
HLE: W {PPU[1] Thread (CPUThread)[0x0156819c]} sys_lwcond warning: *** lwcond created [_spuPrv] (lwmutex_addr=0x14726b0): id = 140
HLE: W {PPU[1] Thread (CPUThread)[0x0156819c]} sys_event warning: *** event_queue created [_spuPrv] (protocol=0x1, type=0x1, key=0x0, size=0x2a): id = 141
HLE: W {PPU[1] Thread (CPUThread)[0x0156819c]} sys_spu warning: sys_spu_thread_group_connect_event_all_threads(id=137, eq_id=141, req=0xffffffffffff0000, spup_addr=0x14719c9)
HLE: W {PPU[1] Thread (CPUThread)[0x0156819c]} sys_spu warning: *** spup -> 16
HLE: W {PPU[1] Thread (CPUThread)[0x0156819c]} sys_event warning: *** sys_event_port created: id = 142
HLE: W {PPU[1] Thread (CPUThread)[0x0156819c]} sys_event warning: sys_event_port_connect_local(eport_id=142, equeue_id=141)
HLE: ! {PPU[1] Thread (CPUThread)[0x0156819c]} sys_ppu_thread: *** New PPU Thread [SystemSpursSpursHdlr0] (joinable, entry=0x0): id = 143
HLE: ! {PPU[1] Thread (CPUThread)[0x0156819c]} sys_ppu_thread: *** New PPU Thread [SystemSpursSpursHdlr1] (joinable, entry=0x0): id = 144
HLE: E {PPU[1] Thread (CPUThread)[0x0156819c]} sys_spu TODO: sys_spu_thread_group_connect_event(id=137, eq=141, et=0x2)
HLE: W {PPU[1] Thread (CPUThread)[0x01594058]} sys_lwmutex warning: sys_lwmutex_create(lwmutex_addr=0x30400048, attr_addr=0xd000fa90)
HLE: ! {PPU[1] Thread (CPUThread)[0x01594058]} sys_lwmutex: *** lwmutex created [] (attribute=0x12): sq_id = 145
HLE: W {PPU[1] Thread (CPUThread)[0x01594058]} sys_lwmutex warning: sys_lwmutex_create(lwmutex_addr=0x1472998, attr_addr=0xd000fc1c)
HLE: ! {PPU[1] Thread (CPUThread)[0x01594058]} sys_lwmutex: *** lwmutex created [] (attribute=0x12): sq_id = 146
HLE: W {PPU[1] Thread (CPUThread)[0x01594058]} sys_lwmutex warning: sys_lwmutex_create(lwmutex_addr=0x14729d8, attr_addr=0xd000fc0c)
HLE: ! {PPU[1] Thread (CPUThread)[0x01594058]} sys_lwmutex: *** lwmutex created [] (attribute=0x12): sq_id = 147
G: E {PPU[1] Thread (CPUThread)[0x008ac2c4]} Exception: Access violation: addr = 0x3100000 (is_alive=1, last_syscall=0x0 (Unknown func id: 0x00000000))
PPU: ! {PPULLVMRecompiler} Removed 2 old versions
PPU: ! {PPULLVMRecompiler} PPU LLVM compiler thread exiting.
HLE: ! All threads stopped...
MEM: ! Closing memory...
