HLE: ! path: /dev_hdd0/game/
HLE: W No pause.bin found, Auto Pause will not work.
HLE: W No pause.bin found, Auto Pause will not work.
LDR: ! Loading 'd:/emulateurs/rpcs3/dev_hdd0/game/bles01399-[yakuza dead souls]/PS3_GAME/USRDIR/BOOT.BIN'...
LDR: !  
LDR: ! Mount info:
LDR: ! dev_usb000/ -> d:/emulateurs/rpcs3/dev_usb000/
LDR: ! dev_flash/ -> d:/emulateurs/rpcs3/dev_flash/
LDR: ! host_root/ -> 
LDR: ! dev_hdd0/ -> d:/emulateurs/rpcs3/dev_hdd0/
LDR: ! dev_hdd1/ -> d:/emulateurs/rpcs3/dev_hdd1/
LDR: ! dev_bdvd/ -> d:/emulateurs/rpcs3/dev_hdd0/game/bles01399-[yakuza dead souls]/ps3_game/../
LDR: ! dev_usb/ -> d:/emulateurs/rpcs3/dev_usb000/
LDR: !  
LDR: ! Title: YAKUZA: Dead Souls
LDR: ! Serial: BLES01399
LDR: !  
LDR: E loader::init() failed: Broken file
MEM: ! Initializing memory: base_addr = 0xb21f2e0000
MEM: ! Memory initialized.
LDR: ! Function 'cellSurMixerGetAANHandle' hooked (addr=0xe1180c)
LDR: ! Function 'cellSurMixerSetNotifyCallback' hooked (addr=0xe11844)
LDR: ! Function 'cellSurMixerRemoveNotifyCallback' hooked (addr=0xe118d8)
LDR: ! Function 'cellSurMixerSurBusAddData' hooked (addr=0xe11968)
LDR: ! Function 'cellSurMixerPause' hooked (addr=0xe125ac)
LDR: ! Function 'cellSurMixerStart' hooked (addr=0xe13a24)
LDR: ! Function 'cellSurMixerFinalize' hooked (addr=0xe13d2c)
LDR: ! Function 'cellSurMixerCreate' hooked (addr=0xe145f0)
LDR: E Function 'cellSurMixerChStripGetAANPortNo' not found
LDR: E Function 'cellSurMixerSetParameter' not found
LDR: E Function 'cellSurMixerChStripSetParameter' not found
LDR: E Function 'cellSurMixerGetCurrentBlockTag' not found
LDR: E Function 'cellSurMixerGetTimestamp' not found
LDR: E Function 'cellSurMixerBeep' not found
LDR: E Function group [surmixer] failed: missing;
LDR: ! Imported function 'cellAudioInit' in 'cellAudio' module  (HLE)
LDR: ! Imported function 'cellAudioQuit' in 'cellAudio' module  (HLE)
LDR: ! Imported function 'cellAudioSetNotifyEventQueue' in 'cellAudio' module  (HLE)
LDR: ! Imported function 'cellAudioGetPortTimestamp' in 'cellAudio' module  (HLE)
LDR: ! Imported function 'cellAudioPortClose' in 'cellAudio' module  (HLE)
LDR: ! Imported function 'cellAudioPortStop' in 'cellAudio' module  (HLE)
LDR: ! Imported function 'cellAudioGetPortConfig' in 'cellAudio' module  (HLE)
LDR: ! Imported function 'cellAudioPortStart' in 'cellAudio' module  (HLE)
LDR: ! Imported function 'cellAudioPortOpen' in 'cellAudio' module  (HLE)
LDR: ! Imported function 'cellAudioGetPortBlockTag' in 'cellAudio' module  (HLE)
LDR: ! Imported function 'cellAudioRemoveNotifyEventQueue' in 'cellAudio' module  (HLE)
LDR: ! Imported function 'sceNpTrophyRegisterContext' in 'sceNpTrophy' module  (HLE)
LDR: ! Imported function 'sceNpTrophyCreateHandle' in 'sceNpTrophy' module  (HLE)
LDR: ! Imported function 'sceNpTrophyGetRequiredDiskSpace' in 'sceNpTrophy' module  (HLE)
LDR: ! Imported function 'sceNpTrophyDestroyContext' in 'sceNpTrophy' module  (HLE)
LDR: ! Imported function 'sceNpTrophyInit' in 'sceNpTrophy' module  (HLE)
LDR: ! Imported function 'sceNpTrophyDestroyHandle' in 'sceNpTrophy' module  (HLE)
LDR: ! Imported function 'sceNpTrophyUnlockTrophy' in 'sceNpTrophy' module  (HLE)
LDR: ! Imported function 'sceNpTrophyTerm' in 'sceNpTrophy' module  (HLE)
LDR: ! Imported function 'sceNpTrophyGetTrophyUnlockState' in 'sceNpTrophy' module  (HLE)
LDR: ! Imported function 'sceNpTrophyCreateContext' in 'sceNpTrophy' module  (HLE)
LDR: W Unknown module 'cellHttp'
LDR: ! Imported function 'cellHttpCreateTransaction' in 'cellHttp' module  (HLE)
LDR: ! Imported function 'cellHttpResponseGetStatusCode' in 'cellHttp' module  (HLE)
LDR: ! Imported function 'cellHttpClientSetSslCallback' in 'cellHttp' module  (HLE)
LDR: ! Imported function 'cellHttpClientSetCookieRecvCallback' in 'cellHttp' module  (HLE)
LDR: ! Imported function 'cellHttpClientSetAutoRedirect' in 'cellHttp' module  (HLE)
LDR: ! Imported function 'cellHttpInit' in 'cellHttp' module  (HLE)
LDR: ! Imported function 'cellHttpDestroyTransaction' in 'cellHttp' module  (HLE)
LDR: ! Imported function 'cellHttpClientSetCookieStatus' in 'cellHttp' module  (HLE)
LDR: ! Imported function 'cellHttpResponseGetContentLength' in 'cellHttp' module  (HLE)
LDR: ! Imported function 'cellHttpClientSetCookieSendCallback' in 'cellHttp' module  (HLE)
LDR: ! Imported function 'cellHttpCreateClient' in 'cellHttp' module  (HLE)
LDR: ! Imported function 'cellHttpResponseGetHeader' in 'cellHttp' module  (HLE)
LDR: ! Imported function 'cellHttpsInit' in 'cellHttp' module  (HLE)
LDR: ! Imported function 'cellHttpEndCookie' in 'cellHttp' module  (HLE)
LDR: ! Imported function 'cellHttpRecvResponse' in 'cellHttp' module  (HLE)
LDR: ! Imported function 'cellHttpClientSetAutoAuthentication' in 'cellHttp' module  (HLE)
LDR: ! Imported function 'cellHttpInitCookie' in 'cellHttp' module  (HLE)
LDR: ! Imported function 'cellHttpDestroyClient' in 'cellHttp' module  (HLE)
LDR: ! Imported function 'cellHttpSendRequest' in 'cellHttp' module  (HLE)
LDR: ! Imported function 'cellHttpRequestSetContentLength' in 'cellHttp' module  (HLE)
LDR: ! Imported function 'cellHttpEnd' in 'cellHttp' module  (HLE)
LDR: ! Imported function 'cellHttpsEnd' in 'cellHttp' module  (HLE)
LDR: W Unimplemented function 'cellSslEnd' in 'cellSsl' module (HLE)
LDR: W Unimplemented function 'cellSslCertificateLoader' in 'cellSsl' module (HLE)
LDR: W Unimplemented function 'cellSslInit' in 'cellSsl' module (HLE)
LDR: ! Imported function 'cellFsClose' in 'sys_fs' module  (HLE)
LDR: ! Imported function 'cellFsOpendir' in 'sys_fs' module  (HLE)
LDR: ! Imported function 'cellFsRead' in 'sys_fs' module  (HLE)
LDR: ! Imported function 'cellFsReaddir' in 'sys_fs' module  (HLE)
LDR: ! Imported function 'cellFsOpen' in 'sys_fs' module  (HLE)
LDR: ! Imported function 'cellFsStat' in 'sys_fs' module  (HLE)
LDR: ! Imported function 'cellFsUnlink' in 'sys_fs' module  (HLE)
LDR: ! Imported function 'cellFsLseek' in 'sys_fs' module  (HLE)
LDR: ! Imported function 'cellFsMkdir' in 'sys_fs' module  (HLE)
LDR: ! Imported function 'cellFsWrite' in 'sys_fs' module  (HLE)
LDR: ! Imported function 'cellFsFstat' in 'sys_fs' module  (HLE)
LDR: ! Imported function 'cellFsClosedir' in 'sys_fs' module  (HLE)
LDR: ! Imported function 'cellFsFtruncate' in 'sys_fs' module  (HLE)
LDR: ! Imported function 'cellFsFsync' in 'sys_fs' module  (HLE)
LDR: ! Imported function 'cellFsSdataOpen' in 'sys_fs' module  (HLE)
LDR: ! Imported function 'cellFsRename' in 'sys_fs' module  (HLE)
LDR: ! Imported function 'cellSysutilUnregisterCallback' in 'cellSysutil' module  (HLE)
LDR: ! Imported function 'cellSysutilCheckCallback' in 'cellSysutil' module  (HLE)
LDR: ! Imported function 'cellSaveDataListLoad2' in 'cellSysutil' module  (HLE)
LDR: ! Imported function 'cellSysCacheMount' in 'cellSysutil' module  (HLE)
LDR: ! Imported function 'cellMsgDialogClose' in 'cellSysutil' module  (HLE)
LDR: ! Imported function 'cellSaveDataListAutoLoad' in 'cellSysutil' module  (HLE)
LDR: ! Imported function 'cellSaveDataFixedLoad2' in 'cellSysutil' module  (HLE)
LDR: ! Imported function 'cellSaveDataFixedSave2' in 'cellSysutil' module  (HLE)
LDR: ! Imported function 'cellAudioOutGetSoundAvailability2' in 'cellSysutil' module  (HLE)
LDR: ! Imported function 'cellSaveDataListSave2' in 'cellSysutil' module  (HLE)
LDR: W Unimplemented function 'cellOskDialogUnloadAsync' in 'cellSysutil' module (HLE)
LDR: ! Imported function 'cellMsgDialogOpenErrorCode' in 'cellSysutil' module  (HLE)
LDR: ! Imported function 'cellSysutilGetSystemParamInt' in 'cellSysutil' module  (HLE)
LDR: ! Imported function 'cellAudioOutConfigure' in 'cellSysutil' module  (HLE)
LDR: W Unimplemented function 'cellWebBrowserConfigSetTabCount2' in 'cellSysutil' module (HLE)
LDR: ! Imported function 'cellWebBrowserEstimate2' in 'cellSysutil' module  (HLE)
LDR: ! Imported function 'cellSysCacheClear' in 'cellSysutil' module  (HLE)
LDR: W Unimplemented function 'cellWebBrowserInitialize' in 'cellSysutil' module (HLE)
LDR: ! Imported function 'cellMsgDialogOpen2' in 'cellSysutil' module  (HLE)
LDR: W Unimplemented function 'cellWebBrowserConfig2' in 'cellSysutil' module (HLE)
LDR: W Unimplemented function 'cellOskDialogLoadAsync' in 'cellSysutil' module (HLE)
LDR: W Unimplemented function 'cellWebBrowserConfigSetNotifyHook2' in 'cellSysutil' module (HLE)
LDR: W Unimplemented function 'cellWebBrowserShutdown' in 'cellSysutil' module (HLE)
LDR: ! Imported function 'cellMsgDialogProgressBarInc' in 'cellSysutil' module  (HLE)
LDR: ! Imported function 'cellMsgDialogProgressBarSetMsg' in 'cellSysutil' module  (HLE)
LDR: ! Imported function 'cellSysutilRegisterCallback' in 'cellSysutil' module  (HLE)
LDR: W Unimplemented function 'cellWebBrowserCreate2' in 'cellSysutil' module (HLE)
LDR: W Unimplemented function 'cellWebBrowserConfigSetUnknownMIMETypeHook2' in 'cellSysutil' module (HLE)
LDR: W Unimplemented function 'cellWebBrowserConfigSetViewRect2' in 'cellSysutil' module (HLE)
LDR: W Unimplemented function 'cellWebBrowserConfigSetStatusHook2' in 'cellSysutil' module (HLE)
LDR: ! Imported function 'cellAudioOutGetSoundAvailability' in 'cellSysutil' module  (HLE)
LDR: W Unimplemented function 'cellWebBrowserConfigSetViewCondition2' in 'cellSysutil' module (HLE)
LDR: W Unimplemented function 'cellWebBrowserConfigSetFunction2' in 'cellSysutil' module (HLE)
LDR: ! Imported function 'cellAudioOutGetNumberOfDevice' in 'cellSysutil' module  (HLE)
LDR: W Unimplemented function 'cellWebBrowserDestroy2' in 'cellSysutil' module (HLE)
LDR: W Unimplemented function 'cellSaveDataDelete2' in 'cellSysutil' module (HLE)
LDR: W Unimplemented function 'cellOskDialogSetLayoutMode' in 'cellSysutil' module (HLE)
LDR: ! Imported function 'cellAudioOutGetState' in 'cellSysutil' module  (HLE)
LDR: W Unimplemented function 'cellWebBrowserConfigSetHeapSize2' in 'cellSysutil' module (HLE)
LDR: ! Imported function 'cellVideoOutConfigure' in 'cellSysutil' module  (HLE)
LDR: ! Imported function 'cellVideoOutGetDeviceInfo' in 'cellSysutil' module  (HLE)
LDR: ! Imported function 'cellVideoOutGetState' in 'cellSysutil' module  (HLE)
LDR: ! Imported function 'cellVideoOutGetResolution' in 'cellSysutil' module  (HLE)
LDR: ! Imported function 'cellSysmoduleUnloadModule' in 'cellSysmodule' module  (HLE)
LDR: ! Imported function 'cellSysmoduleLoadModule' in 'cellSysmodule' module  (HLE)
LDR: ! Imported function 'cellSpursAttributeSetNamePrefix' in 'cellSpurs' module  (HLE)
LDR: ! Imported function 'cellSpursAttributeEnableSpuPrintfIfAvailable' in 'cellSpurs' module  (HLE)
LDR: ! Imported function '_cellSpursTasksetAttributeInitialize' in 'cellSpurs' module  (HLE)
LDR: ! Imported function 'cellSpursCreateTaskWithAttribute' in 'cellSpurs' module  (HLE)
LDR: ! Imported function 'cellSpursDestroyTaskset2' in 'cellSpurs' module  (HLE)
LDR: ! Imported function 'cellSpursEventFlagDetachLv2EventQueue' in 'cellSpurs' module  (HLE)
LDR: ! Imported function 'cellSpursCreateJobChainWithAttribute' in 'cellSpurs' module  (HLE)
LDR: ! Imported function 'cellSpursInitializeWithAttribute2' in 'cellSpurs' module  (HLE)
LDR: ! Imported function '_cellSpursJobChainAttributeInitialize' in 'cellSpurs' module  (HLE)
LDR: ! Imported function 'cellSpursEventFlagWait' in 'cellSpurs' module  (HLE)
LDR: ! Imported function 'cellSpursCreateTaskset2' in 'cellSpurs' module  (HLE)
LDR: ! Imported function '_cellSpursEventFlagInitialize' in 'cellSpurs' module  (HLE)
LDR: ! Imported function 'cellSpursTasksetAttributeSetName' in 'cellSpurs' module  (HLE)
LDR: ! Imported function 'cellSpursJobGuardInitialize' in 'cellSpurs' module  (HLE)
LDR: ! Imported function 'cellSpursShutdownJobChain' in 'cellSpurs' module  (HLE)
LDR: ! Imported function 'cellSpursEventFlagAttachLv2EventQueue' in 'cellSpurs' module  (HLE)
LDR: ! Imported function 'cellSpursTasksetAttributeSetTasksetSize' in 'cellSpurs' module  (HLE)
LDR: ! Imported function '_cellSpursAttributeInitialize' in 'cellSpurs' module  (HLE)
LDR: ! Imported function 'cellSpursJoinTaskset' in 'cellSpurs' module  (HLE)
LDR: ! Imported function 'cellSpursJobChainAttributeSetName' in 'cellSpurs' module  (HLE)
LDR: ! Imported function 'cellSpursTaskAttributeSetExitCodeContainer' in 'cellSpurs' module  (HLE)
LDR: ! Imported function 'cellSpursShutdownTaskset' in 'cellSpurs' module  (HLE)
LDR: ! Imported function 'cellSpursJoinTask2' in 'cellSpurs' module  (HLE)
LDR: ! Imported function 'cellSpursJoinJobChain' in 'cellSpurs' module  (HLE)
LDR: ! Imported function 'cellSpursAttributeSetSpuThreadGroupType' in 'cellSpurs' module  (HLE)
LDR: ! Imported function 'cellSpursInitializeWithAttribute' in 'cellSpurs' module  (HLE)
LDR: ! Imported function '_cellSpursTaskAttributeInitialize' in 'cellSpurs' module  (HLE)
LDR: ! Imported function 'cellSpursCreateTasksetWithAttribute' in 'cellSpurs' module  (HLE)
LDR: ! Imported function '_cellSpursTasksetAttribute2Initialize' in 'cellSpurs' module  (HLE)
LDR: ! Imported function 'cellSpursFinalize' in 'cellSpurs' module  (HLE)
LDR: ! Imported function 'cellSpursJobGuardNotify' in 'cellSpurs' module  (HLE)
LDR: ! Imported function 'cellSpursCreateTask2WithBinInfo' in 'cellSpurs' module  (HLE)
LDR: ! Imported function 'cellSpursTaskExitCodeTryGet' in 'cellSpurs' module  (HLE)
LDR: ! Imported function 'cellSpursRunJobChain' in 'cellSpurs' module  (HLE)
LDR: ! Imported function '_cellSpursLFQueueInitialize' in 'cellSpurs' module  (HLE)
LDR: ! Imported function 'cellSpursQueueDetachLv2EventQueue' in 'cellSpurs' module  (HLE)
LDR: ! Imported function '_cellSpursQueueInitialize' in 'cellSpurs' module  (HLE)
LDR: ! Imported function 'cellSpursLFQueueAttachLv2EventQueue' in 'cellSpurs' module  (HLE)
LDR: ! Imported function 'cellSpursCreateTaskset' in 'cellSpurs' module  (HLE)
LDR: ! Imported function 'cellSpursLFQueueDetachLv2EventQueue' in 'cellSpurs' module  (HLE)
LDR: ! Imported function 'cellSpursBarrierInitialize' in 'cellSpurs' module  (HLE)
LDR: ! Imported function 'cellSpursTryJoinTask2' in 'cellSpurs' module  (HLE)
LDR: ! Imported function '_cellSpursLFQueuePushBody' in 'cellSpurs' module  (HLE)
LDR: ! Imported function 'cellSpursTaskGetContextSaveAreaSize' in 'cellSpurs' module  (HLE)
LDR: ! Imported function 'cellSpursQueuePopBody' in 'cellSpurs' module  (HLE)
LDR: ! Imported function 'cellSpursQueuePushBody' in 'cellSpurs' module  (HLE)
LDR: ! Imported function 'cellSpursCreateTask' in 'cellSpurs' module  (HLE)
LDR: ! Imported function '_cellSpursSendSignal' in 'cellSpurs' module  (HLE)
LDR: ! Imported function 'cellSpursQueueAttachLv2EventQueue' in 'cellSpurs' module  (HLE)
LDR: ! Imported function 'cellSpursEventFlagSet' in 'cellSpurs' module  (HLE)
LDR: ! Imported function 'cellSpursJobQueueAttributeSetDoBusyWaiting' in 'cellSpursJq' module  (HLE)
LDR: ! Imported function 'cellSpursJobQueueAttributeSetSubmitWithEntryLock' in 'cellSpursJq' module  (HLE)
LDR: ! Imported function 'cellSpursJobQueueAttributeInitialize' in 'cellSpursJq' module  (HLE)
LDR: ! Imported function 'cellSpursShutdownJobQueue' in 'cellSpursJq' module  (HLE)
LDR: ! Imported function 'cellSpursJoinJobQueue' in 'cellSpursJq' module  (HLE)
LDR: ! Imported function 'cellSpursJobQueuePort2Destroy' in 'cellSpursJq' module  (HLE)
LDR: ! Imported function 'cellSpursJobQueueAttributeSetGrabParameters' in 'cellSpursJq' module  (HLE)
LDR: ! Imported function 'cellSpursJobQueuePort2Create' in 'cellSpursJq' module  (HLE)
LDR: ! Imported function '_cellSpursCreateJobQueue' in 'cellSpursJq' module  (HLE)
LDR: ! Imported function 'cellGameGetParamString' in 'cellGame' module  (HLE)
LDR: ! Imported function 'cellGameCreateGameData' in 'cellGame' module  (HLE)
LDR: ! Imported function 'cellGameContentPermit' in 'cellGame' module  (HLE)
LDR: ! Imported function 'cellGameContentErrorDialog' in 'cellGame' module  (HLE)
LDR: ! Imported function 'cellGameDataCheck' in 'cellGame' module  (HLE)
LDR: ! Imported function 'cellGcmGetTiledPitchSize' in 'cellGcmSys' module  (HLE)
LDR: ! Imported function 'cellGcmSetUserHandler' in 'cellGcmSys' module  (HLE)
LDR: ! Imported function '_cellGcmInitBody' in 'cellGcmSys' module  (HLE)
LDR: ! Imported function '_cellGcmSetFlipCommand' in 'cellGcmSys' module  (HLE)
LDR: ! Imported function 'cellGcmAddressToOffset' in 'cellGcmSys' module  (HLE)
LDR: ! Imported function 'cellGcmGetTimeStampLocation' in 'cellGcmSys' module  (HLE)
LDR: ! Imported function '_cellGcmFunc15' in 'cellGcmSys' module  (HLE)
LDR: ! Imported function 'cellGcmBindTile' in 'cellGcmSys' module  (HLE)
LDR: ! Imported function 'cellGcmSetFlipMode' in 'cellGcmSys' module  (HLE)
LDR: ! Imported function 'cellGcmGetDefaultCommandWordSize' in 'cellGcmSys' module  (HLE)
LDR: ! Imported function 'cellGcmGetLastFlipTime' in 'cellGcmSys' module  (HLE)
LDR: ! Imported function 'cellGcmMapEaIoAddress' in 'cellGcmSys' module  (HLE)
LDR: ! Imported function 'cellGcmGetDefaultSegmentWordSize' in 'cellGcmSys' module  (HLE)
LDR: ! Imported function 'cellGcmSetDefaultFifoSize' in 'cellGcmSys' module  (HLE)
LDR: ! Imported function 'cellGcmBindZcull' in 'cellGcmSys' module  (HLE)
LDR: ! Imported function 'cellGcmSetDisplayBuffer' in 'cellGcmSys' module  (HLE)
LDR: ! Imported function 'cellGcmGetControlRegister' in 'cellGcmSys' module  (HLE)
LDR: ! Imported function 'cellGcmGetReportDataLocation' in 'cellGcmSys' module  (HLE)
LDR: ! Imported function 'cellGcmUnbindZcull' in 'cellGcmSys' module  (HLE)
LDR: ! Imported function 'cellGcmSetVBlankHandler' in 'cellGcmSys' module  (HLE)
LDR: ! Imported function 'cellGcmResetFlipStatus' in 'cellGcmSys' module  (HLE)
LDR: ! Imported function 'cellGcmSetTileInfo' in 'cellGcmSys' module  (HLE)
LDR: ! Imported function 'cellGcmInitDefaultFifoMode' in 'cellGcmSys' module  (HLE)
LDR: ! Imported function '_cellGcmSetFlipCommandWithWaitLabel' in 'cellGcmSys' module  (HLE)
LDR: ! Imported function 'cellGcmUnbindTile' in 'cellGcmSys' module  (HLE)
LDR: ! Imported function 'cellGcmGetConfiguration' in 'cellGcmSys' module  (HLE)
LDR: ! Imported function 'cellGcmUnmapEaIoAddress' in 'cellGcmSys' module  (HLE)
LDR: ! Imported function 'cellGcmGetLabelAddress' in 'cellGcmSys' module  (HLE)
LDR: ! Imported function 'cellGcmSetVBlankFrequency' in 'cellGcmSys' module  (HLE)
LDR: W Unknown module 'cellSysutilAvconfExt'
LDR: ! Imported function 'cellVideoOutSetGamma' in 'cellSysutilAvconfExt' module  (HLE)
LDR: ! Imported function 'sys_net_initialize_network_ex' in 'sys_net' module  (HLE)
LDR: ! Imported function 'listen' in 'sys_net' module  (HLE)
LDR: W Unimplemented function 'socketselect' in 'sys_net' module (HLE)
LDR: ! Imported function 'sys_net_close_dump' in 'sys_net' module  (HLE)
LDR: ! Imported function 'connect' in 'sys_net' module  (HLE)
LDR: ! Imported function 'socketclose' in 'sys_net' module  (HLE)
LDR: ! Imported function 'setsockopt' in 'sys_net' module  (HLE)
LDR: ! Imported function 'sys_net_read_dump' in 'sys_net' module  (HLE)
LDR: ! Imported function 'sys_net_abort_socket' in 'sys_net' module  (HLE)
LDR: ! Imported function 'socket' in 'sys_net' module  (HLE)
LDR: ! Imported function 'sys_net_open_dump' in 'sys_net' module  (HLE)
LDR: ! Imported function 'bind' in 'sys_net' module  (HLE)
LDR: ! Imported function 'sys_net_finalize_network' in 'sys_net' module  (HLE)
LDR: ! Imported function 'accept' in 'sys_net' module  (HLE)
LDR: ! Imported function 'inet_addr' in 'sys_net' module  (HLE)
LDR: ! Imported function 'send' in 'sys_net' module  (HLE)
LDR: ! Imported function 'recv' in 'sys_net' module  (HLE)
LDR: ! Imported function 'sys_net_free_thread_context' in 'sys_net' module  (HLE)
LDR: ! Imported function 'sceNpBasicGetFriendListEntry' in 'sceNp' module  (HLE)
LDR: ! Imported function 'sceNpScoreGetRankingByNpId' in 'sceNp' module  (HLE)
LDR: ! Imported function 'sceNpManagerGetTicket' in 'sceNp' module  (HLE)
LDR: ! Imported function 'sceNpScoreRecordScore' in 'sceNp' module  (HLE)
LDR: ! Imported function 'sceNpScoreDestroyTitleCtx' in 'sceNp' module  (HLE)
LDR: ! Imported function 'sceNpScoreSetPlayerCharacterId' in 'sceNp' module  (HLE)
LDR: ! Imported function 'sceNpScoreInit' in 'sceNp' module  (HLE)
LDR: ! Imported function 'sceNpTerm' in 'sceNp' module  (HLE)
LDR: ! Imported function 'sceNpManagerGetContentRatingFlag' in 'sceNp' module  (HLE)
LDR: ! Imported function 'sceNpScoreCreateTransactionCtx' in 'sceNp' module  (HLE)
LDR: ! Imported function 'sceNpManagerRequestTicket2' in 'sceNp' module  (HLE)
LDR: ! Imported function 'sceNpScoreTerm' in 'sceNp' module  (HLE)
LDR: ! Imported function 'sceNpManagerGetStatus' in 'sceNp' module  (HLE)
LDR: ! Imported function 'sceNpDrmIsAvailable' in 'sceNp' module  (HLE)
LDR: ! Imported function 'sceNpBasicGetFriendListEntryCount' in 'sceNp' module  (HLE)
LDR: ! Imported function 'sceNpScoreCreateTitleCtx' in 'sceNp' module  (HLE)
LDR: ! Imported function 'sceNpInit' in 'sceNp' module  (HLE)
LDR: ! Imported function 'sceNpScoreDestroyTransactionCtx' in 'sceNp' module  (HLE)
LDR: ! Imported function 'sceNpManagerRegisterCallback' in 'sceNp' module  (HLE)
LDR: ! Imported function 'sceNpScoreAbortTransaction' in 'sceNp' module  (HLE)
LDR: ! Imported function 'sceNpScoreGetRankingByRange' in 'sceNp' module  (HLE)
LDR: ! Imported function 'sceNpManagerGetNpId' in 'sceNp' module  (HLE)
LDR: ! Imported function 'cellNetCtlNetStartDialogLoadAsync' in 'cellNetCtl' module  (HLE)
LDR: ! Imported function 'cellNetCtlAddHandler' in 'cellNetCtl' module  (HLE)
LDR: ! Imported function 'cellNetCtlNetStartDialogUnloadAsync' in 'cellNetCtl' module  (HLE)
LDR: ! Imported function 'cellNetCtlTerm' in 'cellNetCtl' module  (HLE)
LDR: ! Imported function 'cellNetCtlGetInfo' in 'cellNetCtl' module  (HLE)
LDR: ! Imported function 'cellNetCtlGetState' in 'cellNetCtl' module  (HLE)
LDR: ! Imported function 'cellNetCtlInit' in 'cellNetCtl' module  (HLE)
LDR: W Unimplemented function 'cellHttpUtilUnescapeUri' in 'cellHttpUtil' module (HLE)
LDR: W Unimplemented function 'cellHttpUtilParseUri' in 'cellHttpUtil' module (HLE)
LDR: W Unimplemented function 'cellHttpUtilBase64Encoder' in 'cellHttpUtil' module (HLE)
LDR: W Unimplemented function 'cellHttpUtilEscapeUri' in 'cellHttpUtil' module (HLE)
LDR: ! Imported function 'cellPadClearBuf' in 'sys_io' module  (HLE)
LDR: ! Imported function 'cellPadInit' in 'sys_io' module  (HLE)
LDR: ! Imported function 'cellPadEnd' in 'sys_io' module  (HLE)
LDR: ! Imported function 'cellPadSetPortSetting' in 'sys_io' module  (HLE)
LDR: ! Imported function 'cellPadGetData' in 'sys_io' module  (HLE)
LDR: ! Imported function 'cellPadGetInfo2' in 'sys_io' module  (HLE)
LDR: ! Imported function 'cellPadSetActDirect' in 'sys_io' module  (HLE)
LDR: ! Imported function 'cellSailGraphicsAdapterGetFrame' in 'cellSail' module  (HLE)
LDR: ! Imported function 'cellSailDescriptorCreateDatabase' in 'cellSail' module  (HLE)
LDR: ! Imported function 'cellSailDescriptorSetEs' in 'cellSail' module  (HLE)
LDR: ! Imported function 'cellSailPlayerSetSoundAdapter' in 'cellSail' module  (HLE)
LDR: ! Imported function 'cellSailDescriptorClose' in 'cellSail' module  (HLE)
LDR: ! Imported function 'cellSailPlayerInitialize' in 'cellSail' module  (HLE)
LDR: ! Imported function 'cellSailGraphicsAdapterPtsToTimePosition' in 'cellSail' module  (HLE)
LDR: ! Imported function 'cellSailPlayerFinalize' in 'cellSail' module  (HLE)
LDR: ! Imported function 'cellSailPlayerSetGraphicsAdapter' in 'cellSail' module  (HLE)
LDR: ! Imported function 'cellSailGraphicsAdapterInitialize' in 'cellSail' module  (HLE)
LDR: ! Imported function 'cellSailDescriptorDestroyDatabase' in 'cellSail' module  (HLE)
LDR: ! Imported function 'cellSailGraphicsAdapterSetPreferredFormat' in 'cellSail' module  (HLE)
LDR: ! Imported function 'cellSailMemAllocatorInitialize' in 'cellSail' module  (HLE)
LDR: ! Imported function 'cellSailPlayerOpenStream' in 'cellSail' module  (HLE)
LDR: ! Imported function 'cellSailFutureGet' in 'cellSail' module  (HLE)
LDR: ! Imported function 'cellSailSoundAdapterInitialize' in 'cellSail' module  (HLE)
LDR: ! Imported function 'cellSailGraphicsAdapterUpdateAvSync' in 'cellSail' module  (HLE)
LDR: ! Imported function 'cellSailPlayerReplaceEventHandler' in 'cellSail' module  (HLE)
LDR: ! Imported function 'cellSailSoundAdapterPtsToTimePosition' in 'cellSail' module  (HLE)
LDR: ! Imported function 'cellSailFutureInitialize' in 'cellSail' module  (HLE)
LDR: ! Imported function 'cellSailPlayerSetParameter' in 'cellSail' module  (HLE)
LDR: ! Imported function 'cellSailPlayerGetDescriptorCount' in 'cellSail' module  (HLE)
LDR: ! Imported function 'cellSailGraphicsAdapterFinalize' in 'cellSail' module  (HLE)
LDR: ! Imported function 'cellSailDescriptorSetAutoSelection' in 'cellSail' module  (HLE)
LDR: ! Imported function 'cellSailPlayerAddDescriptor' in 'cellSail' module  (HLE)
LDR: ! Imported function 'cellSailSoundAdapterGetFrame' in 'cellSail' module  (HLE)
LDR: ! Imported function 'cellSailPlayerCloseStream' in 'cellSail' module  (HLE)
LDR: ! Imported function 'cellSailFutureFinalize' in 'cellSail' module  (HLE)
LDR: ! Imported function 'cellSailPlayerRemoveDescriptor' in 'cellSail' module  (HLE)
LDR: ! Imported function 'cellSailFutureSet' in 'cellSail' module  (HLE)
LDR: ! Imported function 'cellSailPlayerIsPaused' in 'cellSail' module  (HLE)
LDR: ! Imported function 'cellSailPlayerBoot' in 'cellSail' module  (HLE)
LDR: ! Imported function 'cellSailDescriptorOpen' in 'cellSail' module  (HLE)
LDR: ! Imported function 'cellSailSoundAdapterFinalize' in 'cellSail' module  (HLE)
LDR: ! Imported function 'cellSailPlayerSetPaused' in 'cellSail' module  (HLE)
LDR: ! Imported function 'cellSailDescriptorGetStreamType' in 'cellSail' module  (HLE)
LDR: ! Imported function 'cellSailPlayerCreateDescriptor' in 'cellSail' module  (HLE)
LDR: ! Imported function 'cellSailPlayerStart' in 'cellSail' module  (HLE)
LDR: ! Imported function 'cellSailPlayerStop' in 'cellSail' module  (HLE)
LDR: ! Imported function 'cellSailSoundAdapterUpdateAvSync' in 'cellSail' module  (HLE)
LDR: ! Imported function 'cellSailSoundAdapterGetFormat' in 'cellSail' module  (HLE)
LDR: ! Imported function 'cellSailPlayerSetRepeatMode' in 'cellSail' module  (HLE)
LDR: ! Imported function 'cellSailPlayerDestroyDescriptor' in 'cellSail' module  (HLE)
LDR: ! Imported function 'cellSailGraphicsAdapterGetFormat' in 'cellSail' module  (HLE)
LDR: ! Imported function 'cellPamfReaderSetStreamWithTypeAndIndex' in 'cellPamf' module  (HLE)
LDR: ! Imported function 'cellPamfReaderGetNumberOfStreams' in 'cellPamf' module  (HLE)
LDR: ! Imported function 'cellPamfReaderSetStreamWithIndex' in 'cellPamf' module  (HLE)
LDR: ! Imported function 'cellPamfReaderGetPresentationStartTime' in 'cellPamf' module  (HLE)
LDR: ! Imported function 'cellPamfReaderGetStreamInfo' in 'cellPamf' module  (HLE)
LDR: ! Imported function 'cellPamfReaderGetStreamTypeAndChannel' in 'cellPamf' module  (HLE)
LDR: ! Imported function 'cellPamfReaderInitialize' in 'cellPamf' module  (HLE)
LDR: ! Imported function 'cellPamfReaderGetNumberOfSpecificStreams' in 'cellPamf' module  (HLE)
LDR: ! Imported function 'cellPamfReaderGetMuxRateBound' in 'cellPamf' module  (HLE)
LDR: ! Imported function 'cellPamfReaderGetPresentationEndTime' in 'cellPamf' module  (HLE)
LDR: ! Imported function 'cellVpostClose' in 'cellVpost' module  (HLE)
LDR: ! Imported function 'cellVpostQueryAttr' in 'cellVpost' module  (HLE)
LDR: ! Imported function 'cellVpostExec' in 'cellVpost' module  (HLE)
LDR: ! Imported function 'cellVpostOpen' in 'cellVpost' module  (HLE)
LDR: ! Imported function 'cellSyncMutexUnlock' in 'cellSync' module  (HLE)
LDR: ! Imported function 'cellSyncMutexInitialize' in 'cellSync' module  (HLE)
LDR: ! Imported function 'cellSyncMutexTryLock' in 'cellSync' module  (HLE)
LDR: ! Imported function 'sys_lwmutex_lock' in 'sysPrxForUser' module  (HLE)
LDR: ! Imported function 'sys_lwmutex_unlock' in 'sysPrxForUser' module  (HLE)
LDR: ! Imported function 'sys_lwcond_destroy' in 'sysPrxForUser' module  (HLE)
LDR: ! Imported function 'sys_ppu_thread_create' in 'sysPrxForUser' module  (HLE)
LDR: ! Imported function 'sys_prx_load_module' in 'sysPrxForUser' module  (HLE)
LDR: ! Imported function 'sys_lwcond_wait' in 'sysPrxForUser' module  (HLE)
LDR: ! Imported function '_sys_process_atexitspawn' in 'sysPrxForUser' module  (HLE)
LDR: ! Imported function 'sys_lwmutex_create' in 'sysPrxForUser' module  (HLE)
LDR: ! Imported function 'sys_ppu_thread_get_id' in 'sysPrxForUser' module  (HLE)
LDR: ! Imported function '_sys_heap_malloc' in 'sysPrxForUser' module  (HLE)
LDR: ! Imported function 'sys_prx_register_library' in 'sysPrxForUser' module  (HLE)
LDR: ! Imported function '_sys_heap_memalign' in 'sysPrxForUser' module  (HLE)
LDR: ! Imported function '_sys_spu_printf_initialize' in 'sysPrxForUser' module  (HLE)
LDR: ! Imported function 'sys_game_process_exitspawn2' in 'sysPrxForUser' module  (HLE)
LDR: ! Imported function 'sys_initialize_tls' in 'sysPrxForUser' module  (HLE)
LDR: ! Imported function 'sys_prx_stop_module' in 'sysPrxForUser' module  (HLE)
LDR: ! Imported function 'sys_time_get_system_time' in 'sysPrxForUser' module  (HLE)
LDR: W Unimplemented function '_sys_heap_free' in 'sysPrxForUser' module (HLE)
LDR: ! Imported function '_sys_process_at_Exitspawn' in 'sysPrxForUser' module  (HLE)
LDR: ! Imported function 'sys_prx_start_module' in 'sysPrxForUser' module  (HLE)
LDR: ! Imported function 'sys_prx_exitspawn_with_level' in 'sysPrxForUser' module  (HLE)
LDR: ! Imported function 'sys_ppu_thread_once' in 'sysPrxForUser' module  (HLE)
LDR: ! Imported function 'sys_lwmutex_trylock' in 'sysPrxForUser' module  (HLE)
LDR: W Unimplemented function '_sys_heap_delete_heap' in 'sysPrxForUser' module (HLE)
LDR: ! Imported function 'sys_ppu_thread_exit' in 'sysPrxForUser' module  (HLE)
LDR: ! Imported function '_sys_heap_create_heap' in 'sysPrxForUser' module  (HLE)
LDR: ! Imported function 'sys_lwmutex_destroy' in 'sysPrxForUser' module  (HLE)
LDR: ! Imported function 'sys_lwcond_create' in 'sysPrxForUser' module  (HLE)
LDR: ! Imported function '_sys_spu_printf_finalize' in 'sysPrxForUser' module  (HLE)
LDR: ! Imported function 'sys_spu_image_close' in 'sysPrxForUser' module  (HLE)
LDR: ! Imported function 'sys_process_exit' in 'sysPrxForUser' module  (HLE)
LDR: ! Imported function 'sys_spu_image_import' in 'sysPrxForUser' module  (HLE)
LDR: ! Imported function 'sys_lwcond_signal' in 'sysPrxForUser' module  (HLE)
LDR: ! Imported function 'sys_prx_unload_module' in 'sysPrxForUser' module  (HLE)
HLE: W {PPU[1] Thread (main_thread)[0x01749058]} sys_lwmutex warning: sys_lwmutex_create(lwmutex_addr=0x16c3610, attr_addr=0x11d3f60)
HLE: ! {PPU[1] Thread (main_thread)[0x01749058]} sys_lwmutex : *** lwmutex created [_lc_mtx] (attribute=0x12): sq_id = 3
HLE: W {PPU[1] Thread (main_thread)[0x00fc3c24]} sys_memory warning: sys_memory_get_user_memory_size(mem_info_addr=0xd000fc04)
HLE: W {PPU[1] Thread (main_thread)[0x01749058]} sys_lwmutex warning: sys_lwmutex_create(lwmutex_addr=0x16c3260, attr_addr=0x11d3f60)
HLE: ! {PPU[1] Thread (main_thread)[0x01749058]} sys_lwmutex : *** lwmutex created [_lc_mtx] (attribute=0x12): sq_id = 4
HLE: W {PPU[1] Thread (main_thread)[0x01749058]} sys_lwmutex warning: sys_lwmutex_create(lwmutex_addr=0x16c25a8, attr_addr=0x11d3f60)
HLE: ! {PPU[1] Thread (main_thread)[0x01749058]} sys_lwmutex : *** lwmutex created [_lc_mtx] (attribute=0x12): sq_id = 5
HLE: W {PPU[1] Thread (main_thread)[0x01749058]} sys_lwmutex warning: sys_lwmutex_create(lwmutex_addr=0x16c25d0, attr_addr=0x11d3f60)
HLE: ! {PPU[1] Thread (main_thread)[0x01749058]} sys_lwmutex : *** lwmutex created [_lc_mtx] (attribute=0x12): sq_id = 6
HLE: W {PPU[1] Thread (main_thread)[0x01749058]} sys_lwmutex warning: sys_lwmutex_create(lwmutex_addr=0x16c25f8, attr_addr=0x11d3f60)
HLE: ! {PPU[1] Thread (main_thread)[0x01749058]} sys_lwmutex : *** lwmutex created [_lc_mtx] (attribute=0x12): sq_id = 7
HLE: W {PPU[1] Thread (main_thread)[0x01749058]} sys_lwmutex warning: sys_lwmutex_create(lwmutex_addr=0x16c24e0, attr_addr=0x11d3f60)
HLE: ! {PPU[1] Thread (main_thread)[0x01749058]} sys_lwmutex : *** lwmutex created [_lc_mtx] (attribute=0x12): sq_id = 8
HLE: W {PPU[1] Thread (main_thread)[0x01749058]} sys_lwmutex warning: sys_lwmutex_create(lwmutex_addr=0x16c2508, attr_addr=0x11d3f60)
HLE: ! {PPU[1] Thread (main_thread)[0x01749058]} sys_lwmutex : *** lwmutex created [_lc_mtx] (attribute=0x12): sq_id = 9
HLE: W {PPU[1] Thread (main_thread)[0x01749058]} sys_lwmutex warning: sys_lwmutex_create(lwmutex_addr=0x16c2530, attr_addr=0x11d3f60)
HLE: ! {PPU[1] Thread (main_thread)[0x01749058]} sys_lwmutex : *** lwmutex created [_lc_mtx] (attribute=0x12): sq_id = 10
HLE: W {PPU[1] Thread (main_thread)[0x01749058]} sys_lwmutex warning: sys_lwmutex_create(lwmutex_addr=0x16c2558, attr_addr=0x11d3f60)
HLE: ! {PPU[1] Thread (main_thread)[0x01749058]} sys_lwmutex : *** lwmutex created [_lc_mtx] (attribute=0x12): sq_id = 11
HLE: W {PPU[1] Thread (main_thread)[0x01749058]} sys_lwmutex warning: sys_lwmutex_create(lwmutex_addr=0x16c2580, attr_addr=0x11d3f60)
HLE: ! {PPU[1] Thread (main_thread)[0x01749058]} sys_lwmutex : *** lwmutex created [_lc_mtx] (attribute=0x12): sq_id = 12
HLE: W {PPU[1] Thread (main_thread)[0x01749058]} sys_lwmutex warning: sys_lwmutex_create(lwmutex_addr=0x16c3758, attr_addr=0x150241c)
HLE: ! {PPU[1] Thread (main_thread)[0x01749058]} sys_lwmutex : *** lwmutex created [_lgcmtx] (attribute=0x12): sq_id = 13
HLE: W {PPU[1] Thread (main_thread)[0x01749058]} sys_lwmutex warning: sys_lwmutex_create(lwmutex_addr=0x16c3718, attr_addr=0x150242c)
HLE: ! {PPU[1] Thread (main_thread)[0x01749058]} sys_lwmutex : *** lwmutex created [_lgcmtx] (attribute=0x22): sq_id = 14
HLE: W {PPU[1] Thread (main_thread)[0x01749058]} sys_lwmutex warning: sys_lwmutex_create(lwmutex_addr=0x1616328, attr_addr=0xd000fbd0)
HLE: ! {PPU[1] Thread (main_thread)[0x01749058]} sys_lwmutex : *** lwmutex created [] (attribute=0x12): sq_id = 15
HLE: E {PPU[1] Thread (main_thread)[0x0174907c]} sys_prx TODO: sys_prx_register_library(lib_addr=0x110f38c)
HLE: E {PPU[1] Thread (main_thread)[0x0174907c]} sys_prx TODO: sys_prx_register_library(lib_addr=0x110f3a8)
HLE: W {PPU[1] Thread (main_thread)[0x01749058]} sys_lwmutex warning: sys_lwmutex_create(lwmutex_addr=0x15beff0, attr_addr=0xd000fae0)
HLE: ! {PPU[1] Thread (main_thread)[0x01749058]} sys_lwmutex : *** lwmutex created [] (attribute=0x12): sq_id = 16
HLE: W {PPU[1] Thread (main_thread)[0x0131c130]} cellSysutil warning: cellSysutilRegisterCallback(slot=0, func_addr=0x1329128, userdata=0x0)
HLE: E {PPU[1] Thread (main_thread)[0x00072620]} sys_vm error: sys_vm_memory_map(vsize=0x8000000, psize=0x7a50000, cidr=0xffffffff, flags=0x200, policy=0x1, addr_addr=0x152b298)
MEM: W {PPU[1] Thread (main_thread)[0x00072620]} Memory mapped at 0x60000000: size=0x8000000
HLE: E {PPU[1] Thread (main_thread)[0x00072630]} sys_vm TODO: sys_vm_touch(addr=0x60000000,size=0x7a50000)
HLE: W {PPU[1] Thread (main_thread)[0x01749058]} sys_lwmutex warning: sys_lwmutex_create(lwmutex_addr=0x150bc00, attr_addr=0xd000fc74)
HLE: ! {PPU[1] Thread (main_thread)[0x01749058]} sys_lwmutex : *** lwmutex created [] (attribute=0x12): sq_id = 17
HLE: W {PPU[1] Thread (main_thread)[0x01749058]} sys_lwmutex warning: sys_lwmutex_create(lwmutex_addr=0x1615318, attr_addr=0xd000f968)
HLE: ! {PPU[1] Thread (main_thread)[0x01749058]} sys_lwmutex : *** lwmutex created [] (attribute=0x12): sq_id = 18
HLE: W {PPU[1] Thread (main_thread)[0x01749058]} sys_lwmutex warning: sys_lwmutex_create(lwmutex_addr=0x30100010, attr_addr=0xd000f968)
HLE: ! {PPU[1] Thread (main_thread)[0x01749058]} sys_lwmutex : *** lwmutex created [] (attribute=0x12): sq_id = 19
HLE: W {PPU[1] Thread (main_thread)[0x01749148]} sys_lwcond warning: *** lwcond created [] (lwmutex_addr=0x30100010): id = 20
HLE: W {PPU[1] Thread (main_thread)[0x01749058]} sys_lwmutex warning: sys_lwmutex_create(lwmutex_addr=0x30255710, attr_addr=0xd000f968)
HLE: ! {PPU[1] Thread (main_thread)[0x01749058]} sys_lwmutex : *** lwmutex created [] (attribute=0x12): sq_id = 21
HLE: W {PPU[1] Thread (main_thread)[0x01749148]} sys_lwcond warning: *** lwcond created [] (lwmutex_addr=0x30255710): id = 22
HLE: W {PPU[1] Thread (main_thread)[0x01749058]} sys_lwmutex warning: sys_lwmutex_create(lwmutex_addr=0x30255760, attr_addr=0xd000f968)
HLE: ! {PPU[1] Thread (main_thread)[0x01749058]} sys_lwmutex : *** lwmutex created [] (attribute=0x12): sq_id = 23
HLE: W {PPU[1] Thread (main_thread)[0x01749148]} sys_lwcond warning: *** lwcond created [] (lwmutex_addr=0x30255760): id = 24
HLE: W {PPU[1] Thread (main_thread)[0x01749058]} sys_lwmutex warning: sys_lwmutex_create(lwmutex_addr=0x302557b0, attr_addr=0xd000f968)
HLE: ! {PPU[1] Thread (main_thread)[0x01749058]} sys_lwmutex : *** lwmutex created [] (attribute=0x12): sq_id = 25
HLE: W {PPU[1] Thread (main_thread)[0x01749148]} sys_lwcond warning: *** lwcond created [] (lwmutex_addr=0x302557b0): id = 26
HLE: W {PPU[1] Thread (main_thread)[0x01749058]} sys_lwmutex warning: sys_lwmutex_create(lwmutex_addr=0x30255800, attr_addr=0xd000f968)
HLE: ! {PPU[1] Thread (main_thread)[0x01749058]} sys_lwmutex : *** lwmutex created [] (attribute=0x12): sq_id = 27
HLE: W {PPU[1] Thread (main_thread)[0x01749148]} sys_lwcond warning: *** lwcond created [] (lwmutex_addr=0x30255800): id = 28
HLE: W {PPU[1] Thread (main_thread)[0x01749058]} sys_lwmutex warning: sys_lwmutex_create(lwmutex_addr=0x30255850, attr_addr=0xd000f968)
HLE: ! {PPU[1] Thread (main_thread)[0x01749058]} sys_lwmutex : *** lwmutex created [] (attribute=0x12): sq_id = 29
HLE: W {PPU[1] Thread (main_thread)[0x01749148]} sys_lwcond warning: *** lwcond created [] (lwmutex_addr=0x30255850): id = 30
HLE: W {PPU[1] Thread (main_thread)[0x01749058]} sys_lwmutex warning: sys_lwmutex_create(lwmutex_addr=0x302558a0, attr_addr=0xd000f968)
HLE: ! {PPU[1] Thread (main_thread)[0x01749058]} sys_lwmutex : *** lwmutex created [] (attribute=0x12): sq_id = 31
HLE: W {PPU[1] Thread (main_thread)[0x01749148]} sys_lwcond warning: *** lwcond created [] (lwmutex_addr=0x302558a0): id = 32
HLE: W {PPU[1] Thread (main_thread)[0x01749058]} sys_lwmutex warning: sys_lwmutex_create(lwmutex_addr=0x302558f0, attr_addr=0xd000f968)
HLE: ! {PPU[1] Thread (main_thread)[0x01749058]} sys_lwmutex : *** lwmutex created [] (attribute=0x12): sq_id = 33
HLE: W {PPU[1] Thread (main_thread)[0x01749148]} sys_lwcond warning: *** lwcond created [] (lwmutex_addr=0x302558f0): id = 34
HLE: W {PPU[1] Thread (main_thread)[0x01749058]} sys_lwmutex warning: sys_lwmutex_create(lwmutex_addr=0x30255940, attr_addr=0xd000f968)
HLE: ! {PPU[1] Thread (main_thread)[0x01749058]} sys_lwmutex : *** lwmutex created [] (attribute=0x12): sq_id = 35
HLE: W {PPU[1] Thread (main_thread)[0x01749148]} sys_lwcond warning: *** lwcond created [] (lwmutex_addr=0x30255940): id = 36
HLE: W {PPU[1] Thread (main_thread)[0x01749058]} sys_lwmutex warning: sys_lwmutex_create(lwmutex_addr=0x30255990, attr_addr=0xd000f968)
HLE: ! {PPU[1] Thread (main_thread)[0x01749058]} sys_lwmutex : *** lwmutex created [] (attribute=0x12): sq_id = 37
HLE: W {PPU[1] Thread (main_thread)[0x01749148]} sys_lwcond warning: *** lwcond created [] (lwmutex_addr=0x30255990): id = 38
HLE: W {PPU[1] Thread (main_thread)[0x01749058]} sys_lwmutex warning: sys_lwmutex_create(lwmutex_addr=0x302559e0, attr_addr=0xd000f968)
HLE: ! {PPU[1] Thread (main_thread)[0x01749058]} sys_lwmutex : *** lwmutex created [] (attribute=0x12): sq_id = 39
HLE: W {PPU[1] Thread (main_thread)[0x01749148]} sys_lwcond warning: *** lwcond created [] (lwmutex_addr=0x302559e0): id = 40
HLE: W {PPU[1] Thread (main_thread)[0x01749058]} sys_lwmutex warning: sys_lwmutex_create(lwmutex_addr=0x30255a30, attr_addr=0xd000f968)
HLE: ! {PPU[1] Thread (main_thread)[0x01749058]} sys_lwmutex : *** lwmutex created [] (attribute=0x12): sq_id = 41
HLE: W {PPU[1] Thread (main_thread)[0x01749148]} sys_lwcond warning: *** lwcond created [] (lwmutex_addr=0x30255a30): id = 42
HLE: W {PPU[1] Thread (main_thread)[0x01749058]} sys_lwmutex warning: sys_lwmutex_create(lwmutex_addr=0x30255a80, attr_addr=0xd000f968)
HLE: ! {PPU[1] Thread (main_thread)[0x01749058]} sys_lwmutex : *** lwmutex created [] (attribute=0x12): sq_id = 43
HLE: W {PPU[1] Thread (main_thread)[0x01749148]} sys_lwcond warning: *** lwcond created [] (lwmutex_addr=0x30255a80): id = 44
HLE: W {PPU[1] Thread (main_thread)[0x01749058]} sys_lwmutex warning: sys_lwmutex_create(lwmutex_addr=0x30255ad0, attr_addr=0xd000f968)
HLE: ! {PPU[1] Thread (main_thread)[0x01749058]} sys_lwmutex : *** lwmutex created [] (attribute=0x12): sq_id = 45
HLE: W {PPU[1] Thread (main_thread)[0x01749148]} sys_lwcond warning: *** lwcond created [] (lwmutex_addr=0x30255ad0): id = 46
HLE: W {PPU[1] Thread (main_thread)[0x01749058]} sys_lwmutex warning: sys_lwmutex_create(lwmutex_addr=0x30255b20, attr_addr=0xd000f968)
HLE: ! {PPU[1] Thread (main_thread)[0x01749058]} sys_lwmutex : *** lwmutex created [] (attribute=0x12): sq_id = 47
HLE: W {PPU[1] Thread (main_thread)[0x01749148]} sys_lwcond warning: *** lwcond created [] (lwmutex_addr=0x30255b20): id = 48
HLE: W {PPU[1] Thread (main_thread)[0x01749058]} sys_lwmutex warning: sys_lwmutex_create(lwmutex_addr=0x30255b70, attr_addr=0xd000f968)
HLE: ! {PPU[1] Thread (main_thread)[0x01749058]} sys_lwmutex : *** lwmutex created [] (attribute=0x12): sq_id = 49
HLE: W {PPU[1] Thread (main_thread)[0x01749148]} sys_lwcond warning: *** lwcond created [] (lwmutex_addr=0x30255b70): id = 50
HLE: W {PPU[1] Thread (main_thread)[0x01749058]} sys_lwmutex warning: sys_lwmutex_create(lwmutex_addr=0x30255bc0, attr_addr=0xd000f968)
HLE: ! {PPU[1] Thread (main_thread)[0x01749058]} sys_lwmutex : *** lwmutex created [] (attribute=0x12): sq_id = 51
HLE: W {PPU[1] Thread (main_thread)[0x01749148]} sys_lwcond warning: *** lwcond created [] (lwmutex_addr=0x30255bc0): id = 52
HLE: W {PPU[1] Thread (main_thread)[0x01749058]} sys_lwmutex warning: sys_lwmutex_create(lwmutex_addr=0x30255c10, attr_addr=0xd000f968)
HLE: ! {PPU[1] Thread (main_thread)[0x01749058]} sys_lwmutex : *** lwmutex created [] (attribute=0x12): sq_id = 53
HLE: W {PPU[1] Thread (main_thread)[0x01749148]} sys_lwcond warning: *** lwcond created [] (lwmutex_addr=0x30255c10): id = 54
HLE: W {PPU[1] Thread (main_thread)[0x01749058]} sys_lwmutex warning: sys_lwmutex_create(lwmutex_addr=0x30255c60, attr_addr=0xd000f968)
HLE: ! {PPU[1] Thread (main_thread)[0x01749058]} sys_lwmutex : *** lwmutex created [] (attribute=0x12): sq_id = 55
HLE: W {PPU[1] Thread (main_thread)[0x01749148]} sys_lwcond warning: *** lwcond created [] (lwmutex_addr=0x30255c60): id = 56
HLE: W {PPU[1] Thread (main_thread)[0x01749058]} sys_lwmutex warning: sys_lwmutex_create(lwmutex_addr=0x30255cb0, attr_addr=0xd000f968)
HLE: ! {PPU[1] Thread (main_thread)[0x01749058]} sys_lwmutex : *** lwmutex created [] (attribute=0x12): sq_id = 57
HLE: W {PPU[1] Thread (main_thread)[0x01749148]} sys_lwcond warning: *** lwcond created [] (lwmutex_addr=0x30255cb0): id = 58
HLE: W {PPU[1] Thread (main_thread)[0x01749058]} sys_lwmutex warning: sys_lwmutex_create(lwmutex_addr=0x30255d00, attr_addr=0xd000f968)
HLE: ! {PPU[1] Thread (main_thread)[0x01749058]} sys_lwmutex : *** lwmutex created [] (attribute=0x12): sq_id = 59
HLE: W {PPU[1] Thread (main_thread)[0x01749148]} sys_lwcond warning: *** lwcond created [] (lwmutex_addr=0x30255d00): id = 60
HLE: W {PPU[1] Thread (main_thread)[0x01749058]} sys_lwmutex warning: sys_lwmutex_create(lwmutex_addr=0x30255d50, attr_addr=0xd000f968)
HLE: ! {PPU[1] Thread (main_thread)[0x01749058]} sys_lwmutex : *** lwmutex created [] (attribute=0x12): sq_id = 61
HLE: W {PPU[1] Thread (main_thread)[0x01749148]} sys_lwcond warning: *** lwcond created [] (lwmutex_addr=0x30255d50): id = 62
HLE: W {PPU[1] Thread (main_thread)[0x01749058]} sys_lwmutex warning: sys_lwmutex_create(lwmutex_addr=0x30255da0, attr_addr=0xd000f968)
HLE: ! {PPU[1] Thread (main_thread)[0x01749058]} sys_lwmutex : *** lwmutex created [] (attribute=0x12): sq_id = 63
HLE: W {PPU[1] Thread (main_thread)[0x01749148]} sys_lwcond warning: *** lwcond created [] (lwmutex_addr=0x30255da0): id = 64
HLE: W {PPU[1] Thread (main_thread)[0x01749058]} sys_lwmutex warning: sys_lwmutex_create(lwmutex_addr=0x30255df0, attr_addr=0xd000f968)
HLE: ! {PPU[1] Thread (main_thread)[0x01749058]} sys_lwmutex : *** lwmutex created [] (attribute=0x12): sq_id = 65
HLE: W {PPU[1] Thread (main_thread)[0x01749148]} sys_lwcond warning: *** lwcond created [] (lwmutex_addr=0x30255df0): id = 66
HLE: W {PPU[1] Thread (main_thread)[0x01749058]} sys_lwmutex warning: sys_lwmutex_create(lwmutex_addr=0x30255e40, attr_addr=0xd000f968)
HLE: ! {PPU[1] Thread (main_thread)[0x01749058]} sys_lwmutex : *** lwmutex created [] (attribute=0x12): sq_id = 67
HLE: W {PPU[1] Thread (main_thread)[0x01749148]} sys_lwcond warning: *** lwcond created [] (lwmutex_addr=0x30255e40): id = 68
HLE: W {PPU[1] Thread (main_thread)[0x01749058]} sys_lwmutex warning: sys_lwmutex_create(lwmutex_addr=0x30255e90, attr_addr=0xd000f968)
HLE: ! {PPU[1] Thread (main_thread)[0x01749058]} sys_lwmutex : *** lwmutex created [] (attribute=0x12): sq_id = 69
HLE: W {PPU[1] Thread (main_thread)[0x01749148]} sys_lwcond warning: *** lwcond created [] (lwmutex_addr=0x30255e90): id = 70
HLE: W {PPU[1] Thread (main_thread)[0x01749058]} sys_lwmutex warning: sys_lwmutex_create(lwmutex_addr=0x30255ee0, attr_addr=0xd000f968)
HLE: ! {PPU[1] Thread (main_thread)[0x01749058]} sys_lwmutex : *** lwmutex created [] (attribute=0x12): sq_id = 71
HLE: W {PPU[1] Thread (main_thread)[0x01749148]} sys_lwcond warning: *** lwcond created [] (lwmutex_addr=0x30255ee0): id = 72
HLE: W {PPU[1] Thread (main_thread)[0x01749058]} sys_lwmutex warning: sys_lwmutex_create(lwmutex_addr=0x30255f30, attr_addr=0xd000f968)
HLE: ! {PPU[1] Thread (main_thread)[0x01749058]} sys_lwmutex : *** lwmutex created [] (attribute=0x12): sq_id = 73
HLE: W {PPU[1] Thread (main_thread)[0x01749148]} sys_lwcond warning: *** lwcond created [] (lwmutex_addr=0x30255f30): id = 74
HLE: W {PPU[1] Thread (main_thread)[0x01749058]} sys_lwmutex warning: sys_lwmutex_create(lwmutex_addr=0x30255f80, attr_addr=0xd000f968)
HLE: ! {PPU[1] Thread (main_thread)[0x01749058]} sys_lwmutex : *** lwmutex created [] (attribute=0x12): sq_id = 75
HLE: W {PPU[1] Thread (main_thread)[0x01749148]} sys_lwcond warning: *** lwcond created [] (lwmutex_addr=0x30255f80): id = 76
HLE: W {PPU[1] Thread (main_thread)[0x01749058]} sys_lwmutex warning: sys_lwmutex_create(lwmutex_addr=0x30255fd0, attr_addr=0xd000f968)
HLE: ! {PPU[1] Thread (main_thread)[0x01749058]} sys_lwmutex : *** lwmutex created [] (attribute=0x12): sq_id = 77
HLE: W {PPU[1] Thread (main_thread)[0x01749148]} sys_lwcond warning: *** lwcond created [] (lwmutex_addr=0x30255fd0): id = 78
HLE: W {PPU[1] Thread (main_thread)[0x01749058]} sys_lwmutex warning: sys_lwmutex_create(lwmutex_addr=0x30256020, attr_addr=0xd000f968)
HLE: ! {PPU[1] Thread (main_thread)[0x01749058]} sys_lwmutex : *** lwmutex created [] (attribute=0x12): sq_id = 79
HLE: W {PPU[1] Thread (main_thread)[0x01749148]} sys_lwcond warning: *** lwcond created [] (lwmutex_addr=0x30256020): id = 80
HLE: W {PPU[1] Thread (main_thread)[0x01749058]} sys_lwmutex warning: sys_lwmutex_create(lwmutex_addr=0x30256070, attr_addr=0xd000f968)
HLE: ! {PPU[1] Thread (main_thread)[0x01749058]} sys_lwmutex : *** lwmutex created [] (attribute=0x12): sq_id = 81
HLE: W {PPU[1] Thread (main_thread)[0x01749148]} sys_lwcond warning: *** lwcond created [] (lwmutex_addr=0x30256070): id = 82
HLE: W {PPU[1] Thread (main_thread)[0x01749058]} sys_lwmutex warning: sys_lwmutex_create(lwmutex_addr=0x302560c0, attr_addr=0xd000f968)
HLE: ! {PPU[1] Thread (main_thread)[0x01749058]} sys_lwmutex : *** lwmutex created [] (attribute=0x12): sq_id = 83
HLE: W {PPU[1] Thread (main_thread)[0x01749148]} sys_lwcond warning: *** lwcond created [] (lwmutex_addr=0x302560c0): id = 84
HLE: W {PPU[1] Thread (main_thread)[0x01749058]} sys_lwmutex warning: sys_lwmutex_create(lwmutex_addr=0x30256110, attr_addr=0xd000f968)
HLE: ! {PPU[1] Thread (main_thread)[0x01749058]} sys_lwmutex : *** lwmutex created [] (attribute=0x12): sq_id = 85
HLE: W {PPU[1] Thread (main_thread)[0x01749148]} sys_lwcond warning: *** lwcond created [] (lwmutex_addr=0x30256110): id = 86
HLE: W {PPU[1] Thread (main_thread)[0x01749058]} sys_lwmutex warning: sys_lwmutex_create(lwmutex_addr=0x30256160, attr_addr=0xd000f968)
HLE: ! {PPU[1] Thread (main_thread)[0x01749058]} sys_lwmutex : *** lwmutex created [] (attribute=0x12): sq_id = 87
HLE: W {PPU[1] Thread (main_thread)[0x01749148]} sys_lwcond warning: *** lwcond created [] (lwmutex_addr=0x30256160): id = 88
HLE: W {PPU[1] Thread (main_thread)[0x01749058]} sys_lwmutex warning: sys_lwmutex_create(lwmutex_addr=0x302561b0, attr_addr=0xd000f968)
HLE: ! {PPU[1] Thread (main_thread)[0x01749058]} sys_lwmutex : *** lwmutex created [] (attribute=0x12): sq_id = 89
HLE: W {PPU[1] Thread (main_thread)[0x01749148]} sys_lwcond warning: *** lwcond created [] (lwmutex_addr=0x302561b0): id = 90
HLE: W {PPU[1] Thread (main_thread)[0x01749058]} sys_lwmutex warning: sys_lwmutex_create(lwmutex_addr=0x30256200, attr_addr=0xd000f968)
HLE: ! {PPU[1] Thread (main_thread)[0x01749058]} sys_lwmutex : *** lwmutex created [] (attribute=0x12): sq_id = 91
HLE: W {PPU[1] Thread (main_thread)[0x01749148]} sys_lwcond warning: *** lwcond created [] (lwmutex_addr=0x30256200): id = 92
HLE: W {PPU[1] Thread (main_thread)[0x01749058]} sys_lwmutex warning: sys_lwmutex_create(lwmutex_addr=0x30256250, attr_addr=0xd000f968)
HLE: ! {PPU[1] Thread (main_thread)[0x01749058]} sys_lwmutex : *** lwmutex created [] (attribute=0x12): sq_id = 93
HLE: W {PPU[1] Thread (main_thread)[0x01749148]} sys_lwcond warning: *** lwcond created [] (lwmutex_addr=0x30256250): id = 94
HLE: W {PPU[1] Thread (main_thread)[0x01749058]} sys_lwmutex warning: sys_lwmutex_create(lwmutex_addr=0x302562a0, attr_addr=0xd000f968)
HLE: ! {PPU[1] Thread (main_thread)[0x01749058]} sys_lwmutex : *** lwmutex created [] (attribute=0x12): sq_id = 95
HLE: W {PPU[1] Thread (main_thread)[0x01749148]} sys_lwcond warning: *** lwcond created [] (lwmutex_addr=0x302562a0): id = 96
HLE: W {PPU[1] Thread (main_thread)[0x01749058]} sys_lwmutex warning: sys_lwmutex_create(lwmutex_addr=0x302562f0, attr_addr=0xd000f968)
HLE: ! {PPU[1] Thread (main_thread)[0x01749058]} sys_lwmutex : *** lwmutex created [] (attribute=0x12): sq_id = 97
HLE: W {PPU[1] Thread (main_thread)[0x01749148]} sys_lwcond warning: *** lwcond created [] (lwmutex_addr=0x302562f0): id = 98
HLE: W {PPU[1] Thread (main_thread)[0x01749058]} sys_lwmutex warning: sys_lwmutex_create(lwmutex_addr=0x30256340, attr_addr=0xd000f968)
HLE: ! {PPU[1] Thread (main_thread)[0x01749058]} sys_lwmutex : *** lwmutex created [] (attribute=0x12): sq_id = 99
HLE: W {PPU[1] Thread (main_thread)[0x01749148]} sys_lwcond warning: *** lwcond created [] (lwmutex_addr=0x30256340): id = 100
HLE: W {PPU[1] Thread (main_thread)[0x01749058]} sys_lwmutex warning: sys_lwmutex_create(lwmutex_addr=0x30256390, attr_addr=0xd000f968)
HLE: ! {PPU[1] Thread (main_thread)[0x01749058]} sys_lwmutex : *** lwmutex created [] (attribute=0x12): sq_id = 101
HLE: W {PPU[1] Thread (main_thread)[0x01749148]} sys_lwcond warning: *** lwcond created [] (lwmutex_addr=0x30256390): id = 102
HLE: W {PPU[1] Thread (main_thread)[0x01749058]} sys_lwmutex warning: sys_lwmutex_create(lwmutex_addr=0x302563e0, attr_addr=0xd000f968)
HLE: ! {PPU[1] Thread (main_thread)[0x01749058]} sys_lwmutex : *** lwmutex created [] (attribute=0x12): sq_id = 103
HLE: W {PPU[1] Thread (main_thread)[0x01749148]} sys_lwcond warning: *** lwcond created [] (lwmutex_addr=0x302563e0): id = 104
HLE: W {PPU[1] Thread (main_thread)[0x01749058]} sys_lwmutex warning: sys_lwmutex_create(lwmutex_addr=0x30256430, attr_addr=0xd000f968)
HLE: ! {PPU[1] Thread (main_thread)[0x01749058]} sys_lwmutex : *** lwmutex created [] (attribute=0x12): sq_id = 105
HLE: W {PPU[1] Thread (main_thread)[0x01749148]} sys_lwcond warning: *** lwcond created [] (lwmutex_addr=0x30256430): id = 106
HLE: W {PPU[1] Thread (main_thread)[0x01749058]} sys_lwmutex warning: sys_lwmutex_create(lwmutex_addr=0x30256480, attr_addr=0xd000f968)
HLE: ! {PPU[1] Thread (main_thread)[0x01749058]} sys_lwmutex : *** lwmutex created [] (attribute=0x12): sq_id = 107
HLE: W {PPU[1] Thread (main_thread)[0x01749148]} sys_lwcond warning: *** lwcond created [] (lwmutex_addr=0x30256480): id = 108
HLE: W {PPU[1] Thread (main_thread)[0x01749058]} sys_lwmutex warning: sys_lwmutex_create(lwmutex_addr=0x302564d0, attr_addr=0xd000f968)
HLE: ! {PPU[1] Thread (main_thread)[0x01749058]} sys_lwmutex : *** lwmutex created [] (attribute=0x12): sq_id = 109
HLE: W {PPU[1] Thread (main_thread)[0x01749148]} sys_lwcond warning: *** lwcond created [] (lwmutex_addr=0x302564d0): id = 110
HLE: W {PPU[1] Thread (main_thread)[0x01749058]} sys_lwmutex warning: sys_lwmutex_create(lwmutex_addr=0x30256520, attr_addr=0xd000f968)
HLE: ! {PPU[1] Thread (main_thread)[0x01749058]} sys_lwmutex : *** lwmutex created [] (attribute=0x12): sq_id = 111
HLE: W {PPU[1] Thread (main_thread)[0x01749148]} sys_lwcond warning: *** lwcond created [] (lwmutex_addr=0x30256520): id = 112
HLE: W {PPU[1] Thread (main_thread)[0x01749058]} sys_lwmutex warning: sys_lwmutex_create(lwmutex_addr=0x30256570, attr_addr=0xd000f968)
HLE: ! {PPU[1] Thread (main_thread)[0x01749058]} sys_lwmutex : *** lwmutex created [] (attribute=0x12): sq_id = 113
HLE: W {PPU[1] Thread (main_thread)[0x01749148]} sys_lwcond warning: *** lwcond created [] (lwmutex_addr=0x30256570): id = 114
HLE: W {PPU[1] Thread (main_thread)[0x01749058]} sys_lwmutex warning: sys_lwmutex_create(lwmutex_addr=0x302565c0, attr_addr=0xd000f968)
HLE: ! {PPU[1] Thread (main_thread)[0x01749058]} sys_lwmutex : *** lwmutex created [] (attribute=0x12): sq_id = 115
HLE: W {PPU[1] Thread (main_thread)[0x01749148]} sys_lwcond warning: *** lwcond created [] (lwmutex_addr=0x302565c0): id = 116
HLE: W {PPU[1] Thread (main_thread)[0x01749058]} sys_lwmutex warning: sys_lwmutex_create(lwmutex_addr=0x30256610, attr_addr=0xd000f968)
HLE: ! {PPU[1] Thread (main_thread)[0x01749058]} sys_lwmutex : *** lwmutex created [] (attribute=0x12): sq_id = 117
HLE: W {PPU[1] Thread (main_thread)[0x01749148]} sys_lwcond warning: *** lwcond created [] (lwmutex_addr=0x30256610): id = 118
HLE: W {PPU[1] Thread (main_thread)[0x01749058]} sys_lwmutex warning: sys_lwmutex_create(lwmutex_addr=0x30256660, attr_addr=0xd000f968)
HLE: ! {PPU[1] Thread (main_thread)[0x01749058]} sys_lwmutex : *** lwmutex created [] (attribute=0x12): sq_id = 119
HLE: W {PPU[1] Thread (main_thread)[0x01749148]} sys_lwcond warning: *** lwcond created [] (lwmutex_addr=0x30256660): id = 120
HLE: W {PPU[1] Thread (main_thread)[0x01749058]} sys_lwmutex warning: sys_lwmutex_create(lwmutex_addr=0x302566b0, attr_addr=0xd000f968)
HLE: ! {PPU[1] Thread (main_thread)[0x01749058]} sys_lwmutex : *** lwmutex created [] (attribute=0x12): sq_id = 121
HLE: W {PPU[1] Thread (main_thread)[0x01749148]} sys_lwcond warning: *** lwcond created [] (lwmutex_addr=0x302566b0): id = 122
HLE: W {PPU[1] Thread (main_thread)[0x01749058]} sys_lwmutex warning: sys_lwmutex_create(lwmutex_addr=0x30256700, attr_addr=0xd000f968)
HLE: ! {PPU[1] Thread (main_thread)[0x01749058]} sys_lwmutex : *** lwmutex created [] (attribute=0x12): sq_id = 123
HLE: W {PPU[1] Thread (main_thread)[0x01749148]} sys_lwcond warning: *** lwcond created [] (lwmutex_addr=0x30256700): id = 124
HLE: W {PPU[1] Thread (main_thread)[0x01749058]} sys_lwmutex warning: sys_lwmutex_create(lwmutex_addr=0x30256750, attr_addr=0xd000f968)
HLE: ! {PPU[1] Thread (main_thread)[0x01749058]} sys_lwmutex : *** lwmutex created [] (attribute=0x12): sq_id = 125
HLE: W {PPU[1] Thread (main_thread)[0x01749148]} sys_lwcond warning: *** lwcond created [] (lwmutex_addr=0x30256750): id = 126
HLE: W {PPU[1] Thread (main_thread)[0x01749058]} sys_lwmutex warning: sys_lwmutex_create(lwmutex_addr=0x302567a0, attr_addr=0xd000f968)
HLE: ! {PPU[1] Thread (main_thread)[0x01749058]} sys_lwmutex : *** lwmutex created [] (attribute=0x12): sq_id = 127
HLE: W {PPU[1] Thread (main_thread)[0x01749148]} sys_lwcond warning: *** lwcond created [] (lwmutex_addr=0x302567a0): id = 128
HLE: W {PPU[1] Thread (main_thread)[0x01749058]} sys_lwmutex warning: sys_lwmutex_create(lwmutex_addr=0x302567f0, attr_addr=0xd000f968)
HLE: ! {PPU[1] Thread (main_thread)[0x01749058]} sys_lwmutex : *** lwmutex created [] (attribute=0x12): sq_id = 129
HLE: W {PPU[1] Thread (main_thread)[0x01749148]} sys_lwcond warning: *** lwcond created [] (lwmutex_addr=0x302567f0): id = 130
HLE: W {PPU[1] Thread (main_thread)[0x01749058]} sys_lwmutex warning: sys_lwmutex_create(lwmutex_addr=0x30256840, attr_addr=0xd000f968)
HLE: ! {PPU[1] Thread (main_thread)[0x01749058]} sys_lwmutex : *** lwmutex created [] (attribute=0x12): sq_id = 131
HLE: W {PPU[1] Thread (main_thread)[0x01749148]} sys_lwcond warning: *** lwcond created [] (lwmutex_addr=0x30256840): id = 132
HLE: W {PPU[1] Thread (main_thread)[0x01749058]} sys_lwmutex warning: sys_lwmutex_create(lwmutex_addr=0x30256890, attr_addr=0xd000f968)
HLE: ! {PPU[1] Thread (main_thread)[0x01749058]} sys_lwmutex : *** lwmutex created [] (attribute=0x12): sq_id = 133
HLE: W {PPU[1] Thread (main_thread)[0x01749148]} sys_lwcond warning: *** lwcond created [] (lwmutex_addr=0x30256890): id = 134
HLE: W {PPU[1] Thread (main_thread)[0x01749058]} sys_lwmutex warning: sys_lwmutex_create(lwmutex_addr=0x302568e0, attr_addr=0xd000f968)
HLE: ! {PPU[1] Thread (main_thread)[0x01749058]} sys_lwmutex : *** lwmutex created [] (attribute=0x12): sq_id = 135
HLE: W {PPU[1] Thread (main_thread)[0x01749148]} sys_lwcond warning: *** lwcond created [] (lwmutex_addr=0x302568e0): id = 136
HLE: W {PPU[1] Thread (main_thread)[0x01749058]} sys_lwmutex warning: sys_lwmutex_create(lwmutex_addr=0x30256930, attr_addr=0xd000f968)
HLE: ! {PPU[1] Thread (main_thread)[0x01749058]} sys_lwmutex : *** lwmutex created [] (attribute=0x12): sq_id = 137
HLE: W {PPU[1] Thread (main_thread)[0x01749148]} sys_lwcond warning: *** lwcond created [] (lwmutex_addr=0x30256930): id = 138
HLE: W {PPU[1] Thread (main_thread)[0x01749058]} sys_lwmutex warning: sys_lwmutex_create(lwmutex_addr=0x30256980, attr_addr=0xd000f968)
HLE: ! {PPU[1] Thread (main_thread)[0x01749058]} sys_lwmutex : *** lwmutex created [] (attribute=0x12): sq_id = 139
HLE: W {PPU[1] Thread (main_thread)[0x01749148]} sys_lwcond warning: *** lwcond created [] (lwmutex_addr=0x30256980): id = 140
HLE: W {PPU[1] Thread (main_thread)[0x01749058]} sys_lwmutex warning: sys_lwmutex_create(lwmutex_addr=0x302569d0, attr_addr=0xd000f968)
HLE: ! {PPU[1] Thread (main_thread)[0x01749058]} sys_lwmutex : *** lwmutex created [] (attribute=0x12): sq_id = 141
HLE: W {PPU[1] Thread (main_thread)[0x01749148]} sys_lwcond warning: *** lwcond created [] (lwmutex_addr=0x302569d0): id = 142
HLE: W {PPU[1] Thread (main_thread)[0x01749058]} sys_lwmutex warning: sys_lwmutex_create(lwmutex_addr=0x30256a20, attr_addr=0xd000f968)
HLE: ! {PPU[1] Thread (main_thread)[0x01749058]} sys_lwmutex : *** lwmutex created [] (attribute=0x12): sq_id = 143
HLE: W {PPU[1] Thread (main_thread)[0x01749148]} sys_lwcond warning: *** lwcond created [] (lwmutex_addr=0x30256a20): id = 144
HLE: W {PPU[1] Thread (main_thread)[0x01749058]} sys_lwmutex warning: sys_lwmutex_create(lwmutex_addr=0x30256a70, attr_addr=0xd000f968)
HLE: ! {PPU[1] Thread (main_thread)[0x01749058]} sys_lwmutex : *** lwmutex created [] (attribute=0x12): sq_id = 145
HLE: W {PPU[1] Thread (main_thread)[0x01749148]} sys_lwcond warning: *** lwcond created [] (lwmutex_addr=0x30256a70): id = 146
HLE: W {PPU[1] Thread (main_thread)[0x00e55274]} sys_semaphore warning: sys_semaphore_create(sem_addr=0x30100060, attr_addr=0xd000f820, initial_count=0, max_count=2147483647)
HLE: ! {PPU[1] Thread (main_thread)[0x00e55274]} sys_semaphore : *** semaphore created [] (protocol=0x2): id = 147
HLE: W {PPU[1] Thread (main_thread)[0x01749058]} sys_lwmutex warning: sys_lwmutex_create(lwmutex_addr=0x60401ff0, attr_addr=0xd000f810)
HLE: ! {PPU[1] Thread (main_thread)[0x01749058]} sys_lwmutex : *** lwmutex created [] (attribute=0x12): sq_id = 148
HLE: ! {PPU[1] Thread (main_thread)[0x01749028]} sys_ppu_thread : *** New PPU Thread [pxd::async_file_access(0)] (joinable, entry=0x1354e48): id = 149
HLE: W {PPU[1] Thread (main_thread)[0x00e55274]} sys_semaphore warning: sys_semaphore_create(sem_addr=0x30100070, attr_addr=0xd000f820, initial_count=0, max_count=2147483647)
HLE: ! {PPU[1] Thread (main_thread)[0x00e55274]} sys_semaphore : *** semaphore created [] (protocol=0x2): id = 150
HLE: W {PPU[1] Thread (main_thread)[0x01749058]} sys_lwmutex warning: sys_lwmutex_create(lwmutex_addr=0x60402870, attr_addr=0xd000f810)
HLE: ! {PPU[1] Thread (main_thread)[0x01749058]} sys_lwmutex : *** lwmutex created [] (attribute=0x12): sq_id = 151
HLE: ! {PPU[1] Thread (main_thread)[0x01749028]} sys_ppu_thread : *** New PPU Thread [pxd::async_file_access(1)] (joinable, entry=0x1354e48): id = 152
HLE: W {PPU[1] Thread (main_thread)[0x01749058]} sys_lwmutex warning: sys_lwmutex_create(lwmutex_addr=0x16166a0, attr_addr=0xd000f940)
HLE: ! {PPU[1] Thread (main_thread)[0x01749058]} sys_lwmutex : *** lwmutex created [] (attribute=0x12): sq_id = 153
HLE: W {PPU[1] Thread (main_thread)[0x01749058]} sys_lwmutex warning: sys_lwmutex_create(lwmutex_addr=0x161a0c8, attr_addr=0xd000f9c0)
HLE: ! {PPU[1] Thread (main_thread)[0x01749058]} sys_lwmutex : *** lwmutex created [] (attribute=0x12): sq_id = 154
HLE: W {PPU[1] Thread (main_thread)[0x0131e010]} cellSysmodule warning: cellSysmoduleLoadModule(CELL_SYSMODULE_FS)
HLE: W {PPU[1] Thread (main_thread)[0x0131e010]} cellSysmodule warning: cellSysmoduleLoadModule(CELL_SYSMODULE_SYSUTIL_GAME)
HLE: W {PPU[1] Thread (main_thread)[0x0173f010]} sys_io warning: cellPadInit(max_connect=7)
HLE: W {PPU[1] Thread (main_thread)[0x0131c094]} cellSysutil warning: cellSysutilGetSystemParamInt: CELL_SYSUTIL_SYSTEMPARAM_ID_ENTER_BUTTON_ASSIGN
HLE: W {PPU[1] Thread (main_thread)[0x00e5d52c]} sys_semaphore warning: sys_semaphore_create(sem_addr=0x30256ac0, attr_addr=0xd000faa0, initial_count=0, max_count=2147483647)
HLE: ! {PPU[1] Thread (main_thread)[0x00e5d52c]} sys_semaphore : *** semaphore created [] (protocol=0x2): id = 155
HLE: W {PPU[1] Thread (main_thread)[0x00e5d58c]} sys_semaphore warning: sys_semaphore_create(sem_addr=0x30256ad0, attr_addr=0xd000faa0, initial_count=0, max_count=2147483647)
HLE: ! {PPU[1] Thread (main_thread)[0x00e5d58c]} sys_semaphore : *** semaphore created [] (protocol=0x2): id = 156
HLE: ! {PPU[1] Thread (main_thread)[0x01749028]} sys_ppu_thread : *** New PPU Thread [mt_task_thread] (joinable, entry=0x1354e48): id = 157
HLE: W {PPU[1] Thread (main_thread)[0x0172d0d0]} cellSpurs warning: _cellSpursAttributeInitialize(attr_addr=0xd000f560, revision=2, sdkVersion=0x330000, nSpus=5, spuPriority=250, ppuPriority=450, exitIfNoWork=0)
HLE: W {PPU[1] Thread (main_thread)[0x0172d004]} cellSpurs warning: cellSpursAttributeSetNamePrefix(attr_addr=0xd000f560, prefix_addr=0xd000f530, size=5)
HLE: W {PPU[1] Thread (main_thread)[0x0172d124]} cellSpurs warning: cellSpursAttributeSetSpuThreadGroupType(attr_addr=0xd000f560, type=24)
HLE: W {PPU[1] Thread (main_thread)[0x0172d058]} cellSpurs warning: cellSpursInitializeWithAttribute2(spurs_addr=0x30297c80, attr_addr=0xd000f560)
HLE: ! {PPU[1] Thread (main_thread)[0x0172d058]} sys_semaphore : *** semaphore created [_spuWkl] (protocol=0x2): id = 158
HLE: ! {PPU[1] Thread (main_thread)[0x0172d058]} sys_semaphore : *** semaphore created [_spuWkl] (protocol=0x2): id = 159
HLE: ! {PPU[1] Thread (main_thread)[0x0172d058]} sys_semaphore : *** semaphore created [_spuWkl] (protocol=0x2): id = 160
HLE: ! {PPU[1] Thread (main_thread)[0x0172d058]} sys_semaphore : *** semaphore created [_spuWkl] (protocol=0x2): id = 161
HLE: ! {PPU[1] Thread (main_thread)[0x0172d058]} sys_semaphore : *** semaphore created [_spuWkl] (protocol=0x2): id = 162
HLE: ! {PPU[1] Thread (main_thread)[0x0172d058]} sys_semaphore : *** semaphore created [_spuWkl] (protocol=0x2): id = 163
HLE: ! {PPU[1] Thread (main_thread)[0x0172d058]} sys_semaphore : *** semaphore created [_spuWkl] (protocol=0x2): id = 164
HLE: ! {PPU[1] Thread (main_thread)[0x0172d058]} sys_semaphore : *** semaphore created [_spuWkl] (protocol=0x2): id = 165
HLE: ! {PPU[1] Thread (main_thread)[0x0172d058]} sys_semaphore : *** semaphore created [_spuWkl] (protocol=0x2): id = 166
HLE: ! {PPU[1] Thread (main_thread)[0x0172d058]} sys_semaphore : *** semaphore created [_spuWkl] (protocol=0x2): id = 167
HLE: ! {PPU[1] Thread (main_thread)[0x0172d058]} sys_semaphore : *** semaphore created [_spuWkl] (protocol=0x2): id = 168
HLE: ! {PPU[1] Thread (main_thread)[0x0172d058]} sys_semaphore : *** semaphore created [_spuWkl] (protocol=0x2): id = 169
HLE: ! {PPU[1] Thread (main_thread)[0x0172d058]} sys_semaphore : *** semaphore created [_spuWkl] (protocol=0x2): id = 170
HLE: ! {PPU[1] Thread (main_thread)[0x0172d058]} sys_semaphore : *** semaphore created [_spuWkl] (protocol=0x2): id = 171
HLE: ! {PPU[1] Thread (main_thread)[0x0172d058]} sys_semaphore : *** semaphore created [_spuWkl] (protocol=0x2): id = 172
HLE: ! {PPU[1] Thread (main_thread)[0x0172d058]} sys_semaphore : *** semaphore created [_spuWkl] (protocol=0x2): id = 173
HLE: ! {PPU[1] Thread (main_thread)[0x0172d058]} sys_semaphore : *** semaphore created [_spuWkl] (protocol=0x2): id = 174
HLE: ! {PPU[1] Thread (main_thread)[0x0172d058]} sys_semaphore : *** semaphore created [_spuWkl] (protocol=0x2): id = 175
HLE: ! {PPU[1] Thread (main_thread)[0x0172d058]} sys_semaphore : *** semaphore created [_spuWkl] (protocol=0x2): id = 176
HLE: ! {PPU[1] Thread (main_thread)[0x0172d058]} sys_semaphore : *** semaphore created [_spuWkl] (protocol=0x2): id = 177
HLE: ! {PPU[1] Thread (main_thread)[0x0172d058]} sys_semaphore : *** semaphore created [_spuWkl] (protocol=0x2): id = 178
HLE: ! {PPU[1] Thread (main_thread)[0x0172d058]} sys_semaphore : *** semaphore created [_spuWkl] (protocol=0x2): id = 179
HLE: ! {PPU[1] Thread (main_thread)[0x0172d058]} sys_semaphore : *** semaphore created [_spuWkl] (protocol=0x2): id = 180
HLE: ! {PPU[1] Thread (main_thread)[0x0172d058]} sys_semaphore : *** semaphore created [_spuWkl] (protocol=0x2): id = 181
HLE: ! {PPU[1] Thread (main_thread)[0x0172d058]} sys_semaphore : *** semaphore created [_spuWkl] (protocol=0x2): id = 182
HLE: ! {PPU[1] Thread (main_thread)[0x0172d058]} sys_semaphore : *** semaphore created [_spuWkl] (protocol=0x2): id = 183
HLE: ! {PPU[1] Thread (main_thread)[0x0172d058]} sys_semaphore : *** semaphore created [_spuWkl] (protocol=0x2): id = 184
HLE: ! {PPU[1] Thread (main_thread)[0x0172d058]} sys_semaphore : *** semaphore created [_spuWkl] (protocol=0x2): id = 185
HLE: ! {PPU[1] Thread (main_thread)[0x0172d058]} sys_semaphore : *** semaphore created [_spuWkl] (protocol=0x2): id = 186
HLE: ! {PPU[1] Thread (main_thread)[0x0172d058]} sys_semaphore : *** semaphore created [_spuWkl] (protocol=0x2): id = 187
HLE: ! {PPU[1] Thread (main_thread)[0x0172d058]} sys_semaphore : *** semaphore created [_spuWkl] (protocol=0x2): id = 188
HLE: ! {PPU[1] Thread (main_thread)[0x0172d058]} sys_semaphore : *** semaphore created [_spuWkl] (protocol=0x2): id = 189
HLE: ! {PPU[1] Thread (main_thread)[0x0172d058]} sys_semaphore : *** semaphore created [_spuPrv] (protocol=0x2): id = 190
HLE: E {PPU[1] Thread (main_thread)[0x0172d058]} sys_spu TODO: Unsupported SPU Thread Group type (0x18)
HLE: ! {PPU[1] Thread (main_thread)[0x0172d058]} sys_spu : *** SPU Thread Group created [pxd::CellSpursKernelGroup] (num=5, prio=250, type=0x18, container=0): id=191
HLE: E {PPU[1] Thread (main_thread)[0x0172d058]} sys_spu TODO: Unsupported SPU Thread options (0x2)
HLE: W {PPU[1] Thread (main_thread)[0x0172d058]} sys_spu warning: *** New SPU Thread [pxd::CellSpursKernel0] (ep=0x0, opt=0x2, a1=0x0, a2=0x0, a3=0x0, a4=0x0): id=192, spu_offset=0x30050000
HLE: E {PPU[1] Thread (main_thread)[0x0172d058]} sys_spu TODO: Unsupported SPU Thread options (0x2)
HLE: W {PPU[1] Thread (main_thread)[0x0172d058]} sys_spu warning: *** New SPU Thread [pxd::CellSpursKernel1] (ep=0x0, opt=0x2, a1=0x0, a2=0x0, a3=0x0, a4=0x0): id=193, spu_offset=0x30090000
HLE: E {PPU[1] Thread (main_thread)[0x0172d058]} sys_spu TODO: Unsupported SPU Thread options (0x2)
HLE: W {PPU[1] Thread (main_thread)[0x0172d058]} sys_spu warning: *** New SPU Thread [pxd::CellSpursKernel2] (ep=0x0, opt=0x2, a1=0x0, a2=0x0, a3=0x0, a4=0x0): id=194, spu_offset=0x30300000
HLE: E {PPU[1] Thread (main_thread)[0x0172d058]} sys_spu TODO: Unsupported SPU Thread options (0x2)
HLE: W {PPU[1] Thread (main_thread)[0x0172d058]} sys_spu warning: *** New SPU Thread [pxd::CellSpursKernel3] (ep=0x0, opt=0x2, a1=0x0, a2=0x0, a3=0x0, a4=0x0): id=195, spu_offset=0x30340000
HLE: E {PPU[1] Thread (main_thread)[0x0172d058]} sys_spu TODO: Unsupported SPU Thread options (0x2)
HLE: W {PPU[1] Thread (main_thread)[0x0172d058]} sys_spu warning: *** New SPU Thread [pxd::CellSpursKernel4] (ep=0x0, opt=0x2, a1=0x0, a2=0x0, a3=0x0, a4=0x0): id=196, spu_offset=0x30380000
HLE: ! {PPU[1] Thread (main_thread)[0x0172d058]} sys_lwmutex : *** lwmutex created [_spuPrv] (attribute=0x22): sq_id = 197
HLE: W {PPU[1] Thread (main_thread)[0x0172d058]} sys_lwcond warning: *** lwcond created [_spuPrv] (lwmutex_addr=0x30298a30): id = 198
HLE: W {PPU[1] Thread (main_thread)[0x0172d058]} sys_event warning: *** event_queue created [_spuPrv] (protocol=0x1, type=0x1, key=0x0, size=0x2a): id = 199
HLE: W {PPU[1] Thread (main_thread)[0x0172d058]} sys_spu warning: sys_spu_thread_group_connect_event_all_threads(id=191, eq_id=199, req=0xffffffffffff0000, spup_addr=0x30297d49)
HLE: W {PPU[1] Thread (main_thread)[0x0172d058]} sys_spu warning: *** spup -> 16
HLE: W {PPU[1] Thread (main_thread)[0x0172d058]} sys_event warning: *** sys_event_port created: id = 200
HLE: W {PPU[1] Thread (main_thread)[0x0172d058]} sys_event warning: sys_event_port_connect_local(eport_id=200, equeue_id=199)
HLE: ! {PPU[1] Thread (main_thread)[0x0172d058]} sys_ppu_thread : *** New PPU Thread [pxd::SpursHdlr0] (joinable, entry=0x0): id = 201
HLE: W {PPU[201] Thread (pxd::SpursHdlr0)[0x00000000]} sys_spu warning: sys_spu_thread_group_start(id=191)
HLE: ! {PPU[1] Thread (main_thread)[0x0172d058]} sys_ppu_thread : *** New PPU Thread [pxd::SpursHdlr1] (joinable, entry=0x0): id = 202
HLE: E {PPU[1] Thread (main_thread)[0x0172d058]} sys_spu TODO: sys_spu_thread_group_connect_event(id=191, eq=199, et=0x2)
HLE: W {PPU[1] Thread (main_thread)[0x0172d154]} cellSpurs warning: _cellSpursTasksetAttribute2Initialize(attribute_addr=0xd000f830, revision=0)
HLE: W {PPU[201] Thread (pxd::SpursHdlr0)[0x00000000]} sys_spu warning: sys_spu_thread_group_join(id=191, cause_addr=0x0, status_addr=0x0)
HLE: E {PPU[1] Thread (main_thread)[0x0172d07c]} cellSpurs TODO: cellSpursCreateTaskset2
HLE: E {PPU[1] Thread (main_thread)[0x0172d088]} cellSpurs TODO: _cellSpursEventFlagInitialize
HLE: E {PPU[1] Thread (main_thread)[0x0172d0b8]} cellSpurs TODO: cellSpursEventFlagAttachLv2EventQueue
SPU: E {SPU[192] Thread (pxd::CellSpursKernel0)[0x00000a00]} SPURecompilerCore::Compile(ls_addr=0xa00): branch to 0x0 opcode
SPU: E {SPU[194] Thread (pxd::CellSpursKernel2)[0x00000a00]} SPURecompilerCore::Compile(ls_addr=0xa00): branch to 0x0 opcode
SPU: E {SPU[195] Thread (pxd::CellSpursKernel3)[0x00000a00]} SPURecompilerCore::Compile(ls_addr=0xa00): branch to 0x0 opcode
SPU: E {SPU[193] Thread (pxd::CellSpursKernel1)[0x00000a00]} SPURecompilerCore::Compile(ls_addr=0xa00): branch to 0x0 opcode
SPU: E {SPU[196] Thread (pxd::CellSpursKernel4)[0x00000a00]} SPURecompilerCore::Compile(ls_addr=0xa00): branch to 0x0 opcode
HLE: E {PPU[1] Thread (main_thread)[0x0172d064]} cellSpurs TODO: _cellSpursJobChainAttributeInitialize
HLE: E {PPU[1] Thread (main_thread)[0x0172d0e8]} cellSpurs TODO: cellSpursJobChainAttributeSetName
HLE: E {PPU[1] Thread (main_thread)[0x0172d04c]} cellSpurs TODO: cellSpursCreateJobChainWithAttribute
HLE: E {PPU[1] Thread (main_thread)[0x0172d0a0]} cellSpurs TODO: cellSpursJobGuardInitialize
HLE: E {PPU[1] Thread (main_thread)[0x0172d16c]} cellSpurs TODO: cellSpursJobGuardNotify
HLE: E {PPU[1] Thread (main_thread)[0x0172d190]} cellSpurs TODO: cellSpursRunJobChain
HLE: W {PPU[1] Thread (main_thread)[0x01749058]} sys_lwmutex warning: sys_lwmutex_create(lwmutex_addr=0x160e448, attr_addr=0xd000fad0)
HLE: ! {PPU[1] Thread (main_thread)[0x01749058]} sys_lwmutex : *** lwmutex created [] (attribute=0x12): sq_id = 203
HLE: W {PPU[1] Thread (main_thread)[0x0131c1e4]} cellSysutil warning: cellVideoOutGetDeviceInfo(videoOut=0, deviceIndex=0, info_addr=0xd000f42c)
HLE: W {PPU[1] Thread (main_thread)[0x0131e010]} cellSysmodule warning: cellSysmoduleLoadModule(CELL_SYSMODULE_GCM_SYS)
HLE: W {PPU[1] Thread (main_thread)[0x0173310c]} cellGcmSys warning: cellGcmInitDefaultFifoMode(mode=0)
HLE: W {PPU[1] Thread (main_thread)[0x0173301c]} cellGcmSys warning: _cellGcmInitBody(context_addr=0x1654010, cmdSize=0x800000, ioSize=0x1b00000, ioAddress=0x30600000)
HLE: W {PPU[1] Thread (main_thread)[0x0173301c]} cellGcmSys warning: *** local memory(addr=0xc0000000, size=0xf900000)
HLE: W {PPU[1] Thread (main_thread)[0x0173301c]} cellGcmSys warning: cellGcmInit(): 256MB io address space used
HLE: W {PPU[1] Thread (main_thread)[0x0173301c]} cellGcmSys warning: cellGcmMapEaIoAddress(ea=0x30600000, io=0x0, size=0x1b00000)
RSX: ! {RSXThread} RSX thread started
HLE: W {PPU[1] Thread (main_thread)[0x017330a0]} cellGcmSys warning: cellGcmSetDefaultFifoSize(bufferSize=0x400, segmentSize=0x100)
HLE: W {PPU[1] Thread (main_thread)[0x017330a0]} cellGcmSys warning: cellGcmSetDefaultFifoSize(bufferSize=0x400, segmentSize=0x40000)
HLE: W {PPU[1] Thread (main_thread)[0x0131c1e4]} cellSysutil warning: cellVideoOutGetDeviceInfo(videoOut=0, deviceIndex=0, info_addr=0xd000f264)
HLE: W {PPU[1] Thread (main_thread)[0x0131c1d8]} cellSysutil warning: cellVideoOutConfigure(videoOut=0, config_addr=0xd000f23c, option_addr=0x0, waitForEvent=0x0)
HLE: W {PPU[1] Thread (main_thread)[0x01733064]} cellGcmSys warning: cellGcmSetFlipMode(mode=2)
HLE: E {PPU[1] Thread (main_thread)[0x01733154]} cellGcmSys TODO: cellGcmSetVBlankFrequency
HLE: W {PPU[1] Thread (main_thread)[0x01733100]} cellGcmSys warning: cellGcmSetTileInfo(index=0, location=0, offset=0, size=7864320, pitch=5120, comp=7, base=0, bank=0)
HLE: E {PPU[1] Thread (main_thread)[0x01733100]} cellGcmSys error: cellGcmSetTileInfo: bad compression mode! (7)
HLE: W {PPU[1] Thread (main_thread)[0x01733058]} cellGcmSys warning: cellGcmBindTile(index=0)
HLE: W {PPU[1] Thread (main_thread)[0x01733100]} cellGcmSys warning: cellGcmSetTileInfo(index=1, location=0, offset=7864320, size=3932160, pitch=5120, comp=10, base=120, bank=1)
HLE: E {PPU[1] Thread (main_thread)[0x01733100]} cellGcmSys error: cellGcmSetTileInfo: bad compression mode! (10)
HLE: W {PPU[1] Thread (main_thread)[0x01733058]} cellGcmSys warning: cellGcmBindTile(index=1)
RSX: W {RSXThread} NV4097_SET_COLOR_MASK_MRT: 0xfff0
RSX: W {RSXThread} NV4097_SET_ZCULL_CONTROL0: 0x10
RSX: W {RSXThread} NV4097_SET_SCULL_CONTROL: 0xff000002
RSX: W {RSXThread} New FBO (720x576)
RSX: W {RSXThread} TODO: NV4097_SET_WINDOW_OFFSET: x=0, y=0
RSX: E {RSXThread} TODO: CELL_GCM_NV4097_SET_CONTROL0(0x100000)
RSX: W {RSXThread} NV4097_SET_COLOR_MASK_MRT: 0xfff0
RSX: E {RSXThread} TODO: CELL_GCM_NV4097_SET_TRANSFORM_BRANCH_BITS(0x0)
RSX: W {RSXThread} NV4097_SET_ZCULL_CONTROL0: 0x10
RSX: W {RSXThread} NV4097_SET_SCULL_CONTROL: 0xff000002
RSX: W {RSXThread} New FBO (1280x720)
RSX: W {RSXThread} RSX thread aborted
HLE: W {PPU[152] Thread (pxd::async_file_access(1))[0x00e55818]} sys_semaphore warning: sys_semaphore_wait(150) aborted
RSX: W {VBlank thread} VBlank thread aborted
HLE: W {PPU[201] Thread (pxd::SpursHdlr0)[0x00000000]} sys_spu warning: sys_spu_thread_group_join(id=191) aborted
HLE: W {PPU[149] Thread (pxd::async_file_access(0))[0x00e55818]} sys_semaphore warning: sys_semaphore_wait(147) aborted
HLE: W {PPU[157] Thread (mt_task_thread)[0x00e5d674]} sys_semaphore warning: sys_semaphore_wait(155) aborted
HLE: W {PPU[201] Thread (pxd::SpursHdlr0)[0x00000000]} cellSpurs warning: SPURS Handler Thread 0 aborted
HLE: W {SPU[193] Thread (pxd::CellSpursKernel1)[0x00000000]} cellSpurs warning: Spurs Kernel aborted
HLE: W {SPU[196] Thread (pxd::CellSpursKernel4)[0x00000000]} cellSpurs warning: Spurs Kernel aborted
HLE: W {SPU[195] Thread (pxd::CellSpursKernel3)[0x00000000]} cellSpurs warning: Spurs Kernel aborted
HLE: W {SPU[192] Thread (pxd::CellSpursKernel0)[0x00000000]} cellSpurs warning: Spurs Kernel aborted
HLE: W {SPU[194] Thread (pxd::CellSpursKernel2)[0x00000000]} cellSpurs warning: Spurs Kernel aborted
PPU: ! {PPU Recompilation Engine} PPU LLVM Recompilation thread exiting.
