HLE: ! path: /dev_hdd0/game/
HLE: W No pause.bin found, Auto Pause will not work.
HLE: W No pause.bin found, Auto Pause will not work.
LDR: ! Loading 'd:/emulateurs/rpcs3/dev_hdd0/game/bles01228-[devil may cry hd collection]/PS3_GAME/USRDIR/BOOT.BIN'...
LDR: !  
LDR: ! Mount info:
LDR: ! dev_usb000/ -> d:/emulateurs/rpcs3/dev_usb000/
LDR: ! dev_flash/ -> d:/emulateurs/rpcs3/dev_flash/
LDR: ! host_root/ -> 
LDR: ! dev_hdd0/ -> d:/emulateurs/rpcs3/dev_hdd0/
LDR: ! dev_hdd1/ -> d:/emulateurs/rpcs3/dev_hdd1/
LDR: ! dev_bdvd/ -> d:/emulateurs/rpcs3/dev_hdd0/game/bles01228-[devil may cry hd collection]/ps3_game/../
LDR: ! dev_usb/ -> d:/emulateurs/rpcs3/dev_usb000/
LDR: !  
LDR: ! Title: Devil May Cry™ HD Collection
LDR: ! Serial: BLES01228
LDR: !  
LDR: E loader::init() failed: Broken file
MEM: ! Initializing memory: base_addr = 0x2fbfa30000
MEM: ! Memory initialized.
LDR: ! Function 'cellAANConnect' hooked (addr=0x15a0a0)
LDR: ! Function 'cellAANDisconnect' hooked (addr=0x15a138)
LDR: ! Function 'cellAANAddData' hooked (addr=0x15a1d0)
LDR: ! Function 'cellSurMixerGetAANHandle' hooked (addr=0x15a31c)
LDR: ! Function 'cellSurMixerSetNotifyCallback' hooked (addr=0x15a354)
LDR: ! Function 'cellSurMixerRemoveNotifyCallback' hooked (addr=0x15a3e8)
LDR: ! Function 'cellSurMixerSurBusAddData' hooked (addr=0x15a478)
LDR: ! Function 'cellSurMixerGetCurrentBlockTag' hooked (addr=0x15a528)
LDR: ! Function 'cellSurMixerChStripGetAANPortNo' hooked (addr=0x15ad84)
LDR: ! Function 'cellSurMixerBeep' hooked (addr=0x15adc0)
LDR: ! Function 'cellSurMixerChStripSetParameter' hooked (addr=0x15b19c)
LDR: ! Function 'cellSurMixerPause' hooked (addr=0x15b450)
LDR: ! Function 'cellSurMixerGetTimestamp' hooked (addr=0x15ca68)
LDR: ! Function 'cellSurMixerSetParameter' hooked (addr=0x15cad0)
LDR: ! Function 'cellSurMixerStart' hooked (addr=0x15cba0)
LDR: ! Function 'cellSurMixerFinalize' hooked (addr=0x15cea8)
LDR: ! Function 'cellSurMixerCreate' hooked (addr=0x15d76c)
LDR: S Function group [surmxAAN] successfully hooked
LDR: S Function group [surmixer] successfully hooked
LDR: W Unknown module 'libgem'
LDR: ! Imported function 'cellGemUpdateStart' in 'libgem' module  (HLE)
LDR: ! Imported function 'cellGemInit' in 'libgem' module  (HLE)
LDR: ! Imported function 'cellGemGetTrackerHue' in 'libgem' module  (HLE)
LDR: ! Imported function 'cellGemConvertVideoFinish' in 'libgem' module  (HLE)
LDR: ! Imported function 'cellGemUpdateFinish' in 'libgem' module  (HLE)
LDR: ! Imported function 'cellGemSetRumble' in 'libgem' module  (HLE)
LDR: ! Imported function 'cellGemGetState' in 'libgem' module  (HLE)
LDR: ! Imported function 'cellGemConvertVideoStart' in 'libgem' module  (HLE)
LDR: ! Imported function 'cellGemSetYaw' in 'libgem' module  (HLE)
LDR: ! Imported function 'cellGemTrackHues' in 'libgem' module  (HLE)
LDR: ! Imported function 'cellGemGetImageState' in 'libgem' module  (HLE)
LDR: ! Imported function 'cellGemGetInfo' in 'libgem' module  (HLE)
LDR: ! Imported function 'cellGemPrepareCamera' in 'libgem' module  (HLE)
LDR: ! Imported function 'cellGemForceRGB' in 'libgem' module  (HLE)
LDR: ! Imported function 'cellGemGetInertialState' in 'libgem' module  (HLE)
LDR: ! Imported function 'cellGemEnd' in 'libgem' module  (HLE)
LDR: ! Imported function 'cellGemIsTrackableHue' in 'libgem' module  (HLE)
LDR: ! Imported function 'cellCameraGetBufferInfoEx' in 'cellCamera' module  (HLE)
LDR: ! Imported function 'cellCameraReadEx' in 'cellCamera' module  (HLE)
LDR: ! Imported function 'cellCameraRemoveNotifyEventQueue2' in 'cellCamera' module  (HLE)
LDR: ! Imported function 'cellCameraStart' in 'cellCamera' module  (HLE)
LDR: ! Imported function 'cellCameraGetType' in 'cellCamera' module  (HLE)
LDR: ! Imported function 'cellCameraOpenEx' in 'cellCamera' module  (HLE)
LDR: ! Imported function 'cellCameraReset' in 'cellCamera' module  (HLE)
LDR: ! Imported function 'cellCameraSetNotifyEventQueue2' in 'cellCamera' module  (HLE)
LDR: ! Imported function 'cellCameraInit' in 'cellCamera' module  (HLE)
LDR: ! Imported function 'cellPamfReaderSetStreamWithTypeAndIndex' in 'cellPamf' module  (HLE)
LDR: ! Imported function 'cellPamfReaderGetStreamInfo' in 'cellPamf' module  (HLE)
LDR: ! Imported function 'cellPamfReaderGetStreamTypeAndChannel' in 'cellPamf' module  (HLE)
LDR: ! Imported function 'cellSailGraphicsAdapterGetFrame' in 'cellSail' module  (HLE)
LDR: ! Imported function 'cellSailDescriptorCreateDatabase' in 'cellSail' module  (HLE)
LDR: ! Imported function 'cellSailPlayerSetSoundAdapter' in 'cellSail' module  (HLE)
LDR: ! Imported function 'cellSailPlayerFinalize' in 'cellSail' module  (HLE)
LDR: ! Imported function 'cellSailPlayerSetGraphicsAdapter' in 'cellSail' module  (HLE)
LDR: ! Imported function 'cellSailGraphicsAdapterInitialize' in 'cellSail' module  (HLE)
LDR: ! Imported function 'cellSailPlayerInitialize2' in 'cellSail' module  (HLE)
LDR: ! Imported function 'cellSailDescriptorDestroyDatabase' in 'cellSail' module  (HLE)
LDR: ! Imported function 'cellSailGraphicsAdapterSetPreferredFormat' in 'cellSail' module  (HLE)
LDR: ! Imported function 'cellSailMemAllocatorInitialize' in 'cellSail' module  (HLE)
LDR: ! Imported function 'cellSailPlayerOpenStream' in 'cellSail' module  (HLE)
LDR: ! Imported function 'cellSailFutureGet' in 'cellSail' module  (HLE)
LDR: ! Imported function 'cellSailSoundAdapterInitialize' in 'cellSail' module  (HLE)
LDR: ! Imported function 'cellSailGraphicsAdapterUpdateAvSync' in 'cellSail' module  (HLE)
LDR: ! Imported function 'cellSailPlayerReplaceEventHandler' in 'cellSail' module  (HLE)
LDR: ! Imported function 'cellSailSoundAdapterPtsToTimePosition' in 'cellSail' module  (HLE)
LDR: ! Imported function 'cellSailFutureInitialize' in 'cellSail' module  (HLE)
LDR: ! Imported function 'cellSailGraphicsAdapterFinalize' in 'cellSail' module  (HLE)
LDR: ! Imported function 'cellSailPlayerAddDescriptor' in 'cellSail' module  (HLE)
LDR: ! Imported function 'cellSailSoundAdapterGetFrame' in 'cellSail' module  (HLE)
LDR: ! Imported function 'cellSailPlayerCloseStream' in 'cellSail' module  (HLE)
LDR: ! Imported function 'cellSailFutureFinalize' in 'cellSail' module  (HLE)
LDR: ! Imported function 'cellSailFutureSet' in 'cellSail' module  (HLE)
LDR: ! Imported function 'cellSailPlayerBoot' in 'cellSail' module  (HLE)
LDR: ! Imported function 'cellSailSoundAdapterFinalize' in 'cellSail' module  (HLE)
LDR: ! Imported function 'cellSailPlayerSetPaused' in 'cellSail' module  (HLE)
LDR: ! Imported function 'cellSailDescriptorGetStreamType' in 'cellSail' module  (HLE)
LDR: ! Imported function 'cellSailPlayerCreateDescriptor' in 'cellSail' module  (HLE)
LDR: ! Imported function 'cellSailPlayerStart' in 'cellSail' module  (HLE)
LDR: ! Imported function 'cellSailPlayerStop' in 'cellSail' module  (HLE)
LDR: ! Imported function 'cellSailSoundAdapterUpdateAvSync' in 'cellSail' module  (HLE)
LDR: ! Imported function 'cellSailSoundAdapterGetFormat' in 'cellSail' module  (HLE)
LDR: ! Imported function 'cellSailPlayerSetRepeatMode' in 'cellSail' module  (HLE)
LDR: ! Imported function 'cellSailPlayerDestroyDescriptor' in 'cellSail' module  (HLE)
LDR: ! Imported function 'cellSysmoduleUnloadModule' in 'cellSysmodule' module  (HLE)
LDR: ! Imported function 'cellSysmoduleLoadModule' in 'cellSysmodule' module  (HLE)
LDR: ! Imported function 'cellSysmoduleIsLoaded' in 'cellSysmodule' module  (HLE)
LDR: ! Imported function 'cellSysmoduleInitialize' in 'cellSysmodule' module  (HLE)
LDR: ! Imported function 'cellGameGetParamString' in 'cellGame' module  (HLE)
LDR: ! Imported function 'cellGameCreateGameData' in 'cellGame' module  (HLE)
LDR: ! Imported function 'cellGameContentPermit' in 'cellGame' module  (HLE)
LDR: ! Imported function 'cellGameContentErrorDialog' in 'cellGame' module  (HLE)
LDR: ! Imported function 'cellGameDataCheck' in 'cellGame' module  (HLE)
LDR: ! Imported function 'cellGameBootCheck' in 'cellGame' module  (HLE)
LDR: ! Imported function 'cellSysutilCheckCallback' in 'cellSysutil' module  (HLE)
LDR: ! Imported function 'cellMsgDialogClose' in 'cellSysutil' module  (HLE)
LDR: ! Imported function 'cellSysutilGetSystemParamInt' in 'cellSysutil' module  (HLE)
LDR: ! Imported function 'cellAudioOutConfigure' in 'cellSysutil' module  (HLE)
LDR: ! Imported function 'cellMsgDialogOpen2' in 'cellSysutil' module  (HLE)
LDR: ! Imported function 'cellVideoOutGetState' in 'cellSysutil' module  (HLE)
LDR: ! Imported function 'cellSaveDataAutoSave2' in 'cellSysutil' module  (HLE)
LDR: ! Imported function 'cellSysutilRegisterCallback' in 'cellSysutil' module  (HLE)
LDR: ! Imported function 'cellSysutilGetBgmPlaybackStatus' in 'cellSysutil' module  (HLE)
LDR: ! Imported function 'cellAudioOutGetSoundAvailability' in 'cellSysutil' module  (HLE)
LDR: ! Imported function 'cellVideoOutGetResolution' in 'cellSysutil' module  (HLE)
LDR: ! Imported function 'cellAudioOutGetNumberOfDevice' in 'cellSysutil' module  (HLE)
LDR: W Unimplemented function 'cellSaveDataDelete2' in 'cellSysutil' module (HLE)
LDR: ! Imported function 'cellSaveDataAutoLoad2' in 'cellSysutil' module  (HLE)
LDR: ! Imported function 'cellVideoOutConfigure' in 'cellSysutil' module  (HLE)
LDR: ! Imported function 'cellSysCacheMount' in 'cellSysutil' module  (HLE)
LDR: ! Imported function 'cellSysCacheClear' in 'cellSysutil' module  (HLE)
LDR: ! Imported function 'cellVideoOutGetResolutionAvailability' in 'cellSysutil' module  (HLE)
LDR: ! Imported function 'cellPadInit' in 'sys_io' module  (HLE)
LDR: ! Imported function 'cellKbClearBuf' in 'sys_io' module  (HLE)
LDR: ! Imported function 'cellKbGetInfo' in 'sys_io' module  (HLE)
LDR: ! Imported function 'cellKbSetLEDStatus' in 'sys_io' module  (HLE)
LDR: ! Imported function 'cellKbInit' in 'sys_io' module  (HLE)
LDR: ! Imported function 'cellPadEnd' in 'sys_io' module  (HLE)
LDR: ! Imported function 'cellPadSetPortSetting' in 'sys_io' module  (HLE)
LDR: ! Imported function 'cellPadGetDataExtra' in 'sys_io' module  (HLE)
LDR: ! Imported function 'cellKbSetCodeType' in 'sys_io' module  (HLE)
LDR: ! Imported function 'cellPadGetInfo2' in 'sys_io' module  (HLE)
LDR: ! Imported function 'cellKbEnd' in 'sys_io' module  (HLE)
LDR: ! Imported function 'cellKbSetReadMode' in 'sys_io' module  (HLE)
LDR: ! Imported function 'cellPadSetActDirect' in 'sys_io' module  (HLE)
LDR: ! Imported function 'cellKbRead' in 'sys_io' module  (HLE)
LDR: ! Imported function 'cellGcmGetTiledPitchSize' in 'cellGcmSys' module  (HLE)
LDR: ! Imported function 'cellGcmSetPrepareFlip' in 'cellGcmSys' module  (HLE)
LDR: ! Imported function '_cellGcmInitBody' in 'cellGcmSys' module  (HLE)
LDR: ! Imported function 'cellGcmAddressToOffset' in 'cellGcmSys' module  (HLE)
LDR: ! Imported function '_cellGcmFunc15' in 'cellGcmSys' module  (HLE)
LDR: ! Imported function 'cellGcmBindTile' in 'cellGcmSys' module  (HLE)
LDR: ! Imported function 'cellGcmSetFlipMode' in 'cellGcmSys' module  (HLE)
LDR: ! Imported function 'cellGcmGetDefaultCommandWordSize' in 'cellGcmSys' module  (HLE)
LDR: ! Imported function 'cellGcmGetLastFlipTime' in 'cellGcmSys' module  (HLE)
LDR: ! Imported function 'cellGcmGetDefaultSegmentWordSize' in 'cellGcmSys' module  (HLE)
LDR: ! Imported function 'cellGcmSetDefaultFifoSize' in 'cellGcmSys' module  (HLE)
LDR: ! Imported function 'cellGcmBindZcull' in 'cellGcmSys' module  (HLE)
LDR: ! Imported function 'cellGcmMapMainMemory' in 'cellGcmSys' module  (HLE)
LDR: ! Imported function 'cellGcmSetFlipHandler' in 'cellGcmSys' module  (HLE)
LDR: ! Imported function 'cellGcmSetDisplayBuffer' in 'cellGcmSys' module  (HLE)
LDR: ! Imported function 'cellGcmGetControlRegister' in 'cellGcmSys' module  (HLE)
LDR: ! Imported function 'cellGcmSetVBlankHandler' in 'cellGcmSys' module  (HLE)
LDR: ! Imported function 'cellGcmSetFlipImmediate' in 'cellGcmSys' module  (HLE)
LDR: ! Imported function 'cellGcmSetTileInfo' in 'cellGcmSys' module  (HLE)
LDR: ! Imported function 'cellGcmInitDefaultFifoMode' in 'cellGcmSys' module  (HLE)
LDR: ! Imported function 'cellGcmSetGraphicsHandler' in 'cellGcmSys' module  (HLE)
LDR: ! Imported function 'cellGcmGetConfiguration' in 'cellGcmSys' module  (HLE)
LDR: ! Imported function 'cellGcmGetLabelAddress' in 'cellGcmSys' module  (HLE)
LDR: ! Imported function 'cellFsClose' in 'sys_fs' module  (HLE)
LDR: ! Imported function 'cellFsOpendir' in 'sys_fs' module  (HLE)
LDR: ! Imported function 'cellFsRead' in 'sys_fs' module  (HLE)
LDR: ! Imported function 'cellFsReaddir' in 'sys_fs' module  (HLE)
LDR: ! Imported function 'cellFsOpen' in 'sys_fs' module  (HLE)
LDR: ! Imported function 'cellFsStat' in 'sys_fs' module  (HLE)
LDR: W Unimplemented function 'cellFsAioCancel' in 'sys_fs' module (HLE)
LDR: ! Imported function 'cellFsUnlink' in 'sys_fs' module  (HLE)
LDR: ! Imported function 'cellFsAioFinish' in 'sys_fs' module  (HLE)
LDR: ! Imported function 'cellFsLseek' in 'sys_fs' module  (HLE)
LDR: ! Imported function 'cellFsMkdir' in 'sys_fs' module  (HLE)
LDR: ! Imported function 'cellFsAioRead' in 'sys_fs' module  (HLE)
LDR: ! Imported function 'cellFsAioInit' in 'sys_fs' module  (HLE)
LDR: ! Imported function 'cellFsWrite' in 'sys_fs' module  (HLE)
LDR: ! Imported function 'cellFsFstat' in 'sys_fs' module  (HLE)
LDR: ! Imported function 'cellFsClosedir' in 'sys_fs' module  (HLE)
LDR: ! Imported function 'cellFsRmdir' in 'sys_fs' module  (HLE)
LDR: ! Imported function 'cellFsSdataOpenByFd' in 'sys_fs' module  (HLE)
LDR: ! Imported function 'cellFsFsync' in 'sys_fs' module  (HLE)
LDR: ! Imported function 'cellFsGetFreeSize' in 'sys_fs' module  (HLE)
LDR: ! Imported function 'cellFsSdataOpen' in 'sys_fs' module  (HLE)
LDR: ! Imported function 'cellRtcGetCurrentClockLocalTime' in 'cellRtc' module  (HLE)
LDR: ! Imported function 'cellRtcGetCurrentClock' in 'cellRtc' module  (HLE)
LDR: ! Imported function 'cellRtcSetWin32FileTime' in 'cellRtc' module  (HLE)
LDR: ! Imported function 'cellRtcGetDayOfWeek' in 'cellRtc' module  (HLE)
LDR: ! Imported function 'cellRtcGetWin32FileTime' in 'cellRtc' module  (HLE)
LDR: ! Imported function 'cellAudioCreateNotifyEventQueue' in 'cellAudio' module  (HLE)
LDR: ! Imported function 'cellAudioInit' in 'cellAudio' module  (HLE)
LDR: ! Imported function 'cellAudioSetNotifyEventQueue' in 'cellAudio' module  (HLE)
LDR: ! Imported function 'cellAudioGetPortTimestamp' in 'cellAudio' module  (HLE)
LDR: ! Imported function 'cellAudioPortClose' in 'cellAudio' module  (HLE)
LDR: ! Imported function 'cellAudioPortStop' in 'cellAudio' module  (HLE)
LDR: ! Imported function 'cellAudioGetPortConfig' in 'cellAudio' module  (HLE)
LDR: ! Imported function 'cellAudioPortStart' in 'cellAudio' module  (HLE)
LDR: ! Imported function 'cellAudioQuit' in 'cellAudio' module  (HLE)
LDR: ! Imported function 'cellAudioPortOpen' in 'cellAudio' module  (HLE)
LDR: ! Imported function 'cellAudioGetPortBlockTag' in 'cellAudio' module  (HLE)
LDR: ! Imported function 'cellAudioRemoveNotifyEventQueue' in 'cellAudio' module  (HLE)
LDR: ! Imported function 'listen' in 'sys_net' module  (HLE)
LDR: W Unimplemented function 'socketselect' in 'sys_net' module (HLE)
LDR: ! Imported function '_sys_net_errno_loc' in 'sys_net' module  (HLE)
LDR: ! Imported function 'connect' in 'sys_net' module  (HLE)
LDR: ! Imported function 'socketclose' in 'sys_net' module  (HLE)
LDR: ! Imported function 'setsockopt' in 'sys_net' module  (HLE)
LDR: ! Imported function 'socket' in 'sys_net' module  (HLE)
LDR: ! Imported function 'bind' in 'sys_net' module  (HLE)
LDR: ! Imported function 'accept' in 'sys_net' module  (HLE)
LDR: ! Imported function 'inet_addr' in 'sys_net' module  (HLE)
LDR: ! Imported function 'send' in 'sys_net' module  (HLE)
LDR: ! Imported function 'recv' in 'sys_net' module  (HLE)
LDR: ! Imported function 'sceNpDrmIsAvailable' in 'sceNp' module  (HLE)
LDR: ! Imported function 'sceNpDrmIsAvailable2' in 'sceNp' module  (HLE)
LDR: W Unimplemented function 'sceNp2Init' in 'sceNp2' module (HLE)
LDR: W Unimplemented function 'sceNp2Term' in 'sceNp2' module (HLE)
LDR: W Unknown module 'cellSysutilAvconfExt'
LDR: ! Imported function 'cellAudioInGetAvailableDeviceInfo' in 'cellSysutilAvconfExt' module  (HLE)
LDR: ! Imported function 'cellVideoOutSetGamma' in 'cellSysutilAvconfExt' module  (HLE)
LDR: ! Imported function 'cellAudioInSetDeviceMode' in 'cellSysutilAvconfExt' module  (HLE)
LDR: ! Imported function 'cellAudioInRegisterDevice' in 'cellSysutilAvconfExt' module  (HLE)
LDR: ! Imported function 'cellAudioInUnregisterDevice' in 'cellSysutilAvconfExt' module  (HLE)
LDR: ! Imported function 'cellUserInfoGetStat' in 'cellUserInfo' module  (HLE)
LDR: ! Imported function 'cellMicOpenEx' in 'cellMic' module  (HLE)
LDR: ! Imported function 'cellMicRead' in 'cellMic' module  (HLE)
LDR: ! Imported function 'cellMicSetNotifyEventQueue' in 'cellMic' module  (HLE)
LDR: ! Imported function 'cellMicClose' in 'cellMic' module  (HLE)
LDR: ! Imported function 'cellMicStart' in 'cellMic' module  (HLE)
LDR: ! Imported function 'cellMicStop' in 'cellMic' module  (HLE)
LDR: ! Imported function 'cellSpursAttributeSetNamePrefix' in 'cellSpurs' module  (HLE)
LDR: ! Imported function 'cellSpursAttributeEnableSpuPrintfIfAvailable' in 'cellSpurs' module  (HLE)
LDR: ! Imported function 'cellSpursEventFlagDetachLv2EventQueue' in 'cellSpurs' module  (HLE)
LDR: ! Imported function 'cellSpursCreateJobChainWithAttribute' in 'cellSpurs' module  (HLE)
LDR: ! Imported function '_cellSpursJobChainAttributeInitialize' in 'cellSpurs' module  (HLE)
LDR: ! Imported function 'cellSpursEventFlagWait' in 'cellSpurs' module  (HLE)
LDR: ! Imported function 'cellSpursEventFlagClear' in 'cellSpurs' module  (HLE)
LDR: ! Imported function 'cellSpursJobChainSetExceptionEventHandler' in 'cellSpurs' module  (HLE)
LDR: ! Imported function '_cellSpursEventFlagInitialize' in 'cellSpurs' module  (HLE)
LDR: ! Imported function 'cellSpursJobGuardInitialize' in 'cellSpurs' module  (HLE)
LDR: ! Imported function 'cellSpursShutdownJobChain' in 'cellSpurs' module  (HLE)
LDR: ! Imported function 'cellSpursAttributeSetMemoryContainerForSpuThread' in 'cellSpurs' module  (HLE)
LDR: ! Imported function 'cellSpursEventFlagAttachLv2EventQueue' in 'cellSpurs' module  (HLE)
LDR: ! Imported function '_cellSpursAttributeInitialize' in 'cellSpurs' module  (HLE)
LDR: ! Imported function 'cellSpursJobChainAttributeSetName' in 'cellSpurs' module  (HLE)
LDR: ! Imported function 'cellSpursJoinJobChain' in 'cellSpurs' module  (HLE)
LDR: ! Imported function 'cellSpursInitializeWithAttribute' in 'cellSpurs' module  (HLE)
LDR: ! Imported function 'cellSpursFinalize' in 'cellSpurs' module  (HLE)
LDR: ! Imported function 'cellSpursJobGuardNotify' in 'cellSpurs' module  (HLE)
LDR: ! Imported function 'cellSpursRunJobChain' in 'cellSpurs' module  (HLE)
LDR: ! Imported function 'cellSpursEventFlagSet' in 'cellSpurs' module  (HLE)
LDR: ! Imported function 'sys_lwmutex_lock' in 'sysPrxForUser' module  (HLE)
LDR: ! Imported function 'sys_lwmutex_unlock' in 'sysPrxForUser' module  (HLE)
LDR: ! Imported function 'sys_lwcond_destroy' in 'sysPrxForUser' module  (HLE)
LDR: ! Imported function 'sys_ppu_thread_create' in 'sysPrxForUser' module  (HLE)
LDR: ! Imported function 'sys_prx_load_module' in 'sysPrxForUser' module  (HLE)
LDR: ! Imported function 'sys_lwcond_wait' in 'sysPrxForUser' module  (HLE)
LDR: ! Imported function '_sys_process_atexitspawn' in 'sysPrxForUser' module  (HLE)
LDR: ! Imported function 'sys_lwmutex_create' in 'sysPrxForUser' module  (HLE)
LDR: ! Imported function 'sys_ppu_thread_get_id' in 'sysPrxForUser' module  (HLE)
LDR: ! Imported function '_sys_heap_malloc' in 'sysPrxForUser' module  (HLE)
LDR: ! Imported function 'sys_prx_register_library' in 'sysPrxForUser' module  (HLE)
LDR: ! Imported function '_sys_heap_memalign' in 'sysPrxForUser' module  (HLE)
LDR: ! Imported function '_sys_spu_printf_initialize' in 'sysPrxForUser' module  (HLE)
LDR: ! Imported function 'Unknown func id: 0x4f7172c9' in 'sysPrxForUser' module  (HLE)
LDR: ! Imported function 'sys_game_process_exitspawn2' in 'sysPrxForUser' module  (HLE)
LDR: ! Imported function 'sys_initialize_tls' in 'sysPrxForUser' module  (HLE)
LDR: ! Imported function 'sys_time_get_system_time' in 'sysPrxForUser' module  (HLE)
LDR: W Unimplemented function '_sys_heap_free' in 'sysPrxForUser' module (HLE)
LDR: ! Imported function '_sys_process_at_Exitspawn' in 'sysPrxForUser' module  (HLE)
LDR: ! Imported function 'sys_prx_exitspawn_with_level' in 'sysPrxForUser' module  (HLE)
LDR: W Unimplemented function 'sys_prx_load_module_on_memcontainer_by_fd' in 'sysPrxForUser' module (HLE)
LDR: ! Imported function 'sys_ppu_thread_once' in 'sysPrxForUser' module  (HLE)
LDR: ! Imported function 'sys_prx_load_module_on_memcontainer' in 'sysPrxForUser' module  (HLE)
LDR: ! Imported function 'sys_lwmutex_trylock' in 'sysPrxForUser' module  (HLE)
LDR: W Unimplemented function '_sys_heap_delete_heap' in 'sysPrxForUser' module (HLE)
LDR: ! Imported function 'sys_ppu_thread_exit' in 'sysPrxForUser' module  (HLE)
LDR: ! Imported function 'sys_mmapper_allocate_memory' in 'sysPrxForUser' module  (HLE)
LDR: ! Imported function '_sys_heap_create_heap' in 'sysPrxForUser' module  (HLE)
LDR: ! Imported function 'sys_lwmutex_destroy' in 'sysPrxForUser' module  (HLE)
LDR: ! Imported function 'sys_lwcond_create' in 'sysPrxForUser' module  (HLE)
LDR: ! Imported function 'sys_mmapper_map_memory' in 'sysPrxForUser' module  (HLE)
LDR: ! Imported function '_sys_spu_printf_finalize' in 'sysPrxForUser' module  (HLE)
LDR: ! Imported function 'sys_spu_image_close' in 'sysPrxForUser' module  (HLE)
LDR: ! Imported function 'sys_process_exit' in 'sysPrxForUser' module  (HLE)
LDR: ! Imported function 'sys_lwcond_signal_all' in 'sysPrxForUser' module  (HLE)
LDR: ! Imported function 'sys_spu_image_import' in 'sysPrxForUser' module  (HLE)
LDR: W Unimplemented function 'sys_prx_load_module_by_fd' in 'sysPrxForUser' module (HLE)
LDR: ! Imported function 'sys_lwcond_signal' in 'sysPrxForUser' module  (HLE)
HLE: W {PPU[1] Thread (main_thread)[0x0056b058]} sys_lwmutex warning: sys_lwmutex_create(lwmutex_addr=0x54ffd8, attr_addr=0x39d8c0)
HLE: ! {PPU[1] Thread (main_thread)[0x0056b058]} sys_lwmutex : *** lwmutex created [_lc_mtx] (attribute=0x12): sq_id = 3
HLE: W {PPU[1] Thread (main_thread)[0x0056b058]} sys_lwmutex warning: sys_lwmutex_create(lwmutex_addr=0x54f328, attr_addr=0x39d8c0)
HLE: ! {PPU[1] Thread (main_thread)[0x0056b058]} sys_lwmutex : *** lwmutex created [_lc_mtx] (attribute=0x12): sq_id = 4
HLE: W {PPU[1] Thread (main_thread)[0x0056b058]} sys_lwmutex warning: sys_lwmutex_create(lwmutex_addr=0x54f350, attr_addr=0x39d8c0)
HLE: ! {PPU[1] Thread (main_thread)[0x0056b058]} sys_lwmutex : *** lwmutex created [_lc_mtx] (attribute=0x12): sq_id = 5
HLE: W {PPU[1] Thread (main_thread)[0x0056b058]} sys_lwmutex warning: sys_lwmutex_create(lwmutex_addr=0x54f378, attr_addr=0x39d8c0)
HLE: ! {PPU[1] Thread (main_thread)[0x0056b058]} sys_lwmutex : *** lwmutex created [_lc_mtx] (attribute=0x12): sq_id = 6
HLE: W {PPU[1] Thread (main_thread)[0x0056b058]} sys_lwmutex warning: sys_lwmutex_create(lwmutex_addr=0x54f260, attr_addr=0x39d8c0)
HLE: ! {PPU[1] Thread (main_thread)[0x0056b058]} sys_lwmutex : *** lwmutex created [_lc_mtx] (attribute=0x12): sq_id = 7
HLE: W {PPU[1] Thread (main_thread)[0x0056b058]} sys_lwmutex warning: sys_lwmutex_create(lwmutex_addr=0x54f288, attr_addr=0x39d8c0)
HLE: ! {PPU[1] Thread (main_thread)[0x0056b058]} sys_lwmutex : *** lwmutex created [_lc_mtx] (attribute=0x12): sq_id = 8
HLE: W {PPU[1] Thread (main_thread)[0x0056b058]} sys_lwmutex warning: sys_lwmutex_create(lwmutex_addr=0x54f2b0, attr_addr=0x39d8c0)
HLE: ! {PPU[1] Thread (main_thread)[0x0056b058]} sys_lwmutex : *** lwmutex created [_lc_mtx] (attribute=0x12): sq_id = 9
HLE: W {PPU[1] Thread (main_thread)[0x0056b058]} sys_lwmutex warning: sys_lwmutex_create(lwmutex_addr=0x54f2d8, attr_addr=0x39d8c0)
HLE: ! {PPU[1] Thread (main_thread)[0x0056b058]} sys_lwmutex : *** lwmutex created [_lc_mtx] (attribute=0x12): sq_id = 10
HLE: W {PPU[1] Thread (main_thread)[0x0056b058]} sys_lwmutex warning: sys_lwmutex_create(lwmutex_addr=0x54f300, attr_addr=0x39d8c0)
HLE: ! {PPU[1] Thread (main_thread)[0x0056b058]} sys_lwmutex : *** lwmutex created [_lc_mtx] (attribute=0x12): sq_id = 11
HLE: W {PPU[1] Thread (main_thread)[0x0056b058]} sys_lwmutex warning: sys_lwmutex_create(lwmutex_addr=0x54e880, attr_addr=0xd000fb50)
HLE: ! {PPU[1] Thread (main_thread)[0x0056b058]} sys_lwmutex : *** lwmutex created [ps3HDDL] (attribute=0x12): sq_id = 12
HLE: W {PPU[1] Thread (main_thread)[0x00338f5c]} sys_time warning: sys_time_get_timezone(timezone_addr=0xd000fb20, summertime_addr=0xd000fb24)
HLE: W {PPU[1] Thread (main_thread)[0x00338f5c]} cellSysutil warning: cellSysutilGetSystemParamInt: CELL_SYSUTIL_SYSTEMPARAM_ID_TIMEZONE
HLE: W {PPU[1] Thread (main_thread)[0x00338f5c]} cellSysutil warning: cellSysutilGetSystemParamInt: CELL_SYSUTIL_SYSTEMPARAM_ID_SUMMERTIME
HLE: W {PPU[1] Thread (main_thread)[0x0033f8ac]} sys_time warning: sys_time_get_timezone(timezone_addr=0xd000fa70, summertime_addr=0xd000fa74)
HLE: W {PPU[1] Thread (main_thread)[0x0033f8ac]} cellSysutil warning: cellSysutilGetSystemParamInt: CELL_SYSUTIL_SYSTEMPARAM_ID_TIMEZONE
HLE: W {PPU[1] Thread (main_thread)[0x0033f8ac]} cellSysutil warning: cellSysutilGetSystemParamInt: CELL_SYSUTIL_SYSTEMPARAM_ID_SUMMERTIME
HLE: W {PPU[1] Thread (main_thread)[0x0033a9cc]} sys_time warning: sys_time_get_timezone(timezone_addr=0xd000fb20, summertime_addr=0xd000fb24)
HLE: W {PPU[1] Thread (main_thread)[0x0033a9cc]} cellSysutil warning: cellSysutilGetSystemParamInt: CELL_SYSUTIL_SYSTEMPARAM_ID_TIMEZONE
HLE: W {PPU[1] Thread (main_thread)[0x0033a9cc]} cellSysutil warning: cellSysutilGetSystemParamInt: CELL_SYSUTIL_SYSTEMPARAM_ID_SUMMERTIME
HLE: W {PPU[1] Thread (main_thread)[0x0033f8ac]} sys_time warning: sys_time_get_timezone(timezone_addr=0xd000fa70, summertime_addr=0xd000fa74)
HLE: W {PPU[1] Thread (main_thread)[0x0033f8ac]} cellSysutil warning: cellSysutilGetSystemParamInt: CELL_SYSUTIL_SYSTEMPARAM_ID_TIMEZONE
HLE: W {PPU[1] Thread (main_thread)[0x0033f8ac]} cellSysutil warning: cellSysutilGetSystemParamInt: CELL_SYSUTIL_SYSTEMPARAM_ID_SUMMERTIME
HLE: W {PPU[1] Thread (main_thread)[0x00338f08]} sys_time warning: sys_time_get_timezone(timezone_addr=0xd000fb20, summertime_addr=0xd000fb24)
HLE: W {PPU[1] Thread (main_thread)[0x00338f08]} cellSysutil warning: cellSysutilGetSystemParamInt: CELL_SYSUTIL_SYSTEMPARAM_ID_TIMEZONE
HLE: W {PPU[1] Thread (main_thread)[0x00338f08]} cellSysutil warning: cellSysutilGetSystemParamInt: CELL_SYSUTIL_SYSTEMPARAM_ID_SUMMERTIME
HLE: W {PPU[1] Thread (main_thread)[0x0033a9cc]} sys_time warning: sys_time_get_timezone(timezone_addr=0xd000fb20, summertime_addr=0xd000fb24)
HLE: W {PPU[1] Thread (main_thread)[0x0033a9cc]} cellSysutil warning: cellSysutilGetSystemParamInt: CELL_SYSUTIL_SYSTEMPARAM_ID_TIMEZONE
HLE: W {PPU[1] Thread (main_thread)[0x0033a9cc]} cellSysutil warning: cellSysutilGetSystemParamInt: CELL_SYSUTIL_SYSTEMPARAM_ID_SUMMERTIME
HLE: W {PPU[1] Thread (main_thread)[0x0056b058]} sys_lwmutex warning: sys_lwmutex_create(lwmutex_addr=0x4b3560, attr_addr=0xd000fb20)
HLE: ! {PPU[1] Thread (main_thread)[0x0056b058]} sys_lwmutex : *** lwmutex created [DHStd m] (attribute=0x22): sq_id = 13
HLE: W {PPU[1] Thread (main_thread)[0x00551058]} cellSysutil warning: cellSysutilRegisterCallback(slot=0, func_addr=0x42bc90, userdata=0x0)
HLE: W {PPU[1] Thread (main_thread)[0x0056b058]} sys_lwmutex warning: sys_lwmutex_create(lwmutex_addr=0x50b040, attr_addr=0xd000fa50)
HLE: ! {PPU[1] Thread (main_thread)[0x0056b058]} sys_lwmutex : *** lwmutex created [] (attribute=0x12): sq_id = 14
HLE: W {PPU[1] Thread (main_thread)[0x0055501c]} cellGcmSys warning: _cellGcmInitBody(context_addr=0x53b7e4, cmdSize=0x3ff000, ioSize=0x400000, ioAddress=0x30100000)
HLE: W {PPU[1] Thread (main_thread)[0x0055501c]} cellGcmSys warning: *** local memory(addr=0xc0000000, size=0xf900000)
HLE: W {PPU[1] Thread (main_thread)[0x0055501c]} cellGcmSys warning: cellGcmInit(): 256MB io address space used
HLE: W {PPU[1] Thread (main_thread)[0x0055501c]} cellGcmSys warning: cellGcmMapEaIoAddress(ea=0x30100000, io=0x0, size=0x400000)
RSX: ! {RSXThread} RSX thread started
HLE: W {PPU[1] Thread (main_thread)[0x002c9600]} sys_mmapper warning: sys_mmapper_allocate_address(size=0x20000000, flags=0x40f, alignment=0x10000000, alloc_addr=0xd000f8d0)
HLE: W {PPU[1] Thread (main_thread)[0x002c960c]} sys_memory warning: sys_memory_get_user_memory_size(mem_info_addr=0xd000f8d8)
HLE: W {PPU[1] Thread (main_thread)[0x002c9654]} sys_mmapper warning: sys_mmapper_allocate_address(size=0x10000000, flags=0x20f, alignment=0x10000000, alloc_addr=0xd000f8d0)
HLE: W {PPU[1] Thread (main_thread)[0x0056b13c]} sys_mmapper warning: sys_mmapper_allocate_memory(size=0x100000, flags=0x400, mem_id_addr=0xd000f8d0)
HLE: W {PPU[1] Thread (main_thread)[0x0056b16c]} sys_mmapper warning: sys_mmapper_map_memory(start_addr=0x0, mem_id=0xf, flags=0x40000)
HLE: E {PPU[1] Thread (main_thread)[0x0056b16c]} sys_mmapper error: sys_mmapper_map_memory failed!
HLE: W {PPU[1] Thread (main_thread)[0x00555094]} cellGcmSys warning: cellGcmMapMainMemory(ea=0x0,size=0x100000,offset_addr=0xd000f8d4)
HLE: W {PPU[1] Thread (main_thread)[0x0055501c]} cellGcmSys warning: _cellGcmInitBody(context_addr=0x53b7e4, cmdSize=0x3ff000, ioSize=0x400000, ioAddress=0x30500000)
HLE: W {PPU[1] Thread (main_thread)[0x0055501c]} cellGcmSys warning: *** local memory(addr=0xc0000000, size=0xf900000)
HLE: W {PPU[1] Thread (main_thread)[0x0055501c]} cellGcmSys warning: cellGcmInit(): 256MB io address space used
HLE: W {PPU[1] Thread (main_thread)[0x0055501c]} cellGcmSys warning: cellGcmMapEaIoAddress(ea=0x30500000, io=0x0, size=0x400000)
RSX: ! {RSXThread} RSX thread ended
RSX: ! {RSXThread} RSX thread started
HLE: W {PPU[1] Thread (main_thread)[0x002c9600]} sys_mmapper warning: sys_mmapper_allocate_address(size=0x20000000, flags=0x40f, alignment=0x10000000, alloc_addr=0xd000f8d0)
HLE: W {PPU[1] Thread (main_thread)[0x002c960c]} sys_memory warning: sys_memory_get_user_memory_size(mem_info_addr=0xd000f8d8)
HLE: W {PPU[1] Thread (main_thread)[0x002c9654]} sys_mmapper warning: sys_mmapper_allocate_address(size=0x10000000, flags=0x20f, alignment=0x10000000, alloc_addr=0xd000f8d0)
HLE: W {PPU[1] Thread (main_thread)[0x000403bc]} sys_spu warning: sys_spu_initialize(max_usable_spu=6, max_raw_spu=1)
HLE: W {PPU[1] Thread (main_thread)[0x0040c010]} cellSysmodule warning: cellSysmoduleLoadModule(CELL_SYSMODULE_SYSUTIL_GAME)
HLE: W {PPU[1] Thread (main_thread)[0x0040c010]} cellSysmodule warning: cellSysmoduleLoadModule(CELL_SYSMODULE_SYSUTIL_LICENSEAREA)
HLE: W {PPU[1] Thread (main_thread)[0x0040c010]} cellSysmodule warning: cellSysmoduleLoadModule(CELL_SYSMODULE_RTC)
HLE: W {PPU[1] Thread (main_thread)[0x0040c010]} cellSysmodule warning: cellSysmoduleLoadModule(CELL_SYSMODULE_SYSUTIL_USERINFO)
HLE: W {PPU[1] Thread (main_thread)[0x0055101c]} cellSysutil warning: cellSysutilGetSystemParamInt: CELL_SYSUTIL_SYSTEMPARAM_ID_LANG
HLE: W {PPU[1] Thread (main_thread)[0x0040e040]} cellGame warning: cellGameBootCheck(type_addr=0x45b994, attributes_addr=0x45b998, size_addr=0x45b970, dirName_addr=0xd000f878)
HLE: W {PPU[1] Thread (main_thread)[0x0040e004]} cellGame warning: cellGameGetParamString(id=100, buf_addr=0x45b9a8, bufsize=128)
HLE: W {PPU[1] Thread (main_thread)[0x0040e01c]} cellGame warning: cellGameContentPermit(contentInfoPath_addr=0xd000f998, usrdirPath_addr=0xd000f898)
G: E {PPU[1] Thread (main_thread)[0x002c807c]} Exception: Access violation: addr = 0x18 (is_alive=1, last_syscall=0x0 (Unknown func id: 0x00000000))
RSX: W {RSXThread} RSX thread aborted
RSX: W {VBlank thread} VBlank thread aborted
PPU: ! {PPU Recompilation Engine} PPU LLVM Recompilation thread exiting.
HLE: ! All threads stopped...
MEM: ! Closing memory...
