HLE: ! path: /dev_hdd0/game/
HLE: W No pause.bin found, Auto Pause will not work.
HLE: W No pause.bin found, Auto Pause will not work.
LDR: ! Loading 'D:\Emulateurs\Rpcs3\dev_hdd0\game\BLES01364-[Family Game Night 4]/PS3_GAME/USRDIR/BOOT.BIN'...
LDR: !  
LDR: ! Mount info:
LDR: ! /dev_hdd0/ -> ./dev_hdd0/
LDR: ! /dev_hdd1/ -> ./dev_hdd1/
LDR: ! /dev_flash/ -> ./dev_flash/
LDR: ! /dev_usb000/ -> ./dev_usb000/
LDR: ! /dev_usb/ -> ./dev_usb000/
LDR: ! /app_home/ -> D:\Emulateurs\Rpcs3\dev_hdd0\game\BLES01364-[Family Game Night 4]/PS3_GAME/
LDR: ! /dev_bdvd/ -> D:\Emulateurs\Rpcs3\dev_hdd0\game\BLES01364-[Family Game Night 4]/PS3_GAME//../
LDR: ! /host_root/ -> 
LDR: ! /app_home/PS3_GAME/USRDIR/ -> D:\Emulateurs\Rpcs3\dev_hdd0\game\BLES01364-[Family Game Night 4]/PS3_GAME//USRDIR/
LDR: ! /dev_flash2/ -> ./dev_flash2/
LDR: ! /app_home/Game/PS3_GAME/USRDIR/ -> D:\Emulateurs\Rpcs3\dev_hdd0\game\BLES01364-[Family Game Night 4]/PS3_GAME//USRDIR/
LDR: ! //dev_hdd0/ -> ./dev_hdd0/
LDR: ! / -> D:\Emulateurs\Rpcs3\dev_hdd0\game\BLES01364-[Family Game Night 4]/PS3_GAME//USRDIR/
LDR: ! /app_home//dev_bdvd/PS3_GAME/USRDIR/data/gos/ -> D:\Emulateurs\Rpcs3\dev_hdd0\game\BLES01364-[Family Game Night 4]/PS3_GAME//USRDIR/
LDR: !  
LDR: ! Title: Family Game Night 4
LDR: ! Serial: BLES01364
LDR: !  
MEM: ! Initializing memory: m_base_addr = 0xe6e0e80000
MEM: ! Memory initialized.
LDR: ! Imported function 'cellGameContentPermit' in 'cellGame' module
LDR: ! Imported function 'cellGameContentErrorDialog' in 'cellGame' module
LDR: ! Imported function 'cellGameBootCheck' in 'cellGame' module
LDR: ! Imported function 'cellPadClearBuf' in 'sys_io' module
LDR: ! Imported function 'cellPadInit' in 'sys_io' module
LDR: ! Imported function 'cellKbClearBuf' in 'sys_io' module
LDR: ! Imported function 'cellKbGetInfo' in 'sys_io' module
LDR: ! Imported function 'cellKbSetLEDStatus' in 'sys_io' module
LDR: ! Imported function 'cellKbInit' in 'sys_io' module
LDR: W Unimplemented function 'cellPadPeriphGetInfo' in 'sys_io' module
LDR: ! Imported function 'cellPadEnd' in 'sys_io' module
LDR: ! Imported function 'cellPadGetData' in 'sys_io' module
LDR: ! Imported function 'cellKbSetCodeType' in 'sys_io' module
LDR: ! Imported function 'cellPadGetInfo2' in 'sys_io' module
LDR: ! Imported function 'cellKbEnd' in 'sys_io' module
LDR: ! Imported function 'cellKbSetReadMode' in 'sys_io' module
LDR: ! Imported function 'cellKbRead' in 'sys_io' module
LDR: ! Imported function 'cellPadSetActDirect' in 'sys_io' module
LDR: ! Imported function 'cellGcmGetTiledPitchSize' in 'cellGcmSys' module
LDR: ! Imported function '_cellGcmInitBody' in 'cellGcmSys' module
LDR: ! Imported function '_cellGcmSetFlipCommand' in 'cellGcmSys' module
LDR: ! Imported function 'cellGcmAddressToOffset' in 'cellGcmSys' module
LDR: ! Imported function '_cellGcmFunc15' in 'cellGcmSys' module
LDR: ! Imported function 'cellGcmBindTile' in 'cellGcmSys' module
LDR: ! Imported function 'cellGcmSetFlipMode' in 'cellGcmSys' module
LDR: ! Imported function 'cellGcmGetDefaultCommandWordSize' in 'cellGcmSys' module
LDR: ! Imported function 'cellGcmGetLastFlipTime' in 'cellGcmSys' module
LDR: ! Imported function 'cellGcmGetFlipStatus' in 'cellGcmSys' module
LDR: ! Imported function 'cellGcmGetDefaultSegmentWordSize' in 'cellGcmSys' module
LDR: ! Imported function 'cellGcmSetDefaultFifoSize' in 'cellGcmSys' module
LDR: ! Imported function 'cellGcmBindZcull' in 'cellGcmSys' module
LDR: ! Imported function 'cellGcmMapMainMemory' in 'cellGcmSys' module
LDR: ! Imported function 'cellGcmSetDisplayBuffer' in 'cellGcmSys' module
LDR: ! Imported function 'cellGcmGetControlRegister' in 'cellGcmSys' module
LDR: ! Imported function 'cellGcmUnbindZcull' in 'cellGcmSys' module
LDR: ! Imported function 'cellGcmResetFlipStatus' in 'cellGcmSys' module
LDR: ! Imported function 'cellGcmSetDefaultCommandBuffer' in 'cellGcmSys' module
LDR: ! Imported function 'cellGcmSetTileInfo' in 'cellGcmSys' module
LDR: ! Imported function 'cellGcmInitDefaultFifoMode' in 'cellGcmSys' module
LDR: ! Imported function '_cellGcmSetFlipCommandWithWaitLabel' in 'cellGcmSys' module
LDR: ! Imported function 'cellGcmGetConfiguration' in 'cellGcmSys' module
LDR: ! Imported function 'cellGcmUnmapEaIoAddress' in 'cellGcmSys' module
LDR: ! Imported function 'cellSysutilUnregisterCallback' in 'cellSysutil' module
LDR: ! Imported function 'cellVideoOutConfigure' in 'cellSysutil' module
LDR: ! Imported function 'cellSysutilCheckCallback' in 'cellSysutil' module
LDR: ! Imported function 'cellSysutilEnableBgmPlayback' in 'cellSysutil' module
LDR: ! Imported function 'cellSysutilGetSystemParamInt' in 'cellSysutil' module
LDR: ! Imported function 'cellAudioOutConfigure' in 'cellSysutil' module
LDR: ! Imported function 'cellVideoOutGetState' in 'cellSysutil' module
LDR: ! Imported function 'cellSaveDataAutoSave2' in 'cellSysutil' module
LDR: ! Imported function 'cellSysutilGetSystemParamString' in 'cellSysutil' module
LDR: ! Imported function 'cellSysutilRegisterCallback' in 'cellSysutil' module
LDR: ! Imported function 'cellVideoOutGetResolutionAvailability' in 'cellSysutil' module
LDR: ! Imported function 'cellVideoOutGetResolution' in 'cellSysutil' module
LDR: ! Imported function 'cellAudioOutGetConfiguration' in 'cellSysutil' module
LDR: W Unimplemented function 'cellSaveDataDelete2' in 'cellSysutil' module
LDR: ! Imported function 'cellSaveDataAutoLoad2' in 'cellSysutil' module
LDR: ! Imported function 'cellAudioOutGetDeviceInfo' in 'cellSysutil' module
LDR: ! Imported function 'cellAudioOutGetSoundAvailability' in 'cellSysutil' module
LDR: ! Imported function 'cellAudioOutGetNumberOfDevice' in 'cellSysutil' module
LDR: ! Imported function 'cellAudioOutGetState' in 'cellSysutil' module
LDR: ! Imported function 'cellAudioCreateNotifyEventQueue' in 'cellAudio' module
LDR: ! Imported function 'cellAudioInit' in 'cellAudio' module
LDR: ! Imported function 'cellAudioSetNotifyEventQueue' in 'cellAudio' module
LDR: ! Imported function 'cellAudioGetPortTimestamp' in 'cellAudio' module
LDR: ! Imported function 'cellAudioPortClose' in 'cellAudio' module
LDR: ! Imported function 'cellAudioPortStop' in 'cellAudio' module
LDR: ! Imported function 'cellAudioGetPortConfig' in 'cellAudio' module
LDR: W Unimplemented function 'cellAudioAdd6chData' in 'cellAudio' module
LDR: ! Imported function 'cellAudioPortStart' in 'cellAudio' module
LDR: ! Imported function 'cellAudioAdd2chData' in 'cellAudio' module
LDR: ! Imported function 'cellAudioPortOpen' in 'cellAudio' module
LDR: ! Imported function 'cellAudioAddData' in 'cellAudio' module
LDR: ! Imported function 'cellAudioGetPortBlockTag' in 'cellAudio' module
LDR: ! Imported function 'cellAudioRemoveNotifyEventQueue' in 'cellAudio' module
LDR: ! Imported function 'cellSpursAttributeSetNamePrefix' in 'cellSpurs' module
LDR: ! Imported function 'cellSpursAttributeEnableSpuPrintfIfAvailable' in 'cellSpurs' module
LDR: ! Imported function 'cellSpursEventFlagDetachLv2EventQueue' in 'cellSpurs' module
LDR: ! Imported function 'cellSpursEventFlagWait' in 'cellSpurs' module
LDR: ! Imported function 'cellSpursDetachLv2EventQueue' in 'cellSpurs' module
LDR: ! Imported function '_cellSpursAttributeInitialize' in 'cellSpurs' module
LDR: ! Imported function 'cellSpursJoinTaskset' in 'cellSpurs' module
LDR: ! Imported function 'cellSpursShutdownTaskset' in 'cellSpurs' module
LDR: ! Imported function 'cellSpursInitializeWithAttribute' in 'cellSpurs' module
LDR: ! Imported function 'cellSpursAttachLv2EventQueue' in 'cellSpurs' module
LDR: ! Imported function 'cellSpursFinalize' in 'cellSpurs' module
LDR: ! Imported function '_cellSpursSendSignal' in 'cellSpurs' module
LDR: ! Imported function 'cellSpursJobQueuePortFinalize' in 'cellSpursJq' module
LDR: ! Imported function 'cellSpursJobQueuePortInitialize' in 'cellSpursJq' module
LDR: ! Imported function 'cellSpursJobQueueAttributeInitialize' in 'cellSpursJq' module
LDR: ! Imported function 'cellSpursJobQueueAttributeSetMaxGrab' in 'cellSpursJq' module
LDR: ! Imported function 'cellSpursJobQueuePortSync' in 'cellSpursJq' module
LDR: ! Imported function 'cellSpursShutdownJobQueue' in 'cellSpursJq' module
LDR: ! Imported function 'cellSpursJoinJobQueue' in 'cellSpursJq' module
LDR: ! Imported function '_cellSpursJobQueuePortPushJobBody2' in 'cellSpursJq' module
LDR: ! Imported function '_cellSpursJobQueuePortPushSync' in 'cellSpursJq' module
LDR: ! Imported function '_cellSpursCreateJobQueue' in 'cellSpursJq' module
LDR: ! Imported function 'cellFsClose' in 'sys_fs' module
LDR: ! Imported function 'cellFsRead' in 'sys_fs' module
LDR: ! Imported function 'cellFsOpen' in 'sys_fs' module
LDR: ! Imported function 'cellFsLseek' in 'sys_fs' module
LDR: ! Imported function 'cellFsFstat' in 'sys_fs' module
LDR: ! Imported function 'cellSysmoduleUnloadModule' in 'cellSysmodule' module
LDR: ! Imported function 'cellSysmoduleLoadModule' in 'cellSysmodule' module
LDR: ! Imported function 'sceNpDrmVerifyUpgradeLicense' in 'sceNp' module
LDR: ! Imported function 'sceNpTerm' in 'sceNp' module
LDR: ! Imported function 'sceNpManagerUnregisterCallback' in 'sceNp' module
LDR: ! Imported function 'sceNpManagerGetStatus' in 'sceNp' module
LDR: ! Imported function 'sceNpInit' in 'sceNp' module
LDR: ! Imported function 'sceNpManagerRegisterCallback' in 'sceNp' module
LDR: ! Imported function 'sceNpManagerGetNpId' in 'sceNp' module
LDR: ! Imported function 'sceNpTrophyRegisterContext' in 'sceNpTrophy' module
LDR: ! Imported function 'sceNpTrophyCreateHandle' in 'sceNpTrophy' module
LDR: ! Imported function 'sceNpTrophyGetRequiredDiskSpace' in 'sceNpTrophy' module
LDR: ! Imported function 'sceNpTrophyDestroyContext' in 'sceNpTrophy' module
LDR: ! Imported function 'sceNpTrophyInit' in 'sceNpTrophy' module
LDR: ! Imported function 'sceNpTrophyGetGameInfo' in 'sceNpTrophy' module
LDR: ! Imported function 'sceNpTrophyDestroyHandle' in 'sceNpTrophy' module
LDR: ! Imported function 'sceNpTrophyUnlockTrophy' in 'sceNpTrophy' module
LDR: ! Imported function 'sceNpTrophyTerm' in 'sceNpTrophy' module
LDR: ! Imported function 'sceNpTrophyCreateContext' in 'sceNpTrophy' module
LDR: ! Imported function 'sceNpTrophyGetTrophyInfo' in 'sceNpTrophy' module
LDR: ! Imported function 'cellNetCtlNetStartDialogLoadAsync' in 'cellNetCtl' module
LDR: ! Imported function 'cellNetCtlNetStartDialogUnloadAsync' in 'cellNetCtl' module
LDR: ! Imported function 'cellNetCtlTerm' in 'cellNetCtl' module
LDR: ! Imported function 'cellNetCtlInit' in 'cellNetCtl' module
LDR: ! Imported function 'cellSailGraphicsAdapterGetFrame' in 'cellSail' module
LDR: ! Imported function 'cellSailPlayerSetSoundAdapter' in 'cellSail' module
LDR: ! Imported function 'cellSailPlayerFinalize' in 'cellSail' module
LDR: ! Imported function 'cellSailPlayerSetGraphicsAdapter' in 'cellSail' module
LDR: ! Imported function 'cellSailGraphicsAdapterInitialize' in 'cellSail' module
LDR: ! Imported function 'cellSailSoundAdapterSetPreferredFormat' in 'cellSail' module
LDR: ! Imported function 'cellSailPlayerInitialize2' in 'cellSail' module
LDR: ! Imported function 'cellSailGraphicsAdapterSetPreferredFormat' in 'cellSail' module
LDR: ! Imported function 'cellSailMemAllocatorInitialize' in 'cellSail' module
LDR: ! Imported function 'cellSailPlayerOpenStream' in 'cellSail' module
LDR: ! Imported function 'cellSailSoundAdapterInitialize' in 'cellSail' module
LDR: ! Imported function 'cellSailGraphicsAdapterUpdateAvSync' in 'cellSail' module
LDR: ! Imported function 'cellSailPlayerSetParameter' in 'cellSail' module
LDR: ! Imported function 'cellSailPlayerAddDescriptor' in 'cellSail' module
LDR: ! Imported function 'cellSailSoundAdapterGetFrame' in 'cellSail' module
LDR: ! Imported function 'cellSailPlayerCloseStream' in 'cellSail' module
LDR: ! Imported function 'cellSailPlayerBoot' in 'cellSail' module
LDR: ! Imported function 'cellSailPlayerCreateDescriptor' in 'cellSail' module
LDR: ! Imported function 'cellSailPlayerStart' in 'cellSail' module
LDR: ! Imported function 'cellSailPlayerStop' in 'cellSail' module
LDR: ! Imported function 'cellSailSoundAdapterUpdateAvSync' in 'cellSail' module
LDR: ! Imported function 'cellSailSoundAdapterGetFormat' in 'cellSail' module
LDR: ! Imported function 'cellSailPlayerSetRepeatMode' in 'cellSail' module
LDR: ! Imported function 'cellSailPlayerDestroyDescriptor' in 'cellSail' module
LDR: ! Imported function 'cellSailGraphicsAdapterGetFormat' in 'cellSail' module
LDR: W Unknown module 'libgem'
LDR: W Unimplemented function 'cellGemUpdateStart' in 'libgem' module
LDR: W Unimplemented function 'cellGemInit' in 'libgem' module
LDR: W Unimplemented function 'cellGemConvertVideoFinish' in 'libgem' module
LDR: W Unimplemented function 'cellGemGetRGB' in 'libgem' module
LDR: W Unimplemented function 'cellGemGetMemorySize' in 'libgem' module
LDR: W Unimplemented function 'cellGemUpdateFinish' in 'libgem' module
LDR: W Unimplemented function 'cellGemGetState' in 'libgem' module
LDR: W Unimplemented function 'cellGemConvertVideoStart' in 'libgem' module
LDR: W Unimplemented function 'cellGemTrackHues' in 'libgem' module
LDR: W Unimplemented function 'cellGemGetImageState' in 'libgem' module
LDR: W Unimplemented function 'cellGemGetInfo' in 'libgem' module
LDR: W Unimplemented function 'cellGemPrepareCamera' in 'libgem' module
LDR: W Unimplemented function 'cellGemCalibrate' in 'libgem' module
LDR: W Unimplemented function 'cellGemPrepareVideoConvert' in 'libgem' module
LDR: W Unimplemented function 'cellGemEnd' in 'libgem' module
LDR: W Unimplemented function 'cellGemGetStatusFlags' in 'libgem' module
LDR: W Unimplemented function 'cellGemSetRumble' in 'libgem' module
LDR: ! Imported function 'cellCameraStop' in 'cellCamera' module
LDR: ! Imported function 'cellCameraGetBufferInfoEx' in 'cellCamera' module
LDR: ! Imported function 'cellCameraReadEx' in 'cellCamera' module
LDR: ! Imported function 'cellCameraClose' in 'cellCamera' module
LDR: ! Imported function 'cellCameraRemoveNotifyEventQueue2' in 'cellCamera' module
LDR: ! Imported function 'cellCameraStart' in 'cellCamera' module
LDR: ! Imported function 'cellCameraGetType' in 'cellCamera' module
LDR: ! Imported function 'cellCameraEnd' in 'cellCamera' module
LDR: ! Imported function 'cellCameraOpenEx' in 'cellCamera' module
LDR: ! Imported function 'cellCameraReset' in 'cellCamera' module
LDR: ! Imported function 'cellCameraIsAvailable' in 'cellCamera' module
LDR: ! Imported function 'cellCameraSetAttribute' in 'cellCamera' module
LDR: ! Imported function 'cellCameraSetNotifyEventQueue2' in 'cellCamera' module
LDR: ! Imported function 'cellCameraInit' in 'cellCamera' module
LDR: W Unknown module 'cellSysutilAvconfExt'
LDR: W Unimplemented function 'cellVideoOutSetGamma' in 'cellSysutilAvconfExt' module
LDR: ! Imported function 'sys_lwmutex_lock' in 'sysPrxForUser' module
LDR: ! Imported function 'sys_lwmutex_unlock' in 'sysPrxForUser' module
LDR: ! Imported function 'sys_ppu_thread_create' in 'sysPrxForUser' module
LDR: ! Imported function '_sys_process_atexitspawn' in 'sysPrxForUser' module
LDR: ! Imported function 'sys_lwmutex_create' in 'sysPrxForUser' module
LDR: ! Imported function 'sys_ppu_thread_get_id' in 'sysPrxForUser' module
LDR: ! Imported function 'sys_prx_register_library' in 'sysPrxForUser' module
LDR: ! Imported function '_sys_spu_printf_initialize' in 'sysPrxForUser' module
LDR: ! Imported function 'sys_initialize_tls' in 'sysPrxForUser' module
LDR: ! Imported function 'sys_time_get_system_time' in 'sysPrxForUser' module
LDR: ! Imported function '_sys_process_at_Exitspawn' in 'sysPrxForUser' module
LDR: ! Imported function 'sys_prx_exitspawn_with_level' in 'sysPrxForUser' module
LDR: ! Imported function 'sys_ppu_thread_once' in 'sysPrxForUser' module
LDR: ! Imported function 'sys_lwmutex_trylock' in 'sysPrxForUser' module
LDR: ! Imported function 'sys_ppu_thread_exit' in 'sysPrxForUser' module
LDR: ! Imported function 'sys_lwmutex_destroy' in 'sysPrxForUser' module
LDR: ! Imported function '_sys_spu_printf_finalize' in 'sysPrxForUser' module
LDR: ! Imported function 'sys_spu_image_close' in 'sysPrxForUser' module
LDR: ! Imported function 'sys_process_exit' in 'sysPrxForUser' module
LDR: ! Imported function 'sys_spu_image_import' in 'sysPrxForUser' module
HLE: W {PPU[1] Thread (CPUThread)[0x7ff600480034]} sys_lwmutex warning: sys_lwmutex_create(lwmutex_addr=0x41b850, attr_addr=0x338650)
HLE: ! {PPU[1] Thread (CPUThread)[0x7ff600480034]} sys_lwmutex : *** lwmutex created [_lc_mtx] (attribute=0x12): sq_id = 3
HLE: W {PPU[1] Thread (CPUThread)[0x7ff600308160]} sys_memory warning: sys_memory_get_user_memory_size(mem_info_addr=0xd000fc04)
HLE: W {PPU[1] Thread (CPUThread)[0x7ff600480034]} sys_lwmutex warning: sys_lwmutex_create(lwmutex_addr=0x41b650, attr_addr=0x338650)
HLE: ! {PPU[1] Thread (CPUThread)[0x7ff600480034]} sys_lwmutex : *** lwmutex created [_lc_mtx] (attribute=0x12): sq_id = 4
HLE: W {PPU[1] Thread (CPUThread)[0x7ff600480034]} sys_lwmutex warning: sys_lwmutex_create(lwmutex_addr=0x41a9a0, attr_addr=0x338650)
HLE: ! {PPU[1] Thread (CPUThread)[0x7ff600480034]} sys_lwmutex : *** lwmutex created [_lc_mtx] (attribute=0x12): sq_id = 5
HLE: W {PPU[1] Thread (CPUThread)[0x7ff600480034]} sys_lwmutex warning: sys_lwmutex_create(lwmutex_addr=0x41a9c8, attr_addr=0x338650)
HLE: ! {PPU[1] Thread (CPUThread)[0x7ff600480034]} sys_lwmutex : *** lwmutex created [_lc_mtx] (attribute=0x12): sq_id = 6
HLE: W {PPU[1] Thread (CPUThread)[0x7ff600480034]} sys_lwmutex warning: sys_lwmutex_create(lwmutex_addr=0x41a9f0, attr_addr=0x338650)
HLE: ! {PPU[1] Thread (CPUThread)[0x7ff600480034]} sys_lwmutex : *** lwmutex created [_lc_mtx] (attribute=0x12): sq_id = 7
HLE: W {PPU[1] Thread (CPUThread)[0x7ff600480034]} sys_lwmutex warning: sys_lwmutex_create(lwmutex_addr=0x41a8d8, attr_addr=0x338650)
HLE: ! {PPU[1] Thread (CPUThread)[0x7ff600480034]} sys_lwmutex : *** lwmutex created [_lc_mtx] (attribute=0x12): sq_id = 8
HLE: W {PPU[1] Thread (CPUThread)[0x7ff600480034]} sys_lwmutex warning: sys_lwmutex_create(lwmutex_addr=0x41a900, attr_addr=0x338650)
HLE: ! {PPU[1] Thread (CPUThread)[0x7ff600480034]} sys_lwmutex : *** lwmutex created [_lc_mtx] (attribute=0x12): sq_id = 9
HLE: W {PPU[1] Thread (CPUThread)[0x7ff600480034]} sys_lwmutex warning: sys_lwmutex_create(lwmutex_addr=0x41a928, attr_addr=0x338650)
HLE: ! {PPU[1] Thread (CPUThread)[0x7ff600480034]} sys_lwmutex : *** lwmutex created [_lc_mtx] (attribute=0x12): sq_id = 10
HLE: W {PPU[1] Thread (CPUThread)[0x7ff600480034]} sys_lwmutex warning: sys_lwmutex_create(lwmutex_addr=0x41a950, attr_addr=0x338650)
HLE: ! {PPU[1] Thread (CPUThread)[0x7ff600480034]} sys_lwmutex : *** lwmutex created [_lc_mtx] (attribute=0x12): sq_id = 11
HLE: W {PPU[1] Thread (CPUThread)[0x7ff600480034]} sys_lwmutex warning: sys_lwmutex_create(lwmutex_addr=0x41a978, attr_addr=0x338650)
HLE: ! {PPU[1] Thread (CPUThread)[0x7ff600480034]} sys_lwmutex : *** lwmutex created [_lc_mtx] (attribute=0x12): sq_id = 12
HLE: W {PPU[1] Thread (CPUThread)[0x7ff6001b9c80]} sys_mutex warning: *** mutex created [WMem.st] (protocol=0x2, recursive=true): id = 13
HLE: W {PPU[1] Thread (CPUThread)[0x7ff600227ba8]} sys_memory warning: sys_memory_get_user_memory_size(mem_info_addr=0xd000fb60)
HLE: W {PPU[1] Thread (CPUThread)[0x7ff6001b99d8]} sys_mutex warning: *** mutex created [] (protocol=0x2, recursive=true): id = 14
HLE: W {PPU[1] Thread (CPUThread)[0x7ff6001b9c80]} sys_mutex warning: *** mutex created [ImageSp] (protocol=0x2, recursive=true): id = 15
HLE: W {PPU[1] Thread (CPUThread)[0x7ff600480034]} sys_lwmutex warning: sys_lwmutex_create(lwmutex_addr=0x3f8d60, attr_addr=0xd000fa90)
HLE: ! {PPU[1] Thread (CPUThread)[0x7ff600480034]} sys_lwmutex : *** lwmutex created [] (attribute=0x12): sq_id = 16
HLE: W {PPU[1] Thread (CPUThread)[0xe700470010]} cellSysmodule warning: cellSysmoduleLoadModule(CELL_SYSMODULE_FS)
HLE: W {PPU[1] Thread (CPUThread)[0xe700470010]} cellSysmodule warning: cellSysmoduleLoadModule(CELL_SYSMODULE_PNGDEC)
HLE: W {PPU[1] Thread (CPUThread)[0xe700470010]} cellSysmodule warning: cellSysmoduleLoadModule(CELL_SYSMODULE_NET)
HLE: W {PPU[1] Thread (CPUThread)[0xe700470010]} cellSysmodule warning: cellSysmoduleLoadModule(CELL_SYSMODULE_NETCTL)
HLE: W {PPU[1] Thread (CPUThread)[0xe700470010]} cellSysmodule warning: cellSysmoduleLoadModule(CELL_SYSMODULE_SYSUTIL_NP)
HLE: W {PPU[1] Thread (CPUThread)[0xe700470010]} cellSysmodule warning: cellSysmoduleLoadModule(CELL_SYSMODULE_SYSUTIL_GAME)
HLE: W {PPU[1] Thread (CPUThread)[0xe700470010]} cellSysmodule warning: cellSysmoduleLoadModule(CELL_SYSMODULE_SYSUTIL_NP_TUS)
HLE: W {PPU[1] Thread (CPUThread)[0xe700470010]} cellSysmodule warning: cellSysmoduleLoadModule(CELL_SYSMODULE_SYSUTIL_SAVEDATA)
HLE: W {PPU[1] Thread (CPUThread)[0xe700470010]} cellSysmodule warning: cellSysmoduleLoadModule(CELL_SYSMODULE_SYSUTIL_NP_TROPHY)
HLE: W {PPU[1] Thread (CPUThread)[0xe700470010]} cellSysmodule warning: cellSysmoduleLoadModule(CELL_SYSMODULE_AVCONF_EXT)
HLE: W {PPU[1] Thread (CPUThread)[0xe700470010]} cellSysmodule warning: cellSysmoduleLoadModule(CELL_SYSMODULE_SAIL)
HLE: W {PPU[1] Thread (CPUThread)[0xe700472034]} sceNp warning: sceNpInit(mem_size=0x20000, mem_addr=0x3b8cb0)
HLE: W {PPU[1] Thread (CPUThread)[0x7ff600480034]} sys_lwmutex warning: sys_lwmutex_create(lwmutex_addr=0x3e1eb0, attr_addr=0xd000fa90)
HLE: ! {PPU[1] Thread (CPUThread)[0x7ff600480034]} sys_lwmutex : *** lwmutex created [] (attribute=0x12): sq_id = 17
HLE: W {PPU[1] Thread (CPUThread)[0xe6003028c0]} vfsLocalFile::Create('D:\Emulateurs\Rpcs3\dev_hdd0\log.txt')
HLE: ! {PPU[1] Thread (CPUThread)[0xe7003028c0]} sys_fs : "log.txt" opened: fd = 18
HLE: W {PPU[1] Thread (CPUThread)[0x7ff600480034]} sys_lwmutex warning: sys_lwmutex_create(lwmutex_addr=0x30121510, attr_addr=0x338650)
HLE: ! {PPU[1] Thread (CPUThread)[0x7ff600480034]} sys_lwmutex : *** lwmutex created [_lc_mtx] (attribute=0x12): sq_id = 19
TTY: INIT FS
HLE: W {PPU[1] Thread (CPUThread)[0x7ff600480034]} sys_lwmutex warning: sys_lwmutex_create(lwmutex_addr=0x3ea278, attr_addr=0xd000fa90)
HLE: ! {PPU[1] Thread (CPUThread)[0x7ff600480034]} sys_lwmutex : *** lwmutex created [] (attribute=0x12): sq_id = 20
HLE: W {PPU[1] Thread (CPUThread)[0xe70036f01c]} cellGame warning: cellGameBootCheck(type_addr=0xd000fb20, attributes_addr=0xd000fb24, size_addr=0x3f8598, dirName_addr=0x3d8cb0)
HLE: W {PPU[1] Thread (CPUThread)[0xe70036f004]} cellGame warning: cellGameContentPermit(contentInfoPath_addr=0xd000fba8, usrdirPath_addr=0xd000fb28)
TTY: Game content Path:/dev_bdvd/PS3_GAME
TTY: User content Path:/dev_bdvd/PS3_GAME/USRDIR
TTY: Debug Launch Not Detected, and datapath not already present
TTY: POST INIT FS
HLE: W {PPU[1] Thread (CPUThread)[0x7ff6001b9c80]} sys_mutex warning: *** mutex created [WWorkQu] (protocol=0x2, recursive=true): id = 21
HLE: W {PPU[1] Thread (CPUThread)[0x7ff600480034]} sys_lwmutex warning: sys_lwmutex_create(lwmutex_addr=0x3f8d98, attr_addr=0xd000f790)
HLE: ! {PPU[1] Thread (CPUThread)[0x7ff600480034]} sys_lwmutex : *** lwmutex created [] (attribute=0x12): sq_id = 22
HLE: W {PPU[1] Thread (CPUThread)[0x7ff6001bdb88]} sys_event_flag warning: sys_event_flag_create(eflag_id_addr=0x3f8db0, attr_addr=0xd000f7c0, init=0x0)
HLE: W {PPU[1] Thread (CPUThread)[0x7ff6001bdb88]} sys_event_flag warning: *** event_flag created [] (protocol=0x2, type=0x20000): id = 23
HLE: W {PPU[1] Thread (CPUThread)[0x7ff6001bdbb4]} sys_semaphore warning: sys_semaphore_create(sem_addr=0x3f8db4, attr_addr=0xd000f7a0, initial_count=0, max_count=1)
HLE: ! {PPU[1] Thread (CPUThread)[0x7ff6001bdbb4]} sys_semaphore : *** semaphore created [] (protocol=0x2): id = 24
HLE: ! {PPU[1] Thread (CPUThread)[0x7ff60048001c]} sys_ppu_thread : *** New PPU Thread [WorkThread] (joinable, entry=0x3a3390): id = 25
HLE: W {PPU[1] Thread (CPUThread)[0xe700466070]} cellSysutil warning: cellSysutilRegisterCallback(slot=0, func_addr=0x3a3320, userdata=0x30142c50)
HLE: E {PPU[1] Thread (CPUThread)[0xe700472040]} sceNp TODO: sceNpManagerRegisterCallback
HLE: W {PPU[1] Thread (CPUThread)[0xe700466028]} cellSysutil warning: cellSysutilEnableBgmPlayback()
HLE: ! {PPU[1] Thread (CPUThread)[0x7ff60048001c]} sys_ppu_thread : *** New PPU Thread [QueryLicense] (joinable, entry=0x3a3398): id = 26
HLE: E {PPU[26] Thread (QueryLicense)[0xe700472004]} sceNp TODO: sceNpDrmVerifyUpgradeLicense(content_id_addr=0x348b68)
HLE: W {PPU[1] Thread (CPUThread)[0x7ff600480034]} sys_lwmutex warning: sys_lwmutex_create(lwmutex_addr=0x41a4e8, attr_addr=0xd000f800)
HLE: ! {PPU[1] Thread (CPUThread)[0x7ff600480034]} sys_lwmutex : *** lwmutex created [] (attribute=0x12): sq_id = 27
TTY: ---->Game is licensed!
HLE: E {PPU[26] Thread (QueryLicense)[0x7ff6001bea44]} sys_ppu_thread TODO: sys_ppu_thread_detach(thread_id=26)
HLE: W {PPU[1] Thread (CPUThread)[0x7ff6001b9c80]} sys_mutex warning: *** mutex created [BFManag] (protocol=0x2, recursive=true): id = 28
HLE: W {PPU[1] Thread (CPUThread)[0x7ff600480034]} sys_lwmutex warning: sys_lwmutex_create(lwmutex_addr=0x3014afc8, attr_addr=0xd000f8b0)
HLE: ! {PPU[1] Thread (CPUThread)[0x7ff600480034]} sys_lwmutex : *** lwmutex created [] (attribute=0x12): sq_id = 29
HLE: E {PPU[1] Thread (CPUThread)[0xe7003028c0]} sys_fs error: "blockfiles/setup.blk" not found! flags: 0x00000000
HLE: E {PPU[1] Thread (CPUThread)[0xe7003028c0]} sys_fs error: "/dev_bdvd/PS3_GAME/USRDIR/blockfiles/setup.blk" not found! flags: 0x00000000
HLE: ! {PPU[1] Thread (CPUThread)[0xe7003028c0]} sys_fs : "/dev_bdvd/PS3_GAME/USRDIR/fsps3/blockfiles/setup.blk" opened: fd = 30
HLE: W {PPU[1] Thread (CPUThread)[0x7ff600480034]} sys_lwmutex warning: sys_lwmutex_create(lwmutex_addr=0x3014b110, attr_addr=0x338650)
HLE: ! {PPU[1] Thread (CPUThread)[0x7ff600480034]} sys_lwmutex : *** lwmutex created [_lc_mtx] (attribute=0x12): sq_id = 31
HLE: W {PPU[1] Thread (CPUThread)[0xe700302838]} sys_fs warning: cellFsClose(fd=30)
HLE: W {PPU[1] Thread (CPUThread)[0x7ff6004800b8]} sys_lwmutex warning: sys_lwmutex_destroy(lwmutex_addr=0x3014b110)
TTY: Loading BlockFile 'blockfiles/setup.blk'...Success
HLE: W {PPU[1] Thread (CPUThread)[0xe700466064]} cellSysutil warning: cellSysutilGetSystemParamString: CELL_SYSUTIL_SYSTEMPARAM_ID_CURRENT_USERNAME
HLE: W {PPU[1] Thread (CPUThread)[0xe700476028]} cellNetCtl warning: cellNetCtlInit()
HLE: W {PPU[1] Thread (CPUThread)[0x7ff600480034]} sys_lwmutex warning: sys_lwmutex_create(lwmutex_addr=0x3e6700, attr_addr=0xd000f4b4)
HLE: ! {PPU[1] Thread (CPUThread)[0x7ff600480034]} sys_lwmutex : *** lwmutex created [] (attribute=0x12): sq_id = 32
HLE: W {PPU[1] Thread (CPUThread)[0xe7004640f4]} cellGcmSys warning: cellGcmInitDefaultFifoMode(mode=1)
HLE: W {PPU[1] Thread (CPUThread)[0xe700464010]} cellGcmSys warning: _cellGcmInitBody(context_addr=0x41a358, cmdSize=0x7ff000, ioSize=0x800000, ioAddress=0x30e00000)
HLE: W {PPU[1] Thread (CPUThread)[0xe700464010]} cellGcmSys warning: *** local memory(addr=0xc0000000, size=0xf900000)
HLE: W {PPU[1] Thread (CPUThread)[0xe700464010]} cellGcmSys warning: cellGcmInit(): 256MB io address space used
HLE: W {PPU[1] Thread (CPUThread)[0xe700464010]} cellGcmSys warning: cellGcmMapEaIoAddress(ea=0x30e00000, io=0x0, size=0x800000)
RSX: ! {RSXThread} RSX thread started
HLE: W {PPU[1] Thread (CPUThread)[0xe700466010]} cellSysutil warning: cellVideoOutConfigure(videoOut=0, config_addr=0xd000f4a4, option_addr=0x0, waitForEvent=0x0)
HLE: W {PPU[1] Thread (CPUThread)[0xe70046404c]} cellGcmSys warning: cellGcmSetFlipMode(mode=2)
HLE: W {PPU[1] Thread (CPUThread)[0x7ff600480034]} sys_lwmutex warning: sys_lwmutex_create(lwmutex_addr=0x30d6b7e0, attr_addr=0xd000f340)
HLE: ! {PPU[1] Thread (CPUThread)[0x7ff600480034]} sys_lwmutex : *** lwmutex created [] (attribute=0x12): sq_id = 33
HLE: E {PPU[1] Thread (CPUThread)[0xe70047e004]} cellAvconfExt TODO: cellVideoOutSetGamma
HLE: W {PPU[1] Thread (CPUThread)[0xe7004640a0]} cellGcmSys warning: cellGcmMapMainMemory(ea=0x31700000,size=0x100000,offset_addr=0xd000ed64)
HLE: W {PPU[1] Thread (CPUThread)[0xe7004640dc]} cellGcmSys warning: cellGcmSetDefaultCommandBuffer()
HLE: W {PPU[1] Thread (CPUThread)[0xe7004640e8]} cellGcmSys warning: cellGcmSetTileInfo(index=0, location=0, offset=11075584, size=7536640, pitch=10240, comp=0, base=0, bank=0)
HLE: W {PPU[1] Thread (CPUThread)[0xe700464040]} cellGcmSys warning: cellGcmBindTile(index=0)
HLE: W {PPU[1] Thread (CPUThread)[0xe7004640e8]} cellGcmSys warning: cellGcmSetTileInfo(index=1, location=0, offset=18612224, size=7536640, pitch=10240, comp=0, base=0, bank=0)
HLE: W {PPU[1] Thread (CPUThread)[0xe700464040]} cellGcmSys warning: cellGcmBindTile(index=1)
HLE: W {PPU[1] Thread (CPUThread)[0xe7004640e8]} cellGcmSys warning: cellGcmSetTileInfo(index=2, location=0, offset=26148864, size=7536640, pitch=10240, comp=0, base=0, bank=0)
HLE: W {PPU[1] Thread (CPUThread)[0xe700464040]} cellGcmSys warning: cellGcmBindTile(index=2)
HLE: W {PPU[1] Thread (CPUThread)[0xe7004640c4]} cellGcmSys warning: cellGcmUnbindZcull(index=0)
HLE: W {PPU[1] Thread (CPUThread)[0xe700464094]} cellGcmSys warning: cellGcmBindZcull(index=0)
HLE: W {PPU[1] Thread (CPUThread)[0xe7004640dc]} cellGcmSys warning: cellGcmSetDefaultCommandBuffer()
RSX: W {RSXThread} TODO: NV4097_SET_WINDOW_OFFSET: x=0, y=0
RSX: W {RSXThread} TODO: NV4097_SET_ANTI_ALIASING_CONTROL: 0xffff0000
RSX: W {RSXThread} New FBO (1280x720)
RSX: W {RSXThread} NV4097_SET_VERTEX_ATTRIB_INPUT_MASK: 0x9
RSX: W {RSXThread} NV4097_INVALIDATE_L2: 0x1
RSX: W {RSXThread} NV4097_SET_VERTEX_ATTRIB_OUTPUT_MASK: 0x25
RSX: E {RSXThread} TODO: CELL_GCM_NV4097_INLINE_ARRAY(0x0, 0x0, 0x0, 0xff000000, 0x44a00000, 0x0, 0x0, 0xff000000, 0x44a00000, 0x44340000, 0x0, 0xff000000, 0x0, 0x44340000, 0x0, 0xff000000)
RSX: W {RSXThread} FP not found in buffer!
RSX: W {RSXThread} VP not found in buffer!
RSX: ! {RSXThread} Add program (0):
RSX: ! {RSXThread} *** prog id = 3
RSX: ! {RSXThread} *** vp id = 2
RSX: ! {RSXThread} *** fp id = 1
RSX: ! {RSXThread} *** vp data size = 80
RSX: ! {RSXThread} *** fp data size = 16
RSX: ! {RSXThread} *** vp shader = 
#version 330

uniform mat4 scaleOffsetMat = mat4(1.0);
vec4 dst_reg1 = vec4(0.0);
vec4 dst_reg0 = vec4(0.0f, 0.0f, 0.0f, 1.0f);
layout (location = 3) in vec4 in_diff_color;
layout (location = 0) in vec4 in_pos;
uniform vec4 vc[468];
out vec4 diff_color;

void func0();

void main()
{
	func0();
	gl_Position = dst_reg0;
	diff_color = dst_reg1;
	gl_Position = gl_Position * scaleOffsetMat;
}

void func0()
{
	dst_reg1 = in_diff_color;
	dst_reg0.w = vec4(dot(in_pos, vc[3])).w;
	dst_reg0.z = vec4(dot(in_pos, vc[2])).z;
	dst_reg0.y = vec4(dot(in_pos, vc[1])).y;
	dst_reg0.x = vec4(dot(in_pos, vc[0])).x;
}

RSX: ! {RSXThread} *** fp shader = 
#version 330

vec4 r0 = vec4(0.0, 0.0, 0.0, 0.0);
in vec4 diff_color;
layout (location = 0) out vec4 ocol0;

void main()
{
	r0 = diff_color;
	ocol0 = r0;
}

