HLE: ! path: /dev_hdd0/game/
HLE: W No pause.bin found, Auto Pause will not work.
HLE: W No pause.bin found, Auto Pause will not work.
LDR: ! Loading 'D:\Emulateurs\Rpcs3\dev_hdd0\game\BLES01971-[METAL GEAR SOLID V GROUND ZEROES]/PS3_GAME/USRDIR/BOOT.BIN'...
LDR: !  
LDR: ! Mount info:
LDR: ! /dev_hdd0/ -> ./dev_hdd0/
LDR: ! /dev_hdd1/ -> ./dev_hdd1/
LDR: ! /dev_flash/ -> ./dev_flash/
LDR: ! /dev_usb000/ -> ./dev_usb000/
LDR: ! /dev_usb/ -> ./dev_usb000/
LDR: ! /app_home/ -> D:\Emulateurs\Rpcs3\dev_hdd0\game\BLES01971-[METAL GEAR SOLID V GROUND ZEROES]/PS3_GAME/
LDR: ! /dev_bdvd/ -> D:\Emulateurs\Rpcs3\dev_hdd0\game\BLES01971-[METAL GEAR SOLID V GROUND ZEROES]/PS3_GAME//../
LDR: ! /host_root/ -> 
LDR: ! /app_home/PS3_GAME/USRDIR/ -> D:\Emulateurs\Rpcs3\dev_hdd0\game\BLES01971-[METAL GEAR SOLID V GROUND ZEROES]/PS3_GAME//USRDIR/
LDR: ! /dev_flash2/ -> ./dev_flash2/
LDR: ! /app_home/Game/PS3_GAME/USRDIR/ -> D:\Emulateurs\Rpcs3\dev_hdd0\game\BLES01971-[METAL GEAR SOLID V GROUND ZEROES]/PS3_GAME//USRDIR/
LDR: ! //dev_hdd0/ -> ./dev_hdd0/
LDR: ! / -> D:\Emulateurs\Rpcs3\dev_hdd0\game\BLES01971-[METAL GEAR SOLID V GROUND ZEROES]/PS3_GAME//USRDIR/
LDR: !  
LDR: ! Title: METAL GEAR SOLID V: GROUND ZEROES
LDR: ! Serial: BLES01971
LDR: !  
MEM: ! Initializing memory: m_base_addr = 0x6fc4b40000
MEM: ! Memory initialized.
LDR: ! Imported function 'cellSysmoduleUnloadModule' in 'cellSysmodule' module
LDR: ! Imported function 'cellSysmoduleLoadModule' in 'cellSysmodule' module
LDR: ! Imported function 'cellSysmoduleIsLoaded' in 'cellSysmodule' module
LDR: ! Imported function 'cellSysmoduleInitialize' in 'cellSysmodule' module
LDR: ! Imported function 'cellSpursJobQueueAttributeSetDoBusyWaiting' in 'cellSpursJq' module
LDR: ! Imported function 'cellSpursJobQueueAttributeSetSubmitWithEntryLock' in 'cellSpursJq' module
LDR: ! Imported function 'cellSpursJobQueueAttributeSetMaxSizeJobDescriptor' in 'cellSpursJq' module
LDR: ! Imported function 'cellSpursJobQueueAttributeInitialize' in 'cellSpursJq' module
LDR: ! Imported function 'cellSpursJobQueueAttributeSetIsJobTypeMemoryCheck' in 'cellSpursJq' module
LDR: ! Imported function 'cellSpursShutdownJobQueue' in 'cellSpursJq' module
LDR: ! Imported function 'cellSpursJoinJobQueue' in 'cellSpursJq' module
LDR: ! Imported function 'cellSpursJobQueuePort2PushFlush' in 'cellSpursJq' module
LDR: ! Imported function 'cellSpursJobQueuePort2Destroy' in 'cellSpursJq' module
LDR: ! Imported function '_cellSpursJobQueuePort2PushJobBody' in 'cellSpursJq' module
LDR: ! Imported function 'cellSpursJobQueueAttributeSetGrabParameters' in 'cellSpursJq' module
LDR: ! Imported function 'cellSpursJobQueuePort2Create' in 'cellSpursJq' module
LDR: ! Imported function '_cellSpursCreateJobQueue' in 'cellSpursJq' module
LDR: ! Imported function 'cellSpursJobQueuePort2Sync' in 'cellSpursJq' module
LDR: ! Imported function 'cellSpursJobQueueAttributeSetIsHaltOnError' in 'cellSpursJq' module
LDR: ! Imported function 'cellSyncMutexLock' in 'cellSync' module
LDR: ! Imported function 'cellSyncMutexUnlock' in 'cellSync' module
LDR: ! Imported function 'cellSyncMutexInitialize' in 'cellSync' module
LDR: W Unimplemented function 'UTF16stoUTF8s' in 'cellL10n' module
LDR: W Unimplemented function 'UTF8stoUTF16s' in 'cellL10n' module
LDR: ! Imported function 'cellSysutilUnregisterCallback' in 'cellSysutil' module
LDR: ! Imported function 'cellVideoOutConfigure' in 'cellSysutil' module
LDR: ! Imported function 'cellSysutilCheckCallback' in 'cellSysutil' module
LDR: ! Imported function 'cellVideoOutGetDeviceInfo' in 'cellSysutil' module
LDR: ! Imported function 'cellSysutilEnableBgmPlayback' in 'cellSysutil' module
LDR: ! Imported function 'cellSysutilGetSystemParamInt' in 'cellSysutil' module
LDR: ! Imported function 'cellSysutilGetBgmPlaybackStatus2' in 'cellSysutil' module
LDR: ! Imported function 'cellMsgDialogOpen2' in 'cellSysutil' module
LDR: ! Imported function 'cellVideoOutGetState' in 'cellSysutil' module
LDR: ! Imported function 'cellSaveDataAutoSave2' in 'cellSysutil' module
LDR: ! Imported function 'cellSysutilGetSystemParamString' in 'cellSysutil' module
LDR: ! Imported function 'cellSysutilRegisterCallback' in 'cellSysutil' module
LDR: ! Imported function 'cellSysutilGetBgmPlaybackStatus' in 'cellSysutil' module
LDR: ! Imported function 'cellVideoOutGetResolutionAvailability' in 'cellSysutil' module
LDR: W Unimplemented function 'cellSaveDataFixedDelete' in 'cellSysutil' module
LDR: ! Imported function 'cellSysutilDisableBgmPlayback' in 'cellSysutil' module
LDR: W Unimplemented function 'cellVideoOutDebugSetMonitorType' in 'cellSysutil' module
LDR: ! Imported function 'cellVideoOutGetResolution' in 'cellSysutil' module
LDR: ! Imported function 'cellAudioOutGetState' in 'cellSysutil' module
LDR: ! Imported function 'cellSaveDataAutoLoad2' in 'cellSysutil' module
LDR: ! Imported function 'cellSysCacheMount' in 'cellSysutil' module
LDR: ! Imported function 'cellSysCacheClear' in 'cellSysutil' module
LDR: ! Imported function 'cellNetCtlNetStartDialogLoadAsync' in 'cellNetCtl' module
LDR: ! Imported function 'cellNetCtlAddHandler' in 'cellNetCtl' module
LDR: ! Imported function 'cellNetCtlNetStartDialogUnloadAsync' in 'cellNetCtl' module
LDR: ! Imported function 'cellNetCtlNetStartDialogAbortAsync' in 'cellNetCtl' module
LDR: ! Imported function 'cellNetCtlDelHandler' in 'cellNetCtl' module
LDR: ! Imported function 'cellNetCtlTerm' in 'cellNetCtl' module
LDR: ! Imported function 'cellNetCtlGetInfo' in 'cellNetCtl' module
LDR: ! Imported function 'cellNetCtlGetState' in 'cellNetCtl' module
LDR: ! Imported function 'cellNetCtlInit' in 'cellNetCtl' module
LDR: ! Imported function 'cellGcmGetTiledPitchSize' in 'cellGcmSys' module
LDR: ! Imported function 'cellGcmSetPrepareFlip' in 'cellGcmSys' module
LDR: ! Imported function 'cellGcmAddressToOffset' in 'cellGcmSys' module
LDR: ! Imported function 'cellGcmBindTile' in 'cellGcmSys' module
LDR: ! Imported function 'cellGcmSetFlipMode' in 'cellGcmSys' module
LDR: ! Imported function 'cellGcmSetSecondVFrequency' in 'cellGcmSys' module
LDR: ! Imported function 'cellGcmGetReport' in 'cellGcmSys' module
LDR: ! Imported function 'cellGcmSetDefaultFifoSize' in 'cellGcmSys' module
LDR: ! Imported function 'cellGcmBindZcull' in 'cellGcmSys' module
LDR: ! Imported function 'cellGcmMapMainMemory' in 'cellGcmSys' module
LDR: ! Imported function 'cellGcmSetFlipHandler' in 'cellGcmSys' module
LDR: ! Imported function 'cellGcmSetDisplayBuffer' in 'cellGcmSys' module
LDR: ! Imported function 'cellGcmSetVBlankHandler' in 'cellGcmSys' module
LDR: ! Imported function 'cellGcmSetFlipImmediate' in 'cellGcmSys' module
LDR: ! Imported function 'cellGcmSetTileInfo' in 'cellGcmSys' module
LDR: ! Imported function 'cellGcmInitDefaultFifoMode' in 'cellGcmSys' module
LDR: ! Imported function 'cellGcmUnbindTile' in 'cellGcmSys' module
LDR: ! Imported function 'cellGcmSetSecondVHandler' in 'cellGcmSys' module
LDR: ! Imported function 'cellGcmGetConfiguration' in 'cellGcmSys' module
LDR: ! Imported function 'cellGcmGetLabelAddress' in 'cellGcmSys' module
LDR: ! Imported function 'cellGcmInitSystemMode' in 'cellGcmSys' module
LDR: ! Imported function '_cellGcmInitBody' in 'cellGcmSys' module
LDR: ! Imported function '_cellGcmSetFlipCommand' in 'cellGcmSys' module
LDR: ! Imported function '_cellGcmFunc15' in 'cellGcmSys' module
LDR: ! Imported function 'cellGcmGetDefaultCommandWordSize' in 'cellGcmSys' module
LDR: ! Imported function 'cellGcmGetDefaultSegmentWordSize' in 'cellGcmSys' module
LDR: ! Imported function 'cellGcmGetControlRegister' in 'cellGcmSys' module
LDR: ! Imported function '_cellGcmSetFlipCommandWithWaitLabel' in 'cellGcmSys' module
LDR: W Unknown module 'cellSysutilAvconfExt'
LDR: ! Imported function 'cellVideoOutSetGamma' in 'cellSysutilAvconfExt' module
LDR: ! Imported function 'cellPadGetInfo2' in 'sys_io' module
LDR: ! Imported function 'cellPadSetActDirect' in 'sys_io' module
LDR: ! Imported function 'cellPadInit' in 'sys_io' module
LDR: ! Imported function 'cellKbGetConfiguration' in 'sys_io' module
LDR: ! Imported function 'cellKbClearBuf' in 'sys_io' module
LDR: ! Imported function 'cellKbGetInfo' in 'sys_io' module
LDR: ! Imported function 'cellKbInit' in 'sys_io' module
LDR: ! Imported function 'cellKbCnvRawCode' in 'sys_io' module
LDR: ! Imported function 'cellPadEnd' in 'sys_io' module
LDR: ! Imported function 'cellPadSetPortSetting' in 'sys_io' module
LDR: ! Imported function 'cellPadGetData' in 'sys_io' module
LDR: ! Imported function 'cellKbSetCodeType' in 'sys_io' module
LDR: ! Imported function 'cellKbEnd' in 'sys_io' module
LDR: ! Imported function 'cellKbSetReadMode' in 'sys_io' module
LDR: ! Imported function 'cellKbRead' in 'sys_io' module
LDR: ! Imported function 'cellFsGetFreeSize' in 'sys_fs' module
LDR: ! Imported function 'cellFsRmdir' in 'sys_fs' module
LDR: ! Imported function 'cellFsClose' in 'sys_fs' module
LDR: ! Imported function 'cellFsOpendir' in 'sys_fs' module
LDR: ! Imported function 'cellFsRead' in 'sys_fs' module
LDR: ! Imported function 'cellFsReaddir' in 'sys_fs' module
LDR: ! Imported function 'cellFsSdataOpenByFd' in 'sys_fs' module
LDR: ! Imported function 'cellFsOpen' in 'sys_fs' module
LDR: ! Imported function 'cellFsStat' in 'sys_fs' module
LDR: ! Imported function 'cellFsUnlink' in 'sys_fs' module
LDR: ! Imported function 'cellFsFsync' in 'sys_fs' module
LDR: ! Imported function 'cellFsChmod' in 'sys_fs' module
LDR: ! Imported function 'cellFsLseek' in 'sys_fs' module
LDR: ! Imported function 'cellFsSdataOpen' in 'sys_fs' module
LDR: ! Imported function 'cellFsMkdir' in 'sys_fs' module
LDR: ! Imported function 'cellFsWrite' in 'sys_fs' module
LDR: ! Imported function 'cellFsFstat' in 'sys_fs' module
LDR: ! Imported function 'cellFsRename' in 'sys_fs' module
LDR: ! Imported function 'cellFsClosedir' in 'sys_fs' module
LDR: ! Imported function 'cellAudioCreateNotifyEventQueue' in 'cellAudio' module
LDR: ! Imported function 'cellAudioInit' in 'cellAudio' module
LDR: W Unimplemented function 'cellAudioRemoveNotifyEventQueueEx' in 'cellAudio' module
LDR: ! Imported function 'cellAudioPortClose' in 'cellAudio' module
LDR: ! Imported function 'cellAudioSetPortLevel' in 'cellAudio' module
LDR: ! Imported function 'cellAudioPortStop' in 'cellAudio' module
LDR: ! Imported function 'cellAudioGetPortConfig' in 'cellAudio' module
LDR: ! Imported function 'cellAudioPortStart' in 'cellAudio' module
LDR: W Unimplemented function 'cellAudioSetNotifyEventQueueEx' in 'cellAudio' module
LDR: ! Imported function 'cellAudioQuit' in 'cellAudio' module
LDR: ! Imported function 'cellAudioPortOpen' in 'cellAudio' module
LDR: ! Imported function 'cellAudioRemoveNotifyEventQueue' in 'cellAudio' module
LDR: ! Imported function 'cellSpursAttributeSetNamePrefix' in 'cellSpurs' module
LDR: ! Imported function 'cellSpursAttributeEnableSpuPrintfIfAvailable' in 'cellSpurs' module
LDR: ! Imported function 'cellSpursGetInfo' in 'cellSpurs' module
LDR: ! Imported function 'cellSpursCreateJobChainWithAttribute' in 'cellSpurs' module
LDR: ! Imported function '_cellSpursJobChainAttributeInitialize' in 'cellSpurs' module
LDR: ! Imported function 'cellSpursDetachLv2EventQueue' in 'cellSpurs' module
LDR: ! Imported function 'cellSpursJobGuardInitialize' in 'cellSpurs' module
LDR: ! Imported function 'cellSpursShutdownJobChain' in 'cellSpurs' module
LDR: ! Imported function '_cellSpursAttributeInitialize' in 'cellSpurs' module
LDR: ! Imported function 'cellSpursJobChainAttributeSetName' in 'cellSpurs' module
LDR: ! Imported function 'cellSpursJoinJobChain' in 'cellSpurs' module
LDR: ! Imported function 'cellSpursAttributeSetSpuThreadGroupType' in 'cellSpurs' module
LDR: ! Imported function 'cellSpursInitializeWithAttribute' in 'cellSpurs' module
LDR: ! Imported function 'cellSpursAttachLv2EventQueue' in 'cellSpurs' module
LDR: ! Imported function 'cellSpursGetNumSpuThread' in 'cellSpurs' module
LDR: ! Imported function 'cellSpursFinalize' in 'cellSpurs' module
LDR: ! Imported function 'cellSpursJobGuardNotify' in 'cellSpurs' module
LDR: ! Imported function 'cellSpursRunJobChain' in 'cellSpurs' module
LDR: ! Imported function '_cellSpursLFQueueInitialize' in 'cellSpurs' module
LDR: ! Imported function '_cellSpursTasksetAttributeInitialize' in 'cellSpurs' module
LDR: ! Imported function 'cellSpursLFQueueAttachLv2EventQueue' in 'cellSpurs' module
LDR: ! Imported function 'cellSpursEventFlagDetachLv2EventQueue' in 'cellSpurs' module
LDR: ! Imported function 'cellSpursEventFlagClear' in 'cellSpurs' module
LDR: ! Imported function '_cellSpursEventFlagInitialize' in 'cellSpurs' module
LDR: ! Imported function 'cellSpursTasksetAttributeSetName' in 'cellSpurs' module
LDR: ! Imported function 'cellSpursLFQueueDetachLv2EventQueue' in 'cellSpurs' module
LDR: ! Imported function 'cellSpursEventFlagAttachLv2EventQueue' in 'cellSpurs' module
LDR: ! Imported function '_cellSpursLFQueuePushBody' in 'cellSpurs' module
LDR: ! Imported function 'cellSpursJoinTaskset' in 'cellSpurs' module
LDR: ! Imported function 'cellSpursShutdownTaskset' in 'cellSpurs' module
LDR: ! Imported function 'cellSpursCreateTask' in 'cellSpurs' module
LDR: ! Imported function 'cellSpursCreateTasksetWithAttribute' in 'cellSpurs' module
LDR: W Unknown module 'cellSearchUtility'
LDR: ! Imported function 'cellSearchGetMusicSelectionContext' in 'cellSearchUtility' module
LDR: ! Imported function 'cellSearchStartListSearch' in 'cellSearchUtility' module
LDR: ! Imported function 'cellSearchGetContentInfoByOffset' in 'cellSearchUtility' module
LDR: ! Imported function 'cellSearchStartContentSearchInList' in 'cellSearchUtility' module
LDR: ! Imported function 'cellSearchEnd' in 'cellSearchUtility' module
LDR: ! Imported function 'cellSearchGetContentInfoByContentId' in 'cellSearchUtility' module
LDR: ! Imported function 'cellSearchFinalize' in 'cellSearchUtility' module
LDR: ! Imported function 'cellSearchInitialize' in 'cellSearchUtility' module
LDR: W Unknown module 'cellMusicDecodeUtility'
LDR: ! Imported function 'cellMusicDecodeGetDecodeStatus2' in 'cellMusicDecodeUtility' module
LDR: ! Imported function 'cellMusicDecodeGetContentsId2' in 'cellMusicDecodeUtility' module
LDR: ! Imported function 'cellMusicDecodeSetDecodeCommand2' in 'cellMusicDecodeUtility' module
LDR: ! Imported function 'cellMusicDecodeSetSelectionContext2' in 'cellMusicDecodeUtility' module
LDR: ! Imported function 'cellMusicDecodeFinalize2' in 'cellMusicDecodeUtility' module
LDR: ! Imported function 'cellMusicDecodeRead2' in 'cellMusicDecodeUtility' module
LDR: ! Imported function 'cellMusicDecodeInitialize2' in 'cellMusicDecodeUtility' module
LDR: ! Imported function 'sceNpBasicGetFriendListEntry' in 'sceNp' module
LDR: ! Imported function 'sceNpManagerGetTicket' in 'sceNp' module
LDR: ! Imported function 'sceNpManagerUnregisterCallback' in 'sceNp' module
LDR: ! Imported function 'sceNpManagerGetContentRatingFlag' in 'sceNp' module
LDR: ! Imported function 'sceNpManagerRequestTicket2' in 'sceNp' module
LDR: ! Imported function 'sceNpBasicGetFriendListEntryCount' in 'sceNp' module
LDR: ! Imported function 'sceNpManagerGetAccountRegion' in 'sceNp' module
LDR: ! Imported function 'sceNpManagerRegisterCallback' in 'sceNp' module
LDR: ! Imported function 'sceNpManagerGetNpId' in 'sceNp' module
LDR: ! Imported function 'sceNpScoreGetRankingByRangeAsync' in 'sceNp' module
LDR: ! Imported function 'sceNpScoreDestroyTitleCtx' in 'sceNp' module
LDR: ! Imported function 'sceNpProfileAbortGui' in 'sceNp' module
LDR: ! Imported function 'sceNpScoreInit' in 'sceNp' module
LDR: ! Imported function 'sceNpScoreGetRankingByNpIdAsync' in 'sceNp' module
LDR: ! Imported function 'sceNpTerm' in 'sceNp' module
LDR: ! Imported function 'sceNpScoreCreateTransactionCtx' in 'sceNp' module
LDR: ! Imported function 'sceNpScoreTerm' in 'sceNp' module
LDR: ! Imported function 'sceNpScorePollAsync' in 'sceNp' module
LDR: ! Imported function 'sceNpScoreCreateTitleCtx' in 'sceNp' module
LDR: ! Imported function 'sceNpInit' in 'sceNp' module
LDR: ! Imported function 'sceNpScoreDestroyTransactionCtx' in 'sceNp' module
LDR: ! Imported function 'sceNpProfileCallGui' in 'sceNp' module
LDR: ! Imported function 'sceNpScoreAbortTransaction' in 'sceNp' module
LDR: ! Imported function 'sceNpDrmIsAvailable2' in 'sceNp' module
LDR: ! Imported function 'sceNpScoreRecordScoreAsync' in 'sceNp' module
LDR: W Unimplemented function 'sceNp2Init' in 'sceNp2' module
LDR: W Unimplemented function 'sceNp2Term' in 'sceNp2' module
LDR: W Unknown module 'sceNpTus'
LDR: ! Imported function 'sceNpTusCreateTransactionCtx' in 'sceNpTus' module
LDR: ! Imported function 'sceNpTusPollAsync' in 'sceNpTus' module
LDR: ! Imported function 'Unknown func id: 0x1e0870d1' in 'sceNpTus' module
LDR: ! Imported function 'sceNpTusTerm' in 'sceNpTus' module
LDR: ! Imported function 'sceNpTusDestroyTitleCtx' in 'sceNpTus' module
LDR: ! Imported function 'sceNpTusAbortTransaction' in 'sceNpTus' module
LDR: ! Imported function 'sceNpTusDestroyTransactionCtx' in 'sceNpTus' module
LDR: ! Imported function 'sceNpTusCreateTitleCtx' in 'sceNpTus' module
LDR: ! Imported function 'sceNpTusInit' in 'sceNpTus' module
LDR: ! Imported function 'sceNpTusWaitAsync' in 'sceNpTus' module
LDR: ! Imported function 'sceNpTrophyRegisterContext' in 'sceNpTrophy' module
LDR: ! Imported function 'sceNpTrophyCreateHandle' in 'sceNpTrophy' module
LDR: ! Imported function 'sceNpTrophyGetRequiredDiskSpace' in 'sceNpTrophy' module
LDR: ! Imported function 'sceNpTrophyDestroyContext' in 'sceNpTrophy' module
LDR: ! Imported function 'sceNpTrophyInit' in 'sceNpTrophy' module
LDR: ! Imported function 'sceNpTrophyDestroyHandle' in 'sceNpTrophy' module
LDR: ! Imported function 'sceNpTrophyUnlockTrophy' in 'sceNpTrophy' module
LDR: ! Imported function 'sceNpTrophyCreateContext' in 'sceNpTrophy' module
LDR: ! Imported function 'sceNpTrophyGetTrophyInfo' in 'sceNpTrophy' module
LDR: ! Imported function 'cellRtcGetCurrentClockLocalTime' in 'cellRtc' module
LDR: ! Imported function 'cellRtcGetCurrentClock' in 'cellRtc' module
LDR: W Unimplemented function 'socketpoll' in 'sys_net' module
LDR: ! Imported function 'sys_net_initialize_network_ex' in 'sys_net' module
LDR: W Unimplemented function 'getsockname' in 'sys_net' module
LDR: ! Imported function 'recvfrom' in 'sys_net' module
LDR: ! Imported function 'listen' in 'sys_net' module
LDR: W Unimplemented function 'socketselect' in 'sys_net' module
LDR: ! Imported function 'connect' in 'sys_net' module
LDR: ! Imported function 'socketclose' in 'sys_net' module
LDR: ! Imported function 'setsockopt' in 'sys_net' module
LDR: ! Imported function 'sendto' in 'sys_net' module
LDR: ! Imported function 'socket' in 'sys_net' module
LDR: ! Imported function 'bind' in 'sys_net' module
LDR: ! Imported function 'sys_net_finalize_network' in 'sys_net' module
LDR: ! Imported function 'accept' in 'sys_net' module
LDR: ! Imported function 'inet_addr' in 'sys_net' module
LDR: ! Imported function 'send' in 'sys_net' module
LDR: W Unimplemented function 'getpeername' in 'sys_net' module
LDR: ! Imported function 'recv' in 'sys_net' module
LDR: W Unknown module 'cellHttp'
LDR: ! Imported function 'cellHttpCreateTransaction' in 'cellHttp' module
LDR: ! Imported function 'cellHttpResponseGetStatusCode' in 'cellHttp' module
LDR: ! Imported function 'cellHttpClientSetSslCallback' in 'cellHttp' module
LDR: ! Imported function 'cellHttpClientSetRecvTimeout' in 'cellHttp' module
LDR: ! Imported function 'cellHttpInit' in 'cellHttp' module
LDR: ! Imported function 'cellHttpTransactionAbortConnection' in 'cellHttp' module
LDR: ! Imported function 'cellHttpDestroyTransaction' in 'cellHttp' module
LDR: ! Imported function 'cellHttpResponseGetContentLength' in 'cellHttp' module
LDR: ! Imported function 'cellHttpCreateClient' in 'cellHttp' module
LDR: ! Imported function 'cellHttpsInit' in 'cellHttp' module
LDR: ! Imported function 'cellHttpRequestSetHeader' in 'cellHttp' module
LDR: ! Imported function 'cellHttpRecvResponse' in 'cellHttp' module
LDR: ! Imported function 'cellHttpClientSetSendTimeout' in 'cellHttp' module
LDR: ! Imported function 'cellHttpDestroyClient' in 'cellHttp' module
LDR: ! Imported function 'cellHttpSendRequest' in 'cellHttp' module
LDR: ! Imported function 'cellHttpRequestSetContentLength' in 'cellHttp' module
LDR: ! Imported function 'cellHttpEnd' in 'cellHttp' module
LDR: ! Imported function 'cellHttpClientSetConnTimeout' in 'cellHttp' module
LDR: ! Imported function 'cellHttpsEnd' in 'cellHttp' module
LDR: W Unimplemented function 'cellSslEnd' in 'cellSsl' module
LDR: W Unimplemented function 'cellSslCertificateLoader' in 'cellSsl' module
LDR: W Unimplemented function 'cellSslInit' in 'cellSsl' module
LDR: W Unimplemented function 'cellHttpUtilParseUri' in 'cellHttpUtil' module
LDR: ! Imported function 'cellGameCreateGameData' in 'cellGame' module
LDR: ! Imported function 'cellGameContentPermit' in 'cellGame' module
LDR: ! Imported function 'cellGamePatchCheck' in 'cellGame' module
LDR: ! Imported function 'cellGameDataCheck' in 'cellGame' module
LDR: ! Imported function 'cellGameBootCheck' in 'cellGame' module
LDR: ! Imported function 'sys_lwmutex_lock' in 'sysPrxForUser' module
LDR: ! Imported function 'sys_lwmutex_unlock' in 'sysPrxForUser' module
LDR: ! Imported function 'sys_lwcond_destroy' in 'sysPrxForUser' module
LDR: ! Imported function 'sys_ppu_thread_create' in 'sysPrxForUser' module
LDR: ! Imported function 'sys_prx_load_module' in 'sysPrxForUser' module
LDR: ! Imported function 'sys_lwcond_wait' in 'sysPrxForUser' module
LDR: ! Imported function '_sys_process_atexitspawn' in 'sysPrxForUser' module
LDR: ! Imported function 'sys_lwmutex_create' in 'sysPrxForUser' module
LDR: ! Imported function 'sys_ppu_thread_get_id' in 'sysPrxForUser' module
LDR: ! Imported function 'sys_mmapper_free_memory' in 'sysPrxForUser' module
LDR: ! Imported function 'sys_prx_register_library' in 'sysPrxForUser' module
LDR: ! Imported function 'sys_mmapper_unmap_memory' in 'sysPrxForUser' module
LDR: ! Imported function 'Unknown func id: 0x4f7172c9' in 'sysPrxForUser' module
LDR: ! Imported function 'sys_lwcond_signal_to' in 'sysPrxForUser' module
LDR: ! Imported function 'sys_initialize_tls' in 'sysPrxForUser' module
LDR: ! Imported function 'sys_time_get_system_time' in 'sysPrxForUser' module
LDR: ! Imported function '_sys_process_at_Exitspawn' in 'sysPrxForUser' module
LDR: ! Imported function 'sys_prx_exitspawn_with_level' in 'sysPrxForUser' module
LDR: W Unimplemented function 'sys_prx_load_module_on_memcontainer_by_fd' in 'sysPrxForUser' module
LDR: ! Imported function 'sys_prx_load_module_on_memcontainer' in 'sysPrxForUser' module
LDR: ! Imported function 'sys_lwmutex_trylock' in 'sysPrxForUser' module
LDR: ! Imported function 'sys_ppu_thread_exit' in 'sysPrxForUser' module
LDR: ! Imported function 'sys_mmapper_allocate_memory' in 'sysPrxForUser' module
LDR: ! Imported function 'sys_lwmutex_destroy' in 'sysPrxForUser' module
LDR: ! Imported function 'sys_lwcond_create' in 'sysPrxForUser' module
LDR: ! Imported function 'sys_mmapper_map_memory' in 'sysPrxForUser' module
LDR: ! Imported function 'sys_process_exit' in 'sysPrxForUser' module
LDR: ! Imported function 'sys_lwcond_signal_all' in 'sysPrxForUser' module
LDR: W Unimplemented function 'sys_prx_load_module_by_fd' in 'sysPrxForUser' module
LDR: ! Imported function 'sys_lwcond_signal' in 'sysPrxForUser' module
HLE: W {PPU[1] Thread (CPUThread)[0x01eef058]} sys_lwmutex warning: *** lwmutex created [_lc_mtx] (attribute=0x12): sq_id = 3
HLE: W {PPU[1] Thread (CPUThread)[0x0128af8c]} sys_memory warning: sys_memory_get_user_memory_size(mem_info_addr=0xd000fc04)
HLE: W {PPU[1] Thread (CPUThread)[0x01eef058]} sys_lwmutex warning: *** lwmutex created [_lc_mtx] (attribute=0x12): sq_id = 4
HLE: W {PPU[1] Thread (CPUThread)[0x01eef058]} sys_lwmutex warning: *** lwmutex created [_lc_mtx] (attribute=0x12): sq_id = 5
HLE: W {PPU[1] Thread (CPUThread)[0x01eef058]} sys_lwmutex warning: *** lwmutex created [_lc_mtx] (attribute=0x12): sq_id = 6
HLE: W {PPU[1] Thread (CPUThread)[0x01eef058]} sys_lwmutex warning: *** lwmutex created [_lc_mtx] (attribute=0x12): sq_id = 7
HLE: W {PPU[1] Thread (CPUThread)[0x01eef058]} sys_lwmutex warning: *** lwmutex created [_lc_mtx] (attribute=0x12): sq_id = 8
HLE: W {PPU[1] Thread (CPUThread)[0x01eef058]} sys_lwmutex warning: *** lwmutex created [_lc_mtx] (attribute=0x12): sq_id = 9
HLE: W {PPU[1] Thread (CPUThread)[0x01eef058]} sys_lwmutex warning: *** lwmutex created [_lc_mtx] (attribute=0x12): sq_id = 10
HLE: W {PPU[1] Thread (CPUThread)[0x01eef058]} sys_lwmutex warning: *** lwmutex created [_lc_mtx] (attribute=0x12): sq_id = 11
HLE: W {PPU[1] Thread (CPUThread)[0x01eef058]} sys_lwmutex warning: *** lwmutex created [_lc_mtx] (attribute=0x12): sq_id = 12
HLE: W {PPU[1] Thread (CPUThread)[0x000115d4]} sys_mmapper warning: sys_mmapper_allocate_address(size=0x10000000, flags=0x400, alignment=0x0, alloc_addr=0x1db3558)
HLE: W {PPU[1] Thread (CPUThread)[0x01eef10c]} sys_mmapper warning: sys_mmapper_allocate_memory(size=0xae00000, flags=0x400, mem_id_addr=0xd000f740)
HLE: W {PPU[1] Thread (CPUThread)[0x01eef130]} sys_mmapper warning: sys_mmapper_map_memory(start_addr=0x0, mem_id=0xd, flags=0x40000)
HLE: E {PPU[1] Thread (CPUThread)[0x01eef130]} sys_mmapper error: sys_mmapper_map_memory failed!
G: E {PPU[1] Thread (CPUThread)[0x012867ec]} Exception: Access violation: addr = 0x10 (is_alive=1, last_syscall=0x0 (Unknown func id: 0x00000000))
HLE: ! All threads stopped...
MEM: ! Closing memory...
