HLE: ! path: /dev_hdd0/game/
HLE: W No pause.bin found, Auto Pause will not work.
HLE: W No pause.bin found, Auto Pause will not work.
LDR: ! Loading 'D:\Emulateurs\Rpcs3\dev_hdd0\game\BLES00219-[Condemned 2]/PS3_GAME/USRDIR/BOOT.BIN'...
LDR: !  
LDR: ! Mount info:
LDR: ! /dev_hdd0/ -> ./dev_hdd0/
LDR: ! /dev_hdd1/ -> ./dev_hdd1/
LDR: ! /dev_flash/ -> ./dev_flash/
LDR: ! /dev_usb000/ -> ./dev_usb000/
LDR: ! /dev_usb/ -> ./dev_usb000/
LDR: ! /app_home/ -> D:\Emulateurs\Rpcs3\dev_hdd0\game\BLES00219-[Condemned 2]/PS3_GAME/
LDR: ! /dev_bdvd/ -> D:\Emulateurs\Rpcs3\dev_hdd0\game\BLES00219-[Condemned 2]/PS3_GAME//../
LDR: ! /host_root/ -> 
LDR: ! /app_home/PS3_GAME/USRDIR/ -> D:\Emulateurs\Rpcs3\dev_hdd0\game\BLES00219-[Condemned 2]/PS3_GAME//USRDIR/
LDR: ! /dev_flash2/ -> ./dev_flash2/
LDR: ! /app_home/Game/PS3_GAME/USRDIR/ -> D:\Emulateurs\Rpcs3\dev_hdd0\game\BLES00219-[Condemned 2]/PS3_GAME//USRDIR/
LDR: ! //dev_hdd0/ -> ./dev_hdd0/
LDR: ! / -> D:\Emulateurs\Rpcs3\dev_hdd0\game\BLES00219-[Condemned 2]/PS3_GAME//USRDIR/
LDR: !  
LDR: ! Title: Condemned 2
LDR: ! Serial: BLES00219
LDR: !  
MEM: ! Initializing memory: m_base_addr = 0x46b180000
MEM: ! Memory initialized.
LDR: ! Imported function 'cellSpursAttributeSetNamePrefix' in 'cellSpurs' module
LDR: ! Imported function 'cellSpursTaskExitCodeGet' in 'cellSpurs' module
LDR: ! Imported function '_cellSpursTasksetAttributeInitialize' in 'cellSpurs' module
LDR: ! Imported function 'cellSpursCreateTaskWithAttribute' in 'cellSpurs' module
LDR: ! Imported function 'cellSpursEventFlagDetachLv2EventQueue' in 'cellSpurs' module
LDR: ! Imported function 'cellSpursTaskExitCodeInitialize' in 'cellSpurs' module
LDR: ! Imported function 'cellSpursEventFlagWait' in 'cellSpurs' module
LDR: ! Imported function 'cellSpursEventFlagClear' in 'cellSpurs' module
LDR: ! Imported function 'cellSpursDetachLv2EventQueue' in 'cellSpurs' module
LDR: ! Imported function '_cellSpursEventFlagInitialize' in 'cellSpurs' module
LDR: ! Imported function 'cellSpursTasksetAttributeSetName' in 'cellSpurs' module
LDR: ! Imported function 'cellSpursEventFlagTryWait' in 'cellSpurs' module
LDR: ! Imported function 'cellSpursEventFlagAttachLv2EventQueue' in 'cellSpurs' module
LDR: ! Imported function 'cellSpursTasksetAttributeSetTasksetSize' in 'cellSpurs' module
LDR: ! Imported function '_cellSpursAttributeInitialize' in 'cellSpurs' module
LDR: ! Imported function 'cellSpursJoinTaskset' in 'cellSpurs' module
LDR: ! Imported function 'cellSpursTaskAttributeSetExitCodeContainer' in 'cellSpurs' module
LDR: ! Imported function 'cellSpursShutdownTaskset' in 'cellSpurs' module
LDR: ! Imported function 'cellSpursInitializeWithAttribute' in 'cellSpurs' module
LDR: ! Imported function '_cellSpursTaskAttributeInitialize' in 'cellSpurs' module
LDR: ! Imported function 'cellSpursAttachLv2EventQueue' in 'cellSpurs' module
LDR: ! Imported function 'cellSpursCreateTasksetWithAttribute' in 'cellSpurs' module
LDR: ! Imported function 'cellSpursFinalize' in 'cellSpurs' module
LDR: ! Imported function 'cellSpursEventFlagSet' in 'cellSpurs' module
LDR: ! Imported function '_cellSpursSendSignal' in 'cellSpurs' module
LDR: ! Imported function 'cellSpursCreateTaskset' in 'cellSpurs' module
LDR: ! Imported function 'cellSpursCreateTask' in 'cellSpurs' module
LDR: ! Imported function 'cellAudioInit' in 'cellAudio' module
LDR: ! Imported function 'cellAudioPortStop' in 'cellAudio' module
LDR: ! Imported function 'cellAudioGetPortConfig' in 'cellAudio' module
LDR: ! Imported function 'cellAudioPortStart' in 'cellAudio' module
LDR: ! Imported function 'cellAudioQuit' in 'cellAudio' module
LDR: ! Imported function 'cellAudioPortOpen' in 'cellAudio' module
LDR: ! Imported function 'cellAudioPortClose' in 'cellAudio' module
LDR: ! Imported function 'cellFsClose' in 'sys_fs' module
LDR: ! Imported function 'cellFsOpendir' in 'sys_fs' module
LDR: ! Imported function 'cellFsRead' in 'sys_fs' module
LDR: ! Imported function 'cellFsReaddir' in 'sys_fs' module
LDR: ! Imported function 'cellFsOpen' in 'sys_fs' module
LDR: ! Imported function 'cellFsStat' in 'sys_fs' module
LDR: ! Imported function 'cellFsLseek' in 'sys_fs' module
LDR: ! Imported function 'cellFsMkdir' in 'sys_fs' module
LDR: ! Imported function 'cellFsWrite' in 'sys_fs' module
LDR: ! Imported function 'cellFsFstat' in 'sys_fs' module
LDR: ! Imported function 'cellFsClosedir' in 'sys_fs' module
LDR: ! Imported function 'cellFsGetFreeSize' in 'sys_fs' module
LDR: ! Imported function 'cellPadClearBuf' in 'sys_io' module
LDR: ! Imported function 'cellPadInfoPressMode' in 'sys_io' module
LDR: ! Imported function 'cellPadInit' in 'sys_io' module
LDR: ! Imported function 'cellPadGetInfo' in 'sys_io' module
LDR: ! Imported function 'cellPadEnd' in 'sys_io' module
LDR: ! Imported function 'cellPadGetData' in 'sys_io' module
LDR: ! Imported function 'cellPadGetCapabilityInfo' in 'sys_io' module
LDR: ! Imported function 'cellPadSetActDirect' in 'sys_io' module
LDR: ! Imported function 'cellPadSetPressMode' in 'sys_io' module
LDR: W Unimplemented function 'getsockname' in 'sys_net' module
LDR: ! Imported function 'recvfrom' in 'sys_net' module
LDR: W Unimplemented function 'socketselect' in 'sys_net' module
LDR: W Unimplemented function 'getsockopt' in 'sys_net' module
LDR: ! Imported function '_sys_net_errno_loc' in 'sys_net' module
LDR: ! Imported function 'connect' in 'sys_net' module
LDR: ! Imported function 'socketclose' in 'sys_net' module
LDR: W Unimplemented function 'gethostbyname' in 'sys_net' module
LDR: W Unimplemented function 'inet_ntoa' in 'sys_net' module
LDR: ! Imported function 'setsockopt' in 'sys_net' module
LDR: ! Imported function 'sendto' in 'sys_net' module
LDR: ! Imported function 'socket' in 'sys_net' module
LDR: ! Imported function 'shutdown' in 'sys_net' module
LDR: ! Imported function 'bind' in 'sys_net' module
LDR: ! Imported function 'inet_addr' in 'sys_net' module
LDR: ! Imported function 'send' in 'sys_net' module
LDR: W Unimplemented function 'gethostbyaddr' in 'sys_net' module
LDR: ! Imported function 'recv' in 'sys_net' module
LDR: ! Imported function 'sys_net_initialize_network_ex' in 'sys_net' module
LDR: ! Imported function 'listen' in 'sys_net' module
LDR: ! Imported function 'sys_net_show_ifconfig' in 'sys_net' module
LDR: ! Imported function 'sys_net_finalize_network' in 'sys_net' module
LDR: ! Imported function 'accept' in 'sys_net' module
LDR: ! Imported function 'cellNetCtlNetStartDialogLoadAsync' in 'cellNetCtl' module
LDR: ! Imported function 'cellNetCtlAddHandler' in 'cellNetCtl' module
LDR: ! Imported function 'cellNetCtlNetStartDialogUnloadAsync' in 'cellNetCtl' module
LDR: ! Imported function 'cellNetCtlGetInfo' in 'cellNetCtl' module
LDR: ! Imported function 'cellNetCtlDelHandler' in 'cellNetCtl' module
LDR: ! Imported function 'cellNetCtlTerm' in 'cellNetCtl' module
LDR: ! Imported function 'cellNetCtlGetState' in 'cellNetCtl' module
LDR: ! Imported function 'cellNetCtlInit' in 'cellNetCtl' module
LDR: ! Imported function 'cellSysutilUnregisterCallback' in 'cellSysutil' module
LDR: ! Imported function 'cellSysutilCheckCallback' in 'cellSysutil' module
LDR: ! Imported function 'cellSysutilGetSystemParamInt' in 'cellSysutil' module
LDR: ! Imported function 'cellAudioOutConfigure' in 'cellSysutil' module
LDR: ! Imported function 'cellSysutilGetSystemParamString' in 'cellSysutil' module
LDR: ! Imported function 'cellSysutilRegisterCallback' in 'cellSysutil' module
LDR: ! Imported function 'cellAudioOutGetSoundAvailability' in 'cellSysutil' module
LDR: ! Imported function 'cellGameDataCheckCreate2' in 'cellSysutil' module
LDR: W Unimplemented function 'cellDiscGameRegisterDiscChangeCallback' in 'cellSysutil' module
LDR: ! Imported function 'cellAudioOutGetState' in 'cellSysutil' module
LDR: ! Imported function 'cellVideoOutConfigure' in 'cellSysutil' module
LDR: ! Imported function 'cellSaveDataListLoad2' in 'cellSysutil' module
LDR: ! Imported function 'cellSaveDataListAutoLoad' in 'cellSysutil' module
LDR: ! Imported function 'cellSaveDataListSave2' in 'cellSysutil' module
LDR: ! Imported function 'cellSaveDataListAutoSave' in 'cellSysutil' module
LDR: ! Imported function 'cellVideoOutGetState' in 'cellSysutil' module
LDR: ! Imported function 'cellVideoOutGetResolutionAvailability' in 'cellSysutil' module
LDR: W Unimplemented function 'cellDiscGameGetBootDiscInfo' in 'cellSysutil' module
LDR: ! Imported function 'cellVideoOutGetResolution' in 'cellSysutil' module
LDR: ! Imported function 'sceNpManagerGetAccountAge' in 'sceNp' module
LDR: ! Imported function 'sceNpManagerUnregisterCallback' in 'sceNp' module
LDR: ! Imported function 'sceNpManagerGetContentRatingFlag' in 'sceNp' module
LDR: ! Imported function 'sceNpManagerGetStatus' in 'sceNp' module
LDR: ! Imported function 'sceNpDrmIsAvailable' in 'sceNp' module
LDR: ! Imported function 'sceNpManagerGetOnlineId' in 'sceNp' module
LDR: ! Imported function 'sceNpUtilCmpNpId' in 'sceNp' module
LDR: ! Imported function 'sceNpManagerRegisterCallback' in 'sceNp' module
LDR: ! Imported function 'sceNpManagerGetNpId' in 'sceNp' module
LDR: ! Imported function 'sceNpInit' in 'sceNp' module
LDR: ! Imported function 'cellSysmoduleUnloadModule' in 'cellSysmodule' module
LDR: ! Imported function 'cellSysmoduleLoadModule' in 'cellSysmodule' module
LDR: ! Imported function 'cellRtcGetCurrentClockLocalTime' in 'cellRtc' module
LDR: ! Imported function 'cellGcmGetTiledPitchSize' in 'cellGcmSys' module
LDR: ! Imported function 'cellGcmSetUserHandler' in 'cellGcmSys' module
LDR: ! Imported function '_cellGcmInitBody' in 'cellGcmSys' module
LDR: ! Imported function 'cellGcmAddressToOffset' in 'cellGcmSys' module
LDR: ! Imported function '_cellGcmFunc15' in 'cellGcmSys' module
LDR: ! Imported function 'cellGcmSetFlipMode' in 'cellGcmSys' module
LDR: ! Imported function 'cellGcmGetFlipStatus' in 'cellGcmSys' module
LDR: ! Imported function 'cellGcmSetDisplayBuffer' in 'cellGcmSys' module
LDR: ! Imported function 'cellGcmGetControlRegister' in 'cellGcmSys' module
LDR: ! Imported function 'cellGcmResetFlipStatus' in 'cellGcmSys' module
LDR: ! Imported function 'cellGcmSetTile' in 'cellGcmSys' module
LDR: ! Imported function 'cellGcmSetZcull' in 'cellGcmSys' module
LDR: ! Imported function 'cellGcmGetConfiguration' in 'cellGcmSys' module
LDR: ! Imported function 'cellGcmGetLabelAddress' in 'cellGcmSys' module
LDR: ! Imported function 'cellSyncMutexUnlock' in 'cellSync' module
LDR: ! Imported function 'cellSyncMutexInitialize' in 'cellSync' module
LDR: ! Imported function 'cellSyncMutexTryLock' in 'cellSync' module
LDR: ! Imported function 'sys_lwmutex_lock' in 'sysPrxForUser' module
LDR: ! Imported function 'sys_lwmutex_unlock' in 'sysPrxForUser' module
LDR: ! Imported function 'sys_ppu_thread_create' in 'sysPrxForUser' module
LDR: ! Imported function '_sys_process_atexitspawn' in 'sysPrxForUser' module
LDR: ! Imported function 'sys_lwmutex_create' in 'sysPrxForUser' module
LDR: ! Imported function 'sys_ppu_thread_get_id' in 'sysPrxForUser' module
LDR: ! Imported function 'sys_initialize_tls' in 'sysPrxForUser' module
LDR: ! Imported function 'sys_time_get_system_time' in 'sysPrxForUser' module
LDR: ! Imported function 'sys_prx_exitspawn_with_level' in 'sysPrxForUser' module
LDR: ! Imported function 'sys_ppu_thread_exit' in 'sysPrxForUser' module
LDR: ! Imported function 'sys_lwmutex_destroy' in 'sysPrxForUser' module
LDR: ! Imported function 'sys_spu_image_close' in 'sysPrxForUser' module
LDR: ! Imported function 'sys_process_exit' in 'sysPrxForUser' module
LDR: ! Imported function 'sys_spu_image_import' in 'sysPrxForUser' module
HLE: W {PPU[1] Thread (CPUThread)[0x0118b034]} sys_lwmutex warning: sys_lwmutex_create(lwmutex_addr=0x10123bb8, attr_addr=0x1000726c)
HLE: ! {PPU[1] Thread (CPUThread)[0x0118b034]} sys_lwmutex: *** lwmutex created [_lc_mtx] (attribute=0x12): sq_id = 3
HLE: W {PPU[1] Thread (CPUThread)[0x0118b034]} sys_lwmutex warning: sys_lwmutex_create(lwmutex_addr=0x10123b90, attr_addr=0x1000726c)
HLE: ! {PPU[1] Thread (CPUThread)[0x0118b034]} sys_lwmutex: *** lwmutex created [_lc_mtx] (attribute=0x12): sq_id = 4
HLE: W {PPU[1] Thread (CPUThread)[0x0118b034]} sys_lwmutex warning: sys_lwmutex_create(lwmutex_addr=0x10123318, attr_addr=0x1000726c)
HLE: ! {PPU[1] Thread (CPUThread)[0x0118b034]} sys_lwmutex: *** lwmutex created [_lc_mtx] (attribute=0x12): sq_id = 5
HLE: W {PPU[1] Thread (CPUThread)[0x0118b034]} sys_lwmutex warning: sys_lwmutex_create(lwmutex_addr=0x10123340, attr_addr=0x1000726c)
HLE: ! {PPU[1] Thread (CPUThread)[0x0118b034]} sys_lwmutex: *** lwmutex created [_lc_mtx] (attribute=0x12): sq_id = 6
HLE: W {PPU[1] Thread (CPUThread)[0x0118b034]} sys_lwmutex warning: sys_lwmutex_create(lwmutex_addr=0x10123368, attr_addr=0x1000726c)
HLE: ! {PPU[1] Thread (CPUThread)[0x0118b034]} sys_lwmutex: *** lwmutex created [_lc_mtx] (attribute=0x12): sq_id = 7
HLE: W {PPU[1] Thread (CPUThread)[0x0118b034]} sys_lwmutex warning: sys_lwmutex_create(lwmutex_addr=0x10123250, attr_addr=0x1000726c)
HLE: ! {PPU[1] Thread (CPUThread)[0x0118b034]} sys_lwmutex: *** lwmutex created [_lc_mtx] (attribute=0x12): sq_id = 8
HLE: W {PPU[1] Thread (CPUThread)[0x0118b034]} sys_lwmutex warning: sys_lwmutex_create(lwmutex_addr=0x101232a0, attr_addr=0x1000726c)
HLE: ! {PPU[1] Thread (CPUThread)[0x0118b034]} sys_lwmutex: *** lwmutex created [_lc_mtx] (attribute=0x12): sq_id = 9
HLE: W {PPU[1] Thread (CPUThread)[0x0118b034]} sys_lwmutex warning: sys_lwmutex_create(lwmutex_addr=0x101232c8, attr_addr=0x1000726c)
HLE: ! {PPU[1] Thread (CPUThread)[0x0118b034]} sys_lwmutex: *** lwmutex created [_lc_mtx] (attribute=0x12): sq_id = 10
HLE: W {PPU[1] Thread (CPUThread)[0x0118b034]} sys_lwmutex warning: sys_lwmutex_create(lwmutex_addr=0x101232f0, attr_addr=0x1000726c)
HLE: ! {PPU[1] Thread (CPUThread)[0x0118b034]} sys_lwmutex: *** lwmutex created [_lc_mtx] (attribute=0x12): sq_id = 11
HLE: W {PPU[1] Thread (CPUThread)[0x007ea8cc]} sys_mutex warning: *** mutex created [] (protocol=0x1, recursive=true): id = 12
HLE: W {PPU[1] Thread (CPUThread)[0x007ea8cc]} sys_mutex warning: *** mutex created [] (protocol=0x1, recursive=true): id = 13
HLE: W {PPU[1] Thread (CPUThread)[0x007ea8cc]} sys_mutex warning: *** mutex created [] (protocol=0x1, recursive=true): id = 14
HLE: W {PPU[1] Thread (CPUThread)[0x007ea8cc]} sys_mutex warning: *** mutex created [] (protocol=0x1, recursive=true): id = 15
HLE: W {PPU[1] Thread (CPUThread)[0x007ea8cc]} sys_mutex warning: *** mutex created [] (protocol=0x1, recursive=true): id = 16
HLE: W {PPU[1] Thread (CPUThread)[0x007ea8cc]} sys_mutex warning: *** mutex created [] (protocol=0x1, recursive=true): id = 17
HLE: W {PPU[1] Thread (CPUThread)[0x007ea8cc]} sys_mutex warning: *** mutex created [] (protocol=0x1, recursive=true): id = 18
HLE: W {PPU[1] Thread (CPUThread)[0x007ea8cc]} sys_mutex warning: *** mutex created [] (protocol=0x1, recursive=true): id = 19
HLE: W {PPU[1] Thread (CPUThread)[0x007ea8cc]} sys_mutex warning: *** mutex created [] (protocol=0x1, recursive=true): id = 20
HLE: W {PPU[1] Thread (CPUThread)[0x007ea8cc]} sys_mutex warning: *** mutex created [] (protocol=0x1, recursive=true): id = 21
HLE: W {PPU[1] Thread (CPUThread)[0x0118b034]} sys_lwmutex warning: sys_lwmutex_create(lwmutex_addr=0x301000e0, attr_addr=0x1000726c)
HLE: ! {PPU[1] Thread (CPUThread)[0x0118b034]} sys_lwmutex: *** lwmutex created [_lc_mtx] (attribute=0x12): sq_id = 22
HLE: W {PPU[1] Thread (CPUThread)[0x0118b034]} sys_lwmutex warning: sys_lwmutex_create(lwmutex_addr=0x30100110, attr_addr=0x1000726c)
HLE: ! {PPU[1] Thread (CPUThread)[0x0118b034]} sys_lwmutex: *** lwmutex created [_lc_mtx] (attribute=0x12): sq_id = 23
HLE: W {PPU[1] Thread (CPUThread)[0x0118b034]} sys_lwmutex warning: sys_lwmutex_create(lwmutex_addr=0x30100140, attr_addr=0x1000726c)
HLE: ! {PPU[1] Thread (CPUThread)[0x0118b034]} sys_lwmutex: *** lwmutex created [_lc_mtx] (attribute=0x12): sq_id = 24
HLE: W {PPU[1] Thread (CPUThread)[0x0118b034]} sys_lwmutex warning: sys_lwmutex_create(lwmutex_addr=0x30100170, attr_addr=0x1000726c)
HLE: ! {PPU[1] Thread (CPUThread)[0x0118b034]} sys_lwmutex: *** lwmutex created [_lc_mtx] (attribute=0x12): sq_id = 25
HLE: W {PPU[1] Thread (CPUThread)[0x0118b034]} sys_lwmutex warning: sys_lwmutex_create(lwmutex_addr=0x301001a0, attr_addr=0x1000726c)
HLE: ! {PPU[1] Thread (CPUThread)[0x0118b034]} sys_lwmutex: *** lwmutex created [_lc_mtx] (attribute=0x12): sq_id = 26
HLE: W {PPU[1] Thread (CPUThread)[0x0118b034]} sys_lwmutex warning: sys_lwmutex_create(lwmutex_addr=0x301001d0, attr_addr=0x1000726c)
HLE: ! {PPU[1] Thread (CPUThread)[0x0118b034]} sys_lwmutex: *** lwmutex created [_lc_mtx] (attribute=0x12): sq_id = 27
HLE: W {PPU[1] Thread (CPUThread)[0x0118b034]} sys_lwmutex warning: sys_lwmutex_create(lwmutex_addr=0x30100230, attr_addr=0x1000726c)
HLE: ! {PPU[1] Thread (CPUThread)[0x0118b034]} sys_lwmutex: *** lwmutex created [_lc_mtx] (attribute=0x12): sq_id = 28
HLE: W {PPU[1] Thread (CPUThread)[0x0118b034]} sys_lwmutex warning: sys_lwmutex_create(lwmutex_addr=0x30100260, attr_addr=0x1000726c)
HLE: ! {PPU[1] Thread (CPUThread)[0x0118b034]} sys_lwmutex: *** lwmutex created [_lc_mtx] (attribute=0x12): sq_id = 29
HLE: W {PPU[1] Thread (CPUThread)[0x0118b034]} sys_lwmutex warning: sys_lwmutex_create(lwmutex_addr=0x30100290, attr_addr=0x1000726c)
HLE: ! {PPU[1] Thread (CPUThread)[0x0118b034]} sys_lwmutex: *** lwmutex created [_lc_mtx] (attribute=0x12): sq_id = 30
HLE: W {PPU[1] Thread (CPUThread)[0x0118b034]} sys_lwmutex warning: sys_lwmutex_create(lwmutex_addr=0x301002c0, attr_addr=0x1000726c)
HLE: ! {PPU[1] Thread (CPUThread)[0x0118b034]} sys_lwmutex: *** lwmutex created [_lc_mtx] (attribute=0x12): sq_id = 31
HLE: W {PPU[1] Thread (CPUThread)[0x0118b034]} sys_lwmutex warning: sys_lwmutex_create(lwmutex_addr=0x301002f0, attr_addr=0x1000726c)
HLE: ! {PPU[1] Thread (CPUThread)[0x0118b034]} sys_lwmutex: *** lwmutex created [_lc_mtx] (attribute=0x12): sq_id = 32
HLE: W {PPU[1] Thread (CPUThread)[0x0118b034]} sys_lwmutex warning: sys_lwmutex_create(lwmutex_addr=0x30100320, attr_addr=0x1000726c)
HLE: ! {PPU[1] Thread (CPUThread)[0x0118b034]} sys_lwmutex: *** lwmutex created [_lc_mtx] (attribute=0x12): sq_id = 33
HLE: W {PPU[1] Thread (CPUThread)[0x007ea8cc]} sys_mutex warning: *** mutex created [] (protocol=0x1, recursive=true): id = 34
HLE: W {PPU[1] Thread (CPUThread)[0x007ea8cc]} sys_mutex warning: *** mutex created [] (protocol=0x1, recursive=true): id = 35
HLE: W {PPU[1] Thread (CPUThread)[0x007ea8cc]} sys_mutex warning: *** mutex created [] (protocol=0x1, recursive=true): id = 36
HLE: W {PPU[1] Thread (CPUThread)[0x007ea8cc]} sys_mutex warning: *** mutex created [] (protocol=0x1, recursive=true): id = 37
HLE: W {PPU[1] Thread (CPUThread)[0x007ea8cc]} sys_mutex warning: *** mutex created [] (protocol=0x1, recursive=true): id = 38
HLE: W {PPU[1] Thread (CPUThread)[0x007ea8cc]} sys_mutex warning: *** mutex created [] (protocol=0x1, recursive=true): id = 39
HLE: W {PPU[1] Thread (CPUThread)[0x007ea8cc]} sys_mutex warning: *** mutex created [] (protocol=0x1, recursive=true): id = 40
HLE: W {PPU[1] Thread (CPUThread)[0x007ea8cc]} sys_mutex warning: *** mutex created [] (protocol=0x1, recursive=true): id = 41
HLE: W {PPU[1] Thread (CPUThread)[0x007ea8cc]} sys_mutex warning: *** mutex created [] (protocol=0x1, recursive=true): id = 42
HLE: W {PPU[1] Thread (CPUThread)[0x007ea8cc]} sys_mutex warning: *** mutex created [] (protocol=0x1, recursive=true): id = 43
HLE: W {PPU[1] Thread (CPUThread)[0x007ea8cc]} sys_mutex warning: *** mutex created [] (protocol=0x1, recursive=true): id = 44
HLE: W {PPU[1] Thread (CPUThread)[0x007ea8cc]} sys_mutex warning: *** mutex created [] (protocol=0x1, recursive=true): id = 45
HLE: W {PPU[1] Thread (CPUThread)[0x007ea8cc]} sys_mutex warning: *** mutex created [] (protocol=0x1, recursive=true): id = 46
HLE: W {PPU[1] Thread (CPUThread)[0x007ea8cc]} sys_mutex warning: *** mutex created [] (protocol=0x1, recursive=true): id = 47
HLE: W {PPU[1] Thread (CPUThread)[0x007ea8cc]} sys_mutex warning: *** mutex created [] (protocol=0x1, recursive=true): id = 48
HLE: W {PPU[1] Thread (CPUThread)[0x007ea8cc]} sys_mutex warning: *** mutex created [] (protocol=0x1, recursive=true): id = 49
HLE: W {PPU[1] Thread (CPUThread)[0x007ea8cc]} sys_mutex warning: *** mutex created [] (protocol=0x1, recursive=true): id = 50
HLE: W {PPU[1] Thread (CPUThread)[0x007ea8cc]} sys_mutex warning: *** mutex created [] (protocol=0x1, recursive=true): id = 51
HLE: W {PPU[1] Thread (CPUThread)[0x007ea8cc]} sys_mutex warning: *** mutex created [] (protocol=0x1, recursive=true): id = 52
HLE: W {PPU[1] Thread (CPUThread)[0x007ea8cc]} sys_mutex warning: *** mutex created [] (protocol=0x1, recursive=true): id = 53
HLE: W {PPU[1] Thread (CPUThread)[0x007ea8cc]} sys_mutex warning: *** mutex created [] (protocol=0x1, recursive=true): id = 54
HLE: W {PPU[1] Thread (CPUThread)[0x007ea8cc]} sys_mutex warning: *** mutex created [] (protocol=0x1, recursive=true): id = 55
HLE: W {PPU[1] Thread (CPUThread)[0x007ea8cc]} sys_mutex warning: *** mutex created [] (protocol=0x1, recursive=true): id = 56
HLE: W {PPU[1] Thread (CPUThread)[0x007ea8cc]} sys_mutex warning: *** mutex created [] (protocol=0x1, recursive=true): id = 57
HLE: W {PPU[1] Thread (CPUThread)[0x007ea8cc]} sys_mutex warning: *** mutex created [] (protocol=0x1, recursive=true): id = 58
HLE: W {PPU[1] Thread (CPUThread)[0x007ea8cc]} sys_mutex warning: *** mutex created [] (protocol=0x1, recursive=true): id = 59
HLE: W {PPU[1] Thread (CPUThread)[0x007ea8cc]} sys_mutex warning: *** mutex created [] (protocol=0x1, recursive=true): id = 60
HLE: W {PPU[1] Thread (CPUThread)[0x007ea8cc]} sys_mutex warning: *** mutex created [] (protocol=0x1, recursive=true): id = 61
HLE: W {PPU[1] Thread (CPUThread)[0x007ea8cc]} sys_mutex warning: *** mutex created [] (protocol=0x1, recursive=true): id = 62
HLE: W {PPU[1] Thread (CPUThread)[0x007ea8cc]} sys_mutex warning: *** mutex created [] (protocol=0x1, recursive=true): id = 63
HLE: W {PPU[1] Thread (CPUThread)[0x007ea8cc]} sys_mutex warning: *** mutex created [] (protocol=0x1, recursive=true): id = 64
HLE: W {PPU[1] Thread (CPUThread)[0x007ea8cc]} sys_mutex warning: *** mutex created [] (protocol=0x1, recursive=true): id = 65
HLE: W {PPU[1] Thread (CPUThread)[0x007ea8cc]} sys_mutex warning: *** mutex created [] (protocol=0x1, recursive=true): id = 66
HLE: W {PPU[1] Thread (CPUThread)[0x007ea8cc]} sys_mutex warning: *** mutex created [] (protocol=0x1, recursive=true): id = 67
HLE: W {PPU[1] Thread (CPUThread)[0x007ea8cc]} sys_mutex warning: *** mutex created [] (protocol=0x1, recursive=true): id = 68
HLE: W {PPU[1] Thread (CPUThread)[0x007ea8cc]} sys_mutex warning: *** mutex created [] (protocol=0x1, recursive=true): id = 69
HLE: W {PPU[1] Thread (CPUThread)[0x007ea8cc]} sys_mutex warning: *** mutex created [] (protocol=0x1, recursive=true): id = 70
HLE: W {PPU[1] Thread (CPUThread)[0x007ea8cc]} sys_mutex warning: *** mutex created [] (protocol=0x1, recursive=true): id = 71
HLE: W {PPU[1] Thread (CPUThread)[0x007ea8cc]} sys_mutex warning: *** mutex created [] (protocol=0x1, recursive=true): id = 72
HLE: W {PPU[1] Thread (CPUThread)[0x007ea8cc]} sys_mutex warning: *** mutex created [] (protocol=0x1, recursive=true): id = 73
HLE: W {PPU[1] Thread (CPUThread)[0x007ea8cc]} sys_mutex warning: *** mutex created [] (protocol=0x1, recursive=true): id = 74
HLE: W {PPU[1] Thread (CPUThread)[0x007ea8cc]} sys_mutex warning: *** mutex created [] (protocol=0x1, recursive=true): id = 75
HLE: W {PPU[1] Thread (CPUThread)[0x007ea8cc]} sys_mutex warning: *** mutex created [] (protocol=0x1, recursive=true): id = 76
HLE: W {PPU[1] Thread (CPUThread)[0x007ea8cc]} sys_mutex warning: *** mutex created [] (protocol=0x1, recursive=true): id = 77
HLE: W {PPU[1] Thread (CPUThread)[0x007ea8cc]} sys_mutex warning: *** mutex created [] (protocol=0x1, recursive=true): id = 78
HLE: W {PPU[1] Thread (CPUThread)[0x007ea8cc]} sys_mutex warning: *** mutex created [] (protocol=0x1, recursive=true): id = 79
HLE: W {PPU[1] Thread (CPUThread)[0x007ea8cc]} sys_mutex warning: *** mutex created [] (protocol=0x1, recursive=true): id = 80
HLE: W {PPU[1] Thread (CPUThread)[0x007ea8cc]} sys_mutex warning: *** mutex created [] (protocol=0x1, recursive=true): id = 81
HLE: W {PPU[1] Thread (CPUThread)[0x007ea8cc]} sys_mutex warning: *** mutex created [] (protocol=0x1, recursive=true): id = 82
HLE: W {PPU[1] Thread (CPUThread)[0x007ea8cc]} sys_mutex warning: *** mutex created [] (protocol=0x1, recursive=true): id = 83
HLE: W {PPU[1] Thread (CPUThread)[0x007ea8cc]} sys_mutex warning: *** mutex created [] (protocol=0x1, recursive=true): id = 84
HLE: W {PPU[1] Thread (CPUThread)[0x007ea8cc]} sys_mutex warning: *** mutex created [] (protocol=0x1, recursive=true): id = 85
HLE: W {PPU[1] Thread (CPUThread)[0x007ea8cc]} sys_mutex warning: *** mutex created [] (protocol=0x1, recursive=true): id = 86
HLE: W {PPU[1] Thread (CPUThread)[0x007ea8cc]} sys_mutex warning: *** mutex created [] (protocol=0x1, recursive=true): id = 87
HLE: W {PPU[1] Thread (CPUThread)[0x007ea8cc]} sys_mutex warning: *** mutex created [] (protocol=0x1, recursive=true): id = 88
HLE: W {PPU[1] Thread (CPUThread)[0x007ea8cc]} sys_mutex warning: *** mutex created [] (protocol=0x1, recursive=true): id = 89
HLE: W {PPU[1] Thread (CPUThread)[0x007ea8cc]} sys_mutex warning: *** mutex created [] (protocol=0x1, recursive=true): id = 90
HLE: W {PPU[1] Thread (CPUThread)[0x007ea8cc]} sys_mutex warning: *** mutex created [] (protocol=0x1, recursive=true): id = 91
HLE: W {PPU[1] Thread (CPUThread)[0x007ea8cc]} sys_mutex warning: *** mutex created [] (protocol=0x1, recursive=true): id = 92
HLE: W {PPU[1] Thread (CPUThread)[0x007ea8cc]} sys_mutex warning: *** mutex created [] (protocol=0x1, recursive=true): id = 93
HLE: W {PPU[1] Thread (CPUThread)[0x007ea8cc]} sys_mutex warning: *** mutex created [] (protocol=0x1, recursive=true): id = 94
HLE: W {PPU[1] Thread (CPUThread)[0x007ea8cc]} sys_mutex warning: *** mutex created [] (protocol=0x1, recursive=true): id = 95
HLE: W {PPU[1] Thread (CPUThread)[0x007ea8cc]} sys_mutex warning: *** mutex created [] (protocol=0x1, recursive=true): id = 96
HLE: W {PPU[1] Thread (CPUThread)[0x007ea8cc]} sys_mutex warning: *** mutex created [] (protocol=0x1, recursive=true): id = 97
HLE: W {PPU[1] Thread (CPUThread)[0x007ea8cc]} sys_mutex warning: *** mutex created [] (protocol=0x1, recursive=true): id = 98
HLE: W {PPU[1] Thread (CPUThread)[0x007ea8cc]} sys_mutex warning: *** mutex created [] (protocol=0x1, recursive=true): id = 99
HLE: W {PPU[1] Thread (CPUThread)[0x007ea8cc]} sys_mutex warning: *** mutex created [] (protocol=0x1, recursive=true): id = 100
HLE: W {PPU[1] Thread (CPUThread)[0x007ea8cc]} sys_mutex warning: *** mutex created [] (protocol=0x1, recursive=true): id = 101
HLE: W {PPU[1] Thread (CPUThread)[0x007ea8cc]} sys_mutex warning: *** mutex created [] (protocol=0x1, recursive=true): id = 102
HLE: W {PPU[1] Thread (CPUThread)[0x007ea8cc]} sys_mutex warning: *** mutex created [] (protocol=0x1, recursive=true): id = 103
HLE: W {PPU[1] Thread (CPUThread)[0x007ea8cc]} sys_mutex warning: *** mutex created [] (protocol=0x1, recursive=true): id = 104
HLE: W {PPU[1] Thread (CPUThread)[0x007ea8cc]} sys_mutex warning: *** mutex created [] (protocol=0x1, recursive=true): id = 105
HLE: W {PPU[1] Thread (CPUThread)[0x007ea8cc]} sys_mutex warning: *** mutex created [] (protocol=0x1, recursive=true): id = 106
HLE: W {PPU[1] Thread (CPUThread)[0x007ea8cc]} sys_mutex warning: *** mutex created [] (protocol=0x1, recursive=true): id = 107
HLE: W {PPU[1] Thread (CPUThread)[0x007ea8cc]} sys_mutex warning: *** mutex created [] (protocol=0x1, recursive=true): id = 108
HLE: W {PPU[1] Thread (CPUThread)[0x007ea8cc]} sys_mutex warning: *** mutex created [] (protocol=0x1, recursive=true): id = 109
HLE: W {PPU[1] Thread (CPUThread)[0x007ea8cc]} sys_mutex warning: *** mutex created [] (protocol=0x1, recursive=true): id = 110
HLE: W {PPU[1] Thread (CPUThread)[0x007ea8cc]} sys_mutex warning: *** mutex created [] (protocol=0x1, recursive=true): id = 111
HLE: W {PPU[1] Thread (CPUThread)[0x007ea8cc]} sys_mutex warning: *** mutex created [] (protocol=0x1, recursive=true): id = 112
HLE: W {PPU[1] Thread (CPUThread)[0x007ea8cc]} sys_mutex warning: *** mutex created [] (protocol=0x1, recursive=true): id = 113
HLE: W {PPU[1] Thread (CPUThread)[0x007ea8cc]} sys_mutex warning: *** mutex created [] (protocol=0x1, recursive=true): id = 114
HLE: W {PPU[1] Thread (CPUThread)[0x007ea8cc]} sys_mutex warning: *** mutex created [] (protocol=0x1, recursive=true): id = 115
HLE: W {PPU[1] Thread (CPUThread)[0x007ea8cc]} sys_mutex warning: *** mutex created [] (protocol=0x1, recursive=true): id = 116
HLE: W {PPU[1] Thread (CPUThread)[0x007ea8cc]} sys_mutex warning: *** mutex created [] (protocol=0x1, recursive=true): id = 117
HLE: W {PPU[1] Thread (CPUThread)[0x007ea8cc]} sys_mutex warning: *** mutex created [] (protocol=0x1, recursive=true): id = 118
HLE: W {PPU[1] Thread (CPUThread)[0x007ea8cc]} sys_mutex warning: *** mutex created [] (protocol=0x1, recursive=true): id = 119
HLE: W {PPU[1] Thread (CPUThread)[0x007ea8cc]} sys_mutex warning: *** mutex created [] (protocol=0x1, recursive=true): id = 120
HLE: W {PPU[1] Thread (CPUThread)[0x007ea8cc]} sys_mutex warning: *** mutex created [] (protocol=0x1, recursive=true): id = 121
HLE: W {PPU[1] Thread (CPUThread)[0x007ea8cc]} sys_mutex warning: *** mutex created [] (protocol=0x1, recursive=true): id = 122
HLE: W {PPU[1] Thread (CPUThread)[0x007ea8cc]} sys_mutex warning: *** mutex created [] (protocol=0x1, recursive=true): id = 123
HLE: W {PPU[1] Thread (CPUThread)[0x007ea8cc]} sys_mutex warning: *** mutex created [] (protocol=0x1, recursive=true): id = 124
HLE: W {PPU[1] Thread (CPUThread)[0x007ea8cc]} sys_mutex warning: *** mutex created [] (protocol=0x1, recursive=true): id = 125
HLE: W {PPU[1] Thread (CPUThread)[0x007ea8cc]} sys_mutex warning: *** mutex created [] (protocol=0x1, recursive=true): id = 126
HLE: W {PPU[1] Thread (CPUThread)[0x007ea8cc]} sys_mutex warning: *** mutex created [] (protocol=0x1, recursive=true): id = 127
HLE: W {PPU[1] Thread (CPUThread)[0x007ea8cc]} sys_mutex warning: *** mutex created [] (protocol=0x1, recursive=true): id = 128
HLE: W {PPU[1] Thread (CPUThread)[0x007ea8cc]} sys_mutex warning: *** mutex created [] (protocol=0x1, recursive=true): id = 129
HLE: W {PPU[1] Thread (CPUThread)[0x007ea8cc]} sys_mutex warning: *** mutex created [] (protocol=0x1, recursive=true): id = 130
HLE: W {PPU[1] Thread (CPUThread)[0x007ea8cc]} sys_mutex warning: *** mutex created [] (protocol=0x1, recursive=true): id = 131
HLE: W {PPU[1] Thread (CPUThread)[0x007ea8cc]} sys_mutex warning: *** mutex created [] (protocol=0x1, recursive=true): id = 132
HLE: W {PPU[1] Thread (CPUThread)[0x007ea8cc]} sys_mutex warning: *** mutex created [] (protocol=0x1, recursive=true): id = 133
HLE: W {PPU[1] Thread (CPUThread)[0x007ea8cc]} sys_mutex warning: *** mutex created [] (protocol=0x1, recursive=true): id = 134
HLE: W {PPU[1] Thread (CPUThread)[0x007ea8cc]} sys_mutex warning: *** mutex created [] (protocol=0x1, recursive=true): id = 135
HLE: W {PPU[1] Thread (CPUThread)[0x007ea8cc]} sys_mutex warning: *** mutex created [] (protocol=0x1, recursive=true): id = 136
HLE: W {PPU[1] Thread (CPUThread)[0x007ea8cc]} sys_mutex warning: *** mutex created [] (protocol=0x1, recursive=true): id = 137
HLE: W {PPU[1] Thread (CPUThread)[0x007ea8cc]} sys_mutex warning: *** mutex created [] (protocol=0x1, recursive=true): id = 138
HLE: W {PPU[1] Thread (CPUThread)[0x007ea8cc]} sys_mutex warning: *** mutex created [] (protocol=0x1, recursive=true): id = 139
HLE: W {PPU[1] Thread (CPUThread)[0x007ea8cc]} sys_mutex warning: *** mutex created [] (protocol=0x1, recursive=true): id = 140
HLE: W {PPU[1] Thread (CPUThread)[0x007ea8cc]} sys_mutex warning: *** mutex created [] (protocol=0x1, recursive=true): id = 141
HLE: W {PPU[1] Thread (CPUThread)[0x007ea8cc]} sys_mutex warning: *** mutex created [] (protocol=0x1, recursive=true): id = 142
HLE: W {PPU[1] Thread (CPUThread)[0x007ea8cc]} sys_mutex warning: *** mutex created [] (protocol=0x1, recursive=true): id = 143
HLE: W {PPU[1] Thread (CPUThread)[0x007ea8cc]} sys_mutex warning: *** mutex created [] (protocol=0x1, recursive=true): id = 144
HLE: W {PPU[1] Thread (CPUThread)[0x007ea8cc]} sys_mutex warning: *** mutex created [] (protocol=0x1, recursive=true): id = 145
HLE: W {PPU[1] Thread (CPUThread)[0x007ea8cc]} sys_mutex warning: *** mutex created [] (protocol=0x1, recursive=true): id = 146
HLE: W {PPU[1] Thread (CPUThread)[0x007ea8cc]} sys_mutex warning: *** mutex created [] (protocol=0x1, recursive=true): id = 147
HLE: W {PPU[1] Thread (CPUThread)[0x007ea8cc]} sys_mutex warning: *** mutex created [] (protocol=0x1, recursive=true): id = 148
HLE: W {PPU[1] Thread (CPUThread)[0x007ea8cc]} sys_mutex warning: *** mutex created [] (protocol=0x1, recursive=true): id = 149
HLE: W {PPU[1] Thread (CPUThread)[0x007ea8cc]} sys_mutex warning: *** mutex created [] (protocol=0x1, recursive=true): id = 150
HLE: W {PPU[1] Thread (CPUThread)[0x007ea8cc]} sys_mutex warning: *** mutex created [] (protocol=0x1, recursive=true): id = 151
HLE: W {PPU[1] Thread (CPUThread)[0x007ea8cc]} sys_mutex warning: *** mutex created [] (protocol=0x1, recursive=true): id = 152
HLE: W {PPU[1] Thread (CPUThread)[0x007ea8cc]} sys_mutex warning: *** mutex created [] (protocol=0x1, recursive=true): id = 153
HLE: W {PPU[1] Thread (CPUThread)[0x007ea8cc]} sys_mutex warning: *** mutex created [] (protocol=0x1, recursive=true): id = 154
HLE: W {PPU[1] Thread (CPUThread)[0x007ea8cc]} sys_mutex warning: *** mutex created [] (protocol=0x1, recursive=true): id = 155
HLE: W {PPU[1] Thread (CPUThread)[0x007ea8cc]} sys_mutex warning: *** mutex created [] (protocol=0x1, recursive=true): id = 156
HLE: W {PPU[1] Thread (CPUThread)[0x007ea8cc]} sys_mutex warning: *** mutex created [] (protocol=0x1, recursive=true): id = 157
HLE: W {PPU[1] Thread (CPUThread)[0x007ea8cc]} sys_mutex warning: *** mutex created [] (protocol=0x1, recursive=true): id = 158
HLE: W {PPU[1] Thread (CPUThread)[0x007ea8cc]} sys_mutex warning: *** mutex created [] (protocol=0x1, recursive=true): id = 159
HLE: W {PPU[1] Thread (CPUThread)[0x007ea8cc]} sys_mutex warning: *** mutex created [] (protocol=0x1, recursive=true): id = 160
HLE: W {PPU[1] Thread (CPUThread)[0x007ea8cc]} sys_mutex warning: *** mutex created [] (protocol=0x1, recursive=true): id = 161
HLE: W {PPU[1] Thread (CPUThread)[0x007ea8cc]} sys_mutex warning: *** mutex created [] (protocol=0x1, recursive=true): id = 162
HLE: W {PPU[1] Thread (CPUThread)[0x007ea8cc]} sys_mutex warning: *** mutex created [] (protocol=0x1, recursive=true): id = 163
HLE: W {PPU[1] Thread (CPUThread)[0x007ea8cc]} sys_mutex warning: *** mutex created [] (protocol=0x1, recursive=true): id = 164
HLE: W {PPU[1] Thread (CPUThread)[0x007ea8cc]} sys_mutex warning: *** mutex created [] (protocol=0x1, recursive=true): id = 165
HLE: W {PPU[1] Thread (CPUThread)[0x007ea8cc]} sys_mutex warning: *** mutex created [] (protocol=0x1, recursive=true): id = 166
HLE: W {PPU[1] Thread (CPUThread)[0x007ea8cc]} sys_mutex warning: *** mutex created [] (protocol=0x1, recursive=true): id = 167
HLE: W {PPU[1] Thread (CPUThread)[0x007ea8cc]} sys_mutex warning: *** mutex created [] (protocol=0x1, recursive=true): id = 168
HLE: W {PPU[1] Thread (CPUThread)[0x007ea8cc]} sys_mutex warning: *** mutex created [] (protocol=0x1, recursive=true): id = 169
HLE: W {PPU[1] Thread (CPUThread)[0x007ea8cc]} sys_mutex warning: *** mutex created [] (protocol=0x1, recursive=true): id = 170
HLE: W {PPU[1] Thread (CPUThread)[0x007ea8cc]} sys_mutex warning: *** mutex created [] (protocol=0x1, recursive=true): id = 171
HLE: W {PPU[1] Thread (CPUThread)[0x007ea8cc]} sys_mutex warning: *** mutex created [] (protocol=0x1, recursive=true): id = 172
HLE: W {PPU[1] Thread (CPUThread)[0x007ea8cc]} sys_mutex warning: *** mutex created [] (protocol=0x1, recursive=true): id = 173
HLE: W {PPU[1] Thread (CPUThread)[0x007ea8cc]} sys_mutex warning: *** mutex created [] (protocol=0x1, recursive=true): id = 174
HLE: W {PPU[1] Thread (CPUThread)[0x007ea8cc]} sys_mutex warning: *** mutex created [] (protocol=0x1, recursive=true): id = 175
HLE: W {PPU[1] Thread (CPUThread)[0x007ea8cc]} sys_mutex warning: *** mutex created [] (protocol=0x1, recursive=true): id = 176
HLE: W {PPU[1] Thread (CPUThread)[0x007ea8cc]} sys_mutex warning: *** mutex created [] (protocol=0x1, recursive=true): id = 177
HLE: W {PPU[1] Thread (CPUThread)[0x007ea8cc]} sys_mutex warning: *** mutex created [] (protocol=0x1, recursive=true): id = 178
HLE: W {PPU[1] Thread (CPUThread)[0x007ea8cc]} sys_mutex warning: *** mutex created [] (protocol=0x1, recursive=true): id = 179
HLE: W {PPU[1] Thread (CPUThread)[0x007ea8cc]} sys_mutex warning: *** mutex created [] (protocol=0x1, recursive=true): id = 180
HLE: W {PPU[1] Thread (CPUThread)[0x007ea8cc]} sys_mutex warning: *** mutex created [] (protocol=0x1, recursive=true): id = 181
HLE: W {PPU[1] Thread (CPUThread)[0x007ea8cc]} sys_mutex warning: *** mutex created [] (protocol=0x1, recursive=true): id = 182
HLE: W {PPU[1] Thread (CPUThread)[0x007ea8cc]} sys_mutex warning: *** mutex created [] (protocol=0x1, recursive=true): id = 183
HLE: W {PPU[1] Thread (CPUThread)[0x007ea8cc]} sys_mutex warning: *** mutex created [] (protocol=0x1, recursive=true): id = 184
HLE: W {PPU[1] Thread (CPUThread)[0x007ea8cc]} sys_mutex warning: *** mutex created [] (protocol=0x1, recursive=true): id = 185
HLE: W {PPU[1] Thread (CPUThread)[0x007ea8cc]} sys_mutex warning: *** mutex created [] (protocol=0x1, recursive=true): id = 186
HLE: W {PPU[1] Thread (CPUThread)[0x007ea8cc]} sys_mutex warning: *** mutex created [] (protocol=0x1, recursive=true): id = 187
HLE: W {PPU[1] Thread (CPUThread)[0x007ea8cc]} sys_mutex warning: *** mutex created [] (protocol=0x1, recursive=true): id = 188
HLE: W {PPU[1] Thread (CPUThread)[0x007ea8cc]} sys_mutex warning: *** mutex created [] (protocol=0x1, recursive=true): id = 189
HLE: W {PPU[1] Thread (CPUThread)[0x007ea8cc]} sys_mutex warning: *** mutex created [] (protocol=0x1, recursive=true): id = 190
HLE: W {PPU[1] Thread (CPUThread)[0x007ea8cc]} sys_mutex warning: *** mutex created [] (protocol=0x1, recursive=true): id = 191
HLE: W {PPU[1] Thread (CPUThread)[0x007ea8cc]} sys_mutex warning: *** mutex created [] (protocol=0x1, recursive=true): id = 192
HLE: W {PPU[1] Thread (CPUThread)[0x007ea8cc]} sys_mutex warning: *** mutex created [] (protocol=0x1, recursive=true): id = 193
HLE: W {PPU[1] Thread (CPUThread)[0x007ea8cc]} sys_mutex warning: *** mutex created [] (protocol=0x1, recursive=true): id = 194
HLE: W {PPU[1] Thread (CPUThread)[0x007ea8cc]} sys_mutex warning: *** mutex created [] (protocol=0x1, recursive=true): id = 195
HLE: W {PPU[1] Thread (CPUThread)[0x007ea8cc]} sys_mutex warning: *** mutex created [] (protocol=0x1, recursive=true): id = 196
HLE: W {PPU[1] Thread (CPUThread)[0x007ea8cc]} sys_mutex warning: *** mutex created [] (protocol=0x1, recursive=true): id = 197
HLE: W {PPU[1] Thread (CPUThread)[0x007ea8cc]} sys_mutex warning: *** mutex created [] (protocol=0x1, recursive=true): id = 198
HLE: W {PPU[1] Thread (CPUThread)[0x007ea8cc]} sys_mutex warning: *** mutex created [] (protocol=0x1, recursive=true): id = 199
HLE: W {PPU[1] Thread (CPUThread)[0x007ea8cc]} sys_mutex warning: *** mutex created [] (protocol=0x1, recursive=true): id = 200
HLE: W {PPU[1] Thread (CPUThread)[0x007ea8cc]} sys_mutex warning: *** mutex created [] (protocol=0x1, recursive=true): id = 201
HLE: W {PPU[1] Thread (CPUThread)[0x007ea8cc]} sys_mutex warning: *** mutex created [] (protocol=0x1, recursive=true): id = 202
HLE: W {PPU[1] Thread (CPUThread)[0x007ea8cc]} sys_mutex warning: *** mutex created [] (protocol=0x1, recursive=true): id = 203
HLE: W {PPU[1] Thread (CPUThread)[0x007ea8cc]} sys_mutex warning: *** mutex created [] (protocol=0x1, recursive=true): id = 204
HLE: W {PPU[1] Thread (CPUThread)[0x007ea8cc]} sys_mutex warning: *** mutex created [] (protocol=0x1, recursive=true): id = 205
HLE: W {PPU[1] Thread (CPUThread)[0x007ea8cc]} sys_mutex warning: *** mutex created [] (protocol=0x1, recursive=true): id = 206
HLE: W {PPU[1] Thread (CPUThread)[0x007ea8cc]} sys_mutex warning: *** mutex created [] (protocol=0x1, recursive=true): id = 207
HLE: W {PPU[1] Thread (CPUThread)[0x007ea8cc]} sys_mutex warning: *** mutex created [] (protocol=0x1, recursive=true): id = 208
HLE: W {PPU[1] Thread (CPUThread)[0x007ea8cc]} sys_mutex warning: *** mutex created [] (protocol=0x1, recursive=true): id = 209
HLE: W {PPU[1] Thread (CPUThread)[0x007ea8cc]} sys_mutex warning: *** mutex created [] (protocol=0x1, recursive=true): id = 210
HLE: W {PPU[1] Thread (CPUThread)[0x007ea8cc]} sys_mutex warning: *** mutex created [] (protocol=0x1, recursive=true): id = 211
HLE: W {PPU[1] Thread (CPUThread)[0x007ea8cc]} sys_mutex warning: *** mutex created [] (protocol=0x1, recursive=true): id = 212
HLE: W {PPU[1] Thread (CPUThread)[0x007ea8cc]} sys_mutex warning: *** mutex created [] (protocol=0x1, recursive=true): id = 213
HLE: W {PPU[1] Thread (CPUThread)[0x007ea8cc]} sys_mutex warning: *** mutex created [] (protocol=0x1, recursive=true): id = 214
HLE: W {PPU[1] Thread (CPUThread)[0x007ea8cc]} sys_mutex warning: *** mutex created [] (protocol=0x1, recursive=true): id = 215
HLE: W {PPU[1] Thread (CPUThread)[0x007ea8cc]} sys_mutex warning: *** mutex created [] (protocol=0x1, recursive=true): id = 216
HLE: W {PPU[1] Thread (CPUThread)[0x007ea8cc]} sys_mutex warning: *** mutex created [] (protocol=0x1, recursive=true): id = 217
HLE: W {PPU[1] Thread (CPUThread)[0x007ea8cc]} sys_mutex warning: *** mutex created [] (protocol=0x1, recursive=true): id = 218
HLE: W {PPU[1] Thread (CPUThread)[0x007ea8cc]} sys_mutex warning: *** mutex created [] (protocol=0x1, recursive=true): id = 219
HLE: W {PPU[1] Thread (CPUThread)[0x007ea8cc]} sys_mutex warning: *** mutex created [] (protocol=0x1, recursive=true): id = 220
HLE: W {PPU[1] Thread (CPUThread)[0x007ea8cc]} sys_mutex warning: *** mutex created [] (protocol=0x1, recursive=true): id = 221
HLE: W {PPU[1] Thread (CPUThread)[0x007ea8cc]} sys_mutex warning: *** mutex created [] (protocol=0x1, recursive=true): id = 222
HLE: W {PPU[1] Thread (CPUThread)[0x007ea8cc]} sys_mutex warning: *** mutex created [] (protocol=0x1, recursive=true): id = 223
HLE: W {PPU[1] Thread (CPUThread)[0x007ea8cc]} sys_mutex warning: *** mutex created [] (protocol=0x1, recursive=true): id = 224
HLE: W {PPU[1] Thread (CPUThread)[0x007ea8cc]} sys_mutex warning: *** mutex created [] (protocol=0x1, recursive=true): id = 225
HLE: W {PPU[1] Thread (CPUThread)[0x007ea8cc]} sys_mutex warning: *** mutex created [] (protocol=0x1, recursive=true): id = 226
HLE: W {PPU[1] Thread (CPUThread)[0x007ea8cc]} sys_mutex warning: *** mutex created [] (protocol=0x1, recursive=true): id = 227
HLE: W {PPU[1] Thread (CPUThread)[0x007ea8cc]} sys_mutex warning: *** mutex created [] (protocol=0x1, recursive=true): id = 228
HLE: W {PPU[1] Thread (CPUThread)[0x007ea8cc]} sys_mutex warning: *** mutex created [] (protocol=0x1, recursive=true): id = 229
HLE: W {PPU[1] Thread (CPUThread)[0x007ea8cc]} sys_mutex warning: *** mutex created [] (protocol=0x1, recursive=true): id = 230
HLE: W {PPU[1] Thread (CPUThread)[0x007ea8cc]} sys_mutex warning: *** mutex created [] (protocol=0x1, recursive=true): id = 231
HLE: W {PPU[1] Thread (CPUThread)[0x007ea8cc]} sys_mutex warning: *** mutex created [] (protocol=0x1, recursive=true): id = 232
HLE: W {PPU[1] Thread (CPUThread)[0x007ea8cc]} sys_mutex warning: *** mutex created [] (protocol=0x1, recursive=true): id = 233
HLE: W {PPU[1] Thread (CPUThread)[0x007ea8cc]} sys_mutex warning: *** mutex created [] (protocol=0x1, recursive=true): id = 234
HLE: W {PPU[1] Thread (CPUThread)[0x007ea8cc]} sys_mutex warning: *** mutex created [] (protocol=0x1, recursive=true): id = 235
HLE: W {PPU[1] Thread (CPUThread)[0x007ea8cc]} sys_mutex warning: *** mutex created [] (protocol=0x1, recursive=true): id = 236
HLE: W {PPU[1] Thread (CPUThread)[0x007ea8cc]} sys_mutex warning: *** mutex created [] (protocol=0x1, recursive=true): id = 237
HLE: W {PPU[1] Thread (CPUThread)[0x007ea8cc]} sys_mutex warning: *** mutex created [] (protocol=0x1, recursive=true): id = 238
HLE: W {PPU[1] Thread (CPUThread)[0x007ea8cc]} sys_mutex warning: *** mutex created [] (protocol=0x1, recursive=true): id = 239
HLE: W {PPU[1] Thread (CPUThread)[0x007ea8cc]} sys_mutex warning: *** mutex created [] (protocol=0x1, recursive=true): id = 240
HLE: W {PPU[1] Thread (CPUThread)[0x007ea8cc]} sys_mutex warning: *** mutex created [] (protocol=0x1, recursive=true): id = 241
HLE: W {PPU[1] Thread (CPUThread)[0x007ea8cc]} sys_mutex warning: *** mutex created [] (protocol=0x1, recursive=true): id = 242
HLE: W {PPU[1] Thread (CPUThread)[0x007ea8cc]} sys_mutex warning: *** mutex created [] (protocol=0x1, recursive=true): id = 243
HLE: W {PPU[1] Thread (CPUThread)[0x007ea8cc]} sys_mutex warning: *** mutex created [] (protocol=0x1, recursive=true): id = 244
HLE: W {PPU[1] Thread (CPUThread)[0x007ea8cc]} sys_mutex warning: *** mutex created [] (protocol=0x1, recursive=true): id = 245
HLE: W {PPU[1] Thread (CPUThread)[0x007ea8cc]} sys_mutex warning: *** mutex created [] (protocol=0x1, recursive=true): id = 246
HLE: W {PPU[1] Thread (CPUThread)[0x007ea8cc]} sys_mutex warning: *** mutex created [] (protocol=0x1, recursive=true): id = 247
HLE: W {PPU[1] Thread (CPUThread)[0x007ea8cc]} sys_mutex warning: *** mutex created [] (protocol=0x1, recursive=true): id = 248
HLE: W {PPU[1] Thread (CPUThread)[0x007ea8cc]} sys_mutex warning: *** mutex created [] (protocol=0x1, recursive=true): id = 249
HLE: W {PPU[1] Thread (CPUThread)[0x007ea8cc]} sys_mutex warning: *** mutex created [] (protocol=0x1, recursive=true): id = 250
HLE: W {PPU[1] Thread (CPUThread)[0x007ea8cc]} sys_mutex warning: *** mutex created [] (protocol=0x1, recursive=true): id = 251
HLE: W {PPU[1] Thread (CPUThread)[0x007ea8cc]} sys_mutex warning: *** mutex created [] (protocol=0x1, recursive=true): id = 252
HLE: W {PPU[1] Thread (CPUThread)[0x007ea8cc]} sys_mutex warning: *** mutex created [] (protocol=0x1, recursive=true): id = 253
HLE: W {PPU[1] Thread (CPUThread)[0x007ea8cc]} sys_mutex warning: *** mutex created [] (protocol=0x1, recursive=true): id = 254
HLE: W {PPU[1] Thread (CPUThread)[0x007ea8cc]} sys_mutex warning: *** mutex created [] (protocol=0x1, recursive=true): id = 255
HLE: W {PPU[1] Thread (CPUThread)[0x007ea8cc]} sys_mutex warning: *** mutex created [] (protocol=0x1, recursive=true): id = 256
HLE: W {PPU[1] Thread (CPUThread)[0x007ea8cc]} sys_mutex warning: *** mutex created [] (protocol=0x1, recursive=true): id = 257
HLE: W {PPU[1] Thread (CPUThread)[0x007ea8cc]} sys_mutex warning: *** mutex created [] (protocol=0x1, recursive=true): id = 258
HLE: W {PPU[1] Thread (CPUThread)[0x007ea8cc]} sys_mutex warning: *** mutex created [] (protocol=0x1, recursive=true): id = 259
HLE: W {PPU[1] Thread (CPUThread)[0x007ea8cc]} sys_mutex warning: *** mutex created [] (protocol=0x1, recursive=true): id = 260
HLE: W {PPU[1] Thread (CPUThread)[0x007ea8cc]} sys_mutex warning: *** mutex created [] (protocol=0x1, recursive=true): id = 261
HLE: W {PPU[1] Thread (CPUThread)[0x007ea8cc]} sys_mutex warning: *** mutex created [] (protocol=0x1, recursive=true): id = 262
HLE: W {PPU[1] Thread (CPUThread)[0x007ea8cc]} sys_mutex warning: *** mutex created [] (protocol=0x1, recursive=true): id = 263
HLE: W {PPU[1] Thread (CPUThread)[0x007ea8cc]} sys_mutex warning: *** mutex created [] (protocol=0x1, recursive=true): id = 264
HLE: W {PPU[1] Thread (CPUThread)[0x007ea8cc]} sys_mutex warning: *** mutex created [] (protocol=0x1, recursive=true): id = 265
HLE: W {PPU[1] Thread (CPUThread)[0x007ea8cc]} sys_mutex warning: *** mutex created [] (protocol=0x1, recursive=true): id = 266
HLE: W {PPU[1] Thread (CPUThread)[0x007ea8cc]} sys_mutex warning: *** mutex created [] (protocol=0x1, recursive=true): id = 267
HLE: W {PPU[1] Thread (CPUThread)[0x007ea8cc]} sys_mutex warning: *** mutex created [] (protocol=0x1, recursive=true): id = 268
HLE: W {PPU[1] Thread (CPUThread)[0x007ea8cc]} sys_mutex warning: *** mutex created [] (protocol=0x1, recursive=true): id = 269
HLE: W {PPU[1] Thread (CPUThread)[0x007ea8cc]} sys_mutex warning: *** mutex created [] (protocol=0x1, recursive=true): id = 270
HLE: W {PPU[1] Thread (CPUThread)[0x007ea8cc]} sys_mutex warning: *** mutex created [] (protocol=0x1, recursive=true): id = 271
HLE: W {PPU[1] Thread (CPUThread)[0x007ea8cc]} sys_mutex warning: *** mutex created [] (protocol=0x1, recursive=true): id = 272
HLE: W {PPU[1] Thread (CPUThread)[0x007ea8cc]} sys_mutex warning: *** mutex created [] (protocol=0x1, recursive=true): id = 273
HLE: W {PPU[1] Thread (CPUThread)[0x007ea8cc]} sys_mutex warning: *** mutex created [] (protocol=0x1, recursive=true): id = 274
HLE: W {PPU[1] Thread (CPUThread)[0x007ea8cc]} sys_mutex warning: *** mutex created [] (protocol=0x1, recursive=true): id = 275
HLE: W {PPU[1] Thread (CPUThread)[0x007ea8cc]} sys_mutex warning: *** mutex created [] (protocol=0x1, recursive=true): id = 276
HLE: W {PPU[1] Thread (CPUThread)[0x007ea8cc]} sys_mutex warning: *** mutex created [] (protocol=0x1, recursive=true): id = 277
HLE: W {PPU[1] Thread (CPUThread)[0x007ea8cc]} sys_mutex warning: *** mutex created [] (protocol=0x1, recursive=true): id = 278
HLE: W {PPU[1] Thread (CPUThread)[0x007ea8cc]} sys_mutex warning: *** mutex created [] (protocol=0x1, recursive=true): id = 279
HLE: W {PPU[1] Thread (CPUThread)[0x007ea8cc]} sys_mutex warning: *** mutex created [] (protocol=0x1, recursive=true): id = 280
HLE: W {PPU[1] Thread (CPUThread)[0x007ea8cc]} sys_mutex warning: *** mutex created [] (protocol=0x1, recursive=true): id = 281
HLE: W {PPU[1] Thread (CPUThread)[0x007ea8cc]} sys_mutex warning: *** mutex created [] (protocol=0x1, recursive=true): id = 282
HLE: W {PPU[1] Thread (CPUThread)[0x007ea8cc]} sys_mutex warning: *** mutex created [] (protocol=0x1, recursive=true): id = 283
HLE: W {PPU[1] Thread (CPUThread)[0x007ea8cc]} sys_mutex warning: *** mutex created [] (protocol=0x1, recursive=true): id = 284
HLE: W {PPU[1] Thread (CPUThread)[0x007ea8cc]} sys_mutex warning: *** mutex created [] (protocol=0x1, recursive=true): id = 285
HLE: W {PPU[1] Thread (CPUThread)[0x007ea8cc]} sys_mutex warning: *** mutex created [] (protocol=0x1, recursive=true): id = 286
HLE: W {PPU[1] Thread (CPUThread)[0x007ea8cc]} sys_mutex warning: *** mutex created [] (protocol=0x1, recursive=true): id = 287
HLE: W {PPU[1] Thread (CPUThread)[0x007ea8cc]} sys_mutex warning: *** mutex created [] (protocol=0x1, recursive=true): id = 288
HLE: W {PPU[1] Thread (CPUThread)[0x007ea8cc]} sys_mutex warning: *** mutex created [] (protocol=0x1, recursive=true): id = 289
HLE: W {PPU[1] Thread (CPUThread)[0x007ea8cc]} sys_mutex warning: *** mutex created [] (protocol=0x1, recursive=true): id = 290
HLE: W {PPU[1] Thread (CPUThread)[0x007ea8cc]} sys_mutex warning: *** mutex created [] (protocol=0x1, recursive=true): id = 291
HLE: W {PPU[1] Thread (CPUThread)[0x007ea8cc]} sys_mutex warning: *** mutex created [] (protocol=0x1, recursive=true): id = 292
HLE: W {PPU[1] Thread (CPUThread)[0x00db42c4]} sys_mutex warning: *** mutex created [] (protocol=0x2, recursive=false): id = 293
HLE: W {PPU[1] Thread (CPUThread)[0x0118b034]} sys_lwmutex warning: sys_lwmutex_create(lwmutex_addr=0x100c1b18, attr_addr=0xd000fbb0)
HLE: ! {PPU[1] Thread (CPUThread)[0x0118b034]} sys_lwmutex: *** lwmutex created [] (attribute=0x22): sq_id = 294
HLE: W {PPU[1] Thread (CPUThread)[0x0118b034]} sys_lwmutex warning: sys_lwmutex_create(lwmutex_addr=0x100c6e98, attr_addr=0xd000fbb0)
HLE: ! {PPU[1] Thread (CPUThread)[0x0118b034]} sys_lwmutex: *** lwmutex created [] (attribute=0x22): sq_id = 295
HLE: W {PPU[1] Thread (CPUThread)[0x0118b034]} sys_lwmutex warning: sys_lwmutex_create(lwmutex_addr=0x100c6e70, attr_addr=0xd000fbf0)
HLE: ! {PPU[1] Thread (CPUThread)[0x0118b034]} sys_lwmutex: *** lwmutex created [] (attribute=0x22): sq_id = 296
HLE: W {PPU[1] Thread (CPUThread)[0x0118b034]} sys_lwmutex warning: sys_lwmutex_create(lwmutex_addr=0x100c6e48, attr_addr=0xd000fbf0)
HLE: ! {PPU[1] Thread (CPUThread)[0x0118b034]} sys_lwmutex: *** lwmutex created [] (attribute=0x22): sq_id = 297
HLE: W {PPU[1] Thread (CPUThread)[0x007ea8cc]} sys_mutex warning: *** mutex created [] (protocol=0x1, recursive=true): id = 298
HLE: W {PPU[1] Thread (CPUThread)[0x007ea8cc]} sys_mutex warning: *** mutex created [] (protocol=0x1, recursive=true): id = 299
HLE: W {PPU[1] Thread (CPUThread)[0x007ea8cc]} sys_mutex warning: *** mutex created [] (protocol=0x1, recursive=true): id = 300
HLE: W {PPU[1] Thread (CPUThread)[0x007ea8cc]} sys_mutex warning: *** mutex created [] (protocol=0x1, recursive=true): id = 301
HLE: W {PPU[1] Thread (CPUThread)[0x007ea8cc]} sys_mutex warning: *** mutex created [] (protocol=0x1, recursive=true): id = 302
HLE: W {PPU[1] Thread (CPUThread)[0x007ea8cc]} sys_mutex warning: *** mutex created [] (protocol=0x1, recursive=true): id = 303
HLE: W {PPU[1] Thread (CPUThread)[0x007ea8cc]} sys_mutex warning: *** mutex created [] (protocol=0x1, recursive=true): id = 304
HLE: W {PPU[1] Thread (CPUThread)[0x01183010]} cellSysmodule warning: cellSysmoduleLoadModule(CELL_SYSMODULE_SYSUTIL)
HLE: W {PPU[1] Thread (CPUThread)[0x01183010]} cellSysmodule warning: cellSysmoduleLoadModule(CELL_SYSMODULE_FS)
HLE: W {PPU[1] Thread (CPUThread)[0x01183010]} cellSysmodule warning: cellSysmoduleLoadModule(CELL_SYSMODULE_NET)
HLE: W {PPU[1] Thread (CPUThread)[0x01183010]} cellSysmodule warning: cellSysmoduleLoadModule(CELL_SYSMODULE_NETCTL)
HLE: W {PPU[1] Thread (CPUThread)[0x01183010]} cellSysmodule warning: cellSysmoduleLoadModule(CELL_SYSMODULE_SYSUTIL_NP)
HLE: W {PPU[1] Thread (CPUThread)[0x01183010]} cellSysmodule warning: cellSysmoduleLoadModule(CELL_SYSMODULE_GCM_SYS)
HLE: W {PPU[1] Thread (CPUThread)[0x01183010]} cellSysmodule warning: cellSysmoduleLoadModule(CELL_SYSMODULE_GCM_SYS)
HLE: W {PPU[1] Thread (CPUThread)[0x01183010]} cellSysmodule warning: cellSysmoduleLoadModule(CELL_SYSMODULE_AUDIO)
HLE: W {PPU[1] Thread (CPUThread)[0x01183010]} cellSysmodule warning: cellSysmoduleLoadModule(CELL_SYSMODULE_RESC)
HLE: W {PPU[1] Thread (CPUThread)[0x01183010]} cellSysmodule warning: cellSysmoduleLoadModule(CELL_SYSMODULE_IO)
HLE: W {PPU[1] Thread (CPUThread)[0x01183010]} cellSysmodule warning: cellSysmoduleLoadModule(CELL_SYSMODULE_SYNC)
HLE: W {PPU[1] Thread (CPUThread)[0x01183010]} cellSysmodule warning: cellSysmoduleLoadModule(CELL_SYSMODULE_SPURS)
HLE: W {PPU[1] Thread (CPUThread)[0x01183010]} cellSysmodule warning: cellSysmoduleLoadModule(CELL_SYSMODULE_RTC)
HLE: W {PPU[1] Thread (CPUThread)[0x00010838]} sys_memory warning: sys_memory_get_user_memory_size(mem_info_addr=0xd000fa50)
TTY: File location prefix is set to /dev_bdvd/PS3_GAME/USRDIR
TTY: Main init pre SPU
HLE: W {PPU[1] Thread (CPUThread)[0x0002a80c]} sys_spu warning: sys_spu_initialize(max_usable_spu=5, max_raw_spu=0)
HLE: W {PPU[1] Thread (CPUThread)[0x0107f0ac]} cellSpurs warning: _cellSpursAttributeInitialize(attr_addr=0xd000f670, revision=1, sdkVersion=0x200002, nSpus=5, spuPriority=100, ppuPriority=81, exitIfNoWork=1)
HLE: W {PPU[1] Thread (CPUThread)[0x0107f004]} cellSpurs warning: cellSpursAttributeSetNamePrefix(attr_addr=0xd000f670, prefix_addr=0x1000c488, size=4)
HLE: W {PPU[1] Thread (CPUThread)[0x0107f0dc]} cellSpurs warning: cellSpursInitializeWithAttribute(spurs_addr=0x3018c300, attr_addr=0xd000f670)
HLE: ! {PPU[1] Thread (CPUThread)[0x0107f0dc]} sys_semaphore: *** semaphore created [_spuWkl] (protocol=0x2): id = 305
HLE: ! {PPU[1] Thread (CPUThread)[0x0107f0dc]} sys_semaphore: *** semaphore created [_spuWkl] (protocol=0x2): id = 306
HLE: ! {PPU[1] Thread (CPUThread)[0x0107f0dc]} sys_semaphore: *** semaphore created [_spuWkl] (protocol=0x2): id = 307
HLE: ! {PPU[1] Thread (CPUThread)[0x0107f0dc]} sys_semaphore: *** semaphore created [_spuWkl] (protocol=0x2): id = 308
HLE: ! {PPU[1] Thread (CPUThread)[0x0107f0dc]} sys_semaphore: *** semaphore created [_spuWkl] (protocol=0x2): id = 309
HLE: ! {PPU[1] Thread (CPUThread)[0x0107f0dc]} sys_semaphore: *** semaphore created [_spuWkl] (protocol=0x2): id = 310
HLE: ! {PPU[1] Thread (CPUThread)[0x0107f0dc]} sys_semaphore: *** semaphore created [_spuWkl] (protocol=0x2): id = 311
HLE: ! {PPU[1] Thread (CPUThread)[0x0107f0dc]} sys_semaphore: *** semaphore created [_spuWkl] (protocol=0x2): id = 312
HLE: ! {PPU[1] Thread (CPUThread)[0x0107f0dc]} sys_semaphore: *** semaphore created [_spuWkl] (protocol=0x2): id = 313
HLE: ! {PPU[1] Thread (CPUThread)[0x0107f0dc]} sys_semaphore: *** semaphore created [_spuWkl] (protocol=0x2): id = 314
HLE: ! {PPU[1] Thread (CPUThread)[0x0107f0dc]} sys_semaphore: *** semaphore created [_spuWkl] (protocol=0x2): id = 315
HLE: ! {PPU[1] Thread (CPUThread)[0x0107f0dc]} sys_semaphore: *** semaphore created [_spuWkl] (protocol=0x2): id = 316
HLE: ! {PPU[1] Thread (CPUThread)[0x0107f0dc]} sys_semaphore: *** semaphore created [_spuWkl] (protocol=0x2): id = 317
HLE: ! {PPU[1] Thread (CPUThread)[0x0107f0dc]} sys_semaphore: *** semaphore created [_spuWkl] (protocol=0x2): id = 318
HLE: ! {PPU[1] Thread (CPUThread)[0x0107f0dc]} sys_semaphore: *** semaphore created [_spuWkl] (protocol=0x2): id = 319
HLE: ! {PPU[1] Thread (CPUThread)[0x0107f0dc]} sys_semaphore: *** semaphore created [_spuWkl] (protocol=0x2): id = 320
HLE: ! {PPU[1] Thread (CPUThread)[0x0107f0dc]} sys_semaphore: *** semaphore created [_spuPrv] (protocol=0x2): id = 321
HLE: ! {PPU[1] Thread (CPUThread)[0x0107f0dc]} sys_spu: *** SPU Thread Group created [lithCellSpursKernelGroup] (num=5, prio=100, type=0x0, container=0): id=322
HLE: E {PPU[1] Thread (CPUThread)[0x0107f0dc]} sys_spu TODO: Unsupported SPU Thread options (0x2)
HLE: W {PPU[1] Thread (CPUThread)[0x0107f0dc]} sys_spu warning: *** New SPU Thread [lithCellSpursKernel0] (ep=0x0, opt=0x2, a1=0x0, a2=0x0, a3=0x0, a4=0x0): id=323
HLE: E {PPU[1] Thread (CPUThread)[0x0107f0dc]} sys_spu TODO: Unsupported SPU Thread options (0x2)
HLE: W {PPU[1] Thread (CPUThread)[0x0107f0dc]} sys_spu warning: *** New SPU Thread [lithCellSpursKernel1] (ep=0x0, opt=0x2, a1=0x0, a2=0x0, a3=0x0, a4=0x0): id=324
HLE: E {PPU[1] Thread (CPUThread)[0x0107f0dc]} sys_spu TODO: Unsupported SPU Thread options (0x2)
HLE: W {PPU[1] Thread (CPUThread)[0x0107f0dc]} sys_spu warning: *** New SPU Thread [lithCellSpursKernel2] (ep=0x0, opt=0x2, a1=0x0, a2=0x0, a3=0x0, a4=0x0): id=325
HLE: E {PPU[1] Thread (CPUThread)[0x0107f0dc]} sys_spu TODO: Unsupported SPU Thread options (0x2)
HLE: W {PPU[1] Thread (CPUThread)[0x0107f0dc]} sys_spu warning: *** New SPU Thread [lithCellSpursKernel3] (ep=0x0, opt=0x2, a1=0x0, a2=0x0, a3=0x0, a4=0x0): id=326
HLE: E {PPU[1] Thread (CPUThread)[0x0107f0dc]} sys_spu TODO: Unsupported SPU Thread options (0x2)
HLE: W {PPU[1] Thread (CPUThread)[0x0107f0dc]} sys_spu warning: *** New SPU Thread [lithCellSpursKernel4] (ep=0x0, opt=0x2, a1=0x0, a2=0x0, a3=0x0, a4=0x0): id=327
HLE: ! {PPU[1] Thread (CPUThread)[0x0107f0dc]} sys_lwmutex: *** lwmutex created [_spuPrv] (attribute=0x22): sq_id = 328
HLE: W {PPU[1] Thread (CPUThread)[0x0107f0dc]} sys_lwcond warning: *** lwcond created [_spuPrv] (lwmutex_addr=0x3018d0b0): id = 329
HLE: W {PPU[1] Thread (CPUThread)[0x0107f0dc]} sys_event warning: *** event_queue created [_spuPrv] (protocol=0x1, type=0x1, key=0x0, size=0x2a): id = 330
HLE: W {PPU[1] Thread (CPUThread)[0x0107f0dc]} sys_spu warning: sys_spu_thread_group_connect_event_all_threads(id=322, eq_id=330, req=0xffffffffffff0000, spup_addr=0x3018c3c9)
HLE: W {PPU[1] Thread (CPUThread)[0x0107f0dc]} sys_spu warning: *** spup -> 16
HLE: W {PPU[1] Thread (CPUThread)[0x0107f0dc]} sys_event warning: *** sys_event_port created: id = 331
HLE: W {PPU[1] Thread (CPUThread)[0x0107f0dc]} sys_event warning: sys_event_port_connect_local(eport_id=331, equeue_id=330)
HLE: ! {PPU[1] Thread (CPUThread)[0x0107f0dc]} sys_ppu_thread: *** New PPU Thread [lithSpursHdlr0] (joinable, entry=0x0): id = 332
HLE: ! {PPU[1] Thread (CPUThread)[0x0107f0dc]} sys_ppu_thread: *** New PPU Thread [lithSpursHdlr1] (joinable, entry=0x0): id = 333
HLE: E {PPU[1] Thread (CPUThread)[0x0107f0dc]} sys_spu TODO: sys_spu_thread_group_connect_event(id=322, eq=330, et=0x2)
HLE: E {PPU[1] Thread (CPUThread)[0x0107f01c]} cellSpurs TODO: _cellSpursTasksetAttributeInitialize
HLE: E {PPU[1] Thread (CPUThread)[0x0107f07c]} cellSpurs TODO: cellSpursTasksetAttributeSetName
HLE: E {PPU[1] Thread (CPUThread)[0x0107f0a0]} cellSpurs TODO: cellSpursTasksetAttributeSetTasksetSize
HLE: E {PPU[1] Thread (CPUThread)[0x0107f100]} cellSpurs TODO: cellSpursCreateTasksetWithAttribute
HLE: E {PPU[1] Thread (CPUThread)[0x0107f0a0]} cellSpurs TODO: cellSpursTasksetAttributeSetTasksetSize
TTY: Main init post SPU
HLE: ! {PPU[1] Thread (CPUThread)[0x01177034]} sys_fs: "/dev_bdvd/PS3_GAME/USRDIR/cmdline.txt" opened: fd = 334
HLE: W {PPU[1] Thread (CPUThread)[0x01177070]} sys_fs warning: cellFsFstat(fd=334, sb_addr=0xd000f530)
HLE: W {PPU[1] Thread (CPUThread)[0x01177004]} sys_fs warning: cellFsClose(fd=334)
HLE: W {PPU[1] Thread (CPUThread)[0x0117f040]} cellSysutil warning: cellSysutilRegisterCallback(slot=3, func_addr=0x10eb9d0, userdata=0x0)
HLE: W {PPU[1] Thread (CPUThread)[0x0117b0dc]} sys_net warning: sys_net_initialize_network_ex(param_addr=0xd000f470)
HLE: W {PPU[1] Thread (CPUThread)[0x0117d058]} cellNetCtl warning: cellNetCtlInit()
HLE: W {PPU[1] Thread (CPUThread)[0x01181070]} sceNp warning: sceNpInit(mem_size=0x20000, mem_addr=0x10163008)
HLE: W {PPU[1] Thread (CPUThread)[0x00da6d2c]} sys_mutex warning: *** mutex created [] (protocol=0x2, recursive=false): id = 335
HLE: W {PPU[1] Thread (CPUThread)[0x01177010]} sys_fs warning: cellFsOpendir(path="//dev_bdvd/PS3_GAME/USRDIR/Custom/AdditionalContent/*.Arch02", fd_addr=0xd000e900)
HLE: W {PPU[1] Thread (CPUThread)[0x01177040]} sys_fs warning: cellFsStat(path="//dev_bdvd/PS3_GAME/USRDIR/default.archcfg", sb_addr=0xd000ea00)
HLE: W {PPU[1] Thread (CPUThread)[0x01177040]} sys_fs warning: cellFsStat: "//dev_bdvd/PS3_GAME/USRDIR/default.archcfg" not found.
HLE: W {PPU[1] Thread (CPUThread)[0x0001aea4]} sys_memory warning: sys_memory_container_create(cid_addr=0xd000eb20, yield_size=0x300000)
HLE: W {PPU[1] Thread (CPUThread)[0x0001aea4]} sys_memory warning: *** memory_container created(addr=0x30300000): id = 336
HLE: W {PPU[1] Thread (CPUThread)[0x0117f058]} cellGame warning: cellGameDataCheckCreate(2)(version=0x0, dirName_addr=0x1000c748, errDialog=0x1, funcStat_addr=0x10eaf00, container=336)
HLE: E {PPU[1] Thread (CPUThread)[0x0117f058]} cellGame TODO: cellGameDataCheckCreate(2)(): creating directory '/dev_hdd0/game/BLUS30115'
HLE: W {PPU[1] Thread (CPUThread)[0x0001aed8]} sys_memory warning: sys_memory_container_destroy(cid=336)
HLE: W {PPU[1] Thread (CPUThread)[0x0001a940]} sys_memory warning: sys_memory_container_create(cid_addr=0xd000eb20, yield_size=0x300000)
HLE: W {PPU[1] Thread (CPUThread)[0x0001a940]} sys_memory warning: *** memory_container created(addr=0x30300000): id = 337
HLE: W {PPU[1] Thread (CPUThread)[0x0117f058]} cellGame warning: cellGameDataCheckCreate(2)(version=0x0, dirName_addr=0x1000c748, errDialog=0x1, funcStat_addr=0x10eaf08, container=337)
HLE: E {PPU[1] Thread (CPUThread)[0x0117f058]} cellGame TODO: cellGameDataCheckCreate(2)(): creating directory '/dev_hdd0/game/BLUS30115'
HLE: W {PPU[1] Thread (CPUThread)[0x0001a974]} sys_memory warning: sys_memory_container_destroy(cid=337)
G: E {PPU[1] Thread (CPUThread)[0x00029de8]} Exception: Access violation: addr = 0x0 (is_alive=1, last_syscall=0x0 (Unknown func id: 0x00000000))
PPU: ! {PPULLVMRecompiler} Removed 4 old versions
PPU: ! {PPULLVMRecompiler} PPU LLVM compiler thread exiting.
HLE: ! All threads stopped...
MEM: ! Closing memory...
